[ 2022-08-31 13:05:22,145][train_tran.<module>] Namespace(attr_batch_size=0, basis_type='dyadic', batch_size=64, bucket_seqs=False, cuda=True, dataset='mhp-1K-10', dropout=0.0, embedding_dim=64, epochs=250, hidden_size=64, input_dir='data/input', l2_reg=0, lr=0.0008, max_mean=100, model='Tran', n_bases=7, num_workers=0, occurred_type_only=False, optimizer='Adam', output_dir='data/output', rand_seed=1, skip_eval_infectivity=False, skip_pred_next_event=False, split_id=1, steps=50, tran_head=1, tran_layer=1, tune_metric='nll', verbose=False)
[ 2022-08-31 13:05:35,150][train_tran.train_nn_models] [Training] Epoch=0, loss=36923.3398, nll=36923.3398, l2_reg=0.0000, acc=0.1224
[ 2022-08-31 13:05:35,150][train_tran.train_nn_models] [Validation] Epoch=0, nll=18724.8691, acc=0.1229
[ 2022-08-31 13:05:43,854][train_tran.train_nn_models] [Training] Epoch=1, loss=11016.0762, nll=11016.0762, l2_reg=0.0000, acc=0.1168
[ 2022-08-31 13:05:43,855][train_tran.train_nn_models] [Validation] Epoch=1, nll=4712.0176, acc=0.1071
[ 2022-08-31 13:05:52,131][train_tran.train_nn_models] [Training] Epoch=2, loss=3346.3811, nll=3346.3811, l2_reg=0.0000, acc=0.1015
[ 2022-08-31 13:05:52,131][train_tran.train_nn_models] [Validation] Epoch=2, nll=2693.7925, acc=0.1116
[ 2022-08-31 13:06:00,871][train_tran.train_nn_models] [Training] Epoch=3, loss=2670.2219, nll=2670.2219, l2_reg=0.0000, acc=0.1177
[ 2022-08-31 13:06:00,871][train_tran.train_nn_models] [Validation] Epoch=3, nll=2716.0022, acc=0.1347
[ 2022-08-31 13:06:09,876][train_tran.train_nn_models] [Training] Epoch=4, loss=2676.3264, nll=2676.3264, l2_reg=0.0000, acc=0.1621
[ 2022-08-31 13:06:09,876][train_tran.train_nn_models] [Validation] Epoch=4, nll=2653.3247, acc=0.1743
[ 2022-08-31 13:06:18,380][train_tran.train_nn_models] [Training] Epoch=5, loss=2596.0322, nll=2596.0322, l2_reg=0.0000, acc=0.1747
[ 2022-08-31 13:06:18,380][train_tran.train_nn_models] [Validation] Epoch=5, nll=2587.6497, acc=0.1738
[ 2022-08-31 13:06:27,079][train_tran.train_nn_models] [Training] Epoch=6, loss=2554.4011, nll=2554.4011, l2_reg=0.0000, acc=0.1776
[ 2022-08-31 13:06:27,080][train_tran.train_nn_models] [Validation] Epoch=6, nll=2575.1560, acc=0.1893
[ 2022-08-31 13:06:36,121][train_tran.train_nn_models] [Training] Epoch=7, loss=2545.5540, nll=2545.5540, l2_reg=0.0000, acc=0.1898
[ 2022-08-31 13:06:36,121][train_tran.train_nn_models] [Validation] Epoch=7, nll=2568.7920, acc=0.1905
[ 2022-08-31 13:06:44,744][train_tran.train_nn_models] [Training] Epoch=8, loss=2540.2139, nll=2540.2139, l2_reg=0.0000, acc=0.1906
[ 2022-08-31 13:06:44,744][train_tran.train_nn_models] [Validation] Epoch=8, nll=2564.5876, acc=0.1902
[ 2022-08-31 13:06:52,899][train_tran.train_nn_models] [Training] Epoch=9, loss=2537.1213, nll=2537.1213, l2_reg=0.0000, acc=0.1897
[ 2022-08-31 13:06:52,900][train_tran.train_nn_models] [Validation] Epoch=9, nll=2561.9294, acc=0.1884
[ 2022-08-31 13:07:01,244][train_tran.train_nn_models] [Training] Epoch=10, loss=2534.6799, nll=2534.6799, l2_reg=0.0000, acc=0.1896
[ 2022-08-31 13:07:01,245][train_tran.train_nn_models] [Validation] Epoch=10, nll=2559.7507, acc=0.1882
[ 2022-08-31 13:07:09,349][train_tran.train_nn_models] [Training] Epoch=11, loss=2532.5876, nll=2532.5876, l2_reg=0.0000, acc=0.1901
[ 2022-08-31 13:07:09,350][train_tran.train_nn_models] [Validation] Epoch=11, nll=2557.8298, acc=0.1894
[ 2022-08-31 13:07:17,941][train_tran.train_nn_models] [Training] Epoch=12, loss=2530.7876, nll=2530.7876, l2_reg=0.0000, acc=0.1909
[ 2022-08-31 13:07:17,941][train_tran.train_nn_models] [Validation] Epoch=12, nll=2556.0679, acc=0.1897
[ 2022-08-31 13:07:26,099][train_tran.train_nn_models] [Training] Epoch=13, loss=2529.1724, nll=2529.1724, l2_reg=0.0000, acc=0.1909
[ 2022-08-31 13:07:26,099][train_tran.train_nn_models] [Validation] Epoch=13, nll=2554.5002, acc=0.1896
[ 2022-08-31 13:07:34,821][train_tran.train_nn_models] [Training] Epoch=14, loss=2527.6956, nll=2527.6956, l2_reg=0.0000, acc=0.1912
[ 2022-08-31 13:07:34,822][train_tran.train_nn_models] [Validation] Epoch=14, nll=2553.0747, acc=0.1897
[ 2022-08-31 13:07:43,383][train_tran.train_nn_models] [Training] Epoch=15, loss=2526.3406, nll=2526.3406, l2_reg=0.0000, acc=0.1916
[ 2022-08-31 13:07:43,384][train_tran.train_nn_models] [Validation] Epoch=15, nll=2551.8003, acc=0.1905
[ 2022-08-31 13:07:52,233][train_tran.train_nn_models] [Training] Epoch=16, loss=2525.1682, nll=2525.1682, l2_reg=0.0000, acc=0.1917
[ 2022-08-31 13:07:52,234][train_tran.train_nn_models] [Validation] Epoch=16, nll=2550.6777, acc=0.1906
[ 2022-08-31 13:08:00,553][train_tran.train_nn_models] [Training] Epoch=17, loss=2524.1240, nll=2524.1240, l2_reg=0.0000, acc=0.1916
[ 2022-08-31 13:08:00,553][train_tran.train_nn_models] [Validation] Epoch=17, nll=2549.6655, acc=0.1907
[ 2022-08-31 13:08:09,499][train_tran.train_nn_models] [Training] Epoch=18, loss=2523.1570, nll=2523.1570, l2_reg=0.0000, acc=0.1919
[ 2022-08-31 13:08:09,500][train_tran.train_nn_models] [Validation] Epoch=18, nll=2548.7314, acc=0.1911
[ 2022-08-31 13:08:18,119][train_tran.train_nn_models] [Training] Epoch=19, loss=2522.2397, nll=2522.2397, l2_reg=0.0000, acc=0.1924
[ 2022-08-31 13:08:18,119][train_tran.train_nn_models] [Validation] Epoch=19, nll=2547.8459, acc=0.1917
[ 2022-08-31 13:08:25,972][train_tran.train_nn_models] [Training] Epoch=20, loss=2521.3596, nll=2521.3596, l2_reg=0.0000, acc=0.1924
[ 2022-08-31 13:08:25,972][train_tran.train_nn_models] [Validation] Epoch=20, nll=2547.0015, acc=0.1924
[ 2022-08-31 13:08:34,483][train_tran.train_nn_models] [Training] Epoch=21, loss=2520.5139, nll=2520.5139, l2_reg=0.0000, acc=0.1927
[ 2022-08-31 13:08:34,483][train_tran.train_nn_models] [Validation] Epoch=21, nll=2546.1946, acc=0.1924
[ 2022-08-31 13:08:43,344][train_tran.train_nn_models] [Training] Epoch=22, loss=2519.7009, nll=2519.7009, l2_reg=0.0000, acc=0.1930
[ 2022-08-31 13:08:43,344][train_tran.train_nn_models] [Validation] Epoch=22, nll=2545.4158, acc=0.1926
[ 2022-08-31 13:08:51,660][train_tran.train_nn_models] [Training] Epoch=23, loss=2518.9143, nll=2518.9143, l2_reg=0.0000, acc=0.1932
[ 2022-08-31 13:08:51,665][train_tran.train_nn_models] [Validation] Epoch=23, nll=2544.6609, acc=0.1931
[ 2022-08-31 13:09:00,272][train_tran.train_nn_models] [Training] Epoch=24, loss=2518.1528, nll=2518.1528, l2_reg=0.0000, acc=0.1935
[ 2022-08-31 13:09:00,273][train_tran.train_nn_models] [Validation] Epoch=24, nll=2543.9329, acc=0.1930
[ 2022-08-31 13:09:08,794][train_tran.train_nn_models] [Training] Epoch=25, loss=2517.4187, nll=2517.4187, l2_reg=0.0000, acc=0.1936
[ 2022-08-31 13:09:08,795][train_tran.train_nn_models] [Validation] Epoch=25, nll=2543.2283, acc=0.1933
[ 2022-08-31 13:09:17,258][train_tran.train_nn_models] [Training] Epoch=26, loss=2516.7119, nll=2516.7119, l2_reg=0.0000, acc=0.1936
[ 2022-08-31 13:09:17,258][train_tran.train_nn_models] [Validation] Epoch=26, nll=2542.5422, acc=0.1937
[ 2022-08-31 13:09:26,156][train_tran.train_nn_models] [Training] Epoch=27, loss=2516.0295, nll=2516.0295, l2_reg=0.0000, acc=0.1938
[ 2022-08-31 13:09:26,157][train_tran.train_nn_models] [Validation] Epoch=27, nll=2541.8701, acc=0.1939
[ 2022-08-31 13:09:34,882][train_tran.train_nn_models] [Training] Epoch=28, loss=2515.3679, nll=2515.3679, l2_reg=0.0000, acc=0.1939
[ 2022-08-31 13:09:34,883][train_tran.train_nn_models] [Validation] Epoch=28, nll=2541.2129, acc=0.1942
[ 2022-08-31 13:09:43,656][train_tran.train_nn_models] [Training] Epoch=29, loss=2514.7283, nll=2514.7283, l2_reg=0.0000, acc=0.1939
[ 2022-08-31 13:09:43,656][train_tran.train_nn_models] [Validation] Epoch=29, nll=2540.5715, acc=0.1945
[ 2022-08-31 13:09:52,134][train_tran.train_nn_models] [Training] Epoch=30, loss=2514.1118, nll=2514.1118, l2_reg=0.0000, acc=0.1940
[ 2022-08-31 13:09:52,135][train_tran.train_nn_models] [Validation] Epoch=30, nll=2539.9480, acc=0.1946
[ 2022-08-31 13:10:00,699][train_tran.train_nn_models] [Training] Epoch=31, loss=2513.5190, nll=2513.5190, l2_reg=0.0000, acc=0.1941
[ 2022-08-31 13:10:00,699][train_tran.train_nn_models] [Validation] Epoch=31, nll=2539.3438, acc=0.1944
[ 2022-08-31 13:10:08,894][train_tran.train_nn_models] [Training] Epoch=32, loss=2512.9504, nll=2512.9504, l2_reg=0.0000, acc=0.1941
[ 2022-08-31 13:10:08,895][train_tran.train_nn_models] [Validation] Epoch=32, nll=2538.7615, acc=0.1945
[ 2022-08-31 13:10:17,350][train_tran.train_nn_models] [Training] Epoch=33, loss=2512.4045, nll=2512.4045, l2_reg=0.0000, acc=0.1940
[ 2022-08-31 13:10:17,350][train_tran.train_nn_models] [Validation] Epoch=33, nll=2538.2017, acc=0.1944
[ 2022-08-31 13:10:25,501][train_tran.train_nn_models] [Training] Epoch=34, loss=2511.8796, nll=2511.8796, l2_reg=0.0000, acc=0.1941
[ 2022-08-31 13:10:25,501][train_tran.train_nn_models] [Validation] Epoch=34, nll=2537.6643, acc=0.1944
[ 2022-08-31 13:10:33,861][train_tran.train_nn_models] [Training] Epoch=35, loss=2511.3704, nll=2511.3704, l2_reg=0.0000, acc=0.1942
[ 2022-08-31 13:10:33,861][train_tran.train_nn_models] [Validation] Epoch=35, nll=2537.1477, acc=0.1947
[ 2022-08-31 13:10:42,434][train_tran.train_nn_models] [Training] Epoch=36, loss=2510.8733, nll=2510.8733, l2_reg=0.0000, acc=0.1942
[ 2022-08-31 13:10:42,434][train_tran.train_nn_models] [Validation] Epoch=36, nll=2536.6453, acc=0.1947
[ 2022-08-31 13:10:50,760][train_tran.train_nn_models] [Training] Epoch=37, loss=2510.3818, nll=2510.3818, l2_reg=0.0000, acc=0.1945
[ 2022-08-31 13:10:50,760][train_tran.train_nn_models] [Validation] Epoch=37, nll=2536.1577, acc=0.1949
[ 2022-08-31 13:10:58,699][train_tran.train_nn_models] [Training] Epoch=38, loss=2509.9043, nll=2509.9043, l2_reg=0.0000, acc=0.1947
[ 2022-08-31 13:10:58,699][train_tran.train_nn_models] [Validation] Epoch=38, nll=2535.6816, acc=0.1950
[ 2022-08-31 13:11:06,908][train_tran.train_nn_models] [Training] Epoch=39, loss=2509.4211, nll=2509.4211, l2_reg=0.0000, acc=0.1948
[ 2022-08-31 13:11:06,909][train_tran.train_nn_models] [Validation] Epoch=39, nll=2535.2041, acc=0.1947
[ 2022-08-31 13:11:15,614][train_tran.train_nn_models] [Training] Epoch=40, loss=2508.9260, nll=2508.9260, l2_reg=0.0000, acc=0.1950
[ 2022-08-31 13:11:15,615][train_tran.train_nn_models] [Validation] Epoch=40, nll=2534.7241, acc=0.1950
[ 2022-08-31 13:11:24,209][train_tran.train_nn_models] [Training] Epoch=41, loss=2508.4312, nll=2508.4312, l2_reg=0.0000, acc=0.1950
[ 2022-08-31 13:11:24,210][train_tran.train_nn_models] [Validation] Epoch=41, nll=2534.2400, acc=0.1949
[ 2022-08-31 13:11:32,323][train_tran.train_nn_models] [Training] Epoch=42, loss=2507.9250, nll=2507.9250, l2_reg=0.0000, acc=0.1953
[ 2022-08-31 13:11:32,324][train_tran.train_nn_models] [Validation] Epoch=42, nll=2533.7520, acc=0.1949
[ 2022-08-31 13:11:40,671][train_tran.train_nn_models] [Training] Epoch=43, loss=2507.4136, nll=2507.4136, l2_reg=0.0000, acc=0.1956
[ 2022-08-31 13:11:40,671][train_tran.train_nn_models] [Validation] Epoch=43, nll=2533.2585, acc=0.1950
[ 2022-08-31 13:11:48,854][train_tran.train_nn_models] [Training] Epoch=44, loss=2506.8872, nll=2506.8872, l2_reg=0.0000, acc=0.1956
[ 2022-08-31 13:11:48,854][train_tran.train_nn_models] [Validation] Epoch=44, nll=2532.7498, acc=0.1955
[ 2022-08-31 13:11:57,350][train_tran.train_nn_models] [Training] Epoch=45, loss=2506.3457, nll=2506.3457, l2_reg=0.0000, acc=0.1960
[ 2022-08-31 13:11:57,350][train_tran.train_nn_models] [Validation] Epoch=45, nll=2532.2246, acc=0.1960
[ 2022-08-31 13:12:06,080][train_tran.train_nn_models] [Training] Epoch=46, loss=2505.7896, nll=2505.7896, l2_reg=0.0000, acc=0.1966
[ 2022-08-31 13:12:06,081][train_tran.train_nn_models] [Validation] Epoch=46, nll=2531.6882, acc=0.1968
[ 2022-08-31 13:12:14,087][train_tran.train_nn_models] [Training] Epoch=47, loss=2505.2202, nll=2505.2202, l2_reg=0.0000, acc=0.1971
[ 2022-08-31 13:12:14,088][train_tran.train_nn_models] [Validation] Epoch=47, nll=2531.1355, acc=0.1969
[ 2022-08-31 13:12:22,503][train_tran.train_nn_models] [Training] Epoch=48, loss=2504.6392, nll=2504.6392, l2_reg=0.0000, acc=0.1975
[ 2022-08-31 13:12:22,504][train_tran.train_nn_models] [Validation] Epoch=48, nll=2530.5750, acc=0.1973
[ 2022-08-31 13:12:30,512][train_tran.train_nn_models] [Training] Epoch=49, loss=2504.0493, nll=2504.0493, l2_reg=0.0000, acc=0.1981
[ 2022-08-31 13:12:30,512][train_tran.train_nn_models] [Validation] Epoch=49, nll=2530.0046, acc=0.1975
[ 2022-08-31 13:12:38,941][train_tran.train_nn_models] [Training] Epoch=50, loss=2503.4529, nll=2503.4529, l2_reg=0.0000, acc=0.1985
[ 2022-08-31 13:12:38,942][train_tran.train_nn_models] [Validation] Epoch=50, nll=2529.4265, acc=0.1975
[ 2022-08-31 13:12:47,392][train_tran.train_nn_models] [Training] Epoch=51, loss=2502.8540, nll=2502.8540, l2_reg=0.0000, acc=0.1990
[ 2022-08-31 13:12:47,393][train_tran.train_nn_models] [Validation] Epoch=51, nll=2528.8469, acc=0.1976
[ 2022-08-31 13:12:55,218][train_tran.train_nn_models] [Training] Epoch=52, loss=2502.2556, nll=2502.2556, l2_reg=0.0000, acc=0.1993
[ 2022-08-31 13:12:55,219][train_tran.train_nn_models] [Validation] Epoch=52, nll=2528.2686, acc=0.1979
[ 2022-08-31 13:13:02,778][train_tran.train_nn_models] [Training] Epoch=53, loss=2501.6614, nll=2501.6614, l2_reg=0.0000, acc=0.1998
[ 2022-08-31 13:13:02,778][train_tran.train_nn_models] [Validation] Epoch=53, nll=2527.6941, acc=0.1979
[ 2022-08-31 13:13:10,810][train_tran.train_nn_models] [Training] Epoch=54, loss=2501.0752, nll=2501.0752, l2_reg=0.0000, acc=0.2003
[ 2022-08-31 13:13:10,810][train_tran.train_nn_models] [Validation] Epoch=54, nll=2527.1309, acc=0.1983
[ 2022-08-31 13:13:18,739][train_tran.train_nn_models] [Training] Epoch=55, loss=2500.5002, nll=2500.5002, l2_reg=0.0000, acc=0.2005
[ 2022-08-31 13:13:18,739][train_tran.train_nn_models] [Validation] Epoch=55, nll=2526.6516, acc=0.1984
[ 2022-08-31 13:13:26,742][train_tran.train_nn_models] [Training] Epoch=56, loss=2499.9473, nll=2499.9473, l2_reg=0.0000, acc=0.2010
[ 2022-08-31 13:13:26,742][train_tran.train_nn_models] [Validation] Epoch=56, nll=2526.1335, acc=0.1989
[ 2022-08-31 13:13:34,957][train_tran.train_nn_models] [Training] Epoch=57, loss=2499.4053, nll=2499.4053, l2_reg=0.0000, acc=0.2014
[ 2022-08-31 13:13:34,957][train_tran.train_nn_models] [Validation] Epoch=57, nll=2525.5361, acc=0.1996
[ 2022-08-31 13:13:43,602][train_tran.train_nn_models] [Training] Epoch=58, loss=2498.8794, nll=2498.8794, l2_reg=0.0000, acc=0.2016
[ 2022-08-31 13:13:43,603][train_tran.train_nn_models] [Validation] Epoch=58, nll=2525.0969, acc=0.2004
[ 2022-08-31 13:13:51,537][train_tran.train_nn_models] [Training] Epoch=59, loss=2498.3657, nll=2498.3657, l2_reg=0.0000, acc=0.2018
[ 2022-08-31 13:13:51,537][train_tran.train_nn_models] [Validation] Epoch=59, nll=2524.6172, acc=0.2005
[ 2022-08-31 13:13:59,480][train_tran.train_nn_models] [Training] Epoch=60, loss=2497.8650, nll=2497.8650, l2_reg=0.0000, acc=0.2020
[ 2022-08-31 13:13:59,480][train_tran.train_nn_models] [Validation] Epoch=60, nll=2524.0986, acc=0.2005
[ 2022-08-31 13:14:07,682][train_tran.train_nn_models] [Training] Epoch=61, loss=2497.3792, nll=2497.3792, l2_reg=0.0000, acc=0.2024
[ 2022-08-31 13:14:07,682][train_tran.train_nn_models] [Validation] Epoch=61, nll=2523.6760, acc=0.2008
[ 2022-08-31 13:14:15,597][train_tran.train_nn_models] [Training] Epoch=62, loss=2496.8992, nll=2496.8992, l2_reg=0.0000, acc=0.2027
[ 2022-08-31 13:14:15,597][train_tran.train_nn_models] [Validation] Epoch=62, nll=2523.2061, acc=0.2013
[ 2022-08-31 13:14:23,967][train_tran.train_nn_models] [Training] Epoch=63, loss=2496.4226, nll=2496.4226, l2_reg=0.0000, acc=0.2031
[ 2022-08-31 13:14:23,967][train_tran.train_nn_models] [Validation] Epoch=63, nll=2522.7659, acc=0.2019
[ 2022-08-31 13:14:32,383][train_tran.train_nn_models] [Training] Epoch=64, loss=2495.9475, nll=2495.9475, l2_reg=0.0000, acc=0.2036
[ 2022-08-31 13:14:32,384][train_tran.train_nn_models] [Validation] Epoch=64, nll=2522.3267, acc=0.2025
[ 2022-08-31 13:14:41,031][train_tran.train_nn_models] [Training] Epoch=65, loss=2495.4736, nll=2495.4736, l2_reg=0.0000, acc=0.2039
[ 2022-08-31 13:14:41,031][train_tran.train_nn_models] [Validation] Epoch=65, nll=2521.8877, acc=0.2033
[ 2022-08-31 13:14:49,242][train_tran.train_nn_models] [Training] Epoch=66, loss=2494.9985, nll=2494.9985, l2_reg=0.0000, acc=0.2043
[ 2022-08-31 13:14:49,243][train_tran.train_nn_models] [Validation] Epoch=66, nll=2521.4377, acc=0.2036
[ 2022-08-31 13:14:58,067][train_tran.train_nn_models] [Training] Epoch=67, loss=2494.5195, nll=2494.5195, l2_reg=0.0000, acc=0.2047
[ 2022-08-31 13:14:58,068][train_tran.train_nn_models] [Validation] Epoch=67, nll=2520.9895, acc=0.2036
[ 2022-08-31 13:15:06,847][train_tran.train_nn_models] [Training] Epoch=68, loss=2494.0586, nll=2494.0586, l2_reg=0.0000, acc=0.2048
[ 2022-08-31 13:15:06,848][train_tran.train_nn_models] [Validation] Epoch=68, nll=2520.5859, acc=0.2041
[ 2022-08-31 13:15:14,773][train_tran.train_nn_models] [Training] Epoch=69, loss=2493.5942, nll=2493.5942, l2_reg=0.0000, acc=0.2052
[ 2022-08-31 13:15:14,773][train_tran.train_nn_models] [Validation] Epoch=69, nll=2520.1440, acc=0.2040
[ 2022-08-31 13:15:22,918][train_tran.train_nn_models] [Training] Epoch=70, loss=2493.1272, nll=2493.1272, l2_reg=0.0000, acc=0.2054
[ 2022-08-31 13:15:22,918][train_tran.train_nn_models] [Validation] Epoch=70, nll=2519.7708, acc=0.2042
[ 2022-08-31 13:15:30,527][train_tran.train_nn_models] [Training] Epoch=71, loss=2492.6484, nll=2492.6484, l2_reg=0.0000, acc=0.2058
[ 2022-08-31 13:15:30,527][train_tran.train_nn_models] [Validation] Epoch=71, nll=2519.1819, acc=0.2046
[ 2022-08-31 13:15:38,405][train_tran.train_nn_models] [Training] Epoch=72, loss=2492.1614, nll=2492.1614, l2_reg=0.0000, acc=0.2062
[ 2022-08-31 13:15:38,406][train_tran.train_nn_models] [Validation] Epoch=72, nll=2518.7563, acc=0.2048
[ 2022-08-31 13:15:46,221][train_tran.train_nn_models] [Training] Epoch=73, loss=2491.6516, nll=2491.6516, l2_reg=0.0000, acc=0.2066
[ 2022-08-31 13:15:46,222][train_tran.train_nn_models] [Validation] Epoch=73, nll=2518.2009, acc=0.2052
[ 2022-08-31 13:15:54,046][train_tran.train_nn_models] [Training] Epoch=74, loss=2491.1292, nll=2491.1292, l2_reg=0.0000, acc=0.2069
[ 2022-08-31 13:15:54,046][train_tran.train_nn_models] [Validation] Epoch=74, nll=2517.6995, acc=0.2054
[ 2022-08-31 13:16:01,908][train_tran.train_nn_models] [Training] Epoch=75, loss=2490.5781, nll=2490.5781, l2_reg=0.0000, acc=0.2071
[ 2022-08-31 13:16:01,909][train_tran.train_nn_models] [Validation] Epoch=75, nll=2517.1584, acc=0.2059
[ 2022-08-31 13:16:09,880][train_tran.train_nn_models] [Training] Epoch=76, loss=2490.0098, nll=2490.0098, l2_reg=0.0000, acc=0.2076
[ 2022-08-31 13:16:09,881][train_tran.train_nn_models] [Validation] Epoch=76, nll=2516.5879, acc=0.2064
[ 2022-08-31 13:16:17,706][train_tran.train_nn_models] [Training] Epoch=77, loss=2489.4111, nll=2489.4111, l2_reg=0.0000, acc=0.2079
[ 2022-08-31 13:16:17,706][train_tran.train_nn_models] [Validation] Epoch=77, nll=2516.0059, acc=0.2072
[ 2022-08-31 13:16:25,395][train_tran.train_nn_models] [Training] Epoch=78, loss=2488.7903, nll=2488.7903, l2_reg=0.0000, acc=0.2083
[ 2022-08-31 13:16:25,396][train_tran.train_nn_models] [Validation] Epoch=78, nll=2515.3970, acc=0.2080
[ 2022-08-31 13:16:33,537][train_tran.train_nn_models] [Training] Epoch=79, loss=2488.1379, nll=2488.1379, l2_reg=0.0000, acc=0.2089
[ 2022-08-31 13:16:33,537][train_tran.train_nn_models] [Validation] Epoch=79, nll=2514.8054, acc=0.2084
[ 2022-08-31 13:16:41,574][train_tran.train_nn_models] [Training] Epoch=80, loss=2487.4592, nll=2487.4592, l2_reg=0.0000, acc=0.2095
[ 2022-08-31 13:16:41,575][train_tran.train_nn_models] [Validation] Epoch=80, nll=2514.3845, acc=0.2095
[ 2022-08-31 13:16:49,467][train_tran.train_nn_models] [Training] Epoch=81, loss=2486.7805, nll=2486.7805, l2_reg=0.0000, acc=0.2100
[ 2022-08-31 13:16:49,467][train_tran.train_nn_models] [Validation] Epoch=81, nll=2513.6533, acc=0.2105
[ 2022-08-31 13:16:57,712][train_tran.train_nn_models] [Training] Epoch=82, loss=2486.0679, nll=2486.0679, l2_reg=0.0000, acc=0.2108
[ 2022-08-31 13:16:57,713][train_tran.train_nn_models] [Validation] Epoch=82, nll=2512.5627, acc=0.2115
[ 2022-08-31 13:17:05,905][train_tran.train_nn_models] [Training] Epoch=83, loss=2486.4602, nll=2486.4602, l2_reg=0.0000, acc=0.2108
[ 2022-08-31 13:17:05,906][train_tran.train_nn_models] [Validation] Epoch=83, nll=2515.1667, acc=0.2089
[ 2022-08-31 13:17:13,674][train_tran.train_nn_models] [Training] Epoch=84, loss=2488.2456, nll=2488.2456, l2_reg=0.0000, acc=0.2098
[ 2022-08-31 13:17:13,674][train_tran.train_nn_models] [Validation] Epoch=84, nll=2515.4641, acc=0.2097
[ 2022-08-31 13:17:21,469][train_tran.train_nn_models] [Training] Epoch=85, loss=2487.9392, nll=2487.9392, l2_reg=0.0000, acc=0.2109
[ 2022-08-31 13:17:21,470][train_tran.train_nn_models] [Validation] Epoch=85, nll=2514.4690, acc=0.2108
[ 2022-08-31 13:17:29,742][train_tran.train_nn_models] [Training] Epoch=86, loss=2486.9927, nll=2486.9927, l2_reg=0.0000, acc=0.2125
[ 2022-08-31 13:17:29,743][train_tran.train_nn_models] [Validation] Epoch=86, nll=2513.3423, acc=0.2124
[ 2022-08-31 13:17:38,367][train_tran.train_nn_models] [Training] Epoch=87, loss=2485.9717, nll=2485.9717, l2_reg=0.0000, acc=0.2146
[ 2022-08-31 13:17:38,367][train_tran.train_nn_models] [Validation] Epoch=87, nll=2512.5823, acc=0.2141
[ 2022-08-31 13:17:46,621][train_tran.train_nn_models] [Training] Epoch=88, loss=2484.9475, nll=2484.9475, l2_reg=0.0000, acc=0.2166
[ 2022-08-31 13:17:46,622][train_tran.train_nn_models] [Validation] Epoch=88, nll=2510.9929, acc=0.2155
[ 2022-08-31 13:17:54,595][train_tran.train_nn_models] [Training] Epoch=89, loss=2483.9443, nll=2483.9443, l2_reg=0.0000, acc=0.2186
[ 2022-08-31 13:17:54,595][train_tran.train_nn_models] [Validation] Epoch=89, nll=2509.8547, acc=0.2181
[ 2022-08-31 13:18:03,054][train_tran.train_nn_models] [Training] Epoch=90, loss=2482.9243, nll=2482.9243, l2_reg=0.0000, acc=0.2209
[ 2022-08-31 13:18:03,055][train_tran.train_nn_models] [Validation] Epoch=90, nll=2508.7415, acc=0.2202
[ 2022-08-31 13:18:10,594][train_tran.train_nn_models] [Training] Epoch=91, loss=2481.9326, nll=2481.9326, l2_reg=0.0000, acc=0.2234
[ 2022-08-31 13:18:10,595][train_tran.train_nn_models] [Validation] Epoch=91, nll=2507.9041, acc=0.2234
[ 2022-08-31 13:18:18,529][train_tran.train_nn_models] [Training] Epoch=92, loss=2480.9375, nll=2480.9375, l2_reg=0.0000, acc=0.2255
[ 2022-08-31 13:18:18,530][train_tran.train_nn_models] [Validation] Epoch=92, nll=2506.5522, acc=0.2253
[ 2022-08-31 13:18:26,255][train_tran.train_nn_models] [Training] Epoch=93, loss=2479.9507, nll=2479.9507, l2_reg=0.0000, acc=0.2273
[ 2022-08-31 13:18:26,256][train_tran.train_nn_models] [Validation] Epoch=93, nll=2505.3928, acc=0.2270
[ 2022-08-31 13:18:33,667][train_tran.train_nn_models] [Training] Epoch=94, loss=2478.8835, nll=2478.8835, l2_reg=0.0000, acc=0.2293
[ 2022-08-31 13:18:33,667][train_tran.train_nn_models] [Validation] Epoch=94, nll=2508.8335, acc=0.2291
[ 2022-08-31 13:18:41,108][train_tran.train_nn_models] [Training] Epoch=95, loss=2477.8535, nll=2477.8535, l2_reg=0.0000, acc=0.2312
[ 2022-08-31 13:18:41,108][train_tran.train_nn_models] [Validation] Epoch=95, nll=2503.0928, acc=0.2310
[ 2022-08-31 13:18:49,008][train_tran.train_nn_models] [Training] Epoch=96, loss=2476.8521, nll=2476.8521, l2_reg=0.0000, acc=0.2326
[ 2022-08-31 13:18:49,008][train_tran.train_nn_models] [Validation] Epoch=96, nll=2501.9978, acc=0.2324
[ 2022-08-31 13:18:56,825][train_tran.train_nn_models] [Training] Epoch=97, loss=2475.8669, nll=2475.8669, l2_reg=0.0000, acc=0.2339
[ 2022-08-31 13:18:56,826][train_tran.train_nn_models] [Validation] Epoch=97, nll=2502.1682, acc=0.2343
[ 2022-08-31 13:19:04,491][train_tran.train_nn_models] [Training] Epoch=98, loss=2474.9810, nll=2474.9810, l2_reg=0.0000, acc=0.2345
[ 2022-08-31 13:19:04,492][train_tran.train_nn_models] [Validation] Epoch=98, nll=2500.2185, acc=0.2348
[ 2022-08-31 13:19:12,249][train_tran.train_nn_models] [Training] Epoch=99, loss=2474.2249, nll=2474.2249, l2_reg=0.0000, acc=0.2354
[ 2022-08-31 13:19:12,249][train_tran.train_nn_models] [Validation] Epoch=99, nll=2500.9680, acc=0.2361
[ 2022-08-31 13:19:20,497][train_tran.train_nn_models] [Training] Epoch=100, loss=2473.3547, nll=2473.3547, l2_reg=0.0000, acc=0.2363
[ 2022-08-31 13:19:20,497][train_tran.train_nn_models] [Validation] Epoch=100, nll=2498.3567, acc=0.2369
[ 2022-08-31 13:19:28,175][train_tran.train_nn_models] [Training] Epoch=101, loss=2472.4739, nll=2472.4739, l2_reg=0.0000, acc=0.2372
[ 2022-08-31 13:19:28,176][train_tran.train_nn_models] [Validation] Epoch=101, nll=2497.4858, acc=0.2373
[ 2022-08-31 13:19:36,036][train_tran.train_nn_models] [Training] Epoch=102, loss=2471.6843, nll=2471.6843, l2_reg=0.0000, acc=0.2378
[ 2022-08-31 13:19:36,036][train_tran.train_nn_models] [Validation] Epoch=102, nll=2496.6243, acc=0.2385
[ 2022-08-31 13:19:43,638][train_tran.train_nn_models] [Training] Epoch=103, loss=2470.8816, nll=2470.8816, l2_reg=0.0000, acc=0.2382
[ 2022-08-31 13:19:43,638][train_tran.train_nn_models] [Validation] Epoch=103, nll=2497.5872, acc=0.2400
[ 2022-08-31 13:19:51,248][train_tran.train_nn_models] [Training] Epoch=104, loss=2470.2134, nll=2470.2134, l2_reg=0.0000, acc=0.2384
[ 2022-08-31 13:19:51,248][train_tran.train_nn_models] [Validation] Epoch=104, nll=2495.2209, acc=0.2396
[ 2022-08-31 13:19:58,553][train_tran.train_nn_models] [Training] Epoch=105, loss=2469.6204, nll=2469.6204, l2_reg=0.0000, acc=0.2386
[ 2022-08-31 13:19:58,553][train_tran.train_nn_models] [Validation] Epoch=105, nll=2494.5398, acc=0.2394
[ 2022-08-31 13:20:06,413][train_tran.train_nn_models] [Training] Epoch=106, loss=2469.0166, nll=2469.0166, l2_reg=0.0000, acc=0.2387
[ 2022-08-31 13:20:06,413][train_tran.train_nn_models] [Validation] Epoch=106, nll=2493.9802, acc=0.2396
[ 2022-08-31 13:20:14,853][train_tran.train_nn_models] [Training] Epoch=107, loss=2468.5085, nll=2468.5085, l2_reg=0.0000, acc=0.2388
[ 2022-08-31 13:20:14,853][train_tran.train_nn_models] [Validation] Epoch=107, nll=2493.4199, acc=0.2397
[ 2022-08-31 13:20:22,649][train_tran.train_nn_models] [Training] Epoch=108, loss=2468.0571, nll=2468.0571, l2_reg=0.0000, acc=0.2392
[ 2022-08-31 13:20:22,650][train_tran.train_nn_models] [Validation] Epoch=108, nll=2493.1521, acc=0.2405
[ 2022-08-31 13:20:30,550][train_tran.train_nn_models] [Training] Epoch=109, loss=2467.6411, nll=2467.6411, l2_reg=0.0000, acc=0.2394
[ 2022-08-31 13:20:30,551][train_tran.train_nn_models] [Validation] Epoch=109, nll=2492.5625, acc=0.2406
[ 2022-08-31 13:20:37,965][train_tran.train_nn_models] [Training] Epoch=110, loss=2467.2463, nll=2467.2463, l2_reg=0.0000, acc=0.2397
[ 2022-08-31 13:20:37,966][train_tran.train_nn_models] [Validation] Epoch=110, nll=2492.1003, acc=0.2415
[ 2022-08-31 13:20:45,536][train_tran.train_nn_models] [Training] Epoch=111, loss=2466.8389, nll=2466.8389, l2_reg=0.0000, acc=0.2403
[ 2022-08-31 13:20:45,537][train_tran.train_nn_models] [Validation] Epoch=111, nll=2491.7378, acc=0.2421
[ 2022-08-31 13:20:53,313][train_tran.train_nn_models] [Training] Epoch=112, loss=2466.4675, nll=2466.4675, l2_reg=0.0000, acc=0.2405
[ 2022-08-31 13:20:53,313][train_tran.train_nn_models] [Validation] Epoch=112, nll=2491.3040, acc=0.2422
[ 2022-08-31 13:21:00,475][train_tran.train_nn_models] [Training] Epoch=113, loss=2466.0977, nll=2466.0977, l2_reg=0.0000, acc=0.2408
[ 2022-08-31 13:21:00,476][train_tran.train_nn_models] [Validation] Epoch=113, nll=2490.9590, acc=0.2422
[ 2022-08-31 13:21:08,358][train_tran.train_nn_models] [Training] Epoch=114, loss=2465.7432, nll=2465.7432, l2_reg=0.0000, acc=0.2413
[ 2022-08-31 13:21:08,358][train_tran.train_nn_models] [Validation] Epoch=114, nll=2490.5403, acc=0.2422
[ 2022-08-31 13:21:15,969][train_tran.train_nn_models] [Training] Epoch=115, loss=2465.3979, nll=2465.3979, l2_reg=0.0000, acc=0.2415
[ 2022-08-31 13:21:15,970][train_tran.train_nn_models] [Validation] Epoch=115, nll=2490.2805, acc=0.2424
[ 2022-08-31 13:21:23,808][train_tran.train_nn_models] [Training] Epoch=116, loss=2465.0750, nll=2465.0750, l2_reg=0.0000, acc=0.2418
[ 2022-08-31 13:21:23,808][train_tran.train_nn_models] [Validation] Epoch=116, nll=2489.8435, acc=0.2429
[ 2022-08-31 13:21:31,529][train_tran.train_nn_models] [Training] Epoch=117, loss=2464.7546, nll=2464.7546, l2_reg=0.0000, acc=0.2420
[ 2022-08-31 13:21:31,529][train_tran.train_nn_models] [Validation] Epoch=117, nll=2489.4385, acc=0.2436
[ 2022-08-31 13:21:39,489][train_tran.train_nn_models] [Training] Epoch=118, loss=2464.4089, nll=2464.4089, l2_reg=0.0000, acc=0.2424
[ 2022-08-31 13:21:39,490][train_tran.train_nn_models] [Validation] Epoch=118, nll=2489.1702, acc=0.2446
[ 2022-08-31 13:21:47,409][train_tran.train_nn_models] [Training] Epoch=119, loss=2464.0869, nll=2464.0869, l2_reg=0.0000, acc=0.2427
[ 2022-08-31 13:21:47,409][train_tran.train_nn_models] [Validation] Epoch=119, nll=2488.7476, acc=0.2443
[ 2022-08-31 13:21:54,949][train_tran.train_nn_models] [Training] Epoch=120, loss=2463.7605, nll=2463.7605, l2_reg=0.0000, acc=0.2430
[ 2022-08-31 13:21:54,949][train_tran.train_nn_models] [Validation] Epoch=120, nll=2488.4167, acc=0.2449
[ 2022-08-31 13:22:03,008][train_tran.train_nn_models] [Training] Epoch=121, loss=2463.4370, nll=2463.4370, l2_reg=0.0000, acc=0.2435
[ 2022-08-31 13:22:03,008][train_tran.train_nn_models] [Validation] Epoch=121, nll=2488.0527, acc=0.2448
[ 2022-08-31 13:22:10,213][train_tran.train_nn_models] [Training] Epoch=122, loss=2463.1292, nll=2463.1292, l2_reg=0.0000, acc=0.2439
[ 2022-08-31 13:22:10,214][train_tran.train_nn_models] [Validation] Epoch=122, nll=2487.7939, acc=0.2446
[ 2022-08-31 13:22:18,271][train_tran.train_nn_models] [Training] Epoch=123, loss=2462.8293, nll=2462.8293, l2_reg=0.0000, acc=0.2443
[ 2022-08-31 13:22:18,271][train_tran.train_nn_models] [Validation] Epoch=123, nll=2487.4441, acc=0.2449
[ 2022-08-31 13:22:26,180][train_tran.train_nn_models] [Training] Epoch=124, loss=2462.5454, nll=2462.5454, l2_reg=0.0000, acc=0.2446
[ 2022-08-31 13:22:26,180][train_tran.train_nn_models] [Validation] Epoch=124, nll=2487.0823, acc=0.2451
[ 2022-08-31 13:22:34,238][train_tran.train_nn_models] [Training] Epoch=125, loss=2462.2268, nll=2462.2268, l2_reg=0.0000, acc=0.2449
[ 2022-08-31 13:22:34,238][train_tran.train_nn_models] [Validation] Epoch=125, nll=2487.0039, acc=0.2456
[ 2022-08-31 13:22:41,998][train_tran.train_nn_models] [Training] Epoch=126, loss=2462.0586, nll=2462.0586, l2_reg=0.0000, acc=0.2449
[ 2022-08-31 13:22:41,999][train_tran.train_nn_models] [Validation] Epoch=126, nll=2486.9036, acc=0.2447
[ 2022-08-31 13:22:41,999][train_tran.train_nn_models] Found a better model at epoch 126.
[ 2022-08-31 13:22:50,438][train_tran.train_nn_models] [Training] Epoch=127, loss=2461.9973, nll=2461.9973, l2_reg=0.0000, acc=0.2447
[ 2022-08-31 13:22:50,438][train_tran.train_nn_models] [Validation] Epoch=127, nll=2486.5537, acc=0.2451
[ 2022-08-31 13:22:50,438][train_tran.train_nn_models] Found a better model at epoch 127.
[ 2022-08-31 13:22:58,196][train_tran.train_nn_models] [Training] Epoch=128, loss=2461.6516, nll=2461.6516, l2_reg=0.0000, acc=0.2450
[ 2022-08-31 13:22:58,196][train_tran.train_nn_models] [Validation] Epoch=128, nll=2486.0876, acc=0.2456
[ 2022-08-31 13:22:58,197][train_tran.train_nn_models] Found a better model at epoch 128.
[ 2022-08-31 13:23:06,768][train_tran.train_nn_models] [Training] Epoch=129, loss=2461.2637, nll=2461.2637, l2_reg=0.0000, acc=0.2455
[ 2022-08-31 13:23:06,768][train_tran.train_nn_models] [Validation] Epoch=129, nll=2485.6873, acc=0.2462
[ 2022-08-31 13:23:06,769][train_tran.train_nn_models] Found a better model at epoch 129.
[ 2022-08-31 13:23:15,541][train_tran.train_nn_models] [Training] Epoch=130, loss=2460.9055, nll=2460.9055, l2_reg=0.0000, acc=0.2458
[ 2022-08-31 13:23:15,542][train_tran.train_nn_models] [Validation] Epoch=130, nll=2485.3296, acc=0.2464
[ 2022-08-31 13:23:15,542][train_tran.train_nn_models] Found a better model at epoch 130.
[ 2022-08-31 13:23:23,964][train_tran.train_nn_models] [Training] Epoch=131, loss=2460.5789, nll=2460.5789, l2_reg=0.0000, acc=0.2460
[ 2022-08-31 13:23:23,964][train_tran.train_nn_models] [Validation] Epoch=131, nll=2485.0723, acc=0.2472
[ 2022-08-31 13:23:23,964][train_tran.train_nn_models] Found a better model at epoch 131.
[ 2022-08-31 13:23:31,805][train_tran.train_nn_models] [Training] Epoch=132, loss=2460.2932, nll=2460.2932, l2_reg=0.0000, acc=0.2462
[ 2022-08-31 13:23:31,806][train_tran.train_nn_models] [Validation] Epoch=132, nll=2484.7861, acc=0.2477
[ 2022-08-31 13:23:31,806][train_tran.train_nn_models] Found a better model at epoch 132.
[ 2022-08-31 13:23:39,964][train_tran.train_nn_models] [Training] Epoch=133, loss=2460.0376, nll=2460.0376, l2_reg=0.0000, acc=0.2465
[ 2022-08-31 13:23:39,965][train_tran.train_nn_models] [Validation] Epoch=133, nll=2484.5479, acc=0.2483
[ 2022-08-31 13:23:39,965][train_tran.train_nn_models] Found a better model at epoch 133.
[ 2022-08-31 13:23:47,938][train_tran.train_nn_models] [Training] Epoch=134, loss=2459.7881, nll=2459.7881, l2_reg=0.0000, acc=0.2470
[ 2022-08-31 13:23:47,938][train_tran.train_nn_models] [Validation] Epoch=134, nll=2484.3037, acc=0.2487
[ 2022-08-31 13:23:47,938][train_tran.train_nn_models] Found a better model at epoch 134.
[ 2022-08-31 13:23:55,834][train_tran.train_nn_models] [Training] Epoch=135, loss=2459.5481, nll=2459.5481, l2_reg=0.0000, acc=0.2471
[ 2022-08-31 13:23:55,834][train_tran.train_nn_models] [Validation] Epoch=135, nll=2484.0964, acc=0.2490
[ 2022-08-31 13:23:55,834][train_tran.train_nn_models] Found a better model at epoch 135.
[ 2022-08-31 13:24:03,631][train_tran.train_nn_models] [Training] Epoch=136, loss=2459.3135, nll=2459.3135, l2_reg=0.0000, acc=0.2473
[ 2022-08-31 13:24:03,632][train_tran.train_nn_models] [Validation] Epoch=136, nll=2483.8545, acc=0.2491
[ 2022-08-31 13:24:03,632][train_tran.train_nn_models] Found a better model at epoch 136.
[ 2022-08-31 13:24:11,144][train_tran.train_nn_models] [Training] Epoch=137, loss=2459.0884, nll=2459.0884, l2_reg=0.0000, acc=0.2477
[ 2022-08-31 13:24:11,145][train_tran.train_nn_models] [Validation] Epoch=137, nll=2483.6829, acc=0.2499
[ 2022-08-31 13:24:11,145][train_tran.train_nn_models] Found a better model at epoch 137.
[ 2022-08-31 13:24:19,116][train_tran.train_nn_models] [Training] Epoch=138, loss=2458.8640, nll=2458.8640, l2_reg=0.0000, acc=0.2481
[ 2022-08-31 13:24:19,116][train_tran.train_nn_models] [Validation] Epoch=138, nll=2483.4321, acc=0.2504
[ 2022-08-31 13:24:19,116][train_tran.train_nn_models] Found a better model at epoch 138.
[ 2022-08-31 13:24:27,250][train_tran.train_nn_models] [Training] Epoch=139, loss=2458.6406, nll=2458.6406, l2_reg=0.0000, acc=0.2484
[ 2022-08-31 13:24:27,251][train_tran.train_nn_models] [Validation] Epoch=139, nll=2483.2620, acc=0.2511
[ 2022-08-31 13:24:27,251][train_tran.train_nn_models] Found a better model at epoch 139.
[ 2022-08-31 13:24:35,543][train_tran.train_nn_models] [Training] Epoch=140, loss=2458.4192, nll=2458.4192, l2_reg=0.0000, acc=0.2487
[ 2022-08-31 13:24:35,543][train_tran.train_nn_models] [Validation] Epoch=140, nll=2483.0334, acc=0.2516
[ 2022-08-31 13:24:35,543][train_tran.train_nn_models] Found a better model at epoch 140.
[ 2022-08-31 13:24:43,105][train_tran.train_nn_models] [Training] Epoch=141, loss=2458.2031, nll=2458.2031, l2_reg=0.0000, acc=0.2490
[ 2022-08-31 13:24:43,106][train_tran.train_nn_models] [Validation] Epoch=141, nll=2482.8835, acc=0.2521
[ 2022-08-31 13:24:43,106][train_tran.train_nn_models] Found a better model at epoch 141.
[ 2022-08-31 13:24:51,301][train_tran.train_nn_models] [Training] Epoch=142, loss=2457.9951, nll=2457.9951, l2_reg=0.0000, acc=0.2493
[ 2022-08-31 13:24:51,301][train_tran.train_nn_models] [Validation] Epoch=142, nll=2482.6604, acc=0.2520
[ 2022-08-31 13:24:51,301][train_tran.train_nn_models] Found a better model at epoch 142.
[ 2022-08-31 13:24:59,216][train_tran.train_nn_models] [Training] Epoch=143, loss=2457.7949, nll=2457.7949, l2_reg=0.0000, acc=0.2496
[ 2022-08-31 13:24:59,216][train_tran.train_nn_models] [Validation] Epoch=143, nll=2482.5127, acc=0.2524
[ 2022-08-31 13:24:59,216][train_tran.train_nn_models] Found a better model at epoch 143.
[ 2022-08-31 13:25:06,976][train_tran.train_nn_models] [Training] Epoch=144, loss=2457.6001, nll=2457.6001, l2_reg=0.0000, acc=0.2498
[ 2022-08-31 13:25:06,976][train_tran.train_nn_models] [Validation] Epoch=144, nll=2482.3091, acc=0.2522
[ 2022-08-31 13:25:06,977][train_tran.train_nn_models] Found a better model at epoch 144.
[ 2022-08-31 13:25:14,688][train_tran.train_nn_models] [Training] Epoch=145, loss=2457.4148, nll=2457.4148, l2_reg=0.0000, acc=0.2501
[ 2022-08-31 13:25:14,688][train_tran.train_nn_models] [Validation] Epoch=145, nll=2482.1768, acc=0.2523
[ 2022-08-31 13:25:14,688][train_tran.train_nn_models] Found a better model at epoch 145.
[ 2022-08-31 13:25:22,799][train_tran.train_nn_models] [Training] Epoch=146, loss=2457.2266, nll=2457.2266, l2_reg=0.0000, acc=0.2502
[ 2022-08-31 13:25:22,799][train_tran.train_nn_models] [Validation] Epoch=146, nll=2481.9722, acc=0.2526
[ 2022-08-31 13:25:22,799][train_tran.train_nn_models] Found a better model at epoch 146.
[ 2022-08-31 13:25:30,513][train_tran.train_nn_models] [Training] Epoch=147, loss=2457.0435, nll=2457.0435, l2_reg=0.0000, acc=0.2504
[ 2022-08-31 13:25:30,513][train_tran.train_nn_models] [Validation] Epoch=147, nll=2481.8472, acc=0.2533
[ 2022-08-31 13:25:30,514][train_tran.train_nn_models] Found a better model at epoch 147.
[ 2022-08-31 13:25:38,690][train_tran.train_nn_models] [Training] Epoch=148, loss=2456.8628, nll=2456.8628, l2_reg=0.0000, acc=0.2506
[ 2022-08-31 13:25:38,690][train_tran.train_nn_models] [Validation] Epoch=148, nll=2481.6475, acc=0.2533
[ 2022-08-31 13:25:38,690][train_tran.train_nn_models] Found a better model at epoch 148.
[ 2022-08-31 13:25:46,276][train_tran.train_nn_models] [Training] Epoch=149, loss=2456.6770, nll=2456.6770, l2_reg=0.0000, acc=0.2511
[ 2022-08-31 13:25:46,276][train_tran.train_nn_models] [Validation] Epoch=149, nll=2481.5190, acc=0.2539
[ 2022-08-31 13:25:46,276][train_tran.train_nn_models] Found a better model at epoch 149.
[ 2022-08-31 13:25:53,798][train_tran.train_nn_models] [Training] Epoch=150, loss=2456.4951, nll=2456.4951, l2_reg=0.0000, acc=0.2512
[ 2022-08-31 13:25:53,798][train_tran.train_nn_models] [Validation] Epoch=150, nll=2481.3147, acc=0.2540
[ 2022-08-31 13:25:53,799][train_tran.train_nn_models] Found a better model at epoch 150.
[ 2022-08-31 13:26:01,189][train_tran.train_nn_models] [Training] Epoch=151, loss=2456.3123, nll=2456.3123, l2_reg=0.0000, acc=0.2515
[ 2022-08-31 13:26:01,190][train_tran.train_nn_models] [Validation] Epoch=151, nll=2481.1814, acc=0.2541
[ 2022-08-31 13:26:01,190][train_tran.train_nn_models] Found a better model at epoch 151.
[ 2022-08-31 13:26:08,934][train_tran.train_nn_models] [Training] Epoch=152, loss=2456.1394, nll=2456.1394, l2_reg=0.0000, acc=0.2517
[ 2022-08-31 13:26:08,934][train_tran.train_nn_models] [Validation] Epoch=152, nll=2480.9910, acc=0.2539
[ 2022-08-31 13:26:08,934][train_tran.train_nn_models] Found a better model at epoch 152.
[ 2022-08-31 13:26:16,561][train_tran.train_nn_models] [Training] Epoch=153, loss=2455.9685, nll=2455.9685, l2_reg=0.0000, acc=0.2518
[ 2022-08-31 13:26:16,562][train_tran.train_nn_models] [Validation] Epoch=153, nll=2480.8704, acc=0.2541
[ 2022-08-31 13:26:16,562][train_tran.train_nn_models] Found a better model at epoch 153.
[ 2022-08-31 13:26:24,337][train_tran.train_nn_models] [Training] Epoch=154, loss=2455.7976, nll=2455.7976, l2_reg=0.0000, acc=0.2519
[ 2022-08-31 13:26:24,338][train_tran.train_nn_models] [Validation] Epoch=154, nll=2480.6748, acc=0.2540
[ 2022-08-31 13:26:24,338][train_tran.train_nn_models] Found a better model at epoch 154.
[ 2022-08-31 13:26:32,222][train_tran.train_nn_models] [Training] Epoch=155, loss=2455.6250, nll=2455.6250, l2_reg=0.0000, acc=0.2522
[ 2022-08-31 13:26:32,222][train_tran.train_nn_models] [Validation] Epoch=155, nll=2480.5471, acc=0.2544
[ 2022-08-31 13:26:32,222][train_tran.train_nn_models] Found a better model at epoch 155.
[ 2022-08-31 13:26:40,116][train_tran.train_nn_models] [Training] Epoch=156, loss=2455.4670, nll=2455.4670, l2_reg=0.0000, acc=0.2524
[ 2022-08-31 13:26:40,116][train_tran.train_nn_models] [Validation] Epoch=156, nll=2480.3665, acc=0.2545
[ 2022-08-31 13:26:40,116][train_tran.train_nn_models] Found a better model at epoch 156.
[ 2022-08-31 13:26:48,005][train_tran.train_nn_models] [Training] Epoch=157, loss=2455.3042, nll=2455.3042, l2_reg=0.0000, acc=0.2526
[ 2022-08-31 13:26:48,006][train_tran.train_nn_models] [Validation] Epoch=157, nll=2480.2427, acc=0.2549
[ 2022-08-31 13:26:48,006][train_tran.train_nn_models] Found a better model at epoch 157.
[ 2022-08-31 13:26:56,121][train_tran.train_nn_models] [Training] Epoch=158, loss=2455.1404, nll=2455.1404, l2_reg=0.0000, acc=0.2528
[ 2022-08-31 13:26:56,121][train_tran.train_nn_models] [Validation] Epoch=158, nll=2480.0593, acc=0.2546
[ 2022-08-31 13:26:56,121][train_tran.train_nn_models] Found a better model at epoch 158.
[ 2022-08-31 13:27:03,702][train_tran.train_nn_models] [Training] Epoch=159, loss=2454.9814, nll=2454.9814, l2_reg=0.0000, acc=0.2529
[ 2022-08-31 13:27:03,702][train_tran.train_nn_models] [Validation] Epoch=159, nll=2479.9226, acc=0.2549
[ 2022-08-31 13:27:03,703][train_tran.train_nn_models] Found a better model at epoch 159.
[ 2022-08-31 13:27:11,645][train_tran.train_nn_models] [Training] Epoch=160, loss=2454.8293, nll=2454.8293, l2_reg=0.0000, acc=0.2531
[ 2022-08-31 13:27:11,645][train_tran.train_nn_models] [Validation] Epoch=160, nll=2479.7551, acc=0.2548
[ 2022-08-31 13:27:11,646][train_tran.train_nn_models] Found a better model at epoch 160.
[ 2022-08-31 13:27:19,109][train_tran.train_nn_models] [Training] Epoch=161, loss=2454.6721, nll=2454.6721, l2_reg=0.0000, acc=0.2534
[ 2022-08-31 13:27:19,110][train_tran.train_nn_models] [Validation] Epoch=161, nll=2479.6101, acc=0.2550
[ 2022-08-31 13:27:19,110][train_tran.train_nn_models] Found a better model at epoch 161.
[ 2022-08-31 13:27:26,986][train_tran.train_nn_models] [Training] Epoch=162, loss=2454.5181, nll=2454.5181, l2_reg=0.0000, acc=0.2536
[ 2022-08-31 13:27:26,986][train_tran.train_nn_models] [Validation] Epoch=162, nll=2479.4529, acc=0.2551
[ 2022-08-31 13:27:26,986][train_tran.train_nn_models] Found a better model at epoch 162.
[ 2022-08-31 13:27:34,533][train_tran.train_nn_models] [Training] Epoch=163, loss=2454.3582, nll=2454.3582, l2_reg=0.0000, acc=0.2537
[ 2022-08-31 13:27:34,533][train_tran.train_nn_models] [Validation] Epoch=163, nll=2479.2954, acc=0.2552
[ 2022-08-31 13:27:34,533][train_tran.train_nn_models] Found a better model at epoch 163.
[ 2022-08-31 13:27:42,464][train_tran.train_nn_models] [Training] Epoch=164, loss=2454.2061, nll=2454.2061, l2_reg=0.0000, acc=0.2539
[ 2022-08-31 13:27:42,464][train_tran.train_nn_models] [Validation] Epoch=164, nll=2479.1475, acc=0.2553
[ 2022-08-31 13:27:42,465][train_tran.train_nn_models] Found a better model at epoch 164.
[ 2022-08-31 13:27:50,140][train_tran.train_nn_models] [Training] Epoch=165, loss=2454.0562, nll=2454.0562, l2_reg=0.0000, acc=0.2540
[ 2022-08-31 13:27:50,141][train_tran.train_nn_models] [Validation] Epoch=165, nll=2479.0017, acc=0.2554
[ 2022-08-31 13:27:50,141][train_tran.train_nn_models] Found a better model at epoch 165.
[ 2022-08-31 13:27:58,454][train_tran.train_nn_models] [Training] Epoch=166, loss=2453.9124, nll=2453.9124, l2_reg=0.0000, acc=0.2541
[ 2022-08-31 13:27:58,455][train_tran.train_nn_models] [Validation] Epoch=166, nll=2478.8894, acc=0.2554
[ 2022-08-31 13:27:58,455][train_tran.train_nn_models] Found a better model at epoch 166.
[ 2022-08-31 13:28:06,164][train_tran.train_nn_models] [Training] Epoch=167, loss=2453.7681, nll=2453.7681, l2_reg=0.0000, acc=0.2544
[ 2022-08-31 13:28:06,165][train_tran.train_nn_models] [Validation] Epoch=167, nll=2478.7202, acc=0.2556
[ 2022-08-31 13:28:06,165][train_tran.train_nn_models] Found a better model at epoch 167.
[ 2022-08-31 13:28:13,956][train_tran.train_nn_models] [Training] Epoch=168, loss=2453.6260, nll=2453.6260, l2_reg=0.0000, acc=0.2545
[ 2022-08-31 13:28:13,957][train_tran.train_nn_models] [Validation] Epoch=168, nll=2478.6025, acc=0.2558
[ 2022-08-31 13:28:13,957][train_tran.train_nn_models] Found a better model at epoch 168.
[ 2022-08-31 13:28:21,917][train_tran.train_nn_models] [Training] Epoch=169, loss=2453.4878, nll=2453.4878, l2_reg=0.0000, acc=0.2546
[ 2022-08-31 13:28:21,918][train_tran.train_nn_models] [Validation] Epoch=169, nll=2478.4419, acc=0.2559
[ 2022-08-31 13:28:21,918][train_tran.train_nn_models] Found a better model at epoch 169.
[ 2022-08-31 13:28:30,657][train_tran.train_nn_models] [Training] Epoch=170, loss=2453.3462, nll=2453.3462, l2_reg=0.0000, acc=0.2546
[ 2022-08-31 13:28:30,658][train_tran.train_nn_models] [Validation] Epoch=170, nll=2478.3223, acc=0.2564
[ 2022-08-31 13:28:30,658][train_tran.train_nn_models] Found a better model at epoch 170.
[ 2022-08-31 13:28:38,688][train_tran.train_nn_models] [Training] Epoch=171, loss=2453.2051, nll=2453.2051, l2_reg=0.0000, acc=0.2549
[ 2022-08-31 13:28:38,688][train_tran.train_nn_models] [Validation] Epoch=171, nll=2478.1682, acc=0.2570
[ 2022-08-31 13:28:38,688][train_tran.train_nn_models] Found a better model at epoch 171.
[ 2022-08-31 13:28:45,918][train_tran.train_nn_models] [Training] Epoch=172, loss=2453.0623, nll=2453.0623, l2_reg=0.0000, acc=0.2549
[ 2022-08-31 13:28:45,919][train_tran.train_nn_models] [Validation] Epoch=172, nll=2478.0547, acc=0.2569
[ 2022-08-31 13:28:45,919][train_tran.train_nn_models] Found a better model at epoch 172.
[ 2022-08-31 13:28:54,019][train_tran.train_nn_models] [Training] Epoch=173, loss=2452.9243, nll=2452.9243, l2_reg=0.0000, acc=0.2550
[ 2022-08-31 13:28:54,019][train_tran.train_nn_models] [Validation] Epoch=173, nll=2477.9045, acc=0.2570
[ 2022-08-31 13:28:54,019][train_tran.train_nn_models] Found a better model at epoch 173.
[ 2022-08-31 13:29:01,980][train_tran.train_nn_models] [Training] Epoch=174, loss=2452.7896, nll=2452.7896, l2_reg=0.0000, acc=0.2553
[ 2022-08-31 13:29:01,981][train_tran.train_nn_models] [Validation] Epoch=174, nll=2477.7964, acc=0.2569
[ 2022-08-31 13:29:01,981][train_tran.train_nn_models] Found a better model at epoch 174.
[ 2022-08-31 13:29:09,725][train_tran.train_nn_models] [Training] Epoch=175, loss=2452.6521, nll=2452.6521, l2_reg=0.0000, acc=0.2554
[ 2022-08-31 13:29:09,725][train_tran.train_nn_models] [Validation] Epoch=175, nll=2477.6460, acc=0.2571
[ 2022-08-31 13:29:09,725][train_tran.train_nn_models] Found a better model at epoch 175.
[ 2022-08-31 13:29:17,271][train_tran.train_nn_models] [Training] Epoch=176, loss=2452.5039, nll=2452.5039, l2_reg=0.0000, acc=0.2555
[ 2022-08-31 13:29:17,271][train_tran.train_nn_models] [Validation] Epoch=176, nll=2477.5198, acc=0.2574
[ 2022-08-31 13:29:17,271][train_tran.train_nn_models] Found a better model at epoch 176.
[ 2022-08-31 13:29:24,918][train_tran.train_nn_models] [Training] Epoch=177, loss=2452.3652, nll=2452.3652, l2_reg=0.0000, acc=0.2555
[ 2022-08-31 13:29:24,919][train_tran.train_nn_models] [Validation] Epoch=177, nll=2477.3877, acc=0.2576
[ 2022-08-31 13:29:24,919][train_tran.train_nn_models] Found a better model at epoch 177.
[ 2022-08-31 13:29:32,574][train_tran.train_nn_models] [Training] Epoch=178, loss=2452.2302, nll=2452.2302, l2_reg=0.0000, acc=0.2555
[ 2022-08-31 13:29:32,574][train_tran.train_nn_models] [Validation] Epoch=178, nll=2477.2678, acc=0.2575
[ 2022-08-31 13:29:32,574][train_tran.train_nn_models] Found a better model at epoch 178.
[ 2022-08-31 13:29:40,945][train_tran.train_nn_models] [Training] Epoch=179, loss=2452.0964, nll=2452.0964, l2_reg=0.0000, acc=0.2557
[ 2022-08-31 13:29:40,946][train_tran.train_nn_models] [Validation] Epoch=179, nll=2477.1604, acc=0.2573
[ 2022-08-31 13:29:40,946][train_tran.train_nn_models] Found a better model at epoch 179.
[ 2022-08-31 13:29:48,543][train_tran.train_nn_models] [Training] Epoch=180, loss=2451.9575, nll=2451.9575, l2_reg=0.0000, acc=0.2557
[ 2022-08-31 13:29:48,543][train_tran.train_nn_models] [Validation] Epoch=180, nll=2477.0371, acc=0.2577
[ 2022-08-31 13:29:48,543][train_tran.train_nn_models] Found a better model at epoch 180.
[ 2022-08-31 13:29:55,822][train_tran.train_nn_models] [Training] Epoch=181, loss=2451.8269, nll=2451.8269, l2_reg=0.0000, acc=0.2558
[ 2022-08-31 13:29:55,822][train_tran.train_nn_models] [Validation] Epoch=181, nll=2476.9365, acc=0.2577
[ 2022-08-31 13:29:55,822][train_tran.train_nn_models] Found a better model at epoch 181.
[ 2022-08-31 13:30:03,582][train_tran.train_nn_models] [Training] Epoch=182, loss=2451.6931, nll=2451.6931, l2_reg=0.0000, acc=0.2559
[ 2022-08-31 13:30:03,582][train_tran.train_nn_models] [Validation] Epoch=182, nll=2476.8098, acc=0.2580
[ 2022-08-31 13:30:03,582][train_tran.train_nn_models] Found a better model at epoch 182.
[ 2022-08-31 13:30:11,429][train_tran.train_nn_models] [Training] Epoch=183, loss=2451.5557, nll=2451.5557, l2_reg=0.0000, acc=0.2559
[ 2022-08-31 13:30:11,429][train_tran.train_nn_models] [Validation] Epoch=183, nll=2476.7002, acc=0.2582
[ 2022-08-31 13:30:11,429][train_tran.train_nn_models] Found a better model at epoch 183.
[ 2022-08-31 13:30:19,244][train_tran.train_nn_models] [Training] Epoch=184, loss=2451.4180, nll=2451.4180, l2_reg=0.0000, acc=0.2561
[ 2022-08-31 13:30:19,245][train_tran.train_nn_models] [Validation] Epoch=184, nll=2476.5740, acc=0.2581
[ 2022-08-31 13:30:19,245][train_tran.train_nn_models] Found a better model at epoch 184.
[ 2022-08-31 13:30:27,418][train_tran.train_nn_models] [Training] Epoch=185, loss=2451.2874, nll=2451.2874, l2_reg=0.0000, acc=0.2562
[ 2022-08-31 13:30:27,418][train_tran.train_nn_models] [Validation] Epoch=185, nll=2476.4622, acc=0.2582
[ 2022-08-31 13:30:27,418][train_tran.train_nn_models] Found a better model at epoch 185.
[ 2022-08-31 13:30:35,096][train_tran.train_nn_models] [Training] Epoch=186, loss=2451.1497, nll=2451.1497, l2_reg=0.0000, acc=0.2564
[ 2022-08-31 13:30:35,097][train_tran.train_nn_models] [Validation] Epoch=186, nll=2476.3416, acc=0.2587
[ 2022-08-31 13:30:35,097][train_tran.train_nn_models] Found a better model at epoch 186.
[ 2022-08-31 13:30:42,946][train_tran.train_nn_models] [Training] Epoch=187, loss=2451.0220, nll=2451.0220, l2_reg=0.0000, acc=0.2565
[ 2022-08-31 13:30:42,946][train_tran.train_nn_models] [Validation] Epoch=187, nll=2476.2437, acc=0.2586
[ 2022-08-31 13:30:42,947][train_tran.train_nn_models] Found a better model at epoch 187.
[ 2022-08-31 13:30:50,591][train_tran.train_nn_models] [Training] Epoch=188, loss=2450.8892, nll=2450.8892, l2_reg=0.0000, acc=0.2566
[ 2022-08-31 13:30:50,591][train_tran.train_nn_models] [Validation] Epoch=188, nll=2476.1211, acc=0.2588
[ 2022-08-31 13:30:50,591][train_tran.train_nn_models] Found a better model at epoch 188.
[ 2022-08-31 13:30:58,521][train_tran.train_nn_models] [Training] Epoch=189, loss=2450.7532, nll=2450.7532, l2_reg=0.0000, acc=0.2567
[ 2022-08-31 13:30:58,522][train_tran.train_nn_models] [Validation] Epoch=189, nll=2476.0203, acc=0.2590
[ 2022-08-31 13:30:58,522][train_tran.train_nn_models] Found a better model at epoch 189.
[ 2022-08-31 13:31:06,706][train_tran.train_nn_models] [Training] Epoch=190, loss=2450.6187, nll=2450.6187, l2_reg=0.0000, acc=0.2569
[ 2022-08-31 13:31:06,707][train_tran.train_nn_models] [Validation] Epoch=190, nll=2475.8721, acc=0.2592
[ 2022-08-31 13:31:06,707][train_tran.train_nn_models] Found a better model at epoch 190.
[ 2022-08-31 13:31:14,569][train_tran.train_nn_models] [Training] Epoch=191, loss=2450.4866, nll=2450.4866, l2_reg=0.0000, acc=0.2570
[ 2022-08-31 13:31:14,569][train_tran.train_nn_models] [Validation] Epoch=191, nll=2475.7515, acc=0.2592
[ 2022-08-31 13:31:14,570][train_tran.train_nn_models] Found a better model at epoch 191.
[ 2022-08-31 13:31:22,698][train_tran.train_nn_models] [Training] Epoch=192, loss=2450.3596, nll=2450.3596, l2_reg=0.0000, acc=0.2571
[ 2022-08-31 13:31:22,699][train_tran.train_nn_models] [Validation] Epoch=192, nll=2475.6345, acc=0.2592
[ 2022-08-31 13:31:22,699][train_tran.train_nn_models] Found a better model at epoch 192.
[ 2022-08-31 13:31:30,528][train_tran.train_nn_models] [Training] Epoch=193, loss=2450.2297, nll=2450.2297, l2_reg=0.0000, acc=0.2571
[ 2022-08-31 13:31:30,528][train_tran.train_nn_models] [Validation] Epoch=193, nll=2475.5312, acc=0.2593
[ 2022-08-31 13:31:30,528][train_tran.train_nn_models] Found a better model at epoch 193.
[ 2022-08-31 13:31:38,171][train_tran.train_nn_models] [Training] Epoch=194, loss=2450.1055, nll=2450.1055, l2_reg=0.0000, acc=0.2572
[ 2022-08-31 13:31:38,172][train_tran.train_nn_models] [Validation] Epoch=194, nll=2475.4209, acc=0.2593
[ 2022-08-31 13:31:38,172][train_tran.train_nn_models] Found a better model at epoch 194.
[ 2022-08-31 13:31:45,575][train_tran.train_nn_models] [Training] Epoch=195, loss=2449.9763, nll=2449.9763, l2_reg=0.0000, acc=0.2573
[ 2022-08-31 13:31:45,575][train_tran.train_nn_models] [Validation] Epoch=195, nll=2475.3062, acc=0.2595
[ 2022-08-31 13:31:45,575][train_tran.train_nn_models] Found a better model at epoch 195.
[ 2022-08-31 13:31:53,182][train_tran.train_nn_models] [Training] Epoch=196, loss=2449.8657, nll=2449.8657, l2_reg=0.0000, acc=0.2573
[ 2022-08-31 13:31:53,183][train_tran.train_nn_models] [Validation] Epoch=196, nll=2475.1960, acc=0.2593
[ 2022-08-31 13:31:53,183][train_tran.train_nn_models] Found a better model at epoch 196.
[ 2022-08-31 13:32:01,024][train_tran.train_nn_models] [Training] Epoch=197, loss=2449.7346, nll=2449.7346, l2_reg=0.0000, acc=0.2575
[ 2022-08-31 13:32:01,024][train_tran.train_nn_models] [Validation] Epoch=197, nll=2475.0852, acc=0.2593
[ 2022-08-31 13:32:01,024][train_tran.train_nn_models] Found a better model at epoch 197.
[ 2022-08-31 13:32:08,354][train_tran.train_nn_models] [Training] Epoch=198, loss=2449.6096, nll=2449.6096, l2_reg=0.0000, acc=0.2576
[ 2022-08-31 13:32:08,354][train_tran.train_nn_models] [Validation] Epoch=198, nll=2474.9727, acc=0.2593
[ 2022-08-31 13:32:08,354][train_tran.train_nn_models] Found a better model at epoch 198.
[ 2022-08-31 13:32:16,412][train_tran.train_nn_models] [Training] Epoch=199, loss=2449.4829, nll=2449.4829, l2_reg=0.0000, acc=0.2577
[ 2022-08-31 13:32:16,412][train_tran.train_nn_models] [Validation] Epoch=199, nll=2474.8547, acc=0.2592
[ 2022-08-31 13:32:16,412][train_tran.train_nn_models] Found a better model at epoch 199.
[ 2022-08-31 13:32:24,088][train_tran.train_nn_models] [Training] Epoch=200, loss=2449.3611, nll=2449.3611, l2_reg=0.0000, acc=0.2577
[ 2022-08-31 13:32:24,088][train_tran.train_nn_models] [Validation] Epoch=200, nll=2474.7566, acc=0.2593
[ 2022-08-31 13:32:24,088][train_tran.train_nn_models] Found a better model at epoch 200.
[ 2022-08-31 13:32:32,022][train_tran.train_nn_models] [Training] Epoch=201, loss=2449.2402, nll=2449.2402, l2_reg=0.0000, acc=0.2577
[ 2022-08-31 13:32:32,023][train_tran.train_nn_models] [Validation] Epoch=201, nll=2474.6497, acc=0.2594
[ 2022-08-31 13:32:32,023][train_tran.train_nn_models] Found a better model at epoch 201.
[ 2022-08-31 13:32:39,572][train_tran.train_nn_models] [Training] Epoch=202, loss=2449.1206, nll=2449.1206, l2_reg=0.0000, acc=0.2577
[ 2022-08-31 13:32:39,573][train_tran.train_nn_models] [Validation] Epoch=202, nll=2474.5437, acc=0.2593
[ 2022-08-31 13:32:39,573][train_tran.train_nn_models] Found a better model at epoch 202.
[ 2022-08-31 13:32:47,623][train_tran.train_nn_models] [Training] Epoch=203, loss=2449.0002, nll=2449.0002, l2_reg=0.0000, acc=0.2577
[ 2022-08-31 13:32:47,623][train_tran.train_nn_models] [Validation] Epoch=203, nll=2474.4346, acc=0.2590
[ 2022-08-31 13:32:47,623][train_tran.train_nn_models] Found a better model at epoch 203.
[ 2022-08-31 13:32:56,186][train_tran.train_nn_models] [Training] Epoch=204, loss=2448.8813, nll=2448.8813, l2_reg=0.0000, acc=0.2579
[ 2022-08-31 13:32:56,186][train_tran.train_nn_models] [Validation] Epoch=204, nll=2474.3254, acc=0.2591
[ 2022-08-31 13:32:56,186][train_tran.train_nn_models] Found a better model at epoch 204.
[ 2022-08-31 13:33:04,559][train_tran.train_nn_models] [Training] Epoch=205, loss=2448.7629, nll=2448.7629, l2_reg=0.0000, acc=0.2580
[ 2022-08-31 13:33:04,560][train_tran.train_nn_models] [Validation] Epoch=205, nll=2474.2356, acc=0.2591
[ 2022-08-31 13:33:04,560][train_tran.train_nn_models] Found a better model at epoch 205.
[ 2022-08-31 13:33:12,138][train_tran.train_nn_models] [Training] Epoch=206, loss=2448.6511, nll=2448.6511, l2_reg=0.0000, acc=0.2581
[ 2022-08-31 13:33:12,138][train_tran.train_nn_models] [Validation] Epoch=206, nll=2474.1191, acc=0.2589
[ 2022-08-31 13:33:12,138][train_tran.train_nn_models] Found a better model at epoch 206.
[ 2022-08-31 13:33:20,374][train_tran.train_nn_models] [Training] Epoch=207, loss=2448.5242, nll=2448.5242, l2_reg=0.0000, acc=0.2582
[ 2022-08-31 13:33:20,374][train_tran.train_nn_models] [Validation] Epoch=207, nll=2474.0066, acc=0.2593
[ 2022-08-31 13:33:20,374][train_tran.train_nn_models] Found a better model at epoch 207.
[ 2022-08-31 13:33:27,977][train_tran.train_nn_models] [Training] Epoch=208, loss=2448.4268, nll=2448.4268, l2_reg=0.0000, acc=0.2582
[ 2022-08-31 13:33:27,977][train_tran.train_nn_models] [Validation] Epoch=208, nll=2473.9238, acc=0.2591
[ 2022-08-31 13:33:27,977][train_tran.train_nn_models] Found a better model at epoch 208.
[ 2022-08-31 13:33:35,855][train_tran.train_nn_models] [Training] Epoch=209, loss=2448.3110, nll=2448.3110, l2_reg=0.0000, acc=0.2583
[ 2022-08-31 13:33:35,855][train_tran.train_nn_models] [Validation] Epoch=209, nll=2473.8025, acc=0.2590
[ 2022-08-31 13:33:35,855][train_tran.train_nn_models] Found a better model at epoch 209.
[ 2022-08-31 13:33:43,939][train_tran.train_nn_models] [Training] Epoch=210, loss=2448.1968, nll=2448.1968, l2_reg=0.0000, acc=0.2585
[ 2022-08-31 13:33:43,939][train_tran.train_nn_models] [Validation] Epoch=210, nll=2473.7195, acc=0.2591
[ 2022-08-31 13:33:43,940][train_tran.train_nn_models] Found a better model at epoch 210.
[ 2022-08-31 13:33:52,102][train_tran.train_nn_models] [Training] Epoch=211, loss=2448.0798, nll=2448.0798, l2_reg=0.0000, acc=0.2586
[ 2022-08-31 13:33:52,103][train_tran.train_nn_models] [Validation] Epoch=211, nll=2473.5967, acc=0.2592
[ 2022-08-31 13:33:52,103][train_tran.train_nn_models] Found a better model at epoch 211.
[ 2022-08-31 13:33:59,883][train_tran.train_nn_models] [Training] Epoch=212, loss=2447.9658, nll=2447.9658, l2_reg=0.0000, acc=0.2586
[ 2022-08-31 13:33:59,883][train_tran.train_nn_models] [Validation] Epoch=212, nll=2473.5264, acc=0.2591
[ 2022-08-31 13:33:59,883][train_tran.train_nn_models] Found a better model at epoch 212.
[ 2022-08-31 13:34:07,859][train_tran.train_nn_models] [Training] Epoch=213, loss=2447.8669, nll=2447.8669, l2_reg=0.0000, acc=0.2586
[ 2022-08-31 13:34:07,859][train_tran.train_nn_models] [Validation] Epoch=213, nll=2473.4421, acc=0.2588
[ 2022-08-31 13:34:07,859][train_tran.train_nn_models] Found a better model at epoch 213.
[ 2022-08-31 13:34:15,574][train_tran.train_nn_models] [Training] Epoch=214, loss=2447.7502, nll=2447.7502, l2_reg=0.0000, acc=0.2588
[ 2022-08-31 13:34:15,574][train_tran.train_nn_models] [Validation] Epoch=214, nll=2473.3174, acc=0.2588
[ 2022-08-31 13:34:15,574][train_tran.train_nn_models] Found a better model at epoch 214.
[ 2022-08-31 13:34:22,782][train_tran.train_nn_models] [Training] Epoch=215, loss=2447.6436, nll=2447.6436, l2_reg=0.0000, acc=0.2588
[ 2022-08-31 13:34:22,782][train_tran.train_nn_models] [Validation] Epoch=215, nll=2473.2512, acc=0.2589
[ 2022-08-31 13:34:22,783][train_tran.train_nn_models] Found a better model at epoch 215.
[ 2022-08-31 13:34:30,658][train_tran.train_nn_models] [Training] Epoch=216, loss=2447.5254, nll=2447.5254, l2_reg=0.0000, acc=0.2590
[ 2022-08-31 13:34:30,658][train_tran.train_nn_models] [Validation] Epoch=216, nll=2473.1072, acc=0.2588
[ 2022-08-31 13:34:30,658][train_tran.train_nn_models] Found a better model at epoch 216.
[ 2022-08-31 13:34:38,127][train_tran.train_nn_models] [Training] Epoch=217, loss=2447.4226, nll=2447.4226, l2_reg=0.0000, acc=0.2590
[ 2022-08-31 13:34:38,127][train_tran.train_nn_models] [Validation] Epoch=217, nll=2473.0784, acc=0.2588
[ 2022-08-31 13:34:38,127][train_tran.train_nn_models] Found a better model at epoch 217.
[ 2022-08-31 13:34:46,101][train_tran.train_nn_models] [Training] Epoch=218, loss=2447.3066, nll=2447.3066, l2_reg=0.0000, acc=0.2592
[ 2022-08-31 13:34:46,101][train_tran.train_nn_models] [Validation] Epoch=218, nll=2472.8906, acc=0.2589
[ 2022-08-31 13:34:46,101][train_tran.train_nn_models] Found a better model at epoch 218.
[ 2022-08-31 13:34:53,788][train_tran.train_nn_models] [Training] Epoch=219, loss=2447.2000, nll=2447.2000, l2_reg=0.0000, acc=0.2591
[ 2022-08-31 13:34:53,788][train_tran.train_nn_models] [Validation] Epoch=219, nll=2472.9021, acc=0.2588
[ 2022-08-31 13:35:01,508][train_tran.train_nn_models] [Training] Epoch=220, loss=2447.1018, nll=2447.1018, l2_reg=0.0000, acc=0.2593
[ 2022-08-31 13:35:01,508][train_tran.train_nn_models] [Validation] Epoch=220, nll=2472.7051, acc=0.2589
[ 2022-08-31 13:35:01,508][train_tran.train_nn_models] Found a better model at epoch 220.
[ 2022-08-31 13:35:09,474][train_tran.train_nn_models] [Training] Epoch=221, loss=2446.9619, nll=2446.9619, l2_reg=0.0000, acc=0.2594
[ 2022-08-31 13:35:09,474][train_tran.train_nn_models] [Validation] Epoch=221, nll=2472.6460, acc=0.2591
[ 2022-08-31 13:35:09,474][train_tran.train_nn_models] Found a better model at epoch 221.
[ 2022-08-31 13:35:17,211][train_tran.train_nn_models] [Training] Epoch=222, loss=2446.8794, nll=2446.8794, l2_reg=0.0000, acc=0.2594
[ 2022-08-31 13:35:17,211][train_tran.train_nn_models] [Validation] Epoch=222, nll=2472.5818, acc=0.2592
[ 2022-08-31 13:35:17,211][train_tran.train_nn_models] Found a better model at epoch 222.
[ 2022-08-31 13:35:24,863][train_tran.train_nn_models] [Training] Epoch=223, loss=2446.7656, nll=2446.7656, l2_reg=0.0000, acc=0.2595
[ 2022-08-31 13:35:24,863][train_tran.train_nn_models] [Validation] Epoch=223, nll=2472.4316, acc=0.2594
[ 2022-08-31 13:35:24,864][train_tran.train_nn_models] Found a better model at epoch 223.
[ 2022-08-31 13:35:32,609][train_tran.train_nn_models] [Training] Epoch=224, loss=2446.6462, nll=2446.6462, l2_reg=0.0000, acc=0.2596
[ 2022-08-31 13:35:32,610][train_tran.train_nn_models] [Validation] Epoch=224, nll=2472.3479, acc=0.2598
[ 2022-08-31 13:35:32,610][train_tran.train_nn_models] Found a better model at epoch 224.
[ 2022-08-31 13:35:40,973][train_tran.train_nn_models] [Training] Epoch=225, loss=2446.5569, nll=2446.5569, l2_reg=0.0000, acc=0.2596
[ 2022-08-31 13:35:40,974][train_tran.train_nn_models] [Validation] Epoch=225, nll=2472.2837, acc=0.2600
[ 2022-08-31 13:35:40,974][train_tran.train_nn_models] Found a better model at epoch 225.
[ 2022-08-31 13:35:49,571][train_tran.train_nn_models] [Training] Epoch=226, loss=2446.4495, nll=2446.4495, l2_reg=0.0000, acc=0.2596
[ 2022-08-31 13:35:49,571][train_tran.train_nn_models] [Validation] Epoch=226, nll=2472.1335, acc=0.2599
[ 2022-08-31 13:35:49,571][train_tran.train_nn_models] Found a better model at epoch 226.
[ 2022-08-31 13:35:57,638][train_tran.train_nn_models] [Training] Epoch=227, loss=2446.3320, nll=2446.3320, l2_reg=0.0000, acc=0.2598
[ 2022-08-31 13:35:57,639][train_tran.train_nn_models] [Validation] Epoch=227, nll=2472.0422, acc=0.2601
[ 2022-08-31 13:35:57,639][train_tran.train_nn_models] Found a better model at epoch 227.
[ 2022-08-31 13:36:05,771][train_tran.train_nn_models] [Training] Epoch=228, loss=2446.2195, nll=2446.2195, l2_reg=0.0000, acc=0.2598
[ 2022-08-31 13:36:05,771][train_tran.train_nn_models] [Validation] Epoch=228, nll=2471.9329, acc=0.2599
[ 2022-08-31 13:36:05,771][train_tran.train_nn_models] Found a better model at epoch 228.
[ 2022-08-31 13:36:13,472][train_tran.train_nn_models] [Training] Epoch=229, loss=2446.2268, nll=2446.2268, l2_reg=0.0000, acc=0.2598
[ 2022-08-31 13:36:13,472][train_tran.train_nn_models] [Validation] Epoch=229, nll=2473.9060, acc=0.2596
[ 2022-08-31 13:36:21,411][train_tran.train_nn_models] [Training] Epoch=230, loss=2448.0469, nll=2448.0469, l2_reg=0.0000, acc=0.2589
[ 2022-08-31 13:36:21,411][train_tran.train_nn_models] [Validation] Epoch=230, nll=2472.9675, acc=0.2598
[ 2022-08-31 13:36:29,010][train_tran.train_nn_models] [Training] Epoch=231, loss=2446.5078, nll=2446.5078, l2_reg=0.0000, acc=0.2598
[ 2022-08-31 13:36:29,010][train_tran.train_nn_models] [Validation] Epoch=231, nll=2490.8660, acc=0.2615
[ 2022-08-31 13:36:36,987][train_tran.train_nn_models] [Training] Epoch=232, loss=2484.2046, nll=2484.2046, l2_reg=0.0000, acc=0.2399
[ 2022-08-31 13:36:36,987][train_tran.train_nn_models] [Validation] Epoch=232, nll=2501.3733, acc=0.2276
[ 2022-08-31 13:36:45,268][train_tran.train_nn_models] [Training] Epoch=233, loss=2471.7278, nll=2471.7278, l2_reg=0.0000, acc=0.2349
[ 2022-08-31 13:36:45,268][train_tran.train_nn_models] [Validation] Epoch=233, nll=2501.8691, acc=0.2302
[ 2022-08-31 13:36:53,867][train_tran.train_nn_models] [Training] Epoch=234, loss=2471.5166, nll=2471.5166, l2_reg=0.0000, acc=0.2352
[ 2022-08-31 13:36:53,867][train_tran.train_nn_models] [Validation] Epoch=234, nll=2493.7517, acc=0.2382
[ 2022-08-31 13:37:02,321][train_tran.train_nn_models] [Training] Epoch=235, loss=2467.0022, nll=2467.0022, l2_reg=0.0000, acc=0.2404
[ 2022-08-31 13:37:02,321][train_tran.train_nn_models] [Validation] Epoch=235, nll=2493.4231, acc=0.2402
[ 2022-08-31 13:37:10,273][train_tran.train_nn_models] [Training] Epoch=236, loss=2465.7639, nll=2465.7639, l2_reg=0.0000, acc=0.2416
[ 2022-08-31 13:37:10,274][train_tran.train_nn_models] [Validation] Epoch=236, nll=2494.3301, acc=0.2371
[ 2022-08-31 13:37:18,340][train_tran.train_nn_models] [Training] Epoch=237, loss=2465.4941, nll=2465.4941, l2_reg=0.0000, acc=0.2412
[ 2022-08-31 13:37:18,341][train_tran.train_nn_models] [Validation] Epoch=237, nll=2493.9854, acc=0.2375
[ 2022-08-31 13:37:27,462][train_tran.train_nn_models] [Training] Epoch=238, loss=2465.3564, nll=2465.3564, l2_reg=0.0000, acc=0.2415
[ 2022-08-31 13:37:27,463][train_tran.train_nn_models] [Validation] Epoch=238, nll=2491.2871, acc=0.2399
[ 2022-08-31 13:37:35,855][train_tran.train_nn_models] [Training] Epoch=239, loss=2464.4573, nll=2464.4573, l2_reg=0.0000, acc=0.2426
[ 2022-08-31 13:37:35,855][train_tran.train_nn_models] [Validation] Epoch=239, nll=2489.1184, acc=0.2427
[ 2022-08-31 13:37:43,996][train_tran.train_nn_models] [Training] Epoch=240, loss=2463.2009, nll=2463.2009, l2_reg=0.0000, acc=0.2439
[ 2022-08-31 13:37:43,997][train_tran.train_nn_models] [Validation] Epoch=240, nll=2488.4343, acc=0.2425
[ 2022-08-31 13:37:51,919][train_tran.train_nn_models] [Training] Epoch=241, loss=2462.3765, nll=2462.3765, l2_reg=0.0000, acc=0.2449
[ 2022-08-31 13:37:51,919][train_tran.train_nn_models] [Validation] Epoch=241, nll=2488.4338, acc=0.2414
[ 2022-08-31 13:38:00,333][train_tran.train_nn_models] [Training] Epoch=242, loss=2462.0193, nll=2462.0193, l2_reg=0.0000, acc=0.2451
[ 2022-08-31 13:38:00,334][train_tran.train_nn_models] [Validation] Epoch=242, nll=2489.0193, acc=0.2402
[ 2022-08-31 13:38:09,173][train_tran.train_nn_models] [Training] Epoch=243, loss=2461.8770, nll=2461.8770, l2_reg=0.0000, acc=0.2454
[ 2022-08-31 13:38:09,173][train_tran.train_nn_models] [Validation] Epoch=243, nll=2489.0425, acc=0.2402
[ 2022-08-31 13:38:18,393][train_tran.train_nn_models] [Training] Epoch=244, loss=2461.6680, nll=2461.6680, l2_reg=0.0000, acc=0.2460
[ 2022-08-31 13:38:18,394][train_tran.train_nn_models] [Validation] Epoch=244, nll=2488.0947, acc=0.2411
[ 2022-08-31 13:38:27,010][train_tran.train_nn_models] [Training] Epoch=245, loss=2461.3562, nll=2461.3562, l2_reg=0.0000, acc=0.2464
[ 2022-08-31 13:38:27,011][train_tran.train_nn_models] [Validation] Epoch=245, nll=2486.5398, acc=0.2433
[ 2022-08-31 13:38:35,434][train_tran.train_nn_models] [Training] Epoch=246, loss=2460.7739, nll=2460.7739, l2_reg=0.0000, acc=0.2469
[ 2022-08-31 13:38:35,435][train_tran.train_nn_models] [Validation] Epoch=246, nll=2485.4280, acc=0.2445
[ 2022-08-31 13:38:43,835][train_tran.train_nn_models] [Training] Epoch=247, loss=2460.1040, nll=2460.1040, l2_reg=0.0000, acc=0.2476
[ 2022-08-31 13:38:43,835][train_tran.train_nn_models] [Validation] Epoch=247, nll=2484.9910, acc=0.2447
[ 2022-08-31 13:38:52,709][train_tran.train_nn_models] [Training] Epoch=248, loss=2459.6104, nll=2459.6104, l2_reg=0.0000, acc=0.2482
[ 2022-08-31 13:38:52,710][train_tran.train_nn_models] [Validation] Epoch=248, nll=2485.1509, acc=0.2452
[ 2022-08-31 13:39:01,468][train_tran.train_nn_models] [Training] Epoch=249, loss=2459.3391, nll=2459.3391, l2_reg=0.0000, acc=0.2485
[ 2022-08-31 13:39:01,468][train_tran.train_nn_models] [Validation] Epoch=249, nll=2485.0195, acc=0.2451
[ 2022-08-31 13:39:02,440][train_tran.eval_nll] [Test]nll=2463.4512, acc=0.2582
[ 2022-08-31 14:15:59,194][train_tran.<module>]                    timestamp  ...                                             config
0 2022-08-31 14:15:59.049611  ...  {'model': 'Tran', 'dataset': 'mhp-1K-10', 'inp...
1 2022-08-31 14:15:59.049611  ...  {'model': 'Tran', 'dataset': 'mhp-1K-10', 'inp...
2 2022-08-31 14:15:59.049611  ...  {'model': 'Tran', 'dataset': 'mhp-1K-10', 'inp...
3 2022-08-31 14:15:59.049611  ...  {'model': 'Tran', 'dataset': 'mhp-1K-10', 'inp...
4 2022-08-31 14:15:59.049611  ...  {'model': 'Tran', 'dataset': 'mhp-1K-10', 'inp...
5 2022-08-31 14:15:59.049611  ...  {'model': 'Tran', 'dataset': 'mhp-1K-10', 'inp...

[6 rows x 7 columns]
