[ 2022-08-04 11:24:46,167][train.<module>] Namespace(attr_batch_size=0, basis_type='dyadic', batch_size=64, bucket_seqs=False, cuda=True, dataset='pgem-1K-10', dropout=0.0, embedding_dim=64, epochs=200, hidden_size=64, input_dir='data/input', l2_reg=0, lr=0.001, max_mean=20.0, model='Tran', n_bases=7, num_workers=0, occurred_type_only=False, optimizer='Adam', output_dir='data/output', rand_seed=0, skip_eval_infectivity=False, skip_pred_next_event=False, split_id=1, steps=50, tune_metric='nll', verbose=False)
[ 2022-08-04 11:24:48,536][train.train_nn_models] [Training] Epoch=0, loss=6701.3242, nll=6701.3242, l2_reg=0.0000, acc=0.1523
[ 2022-08-04 11:24:48,537][train.train_nn_models] [Validation] Epoch=0, nll=2730.0481, acc=0.1562
[ 2022-08-04 11:24:50,564][train.train_nn_models] [Training] Epoch=1, loss=1426.7340, nll=1426.7340, l2_reg=0.0000, acc=0.1602
[ 2022-08-04 11:24:50,564][train.train_nn_models] [Validation] Epoch=1, nll=760.7110, acc=0.2145
[ 2022-08-04 11:24:52,526][train.train_nn_models] [Training] Epoch=2, loss=769.8848, nll=769.8848, l2_reg=0.0000, acc=0.2349
[ 2022-08-04 11:24:52,527][train.train_nn_models] [Validation] Epoch=2, nll=741.9361, acc=0.2759
[ 2022-08-04 11:24:54,563][train.train_nn_models] [Training] Epoch=3, loss=733.8470, nll=733.8470, l2_reg=0.0000, acc=0.2733
[ 2022-08-04 11:24:54,564][train.train_nn_models] [Validation] Epoch=3, nll=697.9874, acc=0.2817
[ 2022-08-04 11:24:56,612][train.train_nn_models] [Training] Epoch=4, loss=704.7529, nll=704.7529, l2_reg=0.0000, acc=0.2745
[ 2022-08-04 11:24:56,612][train.train_nn_models] [Validation] Epoch=4, nll=687.3668, acc=0.2858
[ 2022-08-04 11:24:58,620][train.train_nn_models] [Training] Epoch=5, loss=696.6054, nll=696.6054, l2_reg=0.0000, acc=0.2798
[ 2022-08-04 11:24:58,620][train.train_nn_models] [Validation] Epoch=5, nll=681.7507, acc=0.2903
[ 2022-08-04 11:25:00,682][train.train_nn_models] [Training] Epoch=6, loss=693.5646, nll=693.5646, l2_reg=0.0000, acc=0.2802
[ 2022-08-04 11:25:00,682][train.train_nn_models] [Validation] Epoch=6, nll=680.7185, acc=0.2867
[ 2022-08-04 11:25:02,737][train.train_nn_models] [Training] Epoch=7, loss=692.3173, nll=692.3173, l2_reg=0.0000, acc=0.2801
[ 2022-08-04 11:25:02,738][train.train_nn_models] [Validation] Epoch=7, nll=680.1959, acc=0.2868
[ 2022-08-04 11:25:04,765][train.train_nn_models] [Training] Epoch=8, loss=691.8299, nll=691.8299, l2_reg=0.0000, acc=0.2803
[ 2022-08-04 11:25:04,765][train.train_nn_models] [Validation] Epoch=8, nll=679.8436, acc=0.2869
[ 2022-08-04 11:25:06,783][train.train_nn_models] [Training] Epoch=9, loss=691.5462, nll=691.5462, l2_reg=0.0000, acc=0.2799
[ 2022-08-04 11:25:06,783][train.train_nn_models] [Validation] Epoch=9, nll=679.5813, acc=0.2844
[ 2022-08-04 11:25:08,832][train.train_nn_models] [Training] Epoch=10, loss=691.3193, nll=691.3193, l2_reg=0.0000, acc=0.2802
[ 2022-08-04 11:25:08,833][train.train_nn_models] [Validation] Epoch=10, nll=679.4113, acc=0.2862
[ 2022-08-04 11:25:10,855][train.train_nn_models] [Training] Epoch=11, loss=691.1429, nll=691.1429, l2_reg=0.0000, acc=0.2798
[ 2022-08-04 11:25:10,856][train.train_nn_models] [Validation] Epoch=11, nll=679.2479, acc=0.2858
[ 2022-08-04 11:25:12,888][train.train_nn_models] [Training] Epoch=12, loss=691.0087, nll=691.0087, l2_reg=0.0000, acc=0.2796
[ 2022-08-04 11:25:12,888][train.train_nn_models] [Validation] Epoch=12, nll=679.1390, acc=0.2855
[ 2022-08-04 11:25:14,893][train.train_nn_models] [Training] Epoch=13, loss=690.8915, nll=690.8915, l2_reg=0.0000, acc=0.2791
[ 2022-08-04 11:25:14,894][train.train_nn_models] [Validation] Epoch=13, nll=679.0403, acc=0.2835
[ 2022-08-04 11:25:16,911][train.train_nn_models] [Training] Epoch=14, loss=690.8007, nll=690.8007, l2_reg=0.0000, acc=0.2792
[ 2022-08-04 11:25:16,912][train.train_nn_models] [Validation] Epoch=14, nll=678.9690, acc=0.2837
[ 2022-08-04 11:25:18,920][train.train_nn_models] [Training] Epoch=15, loss=690.7271, nll=690.7271, l2_reg=0.0000, acc=0.2786
[ 2022-08-04 11:25:18,921][train.train_nn_models] [Validation] Epoch=15, nll=678.9103, acc=0.2843
[ 2022-08-04 11:25:20,963][train.train_nn_models] [Training] Epoch=16, loss=690.6688, nll=690.6688, l2_reg=0.0000, acc=0.2780
[ 2022-08-04 11:25:20,963][train.train_nn_models] [Validation] Epoch=16, nll=678.8651, acc=0.2836
[ 2022-08-04 11:25:23,050][train.train_nn_models] [Training] Epoch=17, loss=690.6216, nll=690.6216, l2_reg=0.0000, acc=0.2791
[ 2022-08-04 11:25:23,050][train.train_nn_models] [Validation] Epoch=17, nll=678.8295, acc=0.2832
[ 2022-08-04 11:25:25,054][train.train_nn_models] [Training] Epoch=18, loss=690.5820, nll=690.5820, l2_reg=0.0000, acc=0.2797
[ 2022-08-04 11:25:25,054][train.train_nn_models] [Validation] Epoch=18, nll=678.8004, acc=0.2844
[ 2022-08-04 11:25:27,102][train.train_nn_models] [Training] Epoch=19, loss=690.5472, nll=690.5472, l2_reg=0.0000, acc=0.2797
[ 2022-08-04 11:25:27,103][train.train_nn_models] [Validation] Epoch=19, nll=678.7754, acc=0.2866
[ 2022-08-04 11:25:29,120][train.train_nn_models] [Training] Epoch=20, loss=690.5158, nll=690.5158, l2_reg=0.0000, acc=0.2803
[ 2022-08-04 11:25:29,120][train.train_nn_models] [Validation] Epoch=20, nll=678.7525, acc=0.2873
[ 2022-08-04 11:25:31,163][train.train_nn_models] [Training] Epoch=21, loss=690.4867, nll=690.4867, l2_reg=0.0000, acc=0.2805
[ 2022-08-04 11:25:31,163][train.train_nn_models] [Validation] Epoch=21, nll=678.7310, acc=0.2862
[ 2022-08-04 11:25:33,262][train.train_nn_models] [Training] Epoch=22, loss=690.4595, nll=690.4595, l2_reg=0.0000, acc=0.2804
[ 2022-08-04 11:25:33,262][train.train_nn_models] [Validation] Epoch=22, nll=678.7106, acc=0.2883
[ 2022-08-04 11:25:35,279][train.train_nn_models] [Training] Epoch=23, loss=690.4339, nll=690.4339, l2_reg=0.0000, acc=0.2805
[ 2022-08-04 11:25:35,279][train.train_nn_models] [Validation] Epoch=23, nll=678.6911, acc=0.2881
[ 2022-08-04 11:25:37,264][train.train_nn_models] [Training] Epoch=24, loss=690.4099, nll=690.4099, l2_reg=0.0000, acc=0.2806
[ 2022-08-04 11:25:37,264][train.train_nn_models] [Validation] Epoch=24, nll=678.6730, acc=0.2887
[ 2022-08-04 11:25:39,237][train.train_nn_models] [Training] Epoch=25, loss=690.3873, nll=690.3873, l2_reg=0.0000, acc=0.2805
[ 2022-08-04 11:25:39,238][train.train_nn_models] [Validation] Epoch=25, nll=678.6558, acc=0.2879
[ 2022-08-04 11:25:41,223][train.train_nn_models] [Training] Epoch=26, loss=690.3658, nll=690.3658, l2_reg=0.0000, acc=0.2801
[ 2022-08-04 11:25:41,223][train.train_nn_models] [Validation] Epoch=26, nll=678.6400, acc=0.2890
[ 2022-08-04 11:25:43,778][train.train_nn_models] [Training] Epoch=27, loss=690.3454, nll=690.3454, l2_reg=0.0000, acc=0.2798
[ 2022-08-04 11:25:43,778][train.train_nn_models] [Validation] Epoch=27, nll=678.6253, acc=0.2885
[ 2022-08-04 11:25:45,977][train.train_nn_models] [Training] Epoch=28, loss=690.3261, nll=690.3261, l2_reg=0.0000, acc=0.2805
[ 2022-08-04 11:25:45,978][train.train_nn_models] [Validation] Epoch=28, nll=678.6115, acc=0.2876
[ 2022-08-04 11:25:47,870][train.train_nn_models] [Training] Epoch=29, loss=690.3075, nll=690.3075, l2_reg=0.0000, acc=0.2803
[ 2022-08-04 11:25:47,870][train.train_nn_models] [Validation] Epoch=29, nll=678.5986, acc=0.2889
[ 2022-08-04 11:25:49,802][train.train_nn_models] [Training] Epoch=30, loss=690.2897, nll=690.2897, l2_reg=0.0000, acc=0.2803
[ 2022-08-04 11:25:49,802][train.train_nn_models] [Validation] Epoch=30, nll=678.5862, acc=0.2903
[ 2022-08-04 11:25:51,609][train.train_nn_models] [Training] Epoch=31, loss=690.2726, nll=690.2726, l2_reg=0.0000, acc=0.2805
[ 2022-08-04 11:25:51,609][train.train_nn_models] [Validation] Epoch=31, nll=678.5741, acc=0.2896
[ 2022-08-04 11:25:53,492][train.train_nn_models] [Training] Epoch=32, loss=690.2560, nll=690.2560, l2_reg=0.0000, acc=0.2809
[ 2022-08-04 11:25:53,492][train.train_nn_models] [Validation] Epoch=32, nll=678.5621, acc=0.2905
[ 2022-08-04 11:25:55,470][train.train_nn_models] [Training] Epoch=33, loss=690.2401, nll=690.2401, l2_reg=0.0000, acc=0.2810
[ 2022-08-04 11:25:55,471][train.train_nn_models] [Validation] Epoch=33, nll=678.5500, acc=0.2904
[ 2022-08-04 11:25:57,472][train.train_nn_models] [Training] Epoch=34, loss=690.2245, nll=690.2245, l2_reg=0.0000, acc=0.2808
[ 2022-08-04 11:25:57,472][train.train_nn_models] [Validation] Epoch=34, nll=678.5377, acc=0.2906
[ 2022-08-04 11:25:59,895][train.train_nn_models] [Training] Epoch=35, loss=690.2094, nll=690.2094, l2_reg=0.0000, acc=0.2806
[ 2022-08-04 11:25:59,895][train.train_nn_models] [Validation] Epoch=35, nll=678.5248, acc=0.2893
[ 2022-08-04 11:26:01,898][train.train_nn_models] [Training] Epoch=36, loss=690.1942, nll=690.1942, l2_reg=0.0000, acc=0.2804
[ 2022-08-04 11:26:01,899][train.train_nn_models] [Validation] Epoch=36, nll=678.5112, acc=0.2893
[ 2022-08-04 11:26:03,891][train.train_nn_models] [Training] Epoch=37, loss=690.1791, nll=690.1791, l2_reg=0.0000, acc=0.2805
[ 2022-08-04 11:26:03,891][train.train_nn_models] [Validation] Epoch=37, nll=678.4968, acc=0.2893
[ 2022-08-04 11:26:06,053][train.train_nn_models] [Training] Epoch=38, loss=690.1639, nll=690.1639, l2_reg=0.0000, acc=0.2806
[ 2022-08-04 11:26:06,053][train.train_nn_models] [Validation] Epoch=38, nll=678.4816, acc=0.2883
[ 2022-08-04 11:26:07,944][train.train_nn_models] [Training] Epoch=39, loss=690.1484, nll=690.1484, l2_reg=0.0000, acc=0.2806
[ 2022-08-04 11:26:07,944][train.train_nn_models] [Validation] Epoch=39, nll=678.4656, acc=0.2883
[ 2022-08-04 11:26:09,817][train.train_nn_models] [Training] Epoch=40, loss=690.1324, nll=690.1324, l2_reg=0.0000, acc=0.2807
[ 2022-08-04 11:26:09,817][train.train_nn_models] [Validation] Epoch=40, nll=678.4487, acc=0.2871
[ 2022-08-04 11:26:11,671][train.train_nn_models] [Training] Epoch=41, loss=690.1161, nll=690.1161, l2_reg=0.0000, acc=0.2807
[ 2022-08-04 11:26:11,671][train.train_nn_models] [Validation] Epoch=41, nll=678.4310, acc=0.2880
[ 2022-08-04 11:26:13,551][train.train_nn_models] [Training] Epoch=42, loss=690.0995, nll=690.0995, l2_reg=0.0000, acc=0.2809
[ 2022-08-04 11:26:13,552][train.train_nn_models] [Validation] Epoch=42, nll=678.4130, acc=0.2884
[ 2022-08-04 11:26:15,507][train.train_nn_models] [Training] Epoch=43, loss=690.0826, nll=690.0826, l2_reg=0.0000, acc=0.2812
[ 2022-08-04 11:26:15,508][train.train_nn_models] [Validation] Epoch=43, nll=678.3948, acc=0.2878
[ 2022-08-04 11:26:17,598][train.train_nn_models] [Training] Epoch=44, loss=690.0657, nll=690.0657, l2_reg=0.0000, acc=0.2812
[ 2022-08-04 11:26:17,598][train.train_nn_models] [Validation] Epoch=44, nll=678.3762, acc=0.2887
[ 2022-08-04 11:26:19,521][train.train_nn_models] [Training] Epoch=45, loss=690.0483, nll=690.0483, l2_reg=0.0000, acc=0.2813
[ 2022-08-04 11:26:19,521][train.train_nn_models] [Validation] Epoch=45, nll=678.3572, acc=0.2881
[ 2022-08-04 11:26:21,487][train.train_nn_models] [Training] Epoch=46, loss=690.0307, nll=690.0307, l2_reg=0.0000, acc=0.2809
[ 2022-08-04 11:26:21,487][train.train_nn_models] [Validation] Epoch=46, nll=678.3384, acc=0.2885
[ 2022-08-04 11:26:23,564][train.train_nn_models] [Training] Epoch=47, loss=690.0123, nll=690.0123, l2_reg=0.0000, acc=0.2812
[ 2022-08-04 11:26:23,565][train.train_nn_models] [Validation] Epoch=47, nll=678.3181, acc=0.2904
[ 2022-08-04 11:26:25,600][train.train_nn_models] [Training] Epoch=48, loss=689.9932, nll=689.9932, l2_reg=0.0000, acc=0.2811
[ 2022-08-04 11:26:25,600][train.train_nn_models] [Validation] Epoch=48, nll=678.2965, acc=0.2899
[ 2022-08-04 11:26:27,658][train.train_nn_models] [Training] Epoch=49, loss=689.9722, nll=689.9722, l2_reg=0.0000, acc=0.2812
[ 2022-08-04 11:26:27,658][train.train_nn_models] [Validation] Epoch=49, nll=678.2693, acc=0.2894
[ 2022-08-04 11:26:29,655][train.train_nn_models] [Training] Epoch=50, loss=689.9425, nll=689.9425, l2_reg=0.0000, acc=0.2813
[ 2022-08-04 11:26:29,655][train.train_nn_models] [Validation] Epoch=50, nll=678.2021, acc=0.2900
[ 2022-08-04 11:26:31,747][train.train_nn_models] [Training] Epoch=51, loss=689.8446, nll=689.8446, l2_reg=0.0000, acc=0.2813
[ 2022-08-04 11:26:31,748][train.train_nn_models] [Validation] Epoch=51, nll=677.9360, acc=0.2884
[ 2022-08-04 11:26:33,707][train.train_nn_models] [Training] Epoch=52, loss=689.7847, nll=689.7847, l2_reg=0.0000, acc=0.2808
[ 2022-08-04 11:26:33,708][train.train_nn_models] [Validation] Epoch=52, nll=677.9138, acc=0.2887
[ 2022-08-04 11:26:35,659][train.train_nn_models] [Training] Epoch=53, loss=689.7228, nll=689.7228, l2_reg=0.0000, acc=0.2807
[ 2022-08-04 11:26:35,659][train.train_nn_models] [Validation] Epoch=53, nll=677.8266, acc=0.2893
[ 2022-08-04 11:26:37,654][train.train_nn_models] [Training] Epoch=54, loss=689.6647, nll=689.6647, l2_reg=0.0000, acc=0.2818
[ 2022-08-04 11:26:37,655][train.train_nn_models] [Validation] Epoch=54, nll=677.7499, acc=0.2905
[ 2022-08-04 11:26:39,666][train.train_nn_models] [Training] Epoch=55, loss=689.6053, nll=689.6053, l2_reg=0.0000, acc=0.2824
[ 2022-08-04 11:26:39,666][train.train_nn_models] [Validation] Epoch=55, nll=677.6154, acc=0.2894
[ 2022-08-04 11:26:41,655][train.train_nn_models] [Training] Epoch=56, loss=689.5775, nll=689.5775, l2_reg=0.0000, acc=0.2819
[ 2022-08-04 11:26:41,655][train.train_nn_models] [Validation] Epoch=56, nll=677.5477, acc=0.2883
[ 2022-08-04 11:26:43,686][train.train_nn_models] [Training] Epoch=57, loss=689.5362, nll=689.5362, l2_reg=0.0000, acc=0.2820
[ 2022-08-04 11:26:43,686][train.train_nn_models] [Validation] Epoch=57, nll=677.4869, acc=0.2885
[ 2022-08-04 11:26:45,711][train.train_nn_models] [Training] Epoch=58, loss=689.4988, nll=689.4988, l2_reg=0.0000, acc=0.2822
[ 2022-08-04 11:26:45,711][train.train_nn_models] [Validation] Epoch=58, nll=677.4332, acc=0.2896
[ 2022-08-04 11:26:47,672][train.train_nn_models] [Training] Epoch=59, loss=689.4517, nll=689.4517, l2_reg=0.0000, acc=0.2816
[ 2022-08-04 11:26:47,672][train.train_nn_models] [Validation] Epoch=59, nll=677.3574, acc=0.2894
[ 2022-08-04 11:26:49,614][train.train_nn_models] [Training] Epoch=60, loss=689.4070, nll=689.4070, l2_reg=0.0000, acc=0.2816
[ 2022-08-04 11:26:49,614][train.train_nn_models] [Validation] Epoch=60, nll=677.3003, acc=0.2893
[ 2022-08-04 11:26:51,569][train.train_nn_models] [Training] Epoch=61, loss=689.3583, nll=689.3583, l2_reg=0.0000, acc=0.2812
[ 2022-08-04 11:26:51,569][train.train_nn_models] [Validation] Epoch=61, nll=677.2205, acc=0.2894
[ 2022-08-04 11:26:53,529][train.train_nn_models] [Training] Epoch=62, loss=689.3130, nll=689.3130, l2_reg=0.0000, acc=0.2812
[ 2022-08-04 11:26:53,529][train.train_nn_models] [Validation] Epoch=62, nll=677.1589, acc=0.2902
[ 2022-08-04 11:26:55,475][train.train_nn_models] [Training] Epoch=63, loss=689.2620, nll=689.2620, l2_reg=0.0000, acc=0.2810
[ 2022-08-04 11:26:55,475][train.train_nn_models] [Validation] Epoch=63, nll=677.0784, acc=0.2909
[ 2022-08-04 11:26:57,430][train.train_nn_models] [Training] Epoch=64, loss=689.2040, nll=689.2040, l2_reg=0.0000, acc=0.2809
[ 2022-08-04 11:26:57,430][train.train_nn_models] [Validation] Epoch=64, nll=676.9901, acc=0.2913
[ 2022-08-04 11:26:59,448][train.train_nn_models] [Training] Epoch=65, loss=689.1423, nll=689.1423, l2_reg=0.0000, acc=0.2810
[ 2022-08-04 11:26:59,449][train.train_nn_models] [Validation] Epoch=65, nll=676.9268, acc=0.2911
[ 2022-08-04 11:27:01,466][train.train_nn_models] [Training] Epoch=66, loss=689.0714, nll=689.0714, l2_reg=0.0000, acc=0.2810
[ 2022-08-04 11:27:01,467][train.train_nn_models] [Validation] Epoch=66, nll=676.8448, acc=0.2913
[ 2022-08-04 11:27:03,485][train.train_nn_models] [Training] Epoch=67, loss=688.9943, nll=688.9943, l2_reg=0.0000, acc=0.2810
[ 2022-08-04 11:27:03,485][train.train_nn_models] [Validation] Epoch=67, nll=676.7653, acc=0.2914
[ 2022-08-04 11:27:05,487][train.train_nn_models] [Training] Epoch=68, loss=688.9233, nll=688.9233, l2_reg=0.0000, acc=0.2812
[ 2022-08-04 11:27:05,488][train.train_nn_models] [Validation] Epoch=68, nll=676.6684, acc=0.2904
[ 2022-08-04 11:27:07,562][train.train_nn_models] [Training] Epoch=69, loss=688.8730, nll=688.8730, l2_reg=0.0000, acc=0.2810
[ 2022-08-04 11:27:07,562][train.train_nn_models] [Validation] Epoch=69, nll=676.6541, acc=0.2909
[ 2022-08-04 11:27:09,581][train.train_nn_models] [Training] Epoch=70, loss=688.8015, nll=688.8015, l2_reg=0.0000, acc=0.2810
[ 2022-08-04 11:27:09,581][train.train_nn_models] [Validation] Epoch=70, nll=676.6773, acc=0.2929
[ 2022-08-04 11:27:11,911][train.train_nn_models] [Training] Epoch=71, loss=688.6456, nll=688.6456, l2_reg=0.0000, acc=0.2812
[ 2022-08-04 11:27:11,911][train.train_nn_models] [Validation] Epoch=71, nll=676.4807, acc=0.2925
[ 2022-08-04 11:27:14,754][train.train_nn_models] [Training] Epoch=72, loss=688.6125, nll=688.6125, l2_reg=0.0000, acc=0.2811
[ 2022-08-04 11:27:14,755][train.train_nn_models] [Validation] Epoch=72, nll=676.4675, acc=0.2910
[ 2022-08-04 11:27:17,618][train.train_nn_models] [Training] Epoch=73, loss=688.5701, nll=688.5701, l2_reg=0.0000, acc=0.2809
[ 2022-08-04 11:27:17,618][train.train_nn_models] [Validation] Epoch=73, nll=676.3506, acc=0.2899
[ 2022-08-04 11:27:20,366][train.train_nn_models] [Training] Epoch=74, loss=688.4181, nll=688.4181, l2_reg=0.0000, acc=0.2805
[ 2022-08-04 11:27:20,367][train.train_nn_models] [Validation] Epoch=74, nll=676.1811, acc=0.2897
[ 2022-08-04 11:27:23,022][train.train_nn_models] [Training] Epoch=75, loss=688.2243, nll=688.2243, l2_reg=0.0000, acc=0.2806
[ 2022-08-04 11:27:23,023][train.train_nn_models] [Validation] Epoch=75, nll=675.9983, acc=0.2899
[ 2022-08-04 11:27:25,135][train.train_nn_models] [Training] Epoch=76, loss=688.0001, nll=688.0001, l2_reg=0.0000, acc=0.2810
[ 2022-08-04 11:27:25,135][train.train_nn_models] [Validation] Epoch=76, nll=675.8265, acc=0.2900
[ 2022-08-04 11:27:27,297][train.train_nn_models] [Training] Epoch=77, loss=687.7736, nll=687.7736, l2_reg=0.0000, acc=0.2820
[ 2022-08-04 11:27:27,297][train.train_nn_models] [Validation] Epoch=77, nll=675.6870, acc=0.2889
[ 2022-08-04 11:27:29,316][train.train_nn_models] [Training] Epoch=78, loss=687.5161, nll=687.5161, l2_reg=0.0000, acc=0.2818
[ 2022-08-04 11:27:29,316][train.train_nn_models] [Validation] Epoch=78, nll=675.5311, acc=0.2884
[ 2022-08-04 11:27:31,403][train.train_nn_models] [Training] Epoch=79, loss=687.2075, nll=687.2075, l2_reg=0.0000, acc=0.2835
[ 2022-08-04 11:27:31,403][train.train_nn_models] [Validation] Epoch=79, nll=675.2982, acc=0.2893
[ 2022-08-04 11:27:33,427][train.train_nn_models] [Training] Epoch=80, loss=686.8268, nll=686.8268, l2_reg=0.0000, acc=0.2835
[ 2022-08-04 11:27:33,427][train.train_nn_models] [Validation] Epoch=80, nll=674.9149, acc=0.2902
[ 2022-08-04 11:27:35,686][train.train_nn_models] [Training] Epoch=81, loss=686.3394, nll=686.3394, l2_reg=0.0000, acc=0.2831
[ 2022-08-04 11:27:35,686][train.train_nn_models] [Validation] Epoch=81, nll=674.3207, acc=0.2927
[ 2022-08-04 11:27:37,652][train.train_nn_models] [Training] Epoch=82, loss=685.6813, nll=685.6813, l2_reg=0.0000, acc=0.2828
[ 2022-08-04 11:27:37,652][train.train_nn_models] [Validation] Epoch=82, nll=673.8500, acc=0.2925
[ 2022-08-04 11:27:39,621][train.train_nn_models] [Training] Epoch=83, loss=684.9506, nll=684.9506, l2_reg=0.0000, acc=0.2841
[ 2022-08-04 11:27:39,622][train.train_nn_models] [Validation] Epoch=83, nll=673.3985, acc=0.2942
[ 2022-08-04 11:27:41,550][train.train_nn_models] [Training] Epoch=84, loss=684.4664, nll=684.4664, l2_reg=0.0000, acc=0.2852
[ 2022-08-04 11:27:41,551][train.train_nn_models] [Validation] Epoch=84, nll=672.8930, acc=0.2926
[ 2022-08-04 11:27:43,581][train.train_nn_models] [Training] Epoch=85, loss=683.8356, nll=683.8356, l2_reg=0.0000, acc=0.2875
[ 2022-08-04 11:27:43,581][train.train_nn_models] [Validation] Epoch=85, nll=672.2325, acc=0.2945
[ 2022-08-04 11:27:45,539][train.train_nn_models] [Training] Epoch=86, loss=683.0794, nll=683.0794, l2_reg=0.0000, acc=0.2902
[ 2022-08-04 11:27:45,539][train.train_nn_models] [Validation] Epoch=86, nll=671.4528, acc=0.2995
[ 2022-08-04 11:27:47,462][train.train_nn_models] [Training] Epoch=87, loss=682.3823, nll=682.3823, l2_reg=0.0000, acc=0.2928
[ 2022-08-04 11:27:47,463][train.train_nn_models] [Validation] Epoch=87, nll=671.6346, acc=0.2989
[ 2022-08-04 11:27:49,389][train.train_nn_models] [Training] Epoch=88, loss=682.4591, nll=682.4591, l2_reg=0.0000, acc=0.2930
[ 2022-08-04 11:27:49,390][train.train_nn_models] [Validation] Epoch=88, nll=671.6084, acc=0.2967
[ 2022-08-04 11:27:51,347][train.train_nn_models] [Training] Epoch=89, loss=681.9526, nll=681.9526, l2_reg=0.0000, acc=0.2954
[ 2022-08-04 11:27:51,347][train.train_nn_models] [Validation] Epoch=89, nll=669.8896, acc=0.3009
[ 2022-08-04 11:27:53,328][train.train_nn_models] [Training] Epoch=90, loss=680.9369, nll=680.9369, l2_reg=0.0000, acc=0.2979
[ 2022-08-04 11:27:53,328][train.train_nn_models] [Validation] Epoch=90, nll=668.9536, acc=0.3071
[ 2022-08-04 11:27:55,285][train.train_nn_models] [Training] Epoch=91, loss=679.7889, nll=679.7889, l2_reg=0.0000, acc=0.3014
[ 2022-08-04 11:27:55,286][train.train_nn_models] [Validation] Epoch=91, nll=668.8133, acc=0.3044
[ 2022-08-04 11:27:57,264][train.train_nn_models] [Training] Epoch=92, loss=679.2401, nll=679.2401, l2_reg=0.0000, acc=0.3021
[ 2022-08-04 11:27:57,264][train.train_nn_models] [Validation] Epoch=92, nll=668.2563, acc=0.3063
[ 2022-08-04 11:27:59,225][train.train_nn_models] [Training] Epoch=93, loss=678.1839, nll=678.1839, l2_reg=0.0000, acc=0.3040
[ 2022-08-04 11:27:59,226][train.train_nn_models] [Validation] Epoch=93, nll=666.6492, acc=0.3114
[ 2022-08-04 11:28:01,579][train.train_nn_models] [Training] Epoch=94, loss=676.5538, nll=676.5538, l2_reg=0.0000, acc=0.3087
[ 2022-08-04 11:28:01,579][train.train_nn_models] [Validation] Epoch=94, nll=665.8257, acc=0.3103
[ 2022-08-04 11:28:03,612][train.train_nn_models] [Training] Epoch=95, loss=675.8126, nll=675.8126, l2_reg=0.0000, acc=0.3104
[ 2022-08-04 11:28:03,613][train.train_nn_models] [Validation] Epoch=95, nll=667.6833, acc=0.3023
[ 2022-08-04 11:28:05,815][train.train_nn_models] [Training] Epoch=96, loss=675.3113, nll=675.3113, l2_reg=0.0000, acc=0.3098
[ 2022-08-04 11:28:05,815][train.train_nn_models] [Validation] Epoch=96, nll=663.9723, acc=0.3142
[ 2022-08-04 11:28:08,066][train.train_nn_models] [Training] Epoch=97, loss=674.6558, nll=674.6558, l2_reg=0.0000, acc=0.3132
[ 2022-08-04 11:28:08,066][train.train_nn_models] [Validation] Epoch=97, nll=664.3745, acc=0.3138
[ 2022-08-04 11:28:10,426][train.train_nn_models] [Training] Epoch=98, loss=671.9578, nll=671.9578, l2_reg=0.0000, acc=0.3205
[ 2022-08-04 11:28:10,426][train.train_nn_models] [Validation] Epoch=98, nll=659.8893, acc=0.3187
[ 2022-08-04 11:28:13,083][train.train_nn_models] [Training] Epoch=99, loss=668.0970, nll=668.0970, l2_reg=0.0000, acc=0.3293
[ 2022-08-04 11:28:13,083][train.train_nn_models] [Validation] Epoch=99, nll=655.5013, acc=0.3374
[ 2022-08-04 11:28:15,747][train.train_nn_models] [Training] Epoch=100, loss=666.3876, nll=666.3876, l2_reg=0.0000, acc=0.3338
[ 2022-08-04 11:28:15,747][train.train_nn_models] [Validation] Epoch=100, nll=656.5504, acc=0.3295
[ 2022-08-04 11:28:18,309][train.train_nn_models] [Training] Epoch=101, loss=663.0123, nll=663.0123, l2_reg=0.0000, acc=0.3407
[ 2022-08-04 11:28:18,309][train.train_nn_models] [Validation] Epoch=101, nll=649.5914, acc=0.3492
[ 2022-08-04 11:28:18,310][train.train_nn_models] Found a better model at epoch 101.
[ 2022-08-04 11:28:20,361][train.train_nn_models] [Training] Epoch=102, loss=667.9498, nll=667.9498, l2_reg=0.0000, acc=0.3259
[ 2022-08-04 11:28:20,361][train.train_nn_models] [Validation] Epoch=102, nll=654.6180, acc=0.3362
[ 2022-08-04 11:28:22,314][train.train_nn_models] [Training] Epoch=103, loss=660.7501, nll=660.7501, l2_reg=0.0000, acc=0.3487
[ 2022-08-04 11:28:22,314][train.train_nn_models] [Validation] Epoch=103, nll=645.9285, acc=0.3577
[ 2022-08-04 11:28:22,314][train.train_nn_models] Found a better model at epoch 103.
[ 2022-08-04 11:28:24,209][train.train_nn_models] [Training] Epoch=104, loss=653.1329, nll=653.1329, l2_reg=0.0000, acc=0.3690
[ 2022-08-04 11:28:24,210][train.train_nn_models] [Validation] Epoch=104, nll=639.7924, acc=0.3719
[ 2022-08-04 11:28:24,210][train.train_nn_models] Found a better model at epoch 104.
[ 2022-08-04 11:28:26,195][train.train_nn_models] [Training] Epoch=105, loss=655.8613, nll=655.8613, l2_reg=0.0000, acc=0.3563
[ 2022-08-04 11:28:26,196][train.train_nn_models] [Validation] Epoch=105, nll=651.2512, acc=0.3400
[ 2022-08-04 11:28:28,089][train.train_nn_models] [Training] Epoch=106, loss=653.3135, nll=653.3135, l2_reg=0.0000, acc=0.3636
[ 2022-08-04 11:28:28,090][train.train_nn_models] [Validation] Epoch=106, nll=644.9197, acc=0.3512
[ 2022-08-04 11:28:30,044][train.train_nn_models] [Training] Epoch=107, loss=653.3907, nll=653.3907, l2_reg=0.0000, acc=0.3612
[ 2022-08-04 11:28:30,044][train.train_nn_models] [Validation] Epoch=107, nll=636.2536, acc=0.3840
[ 2022-08-04 11:28:30,044][train.train_nn_models] Found a better model at epoch 107.
[ 2022-08-04 11:28:32,041][train.train_nn_models] [Training] Epoch=108, loss=644.2783, nll=644.2783, l2_reg=0.0000, acc=0.3861
[ 2022-08-04 11:28:32,042][train.train_nn_models] [Validation] Epoch=108, nll=632.1837, acc=0.3889
[ 2022-08-04 11:28:32,042][train.train_nn_models] Found a better model at epoch 108.
[ 2022-08-04 11:28:34,041][train.train_nn_models] [Training] Epoch=109, loss=655.2689, nll=655.2689, l2_reg=0.0000, acc=0.3617
[ 2022-08-04 11:28:34,042][train.train_nn_models] [Validation] Epoch=109, nll=642.6738, acc=0.3686
[ 2022-08-04 11:28:36,139][train.train_nn_models] [Training] Epoch=110, loss=648.6259, nll=648.6259, l2_reg=0.0000, acc=0.3721
[ 2022-08-04 11:28:36,139][train.train_nn_models] [Validation] Epoch=110, nll=636.1329, acc=0.3882
[ 2022-08-04 11:28:38,054][train.train_nn_models] [Training] Epoch=111, loss=640.7541, nll=640.7541, l2_reg=0.0000, acc=0.3958
[ 2022-08-04 11:28:38,055][train.train_nn_models] [Validation] Epoch=111, nll=633.1710, acc=0.3869
[ 2022-08-04 11:28:39,954][train.train_nn_models] [Training] Epoch=112, loss=641.1385, nll=641.1385, l2_reg=0.0000, acc=0.3908
[ 2022-08-04 11:28:39,954][train.train_nn_models] [Validation] Epoch=112, nll=635.5681, acc=0.3788
[ 2022-08-04 11:28:41,895][train.train_nn_models] [Training] Epoch=113, loss=636.2863, nll=636.2863, l2_reg=0.0000, acc=0.4081
[ 2022-08-04 11:28:41,895][train.train_nn_models] [Validation] Epoch=113, nll=625.0416, acc=0.4069
[ 2022-08-04 11:28:41,895][train.train_nn_models] Found a better model at epoch 113.
[ 2022-08-04 11:28:43,853][train.train_nn_models] [Training] Epoch=114, loss=633.9236, nll=633.9236, l2_reg=0.0000, acc=0.4082
[ 2022-08-04 11:28:43,854][train.train_nn_models] [Validation] Epoch=114, nll=627.4944, acc=0.4046
[ 2022-08-04 11:28:45,830][train.train_nn_models] [Training] Epoch=115, loss=638.0779, nll=638.0779, l2_reg=0.0000, acc=0.3985
[ 2022-08-04 11:28:45,830][train.train_nn_models] [Validation] Epoch=115, nll=631.1814, acc=0.3982
[ 2022-08-04 11:28:47,795][train.train_nn_models] [Training] Epoch=116, loss=629.1297, nll=629.1297, l2_reg=0.0000, acc=0.4236
[ 2022-08-04 11:28:47,795][train.train_nn_models] [Validation] Epoch=116, nll=620.6004, acc=0.4186
[ 2022-08-04 11:28:47,795][train.train_nn_models] Found a better model at epoch 116.
[ 2022-08-04 11:28:49,785][train.train_nn_models] [Training] Epoch=117, loss=630.7671, nll=630.7671, l2_reg=0.0000, acc=0.4141
[ 2022-08-04 11:28:49,785][train.train_nn_models] [Validation] Epoch=117, nll=623.7316, acc=0.4167
[ 2022-08-04 11:28:51,853][train.train_nn_models] [Training] Epoch=118, loss=622.7930, nll=622.7930, l2_reg=0.0000, acc=0.4341
[ 2022-08-04 11:28:51,853][train.train_nn_models] [Validation] Epoch=118, nll=612.0027, acc=0.4326
[ 2022-08-04 11:28:51,854][train.train_nn_models] Found a better model at epoch 118.
[ 2022-08-04 11:28:53,871][train.train_nn_models] [Training] Epoch=119, loss=616.8047, nll=616.8047, l2_reg=0.0000, acc=0.4474
[ 2022-08-04 11:28:53,872][train.train_nn_models] [Validation] Epoch=119, nll=608.5494, acc=0.4408
[ 2022-08-04 11:28:53,872][train.train_nn_models] Found a better model at epoch 119.
[ 2022-08-04 11:28:56,014][train.train_nn_models] [Training] Epoch=120, loss=663.6091, nll=663.6091, l2_reg=0.0000, acc=0.3551
[ 2022-08-04 11:28:56,015][train.train_nn_models] [Validation] Epoch=120, nll=661.5255, acc=0.3128
[ 2022-08-04 11:28:58,427][train.train_nn_models] [Training] Epoch=121, loss=663.8066, nll=663.8066, l2_reg=0.0000, acc=0.3323
[ 2022-08-04 11:28:58,427][train.train_nn_models] [Validation] Epoch=121, nll=646.8360, acc=0.3459
[ 2022-08-04 11:29:01,131][train.train_nn_models] [Training] Epoch=122, loss=645.1201, nll=645.1201, l2_reg=0.0000, acc=0.3789
[ 2022-08-04 11:29:01,132][train.train_nn_models] [Validation] Epoch=122, nll=631.7122, acc=0.3822
[ 2022-08-04 11:29:03,781][train.train_nn_models] [Training] Epoch=123, loss=632.0423, nll=632.0423, l2_reg=0.0000, acc=0.4181
[ 2022-08-04 11:29:03,781][train.train_nn_models] [Validation] Epoch=123, nll=619.1749, acc=0.4268
[ 2022-08-04 11:29:05,698][train.train_nn_models] [Training] Epoch=124, loss=624.8276, nll=624.8276, l2_reg=0.0000, acc=0.4303
[ 2022-08-04 11:29:05,698][train.train_nn_models] [Validation] Epoch=124, nll=619.8828, acc=0.4125
[ 2022-08-04 11:29:07,568][train.train_nn_models] [Training] Epoch=125, loss=621.1088, nll=621.1088, l2_reg=0.0000, acc=0.4350
[ 2022-08-04 11:29:07,568][train.train_nn_models] [Validation] Epoch=125, nll=621.8027, acc=0.4066
[ 2022-08-04 11:29:09,393][train.train_nn_models] [Training] Epoch=126, loss=615.6995, nll=615.6995, l2_reg=0.0000, acc=0.4451
[ 2022-08-04 11:29:09,394][train.train_nn_models] [Validation] Epoch=126, nll=608.4788, acc=0.4386
[ 2022-08-04 11:29:09,394][train.train_nn_models] Found a better model at epoch 126.
[ 2022-08-04 11:29:11,266][train.train_nn_models] [Training] Epoch=127, loss=614.2997, nll=614.2997, l2_reg=0.0000, acc=0.4477
[ 2022-08-04 11:29:11,266][train.train_nn_models] [Validation] Epoch=127, nll=608.1295, acc=0.4391
[ 2022-08-04 11:29:11,266][train.train_nn_models] Found a better model at epoch 127.
[ 2022-08-04 11:29:13,121][train.train_nn_models] [Training] Epoch=128, loss=607.9582, nll=607.9582, l2_reg=0.0000, acc=0.4612
[ 2022-08-04 11:29:13,121][train.train_nn_models] [Validation] Epoch=128, nll=600.9532, acc=0.4521
[ 2022-08-04 11:29:13,121][train.train_nn_models] Found a better model at epoch 128.
[ 2022-08-04 11:29:15,002][train.train_nn_models] [Training] Epoch=129, loss=609.6307, nll=609.6307, l2_reg=0.0000, acc=0.4532
[ 2022-08-04 11:29:15,002][train.train_nn_models] [Validation] Epoch=129, nll=617.9843, acc=0.4286
[ 2022-08-04 11:29:16,962][train.train_nn_models] [Training] Epoch=130, loss=645.4032, nll=645.4032, l2_reg=0.0000, acc=0.3962
[ 2022-08-04 11:29:16,963][train.train_nn_models] [Validation] Epoch=130, nll=632.8063, acc=0.4016
[ 2022-08-04 11:29:18,872][train.train_nn_models] [Training] Epoch=131, loss=628.9924, nll=628.9924, l2_reg=0.0000, acc=0.4282
[ 2022-08-04 11:29:18,872][train.train_nn_models] [Validation] Epoch=131, nll=622.3470, acc=0.4127
[ 2022-08-04 11:29:20,869][train.train_nn_models] [Training] Epoch=132, loss=621.5868, nll=621.5868, l2_reg=0.0000, acc=0.4365
[ 2022-08-04 11:29:20,869][train.train_nn_models] [Validation] Epoch=132, nll=620.7446, acc=0.4196
[ 2022-08-04 11:29:22,829][train.train_nn_models] [Training] Epoch=133, loss=609.8760, nll=609.8760, l2_reg=0.0000, acc=0.4563
[ 2022-08-04 11:29:22,830][train.train_nn_models] [Validation] Epoch=133, nll=601.5231, acc=0.4532
[ 2022-08-04 11:29:24,833][train.train_nn_models] [Training] Epoch=134, loss=601.5434, nll=601.5434, l2_reg=0.0000, acc=0.4712
[ 2022-08-04 11:29:24,833][train.train_nn_models] [Validation] Epoch=134, nll=599.4773, acc=0.4575
[ 2022-08-04 11:29:24,833][train.train_nn_models] Found a better model at epoch 134.
[ 2022-08-04 11:29:26,844][train.train_nn_models] [Training] Epoch=135, loss=618.5782, nll=618.5782, l2_reg=0.0000, acc=0.4365
[ 2022-08-04 11:29:26,845][train.train_nn_models] [Validation] Epoch=135, nll=617.2923, acc=0.4301
[ 2022-08-04 11:29:29,086][train.train_nn_models] [Training] Epoch=136, loss=612.5845, nll=612.5845, l2_reg=0.0000, acc=0.4545
[ 2022-08-04 11:29:29,087][train.train_nn_models] [Validation] Epoch=136, nll=602.6913, acc=0.4560
[ 2022-08-04 11:29:31,318][train.train_nn_models] [Training] Epoch=137, loss=600.3569, nll=600.3569, l2_reg=0.0000, acc=0.4736
[ 2022-08-04 11:29:31,383][train.train_nn_models] [Validation] Epoch=137, nll=594.8431, acc=0.4589
[ 2022-08-04 11:29:31,383][train.train_nn_models] Found a better model at epoch 137.
[ 2022-08-04 11:29:33,962][train.train_nn_models] [Training] Epoch=138, loss=619.8610, nll=619.8610, l2_reg=0.0000, acc=0.4397
[ 2022-08-04 11:29:33,963][train.train_nn_models] [Validation] Epoch=138, nll=629.7809, acc=0.3899
[ 2022-08-04 11:29:36,047][train.train_nn_models] [Training] Epoch=139, loss=620.9450, nll=620.9450, l2_reg=0.0000, acc=0.4352
[ 2022-08-04 11:29:36,048][train.train_nn_models] [Validation] Epoch=139, nll=617.8055, acc=0.4295
[ 2022-08-04 11:29:38,126][train.train_nn_models] [Training] Epoch=140, loss=611.2876, nll=611.2876, l2_reg=0.0000, acc=0.4591
[ 2022-08-04 11:29:38,126][train.train_nn_models] [Validation] Epoch=140, nll=601.5890, acc=0.4591
[ 2022-08-04 11:29:40,255][train.train_nn_models] [Training] Epoch=141, loss=598.0200, nll=598.0200, l2_reg=0.0000, acc=0.4802
[ 2022-08-04 11:29:40,255][train.train_nn_models] [Validation] Epoch=141, nll=593.8281, acc=0.4653
[ 2022-08-04 11:29:40,255][train.train_nn_models] Found a better model at epoch 141.
[ 2022-08-04 11:29:42,816][train.train_nn_models] [Training] Epoch=142, loss=594.3629, nll=594.3629, l2_reg=0.0000, acc=0.4818
[ 2022-08-04 11:29:42,817][train.train_nn_models] [Validation] Epoch=142, nll=593.6401, acc=0.4660
[ 2022-08-04 11:29:42,817][train.train_nn_models] Found a better model at epoch 142.
[ 2022-08-04 11:29:44,893][train.train_nn_models] [Training] Epoch=143, loss=602.4478, nll=602.4478, l2_reg=0.0000, acc=0.4669
[ 2022-08-04 11:29:44,894][train.train_nn_models] [Validation] Epoch=143, nll=595.4717, acc=0.4577
[ 2022-08-04 11:29:46,969][train.train_nn_models] [Training] Epoch=144, loss=597.8824, nll=597.8824, l2_reg=0.0000, acc=0.4775
[ 2022-08-04 11:29:46,969][train.train_nn_models] [Validation] Epoch=144, nll=593.2504, acc=0.4658
[ 2022-08-04 11:29:46,969][train.train_nn_models] Found a better model at epoch 144.
[ 2022-08-04 11:29:49,095][train.train_nn_models] [Training] Epoch=145, loss=594.4728, nll=594.4728, l2_reg=0.0000, acc=0.4835
[ 2022-08-04 11:29:49,096][train.train_nn_models] [Validation] Epoch=145, nll=590.5521, acc=0.4673
[ 2022-08-04 11:29:49,096][train.train_nn_models] Found a better model at epoch 145.
[ 2022-08-04 11:29:51,141][train.train_nn_models] [Training] Epoch=146, loss=591.7097, nll=591.7097, l2_reg=0.0000, acc=0.4880
[ 2022-08-04 11:29:51,141][train.train_nn_models] [Validation] Epoch=146, nll=596.1257, acc=0.4608
[ 2022-08-04 11:29:53,151][train.train_nn_models] [Training] Epoch=147, loss=595.0129, nll=595.0129, l2_reg=0.0000, acc=0.4818
[ 2022-08-04 11:29:53,151][train.train_nn_models] [Validation] Epoch=147, nll=589.2312, acc=0.4717
[ 2022-08-04 11:29:53,151][train.train_nn_models] Found a better model at epoch 147.
[ 2022-08-04 11:29:55,179][train.train_nn_models] [Training] Epoch=148, loss=587.3350, nll=587.3350, l2_reg=0.0000, acc=0.4965
[ 2022-08-04 11:29:55,180][train.train_nn_models] [Validation] Epoch=148, nll=585.9749, acc=0.4855
[ 2022-08-04 11:29:55,180][train.train_nn_models] Found a better model at epoch 148.
[ 2022-08-04 11:29:57,198][train.train_nn_models] [Training] Epoch=149, loss=593.4166, nll=593.4166, l2_reg=0.0000, acc=0.4815
[ 2022-08-04 11:29:57,198][train.train_nn_models] [Validation] Epoch=149, nll=600.2798, acc=0.4533
[ 2022-08-04 11:29:59,182][train.train_nn_models] [Training] Epoch=150, loss=590.1019, nll=590.1019, l2_reg=0.0000, acc=0.4917
[ 2022-08-04 11:29:59,183][train.train_nn_models] [Validation] Epoch=150, nll=584.0020, acc=0.4894
[ 2022-08-04 11:29:59,183][train.train_nn_models] Found a better model at epoch 150.
[ 2022-08-04 11:30:01,182][train.train_nn_models] [Training] Epoch=151, loss=582.0145, nll=582.0145, l2_reg=0.0000, acc=0.5032
[ 2022-08-04 11:30:01,182][train.train_nn_models] [Validation] Epoch=151, nll=578.5099, acc=0.4915
[ 2022-08-04 11:30:01,182][train.train_nn_models] Found a better model at epoch 151.
[ 2022-08-04 11:30:03,135][train.train_nn_models] [Training] Epoch=152, loss=582.1917, nll=582.1917, l2_reg=0.0000, acc=0.4966
[ 2022-08-04 11:30:03,136][train.train_nn_models] [Validation] Epoch=152, nll=575.6757, acc=0.4903
[ 2022-08-04 11:30:03,136][train.train_nn_models] Found a better model at epoch 152.
[ 2022-08-04 11:30:05,118][train.train_nn_models] [Training] Epoch=153, loss=589.5900, nll=589.5900, l2_reg=0.0000, acc=0.4878
[ 2022-08-04 11:30:05,118][train.train_nn_models] [Validation] Epoch=153, nll=594.8361, acc=0.4636
[ 2022-08-04 11:30:06,972][train.train_nn_models] [Training] Epoch=154, loss=586.7322, nll=586.7322, l2_reg=0.0000, acc=0.4955
[ 2022-08-04 11:30:06,972][train.train_nn_models] [Validation] Epoch=154, nll=586.5085, acc=0.4750
[ 2022-08-04 11:30:08,805][train.train_nn_models] [Training] Epoch=155, loss=591.0491, nll=591.0491, l2_reg=0.0000, acc=0.4865
[ 2022-08-04 11:30:08,806][train.train_nn_models] [Validation] Epoch=155, nll=592.0526, acc=0.4683
[ 2022-08-04 11:30:10,651][train.train_nn_models] [Training] Epoch=156, loss=585.1410, nll=585.1410, l2_reg=0.0000, acc=0.4952
[ 2022-08-04 11:30:10,651][train.train_nn_models] [Validation] Epoch=156, nll=582.7737, acc=0.4770
[ 2022-08-04 11:30:12,514][train.train_nn_models] [Training] Epoch=157, loss=577.1722, nll=577.1722, l2_reg=0.0000, acc=0.5053
[ 2022-08-04 11:30:12,514][train.train_nn_models] [Validation] Epoch=157, nll=574.9387, acc=0.4952
[ 2022-08-04 11:30:12,514][train.train_nn_models] Found a better model at epoch 157.
[ 2022-08-04 11:30:14,371][train.train_nn_models] [Training] Epoch=158, loss=574.5074, nll=574.5074, l2_reg=0.0000, acc=0.5083
[ 2022-08-04 11:30:14,371][train.train_nn_models] [Validation] Epoch=158, nll=574.1769, acc=0.4875
[ 2022-08-04 11:30:14,371][train.train_nn_models] Found a better model at epoch 158.
[ 2022-08-04 11:30:16,367][train.train_nn_models] [Training] Epoch=159, loss=568.8289, nll=568.8289, l2_reg=0.0000, acc=0.5138
[ 2022-08-04 11:30:16,367][train.train_nn_models] [Validation] Epoch=159, nll=564.4433, acc=0.5091
[ 2022-08-04 11:30:16,367][train.train_nn_models] Found a better model at epoch 159.
[ 2022-08-04 11:30:18,398][train.train_nn_models] [Training] Epoch=160, loss=570.4151, nll=570.4151, l2_reg=0.0000, acc=0.5111
[ 2022-08-04 11:30:18,399][train.train_nn_models] [Validation] Epoch=160, nll=571.8654, acc=0.4920
[ 2022-08-04 11:30:20,429][train.train_nn_models] [Training] Epoch=161, loss=574.5659, nll=574.5659, l2_reg=0.0000, acc=0.5135
[ 2022-08-04 11:30:20,429][train.train_nn_models] [Validation] Epoch=161, nll=567.0416, acc=0.4981
[ 2022-08-04 11:30:22,377][train.train_nn_models] [Training] Epoch=162, loss=570.0496, nll=570.0496, l2_reg=0.0000, acc=0.5096
[ 2022-08-04 11:30:22,378][train.train_nn_models] [Validation] Epoch=162, nll=571.8853, acc=0.4938
[ 2022-08-04 11:30:24,403][train.train_nn_models] [Training] Epoch=163, loss=567.2502, nll=567.2502, l2_reg=0.0000, acc=0.5085
[ 2022-08-04 11:30:24,403][train.train_nn_models] [Validation] Epoch=163, nll=564.5125, acc=0.4967
[ 2022-08-04 11:30:26,504][train.train_nn_models] [Training] Epoch=164, loss=566.2015, nll=566.2015, l2_reg=0.0000, acc=0.5062
[ 2022-08-04 11:30:26,505][train.train_nn_models] [Validation] Epoch=164, nll=568.4968, acc=0.4875
[ 2022-08-04 11:30:28,559][train.train_nn_models] [Training] Epoch=165, loss=558.4754, nll=558.4754, l2_reg=0.0000, acc=0.5175
[ 2022-08-04 11:30:28,560][train.train_nn_models] [Validation] Epoch=165, nll=557.6627, acc=0.5055
[ 2022-08-04 11:30:28,560][train.train_nn_models] Found a better model at epoch 165.
[ 2022-08-04 11:30:30,607][train.train_nn_models] [Training] Epoch=166, loss=562.8234, nll=562.8234, l2_reg=0.0000, acc=0.5172
[ 2022-08-04 11:30:30,607][train.train_nn_models] [Validation] Epoch=166, nll=555.9866, acc=0.5084
[ 2022-08-04 11:30:30,607][train.train_nn_models] Found a better model at epoch 166.
[ 2022-08-04 11:30:32,725][train.train_nn_models] [Training] Epoch=167, loss=555.7550, nll=555.7550, l2_reg=0.0000, acc=0.5176
[ 2022-08-04 11:30:32,725][train.train_nn_models] [Validation] Epoch=167, nll=553.2057, acc=0.5059
[ 2022-08-04 11:30:32,725][train.train_nn_models] Found a better model at epoch 167.
[ 2022-08-04 11:30:34,784][train.train_nn_models] [Training] Epoch=168, loss=553.6894, nll=553.6894, l2_reg=0.0000, acc=0.5185
[ 2022-08-04 11:30:34,784][train.train_nn_models] [Validation] Epoch=168, nll=575.5464, acc=0.4538
[ 2022-08-04 11:30:36,861][train.train_nn_models] [Training] Epoch=169, loss=608.9520, nll=608.9520, l2_reg=0.0000, acc=0.4689
[ 2022-08-04 11:30:36,861][train.train_nn_models] [Validation] Epoch=169, nll=599.5945, acc=0.4573
[ 2022-08-04 11:30:38,922][train.train_nn_models] [Training] Epoch=170, loss=588.1760, nll=588.1760, l2_reg=0.0000, acc=0.4789
[ 2022-08-04 11:30:38,922][train.train_nn_models] [Validation] Epoch=170, nll=580.9866, acc=0.4646
[ 2022-08-04 11:30:40,957][train.train_nn_models] [Training] Epoch=171, loss=567.9879, nll=567.9879, l2_reg=0.0000, acc=0.5048
[ 2022-08-04 11:30:40,957][train.train_nn_models] [Validation] Epoch=171, nll=561.7258, acc=0.4999
[ 2022-08-04 11:30:42,963][train.train_nn_models] [Training] Epoch=172, loss=556.6636, nll=556.6636, l2_reg=0.0000, acc=0.5214
[ 2022-08-04 11:30:42,964][train.train_nn_models] [Validation] Epoch=172, nll=575.6368, acc=0.4719
[ 2022-08-04 11:30:45,044][train.train_nn_models] [Training] Epoch=173, loss=561.4788, nll=561.4788, l2_reg=0.0000, acc=0.5117
[ 2022-08-04 11:30:45,045][train.train_nn_models] [Validation] Epoch=173, nll=559.5262, acc=0.4984
[ 2022-08-04 11:30:47,056][train.train_nn_models] [Training] Epoch=174, loss=545.6177, nll=545.6177, l2_reg=0.0000, acc=0.5280
[ 2022-08-04 11:30:47,056][train.train_nn_models] [Validation] Epoch=174, nll=539.3824, acc=0.5249
[ 2022-08-04 11:30:47,056][train.train_nn_models] Found a better model at epoch 174.
[ 2022-08-04 11:30:49,057][train.train_nn_models] [Training] Epoch=175, loss=547.1552, nll=547.1552, l2_reg=0.0000, acc=0.5317
[ 2022-08-04 11:30:49,057][train.train_nn_models] [Validation] Epoch=175, nll=569.9061, acc=0.5012
[ 2022-08-04 11:30:51,082][train.train_nn_models] [Training] Epoch=176, loss=601.3196, nll=601.3196, l2_reg=0.0000, acc=0.4887
[ 2022-08-04 11:30:51,082][train.train_nn_models] [Validation] Epoch=176, nll=587.3630, acc=0.4820
[ 2022-08-04 11:30:53,065][train.train_nn_models] [Training] Epoch=177, loss=568.7824, nll=568.7824, l2_reg=0.0000, acc=0.5072
[ 2022-08-04 11:30:53,065][train.train_nn_models] [Validation] Epoch=177, nll=555.7441, acc=0.5051
[ 2022-08-04 11:30:55,006][train.train_nn_models] [Training] Epoch=178, loss=542.1793, nll=542.1793, l2_reg=0.0000, acc=0.5338
[ 2022-08-04 11:30:55,006][train.train_nn_models] [Validation] Epoch=178, nll=535.8816, acc=0.5229
[ 2022-08-04 11:30:55,007][train.train_nn_models] Found a better model at epoch 178.
[ 2022-08-04 11:30:56,883][train.train_nn_models] [Training] Epoch=179, loss=536.7276, nll=536.7276, l2_reg=0.0000, acc=0.5327
[ 2022-08-04 11:30:56,883][train.train_nn_models] [Validation] Epoch=179, nll=536.7598, acc=0.5099
[ 2022-08-04 11:30:58,708][train.train_nn_models] [Training] Epoch=180, loss=548.3526, nll=548.3526, l2_reg=0.0000, acc=0.5196
[ 2022-08-04 11:30:58,709][train.train_nn_models] [Validation] Epoch=180, nll=565.8434, acc=0.4940
[ 2022-08-04 11:31:00,532][train.train_nn_models] [Training] Epoch=181, loss=551.7780, nll=551.7780, l2_reg=0.0000, acc=0.5214
[ 2022-08-04 11:31:00,532][train.train_nn_models] [Validation] Epoch=181, nll=538.6041, acc=0.5190
[ 2022-08-04 11:31:02,364][train.train_nn_models] [Training] Epoch=182, loss=532.7798, nll=532.7798, l2_reg=0.0000, acc=0.5407
[ 2022-08-04 11:31:02,365][train.train_nn_models] [Validation] Epoch=182, nll=533.7642, acc=0.5237
[ 2022-08-04 11:31:02,365][train.train_nn_models] Found a better model at epoch 182.
[ 2022-08-04 11:31:04,193][train.train_nn_models] [Training] Epoch=183, loss=525.0455, nll=525.0455, l2_reg=0.0000, acc=0.5448
[ 2022-08-04 11:31:04,193][train.train_nn_models] [Validation] Epoch=183, nll=520.8807, acc=0.5320
[ 2022-08-04 11:31:04,193][train.train_nn_models] Found a better model at epoch 183.
[ 2022-08-04 11:31:06,023][train.train_nn_models] [Training] Epoch=184, loss=531.6617, nll=531.6617, l2_reg=0.0000, acc=0.5394
[ 2022-08-04 11:31:06,024][train.train_nn_models] [Validation] Epoch=184, nll=540.9275, acc=0.5092
[ 2022-08-04 11:31:07,870][train.train_nn_models] [Training] Epoch=185, loss=532.5023, nll=532.5023, l2_reg=0.0000, acc=0.5317
[ 2022-08-04 11:31:07,870][train.train_nn_models] [Validation] Epoch=185, nll=535.4768, acc=0.5098
[ 2022-08-04 11:31:09,755][train.train_nn_models] [Training] Epoch=186, loss=526.0243, nll=526.0243, l2_reg=0.0000, acc=0.5396
[ 2022-08-04 11:31:09,756][train.train_nn_models] [Validation] Epoch=186, nll=535.7274, acc=0.5193
[ 2022-08-04 11:31:11,611][train.train_nn_models] [Training] Epoch=187, loss=535.9822, nll=535.9822, l2_reg=0.0000, acc=0.5261
[ 2022-08-04 11:31:11,611][train.train_nn_models] [Validation] Epoch=187, nll=526.2235, acc=0.5237
[ 2022-08-04 11:31:13,471][train.train_nn_models] [Training] Epoch=188, loss=530.7064, nll=530.7064, l2_reg=0.0000, acc=0.5355
[ 2022-08-04 11:31:13,471][train.train_nn_models] [Validation] Epoch=188, nll=556.8658, acc=0.4787
[ 2022-08-04 11:31:15,391][train.train_nn_models] [Training] Epoch=189, loss=529.9349, nll=529.9349, l2_reg=0.0000, acc=0.5330
[ 2022-08-04 11:31:15,391][train.train_nn_models] [Validation] Epoch=189, nll=525.2665, acc=0.5199
[ 2022-08-04 11:31:17,267][train.train_nn_models] [Training] Epoch=190, loss=510.0182, nll=510.0182, l2_reg=0.0000, acc=0.5554
[ 2022-08-04 11:31:17,268][train.train_nn_models] [Validation] Epoch=190, nll=512.9851, acc=0.5405
[ 2022-08-04 11:31:17,268][train.train_nn_models] Found a better model at epoch 190.
[ 2022-08-04 11:31:19,100][train.train_nn_models] [Training] Epoch=191, loss=534.8182, nll=534.8182, l2_reg=0.0000, acc=0.5417
[ 2022-08-04 11:31:19,101][train.train_nn_models] [Validation] Epoch=191, nll=532.2461, acc=0.5185
[ 2022-08-04 11:31:20,936][train.train_nn_models] [Training] Epoch=192, loss=522.8641, nll=522.8641, l2_reg=0.0000, acc=0.5441
[ 2022-08-04 11:31:20,936][train.train_nn_models] [Validation] Epoch=192, nll=522.2485, acc=0.5319
[ 2022-08-04 11:31:22,763][train.train_nn_models] [Training] Epoch=193, loss=511.8374, nll=511.8374, l2_reg=0.0000, acc=0.5567
[ 2022-08-04 11:31:22,763][train.train_nn_models] [Validation] Epoch=193, nll=511.1013, acc=0.5397
[ 2022-08-04 11:31:22,763][train.train_nn_models] Found a better model at epoch 193.
[ 2022-08-04 11:31:24,597][train.train_nn_models] [Training] Epoch=194, loss=511.1090, nll=511.1090, l2_reg=0.0000, acc=0.5530
[ 2022-08-04 11:31:24,597][train.train_nn_models] [Validation] Epoch=194, nll=523.3871, acc=0.5228
[ 2022-08-04 11:31:26,437][train.train_nn_models] [Training] Epoch=195, loss=504.5709, nll=504.5709, l2_reg=0.0000, acc=0.5609
[ 2022-08-04 11:31:26,437][train.train_nn_models] [Validation] Epoch=195, nll=503.5970, acc=0.5451
[ 2022-08-04 11:31:26,438][train.train_nn_models] Found a better model at epoch 195.
[ 2022-08-04 11:31:28,279][train.train_nn_models] [Training] Epoch=196, loss=495.6140, nll=495.6140, l2_reg=0.0000, acc=0.5652
[ 2022-08-04 11:31:28,279][train.train_nn_models] [Validation] Epoch=196, nll=512.6320, acc=0.5346
[ 2022-08-04 11:31:30,103][train.train_nn_models] [Training] Epoch=197, loss=519.4868, nll=519.4868, l2_reg=0.0000, acc=0.5493
[ 2022-08-04 11:31:30,103][train.train_nn_models] [Validation] Epoch=197, nll=540.2551, acc=0.4863
[ 2022-08-04 11:31:31,981][train.train_nn_models] [Training] Epoch=198, loss=522.3925, nll=522.3925, l2_reg=0.0000, acc=0.5362
[ 2022-08-04 11:31:31,982][train.train_nn_models] [Validation] Epoch=198, nll=511.3230, acc=0.5294
[ 2022-08-04 11:31:33,938][train.train_nn_models] [Training] Epoch=199, loss=503.5180, nll=503.5180, l2_reg=0.0000, acc=0.5560
[ 2022-08-04 11:31:33,939][train.train_nn_models] [Validation] Epoch=199, nll=500.4615, acc=0.5445
[ 2022-08-04 11:31:33,939][train.train_nn_models] Found a better model at epoch 199.
[ 2022-08-04 11:31:34,193][train.eval_nll] [Test]nll=523.7509, acc=0.5444
[ 2022-08-04 11:44:49,406][train.<module>]                    timestamp  ...                                             config
0 2022-08-04 11:44:49.345707  ...  {'model': 'Tran', 'dataset': 'pgem-1K-10', 'in...
1 2022-08-04 11:44:49.345707  ...  {'model': 'Tran', 'dataset': 'pgem-1K-10', 'in...
2 2022-08-04 11:44:49.345707  ...  {'model': 'Tran', 'dataset': 'pgem-1K-10', 'in...
3 2022-08-04 11:44:49.345707  ...  {'model': 'Tran', 'dataset': 'pgem-1K-10', 'in...
4 2022-08-04 11:44:49.345707  ...  {'model': 'Tran', 'dataset': 'pgem-1K-10', 'in...
5 2022-08-04 11:44:49.345707  ...  {'model': 'Tran', 'dataset': 'pgem-1K-10', 'in...

[6 rows x 7 columns]
