[ 2022-08-31 19:18:25,381][train_tran.<module>] Namespace(attr_batch_size=0, basis_type='dyadic', batch_size=64, bucket_seqs=False, cuda=True, dataset='mhp-1K-10', dropout=0.0, embedding_dim=64, epochs=250, hidden_size=64, input_dir='data/input', l2_reg=0, lr=0.0008, max_mean=100, model='Tran', n_bases=7, num_workers=0, occurred_type_only=False, optimizer='Adam', output_dir='data/output', rand_seed=1, skip_eval_infectivity=False, skip_pred_next_event=False, split_id=1, steps=50, tran_head=1, tran_layer=4, tune_metric='nll', verbose=False)
[ 2022-08-31 19:18:57,060][train_tran.train_nn_models] [Training] Epoch=0, loss=33008.4414, nll=33008.4414, l2_reg=0.0000, acc=0.1083
[ 2022-08-31 19:18:57,061][train_tran.train_nn_models] [Validation] Epoch=0, nll=16899.6289, acc=0.1100
[ 2022-08-31 19:19:20,378][train_tran.train_nn_models] [Training] Epoch=1, loss=10074.1074, nll=10074.1074, l2_reg=0.0000, acc=0.1222
[ 2022-08-31 19:19:20,378][train_tran.train_nn_models] [Validation] Epoch=1, nll=4555.7344, acc=0.1187
[ 2022-08-31 19:19:42,684][train_tran.train_nn_models] [Training] Epoch=2, loss=3283.9519, nll=3283.9519, l2_reg=0.0000, acc=0.1193
[ 2022-08-31 19:19:42,684][train_tran.train_nn_models] [Validation] Epoch=2, nll=2685.5259, acc=0.1258
[ 2022-08-31 19:20:04,178][train_tran.train_nn_models] [Training] Epoch=3, loss=2660.9822, nll=2660.9822, l2_reg=0.0000, acc=0.1263
[ 2022-08-31 19:20:04,178][train_tran.train_nn_models] [Validation] Epoch=3, nll=2702.7490, acc=0.1420
[ 2022-08-31 19:20:27,782][train_tran.train_nn_models] [Training] Epoch=4, loss=2665.1846, nll=2665.1846, l2_reg=0.0000, acc=0.1646
[ 2022-08-31 19:20:27,783][train_tran.train_nn_models] [Validation] Epoch=4, nll=2638.9526, acc=0.1698
[ 2022-08-31 19:20:50,478][train_tran.train_nn_models] [Training] Epoch=5, loss=2586.2300, nll=2586.2300, l2_reg=0.0000, acc=0.1757
[ 2022-08-31 19:20:50,479][train_tran.train_nn_models] [Validation] Epoch=5, nll=2582.7378, acc=0.1824
[ 2022-08-31 19:21:11,917][train_tran.train_nn_models] [Training] Epoch=6, loss=2553.3630, nll=2553.3630, l2_reg=0.0000, acc=0.1868
[ 2022-08-31 19:21:11,918][train_tran.train_nn_models] [Validation] Epoch=6, nll=2577.3381, acc=0.1860
[ 2022-08-31 19:21:34,145][train_tran.train_nn_models] [Training] Epoch=7, loss=2546.8250, nll=2546.8250, l2_reg=0.0000, acc=0.1930
[ 2022-08-31 19:21:34,146][train_tran.train_nn_models] [Validation] Epoch=7, nll=2569.8247, acc=0.1931
[ 2022-08-31 19:21:55,981][train_tran.train_nn_models] [Training] Epoch=8, loss=2542.1060, nll=2542.1060, l2_reg=0.0000, acc=0.1940
[ 2022-08-31 19:21:55,981][train_tran.train_nn_models] [Validation] Epoch=8, nll=2565.9817, acc=0.1933
[ 2022-08-31 19:22:17,818][train_tran.train_nn_models] [Training] Epoch=9, loss=2539.4724, nll=2539.4724, l2_reg=0.0000, acc=0.1941
[ 2022-08-31 19:22:17,819][train_tran.train_nn_models] [Validation] Epoch=9, nll=2563.5513, acc=0.1924
[ 2022-08-31 19:22:39,441][train_tran.train_nn_models] [Training] Epoch=10, loss=2537.2004, nll=2537.2004, l2_reg=0.0000, acc=0.1932
[ 2022-08-31 19:22:39,441][train_tran.train_nn_models] [Validation] Epoch=10, nll=2561.8333, acc=0.1911
[ 2022-08-31 19:23:01,483][train_tran.train_nn_models] [Training] Epoch=11, loss=2535.4868, nll=2535.4868, l2_reg=0.0000, acc=0.1941
[ 2022-08-31 19:23:01,484][train_tran.train_nn_models] [Validation] Epoch=11, nll=2560.1465, acc=0.1935
[ 2022-08-31 19:23:24,206][train_tran.train_nn_models] [Training] Epoch=12, loss=2534.0586, nll=2534.0586, l2_reg=0.0000, acc=0.1943
[ 2022-08-31 19:23:24,206][train_tran.train_nn_models] [Validation] Epoch=12, nll=2558.6685, acc=0.1933
[ 2022-08-31 19:23:45,362][train_tran.train_nn_models] [Training] Epoch=13, loss=2532.7920, nll=2532.7920, l2_reg=0.0000, acc=0.1944
[ 2022-08-31 19:23:45,363][train_tran.train_nn_models] [Validation] Epoch=13, nll=2557.4543, acc=0.1935
[ 2022-08-31 19:24:06,516][train_tran.train_nn_models] [Training] Epoch=14, loss=2531.6692, nll=2531.6692, l2_reg=0.0000, acc=0.1945
[ 2022-08-31 19:24:06,517][train_tran.train_nn_models] [Validation] Epoch=14, nll=2556.4084, acc=0.1944
[ 2022-08-31 19:24:29,403][train_tran.train_nn_models] [Training] Epoch=15, loss=2530.7246, nll=2530.7246, l2_reg=0.0000, acc=0.1945
[ 2022-08-31 19:24:29,403][train_tran.train_nn_models] [Validation] Epoch=15, nll=2555.5120, acc=0.1952
[ 2022-08-31 19:24:51,262][train_tran.train_nn_models] [Training] Epoch=16, loss=2529.9619, nll=2529.9619, l2_reg=0.0000, acc=0.1946
[ 2022-08-31 19:24:51,263][train_tran.train_nn_models] [Validation] Epoch=16, nll=2554.7917, acc=0.1960
[ 2022-08-31 19:25:13,309][train_tran.train_nn_models] [Training] Epoch=17, loss=2529.3496, nll=2529.3496, l2_reg=0.0000, acc=0.1949
[ 2022-08-31 19:25:13,309][train_tran.train_nn_models] [Validation] Epoch=17, nll=2554.2056, acc=0.1958
[ 2022-08-31 19:25:35,046][train_tran.train_nn_models] [Training] Epoch=18, loss=2528.8396, nll=2528.8396, l2_reg=0.0000, acc=0.1950
[ 2022-08-31 19:25:35,046][train_tran.train_nn_models] [Validation] Epoch=18, nll=2553.7061, acc=0.1962
[ 2022-08-31 19:25:57,501][train_tran.train_nn_models] [Training] Epoch=19, loss=2528.4014, nll=2528.4014, l2_reg=0.0000, acc=0.1951
[ 2022-08-31 19:25:57,502][train_tran.train_nn_models] [Validation] Epoch=19, nll=2553.2778, acc=0.1959
[ 2022-08-31 19:26:19,182][train_tran.train_nn_models] [Training] Epoch=20, loss=2528.0186, nll=2528.0186, l2_reg=0.0000, acc=0.1952
[ 2022-08-31 19:26:19,183][train_tran.train_nn_models] [Validation] Epoch=20, nll=2552.9065, acc=0.1965
[ 2022-08-31 19:26:41,461][train_tran.train_nn_models] [Training] Epoch=21, loss=2527.6821, nll=2527.6821, l2_reg=0.0000, acc=0.1951
[ 2022-08-31 19:26:41,461][train_tran.train_nn_models] [Validation] Epoch=21, nll=2552.5796, acc=0.1965
[ 2022-08-31 19:27:03,179][train_tran.train_nn_models] [Training] Epoch=22, loss=2527.3831, nll=2527.3831, l2_reg=0.0000, acc=0.1951
[ 2022-08-31 19:27:03,180][train_tran.train_nn_models] [Validation] Epoch=22, nll=2552.2898, acc=0.1965
[ 2022-08-31 19:27:26,118][train_tran.train_nn_models] [Training] Epoch=23, loss=2527.1125, nll=2527.1125, l2_reg=0.0000, acc=0.1951
[ 2022-08-31 19:27:26,119][train_tran.train_nn_models] [Validation] Epoch=23, nll=2552.0288, acc=0.1964
[ 2022-08-31 19:27:47,765][train_tran.train_nn_models] [Training] Epoch=24, loss=2526.8625, nll=2526.8625, l2_reg=0.0000, acc=0.1949
[ 2022-08-31 19:27:47,765][train_tran.train_nn_models] [Validation] Epoch=24, nll=2551.7893, acc=0.1964
[ 2022-08-31 19:28:09,706][train_tran.train_nn_models] [Training] Epoch=25, loss=2526.6279, nll=2526.6279, l2_reg=0.0000, acc=0.1950
[ 2022-08-31 19:28:09,707][train_tran.train_nn_models] [Validation] Epoch=25, nll=2551.5667, acc=0.1967
[ 2022-08-31 19:28:31,588][train_tran.train_nn_models] [Training] Epoch=26, loss=2526.4033, nll=2526.4033, l2_reg=0.0000, acc=0.1952
[ 2022-08-31 19:28:31,588][train_tran.train_nn_models] [Validation] Epoch=26, nll=2551.3552, acc=0.1966
[ 2022-08-31 19:28:53,921][train_tran.train_nn_models] [Training] Epoch=27, loss=2526.1855, nll=2526.1855, l2_reg=0.0000, acc=0.1953
[ 2022-08-31 19:28:53,922][train_tran.train_nn_models] [Validation] Epoch=27, nll=2551.1521, acc=0.1966
[ 2022-08-31 19:29:17,798][train_tran.train_nn_models] [Training] Epoch=28, loss=2525.9722, nll=2525.9722, l2_reg=0.0000, acc=0.1953
[ 2022-08-31 19:29:17,798][train_tran.train_nn_models] [Validation] Epoch=28, nll=2550.9541, acc=0.1966
[ 2022-08-31 19:29:40,410][train_tran.train_nn_models] [Training] Epoch=29, loss=2525.7595, nll=2525.7595, l2_reg=0.0000, acc=0.1954
[ 2022-08-31 19:29:40,411][train_tran.train_nn_models] [Validation] Epoch=29, nll=2550.7600, acc=0.1965
[ 2022-08-31 19:30:03,069][train_tran.train_nn_models] [Training] Epoch=30, loss=2525.5447, nll=2525.5447, l2_reg=0.0000, acc=0.1954
[ 2022-08-31 19:30:03,070][train_tran.train_nn_models] [Validation] Epoch=30, nll=2550.5667, acc=0.1965
[ 2022-08-31 19:30:25,988][train_tran.train_nn_models] [Training] Epoch=31, loss=2525.3247, nll=2525.3247, l2_reg=0.0000, acc=0.1954
[ 2022-08-31 19:30:25,988][train_tran.train_nn_models] [Validation] Epoch=31, nll=2550.3711, acc=0.1964
[ 2022-08-31 19:30:47,922][train_tran.train_nn_models] [Training] Epoch=32, loss=2525.1001, nll=2525.1001, l2_reg=0.0000, acc=0.1954
[ 2022-08-31 19:30:47,922][train_tran.train_nn_models] [Validation] Epoch=32, nll=2550.1738, acc=0.1964
[ 2022-08-31 19:31:09,442][train_tran.train_nn_models] [Training] Epoch=33, loss=2524.8677, nll=2524.8677, l2_reg=0.0000, acc=0.1953
[ 2022-08-31 19:31:09,442][train_tran.train_nn_models] [Validation] Epoch=33, nll=2549.9709, acc=0.1965
[ 2022-08-31 19:31:32,746][train_tran.train_nn_models] [Training] Epoch=34, loss=2524.6216, nll=2524.6216, l2_reg=0.0000, acc=0.1953
[ 2022-08-31 19:31:32,747][train_tran.train_nn_models] [Validation] Epoch=34, nll=2549.7595, acc=0.1964
[ 2022-08-31 19:31:55,803][train_tran.train_nn_models] [Training] Epoch=35, loss=2524.3621, nll=2524.3621, l2_reg=0.0000, acc=0.1953
[ 2022-08-31 19:31:55,803][train_tran.train_nn_models] [Validation] Epoch=35, nll=2549.5376, acc=0.1966
[ 2022-08-31 19:32:17,570][train_tran.train_nn_models] [Training] Epoch=36, loss=2524.0876, nll=2524.0876, l2_reg=0.0000, acc=0.1952
[ 2022-08-31 19:32:17,570][train_tran.train_nn_models] [Validation] Epoch=36, nll=2549.3032, acc=0.1966
[ 2022-08-31 19:32:40,629][train_tran.train_nn_models] [Training] Epoch=37, loss=2523.7898, nll=2523.7898, l2_reg=0.0000, acc=0.1952
[ 2022-08-31 19:32:40,630][train_tran.train_nn_models] [Validation] Epoch=37, nll=2549.0508, acc=0.1965
[ 2022-08-31 19:33:02,759][train_tran.train_nn_models] [Training] Epoch=38, loss=2523.4631, nll=2523.4631, l2_reg=0.0000, acc=0.1953
[ 2022-08-31 19:33:02,760][train_tran.train_nn_models] [Validation] Epoch=38, nll=2548.7747, acc=0.1965
[ 2022-08-31 19:33:24,276][train_tran.train_nn_models] [Training] Epoch=39, loss=2523.1033, nll=2523.1033, l2_reg=0.0000, acc=0.1953
[ 2022-08-31 19:33:24,277][train_tran.train_nn_models] [Validation] Epoch=39, nll=2548.4734, acc=0.1967
[ 2022-08-31 19:33:46,703][train_tran.train_nn_models] [Training] Epoch=40, loss=2522.7039, nll=2522.7039, l2_reg=0.0000, acc=0.1953
[ 2022-08-31 19:33:46,704][train_tran.train_nn_models] [Validation] Epoch=40, nll=2548.1379, acc=0.1968
[ 2022-08-31 19:34:08,430][train_tran.train_nn_models] [Training] Epoch=41, loss=2522.2520, nll=2522.2520, l2_reg=0.0000, acc=0.1953
[ 2022-08-31 19:34:08,431][train_tran.train_nn_models] [Validation] Epoch=41, nll=2547.7598, acc=0.1966
[ 2022-08-31 19:34:30,010][train_tran.train_nn_models] [Training] Epoch=42, loss=2521.7380, nll=2521.7380, l2_reg=0.0000, acc=0.1952
[ 2022-08-31 19:34:30,011][train_tran.train_nn_models] [Validation] Epoch=42, nll=2547.3293, acc=0.1966
[ 2022-08-31 19:34:52,512][train_tran.train_nn_models] [Training] Epoch=43, loss=2521.1484, nll=2521.1484, l2_reg=0.0000, acc=0.1952
[ 2022-08-31 19:34:52,512][train_tran.train_nn_models] [Validation] Epoch=43, nll=2546.8357, acc=0.1964
[ 2022-08-31 19:35:14,693][train_tran.train_nn_models] [Training] Epoch=44, loss=2520.4688, nll=2520.4688, l2_reg=0.0000, acc=0.1953
[ 2022-08-31 19:35:14,693][train_tran.train_nn_models] [Validation] Epoch=44, nll=2546.2627, acc=0.1963
[ 2022-08-31 19:35:36,665][train_tran.train_nn_models] [Training] Epoch=45, loss=2519.6768, nll=2519.6768, l2_reg=0.0000, acc=0.1952
[ 2022-08-31 19:35:36,666][train_tran.train_nn_models] [Validation] Epoch=45, nll=2545.5828, acc=0.1965
[ 2022-08-31 19:35:58,082][train_tran.train_nn_models] [Training] Epoch=46, loss=2518.7405, nll=2518.7405, l2_reg=0.0000, acc=0.1952
[ 2022-08-31 19:35:58,082][train_tran.train_nn_models] [Validation] Epoch=46, nll=2544.7705, acc=0.1963
[ 2022-08-31 19:36:20,481][train_tran.train_nn_models] [Training] Epoch=47, loss=2517.7124, nll=2517.7124, l2_reg=0.0000, acc=0.1950
[ 2022-08-31 19:36:20,482][train_tran.train_nn_models] [Validation] Epoch=47, nll=2543.8694, acc=0.1954
[ 2022-08-31 19:36:42,622][train_tran.train_nn_models] [Training] Epoch=48, loss=2516.5662, nll=2516.5662, l2_reg=0.0000, acc=0.1948
[ 2022-08-31 19:36:42,623][train_tran.train_nn_models] [Validation] Epoch=48, nll=2542.8213, acc=0.1943
[ 2022-08-31 19:37:04,460][train_tran.train_nn_models] [Training] Epoch=49, loss=2515.2837, nll=2515.2837, l2_reg=0.0000, acc=0.1948
[ 2022-08-31 19:37:04,460][train_tran.train_nn_models] [Validation] Epoch=49, nll=2541.5740, acc=0.1944
[ 2022-08-31 19:37:26,953][train_tran.train_nn_models] [Training] Epoch=50, loss=2513.8381, nll=2513.8381, l2_reg=0.0000, acc=0.1947
[ 2022-08-31 19:37:26,953][train_tran.train_nn_models] [Validation] Epoch=50, nll=2540.1052, acc=0.1944
[ 2022-08-31 19:37:48,677][train_tran.train_nn_models] [Training] Epoch=51, loss=2512.2271, nll=2512.2271, l2_reg=0.0000, acc=0.1946
[ 2022-08-31 19:37:48,677][train_tran.train_nn_models] [Validation] Epoch=51, nll=2538.4302, acc=0.1935
[ 2022-08-31 19:38:11,278][train_tran.train_nn_models] [Training] Epoch=52, loss=2510.4702, nll=2510.4702, l2_reg=0.0000, acc=0.1946
[ 2022-08-31 19:38:11,279][train_tran.train_nn_models] [Validation] Epoch=52, nll=2536.6196, acc=0.1929
[ 2022-08-31 19:38:33,986][train_tran.train_nn_models] [Training] Epoch=53, loss=2508.6331, nll=2508.6331, l2_reg=0.0000, acc=0.1942
[ 2022-08-31 19:38:33,987][train_tran.train_nn_models] [Validation] Epoch=53, nll=2534.7925, acc=0.1931
[ 2022-08-31 19:38:56,797][train_tran.train_nn_models] [Training] Epoch=54, loss=2506.9314, nll=2506.9314, l2_reg=0.0000, acc=0.1945
[ 2022-08-31 19:38:56,798][train_tran.train_nn_models] [Validation] Epoch=54, nll=2532.7908, acc=0.1924
[ 2022-08-31 19:39:18,543][train_tran.train_nn_models] [Training] Epoch=55, loss=2505.1194, nll=2505.1194, l2_reg=0.0000, acc=0.1936
[ 2022-08-31 19:39:18,544][train_tran.train_nn_models] [Validation] Epoch=55, nll=2530.7373, acc=0.1932
[ 2022-08-31 19:39:40,268][train_tran.train_nn_models] [Training] Epoch=56, loss=2503.3491, nll=2503.3491, l2_reg=0.0000, acc=0.1939
[ 2022-08-31 19:39:40,268][train_tran.train_nn_models] [Validation] Epoch=56, nll=2528.9329, acc=0.1935
[ 2022-08-31 19:40:01,823][train_tran.train_nn_models] [Training] Epoch=57, loss=2501.5957, nll=2501.5957, l2_reg=0.0000, acc=0.1944
[ 2022-08-31 19:40:01,824][train_tran.train_nn_models] [Validation] Epoch=57, nll=2527.0662, acc=0.1938
[ 2022-08-31 19:40:23,701][train_tran.train_nn_models] [Training] Epoch=58, loss=2499.6992, nll=2499.6992, l2_reg=0.0000, acc=0.1949
[ 2022-08-31 19:40:23,702][train_tran.train_nn_models] [Validation] Epoch=58, nll=2524.9390, acc=0.1939
[ 2022-08-31 19:40:45,478][train_tran.train_nn_models] [Training] Epoch=59, loss=2497.7798, nll=2497.7798, l2_reg=0.0000, acc=0.1950
[ 2022-08-31 19:40:45,478][train_tran.train_nn_models] [Validation] Epoch=59, nll=2522.8010, acc=0.1941
[ 2022-08-31 19:41:06,743][train_tran.train_nn_models] [Training] Epoch=60, loss=2495.9294, nll=2495.9294, l2_reg=0.0000, acc=0.1953
[ 2022-08-31 19:41:06,744][train_tran.train_nn_models] [Validation] Epoch=60, nll=2520.9797, acc=0.1942
[ 2022-08-31 19:41:28,579][train_tran.train_nn_models] [Training] Epoch=61, loss=2494.2781, nll=2494.2781, l2_reg=0.0000, acc=0.1959
[ 2022-08-31 19:41:28,580][train_tran.train_nn_models] [Validation] Epoch=61, nll=2519.3660, acc=0.1960
[ 2022-08-31 19:41:49,923][train_tran.train_nn_models] [Training] Epoch=62, loss=2492.7402, nll=2492.7402, l2_reg=0.0000, acc=0.1972
[ 2022-08-31 19:41:49,924][train_tran.train_nn_models] [Validation] Epoch=62, nll=2517.1804, acc=0.1972
[ 2022-08-31 19:42:11,286][train_tran.train_nn_models] [Training] Epoch=63, loss=2491.1750, nll=2491.1750, l2_reg=0.0000, acc=0.1989
[ 2022-08-31 19:42:11,286][train_tran.train_nn_models] [Validation] Epoch=63, nll=2515.5681, acc=0.1989
[ 2022-08-31 19:42:33,853][train_tran.train_nn_models] [Training] Epoch=64, loss=2489.7651, nll=2489.7651, l2_reg=0.0000, acc=0.1997
[ 2022-08-31 19:42:33,854][train_tran.train_nn_models] [Validation] Epoch=64, nll=2514.4707, acc=0.1996
[ 2022-08-31 19:42:55,505][train_tran.train_nn_models] [Training] Epoch=65, loss=2488.5090, nll=2488.5090, l2_reg=0.0000, acc=0.2011
[ 2022-08-31 19:42:55,506][train_tran.train_nn_models] [Validation] Epoch=65, nll=2513.1868, acc=0.2005
[ 2022-08-31 19:43:17,312][train_tran.train_nn_models] [Training] Epoch=66, loss=2487.3132, nll=2487.3132, l2_reg=0.0000, acc=0.2022
[ 2022-08-31 19:43:17,313][train_tran.train_nn_models] [Validation] Epoch=66, nll=2512.1470, acc=0.2011
[ 2022-08-31 19:43:38,517][train_tran.train_nn_models] [Training] Epoch=67, loss=2486.2817, nll=2486.2817, l2_reg=0.0000, acc=0.2030
[ 2022-08-31 19:43:38,518][train_tran.train_nn_models] [Validation] Epoch=67, nll=2510.9807, acc=0.2017
[ 2022-08-31 19:44:00,606][train_tran.train_nn_models] [Training] Epoch=68, loss=2485.2227, nll=2485.2227, l2_reg=0.0000, acc=0.2035
[ 2022-08-31 19:44:00,607][train_tran.train_nn_models] [Validation] Epoch=68, nll=2509.8523, acc=0.2013
[ 2022-08-31 19:44:23,199][train_tran.train_nn_models] [Training] Epoch=69, loss=2484.1726, nll=2484.1726, l2_reg=0.0000, acc=0.2039
[ 2022-08-31 19:44:23,199][train_tran.train_nn_models] [Validation] Epoch=69, nll=2509.4858, acc=0.2011
[ 2022-08-31 19:44:45,064][train_tran.train_nn_models] [Training] Epoch=70, loss=2483.3936, nll=2483.3936, l2_reg=0.0000, acc=0.2048
[ 2022-08-31 19:44:45,064][train_tran.train_nn_models] [Validation] Epoch=70, nll=2507.8052, acc=0.2030
[ 2022-08-31 19:45:06,696][train_tran.train_nn_models] [Training] Epoch=71, loss=2482.4148, nll=2482.4148, l2_reg=0.0000, acc=0.2051
[ 2022-08-31 19:45:06,696][train_tran.train_nn_models] [Validation] Epoch=71, nll=2507.5869, acc=0.2028
[ 2022-08-31 19:45:28,857][train_tran.train_nn_models] [Training] Epoch=72, loss=2481.5647, nll=2481.5647, l2_reg=0.0000, acc=0.2054
[ 2022-08-31 19:45:28,857][train_tran.train_nn_models] [Validation] Epoch=72, nll=2505.6023, acc=0.2040
[ 2022-08-31 19:45:49,642][train_tran.train_nn_models] [Training] Epoch=73, loss=2480.2256, nll=2480.2256, l2_reg=0.0000, acc=0.2064
[ 2022-08-31 19:45:49,642][train_tran.train_nn_models] [Validation] Epoch=73, nll=2507.3181, acc=0.2045
[ 2022-08-31 19:46:11,802][train_tran.train_nn_models] [Training] Epoch=74, loss=2480.1431, nll=2480.1431, l2_reg=0.0000, acc=0.2067
[ 2022-08-31 19:46:11,802][train_tran.train_nn_models] [Validation] Epoch=74, nll=2503.4573, acc=0.2061
[ 2022-08-31 19:46:33,652][train_tran.train_nn_models] [Training] Epoch=75, loss=2477.4395, nll=2477.4395, l2_reg=0.0000, acc=0.2079
[ 2022-08-31 19:46:33,653][train_tran.train_nn_models] [Validation] Epoch=75, nll=2504.8696, acc=0.2063
[ 2022-08-31 19:46:55,434][train_tran.train_nn_models] [Training] Epoch=76, loss=2477.2969, nll=2477.2969, l2_reg=0.0000, acc=0.2083
[ 2022-08-31 19:46:55,435][train_tran.train_nn_models] [Validation] Epoch=76, nll=2500.7620, acc=0.2077
[ 2022-08-31 19:47:16,857][train_tran.train_nn_models] [Training] Epoch=77, loss=2474.3552, nll=2474.3552, l2_reg=0.0000, acc=0.2096
[ 2022-08-31 19:47:16,857][train_tran.train_nn_models] [Validation] Epoch=77, nll=2500.0762, acc=0.2088
[ 2022-08-31 19:47:40,355][train_tran.train_nn_models] [Training] Epoch=78, loss=2473.3025, nll=2473.3025, l2_reg=0.0000, acc=0.2108
[ 2022-08-31 19:47:40,355][train_tran.train_nn_models] [Validation] Epoch=78, nll=2497.1980, acc=0.2113
[ 2022-08-31 19:48:02,897][train_tran.train_nn_models] [Training] Epoch=79, loss=2470.5491, nll=2470.5491, l2_reg=0.0000, acc=0.2130
[ 2022-08-31 19:48:02,898][train_tran.train_nn_models] [Validation] Epoch=79, nll=2495.7883, acc=0.2140
[ 2022-08-31 19:48:24,475][train_tran.train_nn_models] [Training] Epoch=80, loss=2469.0798, nll=2469.0798, l2_reg=0.0000, acc=0.2155
[ 2022-08-31 19:48:24,475][train_tran.train_nn_models] [Validation] Epoch=80, nll=2494.3430, acc=0.2162
[ 2022-08-31 19:48:45,695][train_tran.train_nn_models] [Training] Epoch=81, loss=2466.1494, nll=2466.1494, l2_reg=0.0000, acc=0.2187
[ 2022-08-31 19:48:45,695][train_tran.train_nn_models] [Validation] Epoch=81, nll=2492.0811, acc=0.2209
[ 2022-08-31 19:49:07,734][train_tran.train_nn_models] [Training] Epoch=82, loss=2463.8408, nll=2463.8408, l2_reg=0.0000, acc=0.2223
[ 2022-08-31 19:49:07,734][train_tran.train_nn_models] [Validation] Epoch=82, nll=2490.2021, acc=0.2245
[ 2022-08-31 19:49:29,825][train_tran.train_nn_models] [Training] Epoch=83, loss=2460.8154, nll=2460.8154, l2_reg=0.0000, acc=0.2265
[ 2022-08-31 19:49:29,825][train_tran.train_nn_models] [Validation] Epoch=83, nll=2486.7095, acc=0.2278
[ 2022-08-31 19:49:52,002][train_tran.train_nn_models] [Training] Epoch=84, loss=2457.9656, nll=2457.9656, l2_reg=0.0000, acc=0.2306
[ 2022-08-31 19:49:52,003][train_tran.train_nn_models] [Validation] Epoch=84, nll=2485.3525, acc=0.2307
[ 2022-08-31 19:50:13,643][train_tran.train_nn_models] [Training] Epoch=85, loss=2455.7783, nll=2455.7783, l2_reg=0.0000, acc=0.2340
[ 2022-08-31 19:50:13,644][train_tran.train_nn_models] [Validation] Epoch=85, nll=2482.4485, acc=0.2355
[ 2022-08-31 19:50:36,022][train_tran.train_nn_models] [Training] Epoch=86, loss=2453.8220, nll=2453.8220, l2_reg=0.0000, acc=0.2362
[ 2022-08-31 19:50:36,022][train_tran.train_nn_models] [Validation] Epoch=86, nll=2480.0022, acc=0.2366
[ 2022-08-31 19:50:57,697][train_tran.train_nn_models] [Training] Epoch=87, loss=2451.6636, nll=2451.6636, l2_reg=0.0000, acc=0.2380
[ 2022-08-31 19:50:57,698][train_tran.train_nn_models] [Validation] Epoch=87, nll=2478.4263, acc=0.2384
[ 2022-08-31 19:51:18,701][train_tran.train_nn_models] [Training] Epoch=88, loss=2450.0134, nll=2450.0134, l2_reg=0.0000, acc=0.2397
[ 2022-08-31 19:51:18,702][train_tran.train_nn_models] [Validation] Epoch=88, nll=2476.9697, acc=0.2394
[ 2022-08-31 19:51:40,028][train_tran.train_nn_models] [Training] Epoch=89, loss=2448.2053, nll=2448.2053, l2_reg=0.0000, acc=0.2413
[ 2022-08-31 19:51:40,029][train_tran.train_nn_models] [Validation] Epoch=89, nll=2475.3394, acc=0.2419
[ 2022-08-31 19:52:01,955][train_tran.train_nn_models] [Training] Epoch=90, loss=2446.3958, nll=2446.3958, l2_reg=0.0000, acc=0.2429
[ 2022-08-31 19:52:01,956][train_tran.train_nn_models] [Validation] Epoch=90, nll=2473.8167, acc=0.2427
[ 2022-08-31 19:52:23,710][train_tran.train_nn_models] [Training] Epoch=91, loss=2444.5183, nll=2444.5183, l2_reg=0.0000, acc=0.2440
[ 2022-08-31 19:52:23,711][train_tran.train_nn_models] [Validation] Epoch=91, nll=2472.1838, acc=0.2440
[ 2022-08-31 19:52:44,462][train_tran.train_nn_models] [Training] Epoch=92, loss=2442.6353, nll=2442.6353, l2_reg=0.0000, acc=0.2450
[ 2022-08-31 19:52:44,463][train_tran.train_nn_models] [Validation] Epoch=92, nll=2470.5303, acc=0.2450
[ 2022-08-31 19:53:05,868][train_tran.train_nn_models] [Training] Epoch=93, loss=2440.6062, nll=2440.6062, l2_reg=0.0000, acc=0.2460
[ 2022-08-31 19:53:05,868][train_tran.train_nn_models] [Validation] Epoch=93, nll=2468.4260, acc=0.2458
[ 2022-08-31 19:53:28,319][train_tran.train_nn_models] [Training] Epoch=94, loss=2438.2937, nll=2438.2937, l2_reg=0.0000, acc=0.2474
[ 2022-08-31 19:53:28,320][train_tran.train_nn_models] [Validation] Epoch=94, nll=2466.0986, acc=0.2468
[ 2022-08-31 19:53:50,215][train_tran.train_nn_models] [Training] Epoch=95, loss=2435.8064, nll=2435.8064, l2_reg=0.0000, acc=0.2487
[ 2022-08-31 19:53:50,215][train_tran.train_nn_models] [Validation] Epoch=95, nll=2465.3467, acc=0.2473
[ 2022-08-31 19:54:11,665][train_tran.train_nn_models] [Training] Epoch=96, loss=2433.6990, nll=2433.6990, l2_reg=0.0000, acc=0.2499
[ 2022-08-31 19:54:11,666][train_tran.train_nn_models] [Validation] Epoch=96, nll=2463.7461, acc=0.2484
[ 2022-08-31 19:54:34,309][train_tran.train_nn_models] [Training] Epoch=97, loss=2431.5452, nll=2431.5452, l2_reg=0.0000, acc=0.2507
[ 2022-08-31 19:54:34,310][train_tran.train_nn_models] [Validation] Epoch=97, nll=2462.7205, acc=0.2498
[ 2022-08-31 19:54:57,232][train_tran.train_nn_models] [Training] Epoch=98, loss=2429.5481, nll=2429.5481, l2_reg=0.0000, acc=0.2521
[ 2022-08-31 19:54:57,233][train_tran.train_nn_models] [Validation] Epoch=98, nll=2460.2073, acc=0.2514
[ 2022-08-31 19:55:20,393][train_tran.train_nn_models] [Training] Epoch=99, loss=2427.4297, nll=2427.4297, l2_reg=0.0000, acc=0.2531
[ 2022-08-31 19:55:20,394][train_tran.train_nn_models] [Validation] Epoch=99, nll=2455.7163, acc=0.2528
[ 2022-08-31 19:55:43,350][train_tran.train_nn_models] [Training] Epoch=100, loss=2425.3293, nll=2425.3293, l2_reg=0.0000, acc=0.2548
[ 2022-08-31 19:55:43,351][train_tran.train_nn_models] [Validation] Epoch=100, nll=2455.0449, acc=0.2551
[ 2022-08-31 19:56:06,079][train_tran.train_nn_models] [Training] Epoch=101, loss=2423.1970, nll=2423.1970, l2_reg=0.0000, acc=0.2557
[ 2022-08-31 19:56:06,080][train_tran.train_nn_models] [Validation] Epoch=101, nll=2451.4783, acc=0.2551
[ 2022-08-31 19:56:27,624][train_tran.train_nn_models] [Training] Epoch=102, loss=2433.7246, nll=2433.7246, l2_reg=0.0000, acc=0.2528
[ 2022-08-31 19:56:27,624][train_tran.train_nn_models] [Validation] Epoch=102, nll=2456.1274, acc=0.2494
[ 2022-08-31 19:56:48,705][train_tran.train_nn_models] [Training] Epoch=103, loss=2420.2275, nll=2420.2275, l2_reg=0.0000, acc=0.2558
[ 2022-08-31 19:56:48,705][train_tran.train_nn_models] [Validation] Epoch=103, nll=2448.4771, acc=0.2574
[ 2022-08-31 19:57:10,064][train_tran.train_nn_models] [Training] Epoch=104, loss=2413.9465, nll=2413.9465, l2_reg=0.0000, acc=0.2590
[ 2022-08-31 19:57:10,065][train_tran.train_nn_models] [Validation] Epoch=104, nll=2443.4233, acc=0.2603
[ 2022-08-31 19:57:32,140][train_tran.train_nn_models] [Training] Epoch=105, loss=2408.2183, nll=2408.2183, l2_reg=0.0000, acc=0.2627
[ 2022-08-31 19:57:32,141][train_tran.train_nn_models] [Validation] Epoch=105, nll=2440.0488, acc=0.2613
[ 2022-08-31 19:57:55,051][train_tran.train_nn_models] [Training] Epoch=106, loss=2405.4917, nll=2405.4917, l2_reg=0.0000, acc=0.2640
[ 2022-08-31 19:57:55,052][train_tran.train_nn_models] [Validation] Epoch=106, nll=2436.9321, acc=0.2635
[ 2022-08-31 19:58:16,704][train_tran.train_nn_models] [Training] Epoch=107, loss=2400.9048, nll=2400.9048, l2_reg=0.0000, acc=0.2661
[ 2022-08-31 19:58:16,704][train_tran.train_nn_models] [Validation] Epoch=107, nll=2434.3108, acc=0.2651
[ 2022-08-31 19:58:39,860][train_tran.train_nn_models] [Training] Epoch=108, loss=2477.7844, nll=2477.7844, l2_reg=0.0000, acc=0.2385
[ 2022-08-31 19:58:39,860][train_tran.train_nn_models] [Validation] Epoch=108, nll=2517.7966, acc=0.2280
[ 2022-08-31 19:59:02,007][train_tran.train_nn_models] [Training] Epoch=109, loss=2458.4646, nll=2458.4646, l2_reg=0.0000, acc=0.2408
[ 2022-08-31 19:59:02,008][train_tran.train_nn_models] [Validation] Epoch=109, nll=2473.8145, acc=0.2407
[ 2022-08-31 19:59:23,570][train_tran.train_nn_models] [Training] Epoch=110, loss=2431.4443, nll=2431.4443, l2_reg=0.0000, acc=0.2500
[ 2022-08-31 19:59:23,570][train_tran.train_nn_models] [Validation] Epoch=110, nll=2454.9790, acc=0.2484
[ 2022-08-31 19:59:45,009][train_tran.train_nn_models] [Training] Epoch=111, loss=2416.7214, nll=2416.7214, l2_reg=0.0000, acc=0.2573
[ 2022-08-31 19:59:45,010][train_tran.train_nn_models] [Validation] Epoch=111, nll=2465.3245, acc=0.2503
[ 2022-08-31 20:00:06,693][train_tran.train_nn_models] [Training] Epoch=112, loss=2442.4355, nll=2442.4355, l2_reg=0.0000, acc=0.2476
[ 2022-08-31 20:00:06,694][train_tran.train_nn_models] [Validation] Epoch=112, nll=2467.0164, acc=0.2460
[ 2022-08-31 20:00:28,985][train_tran.train_nn_models] [Training] Epoch=113, loss=2427.3640, nll=2427.3640, l2_reg=0.0000, acc=0.2529
[ 2022-08-31 20:00:28,986][train_tran.train_nn_models] [Validation] Epoch=113, nll=2451.0959, acc=0.2528
[ 2022-08-31 20:00:50,686][train_tran.train_nn_models] [Training] Epoch=114, loss=2410.4956, nll=2410.4956, l2_reg=0.0000, acc=0.2599
[ 2022-08-31 20:00:50,687][train_tran.train_nn_models] [Validation] Epoch=114, nll=2436.3423, acc=0.2636
[ 2022-08-31 20:01:13,818][train_tran.train_nn_models] [Training] Epoch=115, loss=2396.3928, nll=2396.3928, l2_reg=0.0000, acc=0.2684
[ 2022-08-31 20:01:13,819][train_tran.train_nn_models] [Validation] Epoch=115, nll=2427.3254, acc=0.2682
[ 2022-08-31 20:01:36,937][train_tran.train_nn_models] [Training] Epoch=116, loss=2384.9724, nll=2384.9724, l2_reg=0.0000, acc=0.2750
[ 2022-08-31 20:01:36,938][train_tran.train_nn_models] [Validation] Epoch=116, nll=2418.1384, acc=0.2728
[ 2022-08-31 20:01:58,805][train_tran.train_nn_models] [Training] Epoch=117, loss=2377.6277, nll=2377.6277, l2_reg=0.0000, acc=0.2796
[ 2022-08-31 20:01:58,806][train_tran.train_nn_models] [Validation] Epoch=117, nll=2416.4810, acc=0.2687
[ 2022-08-31 20:02:21,478][train_tran.train_nn_models] [Training] Epoch=118, loss=2377.6128, nll=2377.6128, l2_reg=0.0000, acc=0.2815
[ 2022-08-31 20:02:21,479][train_tran.train_nn_models] [Validation] Epoch=118, nll=2418.6458, acc=0.2745
[ 2022-08-31 20:02:43,194][train_tran.train_nn_models] [Training] Epoch=119, loss=2371.5254, nll=2371.5254, l2_reg=0.0000, acc=0.2806
[ 2022-08-31 20:02:43,195][train_tran.train_nn_models] [Validation] Epoch=119, nll=2409.1653, acc=0.2824
[ 2022-08-31 20:03:05,199][train_tran.train_nn_models] [Training] Epoch=120, loss=2370.1602, nll=2370.1602, l2_reg=0.0000, acc=0.2874
[ 2022-08-31 20:03:05,199][train_tran.train_nn_models] [Validation] Epoch=120, nll=2447.8965, acc=0.2657
[ 2022-08-31 20:03:27,005][train_tran.train_nn_models] [Training] Epoch=121, loss=2396.9651, nll=2396.9651, l2_reg=0.0000, acc=0.2746
[ 2022-08-31 20:03:27,006][train_tran.train_nn_models] [Validation] Epoch=121, nll=2420.7073, acc=0.2765
[ 2022-08-31 20:03:48,989][train_tran.train_nn_models] [Training] Epoch=122, loss=2358.7075, nll=2358.7075, l2_reg=0.0000, acc=0.2918
[ 2022-08-31 20:03:48,989][train_tran.train_nn_models] [Validation] Epoch=122, nll=2390.6765, acc=0.2891
[ 2022-08-31 20:04:10,994][train_tran.train_nn_models] [Training] Epoch=123, loss=2339.4287, nll=2339.4287, l2_reg=0.0000, acc=0.3022
[ 2022-08-31 20:04:10,995][train_tran.train_nn_models] [Validation] Epoch=123, nll=2377.3081, acc=0.2948
[ 2022-08-31 20:04:33,502][train_tran.train_nn_models] [Training] Epoch=124, loss=2352.7295, nll=2352.7295, l2_reg=0.0000, acc=0.3041
[ 2022-08-31 20:04:33,503][train_tran.train_nn_models] [Validation] Epoch=124, nll=2396.9380, acc=0.2927
[ 2022-08-31 20:04:56,080][train_tran.train_nn_models] [Training] Epoch=125, loss=2334.0217, nll=2334.0217, l2_reg=0.0000, acc=0.3096
[ 2022-08-31 20:04:56,080][train_tran.train_nn_models] [Validation] Epoch=125, nll=2370.1602, acc=0.3037
[ 2022-08-31 20:05:20,163][train_tran.train_nn_models] [Training] Epoch=126, loss=2316.5435, nll=2316.5435, l2_reg=0.0000, acc=0.3228
[ 2022-08-31 20:05:20,164][train_tran.train_nn_models] [Validation] Epoch=126, nll=2456.0090, acc=0.2737
[ 2022-08-31 20:05:43,492][train_tran.train_nn_models] [Training] Epoch=127, loss=2377.9233, nll=2377.9233, l2_reg=0.0000, acc=0.3019
[ 2022-08-31 20:05:43,492][train_tran.train_nn_models] [Validation] Epoch=127, nll=2398.8528, acc=0.2886
[ 2022-08-31 20:06:08,278][train_tran.train_nn_models] [Training] Epoch=128, loss=2355.5083, nll=2355.5083, l2_reg=0.0000, acc=0.3047
[ 2022-08-31 20:06:08,279][train_tran.train_nn_models] [Validation] Epoch=128, nll=2449.7815, acc=0.2635
[ 2022-08-31 20:06:31,842][train_tran.train_nn_models] [Training] Epoch=129, loss=2384.1387, nll=2384.1387, l2_reg=0.0000, acc=0.2890
[ 2022-08-31 20:06:31,843][train_tran.train_nn_models] [Validation] Epoch=129, nll=2407.6545, acc=0.2850
[ 2022-08-31 20:06:56,005][train_tran.train_nn_models] [Training] Epoch=130, loss=2337.5957, nll=2337.5957, l2_reg=0.0000, acc=0.3135
[ 2022-08-31 20:06:56,006][train_tran.train_nn_models] [Validation] Epoch=130, nll=2360.8376, acc=0.3114
[ 2022-08-31 20:06:56,006][train_tran.train_nn_models] Found a better model at epoch 130.
[ 2022-08-31 20:07:20,176][train_tran.train_nn_models] [Training] Epoch=131, loss=2299.3083, nll=2299.3083, l2_reg=0.0000, acc=0.3346
[ 2022-08-31 20:07:20,177][train_tran.train_nn_models] [Validation] Epoch=131, nll=2327.9597, acc=0.3261
[ 2022-08-31 20:07:20,177][train_tran.train_nn_models] Found a better model at epoch 131.
[ 2022-08-31 20:07:44,442][train_tran.train_nn_models] [Training] Epoch=132, loss=2274.2300, nll=2274.2300, l2_reg=0.0000, acc=0.3457
[ 2022-08-31 20:07:44,443][train_tran.train_nn_models] [Validation] Epoch=132, nll=2310.7722, acc=0.3371
[ 2022-08-31 20:07:44,443][train_tran.train_nn_models] Found a better model at epoch 132.
[ 2022-08-31 20:08:09,892][train_tran.train_nn_models] [Training] Epoch=133, loss=2255.8081, nll=2255.8081, l2_reg=0.0000, acc=0.3572
[ 2022-08-31 20:08:09,893][train_tran.train_nn_models] [Validation] Epoch=133, nll=2289.2190, acc=0.3500
[ 2022-08-31 20:08:09,893][train_tran.train_nn_models] Found a better model at epoch 133.
[ 2022-08-31 20:08:33,563][train_tran.train_nn_models] [Training] Epoch=134, loss=2219.5007, nll=2219.5007, l2_reg=0.0000, acc=0.3770
[ 2022-08-31 20:08:33,564][train_tran.train_nn_models] [Validation] Epoch=134, nll=2306.0061, acc=0.3489
[ 2022-08-31 20:08:58,855][train_tran.train_nn_models] [Training] Epoch=135, loss=2298.6008, nll=2298.6008, l2_reg=0.0000, acc=0.3473
[ 2022-08-31 20:08:58,856][train_tran.train_nn_models] [Validation] Epoch=135, nll=2323.8503, acc=0.3326
[ 2022-08-31 20:09:23,914][train_tran.train_nn_models] [Training] Epoch=136, loss=2250.2236, nll=2250.2236, l2_reg=0.0000, acc=0.3664
[ 2022-08-31 20:09:23,915][train_tran.train_nn_models] [Validation] Epoch=136, nll=2413.4951, acc=0.2930
[ 2022-08-31 20:09:49,836][train_tran.train_nn_models] [Training] Epoch=137, loss=2327.2778, nll=2327.2778, l2_reg=0.0000, acc=0.3272
[ 2022-08-31 20:09:49,837][train_tran.train_nn_models] [Validation] Epoch=137, nll=2340.8359, acc=0.3410
[ 2022-08-31 20:10:15,275][train_tran.train_nn_models] [Training] Epoch=138, loss=2243.6262, nll=2243.6262, l2_reg=0.0000, acc=0.3640
[ 2022-08-31 20:10:15,276][train_tran.train_nn_models] [Validation] Epoch=138, nll=2277.2878, acc=0.3644
[ 2022-08-31 20:10:15,276][train_tran.train_nn_models] Found a better model at epoch 138.
[ 2022-08-31 20:10:40,831][train_tran.train_nn_models] [Training] Epoch=139, loss=2213.3716, nll=2213.3716, l2_reg=0.0000, acc=0.3832
[ 2022-08-31 20:10:40,832][train_tran.train_nn_models] [Validation] Epoch=139, nll=2337.8523, acc=0.3519
[ 2022-08-31 20:11:06,540][train_tran.train_nn_models] [Training] Epoch=140, loss=2435.8853, nll=2435.8853, l2_reg=0.0000, acc=0.2852
[ 2022-08-31 20:11:06,540][train_tran.train_nn_models] [Validation] Epoch=140, nll=2414.4419, acc=0.2870
[ 2022-08-31 20:11:32,565][train_tran.train_nn_models] [Training] Epoch=141, loss=2363.7590, nll=2363.7590, l2_reg=0.0000, acc=0.3071
[ 2022-08-31 20:11:32,566][train_tran.train_nn_models] [Validation] Epoch=141, nll=2457.0110, acc=0.2520
[ 2022-08-31 20:11:58,330][train_tran.train_nn_models] [Training] Epoch=142, loss=2368.5994, nll=2368.5994, l2_reg=0.0000, acc=0.2894
[ 2022-08-31 20:11:58,330][train_tran.train_nn_models] [Validation] Epoch=142, nll=2397.6816, acc=0.2943
[ 2022-08-31 20:12:24,384][train_tran.train_nn_models] [Training] Epoch=143, loss=2304.1533, nll=2304.1533, l2_reg=0.0000, acc=0.3250
[ 2022-08-31 20:12:24,385][train_tran.train_nn_models] [Validation] Epoch=143, nll=2338.6038, acc=0.3178
[ 2022-08-31 20:12:49,753][train_tran.train_nn_models] [Training] Epoch=144, loss=2312.6240, nll=2312.6240, l2_reg=0.0000, acc=0.3105
[ 2022-08-31 20:12:49,754][train_tran.train_nn_models] [Validation] Epoch=144, nll=2362.8228, acc=0.3068
[ 2022-08-31 20:13:16,605][train_tran.train_nn_models] [Training] Epoch=145, loss=2266.1028, nll=2266.1028, l2_reg=0.0000, acc=0.3427
[ 2022-08-31 20:13:16,606][train_tran.train_nn_models] [Validation] Epoch=145, nll=2301.5898, acc=0.3363
[ 2022-08-31 20:13:43,303][train_tran.train_nn_models] [Training] Epoch=146, loss=2226.4561, nll=2226.4561, l2_reg=0.0000, acc=0.3618
[ 2022-08-31 20:13:43,304][train_tran.train_nn_models] [Validation] Epoch=146, nll=2239.8806, acc=0.3807
[ 2022-08-31 20:13:43,304][train_tran.train_nn_models] Found a better model at epoch 146.
[ 2022-08-31 20:14:10,593][train_tran.train_nn_models] [Training] Epoch=147, loss=2245.0852, nll=2245.0852, l2_reg=0.0000, acc=0.3471
[ 2022-08-31 20:14:10,594][train_tran.train_nn_models] [Validation] Epoch=147, nll=2242.3774, acc=0.3623
[ 2022-08-31 20:14:38,443][train_tran.train_nn_models] [Training] Epoch=148, loss=2189.9937, nll=2189.9937, l2_reg=0.0000, acc=0.3835
[ 2022-08-31 20:14:38,444][train_tran.train_nn_models] [Validation] Epoch=148, nll=2186.9753, acc=0.4072
[ 2022-08-31 20:14:38,444][train_tran.train_nn_models] Found a better model at epoch 148.
[ 2022-08-31 20:15:06,397][train_tran.train_nn_models] [Training] Epoch=149, loss=2294.3799, nll=2294.3799, l2_reg=0.0000, acc=0.3173
[ 2022-08-31 20:15:06,398][train_tran.train_nn_models] [Validation] Epoch=149, nll=2367.5205, acc=0.2901
[ 2022-08-31 20:15:33,714][train_tran.train_nn_models] [Training] Epoch=150, loss=2222.0869, nll=2222.0869, l2_reg=0.0000, acc=0.3673
[ 2022-08-31 20:15:33,714][train_tran.train_nn_models] [Validation] Epoch=150, nll=2261.1477, acc=0.3548
[ 2022-08-31 20:16:00,401][train_tran.train_nn_models] [Training] Epoch=151, loss=2160.0928, nll=2160.0928, l2_reg=0.0000, acc=0.3978
[ 2022-08-31 20:16:00,402][train_tran.train_nn_models] [Validation] Epoch=151, nll=2184.4773, acc=0.4008
[ 2022-08-31 20:16:00,402][train_tran.train_nn_models] Found a better model at epoch 151.
[ 2022-08-31 20:16:27,503][train_tran.train_nn_models] [Training] Epoch=152, loss=2114.8972, nll=2114.8972, l2_reg=0.0000, acc=0.4225
[ 2022-08-31 20:16:27,503][train_tran.train_nn_models] [Validation] Epoch=152, nll=2175.0952, acc=0.3937
[ 2022-08-31 20:16:27,503][train_tran.train_nn_models] Found a better model at epoch 152.
[ 2022-08-31 20:16:55,900][train_tran.train_nn_models] [Training] Epoch=153, loss=2130.2573, nll=2130.2573, l2_reg=0.0000, acc=0.4130
[ 2022-08-31 20:16:55,901][train_tran.train_nn_models] [Validation] Epoch=153, nll=2148.0059, acc=0.4089
[ 2022-08-31 20:16:55,902][train_tran.train_nn_models] Found a better model at epoch 153.
[ 2022-08-31 20:17:22,750][train_tran.train_nn_models] [Training] Epoch=154, loss=2192.8596, nll=2192.8596, l2_reg=0.0000, acc=0.3788
[ 2022-08-31 20:17:22,751][train_tran.train_nn_models] [Validation] Epoch=154, nll=2213.3186, acc=0.3869
[ 2022-08-31 20:17:49,518][train_tran.train_nn_models] [Training] Epoch=155, loss=2156.9297, nll=2156.9297, l2_reg=0.0000, acc=0.4020
[ 2022-08-31 20:17:49,518][train_tran.train_nn_models] [Validation] Epoch=155, nll=2181.7507, acc=0.3960
[ 2022-08-31 20:18:18,207][train_tran.train_nn_models] [Training] Epoch=156, loss=2088.7585, nll=2088.7585, l2_reg=0.0000, acc=0.4407
[ 2022-08-31 20:18:18,207][train_tran.train_nn_models] [Validation] Epoch=156, nll=2120.2390, acc=0.4465
[ 2022-08-31 20:18:18,207][train_tran.train_nn_models] Found a better model at epoch 156.
[ 2022-08-31 20:18:47,081][train_tran.train_nn_models] [Training] Epoch=157, loss=2070.8257, nll=2070.8257, l2_reg=0.0000, acc=0.4506
[ 2022-08-31 20:18:47,082][train_tran.train_nn_models] [Validation] Epoch=157, nll=2072.6665, acc=0.4586
[ 2022-08-31 20:18:47,082][train_tran.train_nn_models] Found a better model at epoch 157.
[ 2022-08-31 20:19:15,240][train_tran.train_nn_models] [Training] Epoch=158, loss=2156.4290, nll=2156.4290, l2_reg=0.0000, acc=0.4044
[ 2022-08-31 20:19:15,240][train_tran.train_nn_models] [Validation] Epoch=158, nll=2174.2900, acc=0.4207
[ 2022-08-31 20:19:43,215][train_tran.train_nn_models] [Training] Epoch=159, loss=2055.8069, nll=2055.8069, l2_reg=0.0000, acc=0.4619
[ 2022-08-31 20:19:43,216][train_tran.train_nn_models] [Validation] Epoch=159, nll=2066.7493, acc=0.4653
[ 2022-08-31 20:19:43,216][train_tran.train_nn_models] Found a better model at epoch 159.
[ 2022-08-31 20:20:10,917][train_tran.train_nn_models] [Training] Epoch=160, loss=2043.8850, nll=2043.8850, l2_reg=0.0000, acc=0.4562
[ 2022-08-31 20:20:10,918][train_tran.train_nn_models] [Validation] Epoch=160, nll=2070.6167, acc=0.4694
[ 2022-08-31 20:20:38,083][train_tran.train_nn_models] [Training] Epoch=161, loss=1994.1603, nll=1994.1603, l2_reg=0.0000, acc=0.4897
[ 2022-08-31 20:20:38,084][train_tran.train_nn_models] [Validation] Epoch=161, nll=2013.3278, acc=0.4864
[ 2022-08-31 20:20:38,084][train_tran.train_nn_models] Found a better model at epoch 161.
[ 2022-08-31 20:21:06,158][train_tran.train_nn_models] [Training] Epoch=162, loss=2032.7144, nll=2032.7144, l2_reg=0.0000, acc=0.4739
[ 2022-08-31 20:21:06,159][train_tran.train_nn_models] [Validation] Epoch=162, nll=2023.7120, acc=0.4980
[ 2022-08-31 20:21:34,762][train_tran.train_nn_models] [Training] Epoch=163, loss=1953.7069, nll=1953.7069, l2_reg=0.0000, acc=0.5160
[ 2022-08-31 20:21:34,763][train_tran.train_nn_models] [Validation] Epoch=163, nll=1964.7612, acc=0.5175
[ 2022-08-31 20:21:34,764][train_tran.train_nn_models] Found a better model at epoch 163.
[ 2022-08-31 20:22:03,031][train_tran.train_nn_models] [Training] Epoch=164, loss=1974.0979, nll=1974.0979, l2_reg=0.0000, acc=0.5055
[ 2022-08-31 20:22:03,031][train_tran.train_nn_models] [Validation] Epoch=164, nll=2015.2689, acc=0.4826
[ 2022-08-31 20:22:31,894][train_tran.train_nn_models] [Training] Epoch=165, loss=1948.4644, nll=1948.4644, l2_reg=0.0000, acc=0.5105
[ 2022-08-31 20:22:31,895][train_tran.train_nn_models] [Validation] Epoch=165, nll=2083.9604, acc=0.5134
[ 2022-08-31 20:23:00,618][train_tran.train_nn_models] [Training] Epoch=166, loss=2073.4114, nll=2073.4114, l2_reg=0.0000, acc=0.4748
[ 2022-08-31 20:23:00,619][train_tran.train_nn_models] [Validation] Epoch=166, nll=2056.5461, acc=0.4625
[ 2022-08-31 20:23:29,974][train_tran.train_nn_models] [Training] Epoch=167, loss=1967.4908, nll=1967.4908, l2_reg=0.0000, acc=0.5009
[ 2022-08-31 20:23:29,974][train_tran.train_nn_models] [Validation] Epoch=167, nll=2096.0386, acc=0.4474
[ 2022-08-31 20:23:58,203][train_tran.train_nn_models] [Training] Epoch=168, loss=1952.4585, nll=1952.4585, l2_reg=0.0000, acc=0.5131
[ 2022-08-31 20:23:58,203][train_tran.train_nn_models] [Validation] Epoch=168, nll=1929.6422, acc=0.5321
[ 2022-08-31 20:23:58,204][train_tran.train_nn_models] Found a better model at epoch 168.
[ 2022-08-31 20:24:26,725][train_tran.train_nn_models] [Training] Epoch=169, loss=1868.8459, nll=1868.8459, l2_reg=0.0000, acc=0.5523
[ 2022-08-31 20:24:26,725][train_tran.train_nn_models] [Validation] Epoch=169, nll=1961.7784, acc=0.5234
[ 2022-08-31 20:24:56,428][train_tran.train_nn_models] [Training] Epoch=170, loss=1841.7794, nll=1841.7794, l2_reg=0.0000, acc=0.5703
[ 2022-08-31 20:24:56,428][train_tran.train_nn_models] [Validation] Epoch=170, nll=1973.3542, acc=0.4984
[ 2022-08-31 20:25:26,784][train_tran.train_nn_models] [Training] Epoch=171, loss=1822.7228, nll=1822.7228, l2_reg=0.0000, acc=0.5800
[ 2022-08-31 20:25:26,785][train_tran.train_nn_models] [Validation] Epoch=171, nll=1853.5574, acc=0.5819
[ 2022-08-31 20:25:26,785][train_tran.train_nn_models] Found a better model at epoch 171.
[ 2022-08-31 20:25:56,056][train_tran.train_nn_models] [Training] Epoch=172, loss=1800.4816, nll=1800.4816, l2_reg=0.0000, acc=0.5875
[ 2022-08-31 20:25:56,056][train_tran.train_nn_models] [Validation] Epoch=172, nll=1824.9554, acc=0.5683
[ 2022-08-31 20:25:56,056][train_tran.train_nn_models] Found a better model at epoch 172.
[ 2022-08-31 20:26:26,257][train_tran.train_nn_models] [Training] Epoch=173, loss=1745.5878, nll=1745.5878, l2_reg=0.0000, acc=0.6110
[ 2022-08-31 20:26:26,258][train_tran.train_nn_models] [Validation] Epoch=173, nll=1796.7767, acc=0.5860
[ 2022-08-31 20:26:26,258][train_tran.train_nn_models] Found a better model at epoch 173.
[ 2022-08-31 20:26:55,533][train_tran.train_nn_models] [Training] Epoch=174, loss=1762.2500, nll=1762.2500, l2_reg=0.0000, acc=0.5999
[ 2022-08-31 20:26:55,534][train_tran.train_nn_models] [Validation] Epoch=174, nll=1832.4342, acc=0.5709
[ 2022-08-31 20:27:23,469][train_tran.train_nn_models] [Training] Epoch=175, loss=1762.2563, nll=1762.2563, l2_reg=0.0000, acc=0.6025
[ 2022-08-31 20:27:23,471][train_tran.train_nn_models] [Validation] Epoch=175, nll=1845.9178, acc=0.5742
[ 2022-08-31 20:27:52,894][train_tran.train_nn_models] [Training] Epoch=176, loss=1745.7954, nll=1745.7954, l2_reg=0.0000, acc=0.6127
[ 2022-08-31 20:27:52,894][train_tran.train_nn_models] [Validation] Epoch=176, nll=1804.0830, acc=0.5983
[ 2022-08-31 20:28:21,648][train_tran.train_nn_models] [Training] Epoch=177, loss=1769.1309, nll=1769.1309, l2_reg=0.0000, acc=0.6217
[ 2022-08-31 20:28:21,649][train_tran.train_nn_models] [Validation] Epoch=177, nll=2087.9746, acc=0.5356
[ 2022-08-31 20:28:51,718][train_tran.train_nn_models] [Training] Epoch=178, loss=1897.9869, nll=1897.9869, l2_reg=0.0000, acc=0.5726
[ 2022-08-31 20:28:51,718][train_tran.train_nn_models] [Validation] Epoch=178, nll=1838.9130, acc=0.5913
[ 2022-08-31 20:29:19,962][train_tran.train_nn_models] [Training] Epoch=179, loss=1758.0887, nll=1758.0887, l2_reg=0.0000, acc=0.6333
[ 2022-08-31 20:29:19,962][train_tran.train_nn_models] [Validation] Epoch=179, nll=1826.2388, acc=0.6067
[ 2022-08-31 20:29:49,178][train_tran.train_nn_models] [Training] Epoch=180, loss=1702.9937, nll=1702.9937, l2_reg=0.0000, acc=0.6478
[ 2022-08-31 20:29:49,179][train_tran.train_nn_models] [Validation] Epoch=180, nll=1728.5358, acc=0.6460
[ 2022-08-31 20:29:49,179][train_tran.train_nn_models] Found a better model at epoch 180.
[ 2022-08-31 20:30:18,479][train_tran.train_nn_models] [Training] Epoch=181, loss=1637.3186, nll=1637.3186, l2_reg=0.0000, acc=0.6796
[ 2022-08-31 20:30:18,480][train_tran.train_nn_models] [Validation] Epoch=181, nll=1698.0027, acc=0.6734
[ 2022-08-31 20:30:18,480][train_tran.train_nn_models] Found a better model at epoch 181.
[ 2022-08-31 20:30:47,604][train_tran.train_nn_models] [Training] Epoch=182, loss=1635.2189, nll=1635.2189, l2_reg=0.0000, acc=0.6929
[ 2022-08-31 20:30:47,605][train_tran.train_nn_models] [Validation] Epoch=182, nll=1679.0618, acc=0.6655
[ 2022-08-31 20:30:47,605][train_tran.train_nn_models] Found a better model at epoch 182.
[ 2022-08-31 20:31:18,019][train_tran.train_nn_models] [Training] Epoch=183, loss=1599.6549, nll=1599.6549, l2_reg=0.0000, acc=0.7035
[ 2022-08-31 20:31:18,020][train_tran.train_nn_models] [Validation] Epoch=183, nll=1580.3698, acc=0.7126
[ 2022-08-31 20:31:18,020][train_tran.train_nn_models] Found a better model at epoch 183.
[ 2022-08-31 20:31:47,153][train_tran.train_nn_models] [Training] Epoch=184, loss=1501.0608, nll=1501.0608, l2_reg=0.0000, acc=0.7429
[ 2022-08-31 20:31:47,154][train_tran.train_nn_models] [Validation] Epoch=184, nll=1555.3254, acc=0.7353
[ 2022-08-31 20:31:47,154][train_tran.train_nn_models] Found a better model at epoch 184.
[ 2022-08-31 20:32:17,587][train_tran.train_nn_models] [Training] Epoch=185, loss=1547.7853, nll=1547.7853, l2_reg=0.0000, acc=0.7321
[ 2022-08-31 20:32:17,587][train_tran.train_nn_models] [Validation] Epoch=185, nll=1634.4933, acc=0.7031
[ 2022-08-31 20:32:48,537][train_tran.train_nn_models] [Training] Epoch=186, loss=1540.6674, nll=1540.6674, l2_reg=0.0000, acc=0.7358
[ 2022-08-31 20:32:48,537][train_tran.train_nn_models] [Validation] Epoch=186, nll=1568.9246, acc=0.7327
[ 2022-08-31 20:33:18,889][train_tran.train_nn_models] [Training] Epoch=187, loss=1541.3630, nll=1541.3630, l2_reg=0.0000, acc=0.7206
[ 2022-08-31 20:33:18,890][train_tran.train_nn_models] [Validation] Epoch=187, nll=1575.0637, acc=0.7182
[ 2022-08-31 20:33:48,702][train_tran.train_nn_models] [Training] Epoch=188, loss=1549.8015, nll=1549.8015, l2_reg=0.0000, acc=0.7228
[ 2022-08-31 20:33:48,702][train_tran.train_nn_models] [Validation] Epoch=188, nll=1629.5007, acc=0.6903
[ 2022-08-31 20:34:18,075][train_tran.train_nn_models] [Training] Epoch=189, loss=1510.3378, nll=1510.3378, l2_reg=0.0000, acc=0.7412
[ 2022-08-31 20:34:18,076][train_tran.train_nn_models] [Validation] Epoch=189, nll=1518.5757, acc=0.7752
[ 2022-08-31 20:34:18,076][train_tran.train_nn_models] Found a better model at epoch 189.
[ 2022-08-31 20:34:47,827][train_tran.train_nn_models] [Training] Epoch=190, loss=1590.0216, nll=1590.0216, l2_reg=0.0000, acc=0.7417
[ 2022-08-31 20:34:47,827][train_tran.train_nn_models] [Validation] Epoch=190, nll=1571.3541, acc=0.7415
[ 2022-08-31 20:35:17,667][train_tran.train_nn_models] [Training] Epoch=191, loss=1474.7391, nll=1474.7391, l2_reg=0.0000, acc=0.7802
[ 2022-08-31 20:35:17,668][train_tran.train_nn_models] [Validation] Epoch=191, nll=1494.6808, acc=0.7541
[ 2022-08-31 20:35:17,668][train_tran.train_nn_models] Found a better model at epoch 191.
[ 2022-08-31 20:35:46,981][train_tran.train_nn_models] [Training] Epoch=192, loss=1396.9314, nll=1396.9314, l2_reg=0.0000, acc=0.8112
[ 2022-08-31 20:35:46,982][train_tran.train_nn_models] [Validation] Epoch=192, nll=1386.0908, acc=0.8351
[ 2022-08-31 20:35:46,982][train_tran.train_nn_models] Found a better model at epoch 192.
[ 2022-08-31 20:36:17,944][train_tran.train_nn_models] [Training] Epoch=193, loss=1332.2067, nll=1332.2067, l2_reg=0.0000, acc=0.8543
[ 2022-08-31 20:36:17,944][train_tran.train_nn_models] [Validation] Epoch=193, nll=1736.5425, acc=0.7242
[ 2022-08-31 20:36:47,683][train_tran.train_nn_models] [Training] Epoch=194, loss=1458.3268, nll=1458.3268, l2_reg=0.0000, acc=0.8129
[ 2022-08-31 20:36:47,683][train_tran.train_nn_models] [Validation] Epoch=194, nll=1466.7273, acc=0.8221
[ 2022-08-31 20:37:17,092][train_tran.train_nn_models] [Training] Epoch=195, loss=1624.1262, nll=1624.1262, l2_reg=0.0000, acc=0.7509
[ 2022-08-31 20:37:17,092][train_tran.train_nn_models] [Validation] Epoch=195, nll=1673.2679, acc=0.6635
[ 2022-08-31 20:37:47,362][train_tran.train_nn_models] [Training] Epoch=196, loss=1463.4952, nll=1463.4952, l2_reg=0.0000, acc=0.7955
[ 2022-08-31 20:37:47,363][train_tran.train_nn_models] [Validation] Epoch=196, nll=1447.1716, acc=0.8217
[ 2022-08-31 20:38:16,549][train_tran.train_nn_models] [Training] Epoch=197, loss=1309.8196, nll=1309.8196, l2_reg=0.0000, acc=0.8678
[ 2022-08-31 20:38:16,550][train_tran.train_nn_models] [Validation] Epoch=197, nll=1454.9954, acc=0.8422
[ 2022-08-31 20:38:47,288][train_tran.train_nn_models] [Training] Epoch=198, loss=1353.4449, nll=1353.4449, l2_reg=0.0000, acc=0.8595
[ 2022-08-31 20:38:47,289][train_tran.train_nn_models] [Validation] Epoch=198, nll=1315.5837, acc=0.8788
[ 2022-08-31 20:38:47,289][train_tran.train_nn_models] Found a better model at epoch 198.
[ 2022-08-31 20:39:17,736][train_tran.train_nn_models] [Training] Epoch=199, loss=1248.6418, nll=1248.6418, l2_reg=0.0000, acc=0.8934
[ 2022-08-31 20:39:17,737][train_tran.train_nn_models] [Validation] Epoch=199, nll=1315.5651, acc=0.8703
[ 2022-08-31 20:39:17,737][train_tran.train_nn_models] Found a better model at epoch 199.
[ 2022-08-31 20:39:48,164][train_tran.train_nn_models] [Training] Epoch=200, loss=1203.0083, nll=1203.0083, l2_reg=0.0000, acc=0.9075
[ 2022-08-31 20:39:48,164][train_tran.train_nn_models] [Validation] Epoch=200, nll=1366.6564, acc=0.8727
[ 2022-08-31 20:40:18,319][train_tran.train_nn_models] [Training] Epoch=201, loss=1438.0635, nll=1438.0635, l2_reg=0.0000, acc=0.8438
[ 2022-08-31 20:40:18,320][train_tran.train_nn_models] [Validation] Epoch=201, nll=1539.1067, acc=0.7947
[ 2022-08-31 20:40:47,753][train_tran.train_nn_models] [Training] Epoch=202, loss=1405.4459, nll=1405.4459, l2_reg=0.0000, acc=0.8378
[ 2022-08-31 20:40:47,753][train_tran.train_nn_models] [Validation] Epoch=202, nll=1382.0177, acc=0.8586
[ 2022-08-31 20:41:16,407][train_tran.train_nn_models] [Training] Epoch=203, loss=1254.4709, nll=1254.4709, l2_reg=0.0000, acc=0.8928
[ 2022-08-31 20:41:16,408][train_tran.train_nn_models] [Validation] Epoch=203, nll=1314.4038, acc=0.8766
[ 2022-08-31 20:41:16,408][train_tran.train_nn_models] Found a better model at epoch 203.
[ 2022-08-31 20:41:46,002][train_tran.train_nn_models] [Training] Epoch=204, loss=1171.4954, nll=1171.4954, l2_reg=0.0000, acc=0.9134
[ 2022-08-31 20:41:46,002][train_tran.train_nn_models] [Validation] Epoch=204, nll=1218.7256, acc=0.9097
[ 2022-08-31 20:41:46,003][train_tran.train_nn_models] Found a better model at epoch 204.
[ 2022-08-31 20:42:15,169][train_tran.train_nn_models] [Training] Epoch=205, loss=1128.4231, nll=1128.4231, l2_reg=0.0000, acc=0.9358
[ 2022-08-31 20:42:15,169][train_tran.train_nn_models] [Validation] Epoch=205, nll=1193.1946, acc=0.9166
[ 2022-08-31 20:42:15,169][train_tran.train_nn_models] Found a better model at epoch 205.
[ 2022-08-31 20:42:44,645][train_tran.train_nn_models] [Training] Epoch=206, loss=1339.7111, nll=1339.7111, l2_reg=0.0000, acc=0.8852
[ 2022-08-31 20:42:44,646][train_tran.train_nn_models] [Validation] Epoch=206, nll=1276.1726, acc=0.8835
[ 2022-08-31 20:43:13,959][train_tran.train_nn_models] [Training] Epoch=207, loss=1368.1420, nll=1368.1420, l2_reg=0.0000, acc=0.8636
[ 2022-08-31 20:43:13,960][train_tran.train_nn_models] [Validation] Epoch=207, nll=1541.4230, acc=0.8209
[ 2022-08-31 20:43:44,217][train_tran.train_nn_models] [Training] Epoch=208, loss=1350.5220, nll=1350.5220, l2_reg=0.0000, acc=0.8616
[ 2022-08-31 20:43:44,218][train_tran.train_nn_models] [Validation] Epoch=208, nll=1330.8884, acc=0.8568
[ 2022-08-31 20:44:14,455][train_tran.train_nn_models] [Training] Epoch=209, loss=1192.7766, nll=1192.7766, l2_reg=0.0000, acc=0.9024
[ 2022-08-31 20:44:14,456][train_tran.train_nn_models] [Validation] Epoch=209, nll=1230.6776, acc=0.8984
[ 2022-08-31 20:44:43,872][train_tran.train_nn_models] [Training] Epoch=210, loss=1097.9232, nll=1097.9232, l2_reg=0.0000, acc=0.9438
[ 2022-08-31 20:44:43,872][train_tran.train_nn_models] [Validation] Epoch=210, nll=1117.1525, acc=0.9371
[ 2022-08-31 20:44:43,872][train_tran.train_nn_models] Found a better model at epoch 210.
[ 2022-08-31 20:45:13,014][train_tran.train_nn_models] [Training] Epoch=211, loss=1052.0037, nll=1052.0037, l2_reg=0.0000, acc=0.9567
[ 2022-08-31 20:45:13,015][train_tran.train_nn_models] [Validation] Epoch=211, nll=1294.7305, acc=0.8938
[ 2022-08-31 20:45:43,171][train_tran.train_nn_models] [Training] Epoch=212, loss=1327.7507, nll=1327.7507, l2_reg=0.0000, acc=0.9026
[ 2022-08-31 20:45:43,172][train_tran.train_nn_models] [Validation] Epoch=212, nll=1219.4974, acc=0.9161
[ 2022-08-31 20:46:13,163][train_tran.train_nn_models] [Training] Epoch=213, loss=1126.1534, nll=1126.1534, l2_reg=0.0000, acc=0.9387
[ 2022-08-31 20:46:13,163][train_tran.train_nn_models] [Validation] Epoch=213, nll=1143.6498, acc=0.9261
[ 2022-08-31 20:46:43,457][train_tran.train_nn_models] [Training] Epoch=214, loss=1314.8120, nll=1314.8120, l2_reg=0.0000, acc=0.9179
[ 2022-08-31 20:46:43,458][train_tran.train_nn_models] [Validation] Epoch=214, nll=1257.4458, acc=0.9045
[ 2022-08-31 20:47:12,935][train_tran.train_nn_models] [Training] Epoch=215, loss=1125.8640, nll=1125.8640, l2_reg=0.0000, acc=0.9385
[ 2022-08-31 20:47:12,935][train_tran.train_nn_models] [Validation] Epoch=215, nll=1153.6868, acc=0.9269
[ 2022-08-31 20:47:44,459][train_tran.train_nn_models] [Training] Epoch=216, loss=1060.7263, nll=1060.7263, l2_reg=0.0000, acc=0.9525
[ 2022-08-31 20:47:44,460][train_tran.train_nn_models] [Validation] Epoch=216, nll=1083.6915, acc=0.9447
[ 2022-08-31 20:47:44,460][train_tran.train_nn_models] Found a better model at epoch 216.
[ 2022-08-31 20:48:14,946][train_tran.train_nn_models] [Training] Epoch=217, loss=1013.3215, nll=1013.3215, l2_reg=0.0000, acc=0.9653
[ 2022-08-31 20:48:14,947][train_tran.train_nn_models] [Validation] Epoch=217, nll=1055.0935, acc=0.9489
[ 2022-08-31 20:48:14,947][train_tran.train_nn_models] Found a better model at epoch 217.
[ 2022-08-31 20:48:45,016][train_tran.train_nn_models] [Training] Epoch=218, loss=996.8857, nll=996.8857, l2_reg=0.0000, acc=0.9684
[ 2022-08-31 20:48:45,016][train_tran.train_nn_models] [Validation] Epoch=218, nll=1460.0792, acc=0.8535
[ 2022-08-31 20:49:14,650][train_tran.train_nn_models] [Training] Epoch=219, loss=1423.6051, nll=1423.6051, l2_reg=0.0000, acc=0.8639
[ 2022-08-31 20:49:14,650][train_tran.train_nn_models] [Validation] Epoch=219, nll=1482.4219, acc=0.8190
[ 2022-08-31 20:49:45,541][train_tran.train_nn_models] [Training] Epoch=220, loss=1264.0652, nll=1264.0652, l2_reg=0.0000, acc=0.8867
[ 2022-08-31 20:49:45,541][train_tran.train_nn_models] [Validation] Epoch=220, nll=1221.3977, acc=0.9027
[ 2022-08-31 20:50:15,076][train_tran.train_nn_models] [Training] Epoch=221, loss=1082.1443, nll=1082.1443, l2_reg=0.0000, acc=0.9446
[ 2022-08-31 20:50:15,077][train_tran.train_nn_models] [Validation] Epoch=221, nll=1135.5366, acc=0.9344
[ 2022-08-31 20:50:45,696][train_tran.train_nn_models] [Training] Epoch=222, loss=1269.7388, nll=1269.7388, l2_reg=0.0000, acc=0.9111
[ 2022-08-31 20:50:45,697][train_tran.train_nn_models] [Validation] Epoch=222, nll=1428.7461, acc=0.8620
[ 2022-08-31 20:51:15,542][train_tran.train_nn_models] [Training] Epoch=223, loss=1298.9115, nll=1298.9115, l2_reg=0.0000, acc=0.8923
[ 2022-08-31 20:51:15,543][train_tran.train_nn_models] [Validation] Epoch=223, nll=1200.1290, acc=0.9199
[ 2022-08-31 20:51:45,265][train_tran.train_nn_models] [Training] Epoch=224, loss=1079.9000, nll=1079.9000, l2_reg=0.0000, acc=0.9484
[ 2022-08-31 20:51:45,266][train_tran.train_nn_models] [Validation] Epoch=224, nll=1078.3234, acc=0.9465
[ 2022-08-31 20:52:16,729][train_tran.train_nn_models] [Training] Epoch=225, loss=1000.1739, nll=1000.1739, l2_reg=0.0000, acc=0.9670
[ 2022-08-31 20:52:16,729][train_tran.train_nn_models] [Validation] Epoch=225, nll=1037.6841, acc=0.9545
[ 2022-08-31 20:52:16,730][train_tran.train_nn_models] Found a better model at epoch 225.
[ 2022-08-31 20:52:47,247][train_tran.train_nn_models] [Training] Epoch=226, loss=962.9161, nll=962.9161, l2_reg=0.0000, acc=0.9728
[ 2022-08-31 20:52:47,248][train_tran.train_nn_models] [Validation] Epoch=226, nll=1008.6796, acc=0.9582
[ 2022-08-31 20:52:47,248][train_tran.train_nn_models] Found a better model at epoch 226.
[ 2022-08-31 20:53:19,002][train_tran.train_nn_models] [Training] Epoch=227, loss=958.2632, nll=958.2632, l2_reg=0.0000, acc=0.9747
[ 2022-08-31 20:53:19,003][train_tran.train_nn_models] [Validation] Epoch=227, nll=1036.0538, acc=0.9487
[ 2022-08-31 20:53:49,739][train_tran.train_nn_models] [Training] Epoch=228, loss=1129.2692, nll=1129.2692, l2_reg=0.0000, acc=0.9518
[ 2022-08-31 20:53:49,740][train_tran.train_nn_models] [Validation] Epoch=228, nll=1195.0607, acc=0.9047
[ 2022-08-31 20:54:20,981][train_tran.train_nn_models] [Training] Epoch=229, loss=1043.8390, nll=1043.8390, l2_reg=0.0000, acc=0.9515
[ 2022-08-31 20:54:20,982][train_tran.train_nn_models] [Validation] Epoch=229, nll=1052.7567, acc=0.9468
[ 2022-08-31 20:54:51,469][train_tran.train_nn_models] [Training] Epoch=230, loss=970.7665, nll=970.7665, l2_reg=0.0000, acc=0.9693
[ 2022-08-31 20:54:51,470][train_tran.train_nn_models] [Validation] Epoch=230, nll=1007.2513, acc=0.9592
[ 2022-08-31 20:54:51,470][train_tran.train_nn_models] Found a better model at epoch 230.
[ 2022-08-31 20:55:21,480][train_tran.train_nn_models] [Training] Epoch=231, loss=941.3953, nll=941.3953, l2_reg=0.0000, acc=0.9752
[ 2022-08-31 20:55:21,481][train_tran.train_nn_models] [Validation] Epoch=231, nll=982.9733, acc=0.9616
[ 2022-08-31 20:55:21,481][train_tran.train_nn_models] Found a better model at epoch 231.
[ 2022-08-31 20:55:52,738][train_tran.train_nn_models] [Training] Epoch=232, loss=922.1125, nll=922.1125, l2_reg=0.0000, acc=0.9775
[ 2022-08-31 20:55:52,739][train_tran.train_nn_models] [Validation] Epoch=232, nll=973.8130, acc=0.9637
[ 2022-08-31 20:55:52,739][train_tran.train_nn_models] Found a better model at epoch 232.
[ 2022-08-31 20:56:23,988][train_tran.train_nn_models] [Training] Epoch=233, loss=919.1240, nll=919.1240, l2_reg=0.0000, acc=0.9781
[ 2022-08-31 20:56:23,989][train_tran.train_nn_models] [Validation] Epoch=233, nll=976.1839, acc=0.9615
[ 2022-08-31 20:56:55,085][train_tran.train_nn_models] [Training] Epoch=234, loss=1055.6537, nll=1055.6537, l2_reg=0.0000, acc=0.9584
[ 2022-08-31 20:56:55,086][train_tran.train_nn_models] [Validation] Epoch=234, nll=2047.6643, acc=0.7112
[ 2022-08-31 20:57:28,033][train_tran.train_nn_models] [Training] Epoch=235, loss=1766.8890, nll=1766.8890, l2_reg=0.0000, acc=0.7577
[ 2022-08-31 20:57:28,034][train_tran.train_nn_models] [Validation] Epoch=235, nll=1490.7242, acc=0.8255
[ 2022-08-31 20:57:59,315][train_tran.train_nn_models] [Training] Epoch=236, loss=1286.2000, nll=1286.2000, l2_reg=0.0000, acc=0.8915
[ 2022-08-31 20:57:59,316][train_tran.train_nn_models] [Validation] Epoch=236, nll=1179.1077, acc=0.9165
[ 2022-08-31 20:58:29,732][train_tran.train_nn_models] [Training] Epoch=237, loss=1049.7651, nll=1049.7651, l2_reg=0.0000, acc=0.9527
[ 2022-08-31 20:58:29,733][train_tran.train_nn_models] [Validation] Epoch=237, nll=1050.1586, acc=0.9496
[ 2022-08-31 20:59:00,445][train_tran.train_nn_models] [Training] Epoch=238, loss=964.7354, nll=964.7354, l2_reg=0.0000, acc=0.9696
[ 2022-08-31 20:59:00,446][train_tran.train_nn_models] [Validation] Epoch=238, nll=996.4301, acc=0.9596
[ 2022-08-31 20:59:30,423][train_tran.train_nn_models] [Training] Epoch=239, loss=938.7709, nll=938.7709, l2_reg=0.0000, acc=0.9741
[ 2022-08-31 20:59:30,424][train_tran.train_nn_models] [Validation] Epoch=239, nll=995.2318, acc=0.9582
[ 2022-08-31 20:59:59,899][train_tran.train_nn_models] [Training] Epoch=240, loss=934.3369, nll=934.3369, l2_reg=0.0000, acc=0.9752
[ 2022-08-31 20:59:59,899][train_tran.train_nn_models] [Validation] Epoch=240, nll=1001.6785, acc=0.9544
[ 2022-08-31 21:00:30,218][train_tran.train_nn_models] [Training] Epoch=241, loss=926.4199, nll=926.4199, l2_reg=0.0000, acc=0.9760
[ 2022-08-31 21:00:30,219][train_tran.train_nn_models] [Validation] Epoch=241, nll=999.6841, acc=0.9633
[ 2022-08-31 21:01:01,258][train_tran.train_nn_models] [Training] Epoch=242, loss=1139.9296, nll=1139.9296, l2_reg=0.0000, acc=0.9515
[ 2022-08-31 21:01:01,259][train_tran.train_nn_models] [Validation] Epoch=242, nll=1191.6149, acc=0.9205
[ 2022-08-31 21:01:31,214][train_tran.train_nn_models] [Training] Epoch=243, loss=1041.4797, nll=1041.4797, l2_reg=0.0000, acc=0.9600
[ 2022-08-31 21:01:31,214][train_tran.train_nn_models] [Validation] Epoch=243, nll=1028.8467, acc=0.9482
[ 2022-08-31 21:02:02,185][train_tran.train_nn_models] [Training] Epoch=244, loss=940.9905, nll=940.9905, l2_reg=0.0000, acc=0.9715
[ 2022-08-31 21:02:02,185][train_tran.train_nn_models] [Validation] Epoch=244, nll=974.8352, acc=0.9617
[ 2022-08-31 21:02:32,816][train_tran.train_nn_models] [Training] Epoch=245, loss=907.8317, nll=907.8317, l2_reg=0.0000, acc=0.9781
[ 2022-08-31 21:02:32,817][train_tran.train_nn_models] [Validation] Epoch=245, nll=953.9655, acc=0.9666
[ 2022-08-31 21:02:32,817][train_tran.train_nn_models] Found a better model at epoch 245.
[ 2022-08-31 21:03:03,518][train_tran.train_nn_models] [Training] Epoch=246, loss=890.5867, nll=890.5867, l2_reg=0.0000, acc=0.9796
[ 2022-08-31 21:03:03,519][train_tran.train_nn_models] [Validation] Epoch=246, nll=941.8055, acc=0.9655
[ 2022-08-31 21:03:03,519][train_tran.train_nn_models] Found a better model at epoch 246.
[ 2022-08-31 21:03:32,106][train_tran.train_nn_models] [Training] Epoch=247, loss=883.7625, nll=883.7625, l2_reg=0.0000, acc=0.9798
[ 2022-08-31 21:03:32,107][train_tran.train_nn_models] [Validation] Epoch=247, nll=943.7410, acc=0.9655
[ 2022-08-31 21:03:54,679][train_tran.train_nn_models] [Training] Epoch=248, loss=876.7920, nll=876.7920, l2_reg=0.0000, acc=0.9802
[ 2022-08-31 21:03:54,679][train_tran.train_nn_models] [Validation] Epoch=248, nll=931.2324, acc=0.9667
[ 2022-08-31 21:03:54,679][train_tran.train_nn_models] Found a better model at epoch 248.
[ 2022-08-31 21:04:16,566][train_tran.train_nn_models] [Training] Epoch=249, loss=892.1046, nll=892.1046, l2_reg=0.0000, acc=0.9803
[ 2022-08-31 21:04:16,567][train_tran.train_nn_models] [Validation] Epoch=249, nll=1054.4568, acc=0.9560
[ 2022-08-31 21:04:18,478][train_tran.eval_nll] [Test]nll=936.4812, acc=0.9605
