[ 2022-07-06 16:00:23,408][train.<module>] Namespace(batch_size=64, bucket_seqs=False, cuda=True, dataset='mhp-1K-10', embedding_dim=64, epochs=200, hidden_size=64, init_scale=50.0, input_dir='data/input', lr=0.001, model='RPPN', num_workers=0, optimizer='Adam', output_dir='data/output', rand_seed=0, skip_eval_infectivity=False, skip_pred_next_event=False, split_id=4, tune_metric='nll', verbose=False)
[ 2022-07-06 16:00:37,431][train.train_nn_models] [Training] Epoch=0, nll=6503.0654
[ 2022-07-06 16:00:37,436][train.train_nn_models] [Validation] Epoch=0, nll=3361.2866
[ 2022-07-06 16:00:42,441][train.train_nn_models] [Training] Epoch=1, nll=2474.9963
[ 2022-07-06 16:00:42,493][train.train_nn_models] [Validation] Epoch=1, nll=1745.9708
[ 2022-07-06 16:00:47,827][train.train_nn_models] [Training] Epoch=2, nll=1589.3933
[ 2022-07-06 16:00:47,881][train.train_nn_models] [Validation] Epoch=2, nll=1452.5697
[ 2022-07-06 16:00:53,381][train.train_nn_models] [Training] Epoch=3, nll=1430.6456
[ 2022-07-06 16:00:53,415][train.train_nn_models] [Validation] Epoch=3, nll=1387.5806
[ 2022-07-06 16:00:59,003][train.train_nn_models] [Training] Epoch=4, nll=1387.3885
[ 2022-07-06 16:00:59,004][train.train_nn_models] [Validation] Epoch=4, nll=1361.4213
[ 2022-07-06 16:01:03,569][train.train_nn_models] [Training] Epoch=5, nll=1366.9672
[ 2022-07-06 16:01:03,587][train.train_nn_models] [Validation] Epoch=5, nll=1345.9385
[ 2022-07-06 16:01:08,342][train.train_nn_models] [Training] Epoch=6, nll=1353.6946
[ 2022-07-06 16:01:08,360][train.train_nn_models] [Validation] Epoch=6, nll=1334.6006
[ 2022-07-06 16:01:13,142][train.train_nn_models] [Training] Epoch=7, nll=1343.4960
[ 2022-07-06 16:01:13,143][train.train_nn_models] [Validation] Epoch=7, nll=1325.3585
[ 2022-07-06 16:01:18,397][train.train_nn_models] [Training] Epoch=8, nll=1334.9922
[ 2022-07-06 16:01:18,417][train.train_nn_models] [Validation] Epoch=8, nll=1317.4225
[ 2022-07-06 16:01:22,727][train.train_nn_models] [Training] Epoch=9, nll=1327.6101
[ 2022-07-06 16:01:22,728][train.train_nn_models] [Validation] Epoch=9, nll=1310.4207
[ 2022-07-06 16:01:27,361][train.train_nn_models] [Training] Epoch=10, nll=1321.0588
[ 2022-07-06 16:01:27,411][train.train_nn_models] [Validation] Epoch=10, nll=1304.1443
[ 2022-07-06 16:01:32,187][train.train_nn_models] [Training] Epoch=11, nll=1315.1619
[ 2022-07-06 16:01:32,188][train.train_nn_models] [Validation] Epoch=11, nll=1298.4598
[ 2022-07-06 16:01:37,129][train.train_nn_models] [Training] Epoch=12, nll=1309.8026
[ 2022-07-06 16:01:37,151][train.train_nn_models] [Validation] Epoch=12, nll=1293.2725
[ 2022-07-06 16:01:42,037][train.train_nn_models] [Training] Epoch=13, nll=1304.8973
[ 2022-07-06 16:01:42,039][train.train_nn_models] [Validation] Epoch=13, nll=1288.5050
[ 2022-07-06 16:01:46,416][train.train_nn_models] [Training] Epoch=14, nll=1300.3749
[ 2022-07-06 16:01:46,418][train.train_nn_models] [Validation] Epoch=14, nll=1284.0902
[ 2022-07-06 16:01:51,578][train.train_nn_models] [Training] Epoch=15, nll=1296.1731
[ 2022-07-06 16:01:51,581][train.train_nn_models] [Validation] Epoch=15, nll=1279.9702
[ 2022-07-06 16:01:55,602][train.train_nn_models] [Training] Epoch=16, nll=1292.2395
[ 2022-07-06 16:01:55,606][train.train_nn_models] [Validation] Epoch=16, nll=1276.0990
[ 2022-07-06 16:02:00,667][train.train_nn_models] [Training] Epoch=17, nll=1288.5330
[ 2022-07-06 16:02:00,672][train.train_nn_models] [Validation] Epoch=17, nll=1272.4404
[ 2022-07-06 16:02:05,186][train.train_nn_models] [Training] Epoch=18, nll=1285.0199
[ 2022-07-06 16:02:05,190][train.train_nn_models] [Validation] Epoch=18, nll=1268.9647
[ 2022-07-06 16:02:10,499][train.train_nn_models] [Training] Epoch=19, nll=1281.6740
[ 2022-07-06 16:02:10,501][train.train_nn_models] [Validation] Epoch=19, nll=1265.6487
[ 2022-07-06 16:02:15,161][train.train_nn_models] [Training] Epoch=20, nll=1278.4731
[ 2022-07-06 16:02:15,164][train.train_nn_models] [Validation] Epoch=20, nll=1262.4733
[ 2022-07-06 16:02:19,404][train.train_nn_models] [Training] Epoch=21, nll=1275.3997
[ 2022-07-06 16:02:19,406][train.train_nn_models] [Validation] Epoch=21, nll=1259.4218
[ 2022-07-06 16:02:24,860][train.train_nn_models] [Training] Epoch=22, nll=1272.4380
[ 2022-07-06 16:02:24,869][train.train_nn_models] [Validation] Epoch=22, nll=1256.4800
[ 2022-07-06 16:02:29,539][train.train_nn_models] [Training] Epoch=23, nll=1269.5748
[ 2022-07-06 16:02:29,543][train.train_nn_models] [Validation] Epoch=23, nll=1253.6357
[ 2022-07-06 16:02:35,573][train.train_nn_models] [Training] Epoch=24, nll=1266.7991
[ 2022-07-06 16:02:35,577][train.train_nn_models] [Validation] Epoch=24, nll=1250.8788
[ 2022-07-06 16:02:39,642][train.train_nn_models] [Training] Epoch=25, nll=1264.1013
[ 2022-07-06 16:02:39,645][train.train_nn_models] [Validation] Epoch=25, nll=1248.2004
[ 2022-07-06 16:02:43,823][train.train_nn_models] [Training] Epoch=26, nll=1261.4733
[ 2022-07-06 16:02:43,827][train.train_nn_models] [Validation] Epoch=26, nll=1245.5929
[ 2022-07-06 16:02:48,152][train.train_nn_models] [Training] Epoch=27, nll=1258.9081
[ 2022-07-06 16:02:48,157][train.train_nn_models] [Validation] Epoch=27, nll=1243.0496
[ 2022-07-06 16:02:52,654][train.train_nn_models] [Training] Epoch=28, nll=1256.3994
[ 2022-07-06 16:02:52,658][train.train_nn_models] [Validation] Epoch=28, nll=1240.5643
[ 2022-07-06 16:02:57,459][train.train_nn_models] [Training] Epoch=29, nll=1253.9423
[ 2022-07-06 16:02:57,463][train.train_nn_models] [Validation] Epoch=29, nll=1238.1323
[ 2022-07-06 16:03:02,067][train.train_nn_models] [Training] Epoch=30, nll=1251.5322
[ 2022-07-06 16:03:02,071][train.train_nn_models] [Validation] Epoch=30, nll=1235.7500
[ 2022-07-06 16:03:06,074][train.train_nn_models] [Training] Epoch=31, nll=1249.1654
[ 2022-07-06 16:03:06,077][train.train_nn_models] [Validation] Epoch=31, nll=1233.4135
[ 2022-07-06 16:03:09,983][train.train_nn_models] [Training] Epoch=32, nll=1246.8400
[ 2022-07-06 16:03:09,987][train.train_nn_models] [Validation] Epoch=32, nll=1231.1210
[ 2022-07-06 16:03:15,148][train.train_nn_models] [Training] Epoch=33, nll=1244.5536
[ 2022-07-06 16:03:15,151][train.train_nn_models] [Validation] Epoch=33, nll=1228.8705
[ 2022-07-06 16:03:19,648][train.train_nn_models] [Training] Epoch=34, nll=1242.3054
[ 2022-07-06 16:03:19,652][train.train_nn_models] [Validation] Epoch=34, nll=1226.6613
[ 2022-07-06 16:03:23,819][train.train_nn_models] [Training] Epoch=35, nll=1240.0942
[ 2022-07-06 16:03:23,822][train.train_nn_models] [Validation] Epoch=35, nll=1224.4915
[ 2022-07-06 16:03:28,367][train.train_nn_models] [Training] Epoch=36, nll=1237.9193
[ 2022-07-06 16:03:28,370][train.train_nn_models] [Validation] Epoch=36, nll=1222.3601
[ 2022-07-06 16:03:34,130][train.train_nn_models] [Training] Epoch=37, nll=1235.7791
[ 2022-07-06 16:03:34,134][train.train_nn_models] [Validation] Epoch=37, nll=1220.2655
[ 2022-07-06 16:03:39,407][train.train_nn_models] [Training] Epoch=38, nll=1233.6722
[ 2022-07-06 16:03:39,434][train.train_nn_models] [Validation] Epoch=38, nll=1218.2065
[ 2022-07-06 16:03:43,433][train.train_nn_models] [Training] Epoch=39, nll=1231.5974
[ 2022-07-06 16:03:43,436][train.train_nn_models] [Validation] Epoch=39, nll=1216.1813
[ 2022-07-06 16:03:48,021][train.train_nn_models] [Training] Epoch=40, nll=1229.5535
[ 2022-07-06 16:03:48,024][train.train_nn_models] [Validation] Epoch=40, nll=1214.1887
[ 2022-07-06 16:03:52,864][train.train_nn_models] [Training] Epoch=41, nll=1227.5391
[ 2022-07-06 16:03:52,868][train.train_nn_models] [Validation] Epoch=41, nll=1212.2277
[ 2022-07-06 16:03:57,136][train.train_nn_models] [Training] Epoch=42, nll=1225.5533
[ 2022-07-06 16:03:57,138][train.train_nn_models] [Validation] Epoch=42, nll=1210.2964
[ 2022-07-06 16:04:02,659][train.train_nn_models] [Training] Epoch=43, nll=1223.5950
[ 2022-07-06 16:04:02,674][train.train_nn_models] [Validation] Epoch=43, nll=1208.3947
[ 2022-07-06 16:04:07,209][train.train_nn_models] [Training] Epoch=44, nll=1221.6631
[ 2022-07-06 16:04:07,213][train.train_nn_models] [Validation] Epoch=44, nll=1206.5210
[ 2022-07-06 16:04:11,399][train.train_nn_models] [Training] Epoch=45, nll=1219.7570
[ 2022-07-06 16:04:11,402][train.train_nn_models] [Validation] Epoch=45, nll=1204.6743
[ 2022-07-06 16:04:16,033][train.train_nn_models] [Training] Epoch=46, nll=1217.8761
[ 2022-07-06 16:04:16,039][train.train_nn_models] [Validation] Epoch=46, nll=1202.8551
[ 2022-07-06 16:04:20,414][train.train_nn_models] [Training] Epoch=47, nll=1216.0204
[ 2022-07-06 16:04:20,417][train.train_nn_models] [Validation] Epoch=47, nll=1201.0630
[ 2022-07-06 16:04:26,165][train.train_nn_models] [Training] Epoch=48, nll=1214.1908
[ 2022-07-06 16:04:26,186][train.train_nn_models] [Validation] Epoch=48, nll=1199.2992
[ 2022-07-06 16:04:30,594][train.train_nn_models] [Training] Epoch=49, nll=1212.3882
[ 2022-07-06 16:04:30,597][train.train_nn_models] [Validation] Epoch=49, nll=1197.5642
[ 2022-07-06 16:04:34,779][train.train_nn_models] [Training] Epoch=50, nll=1210.6141
[ 2022-07-06 16:04:34,783][train.train_nn_models] [Validation] Epoch=50, nll=1195.8601
[ 2022-07-06 16:04:39,011][train.train_nn_models] [Training] Epoch=51, nll=1208.8707
[ 2022-07-06 16:04:39,013][train.train_nn_models] [Validation] Epoch=51, nll=1194.1887
[ 2022-07-06 16:04:43,051][train.train_nn_models] [Training] Epoch=52, nll=1207.1595
[ 2022-07-06 16:04:43,054][train.train_nn_models] [Validation] Epoch=52, nll=1192.5508
[ 2022-07-06 16:04:47,327][train.train_nn_models] [Training] Epoch=53, nll=1205.4819
[ 2022-07-06 16:04:47,330][train.train_nn_models] [Validation] Epoch=53, nll=1190.9470
[ 2022-07-06 16:04:51,363][train.train_nn_models] [Training] Epoch=54, nll=1203.8385
[ 2022-07-06 16:04:51,366][train.train_nn_models] [Validation] Epoch=54, nll=1189.3783
[ 2022-07-06 16:04:56,777][train.train_nn_models] [Training] Epoch=55, nll=1202.2295
[ 2022-07-06 16:04:56,780][train.train_nn_models] [Validation] Epoch=55, nll=1187.8439
[ 2022-07-06 16:05:01,055][train.train_nn_models] [Training] Epoch=56, nll=1200.6544
[ 2022-07-06 16:05:01,058][train.train_nn_models] [Validation] Epoch=56, nll=1186.3435
[ 2022-07-06 16:05:05,290][train.train_nn_models] [Training] Epoch=57, nll=1199.1133
[ 2022-07-06 16:05:05,294][train.train_nn_models] [Validation] Epoch=57, nll=1184.8766
[ 2022-07-06 16:05:09,407][train.train_nn_models] [Training] Epoch=58, nll=1197.6056
[ 2022-07-06 16:05:09,410][train.train_nn_models] [Validation] Epoch=58, nll=1183.4424
[ 2022-07-06 16:05:13,960][train.train_nn_models] [Training] Epoch=59, nll=1196.1305
[ 2022-07-06 16:05:13,963][train.train_nn_models] [Validation] Epoch=59, nll=1182.0409
[ 2022-07-06 16:05:18,325][train.train_nn_models] [Training] Epoch=60, nll=1194.6876
[ 2022-07-06 16:05:18,327][train.train_nn_models] [Validation] Epoch=60, nll=1180.6708
[ 2022-07-06 16:05:23,376][train.train_nn_models] [Training] Epoch=61, nll=1193.2762
[ 2022-07-06 16:05:23,379][train.train_nn_models] [Validation] Epoch=61, nll=1179.3320
[ 2022-07-06 16:05:27,478][train.train_nn_models] [Training] Epoch=62, nll=1191.8964
[ 2022-07-06 16:05:27,480][train.train_nn_models] [Validation] Epoch=62, nll=1178.0239
[ 2022-07-06 16:05:32,403][train.train_nn_models] [Training] Epoch=63, nll=1190.5474
[ 2022-07-06 16:05:32,405][train.train_nn_models] [Validation] Epoch=63, nll=1176.7465
[ 2022-07-06 16:05:37,227][train.train_nn_models] [Training] Epoch=64, nll=1189.2285
[ 2022-07-06 16:05:37,230][train.train_nn_models] [Validation] Epoch=64, nll=1175.4987
[ 2022-07-06 16:05:42,050][train.train_nn_models] [Training] Epoch=65, nll=1187.9397
[ 2022-07-06 16:05:42,053][train.train_nn_models] [Validation] Epoch=65, nll=1174.2802
[ 2022-07-06 16:05:46,150][train.train_nn_models] [Training] Epoch=66, nll=1186.6803
[ 2022-07-06 16:05:46,153][train.train_nn_models] [Validation] Epoch=66, nll=1173.0909
[ 2022-07-06 16:05:50,095][train.train_nn_models] [Training] Epoch=67, nll=1185.4502
[ 2022-07-06 16:05:50,100][train.train_nn_models] [Validation] Epoch=67, nll=1171.9299
[ 2022-07-06 16:05:54,536][train.train_nn_models] [Training] Epoch=68, nll=1184.2487
[ 2022-07-06 16:05:54,539][train.train_nn_models] [Validation] Epoch=68, nll=1170.7970
[ 2022-07-06 16:05:58,990][train.train_nn_models] [Training] Epoch=69, nll=1183.0753
[ 2022-07-06 16:05:58,993][train.train_nn_models] [Validation] Epoch=69, nll=1169.6914
[ 2022-07-06 16:06:03,470][train.train_nn_models] [Training] Epoch=70, nll=1181.9298
[ 2022-07-06 16:06:03,473][train.train_nn_models] [Validation] Epoch=70, nll=1168.6124
[ 2022-07-06 16:06:08,213][train.train_nn_models] [Training] Epoch=71, nll=1180.8108
[ 2022-07-06 16:06:08,216][train.train_nn_models] [Validation] Epoch=71, nll=1167.5596
[ 2022-07-06 16:06:12,825][train.train_nn_models] [Training] Epoch=72, nll=1179.7181
[ 2022-07-06 16:06:12,827][train.train_nn_models] [Validation] Epoch=72, nll=1166.5320
[ 2022-07-06 16:06:18,032][train.train_nn_models] [Training] Epoch=73, nll=1178.6511
[ 2022-07-06 16:06:18,035][train.train_nn_models] [Validation] Epoch=73, nll=1165.5289
[ 2022-07-06 16:06:22,536][train.train_nn_models] [Training] Epoch=74, nll=1177.6090
[ 2022-07-06 16:06:22,539][train.train_nn_models] [Validation] Epoch=74, nll=1164.5502
[ 2022-07-06 16:06:26,744][train.train_nn_models] [Training] Epoch=75, nll=1176.5912
[ 2022-07-06 16:06:26,747][train.train_nn_models] [Validation] Epoch=75, nll=1163.5945
[ 2022-07-06 16:06:31,247][train.train_nn_models] [Training] Epoch=76, nll=1175.5970
[ 2022-07-06 16:06:31,250][train.train_nn_models] [Validation] Epoch=76, nll=1162.6619
[ 2022-07-06 16:06:36,281][train.train_nn_models] [Training] Epoch=77, nll=1174.6261
[ 2022-07-06 16:06:36,284][train.train_nn_models] [Validation] Epoch=77, nll=1161.7509
[ 2022-07-06 16:06:41,489][train.train_nn_models] [Training] Epoch=78, nll=1173.6772
[ 2022-07-06 16:06:41,492][train.train_nn_models] [Validation] Epoch=78, nll=1160.8613
[ 2022-07-06 16:06:46,766][train.train_nn_models] [Training] Epoch=79, nll=1172.7495
[ 2022-07-06 16:06:46,769][train.train_nn_models] [Validation] Epoch=79, nll=1159.9915
[ 2022-07-06 16:06:52,574][train.train_nn_models] [Training] Epoch=80, nll=1171.8419
[ 2022-07-06 16:06:52,576][train.train_nn_models] [Validation] Epoch=80, nll=1159.1407
[ 2022-07-06 16:06:57,648][train.train_nn_models] [Training] Epoch=81, nll=1170.9534
[ 2022-07-06 16:06:57,651][train.train_nn_models] [Validation] Epoch=81, nll=1158.3080
[ 2022-07-06 16:07:01,537][train.train_nn_models] [Training] Epoch=82, nll=1170.0824
[ 2022-07-06 16:07:01,540][train.train_nn_models] [Validation] Epoch=82, nll=1157.4922
[ 2022-07-06 16:07:05,638][train.train_nn_models] [Training] Epoch=83, nll=1169.2285
[ 2022-07-06 16:07:05,641][train.train_nn_models] [Validation] Epoch=83, nll=1156.6926
[ 2022-07-06 16:07:10,957][train.train_nn_models] [Training] Epoch=84, nll=1168.3905
[ 2022-07-06 16:07:10,960][train.train_nn_models] [Validation] Epoch=84, nll=1155.9089
[ 2022-07-06 16:07:14,977][train.train_nn_models] [Training] Epoch=85, nll=1167.5679
[ 2022-07-06 16:07:14,980][train.train_nn_models] [Validation] Epoch=85, nll=1155.1395
[ 2022-07-06 16:07:19,984][train.train_nn_models] [Training] Epoch=86, nll=1166.7598
[ 2022-07-06 16:07:19,986][train.train_nn_models] [Validation] Epoch=86, nll=1154.3846
[ 2022-07-06 16:07:23,941][train.train_nn_models] [Training] Epoch=87, nll=1165.9657
[ 2022-07-06 16:07:23,944][train.train_nn_models] [Validation] Epoch=87, nll=1153.6434
[ 2022-07-06 16:07:28,753][train.train_nn_models] [Training] Epoch=88, nll=1165.1848
[ 2022-07-06 16:07:28,756][train.train_nn_models] [Validation] Epoch=88, nll=1152.9155
[ 2022-07-06 16:07:34,883][train.train_nn_models] [Training] Epoch=89, nll=1164.4171
[ 2022-07-06 16:07:34,885][train.train_nn_models] [Validation] Epoch=89, nll=1152.2002
[ 2022-07-06 16:07:39,397][train.train_nn_models] [Training] Epoch=90, nll=1163.6617
[ 2022-07-06 16:07:39,400][train.train_nn_models] [Validation] Epoch=90, nll=1151.4973
[ 2022-07-06 16:07:43,867][train.train_nn_models] [Training] Epoch=91, nll=1162.9182
[ 2022-07-06 16:07:43,870][train.train_nn_models] [Validation] Epoch=91, nll=1150.8064
[ 2022-07-06 16:07:48,169][train.train_nn_models] [Training] Epoch=92, nll=1162.1859
[ 2022-07-06 16:07:48,172][train.train_nn_models] [Validation] Epoch=92, nll=1150.1263
[ 2022-07-06 16:07:51,886][train.train_nn_models] [Training] Epoch=93, nll=1161.4641
[ 2022-07-06 16:07:51,889][train.train_nn_models] [Validation] Epoch=93, nll=1149.4567
[ 2022-07-06 16:07:56,174][train.train_nn_models] [Training] Epoch=94, nll=1160.7513
[ 2022-07-06 16:07:56,194][train.train_nn_models] [Validation] Epoch=94, nll=1148.7964
[ 2022-07-06 16:08:01,902][train.train_nn_models] [Training] Epoch=95, nll=1160.0463
[ 2022-07-06 16:08:01,905][train.train_nn_models] [Validation] Epoch=95, nll=1148.1438
[ 2022-07-06 16:08:06,932][train.train_nn_models] [Training] Epoch=96, nll=1159.3472
[ 2022-07-06 16:08:06,934][train.train_nn_models] [Validation] Epoch=96, nll=1147.4980
[ 2022-07-06 16:08:10,794][train.train_nn_models] [Training] Epoch=97, nll=1158.6531
[ 2022-07-06 16:08:10,797][train.train_nn_models] [Validation] Epoch=97, nll=1146.8580
[ 2022-07-06 16:08:15,901][train.train_nn_models] [Training] Epoch=98, nll=1157.9633
[ 2022-07-06 16:08:15,904][train.train_nn_models] [Validation] Epoch=98, nll=1146.2245
[ 2022-07-06 16:08:21,442][train.train_nn_models] [Training] Epoch=99, nll=1157.2792
[ 2022-07-06 16:08:21,445][train.train_nn_models] [Validation] Epoch=99, nll=1145.5977
[ 2022-07-06 16:08:25,958][train.train_nn_models] [Training] Epoch=100, nll=1156.6029
[ 2022-07-06 16:08:25,960][train.train_nn_models] [Validation] Epoch=100, nll=1144.9791
[ 2022-07-06 16:08:30,728][train.train_nn_models] [Training] Epoch=101, nll=1155.9365
[ 2022-07-06 16:08:30,731][train.train_nn_models] [Validation] Epoch=101, nll=1144.3698
[ 2022-07-06 16:08:30,733][train.train_nn_models] Found a better model at epoch 101.
[ 2022-07-06 16:08:35,143][train.train_nn_models] [Training] Epoch=102, nll=1155.2805
[ 2022-07-06 16:08:35,146][train.train_nn_models] [Validation] Epoch=102, nll=1143.7699
[ 2022-07-06 16:08:35,149][train.train_nn_models] Found a better model at epoch 102.
[ 2022-07-06 16:08:40,065][train.train_nn_models] [Training] Epoch=103, nll=1154.6335
[ 2022-07-06 16:08:40,068][train.train_nn_models] [Validation] Epoch=103, nll=1143.1780
[ 2022-07-06 16:08:40,071][train.train_nn_models] Found a better model at epoch 103.
[ 2022-07-06 16:08:45,015][train.train_nn_models] [Training] Epoch=104, nll=1153.9927
[ 2022-07-06 16:08:45,018][train.train_nn_models] [Validation] Epoch=104, nll=1142.5909
[ 2022-07-06 16:08:45,021][train.train_nn_models] Found a better model at epoch 104.
[ 2022-07-06 16:08:49,763][train.train_nn_models] [Training] Epoch=105, nll=1153.3531
[ 2022-07-06 16:08:49,766][train.train_nn_models] [Validation] Epoch=105, nll=1142.0038
[ 2022-07-06 16:08:49,769][train.train_nn_models] Found a better model at epoch 105.
[ 2022-07-06 16:08:53,927][train.train_nn_models] [Training] Epoch=106, nll=1152.7126
[ 2022-07-06 16:08:53,930][train.train_nn_models] [Validation] Epoch=106, nll=1141.4148
[ 2022-07-06 16:08:53,932][train.train_nn_models] Found a better model at epoch 106.
[ 2022-07-06 16:08:58,963][train.train_nn_models] [Training] Epoch=107, nll=1152.0707
[ 2022-07-06 16:08:59,023][train.train_nn_models] [Validation] Epoch=107, nll=1140.8286
[ 2022-07-06 16:08:59,026][train.train_nn_models] Found a better model at epoch 107.
[ 2022-07-06 16:09:03,517][train.train_nn_models] [Training] Epoch=108, nll=1151.4327
[ 2022-07-06 16:09:03,520][train.train_nn_models] [Validation] Epoch=108, nll=1140.2533
[ 2022-07-06 16:09:03,523][train.train_nn_models] Found a better model at epoch 108.
[ 2022-07-06 16:09:08,003][train.train_nn_models] [Training] Epoch=109, nll=1150.8065
[ 2022-07-06 16:09:08,006][train.train_nn_models] [Validation] Epoch=109, nll=1139.6962
[ 2022-07-06 16:09:08,009][train.train_nn_models] Found a better model at epoch 109.
[ 2022-07-06 16:09:13,140][train.train_nn_models] [Training] Epoch=110, nll=1150.1989
[ 2022-07-06 16:09:13,143][train.train_nn_models] [Validation] Epoch=110, nll=1139.1598
[ 2022-07-06 16:09:13,146][train.train_nn_models] Found a better model at epoch 110.
[ 2022-07-06 16:09:18,258][train.train_nn_models] [Training] Epoch=111, nll=1149.6124
[ 2022-07-06 16:09:18,261][train.train_nn_models] [Validation] Epoch=111, nll=1138.6440
[ 2022-07-06 16:09:18,264][train.train_nn_models] Found a better model at epoch 111.
[ 2022-07-06 16:09:22,041][train.train_nn_models] [Training] Epoch=112, nll=1149.0475
[ 2022-07-06 16:09:22,044][train.train_nn_models] [Validation] Epoch=112, nll=1138.1470
[ 2022-07-06 16:09:22,047][train.train_nn_models] Found a better model at epoch 112.
[ 2022-07-06 16:09:26,536][train.train_nn_models] [Training] Epoch=113, nll=1148.5024
[ 2022-07-06 16:09:26,539][train.train_nn_models] [Validation] Epoch=113, nll=1137.6666
[ 2022-07-06 16:09:26,542][train.train_nn_models] Found a better model at epoch 113.
[ 2022-07-06 16:09:31,942][train.train_nn_models] [Training] Epoch=114, nll=1147.9757
[ 2022-07-06 16:09:31,945][train.train_nn_models] [Validation] Epoch=114, nll=1137.2006
[ 2022-07-06 16:09:31,948][train.train_nn_models] Found a better model at epoch 114.
[ 2022-07-06 16:09:36,482][train.train_nn_models] [Training] Epoch=115, nll=1147.4644
[ 2022-07-06 16:09:36,485][train.train_nn_models] [Validation] Epoch=115, nll=1136.7458
[ 2022-07-06 16:09:36,488][train.train_nn_models] Found a better model at epoch 115.
[ 2022-07-06 16:09:41,037][train.train_nn_models] [Training] Epoch=116, nll=1146.9655
[ 2022-07-06 16:09:41,040][train.train_nn_models] [Validation] Epoch=116, nll=1136.3002
[ 2022-07-06 16:09:41,043][train.train_nn_models] Found a better model at epoch 116.
[ 2022-07-06 16:09:45,006][train.train_nn_models] [Training] Epoch=117, nll=1146.4750
[ 2022-07-06 16:09:45,009][train.train_nn_models] [Validation] Epoch=117, nll=1135.8593
[ 2022-07-06 16:09:45,011][train.train_nn_models] Found a better model at epoch 117.
[ 2022-07-06 16:09:49,202][train.train_nn_models] [Training] Epoch=118, nll=1145.9883
[ 2022-07-06 16:09:49,205][train.train_nn_models] [Validation] Epoch=118, nll=1135.4198
[ 2022-07-06 16:09:49,208][train.train_nn_models] Found a better model at epoch 118.
[ 2022-07-06 16:09:53,991][train.train_nn_models] [Training] Epoch=119, nll=1145.5013
[ 2022-07-06 16:09:53,994][train.train_nn_models] [Validation] Epoch=119, nll=1134.9789
[ 2022-07-06 16:09:53,997][train.train_nn_models] Found a better model at epoch 119.
[ 2022-07-06 16:09:58,226][train.train_nn_models] [Training] Epoch=120, nll=1145.0151
[ 2022-07-06 16:09:58,229][train.train_nn_models] [Validation] Epoch=120, nll=1134.5383
[ 2022-07-06 16:09:58,232][train.train_nn_models] Found a better model at epoch 120.
[ 2022-07-06 16:10:02,045][train.train_nn_models] [Training] Epoch=121, nll=1144.5363
[ 2022-07-06 16:10:02,048][train.train_nn_models] [Validation] Epoch=121, nll=1134.0994
[ 2022-07-06 16:10:02,051][train.train_nn_models] Found a better model at epoch 121.
[ 2022-07-06 16:10:06,880][train.train_nn_models] [Training] Epoch=122, nll=1144.0667
[ 2022-07-06 16:10:06,883][train.train_nn_models] [Validation] Epoch=122, nll=1133.6543
[ 2022-07-06 16:10:06,886][train.train_nn_models] Found a better model at epoch 122.
[ 2022-07-06 16:10:11,516][train.train_nn_models] [Training] Epoch=123, nll=1143.5968
[ 2022-07-06 16:10:11,519][train.train_nn_models] [Validation] Epoch=123, nll=1133.1946
[ 2022-07-06 16:10:11,541][train.train_nn_models] Found a better model at epoch 123.
[ 2022-07-06 16:10:16,704][train.train_nn_models] [Training] Epoch=124, nll=1143.1171
[ 2022-07-06 16:10:16,707][train.train_nn_models] [Validation] Epoch=124, nll=1132.7150
[ 2022-07-06 16:10:16,710][train.train_nn_models] Found a better model at epoch 124.
[ 2022-07-06 16:10:21,123][train.train_nn_models] [Training] Epoch=125, nll=1142.6224
[ 2022-07-06 16:10:21,126][train.train_nn_models] [Validation] Epoch=125, nll=1132.2135
[ 2022-07-06 16:10:21,145][train.train_nn_models] Found a better model at epoch 125.
[ 2022-07-06 16:10:25,346][train.train_nn_models] [Training] Epoch=126, nll=1142.1110
[ 2022-07-06 16:10:25,349][train.train_nn_models] [Validation] Epoch=126, nll=1131.6862
[ 2022-07-06 16:10:25,370][train.train_nn_models] Found a better model at epoch 126.
[ 2022-07-06 16:10:30,211][train.train_nn_models] [Training] Epoch=127, nll=1141.5786
[ 2022-07-06 16:10:30,214][train.train_nn_models] [Validation] Epoch=127, nll=1131.1300
[ 2022-07-06 16:10:30,217][train.train_nn_models] Found a better model at epoch 127.
[ 2022-07-06 16:10:34,891][train.train_nn_models] [Training] Epoch=128, nll=1141.0233
[ 2022-07-06 16:10:34,894][train.train_nn_models] [Validation] Epoch=128, nll=1130.5531
[ 2022-07-06 16:10:34,896][train.train_nn_models] Found a better model at epoch 128.
[ 2022-07-06 16:10:39,030][train.train_nn_models] [Training] Epoch=129, nll=1140.4500
[ 2022-07-06 16:10:39,032][train.train_nn_models] [Validation] Epoch=129, nll=1129.9760
[ 2022-07-06 16:10:39,035][train.train_nn_models] Found a better model at epoch 129.
[ 2022-07-06 16:10:44,093][train.train_nn_models] [Training] Epoch=130, nll=1139.8666
[ 2022-07-06 16:10:44,096][train.train_nn_models] [Validation] Epoch=130, nll=1129.4092
[ 2022-07-06 16:10:44,099][train.train_nn_models] Found a better model at epoch 130.
[ 2022-07-06 16:10:48,459][train.train_nn_models] [Training] Epoch=131, nll=1139.2784
[ 2022-07-06 16:10:48,461][train.train_nn_models] [Validation] Epoch=131, nll=1128.8464
[ 2022-07-06 16:10:48,464][train.train_nn_models] Found a better model at epoch 131.
[ 2022-07-06 16:10:52,938][train.train_nn_models] [Training] Epoch=132, nll=1138.6926
[ 2022-07-06 16:10:52,958][train.train_nn_models] [Validation] Epoch=132, nll=1128.2786
[ 2022-07-06 16:10:52,961][train.train_nn_models] Found a better model at epoch 132.
[ 2022-07-06 16:10:58,147][train.train_nn_models] [Training] Epoch=133, nll=1138.1240
[ 2022-07-06 16:10:58,152][train.train_nn_models] [Validation] Epoch=133, nll=1127.7239
[ 2022-07-06 16:10:58,155][train.train_nn_models] Found a better model at epoch 133.
[ 2022-07-06 16:11:02,461][train.train_nn_models] [Training] Epoch=134, nll=1137.5903
[ 2022-07-06 16:11:02,464][train.train_nn_models] [Validation] Epoch=134, nll=1127.2009
[ 2022-07-06 16:11:02,467][train.train_nn_models] Found a better model at epoch 134.
[ 2022-07-06 16:11:07,089][train.train_nn_models] [Training] Epoch=135, nll=1137.0829
[ 2022-07-06 16:11:07,092][train.train_nn_models] [Validation] Epoch=135, nll=1126.7048
[ 2022-07-06 16:11:07,095][train.train_nn_models] Found a better model at epoch 135.
[ 2022-07-06 16:11:11,524][train.train_nn_models] [Training] Epoch=136, nll=1136.5917
[ 2022-07-06 16:11:11,527][train.train_nn_models] [Validation] Epoch=136, nll=1126.2289
[ 2022-07-06 16:11:11,529][train.train_nn_models] Found a better model at epoch 136.
[ 2022-07-06 16:11:16,089][train.train_nn_models] [Training] Epoch=137, nll=1136.1127
[ 2022-07-06 16:11:16,106][train.train_nn_models] [Validation] Epoch=137, nll=1125.7642
[ 2022-07-06 16:11:16,109][train.train_nn_models] Found a better model at epoch 137.
[ 2022-07-06 16:11:20,860][train.train_nn_models] [Training] Epoch=138, nll=1135.6429
[ 2022-07-06 16:11:20,863][train.train_nn_models] [Validation] Epoch=138, nll=1125.3070
[ 2022-07-06 16:11:20,866][train.train_nn_models] Found a better model at epoch 138.
[ 2022-07-06 16:11:25,257][train.train_nn_models] [Training] Epoch=139, nll=1135.1820
[ 2022-07-06 16:11:25,260][train.train_nn_models] [Validation] Epoch=139, nll=1124.8566
[ 2022-07-06 16:11:25,263][train.train_nn_models] Found a better model at epoch 139.
[ 2022-07-06 16:11:30,317][train.train_nn_models] [Training] Epoch=140, nll=1134.7297
[ 2022-07-06 16:11:30,320][train.train_nn_models] [Validation] Epoch=140, nll=1124.4135
[ 2022-07-06 16:11:30,323][train.train_nn_models] Found a better model at epoch 140.
[ 2022-07-06 16:11:34,902][train.train_nn_models] [Training] Epoch=141, nll=1134.2869
[ 2022-07-06 16:11:34,904][train.train_nn_models] [Validation] Epoch=141, nll=1123.9786
[ 2022-07-06 16:11:34,907][train.train_nn_models] Found a better model at epoch 141.
[ 2022-07-06 16:11:39,795][train.train_nn_models] [Training] Epoch=142, nll=1133.8538
[ 2022-07-06 16:11:39,798][train.train_nn_models] [Validation] Epoch=142, nll=1123.5533
[ 2022-07-06 16:11:39,800][train.train_nn_models] Found a better model at epoch 142.
[ 2022-07-06 16:11:44,341][train.train_nn_models] [Training] Epoch=143, nll=1133.4268
[ 2022-07-06 16:11:44,356][train.train_nn_models] [Validation] Epoch=143, nll=1123.1362
[ 2022-07-06 16:11:44,359][train.train_nn_models] Found a better model at epoch 143.
[ 2022-07-06 16:11:48,567][train.train_nn_models] [Training] Epoch=144, nll=1133.0007
[ 2022-07-06 16:11:48,570][train.train_nn_models] [Validation] Epoch=144, nll=1122.7246
[ 2022-07-06 16:11:48,588][train.train_nn_models] Found a better model at epoch 144.
[ 2022-07-06 16:11:53,045][train.train_nn_models] [Training] Epoch=145, nll=1132.5725
[ 2022-07-06 16:11:53,049][train.train_nn_models] [Validation] Epoch=145, nll=1122.3149
[ 2022-07-06 16:11:53,052][train.train_nn_models] Found a better model at epoch 145.
[ 2022-07-06 16:11:58,073][train.train_nn_models] [Training] Epoch=146, nll=1132.1393
[ 2022-07-06 16:11:58,076][train.train_nn_models] [Validation] Epoch=146, nll=1121.9136
[ 2022-07-06 16:11:58,078][train.train_nn_models] Found a better model at epoch 146.
[ 2022-07-06 16:12:02,646][train.train_nn_models] [Training] Epoch=147, nll=1131.7162
[ 2022-07-06 16:12:02,649][train.train_nn_models] [Validation] Epoch=147, nll=1121.5181
[ 2022-07-06 16:12:02,651][train.train_nn_models] Found a better model at epoch 147.
[ 2022-07-06 16:12:06,298][train.train_nn_models] [Training] Epoch=148, nll=1131.3064
[ 2022-07-06 16:12:06,301][train.train_nn_models] [Validation] Epoch=148, nll=1121.1298
[ 2022-07-06 16:12:06,304][train.train_nn_models] Found a better model at epoch 148.
[ 2022-07-06 16:12:10,731][train.train_nn_models] [Training] Epoch=149, nll=1130.9003
[ 2022-07-06 16:12:10,747][train.train_nn_models] [Validation] Epoch=149, nll=1120.7893
[ 2022-07-06 16:12:10,750][train.train_nn_models] Found a better model at epoch 149.
[ 2022-07-06 16:12:16,021][train.train_nn_models] [Training] Epoch=150, nll=1130.5085
[ 2022-07-06 16:12:16,024][train.train_nn_models] [Validation] Epoch=150, nll=1120.4502
[ 2022-07-06 16:12:16,034][train.train_nn_models] Found a better model at epoch 150.
[ 2022-07-06 16:12:19,783][train.train_nn_models] [Training] Epoch=151, nll=1130.1169
[ 2022-07-06 16:12:19,786][train.train_nn_models] [Validation] Epoch=151, nll=1120.1019
[ 2022-07-06 16:12:19,789][train.train_nn_models] Found a better model at epoch 151.
[ 2022-07-06 16:12:24,779][train.train_nn_models] [Training] Epoch=152, nll=1129.7318
[ 2022-07-06 16:12:24,781][train.train_nn_models] [Validation] Epoch=152, nll=1119.7549
[ 2022-07-06 16:12:24,784][train.train_nn_models] Found a better model at epoch 152.
[ 2022-07-06 16:12:28,421][train.train_nn_models] [Training] Epoch=153, nll=1129.3525
[ 2022-07-06 16:12:28,424][train.train_nn_models] [Validation] Epoch=153, nll=1119.4119
[ 2022-07-06 16:12:28,427][train.train_nn_models] Found a better model at epoch 153.
[ 2022-07-06 16:12:32,708][train.train_nn_models] [Training] Epoch=154, nll=1128.9753
[ 2022-07-06 16:12:32,710][train.train_nn_models] [Validation] Epoch=154, nll=1119.0667
[ 2022-07-06 16:12:32,712][train.train_nn_models] Found a better model at epoch 154.
[ 2022-07-06 16:12:37,835][train.train_nn_models] [Training] Epoch=155, nll=1128.5988
[ 2022-07-06 16:12:37,838][train.train_nn_models] [Validation] Epoch=155, nll=1118.7188
[ 2022-07-06 16:12:37,841][train.train_nn_models] Found a better model at epoch 155.
[ 2022-07-06 16:12:43,870][train.train_nn_models] [Training] Epoch=156, nll=1128.2250
[ 2022-07-06 16:12:43,873][train.train_nn_models] [Validation] Epoch=156, nll=1118.3718
[ 2022-07-06 16:12:43,875][train.train_nn_models] Found a better model at epoch 156.
[ 2022-07-06 16:12:48,931][train.train_nn_models] [Training] Epoch=157, nll=1127.8560
[ 2022-07-06 16:12:48,934][train.train_nn_models] [Validation] Epoch=157, nll=1118.0237
[ 2022-07-06 16:12:48,937][train.train_nn_models] Found a better model at epoch 157.
[ 2022-07-06 16:12:53,974][train.train_nn_models] [Training] Epoch=158, nll=1127.4926
[ 2022-07-06 16:12:53,977][train.train_nn_models] [Validation] Epoch=158, nll=1117.6743
[ 2022-07-06 16:12:53,980][train.train_nn_models] Found a better model at epoch 158.
[ 2022-07-06 16:12:58,358][train.train_nn_models] [Training] Epoch=159, nll=1127.1349
[ 2022-07-06 16:12:58,361][train.train_nn_models] [Validation] Epoch=159, nll=1117.3239
[ 2022-07-06 16:12:58,364][train.train_nn_models] Found a better model at epoch 159.
[ 2022-07-06 16:13:03,052][train.train_nn_models] [Training] Epoch=160, nll=1126.7836
[ 2022-07-06 16:13:03,054][train.train_nn_models] [Validation] Epoch=160, nll=1116.9746
[ 2022-07-06 16:13:03,057][train.train_nn_models] Found a better model at epoch 160.
[ 2022-07-06 16:13:08,344][train.train_nn_models] [Training] Epoch=161, nll=1126.4397
[ 2022-07-06 16:13:08,347][train.train_nn_models] [Validation] Epoch=161, nll=1116.6298
[ 2022-07-06 16:13:08,349][train.train_nn_models] Found a better model at epoch 161.
[ 2022-07-06 16:13:14,117][train.train_nn_models] [Training] Epoch=162, nll=1126.1038
[ 2022-07-06 16:13:14,121][train.train_nn_models] [Validation] Epoch=162, nll=1116.2933
[ 2022-07-06 16:13:14,150][train.train_nn_models] Found a better model at epoch 162.
[ 2022-07-06 16:13:18,365][train.train_nn_models] [Training] Epoch=163, nll=1125.7749
[ 2022-07-06 16:13:18,368][train.train_nn_models] [Validation] Epoch=163, nll=1115.9675
[ 2022-07-06 16:13:18,371][train.train_nn_models] Found a better model at epoch 163.
[ 2022-07-06 16:13:23,277][train.train_nn_models] [Training] Epoch=164, nll=1125.4526
[ 2022-07-06 16:13:23,280][train.train_nn_models] [Validation] Epoch=164, nll=1115.6526
[ 2022-07-06 16:13:23,283][train.train_nn_models] Found a better model at epoch 164.
[ 2022-07-06 16:13:27,188][train.train_nn_models] [Training] Epoch=165, nll=1125.1368
[ 2022-07-06 16:13:27,191][train.train_nn_models] [Validation] Epoch=165, nll=1115.3473
[ 2022-07-06 16:13:27,193][train.train_nn_models] Found a better model at epoch 165.
[ 2022-07-06 16:13:31,199][train.train_nn_models] [Training] Epoch=166, nll=1124.8284
[ 2022-07-06 16:13:31,202][train.train_nn_models] [Validation] Epoch=166, nll=1115.0508
[ 2022-07-06 16:13:31,205][train.train_nn_models] Found a better model at epoch 166.
[ 2022-07-06 16:13:35,679][train.train_nn_models] [Training] Epoch=167, nll=1124.5265
[ 2022-07-06 16:13:35,682][train.train_nn_models] [Validation] Epoch=167, nll=1114.7625
[ 2022-07-06 16:13:35,685][train.train_nn_models] Found a better model at epoch 167.
[ 2022-07-06 16:13:40,838][train.train_nn_models] [Training] Epoch=168, nll=1124.2303
[ 2022-07-06 16:13:40,841][train.train_nn_models] [Validation] Epoch=168, nll=1114.4814
[ 2022-07-06 16:13:40,844][train.train_nn_models] Found a better model at epoch 168.
[ 2022-07-06 16:13:45,031][train.train_nn_models] [Training] Epoch=169, nll=1123.9404
[ 2022-07-06 16:13:45,034][train.train_nn_models] [Validation] Epoch=169, nll=1114.2065
[ 2022-07-06 16:13:45,036][train.train_nn_models] Found a better model at epoch 169.
[ 2022-07-06 16:13:49,638][train.train_nn_models] [Training] Epoch=170, nll=1123.6558
[ 2022-07-06 16:13:49,640][train.train_nn_models] [Validation] Epoch=170, nll=1113.9375
[ 2022-07-06 16:13:49,643][train.train_nn_models] Found a better model at epoch 170.
[ 2022-07-06 16:13:53,956][train.train_nn_models] [Training] Epoch=171, nll=1123.3767
[ 2022-07-06 16:13:53,959][train.train_nn_models] [Validation] Epoch=171, nll=1113.6742
[ 2022-07-06 16:13:53,962][train.train_nn_models] Found a better model at epoch 171.
[ 2022-07-06 16:13:57,768][train.train_nn_models] [Training] Epoch=172, nll=1123.1030
[ 2022-07-06 16:13:57,771][train.train_nn_models] [Validation] Epoch=172, nll=1113.4156
[ 2022-07-06 16:13:57,774][train.train_nn_models] Found a better model at epoch 172.
[ 2022-07-06 16:14:02,453][train.train_nn_models] [Training] Epoch=173, nll=1122.8344
[ 2022-07-06 16:14:02,457][train.train_nn_models] [Validation] Epoch=173, nll=1113.1625
[ 2022-07-06 16:14:02,459][train.train_nn_models] Found a better model at epoch 173.
[ 2022-07-06 16:14:07,238][train.train_nn_models] [Training] Epoch=174, nll=1122.5708
[ 2022-07-06 16:14:07,240][train.train_nn_models] [Validation] Epoch=174, nll=1112.9142
[ 2022-07-06 16:14:07,243][train.train_nn_models] Found a better model at epoch 174.
[ 2022-07-06 16:14:12,094][train.train_nn_models] [Training] Epoch=175, nll=1122.3126
[ 2022-07-06 16:14:12,097][train.train_nn_models] [Validation] Epoch=175, nll=1112.6711
[ 2022-07-06 16:14:12,100][train.train_nn_models] Found a better model at epoch 175.
[ 2022-07-06 16:14:16,864][train.train_nn_models] [Training] Epoch=176, nll=1122.0597
[ 2022-07-06 16:14:16,882][train.train_nn_models] [Validation] Epoch=176, nll=1112.4331
[ 2022-07-06 16:14:16,885][train.train_nn_models] Found a better model at epoch 176.
[ 2022-07-06 16:14:22,065][train.train_nn_models] [Training] Epoch=177, nll=1121.8118
[ 2022-07-06 16:14:22,068][train.train_nn_models] [Validation] Epoch=177, nll=1112.2007
[ 2022-07-06 16:14:22,071][train.train_nn_models] Found a better model at epoch 177.
[ 2022-07-06 16:14:27,444][train.train_nn_models] [Training] Epoch=178, nll=1121.5687
[ 2022-07-06 16:14:27,458][train.train_nn_models] [Validation] Epoch=178, nll=1111.9733
[ 2022-07-06 16:14:27,461][train.train_nn_models] Found a better model at epoch 178.
[ 2022-07-06 16:14:32,907][train.train_nn_models] [Training] Epoch=179, nll=1121.3307
[ 2022-07-06 16:14:32,910][train.train_nn_models] [Validation] Epoch=179, nll=1111.7515
[ 2022-07-06 16:14:32,934][train.train_nn_models] Found a better model at epoch 179.
[ 2022-07-06 16:14:36,916][train.train_nn_models] [Training] Epoch=180, nll=1121.0985
[ 2022-07-06 16:14:36,918][train.train_nn_models] [Validation] Epoch=180, nll=1111.5353
[ 2022-07-06 16:14:36,921][train.train_nn_models] Found a better model at epoch 180.
[ 2022-07-06 16:14:41,881][train.train_nn_models] [Training] Epoch=181, nll=1120.8717
[ 2022-07-06 16:14:41,883][train.train_nn_models] [Validation] Epoch=181, nll=1111.3257
[ 2022-07-06 16:14:41,886][train.train_nn_models] Found a better model at epoch 181.
[ 2022-07-06 16:14:47,487][train.train_nn_models] [Training] Epoch=182, nll=1120.6501
[ 2022-07-06 16:14:47,490][train.train_nn_models] [Validation] Epoch=182, nll=1111.1218
[ 2022-07-06 16:14:47,493][train.train_nn_models] Found a better model at epoch 182.
[ 2022-07-06 16:14:52,810][train.train_nn_models] [Training] Epoch=183, nll=1120.4337
[ 2022-07-06 16:14:52,813][train.train_nn_models] [Validation] Epoch=183, nll=1110.9238
[ 2022-07-06 16:14:52,816][train.train_nn_models] Found a better model at epoch 183.
[ 2022-07-06 16:14:57,112][train.train_nn_models] [Training] Epoch=184, nll=1120.2218
[ 2022-07-06 16:14:57,115][train.train_nn_models] [Validation] Epoch=184, nll=1110.7303
[ 2022-07-06 16:14:57,118][train.train_nn_models] Found a better model at epoch 184.
[ 2022-07-06 16:15:02,121][train.train_nn_models] [Training] Epoch=185, nll=1120.0137
[ 2022-07-06 16:15:02,124][train.train_nn_models] [Validation] Epoch=185, nll=1110.5404
[ 2022-07-06 16:15:02,140][train.train_nn_models] Found a better model at epoch 185.
[ 2022-07-06 16:15:05,997][train.train_nn_models] [Training] Epoch=186, nll=1119.8080
[ 2022-07-06 16:15:06,000][train.train_nn_models] [Validation] Epoch=186, nll=1110.3519
[ 2022-07-06 16:15:06,003][train.train_nn_models] Found a better model at epoch 186.
[ 2022-07-06 16:15:10,289][train.train_nn_models] [Training] Epoch=187, nll=1119.6031
[ 2022-07-06 16:15:10,292][train.train_nn_models] [Validation] Epoch=187, nll=1110.1628
[ 2022-07-06 16:15:10,294][train.train_nn_models] Found a better model at epoch 187.
[ 2022-07-06 16:15:14,272][train.train_nn_models] [Training] Epoch=188, nll=1119.3978
[ 2022-07-06 16:15:14,274][train.train_nn_models] [Validation] Epoch=188, nll=1109.9723
[ 2022-07-06 16:15:14,277][train.train_nn_models] Found a better model at epoch 188.
[ 2022-07-06 16:15:19,411][train.train_nn_models] [Training] Epoch=189, nll=1119.1924
[ 2022-07-06 16:15:19,414][train.train_nn_models] [Validation] Epoch=189, nll=1109.7830
[ 2022-07-06 16:15:19,417][train.train_nn_models] Found a better model at epoch 189.
[ 2022-07-06 16:15:24,183][train.train_nn_models] [Training] Epoch=190, nll=1118.9905
[ 2022-07-06 16:15:24,186][train.train_nn_models] [Validation] Epoch=190, nll=1109.6014
[ 2022-07-06 16:15:24,205][train.train_nn_models] Found a better model at epoch 190.
[ 2022-07-06 16:15:29,832][train.train_nn_models] [Training] Epoch=191, nll=1118.7954
[ 2022-07-06 16:15:29,837][train.train_nn_models] [Validation] Epoch=191, nll=1109.4313
[ 2022-07-06 16:15:29,840][train.train_nn_models] Found a better model at epoch 191.
[ 2022-07-06 16:15:34,145][train.train_nn_models] [Training] Epoch=192, nll=1118.6083
[ 2022-07-06 16:15:34,147][train.train_nn_models] [Validation] Epoch=192, nll=1109.2720
[ 2022-07-06 16:15:34,150][train.train_nn_models] Found a better model at epoch 192.
[ 2022-07-06 16:15:37,812][train.train_nn_models] [Training] Epoch=193, nll=1118.4282
[ 2022-07-06 16:15:37,813][train.train_nn_models] [Validation] Epoch=193, nll=1109.1211
[ 2022-07-06 16:15:37,816][train.train_nn_models] Found a better model at epoch 193.
[ 2022-07-06 16:15:41,729][train.train_nn_models] [Training] Epoch=194, nll=1118.2534
[ 2022-07-06 16:15:41,732][train.train_nn_models] [Validation] Epoch=194, nll=1108.9775
[ 2022-07-06 16:15:41,735][train.train_nn_models] Found a better model at epoch 194.
[ 2022-07-06 16:15:45,487][train.train_nn_models] [Training] Epoch=195, nll=1118.0834
[ 2022-07-06 16:15:45,490][train.train_nn_models] [Validation] Epoch=195, nll=1108.8400
[ 2022-07-06 16:15:45,493][train.train_nn_models] Found a better model at epoch 195.
[ 2022-07-06 16:15:49,105][train.train_nn_models] [Training] Epoch=196, nll=1117.9170
[ 2022-07-06 16:15:49,108][train.train_nn_models] [Validation] Epoch=196, nll=1108.7078
[ 2022-07-06 16:15:49,110][train.train_nn_models] Found a better model at epoch 196.
[ 2022-07-06 16:15:52,781][train.train_nn_models] [Training] Epoch=197, nll=1117.7531
[ 2022-07-06 16:15:52,784][train.train_nn_models] [Validation] Epoch=197, nll=1108.5801
[ 2022-07-06 16:15:52,787][train.train_nn_models] Found a better model at epoch 197.
[ 2022-07-06 16:15:55,860][train.train_nn_models] [Training] Epoch=198, nll=1117.5917
[ 2022-07-06 16:15:55,863][train.train_nn_models] [Validation] Epoch=198, nll=1108.4564
[ 2022-07-06 16:15:55,865][train.train_nn_models] Found a better model at epoch 198.
[ 2022-07-06 16:15:58,837][train.train_nn_models] [Training] Epoch=199, nll=1117.4323
[ 2022-07-06 16:15:58,839][train.train_nn_models] [Validation] Epoch=199, nll=1108.3365
[ 2022-07-06 16:15:58,842][train.train_nn_models] Found a better model at epoch 199.
[ 2022-07-06 16:15:59,072][train.eval_nll] [Test]nll=1121.9858
[ 2022-07-06 16:16:00,541][train.<module>]                    timestamp  ...                                             config
0 2022-07-06 16:16:00.524258  ...  {'model': 'RPPN', 'dataset': 'mhp-1K-10', 'inp...
1 2022-07-06 16:16:00.524258  ...  {'model': 'RPPN', 'dataset': 'mhp-1K-10', 'inp...
2 2022-07-06 16:16:00.524258  ...  {'model': 'RPPN', 'dataset': 'mhp-1K-10', 'inp...
3 2022-07-06 16:16:00.524258  ...  {'model': 'RPPN', 'dataset': 'mhp-1K-10', 'inp...
4 2022-07-06 16:16:00.524258  ...  {'model': 'RPPN', 'dataset': 'mhp-1K-10', 'inp...
5 2022-07-06 16:16:00.524258  ...  {'model': 'RPPN', 'dataset': 'mhp-1K-10', 'inp...

[6 rows x 7 columns]
