[ 2022-08-31 07:49:07,257][train_tran.<module>] Namespace(attr_batch_size=0, basis_type='dyadic', batch_size=64, bucket_seqs=False, cuda=True, dataset='pgem-1K-15', dropout=0.0, embedding_dim=64, epochs=250, hidden_size=64, input_dir='data/input', l2_reg=0, lr=0.0008, max_mean=20.0, model='Tran', n_bases=7, num_workers=0, occurred_type_only=False, optimizer='Adam', output_dir='data/output', rand_seed=1, skip_eval_infectivity=False, skip_pred_next_event=False, split_id=1, steps=50, tran_head=1, tran_layer=2, tune_metric='nll', verbose=False)
[ 2022-08-31 07:49:09,402][train_tran.train_nn_models] [Training] Epoch=0, loss=24490.8965, nll=24490.8965, l2_reg=0.0000, acc=0.0489
[ 2022-08-31 07:49:09,402][train_tran.train_nn_models] [Validation] Epoch=0, nll=14143.4297, acc=0.0232
[ 2022-08-31 07:49:11,333][train_tran.train_nn_models] [Training] Epoch=1, loss=8463.3105, nll=8463.3105, l2_reg=0.0000, acc=0.0234
[ 2022-08-31 07:49:11,335][train_tran.train_nn_models] [Validation] Epoch=1, nll=3151.5706, acc=0.0247
[ 2022-08-31 07:49:13,168][train_tran.train_nn_models] [Training] Epoch=2, loss=2043.4249, nll=2043.4249, l2_reg=0.0000, acc=0.0260
[ 2022-08-31 07:49:13,169][train_tran.train_nn_models] [Validation] Epoch=2, nll=1447.1221, acc=0.0312
[ 2022-08-31 07:49:14,994][train_tran.train_nn_models] [Training] Epoch=3, loss=1396.9176, nll=1396.9176, l2_reg=0.0000, acc=0.0933
[ 2022-08-31 07:49:14,995][train_tran.train_nn_models] [Validation] Epoch=3, nll=1345.1431, acc=0.1759
[ 2022-08-31 07:49:16,751][train_tran.train_nn_models] [Training] Epoch=4, loss=1302.2709, nll=1302.2709, l2_reg=0.0000, acc=0.1803
[ 2022-08-31 07:49:16,751][train_tran.train_nn_models] [Validation] Epoch=4, nll=1270.9152, acc=0.1813
[ 2022-08-31 07:49:18,451][train_tran.train_nn_models] [Training] Epoch=5, loss=1253.2135, nll=1253.2135, l2_reg=0.0000, acc=0.1862
[ 2022-08-31 07:49:18,451][train_tran.train_nn_models] [Validation] Epoch=5, nll=1245.8667, acc=0.1850
[ 2022-08-31 07:49:20,127][train_tran.train_nn_models] [Training] Epoch=6, loss=1237.5195, nll=1237.5195, l2_reg=0.0000, acc=0.1877
[ 2022-08-31 07:49:20,128][train_tran.train_nn_models] [Validation] Epoch=6, nll=1237.2271, acc=0.1910
[ 2022-08-31 07:49:21,846][train_tran.train_nn_models] [Training] Epoch=7, loss=1232.0591, nll=1232.0591, l2_reg=0.0000, acc=0.1873
[ 2022-08-31 07:49:21,846][train_tran.train_nn_models] [Validation] Epoch=7, nll=1232.9601, acc=0.1922
[ 2022-08-31 07:49:23,542][train_tran.train_nn_models] [Training] Epoch=8, loss=1228.8077, nll=1228.8077, l2_reg=0.0000, acc=0.1860
[ 2022-08-31 07:49:23,542][train_tran.train_nn_models] [Validation] Epoch=8, nll=1231.0894, acc=0.1868
[ 2022-08-31 07:49:25,270][train_tran.train_nn_models] [Training] Epoch=9, loss=1226.9166, nll=1226.9166, l2_reg=0.0000, acc=0.1870
[ 2022-08-31 07:49:25,271][train_tran.train_nn_models] [Validation] Epoch=9, nll=1229.4540, acc=0.1898
[ 2022-08-31 07:49:26,954][train_tran.train_nn_models] [Training] Epoch=10, loss=1225.4720, nll=1225.4720, l2_reg=0.0000, acc=0.1871
[ 2022-08-31 07:49:26,954][train_tran.train_nn_models] [Validation] Epoch=10, nll=1228.2621, acc=0.1898
[ 2022-08-31 07:49:28,623][train_tran.train_nn_models] [Training] Epoch=11, loss=1224.3440, nll=1224.3440, l2_reg=0.0000, acc=0.1871
[ 2022-08-31 07:49:28,623][train_tran.train_nn_models] [Validation] Epoch=11, nll=1227.3425, acc=0.1875
[ 2022-08-31 07:49:30,338][train_tran.train_nn_models] [Training] Epoch=12, loss=1223.4518, nll=1223.4518, l2_reg=0.0000, acc=0.1871
[ 2022-08-31 07:49:30,338][train_tran.train_nn_models] [Validation] Epoch=12, nll=1226.6041, acc=0.1889
[ 2022-08-31 07:49:32,033][train_tran.train_nn_models] [Training] Epoch=13, loss=1222.7841, nll=1222.7841, l2_reg=0.0000, acc=0.1870
[ 2022-08-31 07:49:32,033][train_tran.train_nn_models] [Validation] Epoch=13, nll=1226.0619, acc=0.1888
[ 2022-08-31 07:49:33,814][train_tran.train_nn_models] [Training] Epoch=14, loss=1222.2649, nll=1222.2649, l2_reg=0.0000, acc=0.1872
[ 2022-08-31 07:49:33,815][train_tran.train_nn_models] [Validation] Epoch=14, nll=1225.6290, acc=0.1888
[ 2022-08-31 07:49:35,530][train_tran.train_nn_models] [Training] Epoch=15, loss=1221.8358, nll=1221.8358, l2_reg=0.0000, acc=0.1872
[ 2022-08-31 07:49:35,530][train_tran.train_nn_models] [Validation] Epoch=15, nll=1225.2656, acc=0.1891
[ 2022-08-31 07:49:37,181][train_tran.train_nn_models] [Training] Epoch=16, loss=1221.4742, nll=1221.4742, l2_reg=0.0000, acc=0.1873
[ 2022-08-31 07:49:37,182][train_tran.train_nn_models] [Validation] Epoch=16, nll=1224.9558, acc=0.1890
[ 2022-08-31 07:49:38,864][train_tran.train_nn_models] [Training] Epoch=17, loss=1221.1580, nll=1221.1580, l2_reg=0.0000, acc=0.1870
[ 2022-08-31 07:49:38,865][train_tran.train_nn_models] [Validation] Epoch=17, nll=1224.6788, acc=0.1885
[ 2022-08-31 07:49:40,526][train_tran.train_nn_models] [Training] Epoch=18, loss=1220.8713, nll=1220.8713, l2_reg=0.0000, acc=0.1871
[ 2022-08-31 07:49:40,527][train_tran.train_nn_models] [Validation] Epoch=18, nll=1224.4264, acc=0.1882
[ 2022-08-31 07:49:42,165][train_tran.train_nn_models] [Training] Epoch=19, loss=1220.6057, nll=1220.6057, l2_reg=0.0000, acc=0.1872
[ 2022-08-31 07:49:42,166][train_tran.train_nn_models] [Validation] Epoch=19, nll=1224.1919, acc=0.1883
[ 2022-08-31 07:49:43,878][train_tran.train_nn_models] [Training] Epoch=20, loss=1220.3560, nll=1220.3560, l2_reg=0.0000, acc=0.1873
[ 2022-08-31 07:49:43,879][train_tran.train_nn_models] [Validation] Epoch=20, nll=1223.9711, acc=0.1886
[ 2022-08-31 07:49:45,570][train_tran.train_nn_models] [Training] Epoch=21, loss=1220.1191, nll=1220.1191, l2_reg=0.0000, acc=0.1874
[ 2022-08-31 07:49:45,570][train_tran.train_nn_models] [Validation] Epoch=21, nll=1223.7617, acc=0.1879
[ 2022-08-31 07:49:47,270][train_tran.train_nn_models] [Training] Epoch=22, loss=1219.8965, nll=1219.8965, l2_reg=0.0000, acc=0.1874
[ 2022-08-31 07:49:47,271][train_tran.train_nn_models] [Validation] Epoch=22, nll=1223.5653, acc=0.1887
[ 2022-08-31 07:49:49,146][train_tran.train_nn_models] [Training] Epoch=23, loss=1219.6890, nll=1219.6890, l2_reg=0.0000, acc=0.1874
[ 2022-08-31 07:49:49,147][train_tran.train_nn_models] [Validation] Epoch=23, nll=1223.3850, acc=0.1896
[ 2022-08-31 07:49:50,899][train_tran.train_nn_models] [Training] Epoch=24, loss=1219.5005, nll=1219.5005, l2_reg=0.0000, acc=0.1873
[ 2022-08-31 07:49:50,899][train_tran.train_nn_models] [Validation] Epoch=24, nll=1223.2239, acc=0.1885
[ 2022-08-31 07:49:52,714][train_tran.train_nn_models] [Training] Epoch=25, loss=1219.3339, nll=1219.3339, l2_reg=0.0000, acc=0.1874
[ 2022-08-31 07:49:52,715][train_tran.train_nn_models] [Validation] Epoch=25, nll=1223.0848, acc=0.1888
[ 2022-08-31 07:49:54,399][train_tran.train_nn_models] [Training] Epoch=26, loss=1219.1899, nll=1219.1899, l2_reg=0.0000, acc=0.1876
[ 2022-08-31 07:49:54,399][train_tran.train_nn_models] [Validation] Epoch=26, nll=1222.9664, acc=0.1889
[ 2022-08-31 07:49:56,124][train_tran.train_nn_models] [Training] Epoch=27, loss=1219.0673, nll=1219.0673, l2_reg=0.0000, acc=0.1877
[ 2022-08-31 07:49:56,124][train_tran.train_nn_models] [Validation] Epoch=27, nll=1222.8666, acc=0.1885
[ 2022-08-31 07:49:57,837][train_tran.train_nn_models] [Training] Epoch=28, loss=1218.9626, nll=1218.9626, l2_reg=0.0000, acc=0.1879
[ 2022-08-31 07:49:57,837][train_tran.train_nn_models] [Validation] Epoch=28, nll=1222.7808, acc=0.1888
[ 2022-08-31 07:49:59,664][train_tran.train_nn_models] [Training] Epoch=29, loss=1218.8727, nll=1218.8727, l2_reg=0.0000, acc=0.1878
[ 2022-08-31 07:49:59,664][train_tran.train_nn_models] [Validation] Epoch=29, nll=1222.7064, acc=0.1898
[ 2022-08-31 07:50:01,350][train_tran.train_nn_models] [Training] Epoch=30, loss=1218.7942, nll=1218.7942, l2_reg=0.0000, acc=0.1880
[ 2022-08-31 07:50:01,350][train_tran.train_nn_models] [Validation] Epoch=30, nll=1222.6414, acc=0.1888
[ 2022-08-31 07:50:02,937][train_tran.train_nn_models] [Training] Epoch=31, loss=1218.7244, nll=1218.7244, l2_reg=0.0000, acc=0.1884
[ 2022-08-31 07:50:02,937][train_tran.train_nn_models] [Validation] Epoch=31, nll=1222.5830, acc=0.1899
[ 2022-08-31 07:50:04,622][train_tran.train_nn_models] [Training] Epoch=32, loss=1218.6615, nll=1218.6615, l2_reg=0.0000, acc=0.1884
[ 2022-08-31 07:50:04,622][train_tran.train_nn_models] [Validation] Epoch=32, nll=1222.5299, acc=0.1897
[ 2022-08-31 07:50:06,318][train_tran.train_nn_models] [Training] Epoch=33, loss=1218.6038, nll=1218.6038, l2_reg=0.0000, acc=0.1887
[ 2022-08-31 07:50:06,319][train_tran.train_nn_models] [Validation] Epoch=33, nll=1222.4805, acc=0.1898
[ 2022-08-31 07:50:07,982][train_tran.train_nn_models] [Training] Epoch=34, loss=1218.5502, nll=1218.5502, l2_reg=0.0000, acc=0.1888
[ 2022-08-31 07:50:07,982][train_tran.train_nn_models] [Validation] Epoch=34, nll=1222.4346, acc=0.1897
[ 2022-08-31 07:50:09,713][train_tran.train_nn_models] [Training] Epoch=35, loss=1218.5004, nll=1218.5004, l2_reg=0.0000, acc=0.1887
[ 2022-08-31 07:50:09,713][train_tran.train_nn_models] [Validation] Epoch=35, nll=1222.3915, acc=0.1901
[ 2022-08-31 07:50:11,426][train_tran.train_nn_models] [Training] Epoch=36, loss=1218.4535, nll=1218.4535, l2_reg=0.0000, acc=0.1888
[ 2022-08-31 07:50:11,426][train_tran.train_nn_models] [Validation] Epoch=36, nll=1222.3511, acc=0.1903
[ 2022-08-31 07:50:13,140][train_tran.train_nn_models] [Training] Epoch=37, loss=1218.4091, nll=1218.4091, l2_reg=0.0000, acc=0.1886
[ 2022-08-31 07:50:13,141][train_tran.train_nn_models] [Validation] Epoch=37, nll=1222.3120, acc=0.1899
[ 2022-08-31 07:50:14,846][train_tran.train_nn_models] [Training] Epoch=38, loss=1218.3665, nll=1218.3665, l2_reg=0.0000, acc=0.1886
[ 2022-08-31 07:50:14,846][train_tran.train_nn_models] [Validation] Epoch=38, nll=1222.2749, acc=0.1897
[ 2022-08-31 07:50:16,663][train_tran.train_nn_models] [Training] Epoch=39, loss=1218.3254, nll=1218.3254, l2_reg=0.0000, acc=0.1884
[ 2022-08-31 07:50:16,664][train_tran.train_nn_models] [Validation] Epoch=39, nll=1222.2388, acc=0.1895
[ 2022-08-31 07:50:18,359][train_tran.train_nn_models] [Training] Epoch=40, loss=1218.2856, nll=1218.2856, l2_reg=0.0000, acc=0.1888
[ 2022-08-31 07:50:18,360][train_tran.train_nn_models] [Validation] Epoch=40, nll=1222.2036, acc=0.1893
[ 2022-08-31 07:50:19,984][train_tran.train_nn_models] [Training] Epoch=41, loss=1218.2468, nll=1218.2468, l2_reg=0.0000, acc=0.1887
[ 2022-08-31 07:50:19,985][train_tran.train_nn_models] [Validation] Epoch=41, nll=1222.1692, acc=0.1885
[ 2022-08-31 07:50:21,689][train_tran.train_nn_models] [Training] Epoch=42, loss=1218.2089, nll=1218.2089, l2_reg=0.0000, acc=0.1889
[ 2022-08-31 07:50:21,690][train_tran.train_nn_models] [Validation] Epoch=42, nll=1222.1356, acc=0.1882
[ 2022-08-31 07:50:23,538][train_tran.train_nn_models] [Training] Epoch=43, loss=1218.1718, nll=1218.1718, l2_reg=0.0000, acc=0.1891
[ 2022-08-31 07:50:23,538][train_tran.train_nn_models] [Validation] Epoch=43, nll=1222.1023, acc=0.1882
[ 2022-08-31 07:50:25,226][train_tran.train_nn_models] [Training] Epoch=44, loss=1218.1350, nll=1218.1350, l2_reg=0.0000, acc=0.1893
[ 2022-08-31 07:50:25,227][train_tran.train_nn_models] [Validation] Epoch=44, nll=1222.0693, acc=0.1880
[ 2022-08-31 07:50:26,965][train_tran.train_nn_models] [Training] Epoch=45, loss=1218.0988, nll=1218.0988, l2_reg=0.0000, acc=0.1892
[ 2022-08-31 07:50:26,966][train_tran.train_nn_models] [Validation] Epoch=45, nll=1222.0370, acc=0.1884
[ 2022-08-31 07:50:28,675][train_tran.train_nn_models] [Training] Epoch=46, loss=1218.0629, nll=1218.0629, l2_reg=0.0000, acc=0.1893
[ 2022-08-31 07:50:28,675][train_tran.train_nn_models] [Validation] Epoch=46, nll=1222.0045, acc=0.1888
[ 2022-08-31 07:50:30,423][train_tran.train_nn_models] [Training] Epoch=47, loss=1218.0272, nll=1218.0272, l2_reg=0.0000, acc=0.1892
[ 2022-08-31 07:50:30,423][train_tran.train_nn_models] [Validation] Epoch=47, nll=1221.9728, acc=0.1895
[ 2022-08-31 07:50:32,121][train_tran.train_nn_models] [Training] Epoch=48, loss=1217.9915, nll=1217.9915, l2_reg=0.0000, acc=0.1888
[ 2022-08-31 07:50:32,121][train_tran.train_nn_models] [Validation] Epoch=48, nll=1221.9408, acc=0.1891
[ 2022-08-31 07:50:33,763][train_tran.train_nn_models] [Training] Epoch=49, loss=1217.9559, nll=1217.9559, l2_reg=0.0000, acc=0.1887
[ 2022-08-31 07:50:33,764][train_tran.train_nn_models] [Validation] Epoch=49, nll=1221.9092, acc=0.1884
[ 2022-08-31 07:50:35,424][train_tran.train_nn_models] [Training] Epoch=50, loss=1217.9202, nll=1217.9202, l2_reg=0.0000, acc=0.1884
[ 2022-08-31 07:50:35,425][train_tran.train_nn_models] [Validation] Epoch=50, nll=1221.8773, acc=0.1886
[ 2022-08-31 07:50:37,165][train_tran.train_nn_models] [Training] Epoch=51, loss=1217.8844, nll=1217.8844, l2_reg=0.0000, acc=0.1882
[ 2022-08-31 07:50:37,165][train_tran.train_nn_models] [Validation] Epoch=51, nll=1221.8452, acc=0.1882
[ 2022-08-31 07:50:38,876][train_tran.train_nn_models] [Training] Epoch=52, loss=1217.8481, nll=1217.8481, l2_reg=0.0000, acc=0.1883
[ 2022-08-31 07:50:38,876][train_tran.train_nn_models] [Validation] Epoch=52, nll=1221.8132, acc=0.1880
[ 2022-08-31 07:50:40,554][train_tran.train_nn_models] [Training] Epoch=53, loss=1217.8119, nll=1217.8119, l2_reg=0.0000, acc=0.1883
[ 2022-08-31 07:50:40,555][train_tran.train_nn_models] [Validation] Epoch=53, nll=1221.7811, acc=0.1881
[ 2022-08-31 07:50:42,314][train_tran.train_nn_models] [Training] Epoch=54, loss=1217.7753, nll=1217.7753, l2_reg=0.0000, acc=0.1880
[ 2022-08-31 07:50:42,315][train_tran.train_nn_models] [Validation] Epoch=54, nll=1221.7493, acc=0.1885
[ 2022-08-31 07:50:44,025][train_tran.train_nn_models] [Training] Epoch=55, loss=1217.7388, nll=1217.7388, l2_reg=0.0000, acc=0.1882
[ 2022-08-31 07:50:44,026][train_tran.train_nn_models] [Validation] Epoch=55, nll=1221.7175, acc=0.1888
[ 2022-08-31 07:50:45,696][train_tran.train_nn_models] [Training] Epoch=56, loss=1217.7021, nll=1217.7021, l2_reg=0.0000, acc=0.1880
[ 2022-08-31 07:50:45,696][train_tran.train_nn_models] [Validation] Epoch=56, nll=1221.6859, acc=0.1895
[ 2022-08-31 07:50:47,389][train_tran.train_nn_models] [Training] Epoch=57, loss=1217.6658, nll=1217.6658, l2_reg=0.0000, acc=0.1880
[ 2022-08-31 07:50:47,390][train_tran.train_nn_models] [Validation] Epoch=57, nll=1221.6552, acc=0.1896
[ 2022-08-31 07:50:49,162][train_tran.train_nn_models] [Training] Epoch=58, loss=1217.6295, nll=1217.6295, l2_reg=0.0000, acc=0.1882
[ 2022-08-31 07:50:49,163][train_tran.train_nn_models] [Validation] Epoch=58, nll=1221.6246, acc=0.1898
[ 2022-08-31 07:50:50,836][train_tran.train_nn_models] [Training] Epoch=59, loss=1217.5934, nll=1217.5934, l2_reg=0.0000, acc=0.1883
[ 2022-08-31 07:50:50,837][train_tran.train_nn_models] [Validation] Epoch=59, nll=1221.5933, acc=0.1896
[ 2022-08-31 07:50:52,520][train_tran.train_nn_models] [Training] Epoch=60, loss=1217.5569, nll=1217.5569, l2_reg=0.0000, acc=0.1883
[ 2022-08-31 07:50:52,520][train_tran.train_nn_models] [Validation] Epoch=60, nll=1221.5619, acc=0.1899
[ 2022-08-31 07:50:54,176][train_tran.train_nn_models] [Training] Epoch=61, loss=1217.5199, nll=1217.5199, l2_reg=0.0000, acc=0.1883
[ 2022-08-31 07:50:54,176][train_tran.train_nn_models] [Validation] Epoch=61, nll=1221.5305, acc=0.1900
[ 2022-08-31 07:50:55,926][train_tran.train_nn_models] [Training] Epoch=62, loss=1217.4828, nll=1217.4828, l2_reg=0.0000, acc=0.1882
[ 2022-08-31 07:50:55,926][train_tran.train_nn_models] [Validation] Epoch=62, nll=1221.4984, acc=0.1900
[ 2022-08-31 07:50:57,762][train_tran.train_nn_models] [Training] Epoch=63, loss=1217.4456, nll=1217.4456, l2_reg=0.0000, acc=0.1884
[ 2022-08-31 07:50:57,763][train_tran.train_nn_models] [Validation] Epoch=63, nll=1221.4663, acc=0.1904
[ 2022-08-31 07:50:59,463][train_tran.train_nn_models] [Training] Epoch=64, loss=1217.4078, nll=1217.4078, l2_reg=0.0000, acc=0.1883
[ 2022-08-31 07:50:59,463][train_tran.train_nn_models] [Validation] Epoch=64, nll=1221.4343, acc=0.1896
[ 2022-08-31 07:51:01,112][train_tran.train_nn_models] [Training] Epoch=65, loss=1217.3701, nll=1217.3701, l2_reg=0.0000, acc=0.1886
[ 2022-08-31 07:51:01,112][train_tran.train_nn_models] [Validation] Epoch=65, nll=1221.4022, acc=0.1894
[ 2022-08-31 07:51:02,780][train_tran.train_nn_models] [Training] Epoch=66, loss=1217.3326, nll=1217.3326, l2_reg=0.0000, acc=0.1885
[ 2022-08-31 07:51:02,781][train_tran.train_nn_models] [Validation] Epoch=66, nll=1221.3705, acc=0.1893
[ 2022-08-31 07:51:04,502][train_tran.train_nn_models] [Training] Epoch=67, loss=1217.2954, nll=1217.2954, l2_reg=0.0000, acc=0.1884
[ 2022-08-31 07:51:04,503][train_tran.train_nn_models] [Validation] Epoch=67, nll=1221.3389, acc=0.1890
[ 2022-08-31 07:51:06,244][train_tran.train_nn_models] [Training] Epoch=68, loss=1217.2581, nll=1217.2581, l2_reg=0.0000, acc=0.1881
[ 2022-08-31 07:51:06,244][train_tran.train_nn_models] [Validation] Epoch=68, nll=1221.3076, acc=0.1896
[ 2022-08-31 07:51:07,942][train_tran.train_nn_models] [Training] Epoch=69, loss=1217.2211, nll=1217.2211, l2_reg=0.0000, acc=0.1883
[ 2022-08-31 07:51:07,943][train_tran.train_nn_models] [Validation] Epoch=69, nll=1221.2767, acc=0.1901
[ 2022-08-31 07:51:09,662][train_tran.train_nn_models] [Training] Epoch=70, loss=1217.1848, nll=1217.1848, l2_reg=0.0000, acc=0.1879
[ 2022-08-31 07:51:09,663][train_tran.train_nn_models] [Validation] Epoch=70, nll=1221.2460, acc=0.1906
[ 2022-08-31 07:51:11,417][train_tran.train_nn_models] [Training] Epoch=71, loss=1217.1483, nll=1217.1483, l2_reg=0.0000, acc=0.1879
[ 2022-08-31 07:51:11,418][train_tran.train_nn_models] [Validation] Epoch=71, nll=1221.2156, acc=0.1901
[ 2022-08-31 07:51:13,194][train_tran.train_nn_models] [Training] Epoch=72, loss=1217.1124, nll=1217.1124, l2_reg=0.0000, acc=0.1882
[ 2022-08-31 07:51:13,194][train_tran.train_nn_models] [Validation] Epoch=72, nll=1221.1854, acc=0.1902
[ 2022-08-31 07:51:14,923][train_tran.train_nn_models] [Training] Epoch=73, loss=1217.0768, nll=1217.0768, l2_reg=0.0000, acc=0.1883
[ 2022-08-31 07:51:14,923][train_tran.train_nn_models] [Validation] Epoch=73, nll=1221.1555, acc=0.1903
[ 2022-08-31 07:51:16,672][train_tran.train_nn_models] [Training] Epoch=74, loss=1217.0411, nll=1217.0411, l2_reg=0.0000, acc=0.1883
[ 2022-08-31 07:51:16,672][train_tran.train_nn_models] [Validation] Epoch=74, nll=1221.1255, acc=0.1906
[ 2022-08-31 07:51:18,366][train_tran.train_nn_models] [Training] Epoch=75, loss=1217.0055, nll=1217.0055, l2_reg=0.0000, acc=0.1881
[ 2022-08-31 07:51:18,366][train_tran.train_nn_models] [Validation] Epoch=75, nll=1221.0955, acc=0.1900
[ 2022-08-31 07:51:20,040][train_tran.train_nn_models] [Training] Epoch=76, loss=1216.9700, nll=1216.9700, l2_reg=0.0000, acc=0.1880
[ 2022-08-31 07:51:20,040][train_tran.train_nn_models] [Validation] Epoch=76, nll=1221.0652, acc=0.1896
[ 2022-08-31 07:51:21,848][train_tran.train_nn_models] [Training] Epoch=77, loss=1216.9341, nll=1216.9341, l2_reg=0.0000, acc=0.1881
[ 2022-08-31 07:51:21,849][train_tran.train_nn_models] [Validation] Epoch=77, nll=1221.0345, acc=0.1896
[ 2022-08-31 07:51:23,578][train_tran.train_nn_models] [Training] Epoch=78, loss=1216.8975, nll=1216.8975, l2_reg=0.0000, acc=0.1883
[ 2022-08-31 07:51:23,579][train_tran.train_nn_models] [Validation] Epoch=78, nll=1221.0033, acc=0.1902
[ 2022-08-31 07:51:25,237][train_tran.train_nn_models] [Training] Epoch=79, loss=1216.8605, nll=1216.8605, l2_reg=0.0000, acc=0.1883
[ 2022-08-31 07:51:25,238][train_tran.train_nn_models] [Validation] Epoch=79, nll=1220.9714, acc=0.1906
[ 2022-08-31 07:51:27,058][train_tran.train_nn_models] [Training] Epoch=80, loss=1216.8225, nll=1216.8225, l2_reg=0.0000, acc=0.1882
[ 2022-08-31 07:51:27,059][train_tran.train_nn_models] [Validation] Epoch=80, nll=1220.9387, acc=0.1907
[ 2022-08-31 07:51:28,887][train_tran.train_nn_models] [Training] Epoch=81, loss=1216.7836, nll=1216.7836, l2_reg=0.0000, acc=0.1882
[ 2022-08-31 07:51:28,887][train_tran.train_nn_models] [Validation] Epoch=81, nll=1220.9052, acc=0.1906
[ 2022-08-31 07:51:30,778][train_tran.train_nn_models] [Training] Epoch=82, loss=1216.7433, nll=1216.7433, l2_reg=0.0000, acc=0.1881
[ 2022-08-31 07:51:30,779][train_tran.train_nn_models] [Validation] Epoch=82, nll=1220.8705, acc=0.1903
[ 2022-08-31 07:51:32,549][train_tran.train_nn_models] [Training] Epoch=83, loss=1216.7010, nll=1216.7010, l2_reg=0.0000, acc=0.1881
[ 2022-08-31 07:51:32,550][train_tran.train_nn_models] [Validation] Epoch=83, nll=1220.8350, acc=0.1899
[ 2022-08-31 07:51:34,280][train_tran.train_nn_models] [Training] Epoch=84, loss=1216.6571, nll=1216.6571, l2_reg=0.0000, acc=0.1881
[ 2022-08-31 07:51:34,280][train_tran.train_nn_models] [Validation] Epoch=84, nll=1220.7983, acc=0.1901
[ 2022-08-31 07:51:35,936][train_tran.train_nn_models] [Training] Epoch=85, loss=1216.6115, nll=1216.6115, l2_reg=0.0000, acc=0.1881
[ 2022-08-31 07:51:35,936][train_tran.train_nn_models] [Validation] Epoch=85, nll=1220.7607, acc=0.1906
[ 2022-08-31 07:51:37,682][train_tran.train_nn_models] [Training] Epoch=86, loss=1216.5646, nll=1216.5646, l2_reg=0.0000, acc=0.1882
[ 2022-08-31 07:51:37,682][train_tran.train_nn_models] [Validation] Epoch=86, nll=1220.7214, acc=0.1904
[ 2022-08-31 07:51:39,392][train_tran.train_nn_models] [Training] Epoch=87, loss=1216.5160, nll=1216.5160, l2_reg=0.0000, acc=0.1883
[ 2022-08-31 07:51:39,392][train_tran.train_nn_models] [Validation] Epoch=87, nll=1220.6792, acc=0.1902
[ 2022-08-31 07:51:41,047][train_tran.train_nn_models] [Training] Epoch=88, loss=1216.4657, nll=1216.4657, l2_reg=0.0000, acc=0.1883
[ 2022-08-31 07:51:41,047][train_tran.train_nn_models] [Validation] Epoch=88, nll=1220.6345, acc=0.1906
[ 2022-08-31 07:51:42,811][train_tran.train_nn_models] [Training] Epoch=89, loss=1216.4135, nll=1216.4135, l2_reg=0.0000, acc=0.1883
[ 2022-08-31 07:51:42,812][train_tran.train_nn_models] [Validation] Epoch=89, nll=1220.5868, acc=0.1903
[ 2022-08-31 07:51:44,796][train_tran.train_nn_models] [Training] Epoch=90, loss=1216.3588, nll=1216.3588, l2_reg=0.0000, acc=0.1884
[ 2022-08-31 07:51:44,796][train_tran.train_nn_models] [Validation] Epoch=90, nll=1220.5369, acc=0.1903
[ 2022-08-31 07:51:46,605][train_tran.train_nn_models] [Training] Epoch=91, loss=1216.3020, nll=1216.3020, l2_reg=0.0000, acc=0.1885
[ 2022-08-31 07:51:46,606][train_tran.train_nn_models] [Validation] Epoch=91, nll=1220.4839, acc=0.1903
[ 2022-08-31 07:51:48,316][train_tran.train_nn_models] [Training] Epoch=92, loss=1216.2427, nll=1216.2427, l2_reg=0.0000, acc=0.1885
[ 2022-08-31 07:51:48,317][train_tran.train_nn_models] [Validation] Epoch=92, nll=1220.4282, acc=0.1902
[ 2022-08-31 07:51:49,967][train_tran.train_nn_models] [Training] Epoch=93, loss=1216.1810, nll=1216.1810, l2_reg=0.0000, acc=0.1886
[ 2022-08-31 07:51:49,967][train_tran.train_nn_models] [Validation] Epoch=93, nll=1220.3698, acc=0.1903
[ 2022-08-31 07:51:51,710][train_tran.train_nn_models] [Training] Epoch=94, loss=1216.1162, nll=1216.1162, l2_reg=0.0000, acc=0.1888
[ 2022-08-31 07:51:51,711][train_tran.train_nn_models] [Validation] Epoch=94, nll=1220.3079, acc=0.1905
[ 2022-08-31 07:51:53,455][train_tran.train_nn_models] [Training] Epoch=95, loss=1216.0490, nll=1216.0490, l2_reg=0.0000, acc=0.1888
[ 2022-08-31 07:51:53,455][train_tran.train_nn_models] [Validation] Epoch=95, nll=1220.2427, acc=0.1903
[ 2022-08-31 07:51:55,153][train_tran.train_nn_models] [Training] Epoch=96, loss=1215.9790, nll=1215.9790, l2_reg=0.0000, acc=0.1888
[ 2022-08-31 07:51:55,154][train_tran.train_nn_models] [Validation] Epoch=96, nll=1220.1742, acc=0.1899
[ 2022-08-31 07:51:56,943][train_tran.train_nn_models] [Training] Epoch=97, loss=1215.9059, nll=1215.9059, l2_reg=0.0000, acc=0.1888
[ 2022-08-31 07:51:56,944][train_tran.train_nn_models] [Validation] Epoch=97, nll=1220.1021, acc=0.1902
[ 2022-08-31 07:51:58,653][train_tran.train_nn_models] [Training] Epoch=98, loss=1215.8298, nll=1215.8298, l2_reg=0.0000, acc=0.1890
[ 2022-08-31 07:51:58,653][train_tran.train_nn_models] [Validation] Epoch=98, nll=1220.0260, acc=0.1901
[ 2022-08-31 07:52:00,320][train_tran.train_nn_models] [Training] Epoch=99, loss=1215.7502, nll=1215.7502, l2_reg=0.0000, acc=0.1891
[ 2022-08-31 07:52:00,320][train_tran.train_nn_models] [Validation] Epoch=99, nll=1219.9453, acc=0.1902
[ 2022-08-31 07:52:01,976][train_tran.train_nn_models] [Training] Epoch=100, loss=1215.6666, nll=1215.6666, l2_reg=0.0000, acc=0.1890
[ 2022-08-31 07:52:01,976][train_tran.train_nn_models] [Validation] Epoch=100, nll=1219.8608, acc=0.1901
[ 2022-08-31 07:52:03,735][train_tran.train_nn_models] [Training] Epoch=101, loss=1215.5790, nll=1215.5790, l2_reg=0.0000, acc=0.1894
[ 2022-08-31 07:52:03,735][train_tran.train_nn_models] [Validation] Epoch=101, nll=1219.7700, acc=0.1901
[ 2022-08-31 07:52:05,496][train_tran.train_nn_models] [Training] Epoch=102, loss=1215.4858, nll=1215.4858, l2_reg=0.0000, acc=0.1897
[ 2022-08-31 07:52:05,497][train_tran.train_nn_models] [Validation] Epoch=102, nll=1219.6747, acc=0.1902
[ 2022-08-31 07:52:07,155][train_tran.train_nn_models] [Training] Epoch=103, loss=1215.3873, nll=1215.3873, l2_reg=0.0000, acc=0.1901
[ 2022-08-31 07:52:07,155][train_tran.train_nn_models] [Validation] Epoch=103, nll=1219.5739, acc=0.1903
[ 2022-08-31 07:52:09,000][train_tran.train_nn_models] [Training] Epoch=104, loss=1215.2822, nll=1215.2822, l2_reg=0.0000, acc=0.1902
[ 2022-08-31 07:52:09,000][train_tran.train_nn_models] [Validation] Epoch=104, nll=1219.4652, acc=0.1900
[ 2022-08-31 07:52:10,729][train_tran.train_nn_models] [Training] Epoch=105, loss=1215.1697, nll=1215.1697, l2_reg=0.0000, acc=0.1903
[ 2022-08-31 07:52:10,729][train_tran.train_nn_models] [Validation] Epoch=105, nll=1219.3505, acc=0.1901
[ 2022-08-31 07:52:12,450][train_tran.train_nn_models] [Training] Epoch=106, loss=1215.0475, nll=1215.0475, l2_reg=0.0000, acc=0.1904
[ 2022-08-31 07:52:12,450][train_tran.train_nn_models] [Validation] Epoch=106, nll=1219.2355, acc=0.1905
[ 2022-08-31 07:52:14,233][train_tran.train_nn_models] [Training] Epoch=107, loss=1214.9305, nll=1214.9305, l2_reg=0.0000, acc=0.1909
[ 2022-08-31 07:52:14,234][train_tran.train_nn_models] [Validation] Epoch=107, nll=1219.0902, acc=0.1903
[ 2022-08-31 07:52:15,874][train_tran.train_nn_models] [Training] Epoch=108, loss=1214.7900, nll=1214.7900, l2_reg=0.0000, acc=0.1910
[ 2022-08-31 07:52:15,874][train_tran.train_nn_models] [Validation] Epoch=108, nll=1218.9478, acc=0.1905
[ 2022-08-31 07:52:17,660][train_tran.train_nn_models] [Training] Epoch=109, loss=1214.6366, nll=1214.6366, l2_reg=0.0000, acc=0.1912
[ 2022-08-31 07:52:17,661][train_tran.train_nn_models] [Validation] Epoch=109, nll=1218.8079, acc=0.1902
[ 2022-08-31 07:52:19,457][train_tran.train_nn_models] [Training] Epoch=110, loss=1214.4745, nll=1214.4745, l2_reg=0.0000, acc=0.1913
[ 2022-08-31 07:52:19,458][train_tran.train_nn_models] [Validation] Epoch=110, nll=1218.6552, acc=0.1907
[ 2022-08-31 07:52:21,304][train_tran.train_nn_models] [Training] Epoch=111, loss=1214.3008, nll=1214.3008, l2_reg=0.0000, acc=0.1917
[ 2022-08-31 07:52:21,304][train_tran.train_nn_models] [Validation] Epoch=111, nll=1218.4960, acc=0.1908
[ 2022-08-31 07:52:23,124][train_tran.train_nn_models] [Training] Epoch=112, loss=1214.1176, nll=1214.1176, l2_reg=0.0000, acc=0.1916
[ 2022-08-31 07:52:23,124][train_tran.train_nn_models] [Validation] Epoch=112, nll=1218.3314, acc=0.1907
[ 2022-08-31 07:52:24,981][train_tran.train_nn_models] [Training] Epoch=113, loss=1213.9272, nll=1213.9272, l2_reg=0.0000, acc=0.1917
[ 2022-08-31 07:52:24,981][train_tran.train_nn_models] [Validation] Epoch=113, nll=1218.1611, acc=0.1916
[ 2022-08-31 07:52:26,797][train_tran.train_nn_models] [Training] Epoch=114, loss=1213.7294, nll=1213.7294, l2_reg=0.0000, acc=0.1919
[ 2022-08-31 07:52:26,798][train_tran.train_nn_models] [Validation] Epoch=114, nll=1217.9861, acc=0.1919
[ 2022-08-31 07:52:28,558][train_tran.train_nn_models] [Training] Epoch=115, loss=1213.5245, nll=1213.5245, l2_reg=0.0000, acc=0.1919
[ 2022-08-31 07:52:28,559][train_tran.train_nn_models] [Validation] Epoch=115, nll=1217.8081, acc=0.1923
[ 2022-08-31 07:52:30,355][train_tran.train_nn_models] [Training] Epoch=116, loss=1213.3154, nll=1213.3154, l2_reg=0.0000, acc=0.1921
[ 2022-08-31 07:52:30,355][train_tran.train_nn_models] [Validation] Epoch=116, nll=1217.6289, acc=0.1925
[ 2022-08-31 07:52:32,162][train_tran.train_nn_models] [Training] Epoch=117, loss=1213.1018, nll=1213.1018, l2_reg=0.0000, acc=0.1919
[ 2022-08-31 07:52:32,163][train_tran.train_nn_models] [Validation] Epoch=117, nll=1217.4469, acc=0.1933
[ 2022-08-31 07:52:33,957][train_tran.train_nn_models] [Training] Epoch=118, loss=1212.8839, nll=1212.8839, l2_reg=0.0000, acc=0.1924
[ 2022-08-31 07:52:33,957][train_tran.train_nn_models] [Validation] Epoch=118, nll=1217.2622, acc=0.1932
[ 2022-08-31 07:52:35,658][train_tran.train_nn_models] [Training] Epoch=119, loss=1212.6610, nll=1212.6610, l2_reg=0.0000, acc=0.1925
[ 2022-08-31 07:52:35,658][train_tran.train_nn_models] [Validation] Epoch=119, nll=1217.0734, acc=0.1937
[ 2022-08-31 07:52:37,419][train_tran.train_nn_models] [Training] Epoch=120, loss=1212.4320, nll=1212.4320, l2_reg=0.0000, acc=0.1929
[ 2022-08-31 07:52:37,420][train_tran.train_nn_models] [Validation] Epoch=120, nll=1216.8790, acc=0.1943
[ 2022-08-31 07:52:39,241][train_tran.train_nn_models] [Training] Epoch=121, loss=1212.1958, nll=1212.1958, l2_reg=0.0000, acc=0.1930
[ 2022-08-31 07:52:39,241][train_tran.train_nn_models] [Validation] Epoch=121, nll=1216.6810, acc=0.1946
[ 2022-08-31 07:52:41,043][train_tran.train_nn_models] [Training] Epoch=122, loss=1211.9543, nll=1211.9543, l2_reg=0.0000, acc=0.1929
[ 2022-08-31 07:52:41,043][train_tran.train_nn_models] [Validation] Epoch=122, nll=1216.4795, acc=0.1941
[ 2022-08-31 07:52:42,894][train_tran.train_nn_models] [Training] Epoch=123, loss=1211.7080, nll=1211.7080, l2_reg=0.0000, acc=0.1932
[ 2022-08-31 07:52:42,894][train_tran.train_nn_models] [Validation] Epoch=123, nll=1216.2745, acc=0.1951
[ 2022-08-31 07:52:44,674][train_tran.train_nn_models] [Training] Epoch=124, loss=1211.4562, nll=1211.4562, l2_reg=0.0000, acc=0.1936
[ 2022-08-31 07:52:44,675][train_tran.train_nn_models] [Validation] Epoch=124, nll=1216.0664, acc=0.1961
[ 2022-08-31 07:52:46,426][train_tran.train_nn_models] [Training] Epoch=125, loss=1211.1982, nll=1211.1982, l2_reg=0.0000, acc=0.1940
[ 2022-08-31 07:52:46,426][train_tran.train_nn_models] [Validation] Epoch=125, nll=1215.8541, acc=0.1958
[ 2022-08-31 07:52:48,359][train_tran.train_nn_models] [Training] Epoch=126, loss=1210.9315, nll=1210.9315, l2_reg=0.0000, acc=0.1942
[ 2022-08-31 07:52:48,359][train_tran.train_nn_models] [Validation] Epoch=126, nll=1215.6351, acc=0.1967
[ 2022-08-31 07:52:48,359][train_tran.train_nn_models] Found a better model at epoch 126.
[ 2022-08-31 07:52:50,263][train_tran.train_nn_models] [Training] Epoch=127, loss=1210.6532, nll=1210.6532, l2_reg=0.0000, acc=0.1945
[ 2022-08-31 07:52:50,264][train_tran.train_nn_models] [Validation] Epoch=127, nll=1215.4071, acc=0.1980
[ 2022-08-31 07:52:50,264][train_tran.train_nn_models] Found a better model at epoch 127.
[ 2022-08-31 07:52:52,148][train_tran.train_nn_models] [Training] Epoch=128, loss=1210.3566, nll=1210.3566, l2_reg=0.0000, acc=0.1949
[ 2022-08-31 07:52:52,148][train_tran.train_nn_models] [Validation] Epoch=128, nll=1215.1617, acc=0.1987
[ 2022-08-31 07:52:52,148][train_tran.train_nn_models] Found a better model at epoch 128.
[ 2022-08-31 07:52:53,909][train_tran.train_nn_models] [Training] Epoch=129, loss=1210.0375, nll=1210.0375, l2_reg=0.0000, acc=0.1951
[ 2022-08-31 07:52:53,909][train_tran.train_nn_models] [Validation] Epoch=129, nll=1214.8934, acc=0.1996
[ 2022-08-31 07:52:53,910][train_tran.train_nn_models] Found a better model at epoch 129.
[ 2022-08-31 07:52:55,557][train_tran.train_nn_models] [Training] Epoch=130, loss=1209.6951, nll=1209.6951, l2_reg=0.0000, acc=0.1955
[ 2022-08-31 07:52:55,558][train_tran.train_nn_models] [Validation] Epoch=130, nll=1214.5874, acc=0.2002
[ 2022-08-31 07:52:55,558][train_tran.train_nn_models] Found a better model at epoch 130.
[ 2022-08-31 07:52:57,296][train_tran.train_nn_models] [Training] Epoch=131, loss=1209.3212, nll=1209.3212, l2_reg=0.0000, acc=0.1961
[ 2022-08-31 07:52:57,297][train_tran.train_nn_models] [Validation] Epoch=131, nll=1214.2273, acc=0.2003
[ 2022-08-31 07:52:57,297][train_tran.train_nn_models] Found a better model at epoch 131.
[ 2022-08-31 07:52:59,003][train_tran.train_nn_models] [Training] Epoch=132, loss=1208.9091, nll=1208.9091, l2_reg=0.0000, acc=0.1966
[ 2022-08-31 07:52:59,003][train_tran.train_nn_models] [Validation] Epoch=132, nll=1213.8098, acc=0.2006
[ 2022-08-31 07:52:59,003][train_tran.train_nn_models] Found a better model at epoch 132.
[ 2022-08-31 07:53:00,663][train_tran.train_nn_models] [Training] Epoch=133, loss=1208.4486, nll=1208.4486, l2_reg=0.0000, acc=0.1972
[ 2022-08-31 07:53:00,663][train_tran.train_nn_models] [Validation] Epoch=133, nll=1213.3308, acc=0.2009
[ 2022-08-31 07:53:00,663][train_tran.train_nn_models] Found a better model at epoch 133.
[ 2022-08-31 07:53:02,399][train_tran.train_nn_models] [Training] Epoch=134, loss=1207.9398, nll=1207.9398, l2_reg=0.0000, acc=0.1980
[ 2022-08-31 07:53:02,399][train_tran.train_nn_models] [Validation] Epoch=134, nll=1212.8030, acc=0.2012
[ 2022-08-31 07:53:02,399][train_tran.train_nn_models] Found a better model at epoch 134.
[ 2022-08-31 07:53:04,086][train_tran.train_nn_models] [Training] Epoch=135, loss=1207.3792, nll=1207.3792, l2_reg=0.0000, acc=0.1991
[ 2022-08-31 07:53:04,087][train_tran.train_nn_models] [Validation] Epoch=135, nll=1212.2385, acc=0.2010
[ 2022-08-31 07:53:04,088][train_tran.train_nn_models] Found a better model at epoch 135.
[ 2022-08-31 07:53:05,816][train_tran.train_nn_models] [Training] Epoch=136, loss=1206.7704, nll=1206.7704, l2_reg=0.0000, acc=0.2002
[ 2022-08-31 07:53:05,817][train_tran.train_nn_models] [Validation] Epoch=136, nll=1211.6450, acc=0.2015
[ 2022-08-31 07:53:05,817][train_tran.train_nn_models] Found a better model at epoch 136.
[ 2022-08-31 07:53:07,552][train_tran.train_nn_models] [Training] Epoch=137, loss=1206.1215, nll=1206.1215, l2_reg=0.0000, acc=0.2011
[ 2022-08-31 07:53:07,552][train_tran.train_nn_models] [Validation] Epoch=137, nll=1211.0328, acc=0.2017
[ 2022-08-31 07:53:07,552][train_tran.train_nn_models] Found a better model at epoch 137.
[ 2022-08-31 07:53:09,227][train_tran.train_nn_models] [Training] Epoch=138, loss=1205.4363, nll=1205.4363, l2_reg=0.0000, acc=0.2020
[ 2022-08-31 07:53:09,227][train_tran.train_nn_models] [Validation] Epoch=138, nll=1210.4235, acc=0.2028
[ 2022-08-31 07:53:09,228][train_tran.train_nn_models] Found a better model at epoch 138.
[ 2022-08-31 07:53:10,871][train_tran.train_nn_models] [Training] Epoch=139, loss=1204.7205, nll=1204.7205, l2_reg=0.0000, acc=0.2029
[ 2022-08-31 07:53:10,872][train_tran.train_nn_models] [Validation] Epoch=139, nll=1209.7496, acc=0.2045
[ 2022-08-31 07:53:10,872][train_tran.train_nn_models] Found a better model at epoch 139.
[ 2022-08-31 07:53:12,539][train_tran.train_nn_models] [Training] Epoch=140, loss=1203.9659, nll=1203.9659, l2_reg=0.0000, acc=0.2042
[ 2022-08-31 07:53:12,539][train_tran.train_nn_models] [Validation] Epoch=140, nll=1208.9098, acc=0.2053
[ 2022-08-31 07:53:12,539][train_tran.train_nn_models] Found a better model at epoch 140.
[ 2022-08-31 07:53:14,219][train_tran.train_nn_models] [Training] Epoch=141, loss=1203.0769, nll=1203.0769, l2_reg=0.0000, acc=0.2060
[ 2022-08-31 07:53:14,220][train_tran.train_nn_models] [Validation] Epoch=141, nll=1208.0417, acc=0.2072
[ 2022-08-31 07:53:14,220][train_tran.train_nn_models] Found a better model at epoch 141.
[ 2022-08-31 07:53:15,862][train_tran.train_nn_models] [Training] Epoch=142, loss=1202.0265, nll=1202.0265, l2_reg=0.0000, acc=0.2080
[ 2022-08-31 07:53:15,862][train_tran.train_nn_models] [Validation] Epoch=142, nll=1207.1771, acc=0.2088
[ 2022-08-31 07:53:15,862][train_tran.train_nn_models] Found a better model at epoch 142.
[ 2022-08-31 07:53:17,766][train_tran.train_nn_models] [Training] Epoch=143, loss=1200.9376, nll=1200.9376, l2_reg=0.0000, acc=0.2098
[ 2022-08-31 07:53:17,766][train_tran.train_nn_models] [Validation] Epoch=143, nll=1206.1677, acc=0.2074
[ 2022-08-31 07:53:17,766][train_tran.train_nn_models] Found a better model at epoch 143.
[ 2022-08-31 07:53:19,565][train_tran.train_nn_models] [Training] Epoch=144, loss=1199.8276, nll=1199.8276, l2_reg=0.0000, acc=0.2113
[ 2022-08-31 07:53:19,565][train_tran.train_nn_models] [Validation] Epoch=144, nll=1205.1046, acc=0.2092
[ 2022-08-31 07:53:19,566][train_tran.train_nn_models] Found a better model at epoch 144.
[ 2022-08-31 07:53:21,266][train_tran.train_nn_models] [Training] Epoch=145, loss=1198.5164, nll=1198.5164, l2_reg=0.0000, acc=0.2131
[ 2022-08-31 07:53:21,267][train_tran.train_nn_models] [Validation] Epoch=145, nll=1203.9331, acc=0.2101
[ 2022-08-31 07:53:21,267][train_tran.train_nn_models] Found a better model at epoch 145.
[ 2022-08-31 07:53:22,948][train_tran.train_nn_models] [Training] Epoch=146, loss=1197.1674, nll=1197.1674, l2_reg=0.0000, acc=0.2151
[ 2022-08-31 07:53:22,949][train_tran.train_nn_models] [Validation] Epoch=146, nll=1202.7704, acc=0.2127
[ 2022-08-31 07:53:22,949][train_tran.train_nn_models] Found a better model at epoch 146.
[ 2022-08-31 07:53:24,662][train_tran.train_nn_models] [Training] Epoch=147, loss=1195.7303, nll=1195.7303, l2_reg=0.0000, acc=0.2182
[ 2022-08-31 07:53:24,663][train_tran.train_nn_models] [Validation] Epoch=147, nll=1201.7635, acc=0.2154
[ 2022-08-31 07:53:24,663][train_tran.train_nn_models] Found a better model at epoch 147.
[ 2022-08-31 07:53:26,359][train_tran.train_nn_models] [Training] Epoch=148, loss=1194.2157, nll=1194.2157, l2_reg=0.0000, acc=0.2206
[ 2022-08-31 07:53:26,360][train_tran.train_nn_models] [Validation] Epoch=148, nll=1200.9468, acc=0.2165
[ 2022-08-31 07:53:26,360][train_tran.train_nn_models] Found a better model at epoch 148.
[ 2022-08-31 07:53:28,046][train_tran.train_nn_models] [Training] Epoch=149, loss=1192.6576, nll=1192.6576, l2_reg=0.0000, acc=0.2237
[ 2022-08-31 07:53:28,047][train_tran.train_nn_models] [Validation] Epoch=149, nll=1199.9558, acc=0.2204
[ 2022-08-31 07:53:28,047][train_tran.train_nn_models] Found a better model at epoch 149.
[ 2022-08-31 07:53:29,773][train_tran.train_nn_models] [Training] Epoch=150, loss=1190.8180, nll=1190.8180, l2_reg=0.0000, acc=0.2272
[ 2022-08-31 07:53:29,774][train_tran.train_nn_models] [Validation] Epoch=150, nll=1198.4547, acc=0.2238
[ 2022-08-31 07:53:29,774][train_tran.train_nn_models] Found a better model at epoch 150.
[ 2022-08-31 07:53:31,496][train_tran.train_nn_models] [Training] Epoch=151, loss=1188.4164, nll=1188.4164, l2_reg=0.0000, acc=0.2316
[ 2022-08-31 07:53:31,497][train_tran.train_nn_models] [Validation] Epoch=151, nll=1196.8225, acc=0.2265
[ 2022-08-31 07:53:31,497][train_tran.train_nn_models] Found a better model at epoch 151.
[ 2022-08-31 07:53:33,177][train_tran.train_nn_models] [Training] Epoch=152, loss=1186.0753, nll=1186.0753, l2_reg=0.0000, acc=0.2360
[ 2022-08-31 07:53:33,177][train_tran.train_nn_models] [Validation] Epoch=152, nll=1195.7185, acc=0.2271
[ 2022-08-31 07:53:33,177][train_tran.train_nn_models] Found a better model at epoch 152.
[ 2022-08-31 07:53:34,925][train_tran.train_nn_models] [Training] Epoch=153, loss=1183.8636, nll=1183.8636, l2_reg=0.0000, acc=0.2415
[ 2022-08-31 07:53:34,925][train_tran.train_nn_models] [Validation] Epoch=153, nll=1195.6005, acc=0.2285
[ 2022-08-31 07:53:34,925][train_tran.train_nn_models] Found a better model at epoch 153.
[ 2022-08-31 07:53:36,643][train_tran.train_nn_models] [Training] Epoch=154, loss=1182.3000, nll=1182.3000, l2_reg=0.0000, acc=0.2454
[ 2022-08-31 07:53:36,643][train_tran.train_nn_models] [Validation] Epoch=154, nll=1191.1429, acc=0.2347
[ 2022-08-31 07:53:36,643][train_tran.train_nn_models] Found a better model at epoch 154.
[ 2022-08-31 07:53:38,394][train_tran.train_nn_models] [Training] Epoch=155, loss=1176.8943, nll=1176.8943, l2_reg=0.0000, acc=0.2523
[ 2022-08-31 07:53:38,395][train_tran.train_nn_models] [Validation] Epoch=155, nll=1186.1963, acc=0.2411
[ 2022-08-31 07:53:38,395][train_tran.train_nn_models] Found a better model at epoch 155.
[ 2022-08-31 07:53:40,141][train_tran.train_nn_models] [Training] Epoch=156, loss=1171.6268, nll=1171.6268, l2_reg=0.0000, acc=0.2643
[ 2022-08-31 07:53:40,142][train_tran.train_nn_models] [Validation] Epoch=156, nll=1191.0750, acc=0.2404
[ 2022-08-31 07:53:41,826][train_tran.train_nn_models] [Training] Epoch=157, loss=1173.3218, nll=1173.3218, l2_reg=0.0000, acc=0.2665
[ 2022-08-31 07:53:41,826][train_tran.train_nn_models] [Validation] Epoch=157, nll=1186.0353, acc=0.2458
[ 2022-08-31 07:53:41,826][train_tran.train_nn_models] Found a better model at epoch 157.
[ 2022-08-31 07:53:43,530][train_tran.train_nn_models] [Training] Epoch=158, loss=1167.5303, nll=1167.5303, l2_reg=0.0000, acc=0.2777
[ 2022-08-31 07:53:43,531][train_tran.train_nn_models] [Validation] Epoch=158, nll=1181.6196, acc=0.2723
[ 2022-08-31 07:53:43,531][train_tran.train_nn_models] Found a better model at epoch 158.
[ 2022-08-31 07:53:45,263][train_tran.train_nn_models] [Training] Epoch=159, loss=1160.3164, nll=1160.3164, l2_reg=0.0000, acc=0.2947
[ 2022-08-31 07:53:45,264][train_tran.train_nn_models] [Validation] Epoch=159, nll=1175.3180, acc=0.2742
[ 2022-08-31 07:53:45,264][train_tran.train_nn_models] Found a better model at epoch 159.
[ 2022-08-31 07:53:46,994][train_tran.train_nn_models] [Training] Epoch=160, loss=1153.0602, nll=1153.0602, l2_reg=0.0000, acc=0.3088
[ 2022-08-31 07:53:46,995][train_tran.train_nn_models] [Validation] Epoch=160, nll=1177.1127, acc=0.2784
[ 2022-08-31 07:53:48,798][train_tran.train_nn_models] [Training] Epoch=161, loss=1190.9171, nll=1190.9171, l2_reg=0.0000, acc=0.2931
[ 2022-08-31 07:53:48,798][train_tran.train_nn_models] [Validation] Epoch=161, nll=1194.5562, acc=0.2655
[ 2022-08-31 07:53:50,507][train_tran.train_nn_models] [Training] Epoch=162, loss=1173.8242, nll=1173.8242, l2_reg=0.0000, acc=0.2896
[ 2022-08-31 07:53:50,508][train_tran.train_nn_models] [Validation] Epoch=162, nll=1185.7830, acc=0.2709
[ 2022-08-31 07:53:52,214][train_tran.train_nn_models] [Training] Epoch=163, loss=1159.5037, nll=1159.5037, l2_reg=0.0000, acc=0.3166
[ 2022-08-31 07:53:52,214][train_tran.train_nn_models] [Validation] Epoch=163, nll=1174.9889, acc=0.2959
[ 2022-08-31 07:53:52,214][train_tran.train_nn_models] Found a better model at epoch 163.
[ 2022-08-31 07:53:53,819][train_tran.train_nn_models] [Training] Epoch=164, loss=1148.4750, nll=1148.4750, l2_reg=0.0000, acc=0.3428
[ 2022-08-31 07:53:53,819][train_tran.train_nn_models] [Validation] Epoch=164, nll=3690.2861, acc=0.2692
[ 2022-08-31 07:53:55,490][train_tran.train_nn_models] [Training] Epoch=165, loss=1504.2488, nll=1504.2488, l2_reg=0.0000, acc=0.2605
[ 2022-08-31 07:53:55,491][train_tran.train_nn_models] [Validation] Epoch=165, nll=1221.9351, acc=0.2305
[ 2022-08-31 07:53:57,187][train_tran.train_nn_models] [Training] Epoch=166, loss=1213.1029, nll=1213.1029, l2_reg=0.0000, acc=0.2200
[ 2022-08-31 07:53:57,187][train_tran.train_nn_models] [Validation] Epoch=166, nll=1212.0853, acc=0.2226
[ 2022-08-31 07:53:58,929][train_tran.train_nn_models] [Training] Epoch=167, loss=1200.7655, nll=1200.7655, l2_reg=0.0000, acc=0.2398
[ 2022-08-31 07:53:58,930][train_tran.train_nn_models] [Validation] Epoch=167, nll=1206.9905, acc=0.2365
[ 2022-08-31 07:54:00,602][train_tran.train_nn_models] [Training] Epoch=168, loss=1195.1842, nll=1195.1842, l2_reg=0.0000, acc=0.2485
[ 2022-08-31 07:54:00,602][train_tran.train_nn_models] [Validation] Epoch=168, nll=1202.2571, acc=0.2419
[ 2022-08-31 07:54:02,304][train_tran.train_nn_models] [Training] Epoch=169, loss=1190.7693, nll=1190.7693, l2_reg=0.0000, acc=0.2533
[ 2022-08-31 07:54:02,305][train_tran.train_nn_models] [Validation] Epoch=169, nll=1199.1309, acc=0.2450
[ 2022-08-31 07:54:03,984][train_tran.train_nn_models] [Training] Epoch=170, loss=1186.6509, nll=1186.6509, l2_reg=0.0000, acc=0.2616
[ 2022-08-31 07:54:03,985][train_tran.train_nn_models] [Validation] Epoch=170, nll=1196.2477, acc=0.2490
[ 2022-08-31 07:54:05,713][train_tran.train_nn_models] [Training] Epoch=171, loss=1182.3795, nll=1182.3795, l2_reg=0.0000, acc=0.2704
[ 2022-08-31 07:54:05,714][train_tran.train_nn_models] [Validation] Epoch=171, nll=1193.2428, acc=0.2537
[ 2022-08-31 07:54:07,396][train_tran.train_nn_models] [Training] Epoch=172, loss=1177.9854, nll=1177.9854, l2_reg=0.0000, acc=0.2777
[ 2022-08-31 07:54:07,396][train_tran.train_nn_models] [Validation] Epoch=172, nll=1189.8486, acc=0.2597
[ 2022-08-31 07:54:09,029][train_tran.train_nn_models] [Training] Epoch=173, loss=1173.1305, nll=1173.1305, l2_reg=0.0000, acc=0.2856
[ 2022-08-31 07:54:09,029][train_tran.train_nn_models] [Validation] Epoch=173, nll=1185.8538, acc=0.2629
[ 2022-08-31 07:54:10,725][train_tran.train_nn_models] [Training] Epoch=174, loss=1167.2385, nll=1167.2385, l2_reg=0.0000, acc=0.2948
[ 2022-08-31 07:54:10,725][train_tran.train_nn_models] [Validation] Epoch=174, nll=1183.1996, acc=0.2660
[ 2022-08-31 07:54:12,581][train_tran.train_nn_models] [Training] Epoch=175, loss=1161.1211, nll=1161.1211, l2_reg=0.0000, acc=0.3057
[ 2022-08-31 07:54:12,582][train_tran.train_nn_models] [Validation] Epoch=175, nll=1181.2144, acc=0.2714
[ 2022-08-31 07:54:14,390][train_tran.train_nn_models] [Training] Epoch=176, loss=1155.1860, nll=1155.1860, l2_reg=0.0000, acc=0.3181
[ 2022-08-31 07:54:14,391][train_tran.train_nn_models] [Validation] Epoch=176, nll=1177.9735, acc=0.2799
[ 2022-08-31 07:54:16,301][train_tran.train_nn_models] [Training] Epoch=177, loss=1149.8925, nll=1149.8925, l2_reg=0.0000, acc=0.3290
[ 2022-08-31 07:54:16,302][train_tran.train_nn_models] [Validation] Epoch=177, nll=1175.0353, acc=0.2904
[ 2022-08-31 07:54:18,183][train_tran.train_nn_models] [Training] Epoch=178, loss=1143.7316, nll=1143.7316, l2_reg=0.0000, acc=0.3398
[ 2022-08-31 07:54:18,184][train_tran.train_nn_models] [Validation] Epoch=178, nll=1168.5967, acc=0.2998
[ 2022-08-31 07:54:18,184][train_tran.train_nn_models] Found a better model at epoch 178.
[ 2022-08-31 07:54:20,126][train_tran.train_nn_models] [Training] Epoch=179, loss=1136.5861, nll=1136.5861, l2_reg=0.0000, acc=0.3542
[ 2022-08-31 07:54:20,126][train_tran.train_nn_models] [Validation] Epoch=179, nll=1162.2130, acc=0.3157
[ 2022-08-31 07:54:20,126][train_tran.train_nn_models] Found a better model at epoch 179.
[ 2022-08-31 07:54:22,090][train_tran.train_nn_models] [Training] Epoch=180, loss=1129.3984, nll=1129.3984, l2_reg=0.0000, acc=0.3678
[ 2022-08-31 07:54:22,091][train_tran.train_nn_models] [Validation] Epoch=180, nll=1157.2621, acc=0.3265
[ 2022-08-31 07:54:22,091][train_tran.train_nn_models] Found a better model at epoch 180.
[ 2022-08-31 07:54:24,060][train_tran.train_nn_models] [Training] Epoch=181, loss=1122.3406, nll=1122.3406, l2_reg=0.0000, acc=0.3814
[ 2022-08-31 07:54:24,061][train_tran.train_nn_models] [Validation] Epoch=181, nll=1153.3198, acc=0.3391
[ 2022-08-31 07:54:24,061][train_tran.train_nn_models] Found a better model at epoch 181.
[ 2022-08-31 07:54:25,983][train_tran.train_nn_models] [Training] Epoch=182, loss=1118.6066, nll=1118.6066, l2_reg=0.0000, acc=0.3893
[ 2022-08-31 07:54:25,984][train_tran.train_nn_models] [Validation] Epoch=182, nll=1150.1327, acc=0.3445
[ 2022-08-31 07:54:25,984][train_tran.train_nn_models] Found a better model at epoch 182.
[ 2022-08-31 07:54:27,953][train_tran.train_nn_models] [Training] Epoch=183, loss=1107.3386, nll=1107.3386, l2_reg=0.0000, acc=0.4094
[ 2022-08-31 07:54:27,953][train_tran.train_nn_models] [Validation] Epoch=183, nll=1141.0363, acc=0.3618
[ 2022-08-31 07:54:27,953][train_tran.train_nn_models] Found a better model at epoch 183.
[ 2022-08-31 07:54:30,049][train_tran.train_nn_models] [Training] Epoch=184, loss=1101.3689, nll=1101.3689, l2_reg=0.0000, acc=0.4137
[ 2022-08-31 07:54:30,050][train_tran.train_nn_models] [Validation] Epoch=184, nll=1147.7140, acc=0.3502
[ 2022-08-31 07:54:32,066][train_tran.train_nn_models] [Training] Epoch=185, loss=1124.5303, nll=1124.5303, l2_reg=0.0000, acc=0.3780
[ 2022-08-31 07:54:32,067][train_tran.train_nn_models] [Validation] Epoch=185, nll=1149.9979, acc=0.3271
[ 2022-08-31 07:54:33,986][train_tran.train_nn_models] [Training] Epoch=186, loss=1104.4470, nll=1104.4470, l2_reg=0.0000, acc=0.3964
[ 2022-08-31 07:54:33,987][train_tran.train_nn_models] [Validation] Epoch=186, nll=1163.4655, acc=0.3201
[ 2022-08-31 07:54:36,021][train_tran.train_nn_models] [Training] Epoch=187, loss=1098.6841, nll=1098.6841, l2_reg=0.0000, acc=0.4136
[ 2022-08-31 07:54:36,021][train_tran.train_nn_models] [Validation] Epoch=187, nll=1139.8667, acc=0.3516
[ 2022-08-31 07:54:36,021][train_tran.train_nn_models] Found a better model at epoch 187.
[ 2022-08-31 07:54:38,008][train_tran.train_nn_models] [Training] Epoch=188, loss=1095.9290, nll=1095.9290, l2_reg=0.0000, acc=0.4140
[ 2022-08-31 07:54:38,009][train_tran.train_nn_models] [Validation] Epoch=188, nll=1142.4741, acc=0.3511
[ 2022-08-31 07:54:40,079][train_tran.train_nn_models] [Training] Epoch=189, loss=1084.5632, nll=1084.5632, l2_reg=0.0000, acc=0.4389
[ 2022-08-31 07:54:40,079][train_tran.train_nn_models] [Validation] Epoch=189, nll=1135.6652, acc=0.3650
[ 2022-08-31 07:54:40,079][train_tran.train_nn_models] Found a better model at epoch 189.
[ 2022-08-31 07:54:42,166][train_tran.train_nn_models] [Training] Epoch=190, loss=1068.7578, nll=1068.7578, l2_reg=0.0000, acc=0.4675
[ 2022-08-31 07:54:42,167][train_tran.train_nn_models] [Validation] Epoch=190, nll=1121.3054, acc=0.3841
[ 2022-08-31 07:54:42,167][train_tran.train_nn_models] Found a better model at epoch 190.
[ 2022-08-31 07:54:44,139][train_tran.train_nn_models] [Training] Epoch=191, loss=1066.9094, nll=1066.9094, l2_reg=0.0000, acc=0.4665
[ 2022-08-31 07:54:44,140][train_tran.train_nn_models] [Validation] Epoch=191, nll=1140.1155, acc=0.3663
[ 2022-08-31 07:54:46,215][train_tran.train_nn_models] [Training] Epoch=192, loss=1065.3679, nll=1065.3679, l2_reg=0.0000, acc=0.4704
[ 2022-08-31 07:54:46,216][train_tran.train_nn_models] [Validation] Epoch=192, nll=1111.3013, acc=0.3956
[ 2022-08-31 07:54:46,216][train_tran.train_nn_models] Found a better model at epoch 192.
[ 2022-08-31 07:54:48,280][train_tran.train_nn_models] [Training] Epoch=193, loss=1038.4637, nll=1038.4637, l2_reg=0.0000, acc=0.4990
[ 2022-08-31 07:54:48,281][train_tran.train_nn_models] [Validation] Epoch=193, nll=1110.1703, acc=0.4028
[ 2022-08-31 07:54:48,281][train_tran.train_nn_models] Found a better model at epoch 193.
[ 2022-08-31 07:54:50,458][train_tran.train_nn_models] [Training] Epoch=194, loss=1058.5437, nll=1058.5437, l2_reg=0.0000, acc=0.4800
[ 2022-08-31 07:54:50,458][train_tran.train_nn_models] [Validation] Epoch=194, nll=1123.3221, acc=0.3832
[ 2022-08-31 07:54:52,510][train_tran.train_nn_models] [Training] Epoch=195, loss=1044.9307, nll=1044.9307, l2_reg=0.0000, acc=0.4836
[ 2022-08-31 07:54:52,510][train_tran.train_nn_models] [Validation] Epoch=195, nll=1104.2020, acc=0.4113
[ 2022-08-31 07:54:52,510][train_tran.train_nn_models] Found a better model at epoch 195.
[ 2022-08-31 07:54:54,622][train_tran.train_nn_models] [Training] Epoch=196, loss=1050.0646, nll=1050.0646, l2_reg=0.0000, acc=0.4901
[ 2022-08-31 07:54:54,622][train_tran.train_nn_models] [Validation] Epoch=196, nll=1116.3862, acc=0.3817
[ 2022-08-31 07:54:56,708][train_tran.train_nn_models] [Training] Epoch=197, loss=1033.7175, nll=1033.7175, l2_reg=0.0000, acc=0.5024
[ 2022-08-31 07:54:56,709][train_tran.train_nn_models] [Validation] Epoch=197, nll=1097.3754, acc=0.4141
[ 2022-08-31 07:54:56,709][train_tran.train_nn_models] Found a better model at epoch 197.
[ 2022-08-31 07:54:58,819][train_tran.train_nn_models] [Training] Epoch=198, loss=1013.3181, nll=1013.3181, l2_reg=0.0000, acc=0.5208
[ 2022-08-31 07:54:58,820][train_tran.train_nn_models] [Validation] Epoch=198, nll=1089.6578, acc=0.4168
[ 2022-08-31 07:54:58,820][train_tran.train_nn_models] Found a better model at epoch 198.
[ 2022-08-31 07:55:00,890][train_tran.train_nn_models] [Training] Epoch=199, loss=1021.1437, nll=1021.1437, l2_reg=0.0000, acc=0.5197
[ 2022-08-31 07:55:00,891][train_tran.train_nn_models] [Validation] Epoch=199, nll=1089.6403, acc=0.4278
[ 2022-08-31 07:55:00,891][train_tran.train_nn_models] Found a better model at epoch 199.
[ 2022-08-31 07:55:03,029][train_tran.train_nn_models] [Training] Epoch=200, loss=1017.5604, nll=1017.5604, l2_reg=0.0000, acc=0.5260
[ 2022-08-31 07:55:03,029][train_tran.train_nn_models] [Validation] Epoch=200, nll=1102.8586, acc=0.4104
[ 2022-08-31 07:55:05,090][train_tran.train_nn_models] [Training] Epoch=201, loss=1033.7531, nll=1033.7531, l2_reg=0.0000, acc=0.5021
[ 2022-08-31 07:55:05,090][train_tran.train_nn_models] [Validation] Epoch=201, nll=1080.2731, acc=0.4403
[ 2022-08-31 07:55:05,091][train_tran.train_nn_models] Found a better model at epoch 201.
[ 2022-08-31 07:55:07,023][train_tran.train_nn_models] [Training] Epoch=202, loss=997.0527, nll=997.0527, l2_reg=0.0000, acc=0.5421
[ 2022-08-31 07:55:07,023][train_tran.train_nn_models] [Validation] Epoch=202, nll=1070.0197, acc=0.4478
[ 2022-08-31 07:55:07,023][train_tran.train_nn_models] Found a better model at epoch 202.
[ 2022-08-31 07:55:09,139][train_tran.train_nn_models] [Training] Epoch=203, loss=981.0098, nll=981.0098, l2_reg=0.0000, acc=0.5589
[ 2022-08-31 07:55:09,140][train_tran.train_nn_models] [Validation] Epoch=203, nll=1072.8523, acc=0.4468
[ 2022-08-31 07:55:11,235][train_tran.train_nn_models] [Training] Epoch=204, loss=996.4513, nll=996.4513, l2_reg=0.0000, acc=0.5492
[ 2022-08-31 07:55:11,235][train_tran.train_nn_models] [Validation] Epoch=204, nll=1071.4061, acc=0.4447
[ 2022-08-31 07:55:13,244][train_tran.train_nn_models] [Training] Epoch=205, loss=989.1891, nll=989.1891, l2_reg=0.0000, acc=0.5466
[ 2022-08-31 07:55:13,244][train_tran.train_nn_models] [Validation] Epoch=205, nll=1080.5331, acc=0.4415
[ 2022-08-31 07:55:15,308][train_tran.train_nn_models] [Training] Epoch=206, loss=1011.6038, nll=1011.6038, l2_reg=0.0000, acc=0.5303
[ 2022-08-31 07:55:15,308][train_tran.train_nn_models] [Validation] Epoch=206, nll=1078.0874, acc=0.4335
[ 2022-08-31 07:55:17,371][train_tran.train_nn_models] [Training] Epoch=207, loss=977.0519, nll=977.0519, l2_reg=0.0000, acc=0.5575
[ 2022-08-31 07:55:17,371][train_tran.train_nn_models] [Validation] Epoch=207, nll=1062.4886, acc=0.4516
[ 2022-08-31 07:55:17,371][train_tran.train_nn_models] Found a better model at epoch 207.
[ 2022-08-31 07:55:19,365][train_tran.train_nn_models] [Training] Epoch=208, loss=973.3181, nll=973.3181, l2_reg=0.0000, acc=0.5535
[ 2022-08-31 07:55:19,366][train_tran.train_nn_models] [Validation] Epoch=208, nll=1068.6960, acc=0.4349
[ 2022-08-31 07:55:21,345][train_tran.train_nn_models] [Training] Epoch=209, loss=967.5795, nll=967.5795, l2_reg=0.0000, acc=0.5573
[ 2022-08-31 07:55:21,346][train_tran.train_nn_models] [Validation] Epoch=209, nll=1082.6017, acc=0.4314
[ 2022-08-31 07:55:23,385][train_tran.train_nn_models] [Training] Epoch=210, loss=1020.4534, nll=1020.4534, l2_reg=0.0000, acc=0.5346
[ 2022-08-31 07:55:23,386][train_tran.train_nn_models] [Validation] Epoch=210, nll=1117.4821, acc=0.3938
[ 2022-08-31 07:55:25,448][train_tran.train_nn_models] [Training] Epoch=211, loss=1012.8019, nll=1012.8019, l2_reg=0.0000, acc=0.5373
[ 2022-08-31 07:55:25,448][train_tran.train_nn_models] [Validation] Epoch=211, nll=1076.1980, acc=0.4340
[ 2022-08-31 07:55:27,508][train_tran.train_nn_models] [Training] Epoch=212, loss=974.7474, nll=974.7474, l2_reg=0.0000, acc=0.5634
[ 2022-08-31 07:55:27,508][train_tran.train_nn_models] [Validation] Epoch=212, nll=1061.1138, acc=0.4491
[ 2022-08-31 07:55:27,508][train_tran.train_nn_models] Found a better model at epoch 212.
[ 2022-08-31 07:55:29,595][train_tran.train_nn_models] [Training] Epoch=213, loss=960.9763, nll=960.9763, l2_reg=0.0000, acc=0.5681
[ 2022-08-31 07:55:29,595][train_tran.train_nn_models] [Validation] Epoch=213, nll=1050.0518, acc=0.4635
[ 2022-08-31 07:55:29,595][train_tran.train_nn_models] Found a better model at epoch 213.
[ 2022-08-31 07:55:31,584][train_tran.train_nn_models] [Training] Epoch=214, loss=947.4183, nll=947.4183, l2_reg=0.0000, acc=0.5819
[ 2022-08-31 07:55:31,584][train_tran.train_nn_models] [Validation] Epoch=214, nll=1053.0718, acc=0.4573
[ 2022-08-31 07:55:33,697][train_tran.train_nn_models] [Training] Epoch=215, loss=940.6584, nll=940.6584, l2_reg=0.0000, acc=0.5809
[ 2022-08-31 07:55:33,697][train_tran.train_nn_models] [Validation] Epoch=215, nll=1041.8621, acc=0.4673
[ 2022-08-31 07:55:33,697][train_tran.train_nn_models] Found a better model at epoch 215.
[ 2022-08-31 07:55:35,854][train_tran.train_nn_models] [Training] Epoch=216, loss=943.9033, nll=943.9033, l2_reg=0.0000, acc=0.5852
[ 2022-08-31 07:55:35,855][train_tran.train_nn_models] [Validation] Epoch=216, nll=1062.7896, acc=0.4631
[ 2022-08-31 07:55:37,957][train_tran.train_nn_models] [Training] Epoch=217, loss=971.2776, nll=971.2776, l2_reg=0.0000, acc=0.5667
[ 2022-08-31 07:55:37,958][train_tran.train_nn_models] [Validation] Epoch=217, nll=1080.0090, acc=0.4267
[ 2022-08-31 07:55:40,061][train_tran.train_nn_models] [Training] Epoch=218, loss=953.6648, nll=953.6648, l2_reg=0.0000, acc=0.5735
[ 2022-08-31 07:55:40,061][train_tran.train_nn_models] [Validation] Epoch=218, nll=1041.3903, acc=0.4654
[ 2022-08-31 07:55:40,061][train_tran.train_nn_models] Found a better model at epoch 218.
[ 2022-08-31 07:55:42,145][train_tran.train_nn_models] [Training] Epoch=219, loss=925.5136, nll=925.5136, l2_reg=0.0000, acc=0.6003
[ 2022-08-31 07:55:42,145][train_tran.train_nn_models] [Validation] Epoch=219, nll=1044.1251, acc=0.4722
[ 2022-08-31 07:55:44,074][train_tran.train_nn_models] [Training] Epoch=220, loss=930.9713, nll=930.9713, l2_reg=0.0000, acc=0.5976
[ 2022-08-31 07:55:44,074][train_tran.train_nn_models] [Validation] Epoch=220, nll=1050.7715, acc=0.4524
[ 2022-08-31 07:55:46,033][train_tran.train_nn_models] [Training] Epoch=221, loss=935.2902, nll=935.2902, l2_reg=0.0000, acc=0.5928
[ 2022-08-31 07:55:46,033][train_tran.train_nn_models] [Validation] Epoch=221, nll=1032.5221, acc=0.4810
[ 2022-08-31 07:55:46,033][train_tran.train_nn_models] Found a better model at epoch 221.
[ 2022-08-31 07:55:48,089][train_tran.train_nn_models] [Training] Epoch=222, loss=920.2937, nll=920.2937, l2_reg=0.0000, acc=0.6051
[ 2022-08-31 07:55:48,089][train_tran.train_nn_models] [Validation] Epoch=222, nll=1040.3114, acc=0.4736
[ 2022-08-31 07:55:50,143][train_tran.train_nn_models] [Training] Epoch=223, loss=967.9778, nll=967.9778, l2_reg=0.0000, acc=0.5734
[ 2022-08-31 07:55:50,144][train_tran.train_nn_models] [Validation] Epoch=223, nll=1070.8894, acc=0.4372
[ 2022-08-31 07:55:52,201][train_tran.train_nn_models] [Training] Epoch=224, loss=939.5649, nll=939.5649, l2_reg=0.0000, acc=0.5893
[ 2022-08-31 07:55:52,201][train_tran.train_nn_models] [Validation] Epoch=224, nll=1028.9106, acc=0.4852
[ 2022-08-31 07:55:52,201][train_tran.train_nn_models] Found a better model at epoch 224.
[ 2022-08-31 07:55:54,259][train_tran.train_nn_models] [Training] Epoch=225, loss=910.0950, nll=910.0950, l2_reg=0.0000, acc=0.6164
[ 2022-08-31 07:55:54,259][train_tran.train_nn_models] [Validation] Epoch=225, nll=1027.3541, acc=0.4837
[ 2022-08-31 07:55:54,259][train_tran.train_nn_models] Found a better model at epoch 225.
[ 2022-08-31 07:55:56,276][train_tran.train_nn_models] [Training] Epoch=226, loss=907.4678, nll=907.4678, l2_reg=0.0000, acc=0.6156
[ 2022-08-31 07:55:56,277][train_tran.train_nn_models] [Validation] Epoch=226, nll=1052.2823, acc=0.4665
[ 2022-08-31 07:55:58,299][train_tran.train_nn_models] [Training] Epoch=227, loss=959.3335, nll=959.3335, l2_reg=0.0000, acc=0.5833
[ 2022-08-31 07:55:58,300][train_tran.train_nn_models] [Validation] Epoch=227, nll=1059.7092, acc=0.4689
[ 2022-08-31 07:56:00,353][train_tran.train_nn_models] [Training] Epoch=228, loss=924.2172, nll=924.2172, l2_reg=0.0000, acc=0.6089
[ 2022-08-31 07:56:00,354][train_tran.train_nn_models] [Validation] Epoch=228, nll=1021.2949, acc=0.4972
[ 2022-08-31 07:56:00,354][train_tran.train_nn_models] Found a better model at epoch 228.
[ 2022-08-31 07:56:02,338][train_tran.train_nn_models] [Training] Epoch=229, loss=897.9418, nll=897.9418, l2_reg=0.0000, acc=0.6258
[ 2022-08-31 07:56:02,338][train_tran.train_nn_models] [Validation] Epoch=229, nll=1036.8281, acc=0.4772
[ 2022-08-31 07:56:04,286][train_tran.train_nn_models] [Training] Epoch=230, loss=899.8171, nll=899.8171, l2_reg=0.0000, acc=0.6238
[ 2022-08-31 07:56:04,286][train_tran.train_nn_models] [Validation] Epoch=230, nll=1018.3712, acc=0.4922
[ 2022-08-31 07:56:04,286][train_tran.train_nn_models] Found a better model at epoch 230.
[ 2022-08-31 07:56:06,403][train_tran.train_nn_models] [Training] Epoch=231, loss=894.3746, nll=894.3746, l2_reg=0.0000, acc=0.6290
[ 2022-08-31 07:56:06,404][train_tran.train_nn_models] [Validation] Epoch=231, nll=1021.7737, acc=0.4948
[ 2022-08-31 07:56:08,432][train_tran.train_nn_models] [Training] Epoch=232, loss=905.3978, nll=905.3978, l2_reg=0.0000, acc=0.6190
[ 2022-08-31 07:56:08,433][train_tran.train_nn_models] [Validation] Epoch=232, nll=1025.3894, acc=0.4864
[ 2022-08-31 07:56:10,444][train_tran.train_nn_models] [Training] Epoch=233, loss=883.4295, nll=883.4295, l2_reg=0.0000, acc=0.6383
[ 2022-08-31 07:56:10,445][train_tran.train_nn_models] [Validation] Epoch=233, nll=1023.3527, acc=0.4845
[ 2022-08-31 07:56:12,488][train_tran.train_nn_models] [Training] Epoch=234, loss=884.8021, nll=884.8021, l2_reg=0.0000, acc=0.6340
[ 2022-08-31 07:56:12,489][train_tran.train_nn_models] [Validation] Epoch=234, nll=1018.0477, acc=0.4908
[ 2022-08-31 07:56:12,489][train_tran.train_nn_models] Found a better model at epoch 234.
[ 2022-08-31 07:56:14,502][train_tran.train_nn_models] [Training] Epoch=235, loss=872.3923, nll=872.3923, l2_reg=0.0000, acc=0.6439
[ 2022-08-31 07:56:14,503][train_tran.train_nn_models] [Validation] Epoch=235, nll=1022.8265, acc=0.4817
[ 2022-08-31 07:56:16,556][train_tran.train_nn_models] [Training] Epoch=236, loss=876.1978, nll=876.1978, l2_reg=0.0000, acc=0.6387
[ 2022-08-31 07:56:16,556][train_tran.train_nn_models] [Validation] Epoch=236, nll=1025.7695, acc=0.4812
[ 2022-08-31 07:56:18,607][train_tran.train_nn_models] [Training] Epoch=237, loss=900.5996, nll=900.5996, l2_reg=0.0000, acc=0.6240
[ 2022-08-31 07:56:18,608][train_tran.train_nn_models] [Validation] Epoch=237, nll=1010.2063, acc=0.5042
[ 2022-08-31 07:56:18,608][train_tran.train_nn_models] Found a better model at epoch 237.
[ 2022-08-31 07:56:20,679][train_tran.train_nn_models] [Training] Epoch=238, loss=864.3264, nll=864.3264, l2_reg=0.0000, acc=0.6546
[ 2022-08-31 07:56:20,679][train_tran.train_nn_models] [Validation] Epoch=238, nll=1011.3310, acc=0.4950
[ 2022-08-31 07:56:22,693][train_tran.train_nn_models] [Training] Epoch=239, loss=851.5361, nll=851.5361, l2_reg=0.0000, acc=0.6661
[ 2022-08-31 07:56:22,694][train_tran.train_nn_models] [Validation] Epoch=239, nll=1009.2112, acc=0.5035
[ 2022-08-31 07:56:22,694][train_tran.train_nn_models] Found a better model at epoch 239.
[ 2022-08-31 07:56:24,669][train_tran.train_nn_models] [Training] Epoch=240, loss=865.1168, nll=865.1168, l2_reg=0.0000, acc=0.6570
[ 2022-08-31 07:56:24,669][train_tran.train_nn_models] [Validation] Epoch=240, nll=1003.6331, acc=0.5121
[ 2022-08-31 07:56:24,670][train_tran.train_nn_models] Found a better model at epoch 240.
[ 2022-08-31 07:56:26,598][train_tran.train_nn_models] [Training] Epoch=241, loss=929.0574, nll=929.0574, l2_reg=0.0000, acc=0.6174
[ 2022-08-31 07:56:26,598][train_tran.train_nn_models] [Validation] Epoch=241, nll=1043.8645, acc=0.4806
[ 2022-08-31 07:56:28,568][train_tran.train_nn_models] [Training] Epoch=242, loss=896.3541, nll=896.3541, l2_reg=0.0000, acc=0.6321
[ 2022-08-31 07:56:28,569][train_tran.train_nn_models] [Validation] Epoch=242, nll=1046.9877, acc=0.4847
[ 2022-08-31 07:56:30,514][train_tran.train_nn_models] [Training] Epoch=243, loss=900.9321, nll=900.9321, l2_reg=0.0000, acc=0.6306
[ 2022-08-31 07:56:30,515][train_tran.train_nn_models] [Validation] Epoch=243, nll=1015.0964, acc=0.5066
[ 2022-08-31 07:56:32,568][train_tran.train_nn_models] [Training] Epoch=244, loss=888.8247, nll=888.8247, l2_reg=0.0000, acc=0.6411
[ 2022-08-31 07:56:32,568][train_tran.train_nn_models] [Validation] Epoch=244, nll=1027.9827, acc=0.4886
[ 2022-08-31 07:56:34,501][train_tran.train_nn_models] [Training] Epoch=245, loss=873.6736, nll=873.6736, l2_reg=0.0000, acc=0.6546
[ 2022-08-31 07:56:34,502][train_tran.train_nn_models] [Validation] Epoch=245, nll=1003.7366, acc=0.5132
[ 2022-08-31 07:56:36,516][train_tran.train_nn_models] [Training] Epoch=246, loss=845.4814, nll=845.4814, l2_reg=0.0000, acc=0.6778
[ 2022-08-31 07:56:36,517][train_tran.train_nn_models] [Validation] Epoch=246, nll=1006.4029, acc=0.5065
[ 2022-08-31 07:56:38,542][train_tran.train_nn_models] [Training] Epoch=247, loss=845.0032, nll=845.0032, l2_reg=0.0000, acc=0.6782
[ 2022-08-31 07:56:38,543][train_tran.train_nn_models] [Validation] Epoch=247, nll=1003.9363, acc=0.5167
[ 2022-08-31 07:56:40,442][train_tran.train_nn_models] [Training] Epoch=248, loss=836.6171, nll=836.6171, l2_reg=0.0000, acc=0.6853
[ 2022-08-31 07:56:40,443][train_tran.train_nn_models] [Validation] Epoch=248, nll=998.8918, acc=0.5220
[ 2022-08-31 07:56:40,443][train_tran.train_nn_models] Found a better model at epoch 248.
[ 2022-08-31 07:56:42,310][train_tran.train_nn_models] [Training] Epoch=249, loss=829.5705, nll=829.5705, l2_reg=0.0000, acc=0.6913
[ 2022-08-31 07:56:42,310][train_tran.train_nn_models] [Validation] Epoch=249, nll=1005.0547, acc=0.5123
[ 2022-08-31 07:56:42,521][train_tran.eval_nll] [Test]nll=1115.0470, acc=0.4079
[ 2022-08-31 08:14:32,492][train_tran.<module>]                    timestamp  ...                                             config
0 2022-08-31 08:14:32.472155  ...  {'model': 'Tran', 'dataset': 'pgem-1K-15', 'in...
1 2022-08-31 08:14:32.472155  ...  {'model': 'Tran', 'dataset': 'pgem-1K-15', 'in...
2 2022-08-31 08:14:32.472155  ...  {'model': 'Tran', 'dataset': 'pgem-1K-15', 'in...
3 2022-08-31 08:14:32.472155  ...  {'model': 'Tran', 'dataset': 'pgem-1K-15', 'in...
4 2022-08-31 08:14:32.472155  ...  {'model': 'Tran', 'dataset': 'pgem-1K-15', 'in...
5 2022-08-31 08:14:32.472155  ...  {'model': 'Tran', 'dataset': 'pgem-1K-15', 'in...

[6 rows x 7 columns]
