[ 2022-08-31 14:16:47,989][train_tran.<module>] Namespace(attr_batch_size=0, basis_type='dyadic', batch_size=64, bucket_seqs=False, cuda=True, dataset='mhp-1K-10', dropout=0.0, embedding_dim=64, epochs=250, hidden_size=64, input_dir='data/input', l2_reg=0, lr=0.0008, max_mean=100, model='Tran', n_bases=7, num_workers=0, occurred_type_only=False, optimizer='Adam', output_dir='data/output', rand_seed=1, skip_eval_infectivity=False, skip_pred_next_event=False, split_id=3, steps=50, tran_head=1, tran_layer=2, tune_metric='nll', verbose=False)
[ 2022-08-31 14:17:07,287][train_tran.train_nn_models] [Training] Epoch=0, loss=35157.7852, nll=35157.7852, l2_reg=0.0000, acc=0.1188
[ 2022-08-31 14:17:07,287][train_tran.train_nn_models] [Validation] Epoch=0, nll=17133.6426, acc=0.1013
[ 2022-08-31 14:17:20,311][train_tran.train_nn_models] [Training] Epoch=1, loss=10421.7363, nll=10421.7363, l2_reg=0.0000, acc=0.1071
[ 2022-08-31 14:17:20,311][train_tran.train_nn_models] [Validation] Epoch=1, nll=4474.5732, acc=0.1136
[ 2022-08-31 14:17:33,905][train_tran.train_nn_models] [Training] Epoch=2, loss=3312.8330, nll=3312.8330, l2_reg=0.0000, acc=0.1145
[ 2022-08-31 14:17:33,906][train_tran.train_nn_models] [Validation] Epoch=2, nll=2681.4014, acc=0.1159
[ 2022-08-31 14:17:46,730][train_tran.train_nn_models] [Training] Epoch=3, loss=2661.3894, nll=2661.3894, l2_reg=0.0000, acc=0.1196
[ 2022-08-31 14:17:46,731][train_tran.train_nn_models] [Validation] Epoch=3, nll=2689.6865, acc=0.1298
[ 2022-08-31 14:17:59,388][train_tran.train_nn_models] [Training] Epoch=4, loss=2658.5430, nll=2658.5430, l2_reg=0.0000, acc=0.1557
[ 2022-08-31 14:17:59,388][train_tran.train_nn_models] [Validation] Epoch=4, nll=2631.9944, acc=0.1716
[ 2022-08-31 14:18:13,116][train_tran.train_nn_models] [Training] Epoch=5, loss=2591.0273, nll=2591.0273, l2_reg=0.0000, acc=0.1755
[ 2022-08-31 14:18:13,117][train_tran.train_nn_models] [Validation] Epoch=5, nll=2575.4834, acc=0.1802
[ 2022-08-31 14:18:26,292][train_tran.train_nn_models] [Training] Epoch=6, loss=2560.4314, nll=2560.4314, l2_reg=0.0000, acc=0.1860
[ 2022-08-31 14:18:26,292][train_tran.train_nn_models] [Validation] Epoch=6, nll=2563.4744, acc=0.1924
[ 2022-08-31 14:18:39,471][train_tran.train_nn_models] [Training] Epoch=7, loss=2552.9019, nll=2552.9019, l2_reg=0.0000, acc=0.1904
[ 2022-08-31 14:18:39,472][train_tran.train_nn_models] [Validation] Epoch=7, nll=2557.3474, acc=0.1900
[ 2022-08-31 14:18:53,228][train_tran.train_nn_models] [Training] Epoch=8, loss=2547.7876, nll=2547.7876, l2_reg=0.0000, acc=0.1895
[ 2022-08-31 14:18:53,228][train_tran.train_nn_models] [Validation] Epoch=8, nll=2554.3174, acc=0.1902
[ 2022-08-31 14:19:06,056][train_tran.train_nn_models] [Training] Epoch=9, loss=2544.8835, nll=2544.8835, l2_reg=0.0000, acc=0.1890
[ 2022-08-31 14:19:06,057][train_tran.train_nn_models] [Validation] Epoch=9, nll=2551.8967, acc=0.1875
[ 2022-08-31 14:19:18,899][train_tran.train_nn_models] [Training] Epoch=10, loss=2542.5925, nll=2542.5925, l2_reg=0.0000, acc=0.1895
[ 2022-08-31 14:19:18,899][train_tran.train_nn_models] [Validation] Epoch=10, nll=2549.7981, acc=0.1886
[ 2022-08-31 14:19:32,015][train_tran.train_nn_models] [Training] Epoch=11, loss=2540.7402, nll=2540.7402, l2_reg=0.0000, acc=0.1904
[ 2022-08-31 14:19:32,015][train_tran.train_nn_models] [Validation] Epoch=11, nll=2548.1101, acc=0.1912
[ 2022-08-31 14:19:45,315][train_tran.train_nn_models] [Training] Epoch=12, loss=2539.1667, nll=2539.1667, l2_reg=0.0000, acc=0.1915
[ 2022-08-31 14:19:45,316][train_tran.train_nn_models] [Validation] Epoch=12, nll=2546.6436, acc=0.1922
[ 2022-08-31 14:19:58,519][train_tran.train_nn_models] [Training] Epoch=13, loss=2537.7969, nll=2537.7969, l2_reg=0.0000, acc=0.1921
[ 2022-08-31 14:19:58,519][train_tran.train_nn_models] [Validation] Epoch=13, nll=2545.3196, acc=0.1932
[ 2022-08-31 14:20:11,777][train_tran.train_nn_models] [Training] Epoch=14, loss=2536.6011, nll=2536.6011, l2_reg=0.0000, acc=0.1923
[ 2022-08-31 14:20:11,779][train_tran.train_nn_models] [Validation] Epoch=14, nll=2544.1416, acc=0.1940
[ 2022-08-31 14:20:25,328][train_tran.train_nn_models] [Training] Epoch=15, loss=2535.5542, nll=2535.5542, l2_reg=0.0000, acc=0.1926
[ 2022-08-31 14:20:25,329][train_tran.train_nn_models] [Validation] Epoch=15, nll=2543.1135, acc=0.1939
[ 2022-08-31 14:20:38,156][train_tran.train_nn_models] [Training] Epoch=16, loss=2534.6392, nll=2534.6392, l2_reg=0.0000, acc=0.1930
[ 2022-08-31 14:20:38,157][train_tran.train_nn_models] [Validation] Epoch=16, nll=2542.2075, acc=0.1946
[ 2022-08-31 14:20:51,169][train_tran.train_nn_models] [Training] Epoch=17, loss=2533.8364, nll=2533.8364, l2_reg=0.0000, acc=0.1927
[ 2022-08-31 14:20:51,169][train_tran.train_nn_models] [Validation] Epoch=17, nll=2541.4036, acc=0.1951
[ 2022-08-31 14:21:04,420][train_tran.train_nn_models] [Training] Epoch=18, loss=2533.1265, nll=2533.1265, l2_reg=0.0000, acc=0.1930
[ 2022-08-31 14:21:04,420][train_tran.train_nn_models] [Validation] Epoch=18, nll=2540.6924, acc=0.1950
[ 2022-08-31 14:21:18,332][train_tran.train_nn_models] [Training] Epoch=19, loss=2532.4927, nll=2532.4927, l2_reg=0.0000, acc=0.1932
[ 2022-08-31 14:21:18,332][train_tran.train_nn_models] [Validation] Epoch=19, nll=2540.0635, acc=0.1949
[ 2022-08-31 14:21:31,804][train_tran.train_nn_models] [Training] Epoch=20, loss=2531.9133, nll=2531.9133, l2_reg=0.0000, acc=0.1932
[ 2022-08-31 14:21:31,804][train_tran.train_nn_models] [Validation] Epoch=20, nll=2539.4929, acc=0.1951
[ 2022-08-31 14:21:45,063][train_tran.train_nn_models] [Training] Epoch=21, loss=2531.3667, nll=2531.3667, l2_reg=0.0000, acc=0.1932
[ 2022-08-31 14:21:45,064][train_tran.train_nn_models] [Validation] Epoch=21, nll=2538.9529, acc=0.1952
[ 2022-08-31 14:21:58,467][train_tran.train_nn_models] [Training] Epoch=22, loss=2530.8394, nll=2530.8394, l2_reg=0.0000, acc=0.1932
[ 2022-08-31 14:21:58,468][train_tran.train_nn_models] [Validation] Epoch=22, nll=2538.4216, acc=0.1952
[ 2022-08-31 14:22:11,281][train_tran.train_nn_models] [Training] Epoch=23, loss=2530.3203, nll=2530.3203, l2_reg=0.0000, acc=0.1933
[ 2022-08-31 14:22:11,282][train_tran.train_nn_models] [Validation] Epoch=23, nll=2537.8943, acc=0.1952
[ 2022-08-31 14:22:24,937][train_tran.train_nn_models] [Training] Epoch=24, loss=2529.8022, nll=2529.8022, l2_reg=0.0000, acc=0.1933
[ 2022-08-31 14:22:24,937][train_tran.train_nn_models] [Validation] Epoch=24, nll=2537.3684, acc=0.1952
[ 2022-08-31 14:22:38,831][train_tran.train_nn_models] [Training] Epoch=25, loss=2529.2815, nll=2529.2815, l2_reg=0.0000, acc=0.1933
[ 2022-08-31 14:22:38,831][train_tran.train_nn_models] [Validation] Epoch=25, nll=2536.8394, acc=0.1951
[ 2022-08-31 14:22:51,875][train_tran.train_nn_models] [Training] Epoch=26, loss=2528.7563, nll=2528.7563, l2_reg=0.0000, acc=0.1933
[ 2022-08-31 14:22:51,876][train_tran.train_nn_models] [Validation] Epoch=26, nll=2536.2996, acc=0.1954
[ 2022-08-31 14:23:04,908][train_tran.train_nn_models] [Training] Epoch=27, loss=2528.2209, nll=2528.2209, l2_reg=0.0000, acc=0.1935
[ 2022-08-31 14:23:04,909][train_tran.train_nn_models] [Validation] Epoch=27, nll=2535.7451, acc=0.1955
[ 2022-08-31 14:23:18,378][train_tran.train_nn_models] [Training] Epoch=28, loss=2527.6731, nll=2527.6731, l2_reg=0.0000, acc=0.1936
[ 2022-08-31 14:23:18,378][train_tran.train_nn_models] [Validation] Epoch=28, nll=2535.1689, acc=0.1957
[ 2022-08-31 14:23:32,355][train_tran.train_nn_models] [Training] Epoch=29, loss=2527.1057, nll=2527.1057, l2_reg=0.0000, acc=0.1937
[ 2022-08-31 14:23:32,356][train_tran.train_nn_models] [Validation] Epoch=29, nll=2534.5637, acc=0.1956
[ 2022-08-31 14:23:45,968][train_tran.train_nn_models] [Training] Epoch=30, loss=2526.5146, nll=2526.5146, l2_reg=0.0000, acc=0.1938
[ 2022-08-31 14:23:45,969][train_tran.train_nn_models] [Validation] Epoch=30, nll=2533.9214, acc=0.1955
[ 2022-08-31 14:23:59,536][train_tran.train_nn_models] [Training] Epoch=31, loss=2525.8911, nll=2525.8911, l2_reg=0.0000, acc=0.1938
[ 2022-08-31 14:23:59,536][train_tran.train_nn_models] [Validation] Epoch=31, nll=2533.2285, acc=0.1957
[ 2022-08-31 14:24:12,115][train_tran.train_nn_models] [Training] Epoch=32, loss=2525.2258, nll=2525.2258, l2_reg=0.0000, acc=0.1938
[ 2022-08-31 14:24:12,115][train_tran.train_nn_models] [Validation] Epoch=32, nll=2532.4822, acc=0.1958
[ 2022-08-31 14:24:25,625][train_tran.train_nn_models] [Training] Epoch=33, loss=2524.5237, nll=2524.5237, l2_reg=0.0000, acc=0.1938
[ 2022-08-31 14:24:25,625][train_tran.train_nn_models] [Validation] Epoch=33, nll=2531.6860, acc=0.1958
[ 2022-08-31 14:24:38,703][train_tran.train_nn_models] [Training] Epoch=34, loss=2523.7683, nll=2523.7683, l2_reg=0.0000, acc=0.1939
[ 2022-08-31 14:24:38,703][train_tran.train_nn_models] [Validation] Epoch=34, nll=2530.7788, acc=0.1958
[ 2022-08-31 14:24:52,120][train_tran.train_nn_models] [Training] Epoch=35, loss=2522.9309, nll=2522.9309, l2_reg=0.0000, acc=0.1939
[ 2022-08-31 14:24:52,121][train_tran.train_nn_models] [Validation] Epoch=35, nll=2529.8564, acc=0.1959
[ 2022-08-31 14:25:05,866][train_tran.train_nn_models] [Training] Epoch=36, loss=2522.1187, nll=2522.1187, l2_reg=0.0000, acc=0.1938
[ 2022-08-31 14:25:05,867][train_tran.train_nn_models] [Validation] Epoch=36, nll=2528.8816, acc=0.1959
[ 2022-08-31 14:25:18,599][train_tran.train_nn_models] [Training] Epoch=37, loss=2521.3076, nll=2521.3076, l2_reg=0.0000, acc=0.1939
[ 2022-08-31 14:25:18,599][train_tran.train_nn_models] [Validation] Epoch=37, nll=2528.0171, acc=0.1967
[ 2022-08-31 14:25:31,221][train_tran.train_nn_models] [Training] Epoch=38, loss=2520.5481, nll=2520.5481, l2_reg=0.0000, acc=0.1941
[ 2022-08-31 14:25:31,222][train_tran.train_nn_models] [Validation] Epoch=38, nll=2527.1064, acc=0.1963
[ 2022-08-31 14:25:44,532][train_tran.train_nn_models] [Training] Epoch=39, loss=2519.8213, nll=2519.8213, l2_reg=0.0000, acc=0.1939
[ 2022-08-31 14:25:44,533][train_tran.train_nn_models] [Validation] Epoch=39, nll=2526.2668, acc=0.1964
[ 2022-08-31 14:25:58,490][train_tran.train_nn_models] [Training] Epoch=40, loss=2519.1338, nll=2519.1338, l2_reg=0.0000, acc=0.1941
[ 2022-08-31 14:25:58,490][train_tran.train_nn_models] [Validation] Epoch=40, nll=2525.4873, acc=0.1967
[ 2022-08-31 14:26:11,596][train_tran.train_nn_models] [Training] Epoch=41, loss=2518.4771, nll=2518.4771, l2_reg=0.0000, acc=0.1942
[ 2022-08-31 14:26:11,596][train_tran.train_nn_models] [Validation] Epoch=41, nll=2524.7485, acc=0.1968
[ 2022-08-31 14:26:24,826][train_tran.train_nn_models] [Training] Epoch=42, loss=2517.8411, nll=2517.8411, l2_reg=0.0000, acc=0.1943
[ 2022-08-31 14:26:24,826][train_tran.train_nn_models] [Validation] Epoch=42, nll=2524.0520, acc=0.1968
[ 2022-08-31 14:26:38,375][train_tran.train_nn_models] [Training] Epoch=43, loss=2517.2217, nll=2517.2217, l2_reg=0.0000, acc=0.1944
[ 2022-08-31 14:26:38,375][train_tran.train_nn_models] [Validation] Epoch=43, nll=2523.3838, acc=0.1969
[ 2022-08-31 14:26:51,419][train_tran.train_nn_models] [Training] Epoch=44, loss=2516.6155, nll=2516.6155, l2_reg=0.0000, acc=0.1945
[ 2022-08-31 14:26:51,420][train_tran.train_nn_models] [Validation] Epoch=44, nll=2522.7373, acc=0.1972
[ 2022-08-31 14:27:03,922][train_tran.train_nn_models] [Training] Epoch=45, loss=2516.0210, nll=2516.0210, l2_reg=0.0000, acc=0.1946
[ 2022-08-31 14:27:03,923][train_tran.train_nn_models] [Validation] Epoch=45, nll=2522.1084, acc=0.1973
[ 2022-08-31 14:27:17,207][train_tran.train_nn_models] [Training] Epoch=46, loss=2515.4365, nll=2515.4365, l2_reg=0.0000, acc=0.1947
[ 2022-08-31 14:27:17,207][train_tran.train_nn_models] [Validation] Epoch=46, nll=2521.4980, acc=0.1971
[ 2022-08-31 14:27:30,091][train_tran.train_nn_models] [Training] Epoch=47, loss=2514.8662, nll=2514.8662, l2_reg=0.0000, acc=0.1948
[ 2022-08-31 14:27:30,091][train_tran.train_nn_models] [Validation] Epoch=47, nll=2520.9048, acc=0.1973
[ 2022-08-31 14:27:42,939][train_tran.train_nn_models] [Training] Epoch=48, loss=2514.3093, nll=2514.3093, l2_reg=0.0000, acc=0.1949
[ 2022-08-31 14:27:42,939][train_tran.train_nn_models] [Validation] Epoch=48, nll=2520.3269, acc=0.1973
[ 2022-08-31 14:27:55,808][train_tran.train_nn_models] [Training] Epoch=49, loss=2513.7622, nll=2513.7622, l2_reg=0.0000, acc=0.1951
[ 2022-08-31 14:27:55,809][train_tran.train_nn_models] [Validation] Epoch=49, nll=2519.7485, acc=0.1976
[ 2022-08-31 14:28:09,132][train_tran.train_nn_models] [Training] Epoch=50, loss=2513.2205, nll=2513.2205, l2_reg=0.0000, acc=0.1954
[ 2022-08-31 14:28:09,132][train_tran.train_nn_models] [Validation] Epoch=50, nll=2519.1760, acc=0.1976
[ 2022-08-31 14:28:22,395][train_tran.train_nn_models] [Training] Epoch=51, loss=2512.6826, nll=2512.6826, l2_reg=0.0000, acc=0.1955
[ 2022-08-31 14:28:22,396][train_tran.train_nn_models] [Validation] Epoch=51, nll=2518.6157, acc=0.1979
[ 2022-08-31 14:28:35,353][train_tran.train_nn_models] [Training] Epoch=52, loss=2512.1484, nll=2512.1484, l2_reg=0.0000, acc=0.1959
[ 2022-08-31 14:28:35,354][train_tran.train_nn_models] [Validation] Epoch=52, nll=2518.0547, acc=0.1981
[ 2022-08-31 14:28:48,565][train_tran.train_nn_models] [Training] Epoch=53, loss=2511.6204, nll=2511.6204, l2_reg=0.0000, acc=0.1961
[ 2022-08-31 14:28:48,566][train_tran.train_nn_models] [Validation] Epoch=53, nll=2517.5649, acc=0.1984
[ 2022-08-31 14:29:02,397][train_tran.train_nn_models] [Training] Epoch=54, loss=2511.0996, nll=2511.0996, l2_reg=0.0000, acc=0.1963
[ 2022-08-31 14:29:02,397][train_tran.train_nn_models] [Validation] Epoch=54, nll=2516.8896, acc=0.1986
[ 2022-08-31 14:29:15,291][train_tran.train_nn_models] [Training] Epoch=55, loss=2510.5679, nll=2510.5679, l2_reg=0.0000, acc=0.1964
[ 2022-08-31 14:29:15,291][train_tran.train_nn_models] [Validation] Epoch=55, nll=2516.2810, acc=0.1988
[ 2022-08-31 14:29:29,063][train_tran.train_nn_models] [Training] Epoch=56, loss=2510.0310, nll=2510.0310, l2_reg=0.0000, acc=0.1965
[ 2022-08-31 14:29:29,063][train_tran.train_nn_models] [Validation] Epoch=56, nll=2515.7048, acc=0.1992
[ 2022-08-31 14:29:42,217][train_tran.train_nn_models] [Training] Epoch=57, loss=2509.4907, nll=2509.4907, l2_reg=0.0000, acc=0.1967
[ 2022-08-31 14:29:42,218][train_tran.train_nn_models] [Validation] Epoch=57, nll=2514.9709, acc=0.1994
[ 2022-08-31 14:29:55,391][train_tran.train_nn_models] [Training] Epoch=58, loss=2508.9341, nll=2508.9341, l2_reg=0.0000, acc=0.1968
[ 2022-08-31 14:29:55,391][train_tran.train_nn_models] [Validation] Epoch=58, nll=2514.3193, acc=0.1998
[ 2022-08-31 14:30:08,176][train_tran.train_nn_models] [Training] Epoch=59, loss=2508.3604, nll=2508.3604, l2_reg=0.0000, acc=0.1971
[ 2022-08-31 14:30:08,177][train_tran.train_nn_models] [Validation] Epoch=59, nll=2513.6472, acc=0.1999
[ 2022-08-31 14:30:20,952][train_tran.train_nn_models] [Training] Epoch=60, loss=2507.7671, nll=2507.7671, l2_reg=0.0000, acc=0.1973
[ 2022-08-31 14:30:20,952][train_tran.train_nn_models] [Validation] Epoch=60, nll=2512.9404, acc=0.1998
[ 2022-08-31 14:30:34,062][train_tran.train_nn_models] [Training] Epoch=61, loss=2507.1453, nll=2507.1453, l2_reg=0.0000, acc=0.1975
[ 2022-08-31 14:30:34,063][train_tran.train_nn_models] [Validation] Epoch=61, nll=2512.2947, acc=0.2002
[ 2022-08-31 14:30:47,294][train_tran.train_nn_models] [Training] Epoch=62, loss=2506.5054, nll=2506.5054, l2_reg=0.0000, acc=0.1979
[ 2022-08-31 14:30:47,294][train_tran.train_nn_models] [Validation] Epoch=62, nll=2511.6096, acc=0.2005
[ 2022-08-31 14:31:00,981][train_tran.train_nn_models] [Training] Epoch=63, loss=2505.8411, nll=2505.8411, l2_reg=0.0000, acc=0.1982
[ 2022-08-31 14:31:00,981][train_tran.train_nn_models] [Validation] Epoch=63, nll=2510.9570, acc=0.2008
[ 2022-08-31 14:31:13,669][train_tran.train_nn_models] [Training] Epoch=64, loss=2505.1609, nll=2505.1609, l2_reg=0.0000, acc=0.1984
[ 2022-08-31 14:31:13,670][train_tran.train_nn_models] [Validation] Epoch=64, nll=2510.2546, acc=0.2014
[ 2022-08-31 14:31:26,258][train_tran.train_nn_models] [Training] Epoch=65, loss=2504.4634, nll=2504.4634, l2_reg=0.0000, acc=0.1985
[ 2022-08-31 14:31:26,258][train_tran.train_nn_models] [Validation] Epoch=65, nll=2509.5730, acc=0.2014
[ 2022-08-31 14:31:39,881][train_tran.train_nn_models] [Training] Epoch=66, loss=2503.7495, nll=2503.7495, l2_reg=0.0000, acc=0.1987
[ 2022-08-31 14:31:39,881][train_tran.train_nn_models] [Validation] Epoch=66, nll=2508.8152, acc=0.2012
[ 2022-08-31 14:31:52,955][train_tran.train_nn_models] [Training] Epoch=67, loss=2503.0090, nll=2503.0090, l2_reg=0.0000, acc=0.1990
[ 2022-08-31 14:31:52,956][train_tran.train_nn_models] [Validation] Epoch=67, nll=2508.0906, acc=0.2015
[ 2022-08-31 14:32:05,815][train_tran.train_nn_models] [Training] Epoch=68, loss=2502.2432, nll=2502.2432, l2_reg=0.0000, acc=0.1994
[ 2022-08-31 14:32:05,815][train_tran.train_nn_models] [Validation] Epoch=68, nll=2507.2646, acc=0.2018
[ 2022-08-31 14:32:19,176][train_tran.train_nn_models] [Training] Epoch=69, loss=2501.4456, nll=2501.4456, l2_reg=0.0000, acc=0.1995
[ 2022-08-31 14:32:19,177][train_tran.train_nn_models] [Validation] Epoch=69, nll=2506.5159, acc=0.2018
[ 2022-08-31 14:32:32,026][train_tran.train_nn_models] [Training] Epoch=70, loss=2500.6240, nll=2500.6240, l2_reg=0.0000, acc=0.1998
[ 2022-08-31 14:32:32,026][train_tran.train_nn_models] [Validation] Epoch=70, nll=2505.6050, acc=0.2020
[ 2022-08-31 14:32:45,112][train_tran.train_nn_models] [Training] Epoch=71, loss=2499.7634, nll=2499.7634, l2_reg=0.0000, acc=0.2003
[ 2022-08-31 14:32:45,112][train_tran.train_nn_models] [Validation] Epoch=71, nll=2504.7988, acc=0.2023
[ 2022-08-31 14:32:58,026][train_tran.train_nn_models] [Training] Epoch=72, loss=2498.8691, nll=2498.8691, l2_reg=0.0000, acc=0.2008
[ 2022-08-31 14:32:58,026][train_tran.train_nn_models] [Validation] Epoch=72, nll=2503.8164, acc=0.2022
[ 2022-08-31 14:33:10,979][train_tran.train_nn_models] [Training] Epoch=73, loss=2497.9312, nll=2497.9312, l2_reg=0.0000, acc=0.2012
[ 2022-08-31 14:33:10,980][train_tran.train_nn_models] [Validation] Epoch=73, nll=2502.9270, acc=0.2029
[ 2022-08-31 14:33:23,979][train_tran.train_nn_models] [Training] Epoch=74, loss=2496.9495, nll=2496.9495, l2_reg=0.0000, acc=0.2016
[ 2022-08-31 14:33:23,979][train_tran.train_nn_models] [Validation] Epoch=74, nll=2501.8403, acc=0.2034
[ 2022-08-31 14:33:37,198][train_tran.train_nn_models] [Training] Epoch=75, loss=2495.8933, nll=2495.8933, l2_reg=0.0000, acc=0.2022
[ 2022-08-31 14:33:37,198][train_tran.train_nn_models] [Validation] Epoch=75, nll=2500.7605, acc=0.2035
[ 2022-08-31 14:33:49,470][train_tran.train_nn_models] [Training] Epoch=76, loss=2494.7480, nll=2494.7480, l2_reg=0.0000, acc=0.2028
[ 2022-08-31 14:33:49,470][train_tran.train_nn_models] [Validation] Epoch=76, nll=2499.5647, acc=0.2043
[ 2022-08-31 14:34:02,238][train_tran.train_nn_models] [Training] Epoch=77, loss=2493.5129, nll=2493.5129, l2_reg=0.0000, acc=0.2035
[ 2022-08-31 14:34:02,238][train_tran.train_nn_models] [Validation] Epoch=77, nll=2498.2578, acc=0.2052
[ 2022-08-31 14:34:15,092][train_tran.train_nn_models] [Training] Epoch=78, loss=2492.1794, nll=2492.1794, l2_reg=0.0000, acc=0.2043
[ 2022-08-31 14:34:15,093][train_tran.train_nn_models] [Validation] Epoch=78, nll=2496.8870, acc=0.2056
[ 2022-08-31 14:34:27,796][train_tran.train_nn_models] [Training] Epoch=79, loss=2490.7849, nll=2490.7849, l2_reg=0.0000, acc=0.2047
[ 2022-08-31 14:34:27,796][train_tran.train_nn_models] [Validation] Epoch=79, nll=2495.5085, acc=0.2068
[ 2022-08-31 14:34:40,456][train_tran.train_nn_models] [Training] Epoch=80, loss=2489.3438, nll=2489.3438, l2_reg=0.0000, acc=0.2055
[ 2022-08-31 14:34:40,456][train_tran.train_nn_models] [Validation] Epoch=80, nll=2494.0693, acc=0.2066
[ 2022-08-31 14:34:52,832][train_tran.train_nn_models] [Training] Epoch=81, loss=2487.9324, nll=2487.9324, l2_reg=0.0000, acc=0.2064
[ 2022-08-31 14:34:52,832][train_tran.train_nn_models] [Validation] Epoch=81, nll=2492.7390, acc=0.2076
[ 2022-08-31 14:35:05,704][train_tran.train_nn_models] [Training] Epoch=82, loss=2486.6440, nll=2486.6440, l2_reg=0.0000, acc=0.2067
[ 2022-08-31 14:35:05,705][train_tran.train_nn_models] [Validation] Epoch=82, nll=2491.5334, acc=0.2090
[ 2022-08-31 14:35:19,116][train_tran.train_nn_models] [Training] Epoch=83, loss=2485.4526, nll=2485.4526, l2_reg=0.0000, acc=0.2073
[ 2022-08-31 14:35:19,116][train_tran.train_nn_models] [Validation] Epoch=83, nll=2490.3635, acc=0.2097
[ 2022-08-31 14:35:32,167][train_tran.train_nn_models] [Training] Epoch=84, loss=2484.3140, nll=2484.3140, l2_reg=0.0000, acc=0.2076
[ 2022-08-31 14:35:32,168][train_tran.train_nn_models] [Validation] Epoch=84, nll=2489.2451, acc=0.2103
[ 2022-08-31 14:35:44,910][train_tran.train_nn_models] [Training] Epoch=85, loss=2483.2202, nll=2483.2202, l2_reg=0.0000, acc=0.2079
[ 2022-08-31 14:35:44,911][train_tran.train_nn_models] [Validation] Epoch=85, nll=2488.1692, acc=0.2101
[ 2022-08-31 14:35:58,040][train_tran.train_nn_models] [Training] Epoch=86, loss=2482.1604, nll=2482.1604, l2_reg=0.0000, acc=0.2085
[ 2022-08-31 14:35:58,040][train_tran.train_nn_models] [Validation] Epoch=86, nll=2487.1216, acc=0.2103
[ 2022-08-31 14:36:11,158][train_tran.train_nn_models] [Training] Epoch=87, loss=2481.1089, nll=2481.1089, l2_reg=0.0000, acc=0.2091
[ 2022-08-31 14:36:11,158][train_tran.train_nn_models] [Validation] Epoch=87, nll=2486.0601, acc=0.2112
[ 2022-08-31 14:36:23,789][train_tran.train_nn_models] [Training] Epoch=88, loss=2480.0273, nll=2480.0273, l2_reg=0.0000, acc=0.2101
[ 2022-08-31 14:36:23,789][train_tran.train_nn_models] [Validation] Epoch=88, nll=2484.9817, acc=0.2122
[ 2022-08-31 14:36:36,337][train_tran.train_nn_models] [Training] Epoch=89, loss=2478.9089, nll=2478.9089, l2_reg=0.0000, acc=0.2112
[ 2022-08-31 14:36:36,338][train_tran.train_nn_models] [Validation] Epoch=89, nll=2483.9102, acc=0.2139
[ 2022-08-31 14:36:48,382][train_tran.train_nn_models] [Training] Epoch=90, loss=2477.7729, nll=2477.7729, l2_reg=0.0000, acc=0.2129
[ 2022-08-31 14:36:48,383][train_tran.train_nn_models] [Validation] Epoch=90, nll=2482.8623, acc=0.2156
[ 2022-08-31 14:37:01,701][train_tran.train_nn_models] [Training] Epoch=91, loss=2476.6289, nll=2476.6289, l2_reg=0.0000, acc=0.2148
[ 2022-08-31 14:37:01,701][train_tran.train_nn_models] [Validation] Epoch=91, nll=2481.8535, acc=0.2169
[ 2022-08-31 14:37:14,541][train_tran.train_nn_models] [Training] Epoch=92, loss=2475.5042, nll=2475.5042, l2_reg=0.0000, acc=0.2175
[ 2022-08-31 14:37:14,542][train_tran.train_nn_models] [Validation] Epoch=92, nll=2480.8860, acc=0.2218
[ 2022-08-31 14:37:27,499][train_tran.train_nn_models] [Training] Epoch=93, loss=2474.3967, nll=2474.3967, l2_reg=0.0000, acc=0.2201
[ 2022-08-31 14:37:27,500][train_tran.train_nn_models] [Validation] Epoch=93, nll=2479.9705, acc=0.2234
[ 2022-08-31 14:37:40,010][train_tran.train_nn_models] [Training] Epoch=94, loss=2473.3345, nll=2473.3345, l2_reg=0.0000, acc=0.2227
[ 2022-08-31 14:37:40,011][train_tran.train_nn_models] [Validation] Epoch=94, nll=2479.0730, acc=0.2259
[ 2022-08-31 14:37:52,687][train_tran.train_nn_models] [Training] Epoch=95, loss=2472.3132, nll=2472.3132, l2_reg=0.0000, acc=0.2258
[ 2022-08-31 14:37:52,688][train_tran.train_nn_models] [Validation] Epoch=95, nll=2478.1929, acc=0.2291
[ 2022-08-31 14:38:04,766][train_tran.train_nn_models] [Training] Epoch=96, loss=2471.3369, nll=2471.3369, l2_reg=0.0000, acc=0.2281
[ 2022-08-31 14:38:04,767][train_tran.train_nn_models] [Validation] Epoch=96, nll=2477.3911, acc=0.2315
[ 2022-08-31 14:38:18,313][train_tran.train_nn_models] [Training] Epoch=97, loss=2470.4219, nll=2470.4219, l2_reg=0.0000, acc=0.2301
[ 2022-08-31 14:38:18,313][train_tran.train_nn_models] [Validation] Epoch=97, nll=2476.4749, acc=0.2331
[ 2022-08-31 14:38:31,831][train_tran.train_nn_models] [Training] Epoch=98, loss=2469.4458, nll=2469.4458, l2_reg=0.0000, acc=0.2319
[ 2022-08-31 14:38:31,831][train_tran.train_nn_models] [Validation] Epoch=98, nll=2475.5479, acc=0.2344
[ 2022-08-31 14:38:45,211][train_tran.train_nn_models] [Training] Epoch=99, loss=2468.4399, nll=2468.4399, l2_reg=0.0000, acc=0.2332
[ 2022-08-31 14:38:45,212][train_tran.train_nn_models] [Validation] Epoch=99, nll=2474.5264, acc=0.2351
[ 2022-08-31 14:38:57,341][train_tran.train_nn_models] [Training] Epoch=100, loss=2467.3499, nll=2467.3499, l2_reg=0.0000, acc=0.2347
[ 2022-08-31 14:38:57,341][train_tran.train_nn_models] [Validation] Epoch=100, nll=2473.4341, acc=0.2363
[ 2022-08-31 14:39:10,506][train_tran.train_nn_models] [Training] Epoch=101, loss=2466.2178, nll=2466.2178, l2_reg=0.0000, acc=0.2360
[ 2022-08-31 14:39:10,506][train_tran.train_nn_models] [Validation] Epoch=101, nll=2472.3484, acc=0.2377
[ 2022-08-31 14:39:23,794][train_tran.train_nn_models] [Training] Epoch=102, loss=2465.0891, nll=2465.0891, l2_reg=0.0000, acc=0.2370
[ 2022-08-31 14:39:23,795][train_tran.train_nn_models] [Validation] Epoch=102, nll=2471.3767, acc=0.2388
[ 2022-08-31 14:39:37,021][train_tran.train_nn_models] [Training] Epoch=103, loss=2464.0015, nll=2464.0015, l2_reg=0.0000, acc=0.2382
[ 2022-08-31 14:39:37,022][train_tran.train_nn_models] [Validation] Epoch=103, nll=2470.5996, acc=0.2393
[ 2022-08-31 14:39:50,068][train_tran.train_nn_models] [Training] Epoch=104, loss=2462.9746, nll=2462.9746, l2_reg=0.0000, acc=0.2392
[ 2022-08-31 14:39:50,068][train_tran.train_nn_models] [Validation] Epoch=104, nll=2470.0161, acc=0.2400
[ 2022-08-31 14:40:03,585][train_tran.train_nn_models] [Training] Epoch=105, loss=2462.0054, nll=2462.0054, l2_reg=0.0000, acc=0.2401
[ 2022-08-31 14:40:03,586][train_tran.train_nn_models] [Validation] Epoch=105, nll=2469.3147, acc=0.2408
[ 2022-08-31 14:40:17,084][train_tran.train_nn_models] [Training] Epoch=106, loss=2460.9746, nll=2460.9746, l2_reg=0.0000, acc=0.2409
[ 2022-08-31 14:40:17,085][train_tran.train_nn_models] [Validation] Epoch=106, nll=2468.2644, acc=0.2416
[ 2022-08-31 14:40:30,314][train_tran.train_nn_models] [Training] Epoch=107, loss=2459.8157, nll=2459.8157, l2_reg=0.0000, acc=0.2416
[ 2022-08-31 14:40:30,315][train_tran.train_nn_models] [Validation] Epoch=107, nll=2466.6873, acc=0.2426
[ 2022-08-31 14:40:43,376][train_tran.train_nn_models] [Training] Epoch=108, loss=2458.4875, nll=2458.4875, l2_reg=0.0000, acc=0.2423
[ 2022-08-31 14:40:43,376][train_tran.train_nn_models] [Validation] Epoch=108, nll=2465.1130, acc=0.2430
[ 2022-08-31 14:40:56,714][train_tran.train_nn_models] [Training] Epoch=109, loss=2457.1841, nll=2457.1841, l2_reg=0.0000, acc=0.2432
[ 2022-08-31 14:40:56,714][train_tran.train_nn_models] [Validation] Epoch=109, nll=2464.0730, acc=0.2442
[ 2022-08-31 14:41:09,117][train_tran.train_nn_models] [Training] Epoch=110, loss=2456.1221, nll=2456.1221, l2_reg=0.0000, acc=0.2441
[ 2022-08-31 14:41:09,118][train_tran.train_nn_models] [Validation] Epoch=110, nll=2463.3359, acc=0.2452
[ 2022-08-31 14:41:21,264][train_tran.train_nn_models] [Training] Epoch=111, loss=2455.1565, nll=2455.1565, l2_reg=0.0000, acc=0.2446
[ 2022-08-31 14:41:21,264][train_tran.train_nn_models] [Validation] Epoch=111, nll=2462.6692, acc=0.2467
[ 2022-08-31 14:41:34,289][train_tran.train_nn_models] [Training] Epoch=112, loss=2454.2451, nll=2454.2451, l2_reg=0.0000, acc=0.2453
[ 2022-08-31 14:41:34,290][train_tran.train_nn_models] [Validation] Epoch=112, nll=2462.0930, acc=0.2482
[ 2022-08-31 14:41:47,263][train_tran.train_nn_models] [Training] Epoch=113, loss=2453.3708, nll=2453.3708, l2_reg=0.0000, acc=0.2459
[ 2022-08-31 14:41:47,263][train_tran.train_nn_models] [Validation] Epoch=113, nll=2461.5491, acc=0.2489
[ 2022-08-31 14:42:00,100][train_tran.train_nn_models] [Training] Epoch=114, loss=2452.6104, nll=2452.6104, l2_reg=0.0000, acc=0.2463
[ 2022-08-31 14:42:00,100][train_tran.train_nn_models] [Validation] Epoch=114, nll=2461.0171, acc=0.2502
[ 2022-08-31 14:42:13,475][train_tran.train_nn_models] [Training] Epoch=115, loss=2451.8718, nll=2451.8718, l2_reg=0.0000, acc=0.2472
[ 2022-08-31 14:42:13,476][train_tran.train_nn_models] [Validation] Epoch=115, nll=2460.5466, acc=0.2507
[ 2022-08-31 14:42:26,181][train_tran.train_nn_models] [Training] Epoch=116, loss=2451.0508, nll=2451.0508, l2_reg=0.0000, acc=0.2478
[ 2022-08-31 14:42:26,181][train_tran.train_nn_models] [Validation] Epoch=116, nll=2460.2478, acc=0.2517
[ 2022-08-31 14:42:39,429][train_tran.train_nn_models] [Training] Epoch=117, loss=2450.1978, nll=2450.1978, l2_reg=0.0000, acc=0.2483
[ 2022-08-31 14:42:39,429][train_tran.train_nn_models] [Validation] Epoch=117, nll=2460.2932, acc=0.2526
[ 2022-08-31 14:42:52,190][train_tran.train_nn_models] [Training] Epoch=118, loss=2449.5344, nll=2449.5344, l2_reg=0.0000, acc=0.2488
[ 2022-08-31 14:42:52,190][train_tran.train_nn_models] [Validation] Epoch=118, nll=2460.7415, acc=0.2530
[ 2022-08-31 14:43:04,736][train_tran.train_nn_models] [Training] Epoch=119, loss=2448.8135, nll=2448.8135, l2_reg=0.0000, acc=0.2493
[ 2022-08-31 14:43:04,737][train_tran.train_nn_models] [Validation] Epoch=119, nll=2496.1946, acc=0.2527
[ 2022-08-31 14:43:17,269][train_tran.train_nn_models] [Training] Epoch=120, loss=2479.8083, nll=2479.8083, l2_reg=0.0000, acc=0.2399
[ 2022-08-31 14:43:17,270][train_tran.train_nn_models] [Validation] Epoch=120, nll=2494.1577, acc=0.2303
[ 2022-08-31 14:43:30,881][train_tran.train_nn_models] [Training] Epoch=121, loss=2488.4836, nll=2488.4836, l2_reg=0.0000, acc=0.2256
[ 2022-08-31 14:43:30,882][train_tran.train_nn_models] [Validation] Epoch=121, nll=2488.2300, acc=0.2321
[ 2022-08-31 14:43:43,695][train_tran.train_nn_models] [Training] Epoch=122, loss=2483.6436, nll=2483.6436, l2_reg=0.0000, acc=0.2288
[ 2022-08-31 14:43:43,695][train_tran.train_nn_models] [Validation] Epoch=122, nll=2483.9216, acc=0.2378
[ 2022-08-31 14:43:57,532][train_tran.train_nn_models] [Training] Epoch=123, loss=2478.3579, nll=2478.3579, l2_reg=0.0000, acc=0.2318
[ 2022-08-31 14:43:57,532][train_tran.train_nn_models] [Validation] Epoch=123, nll=2481.8665, acc=0.2399
[ 2022-08-31 14:44:09,885][train_tran.train_nn_models] [Training] Epoch=124, loss=2475.3350, nll=2475.3350, l2_reg=0.0000, acc=0.2346
[ 2022-08-31 14:44:09,886][train_tran.train_nn_models] [Validation] Epoch=124, nll=2479.5142, acc=0.2398
[ 2022-08-31 14:44:23,378][train_tran.train_nn_models] [Training] Epoch=125, loss=2472.6377, nll=2472.6377, l2_reg=0.0000, acc=0.2364
[ 2022-08-31 14:44:23,378][train_tran.train_nn_models] [Validation] Epoch=125, nll=2476.5735, acc=0.2414
[ 2022-08-31 14:44:37,209][train_tran.train_nn_models] [Training] Epoch=126, loss=2470.1816, nll=2470.1816, l2_reg=0.0000, acc=0.2382
[ 2022-08-31 14:44:37,209][train_tran.train_nn_models] [Validation] Epoch=126, nll=2474.0322, acc=0.2426
[ 2022-08-31 14:44:50,308][train_tran.train_nn_models] [Training] Epoch=127, loss=2467.9937, nll=2467.9937, l2_reg=0.0000, acc=0.2391
[ 2022-08-31 14:44:50,308][train_tran.train_nn_models] [Validation] Epoch=127, nll=2472.0332, acc=0.2418
[ 2022-08-31 14:45:03,558][train_tran.train_nn_models] [Training] Epoch=128, loss=2465.8479, nll=2465.8479, l2_reg=0.0000, acc=0.2407
[ 2022-08-31 14:45:03,558][train_tran.train_nn_models] [Validation] Epoch=128, nll=2470.2019, acc=0.2429
[ 2022-08-31 14:45:16,708][train_tran.train_nn_models] [Training] Epoch=129, loss=2463.7170, nll=2463.7170, l2_reg=0.0000, acc=0.2422
[ 2022-08-31 14:45:16,709][train_tran.train_nn_models] [Validation] Epoch=129, nll=2468.2803, acc=0.2448
[ 2022-08-31 14:45:30,134][train_tran.train_nn_models] [Training] Epoch=130, loss=2461.6128, nll=2461.6128, l2_reg=0.0000, acc=0.2437
[ 2022-08-31 14:45:30,135][train_tran.train_nn_models] [Validation] Epoch=130, nll=2466.2561, acc=0.2465
[ 2022-08-31 14:45:43,112][train_tran.train_nn_models] [Training] Epoch=131, loss=2459.5049, nll=2459.5049, l2_reg=0.0000, acc=0.2451
[ 2022-08-31 14:45:43,112][train_tran.train_nn_models] [Validation] Epoch=131, nll=2464.1421, acc=0.2478
[ 2022-08-31 14:45:56,234][train_tran.train_nn_models] [Training] Epoch=132, loss=2457.2888, nll=2457.2888, l2_reg=0.0000, acc=0.2465
[ 2022-08-31 14:45:56,234][train_tran.train_nn_models] [Validation] Epoch=132, nll=2461.9407, acc=0.2494
[ 2022-08-31 14:46:09,191][train_tran.train_nn_models] [Training] Epoch=133, loss=2454.8938, nll=2454.8938, l2_reg=0.0000, acc=0.2485
[ 2022-08-31 14:46:09,192][train_tran.train_nn_models] [Validation] Epoch=133, nll=2459.6824, acc=0.2516
[ 2022-08-31 14:46:09,192][train_tran.train_nn_models] Found a better model at epoch 133.
[ 2022-08-31 14:46:22,402][train_tran.train_nn_models] [Training] Epoch=134, loss=2452.3970, nll=2452.3970, l2_reg=0.0000, acc=0.2505
[ 2022-08-31 14:46:22,402][train_tran.train_nn_models] [Validation] Epoch=134, nll=2457.4888, acc=0.2540
[ 2022-08-31 14:46:22,403][train_tran.train_nn_models] Found a better model at epoch 134.
[ 2022-08-31 14:46:35,265][train_tran.train_nn_models] [Training] Epoch=135, loss=2449.9592, nll=2449.9592, l2_reg=0.0000, acc=0.2521
[ 2022-08-31 14:46:35,266][train_tran.train_nn_models] [Validation] Epoch=135, nll=2455.4216, acc=0.2560
[ 2022-08-31 14:46:35,266][train_tran.train_nn_models] Found a better model at epoch 135.
[ 2022-08-31 14:46:48,997][train_tran.train_nn_models] [Training] Epoch=136, loss=2447.7629, nll=2447.7629, l2_reg=0.0000, acc=0.2536
[ 2022-08-31 14:46:48,998][train_tran.train_nn_models] [Validation] Epoch=136, nll=2453.7158, acc=0.2575
[ 2022-08-31 14:46:48,998][train_tran.train_nn_models] Found a better model at epoch 136.
[ 2022-08-31 14:47:01,783][train_tran.train_nn_models] [Training] Epoch=137, loss=2445.8030, nll=2445.8030, l2_reg=0.0000, acc=0.2543
[ 2022-08-31 14:47:01,784][train_tran.train_nn_models] [Validation] Epoch=137, nll=2452.4670, acc=0.2590
[ 2022-08-31 14:47:01,784][train_tran.train_nn_models] Found a better model at epoch 137.
[ 2022-08-31 14:47:14,824][train_tran.train_nn_models] [Training] Epoch=138, loss=2443.8269, nll=2443.8269, l2_reg=0.0000, acc=0.2549
[ 2022-08-31 14:47:14,825][train_tran.train_nn_models] [Validation] Epoch=138, nll=2451.8662, acc=0.2586
[ 2022-08-31 14:47:14,825][train_tran.train_nn_models] Found a better model at epoch 138.
[ 2022-08-31 14:47:27,874][train_tran.train_nn_models] [Training] Epoch=139, loss=2441.8167, nll=2441.8167, l2_reg=0.0000, acc=0.2562
[ 2022-08-31 14:47:27,874][train_tran.train_nn_models] [Validation] Epoch=139, nll=2450.8892, acc=0.2589
[ 2022-08-31 14:47:27,874][train_tran.train_nn_models] Found a better model at epoch 139.
[ 2022-08-31 14:47:41,520][train_tran.train_nn_models] [Training] Epoch=140, loss=2439.8735, nll=2439.8735, l2_reg=0.0000, acc=0.2574
[ 2022-08-31 14:47:41,521][train_tran.train_nn_models] [Validation] Epoch=140, nll=2449.6462, acc=0.2600
[ 2022-08-31 14:47:41,521][train_tran.train_nn_models] Found a better model at epoch 140.
[ 2022-08-31 14:47:53,727][train_tran.train_nn_models] [Training] Epoch=141, loss=2438.4675, nll=2438.4675, l2_reg=0.0000, acc=0.2586
[ 2022-08-31 14:47:53,728][train_tran.train_nn_models] [Validation] Epoch=141, nll=2448.8379, acc=0.2598
[ 2022-08-31 14:47:53,728][train_tran.train_nn_models] Found a better model at epoch 141.
[ 2022-08-31 14:48:07,269][train_tran.train_nn_models] [Training] Epoch=142, loss=2436.3301, nll=2436.3301, l2_reg=0.0000, acc=0.2591
[ 2022-08-31 14:48:07,270][train_tran.train_nn_models] [Validation] Epoch=142, nll=2448.2390, acc=0.2608
[ 2022-08-31 14:48:07,270][train_tran.train_nn_models] Found a better model at epoch 142.
[ 2022-08-31 14:48:20,437][train_tran.train_nn_models] [Training] Epoch=143, loss=2435.6709, nll=2435.6709, l2_reg=0.0000, acc=0.2603
[ 2022-08-31 14:48:20,437][train_tran.train_nn_models] [Validation] Epoch=143, nll=2447.3721, acc=0.2620
[ 2022-08-31 14:48:20,437][train_tran.train_nn_models] Found a better model at epoch 143.
[ 2022-08-31 14:48:33,158][train_tran.train_nn_models] [Training] Epoch=144, loss=2434.0337, nll=2434.0337, l2_reg=0.0000, acc=0.2610
[ 2022-08-31 14:48:33,158][train_tran.train_nn_models] [Validation] Epoch=144, nll=2449.1301, acc=0.2622
[ 2022-08-31 14:48:46,171][train_tran.train_nn_models] [Training] Epoch=145, loss=2493.0359, nll=2493.0359, l2_reg=0.0000, acc=0.2391
[ 2022-08-31 14:48:46,172][train_tran.train_nn_models] [Validation] Epoch=145, nll=2499.4089, acc=0.2340
[ 2022-08-31 14:48:59,736][train_tran.train_nn_models] [Training] Epoch=146, loss=2489.5090, nll=2489.5090, l2_reg=0.0000, acc=0.2301
[ 2022-08-31 14:48:59,736][train_tran.train_nn_models] [Validation] Epoch=146, nll=2489.3423, acc=0.2294
[ 2022-08-31 14:49:12,622][train_tran.train_nn_models] [Training] Epoch=147, loss=2480.9529, nll=2480.9529, l2_reg=0.0000, acc=0.2340
[ 2022-08-31 14:49:12,622][train_tran.train_nn_models] [Validation] Epoch=147, nll=2483.6333, acc=0.2392
[ 2022-08-31 14:49:26,431][train_tran.train_nn_models] [Training] Epoch=148, loss=2477.1365, nll=2477.1365, l2_reg=0.0000, acc=0.2358
[ 2022-08-31 14:49:26,431][train_tran.train_nn_models] [Validation] Epoch=148, nll=2481.3286, acc=0.2404
[ 2022-08-31 14:49:39,695][train_tran.train_nn_models] [Training] Epoch=149, loss=2475.9375, nll=2475.9375, l2_reg=0.0000, acc=0.2334
[ 2022-08-31 14:49:39,695][train_tran.train_nn_models] [Validation] Epoch=149, nll=2478.8484, acc=0.2415
[ 2022-08-31 14:49:53,654][train_tran.train_nn_models] [Training] Epoch=150, loss=2475.7686, nll=2475.7686, l2_reg=0.0000, acc=0.2332
[ 2022-08-31 14:49:53,655][train_tran.train_nn_models] [Validation] Epoch=150, nll=2478.9414, acc=0.2331
[ 2022-08-31 14:50:08,192][train_tran.train_nn_models] [Training] Epoch=151, loss=2473.4382, nll=2473.4382, l2_reg=0.0000, acc=0.2348
[ 2022-08-31 14:50:08,192][train_tran.train_nn_models] [Validation] Epoch=151, nll=2479.2234, acc=0.2381
[ 2022-08-31 14:50:21,394][train_tran.train_nn_models] [Training] Epoch=152, loss=2470.6790, nll=2470.6790, l2_reg=0.0000, acc=0.2374
[ 2022-08-31 14:50:21,395][train_tran.train_nn_models] [Validation] Epoch=152, nll=2476.9385, acc=0.2343
[ 2022-08-31 14:50:34,661][train_tran.train_nn_models] [Training] Epoch=153, loss=2468.1440, nll=2468.1440, l2_reg=0.0000, acc=0.2403
[ 2022-08-31 14:50:34,661][train_tran.train_nn_models] [Validation] Epoch=153, nll=2473.6064, acc=0.2464
[ 2022-08-31 14:50:48,460][train_tran.train_nn_models] [Training] Epoch=154, loss=2466.2439, nll=2466.2439, l2_reg=0.0000, acc=0.2420
[ 2022-08-31 14:50:48,461][train_tran.train_nn_models] [Validation] Epoch=154, nll=2471.0791, acc=0.2447
[ 2022-08-31 14:51:01,539][train_tran.train_nn_models] [Training] Epoch=155, loss=2464.4785, nll=2464.4785, l2_reg=0.0000, acc=0.2442
[ 2022-08-31 14:51:01,540][train_tran.train_nn_models] [Validation] Epoch=155, nll=2468.9084, acc=0.2463
[ 2022-08-31 14:51:15,243][train_tran.train_nn_models] [Training] Epoch=156, loss=2462.7256, nll=2462.7256, l2_reg=0.0000, acc=0.2460
[ 2022-08-31 14:51:15,244][train_tran.train_nn_models] [Validation] Epoch=156, nll=2467.7827, acc=0.2458
[ 2022-08-31 14:51:27,796][train_tran.train_nn_models] [Training] Epoch=157, loss=2461.4817, nll=2461.4817, l2_reg=0.0000, acc=0.2468
[ 2022-08-31 14:51:27,796][train_tran.train_nn_models] [Validation] Epoch=157, nll=2467.1921, acc=0.2458
[ 2022-08-31 14:51:41,278][train_tran.train_nn_models] [Training] Epoch=158, loss=2463.1228, nll=2463.1228, l2_reg=0.0000, acc=0.2432
[ 2022-08-31 14:51:41,278][train_tran.train_nn_models] [Validation] Epoch=158, nll=2466.4941, acc=0.2480
[ 2022-08-31 14:51:54,520][train_tran.train_nn_models] [Training] Epoch=159, loss=2461.0042, nll=2461.0042, l2_reg=0.0000, acc=0.2462
[ 2022-08-31 14:51:54,521][train_tran.train_nn_models] [Validation] Epoch=159, nll=2466.0371, acc=0.2499
[ 2022-08-31 14:52:07,549][train_tran.train_nn_models] [Training] Epoch=160, loss=2460.2214, nll=2460.2214, l2_reg=0.0000, acc=0.2476
[ 2022-08-31 14:52:07,549][train_tran.train_nn_models] [Validation] Epoch=160, nll=2467.3418, acc=0.2459
[ 2022-08-31 14:52:21,289][train_tran.train_nn_models] [Training] Epoch=161, loss=2458.6187, nll=2458.6187, l2_reg=0.0000, acc=0.2498
[ 2022-08-31 14:52:21,290][train_tran.train_nn_models] [Validation] Epoch=161, nll=2465.8831, acc=0.2507
[ 2022-08-31 14:52:34,443][train_tran.train_nn_models] [Training] Epoch=162, loss=2459.5022, nll=2459.5022, l2_reg=0.0000, acc=0.2475
[ 2022-08-31 14:52:34,443][train_tran.train_nn_models] [Validation] Epoch=162, nll=2464.6570, acc=0.2538
[ 2022-08-31 14:52:48,139][train_tran.train_nn_models] [Training] Epoch=163, loss=2458.3660, nll=2458.3660, l2_reg=0.0000, acc=0.2479
[ 2022-08-31 14:52:48,140][train_tran.train_nn_models] [Validation] Epoch=163, nll=2468.3010, acc=0.2413
[ 2022-08-31 14:53:01,111][train_tran.train_nn_models] [Training] Epoch=164, loss=2459.6345, nll=2459.6345, l2_reg=0.0000, acc=0.2468
[ 2022-08-31 14:53:01,112][train_tran.train_nn_models] [Validation] Epoch=164, nll=2475.1902, acc=0.2343
[ 2022-08-31 14:53:14,296][train_tran.train_nn_models] [Training] Epoch=165, loss=2465.7666, nll=2465.7666, l2_reg=0.0000, acc=0.2412
[ 2022-08-31 14:53:14,296][train_tran.train_nn_models] [Validation] Epoch=165, nll=2466.7759, acc=0.2528
[ 2022-08-31 14:53:27,924][train_tran.train_nn_models] [Training] Epoch=166, loss=2457.0530, nll=2457.0530, l2_reg=0.0000, acc=0.2512
[ 2022-08-31 14:53:27,925][train_tran.train_nn_models] [Validation] Epoch=166, nll=2462.0286, acc=0.2490
[ 2022-08-31 14:53:41,672][train_tran.train_nn_models] [Training] Epoch=167, loss=2454.9636, nll=2454.9636, l2_reg=0.0000, acc=0.2512
[ 2022-08-31 14:53:41,672][train_tran.train_nn_models] [Validation] Epoch=167, nll=2459.3782, acc=0.2554
[ 2022-08-31 14:53:55,133][train_tran.train_nn_models] [Training] Epoch=168, loss=2453.1121, nll=2453.1121, l2_reg=0.0000, acc=0.2533
[ 2022-08-31 14:53:55,133][train_tran.train_nn_models] [Validation] Epoch=168, nll=2459.1628, acc=0.2536
[ 2022-08-31 14:54:08,727][train_tran.train_nn_models] [Training] Epoch=169, loss=2452.4211, nll=2452.4211, l2_reg=0.0000, acc=0.2540
[ 2022-08-31 14:54:08,728][train_tran.train_nn_models] [Validation] Epoch=169, nll=2459.7285, acc=0.2524
[ 2022-08-31 14:54:21,785][train_tran.train_nn_models] [Training] Epoch=170, loss=2452.7761, nll=2452.7761, l2_reg=0.0000, acc=0.2538
[ 2022-08-31 14:54:21,785][train_tran.train_nn_models] [Validation] Epoch=170, nll=2461.7292, acc=0.2489
[ 2022-08-31 14:54:34,933][train_tran.train_nn_models] [Training] Epoch=171, loss=2452.8232, nll=2452.8232, l2_reg=0.0000, acc=0.2527
[ 2022-08-31 14:54:34,933][train_tran.train_nn_models] [Validation] Epoch=171, nll=2462.0227, acc=0.2482
[ 2022-08-31 14:54:48,428][train_tran.train_nn_models] [Training] Epoch=172, loss=2453.0933, nll=2453.0933, l2_reg=0.0000, acc=0.2525
[ 2022-08-31 14:54:48,429][train_tran.train_nn_models] [Validation] Epoch=172, nll=2458.0571, acc=0.2544
[ 2022-08-31 14:55:02,145][train_tran.train_nn_models] [Training] Epoch=173, loss=2450.6882, nll=2450.6882, l2_reg=0.0000, acc=0.2554
[ 2022-08-31 14:55:02,145][train_tran.train_nn_models] [Validation] Epoch=173, nll=2456.2883, acc=0.2570
[ 2022-08-31 14:55:15,565][train_tran.train_nn_models] [Training] Epoch=174, loss=2450.3435, nll=2450.3435, l2_reg=0.0000, acc=0.2556
[ 2022-08-31 14:55:15,566][train_tran.train_nn_models] [Validation] Epoch=174, nll=2456.5415, acc=0.2565
[ 2022-08-31 14:55:29,272][train_tran.train_nn_models] [Training] Epoch=175, loss=2450.5618, nll=2450.5618, l2_reg=0.0000, acc=0.2552
[ 2022-08-31 14:55:29,272][train_tran.train_nn_models] [Validation] Epoch=175, nll=2457.9524, acc=0.2562
[ 2022-08-31 14:55:43,104][train_tran.train_nn_models] [Training] Epoch=176, loss=2451.2722, nll=2451.2722, l2_reg=0.0000, acc=0.2552
[ 2022-08-31 14:55:43,104][train_tran.train_nn_models] [Validation] Epoch=176, nll=2458.5491, acc=0.2576
[ 2022-08-31 14:55:57,173][train_tran.train_nn_models] [Training] Epoch=177, loss=2450.9126, nll=2450.9126, l2_reg=0.0000, acc=0.2568
[ 2022-08-31 14:55:57,174][train_tran.train_nn_models] [Validation] Epoch=177, nll=2457.6348, acc=0.2551
[ 2022-08-31 14:56:10,811][train_tran.train_nn_models] [Training] Epoch=178, loss=2449.3257, nll=2449.3257, l2_reg=0.0000, acc=0.2566
[ 2022-08-31 14:56:10,812][train_tran.train_nn_models] [Validation] Epoch=178, nll=2458.7588, acc=0.2521
[ 2022-08-31 14:56:24,274][train_tran.train_nn_models] [Training] Epoch=179, loss=2448.9526, nll=2448.9526, l2_reg=0.0000, acc=0.2561
[ 2022-08-31 14:56:24,274][train_tran.train_nn_models] [Validation] Epoch=179, nll=2458.2280, acc=0.2516
[ 2022-08-31 14:56:37,703][train_tran.train_nn_models] [Training] Epoch=180, loss=2449.1548, nll=2449.1548, l2_reg=0.0000, acc=0.2557
[ 2022-08-31 14:56:37,704][train_tran.train_nn_models] [Validation] Epoch=180, nll=2453.5051, acc=0.2602
[ 2022-08-31 14:56:50,910][train_tran.train_nn_models] [Training] Epoch=181, loss=2447.2290, nll=2447.2290, l2_reg=0.0000, acc=0.2577
[ 2022-08-31 14:56:50,910][train_tran.train_nn_models] [Validation] Epoch=181, nll=2453.4490, acc=0.2610
[ 2022-08-31 14:57:04,931][train_tran.train_nn_models] [Training] Epoch=182, loss=2446.5801, nll=2446.5801, l2_reg=0.0000, acc=0.2587
[ 2022-08-31 14:57:04,932][train_tran.train_nn_models] [Validation] Epoch=182, nll=2453.7075, acc=0.2607
[ 2022-08-31 14:57:18,120][train_tran.train_nn_models] [Training] Epoch=183, loss=2446.9775, nll=2446.9775, l2_reg=0.0000, acc=0.2584
[ 2022-08-31 14:57:18,120][train_tran.train_nn_models] [Validation] Epoch=183, nll=2454.4446, acc=0.2597
[ 2022-08-31 14:57:31,358][train_tran.train_nn_models] [Training] Epoch=184, loss=2446.3389, nll=2446.3389, l2_reg=0.0000, acc=0.2587
[ 2022-08-31 14:57:31,358][train_tran.train_nn_models] [Validation] Epoch=184, nll=2452.6477, acc=0.2611
[ 2022-08-31 14:57:44,602][train_tran.train_nn_models] [Training] Epoch=185, loss=2445.2214, nll=2445.2214, l2_reg=0.0000, acc=0.2599
[ 2022-08-31 14:57:44,602][train_tran.train_nn_models] [Validation] Epoch=185, nll=2452.8662, acc=0.2625
[ 2022-08-31 14:57:57,652][train_tran.train_nn_models] [Training] Epoch=186, loss=2447.2148, nll=2447.2148, l2_reg=0.0000, acc=0.2602
[ 2022-08-31 14:57:57,653][train_tran.train_nn_models] [Validation] Epoch=186, nll=2451.3540, acc=0.2632
[ 2022-08-31 14:58:11,438][train_tran.train_nn_models] [Training] Epoch=187, loss=2445.1526, nll=2445.1526, l2_reg=0.0000, acc=0.2603
[ 2022-08-31 14:58:11,439][train_tran.train_nn_models] [Validation] Epoch=187, nll=2454.4111, acc=0.2594
[ 2022-08-31 14:58:25,208][train_tran.train_nn_models] [Training] Epoch=188, loss=2445.4790, nll=2445.4790, l2_reg=0.0000, acc=0.2602
[ 2022-08-31 14:58:25,208][train_tran.train_nn_models] [Validation] Epoch=188, nll=2454.6770, acc=0.2600
[ 2022-08-31 14:58:38,562][train_tran.train_nn_models] [Training] Epoch=189, loss=2443.8901, nll=2443.8901, l2_reg=0.0000, acc=0.2604
[ 2022-08-31 14:58:38,562][train_tran.train_nn_models] [Validation] Epoch=189, nll=2452.6438, acc=0.2586
[ 2022-08-31 14:58:52,225][train_tran.train_nn_models] [Training] Epoch=190, loss=2443.7974, nll=2443.7974, l2_reg=0.0000, acc=0.2613
[ 2022-08-31 14:58:52,225][train_tran.train_nn_models] [Validation] Epoch=190, nll=2452.2007, acc=0.2616
[ 2022-08-31 14:59:05,786][train_tran.train_nn_models] [Training] Epoch=191, loss=2442.7974, nll=2442.7974, l2_reg=0.0000, acc=0.2624
[ 2022-08-31 14:59:05,787][train_tran.train_nn_models] [Validation] Epoch=191, nll=2450.2739, acc=0.2628
[ 2022-08-31 14:59:19,635][train_tran.train_nn_models] [Training] Epoch=192, loss=2442.2510, nll=2442.2510, l2_reg=0.0000, acc=0.2623
[ 2022-08-31 14:59:19,636][train_tran.train_nn_models] [Validation] Epoch=192, nll=2452.0200, acc=0.2602
[ 2022-08-31 14:59:32,889][train_tran.train_nn_models] [Training] Epoch=193, loss=2444.5774, nll=2444.5774, l2_reg=0.0000, acc=0.2618
[ 2022-08-31 14:59:32,889][train_tran.train_nn_models] [Validation] Epoch=193, nll=2449.6804, acc=0.2642
[ 2022-08-31 14:59:45,891][train_tran.train_nn_models] [Training] Epoch=194, loss=2441.7786, nll=2441.7786, l2_reg=0.0000, acc=0.2623
[ 2022-08-31 14:59:45,891][train_tran.train_nn_models] [Validation] Epoch=194, nll=2459.3792, acc=0.2488
[ 2022-08-31 14:59:59,241][train_tran.train_nn_models] [Training] Epoch=195, loss=2446.9778, nll=2446.9778, l2_reg=0.0000, acc=0.2588
[ 2022-08-31 14:59:59,242][train_tran.train_nn_models] [Validation] Epoch=195, nll=2459.5535, acc=0.2556
[ 2022-08-31 15:00:12,705][train_tran.train_nn_models] [Training] Epoch=196, loss=2447.3022, nll=2447.3022, l2_reg=0.0000, acc=0.2580
[ 2022-08-31 15:00:12,705][train_tran.train_nn_models] [Validation] Epoch=196, nll=2451.0491, acc=0.2618
[ 2022-08-31 15:00:26,474][train_tran.train_nn_models] [Training] Epoch=197, loss=2442.2280, nll=2442.2280, l2_reg=0.0000, acc=0.2620
[ 2022-08-31 15:00:26,475][train_tran.train_nn_models] [Validation] Epoch=197, nll=2453.3936, acc=0.2622
[ 2022-08-31 15:00:40,238][train_tran.train_nn_models] [Training] Epoch=198, loss=2441.9075, nll=2441.9075, l2_reg=0.0000, acc=0.2629
[ 2022-08-31 15:00:40,239][train_tran.train_nn_models] [Validation] Epoch=198, nll=2455.1609, acc=0.2557
[ 2022-08-31 15:00:54,741][train_tran.train_nn_models] [Training] Epoch=199, loss=2443.2437, nll=2443.2437, l2_reg=0.0000, acc=0.2609
[ 2022-08-31 15:00:54,742][train_tran.train_nn_models] [Validation] Epoch=199, nll=2458.7461, acc=0.2545
[ 2022-08-31 15:01:08,095][train_tran.train_nn_models] [Training] Epoch=200, loss=2443.5261, nll=2443.5261, l2_reg=0.0000, acc=0.2608
[ 2022-08-31 15:01:08,096][train_tran.train_nn_models] [Validation] Epoch=200, nll=2449.5505, acc=0.2636
[ 2022-08-31 15:01:21,538][train_tran.train_nn_models] [Training] Epoch=201, loss=2441.7380, nll=2441.7380, l2_reg=0.0000, acc=0.2618
[ 2022-08-31 15:01:21,538][train_tran.train_nn_models] [Validation] Epoch=201, nll=2450.3572, acc=0.2653
[ 2022-08-31 15:01:34,739][train_tran.train_nn_models] [Training] Epoch=202, loss=2439.7673, nll=2439.7673, l2_reg=0.0000, acc=0.2638
[ 2022-08-31 15:01:34,739][train_tran.train_nn_models] [Validation] Epoch=202, nll=2447.8325, acc=0.2652
[ 2022-08-31 15:01:48,206][train_tran.train_nn_models] [Training] Epoch=203, loss=2439.2922, nll=2439.2922, l2_reg=0.0000, acc=0.2643
[ 2022-08-31 15:01:48,207][train_tran.train_nn_models] [Validation] Epoch=203, nll=2449.9517, acc=0.2644
[ 2022-08-31 15:02:01,944][train_tran.train_nn_models] [Training] Epoch=204, loss=2439.6184, nll=2439.6184, l2_reg=0.0000, acc=0.2638
[ 2022-08-31 15:02:01,945][train_tran.train_nn_models] [Validation] Epoch=204, nll=2452.0322, acc=0.2596
[ 2022-08-31 15:02:15,361][train_tran.train_nn_models] [Training] Epoch=205, loss=2440.6375, nll=2440.6375, l2_reg=0.0000, acc=0.2629
[ 2022-08-31 15:02:15,361][train_tran.train_nn_models] [Validation] Epoch=205, nll=2451.4736, acc=0.2587
[ 2022-08-31 15:02:29,625][train_tran.train_nn_models] [Training] Epoch=206, loss=2440.4795, nll=2440.4795, l2_reg=0.0000, acc=0.2633
[ 2022-08-31 15:02:29,625][train_tran.train_nn_models] [Validation] Epoch=206, nll=2447.9231, acc=0.2661
[ 2022-08-31 15:02:42,787][train_tran.train_nn_models] [Training] Epoch=207, loss=2439.0361, nll=2439.0361, l2_reg=0.0000, acc=0.2642
[ 2022-08-31 15:02:42,788][train_tran.train_nn_models] [Validation] Epoch=207, nll=2446.5298, acc=0.2681
[ 2022-08-31 15:02:42,788][train_tran.train_nn_models] Found a better model at epoch 207.
[ 2022-08-31 15:02:56,798][train_tran.train_nn_models] [Training] Epoch=208, loss=2437.6045, nll=2437.6045, l2_reg=0.0000, acc=0.2657
[ 2022-08-31 15:02:56,799][train_tran.train_nn_models] [Validation] Epoch=208, nll=2445.3484, acc=0.2681
[ 2022-08-31 15:02:56,799][train_tran.train_nn_models] Found a better model at epoch 208.
[ 2022-08-31 15:03:10,418][train_tran.train_nn_models] [Training] Epoch=209, loss=2436.8179, nll=2436.8179, l2_reg=0.0000, acc=0.2662
[ 2022-08-31 15:03:10,418][train_tran.train_nn_models] [Validation] Epoch=209, nll=2445.2778, acc=0.2667
[ 2022-08-31 15:03:10,419][train_tran.train_nn_models] Found a better model at epoch 209.
[ 2022-08-31 15:03:24,243][train_tran.train_nn_models] [Training] Epoch=210, loss=2436.0852, nll=2436.0852, l2_reg=0.0000, acc=0.2666
[ 2022-08-31 15:03:24,244][train_tran.train_nn_models] [Validation] Epoch=210, nll=2446.0193, acc=0.2656
[ 2022-08-31 15:03:38,945][train_tran.train_nn_models] [Training] Epoch=211, loss=2436.0920, nll=2436.0920, l2_reg=0.0000, acc=0.2669
[ 2022-08-31 15:03:38,945][train_tran.train_nn_models] [Validation] Epoch=211, nll=2447.1057, acc=0.2645
[ 2022-08-31 15:03:52,763][train_tran.train_nn_models] [Training] Epoch=212, loss=2436.4023, nll=2436.4023, l2_reg=0.0000, acc=0.2662
[ 2022-08-31 15:03:52,763][train_tran.train_nn_models] [Validation] Epoch=212, nll=2446.8142, acc=0.2640
[ 2022-08-31 15:04:06,676][train_tran.train_nn_models] [Training] Epoch=213, loss=2436.3450, nll=2436.3450, l2_reg=0.0000, acc=0.2664
[ 2022-08-31 15:04:06,676][train_tran.train_nn_models] [Validation] Epoch=213, nll=2445.3242, acc=0.2644
[ 2022-08-31 15:04:20,297][train_tran.train_nn_models] [Training] Epoch=214, loss=2435.4927, nll=2435.4927, l2_reg=0.0000, acc=0.2667
[ 2022-08-31 15:04:20,298][train_tran.train_nn_models] [Validation] Epoch=214, nll=2445.2534, acc=0.2649
[ 2022-08-31 15:04:20,298][train_tran.train_nn_models] Found a better model at epoch 214.
[ 2022-08-31 15:04:34,114][train_tran.train_nn_models] [Training] Epoch=215, loss=2434.8948, nll=2434.8948, l2_reg=0.0000, acc=0.2676
[ 2022-08-31 15:04:34,114][train_tran.train_nn_models] [Validation] Epoch=215, nll=2445.6562, acc=0.2640
[ 2022-08-31 15:04:47,592][train_tran.train_nn_models] [Training] Epoch=216, loss=2434.4172, nll=2434.4172, l2_reg=0.0000, acc=0.2681
[ 2022-08-31 15:04:47,593][train_tran.train_nn_models] [Validation] Epoch=216, nll=2446.5891, acc=0.2623
[ 2022-08-31 15:05:01,541][train_tran.train_nn_models] [Training] Epoch=217, loss=2434.3269, nll=2434.3269, l2_reg=0.0000, acc=0.2682
[ 2022-08-31 15:05:01,541][train_tran.train_nn_models] [Validation] Epoch=217, nll=2448.3154, acc=0.2603
[ 2022-08-31 15:05:15,007][train_tran.train_nn_models] [Training] Epoch=218, loss=2435.0266, nll=2435.0266, l2_reg=0.0000, acc=0.2674
[ 2022-08-31 15:05:15,008][train_tran.train_nn_models] [Validation] Epoch=218, nll=2447.8735, acc=0.2618
[ 2022-08-31 15:05:28,462][train_tran.train_nn_models] [Training] Epoch=219, loss=2435.4080, nll=2435.4080, l2_reg=0.0000, acc=0.2664
[ 2022-08-31 15:05:28,462][train_tran.train_nn_models] [Validation] Epoch=219, nll=2445.0337, acc=0.2673
[ 2022-08-31 15:05:28,462][train_tran.train_nn_models] Found a better model at epoch 219.
[ 2022-08-31 15:05:41,960][train_tran.train_nn_models] [Training] Epoch=220, loss=2434.1140, nll=2434.1140, l2_reg=0.0000, acc=0.2679
[ 2022-08-31 15:05:41,960][train_tran.train_nn_models] [Validation] Epoch=220, nll=2445.3142, acc=0.2685
[ 2022-08-31 15:05:56,319][train_tran.train_nn_models] [Training] Epoch=221, loss=2433.4753, nll=2433.4753, l2_reg=0.0000, acc=0.2696
[ 2022-08-31 15:05:56,319][train_tran.train_nn_models] [Validation] Epoch=221, nll=2444.5222, acc=0.2688
[ 2022-08-31 15:05:56,319][train_tran.train_nn_models] Found a better model at epoch 221.
[ 2022-08-31 15:06:10,519][train_tran.train_nn_models] [Training] Epoch=222, loss=2432.3992, nll=2432.3992, l2_reg=0.0000, acc=0.2705
[ 2022-08-31 15:06:10,519][train_tran.train_nn_models] [Validation] Epoch=222, nll=2441.0327, acc=0.2704
[ 2022-08-31 15:06:10,519][train_tran.train_nn_models] Found a better model at epoch 222.
[ 2022-08-31 15:06:24,352][train_tran.train_nn_models] [Training] Epoch=223, loss=2429.8452, nll=2429.8452, l2_reg=0.0000, acc=0.2717
[ 2022-08-31 15:06:24,352][train_tran.train_nn_models] [Validation] Epoch=223, nll=2441.6250, acc=0.2694
[ 2022-08-31 15:06:38,090][train_tran.train_nn_models] [Training] Epoch=224, loss=2429.7534, nll=2429.7534, l2_reg=0.0000, acc=0.2716
[ 2022-08-31 15:06:38,090][train_tran.train_nn_models] [Validation] Epoch=224, nll=2441.3240, acc=0.2687
[ 2022-08-31 15:06:51,114][train_tran.train_nn_models] [Training] Epoch=225, loss=2429.8113, nll=2429.8113, l2_reg=0.0000, acc=0.2718
[ 2022-08-31 15:06:51,114][train_tran.train_nn_models] [Validation] Epoch=225, nll=2444.4778, acc=0.2665
[ 2022-08-31 15:07:04,808][train_tran.train_nn_models] [Training] Epoch=226, loss=2431.9683, nll=2431.9683, l2_reg=0.0000, acc=0.2701
[ 2022-08-31 15:07:04,809][train_tran.train_nn_models] [Validation] Epoch=226, nll=2442.7209, acc=0.2663
[ 2022-08-31 15:07:18,660][train_tran.train_nn_models] [Training] Epoch=227, loss=2431.1482, nll=2431.1482, l2_reg=0.0000, acc=0.2692
[ 2022-08-31 15:07:18,660][train_tran.train_nn_models] [Validation] Epoch=227, nll=2443.9783, acc=0.2677
[ 2022-08-31 15:07:31,733][train_tran.train_nn_models] [Training] Epoch=228, loss=2431.6787, nll=2431.6787, l2_reg=0.0000, acc=0.2694
[ 2022-08-31 15:07:31,734][train_tran.train_nn_models] [Validation] Epoch=228, nll=2438.4521, acc=0.2726
[ 2022-08-31 15:07:31,734][train_tran.train_nn_models] Found a better model at epoch 228.
[ 2022-08-31 15:07:45,057][train_tran.train_nn_models] [Training] Epoch=229, loss=2427.7764, nll=2427.7764, l2_reg=0.0000, acc=0.2730
[ 2022-08-31 15:07:45,058][train_tran.train_nn_models] [Validation] Epoch=229, nll=2438.8640, acc=0.2715
[ 2022-08-31 15:07:58,269][train_tran.train_nn_models] [Training] Epoch=230, loss=2427.5198, nll=2427.5198, l2_reg=0.0000, acc=0.2737
[ 2022-08-31 15:07:58,269][train_tran.train_nn_models] [Validation] Epoch=230, nll=2436.9128, acc=0.2732
[ 2022-08-31 15:07:58,269][train_tran.train_nn_models] Found a better model at epoch 230.
[ 2022-08-31 15:08:10,819][train_tran.train_nn_models] [Training] Epoch=231, loss=2426.8242, nll=2426.8242, l2_reg=0.0000, acc=0.2746
[ 2022-08-31 15:08:10,819][train_tran.train_nn_models] [Validation] Epoch=231, nll=2441.5291, acc=0.2700
[ 2022-08-31 15:08:23,980][train_tran.train_nn_models] [Training] Epoch=232, loss=2430.5981, nll=2430.5981, l2_reg=0.0000, acc=0.2709
[ 2022-08-31 15:08:23,980][train_tran.train_nn_models] [Validation] Epoch=232, nll=2439.5686, acc=0.2713
[ 2022-08-31 15:08:37,680][train_tran.train_nn_models] [Training] Epoch=233, loss=2427.9133, nll=2427.9133, l2_reg=0.0000, acc=0.2726
[ 2022-08-31 15:08:37,680][train_tran.train_nn_models] [Validation] Epoch=233, nll=2439.8992, acc=0.2706
[ 2022-08-31 15:08:51,912][train_tran.train_nn_models] [Training] Epoch=234, loss=2426.8977, nll=2426.8977, l2_reg=0.0000, acc=0.2737
[ 2022-08-31 15:08:51,912][train_tran.train_nn_models] [Validation] Epoch=234, nll=2439.3228, acc=0.2700
[ 2022-08-31 15:09:05,920][train_tran.train_nn_models] [Training] Epoch=235, loss=2426.7349, nll=2426.7349, l2_reg=0.0000, acc=0.2737
[ 2022-08-31 15:09:05,920][train_tran.train_nn_models] [Validation] Epoch=235, nll=2436.0671, acc=0.2735
[ 2022-08-31 15:09:05,920][train_tran.train_nn_models] Found a better model at epoch 235.
[ 2022-08-31 15:09:20,392][train_tran.train_nn_models] [Training] Epoch=236, loss=2425.1560, nll=2425.1560, l2_reg=0.0000, acc=0.2754
[ 2022-08-31 15:09:20,393][train_tran.train_nn_models] [Validation] Epoch=236, nll=2437.5579, acc=0.2729
[ 2022-08-31 15:09:33,525][train_tran.train_nn_models] [Training] Epoch=237, loss=2425.5720, nll=2425.5720, l2_reg=0.0000, acc=0.2751
[ 2022-08-31 15:09:33,526][train_tran.train_nn_models] [Validation] Epoch=237, nll=2439.5667, acc=0.2710
[ 2022-08-31 15:09:47,624][train_tran.train_nn_models] [Training] Epoch=238, loss=2425.9155, nll=2425.9155, l2_reg=0.0000, acc=0.2746
[ 2022-08-31 15:09:47,625][train_tran.train_nn_models] [Validation] Epoch=238, nll=2441.4885, acc=0.2707
[ 2022-08-31 15:10:01,792][train_tran.train_nn_models] [Training] Epoch=239, loss=2424.4541, nll=2424.4541, l2_reg=0.0000, acc=0.2757
[ 2022-08-31 15:10:01,793][train_tran.train_nn_models] [Validation] Epoch=239, nll=2434.4834, acc=0.2748
[ 2022-08-31 15:10:01,793][train_tran.train_nn_models] Found a better model at epoch 239.
[ 2022-08-31 15:10:15,147][train_tran.train_nn_models] [Training] Epoch=240, loss=2423.3928, nll=2423.3928, l2_reg=0.0000, acc=0.2762
[ 2022-08-31 15:10:15,147][train_tran.train_nn_models] [Validation] Epoch=240, nll=2434.3030, acc=0.2748
[ 2022-08-31 15:10:15,148][train_tran.train_nn_models] Found a better model at epoch 240.
[ 2022-08-31 15:10:28,692][train_tran.train_nn_models] [Training] Epoch=241, loss=2422.8425, nll=2422.8425, l2_reg=0.0000, acc=0.2770
[ 2022-08-31 15:10:28,693][train_tran.train_nn_models] [Validation] Epoch=241, nll=2432.6448, acc=0.2759
[ 2022-08-31 15:10:28,693][train_tran.train_nn_models] Found a better model at epoch 241.
[ 2022-08-31 15:10:42,210][train_tran.train_nn_models] [Training] Epoch=242, loss=2421.8848, nll=2421.8848, l2_reg=0.0000, acc=0.2781
[ 2022-08-31 15:10:42,211][train_tran.train_nn_models] [Validation] Epoch=242, nll=2433.6328, acc=0.2748
[ 2022-08-31 15:10:55,443][train_tran.train_nn_models] [Training] Epoch=243, loss=2420.8552, nll=2420.8552, l2_reg=0.0000, acc=0.2781
[ 2022-08-31 15:10:55,443][train_tran.train_nn_models] [Validation] Epoch=243, nll=2434.4976, acc=0.2749
[ 2022-08-31 15:11:09,237][train_tran.train_nn_models] [Training] Epoch=244, loss=2420.3115, nll=2420.3115, l2_reg=0.0000, acc=0.2782
[ 2022-08-31 15:11:09,237][train_tran.train_nn_models] [Validation] Epoch=244, nll=2435.2559, acc=0.2746
[ 2022-08-31 15:11:22,221][train_tran.train_nn_models] [Training] Epoch=245, loss=2420.7119, nll=2420.7119, l2_reg=0.0000, acc=0.2781
[ 2022-08-31 15:11:22,222][train_tran.train_nn_models] [Validation] Epoch=245, nll=2436.0203, acc=0.2741
[ 2022-08-31 15:11:36,055][train_tran.train_nn_models] [Training] Epoch=246, loss=2420.5088, nll=2420.5088, l2_reg=0.0000, acc=0.2784
[ 2022-08-31 15:11:36,055][train_tran.train_nn_models] [Validation] Epoch=246, nll=2431.1409, acc=0.2784
[ 2022-08-31 15:11:36,055][train_tran.train_nn_models] Found a better model at epoch 246.
[ 2022-08-31 15:11:49,924][train_tran.train_nn_models] [Training] Epoch=247, loss=2419.6199, nll=2419.6199, l2_reg=0.0000, acc=0.2785
[ 2022-08-31 15:11:49,925][train_tran.train_nn_models] [Validation] Epoch=247, nll=2431.6675, acc=0.2797
[ 2022-08-31 15:12:02,143][train_tran.train_nn_models] [Training] Epoch=248, loss=2419.7246, nll=2419.7246, l2_reg=0.0000, acc=0.2791
[ 2022-08-31 15:12:02,144][train_tran.train_nn_models] [Validation] Epoch=248, nll=2429.6187, acc=0.2799
[ 2022-08-31 15:12:02,144][train_tran.train_nn_models] Found a better model at epoch 248.
[ 2022-08-31 15:12:14,610][train_tran.train_nn_models] [Training] Epoch=249, loss=2418.2354, nll=2418.2354, l2_reg=0.0000, acc=0.2800
[ 2022-08-31 15:12:14,611][train_tran.train_nn_models] [Validation] Epoch=249, nll=2429.6821, acc=0.2790
[ 2022-08-31 15:12:16,041][train_tran.eval_nll] [Test]nll=2425.5745, acc=0.2713
[ 2022-08-31 16:17:57,632][train_tran.<module>]                    timestamp  ...                                             config
0 2022-08-31 16:17:57.609762  ...  {'model': 'Tran', 'dataset': 'mhp-1K-10', 'inp...
1 2022-08-31 16:17:57.609762  ...  {'model': 'Tran', 'dataset': 'mhp-1K-10', 'inp...
2 2022-08-31 16:17:57.609762  ...  {'model': 'Tran', 'dataset': 'mhp-1K-10', 'inp...
3 2022-08-31 16:17:57.609762  ...  {'model': 'Tran', 'dataset': 'mhp-1K-10', 'inp...
4 2022-08-31 16:17:57.609762  ...  {'model': 'Tran', 'dataset': 'mhp-1K-10', 'inp...
5 2022-08-31 16:17:57.609762  ...  {'model': 'Tran', 'dataset': 'mhp-1K-10', 'inp...

[6 rows x 7 columns]
