[ 2022-08-29 20:21:16,659][train.<module>] Namespace(attr_batch_size=0, basis_type='dyadic', batch_size=64, bucket_seqs=False, cuda=True, dataset='pgem-1K-15', dropout=0.0, embedding_dim=64, epochs=250, hidden_size=64, input_dir='data/input', l2_reg=0, lr=0.0008, max_mean=20.0, model='ERPP', n_bases=7, num_workers=0, occurred_type_only=False, optimizer='Adam', output_dir='data/output', rand_seed=1, rnn='GRU', skip_eval_infectivity=False, skip_pred_next_event=False, split_id=4, steps=50, tune_metric='nll', verbose=False)
[ 2022-08-29 20:21:19,135][train.train_nn_models] [Training] Epoch=0, loss=27556.5312, nll=27556.5312, l2_reg=0.0000, acc=0.1221
[ 2022-08-29 20:21:19,135][train.train_nn_models] [Validation] Epoch=0, nll=22311.4629, acc=0.1011
[ 2022-08-29 20:21:21,448][train.train_nn_models] [Training] Epoch=1, loss=17149.6035, nll=17149.6035, l2_reg=0.0000, acc=0.0811
[ 2022-08-29 20:21:21,460][train.train_nn_models] [Validation] Epoch=1, nll=9572.7471, acc=0.0664
[ 2022-08-29 20:21:23,640][train.train_nn_models] [Training] Epoch=2, loss=5612.6221, nll=5612.6221, l2_reg=0.0000, acc=0.0613
[ 2022-08-29 20:21:23,650][train.train_nn_models] [Validation] Epoch=2, nll=2482.1597, acc=0.0618
[ 2022-08-29 20:21:25,981][train.train_nn_models] [Training] Epoch=3, loss=1907.9061, nll=1907.9061, l2_reg=0.0000, acc=0.0740
[ 2022-08-29 20:21:25,983][train.train_nn_models] [Validation] Epoch=3, nll=1557.3252, acc=0.1077
[ 2022-08-29 20:21:28,197][train.train_nn_models] [Training] Epoch=4, loss=1500.0045, nll=1500.0045, l2_reg=0.0000, acc=0.1306
[ 2022-08-29 20:21:28,198][train.train_nn_models] [Validation] Epoch=4, nll=1460.0219, acc=0.1544
[ 2022-08-29 20:21:30,538][train.train_nn_models] [Training] Epoch=5, loss=1433.3896, nll=1433.3896, l2_reg=0.0000, acc=0.1716
[ 2022-08-29 20:21:30,539][train.train_nn_models] [Validation] Epoch=5, nll=1411.7117, acc=0.1836
[ 2022-08-29 20:21:32,850][train.train_nn_models] [Training] Epoch=6, loss=1396.1732, nll=1396.1732, l2_reg=0.0000, acc=0.1874
[ 2022-08-29 20:21:32,851][train.train_nn_models] [Validation] Epoch=6, nll=1387.9614, acc=0.1875
[ 2022-08-29 20:21:35,229][train.train_nn_models] [Training] Epoch=7, loss=1376.6278, nll=1376.6278, l2_reg=0.0000, acc=0.1867
[ 2022-08-29 20:21:35,230][train.train_nn_models] [Validation] Epoch=7, nll=1374.6085, acc=0.1847
[ 2022-08-29 20:21:37,588][train.train_nn_models] [Training] Epoch=8, loss=1365.7626, nll=1365.7626, l2_reg=0.0000, acc=0.1871
[ 2022-08-29 20:21:37,589][train.train_nn_models] [Validation] Epoch=8, nll=1365.1058, acc=0.1857
[ 2022-08-29 20:21:39,971][train.train_nn_models] [Training] Epoch=9, loss=1357.0956, nll=1357.0956, l2_reg=0.0000, acc=0.1876
[ 2022-08-29 20:21:39,972][train.train_nn_models] [Validation] Epoch=9, nll=1357.6899, acc=0.1845
[ 2022-08-29 20:21:42,320][train.train_nn_models] [Training] Epoch=10, loss=1350.8365, nll=1350.8365, l2_reg=0.0000, acc=0.1872
[ 2022-08-29 20:21:42,338][train.train_nn_models] [Validation] Epoch=10, nll=1352.2389, acc=0.1867
[ 2022-08-29 20:21:44,662][train.train_nn_models] [Training] Epoch=11, loss=1345.4316, nll=1345.4316, l2_reg=0.0000, acc=0.1869
[ 2022-08-29 20:21:44,662][train.train_nn_models] [Validation] Epoch=11, nll=1347.3466, acc=0.1845
[ 2022-08-29 20:21:47,030][train.train_nn_models] [Training] Epoch=12, loss=1340.4303, nll=1340.4303, l2_reg=0.0000, acc=0.1864
[ 2022-08-29 20:21:47,031][train.train_nn_models] [Validation] Epoch=12, nll=1342.3889, acc=0.1836
[ 2022-08-29 20:21:49,467][train.train_nn_models] [Training] Epoch=13, loss=1335.4139, nll=1335.4139, l2_reg=0.0000, acc=0.1865
[ 2022-08-29 20:21:49,468][train.train_nn_models] [Validation] Epoch=13, nll=1337.3517, acc=0.1837
[ 2022-08-29 20:21:51,842][train.train_nn_models] [Training] Epoch=14, loss=1330.3350, nll=1330.3350, l2_reg=0.0000, acc=0.1865
[ 2022-08-29 20:21:51,845][train.train_nn_models] [Validation] Epoch=14, nll=1332.2671, acc=0.1852
[ 2022-08-29 20:21:54,186][train.train_nn_models] [Training] Epoch=15, loss=1325.2050, nll=1325.2050, l2_reg=0.0000, acc=0.1874
[ 2022-08-29 20:21:54,190][train.train_nn_models] [Validation] Epoch=15, nll=1327.1273, acc=0.1829
[ 2022-08-29 20:21:56,559][train.train_nn_models] [Training] Epoch=16, loss=1320.0356, nll=1320.0356, l2_reg=0.0000, acc=0.1880
[ 2022-08-29 20:21:56,561][train.train_nn_models] [Validation] Epoch=16, nll=1321.9783, acc=0.1806
[ 2022-08-29 20:21:58,942][train.train_nn_models] [Training] Epoch=17, loss=1314.8722, nll=1314.8722, l2_reg=0.0000, acc=0.1882
[ 2022-08-29 20:21:58,946][train.train_nn_models] [Validation] Epoch=17, nll=1316.8617, acc=0.1803
[ 2022-08-29 20:22:01,311][train.train_nn_models] [Training] Epoch=18, loss=1309.7513, nll=1309.7513, l2_reg=0.0000, acc=0.1884
[ 2022-08-29 20:22:01,314][train.train_nn_models] [Validation] Epoch=18, nll=1311.7823, acc=0.1814
[ 2022-08-29 20:22:03,995][train.train_nn_models] [Training] Epoch=19, loss=1304.6794, nll=1304.6794, l2_reg=0.0000, acc=0.1885
[ 2022-08-29 20:22:03,999][train.train_nn_models] [Validation] Epoch=19, nll=1306.7551, acc=0.1809
[ 2022-08-29 20:22:06,987][train.train_nn_models] [Training] Epoch=20, loss=1299.6736, nll=1299.6736, l2_reg=0.0000, acc=0.1884
[ 2022-08-29 20:22:06,990][train.train_nn_models] [Validation] Epoch=20, nll=1301.8094, acc=0.1804
[ 2022-08-29 20:22:10,007][train.train_nn_models] [Training] Epoch=21, loss=1294.7501, nll=1294.7501, l2_reg=0.0000, acc=0.1881
[ 2022-08-29 20:22:10,010][train.train_nn_models] [Validation] Epoch=21, nll=1296.9589, acc=0.1807
[ 2022-08-29 20:22:12,984][train.train_nn_models] [Training] Epoch=22, loss=1289.9222, nll=1289.9222, l2_reg=0.0000, acc=0.1883
[ 2022-08-29 20:22:12,990][train.train_nn_models] [Validation] Epoch=22, nll=1292.2133, acc=0.1815
[ 2022-08-29 20:22:15,973][train.train_nn_models] [Training] Epoch=23, loss=1285.2019, nll=1285.2019, l2_reg=0.0000, acc=0.1880
[ 2022-08-29 20:22:15,977][train.train_nn_models] [Validation] Epoch=23, nll=1287.5858, acc=0.1818
[ 2022-08-29 20:22:18,938][train.train_nn_models] [Training] Epoch=24, loss=1280.6047, nll=1280.6047, l2_reg=0.0000, acc=0.1881
[ 2022-08-29 20:22:18,941][train.train_nn_models] [Validation] Epoch=24, nll=1283.0868, acc=0.1807
[ 2022-08-29 20:22:21,928][train.train_nn_models] [Training] Epoch=25, loss=1276.1415, nll=1276.1415, l2_reg=0.0000, acc=0.1879
[ 2022-08-29 20:22:21,931][train.train_nn_models] [Validation] Epoch=25, nll=1278.7333, acc=0.1800
[ 2022-08-29 20:22:24,933][train.train_nn_models] [Training] Epoch=26, loss=1271.8368, nll=1271.8368, l2_reg=0.0000, acc=0.1876
[ 2022-08-29 20:22:24,936][train.train_nn_models] [Validation] Epoch=26, nll=1274.5586, acc=0.1813
[ 2022-08-29 20:22:27,925][train.train_nn_models] [Training] Epoch=27, loss=1267.7280, nll=1267.7280, l2_reg=0.0000, acc=0.1874
[ 2022-08-29 20:22:27,928][train.train_nn_models] [Validation] Epoch=27, nll=1270.6030, acc=0.1809
[ 2022-08-29 20:22:30,925][train.train_nn_models] [Training] Epoch=28, loss=1263.8557, nll=1263.8557, l2_reg=0.0000, acc=0.1871
[ 2022-08-29 20:22:30,928][train.train_nn_models] [Validation] Epoch=28, nll=1266.8977, acc=0.1810
[ 2022-08-29 20:22:33,929][train.train_nn_models] [Training] Epoch=29, loss=1260.2489, nll=1260.2489, l2_reg=0.0000, acc=0.1875
[ 2022-08-29 20:22:33,932][train.train_nn_models] [Validation] Epoch=29, nll=1263.4780, acc=0.1802
[ 2022-08-29 20:22:36,956][train.train_nn_models] [Training] Epoch=30, loss=1256.9198, nll=1256.9198, l2_reg=0.0000, acc=0.1874
[ 2022-08-29 20:22:36,958][train.train_nn_models] [Validation] Epoch=30, nll=1260.3385, acc=0.1807
[ 2022-08-29 20:22:39,954][train.train_nn_models] [Training] Epoch=31, loss=1253.8723, nll=1253.8723, l2_reg=0.0000, acc=0.1870
[ 2022-08-29 20:22:39,957][train.train_nn_models] [Validation] Epoch=31, nll=1257.4731, acc=0.1802
[ 2022-08-29 20:22:42,986][train.train_nn_models] [Training] Epoch=32, loss=1251.0813, nll=1251.0813, l2_reg=0.0000, acc=0.1871
[ 2022-08-29 20:22:42,989][train.train_nn_models] [Validation] Epoch=32, nll=1254.8367, acc=0.1813
[ 2022-08-29 20:22:45,574][train.train_nn_models] [Training] Epoch=33, loss=1248.5222, nll=1248.5222, l2_reg=0.0000, acc=0.1874
[ 2022-08-29 20:22:45,577][train.train_nn_models] [Validation] Epoch=33, nll=1252.4216, acc=0.1823
[ 2022-08-29 20:22:48,104][train.train_nn_models] [Training] Epoch=34, loss=1246.1742, nll=1246.1742, l2_reg=0.0000, acc=0.1871
[ 2022-08-29 20:22:48,107][train.train_nn_models] [Validation] Epoch=34, nll=1250.1989, acc=0.1818
[ 2022-08-29 20:22:50,611][train.train_nn_models] [Training] Epoch=35, loss=1244.0193, nll=1244.0193, l2_reg=0.0000, acc=0.1873
[ 2022-08-29 20:22:50,613][train.train_nn_models] [Validation] Epoch=35, nll=1248.1652, acc=0.1818
[ 2022-08-29 20:22:53,056][train.train_nn_models] [Training] Epoch=36, loss=1242.0428, nll=1242.0428, l2_reg=0.0000, acc=0.1874
[ 2022-08-29 20:22:53,059][train.train_nn_models] [Validation] Epoch=36, nll=1246.2927, acc=0.1818
[ 2022-08-29 20:22:55,553][train.train_nn_models] [Training] Epoch=37, loss=1240.2306, nll=1240.2306, l2_reg=0.0000, acc=0.1874
[ 2022-08-29 20:22:55,555][train.train_nn_models] [Validation] Epoch=37, nll=1244.5798, acc=0.1824
[ 2022-08-29 20:22:57,870][train.train_nn_models] [Training] Epoch=38, loss=1238.5654, nll=1238.5654, l2_reg=0.0000, acc=0.1873
[ 2022-08-29 20:22:57,872][train.train_nn_models] [Validation] Epoch=38, nll=1242.9907, acc=0.1826
[ 2022-08-29 20:23:00,324][train.train_nn_models] [Training] Epoch=39, loss=1237.0394, nll=1237.0394, l2_reg=0.0000, acc=0.1874
[ 2022-08-29 20:23:00,327][train.train_nn_models] [Validation] Epoch=39, nll=1241.5521, acc=0.1826
[ 2022-08-29 20:23:02,606][train.train_nn_models] [Training] Epoch=40, loss=1235.6387, nll=1235.6387, l2_reg=0.0000, acc=0.1873
[ 2022-08-29 20:23:02,609][train.train_nn_models] [Validation] Epoch=40, nll=1240.1998, acc=0.1827
[ 2022-08-29 20:23:05,059][train.train_nn_models] [Training] Epoch=41, loss=1234.3531, nll=1234.3531, l2_reg=0.0000, acc=0.1875
[ 2022-08-29 20:23:05,062][train.train_nn_models] [Validation] Epoch=41, nll=1239.0099, acc=0.1826
[ 2022-08-29 20:23:07,444][train.train_nn_models] [Training] Epoch=42, loss=1233.1775, nll=1233.1775, l2_reg=0.0000, acc=0.1875
[ 2022-08-29 20:23:07,445][train.train_nn_models] [Validation] Epoch=42, nll=1237.8634, acc=0.1834
[ 2022-08-29 20:23:09,854][train.train_nn_models] [Training] Epoch=43, loss=1232.0872, nll=1232.0872, l2_reg=0.0000, acc=0.1875
[ 2022-08-29 20:23:09,855][train.train_nn_models] [Validation] Epoch=43, nll=1236.8571, acc=0.1825
[ 2022-08-29 20:23:12,212][train.train_nn_models] [Training] Epoch=44, loss=1231.0923, nll=1231.0923, l2_reg=0.0000, acc=0.1875
[ 2022-08-29 20:23:12,215][train.train_nn_models] [Validation] Epoch=44, nll=1235.8959, acc=0.1829
[ 2022-08-29 20:23:14,585][train.train_nn_models] [Training] Epoch=45, loss=1230.1638, nll=1230.1638, l2_reg=0.0000, acc=0.1873
[ 2022-08-29 20:23:14,588][train.train_nn_models] [Validation] Epoch=45, nll=1235.0338, acc=0.1819
[ 2022-08-29 20:23:17,012][train.train_nn_models] [Training] Epoch=46, loss=1229.3110, nll=1229.3110, l2_reg=0.0000, acc=0.1875
[ 2022-08-29 20:23:17,014][train.train_nn_models] [Validation] Epoch=46, nll=1234.2097, acc=0.1828
[ 2022-08-29 20:23:19,284][train.train_nn_models] [Training] Epoch=47, loss=1228.5155, nll=1228.5155, l2_reg=0.0000, acc=0.1876
[ 2022-08-29 20:23:19,287][train.train_nn_models] [Validation] Epoch=47, nll=1233.4733, acc=0.1824
[ 2022-08-29 20:23:21,880][train.train_nn_models] [Training] Epoch=48, loss=1227.7819, nll=1227.7819, l2_reg=0.0000, acc=0.1877
[ 2022-08-29 20:23:21,883][train.train_nn_models] [Validation] Epoch=48, nll=1232.7714, acc=0.1828
[ 2022-08-29 20:23:24,169][train.train_nn_models] [Training] Epoch=49, loss=1227.0942, nll=1227.0942, l2_reg=0.0000, acc=0.1878
[ 2022-08-29 20:23:24,171][train.train_nn_models] [Validation] Epoch=49, nll=1232.1252, acc=0.1827
[ 2022-08-29 20:23:26,753][train.train_nn_models] [Training] Epoch=50, loss=1226.4547, nll=1226.4547, l2_reg=0.0000, acc=0.1877
[ 2022-08-29 20:23:26,755][train.train_nn_models] [Validation] Epoch=50, nll=1231.5173, acc=0.1832
[ 2022-08-29 20:23:29,040][train.train_nn_models] [Training] Epoch=51, loss=1225.8567, nll=1225.8567, l2_reg=0.0000, acc=0.1877
[ 2022-08-29 20:23:29,042][train.train_nn_models] [Validation] Epoch=51, nll=1230.9542, acc=0.1833
[ 2022-08-29 20:23:31,435][train.train_nn_models] [Training] Epoch=52, loss=1225.2986, nll=1225.2986, l2_reg=0.0000, acc=0.1877
[ 2022-08-29 20:23:31,438][train.train_nn_models] [Validation] Epoch=52, nll=1230.4286, acc=0.1829
[ 2022-08-29 20:23:33,814][train.train_nn_models] [Training] Epoch=53, loss=1224.7756, nll=1224.7756, l2_reg=0.0000, acc=0.1878
[ 2022-08-29 20:23:33,817][train.train_nn_models] [Validation] Epoch=53, nll=1229.9364, acc=0.1828
[ 2022-08-29 20:23:36,140][train.train_nn_models] [Training] Epoch=54, loss=1224.2837, nll=1224.2837, l2_reg=0.0000, acc=0.1878
[ 2022-08-29 20:23:36,142][train.train_nn_models] [Validation] Epoch=54, nll=1229.4717, acc=0.1828
[ 2022-08-29 20:23:38,585][train.train_nn_models] [Training] Epoch=55, loss=1223.8213, nll=1223.8213, l2_reg=0.0000, acc=0.1879
[ 2022-08-29 20:23:38,588][train.train_nn_models] [Validation] Epoch=55, nll=1229.0386, acc=0.1831
[ 2022-08-29 20:23:40,935][train.train_nn_models] [Training] Epoch=56, loss=1223.3859, nll=1223.3859, l2_reg=0.0000, acc=0.1877
[ 2022-08-29 20:23:40,937][train.train_nn_models] [Validation] Epoch=56, nll=1228.6190, acc=0.1837
[ 2022-08-29 20:23:43,393][train.train_nn_models] [Training] Epoch=57, loss=1222.9760, nll=1222.9760, l2_reg=0.0000, acc=0.1879
[ 2022-08-29 20:23:43,395][train.train_nn_models] [Validation] Epoch=57, nll=1228.2440, acc=0.1839
[ 2022-08-29 20:23:45,683][train.train_nn_models] [Training] Epoch=58, loss=1222.5898, nll=1222.5898, l2_reg=0.0000, acc=0.1880
[ 2022-08-29 20:23:45,685][train.train_nn_models] [Validation] Epoch=58, nll=1227.8650, acc=0.1842
[ 2022-08-29 20:23:48,129][train.train_nn_models] [Training] Epoch=59, loss=1222.2257, nll=1222.2257, l2_reg=0.0000, acc=0.1878
[ 2022-08-29 20:23:48,131][train.train_nn_models] [Validation] Epoch=59, nll=1227.5376, acc=0.1844
[ 2022-08-29 20:23:50,467][train.train_nn_models] [Training] Epoch=60, loss=1221.8809, nll=1221.8809, l2_reg=0.0000, acc=0.1881
[ 2022-08-29 20:23:50,469][train.train_nn_models] [Validation] Epoch=60, nll=1227.2075, acc=0.1837
[ 2022-08-29 20:23:52,860][train.train_nn_models] [Training] Epoch=61, loss=1221.5509, nll=1221.5509, l2_reg=0.0000, acc=0.1881
[ 2022-08-29 20:23:52,863][train.train_nn_models] [Validation] Epoch=61, nll=1226.8964, acc=0.1828
[ 2022-08-29 20:23:55,212][train.train_nn_models] [Training] Epoch=62, loss=1221.2413, nll=1221.2413, l2_reg=0.0000, acc=0.1883
[ 2022-08-29 20:23:55,214][train.train_nn_models] [Validation] Epoch=62, nll=1226.6161, acc=0.1838
[ 2022-08-29 20:23:57,558][train.train_nn_models] [Training] Epoch=63, loss=1220.9449, nll=1220.9449, l2_reg=0.0000, acc=0.1884
[ 2022-08-29 20:23:57,561][train.train_nn_models] [Validation] Epoch=63, nll=1226.3333, acc=0.1837
[ 2022-08-29 20:23:59,905][train.train_nn_models] [Training] Epoch=64, loss=1220.6630, nll=1220.6630, l2_reg=0.0000, acc=0.1884
[ 2022-08-29 20:23:59,907][train.train_nn_models] [Validation] Epoch=64, nll=1226.0753, acc=0.1836
[ 2022-08-29 20:24:02,587][train.train_nn_models] [Training] Epoch=65, loss=1220.3953, nll=1220.3953, l2_reg=0.0000, acc=0.1884
[ 2022-08-29 20:24:02,589][train.train_nn_models] [Validation] Epoch=65, nll=1225.8248, acc=0.1838
[ 2022-08-29 20:24:05,457][train.train_nn_models] [Training] Epoch=66, loss=1220.1395, nll=1220.1395, l2_reg=0.0000, acc=0.1883
[ 2022-08-29 20:24:05,460][train.train_nn_models] [Validation] Epoch=66, nll=1225.5872, acc=0.1837
[ 2022-08-29 20:24:08,197][train.train_nn_models] [Training] Epoch=67, loss=1219.8956, nll=1219.8956, l2_reg=0.0000, acc=0.1884
[ 2022-08-29 20:24:08,200][train.train_nn_models] [Validation] Epoch=67, nll=1225.3599, acc=0.1839
[ 2022-08-29 20:24:10,992][train.train_nn_models] [Training] Epoch=68, loss=1219.6632, nll=1219.6632, l2_reg=0.0000, acc=0.1882
[ 2022-08-29 20:24:10,995][train.train_nn_models] [Validation] Epoch=68, nll=1225.1451, acc=0.1839
[ 2022-08-29 20:24:13,876][train.train_nn_models] [Training] Epoch=69, loss=1219.4402, nll=1219.4402, l2_reg=0.0000, acc=0.1882
[ 2022-08-29 20:24:13,878][train.train_nn_models] [Validation] Epoch=69, nll=1224.9377, acc=0.1839
[ 2022-08-29 20:24:16,647][train.train_nn_models] [Training] Epoch=70, loss=1219.2261, nll=1219.2261, l2_reg=0.0000, acc=0.1881
[ 2022-08-29 20:24:16,650][train.train_nn_models] [Validation] Epoch=70, nll=1224.7405, acc=0.1838
[ 2022-08-29 20:24:19,471][train.train_nn_models] [Training] Epoch=71, loss=1219.0199, nll=1219.0199, l2_reg=0.0000, acc=0.1881
[ 2022-08-29 20:24:19,473][train.train_nn_models] [Validation] Epoch=71, nll=1224.5494, acc=0.1841
[ 2022-08-29 20:24:22,368][train.train_nn_models] [Training] Epoch=72, loss=1218.8215, nll=1218.8215, l2_reg=0.0000, acc=0.1882
[ 2022-08-29 20:24:22,370][train.train_nn_models] [Validation] Epoch=72, nll=1224.3674, acc=0.1846
[ 2022-08-29 20:24:25,180][train.train_nn_models] [Training] Epoch=73, loss=1218.6294, nll=1218.6294, l2_reg=0.0000, acc=0.1881
[ 2022-08-29 20:24:25,182][train.train_nn_models] [Validation] Epoch=73, nll=1224.1879, acc=0.1842
[ 2022-08-29 20:24:27,968][train.train_nn_models] [Training] Epoch=74, loss=1218.4434, nll=1218.4434, l2_reg=0.0000, acc=0.1881
[ 2022-08-29 20:24:27,970][train.train_nn_models] [Validation] Epoch=74, nll=1224.0133, acc=0.1838
[ 2022-08-29 20:24:30,814][train.train_nn_models] [Training] Epoch=75, loss=1218.2633, nll=1218.2633, l2_reg=0.0000, acc=0.1881
[ 2022-08-29 20:24:30,816][train.train_nn_models] [Validation] Epoch=75, nll=1223.8441, acc=0.1834
[ 2022-08-29 20:24:33,649][train.train_nn_models] [Training] Epoch=76, loss=1218.0878, nll=1218.0878, l2_reg=0.0000, acc=0.1880
[ 2022-08-29 20:24:33,652][train.train_nn_models] [Validation] Epoch=76, nll=1223.6820, acc=0.1833
[ 2022-08-29 20:24:36,472][train.train_nn_models] [Training] Epoch=77, loss=1217.9166, nll=1217.9166, l2_reg=0.0000, acc=0.1880
[ 2022-08-29 20:24:36,474][train.train_nn_models] [Validation] Epoch=77, nll=1223.5256, acc=0.1832
[ 2022-08-29 20:24:39,392][train.train_nn_models] [Training] Epoch=78, loss=1217.7493, nll=1217.7493, l2_reg=0.0000, acc=0.1881
[ 2022-08-29 20:24:39,395][train.train_nn_models] [Validation] Epoch=78, nll=1223.3721, acc=0.1828
[ 2022-08-29 20:24:42,253][train.train_nn_models] [Training] Epoch=79, loss=1217.5856, nll=1217.5856, l2_reg=0.0000, acc=0.1881
[ 2022-08-29 20:24:42,256][train.train_nn_models] [Validation] Epoch=79, nll=1223.2217, acc=0.1831
[ 2022-08-29 20:24:45,103][train.train_nn_models] [Training] Epoch=80, loss=1217.4250, nll=1217.4250, l2_reg=0.0000, acc=0.1881
[ 2022-08-29 20:24:45,104][train.train_nn_models] [Validation] Epoch=80, nll=1223.0767, acc=0.1832
[ 2022-08-29 20:24:48,048][train.train_nn_models] [Training] Epoch=81, loss=1217.2664, nll=1217.2664, l2_reg=0.0000, acc=0.1881
[ 2022-08-29 20:24:48,051][train.train_nn_models] [Validation] Epoch=81, nll=1222.9390, acc=0.1838
[ 2022-08-29 20:24:50,965][train.train_nn_models] [Training] Epoch=82, loss=1217.1102, nll=1217.1102, l2_reg=0.0000, acc=0.1881
[ 2022-08-29 20:24:50,968][train.train_nn_models] [Validation] Epoch=82, nll=1222.8020, acc=0.1836
[ 2022-08-29 20:24:53,826][train.train_nn_models] [Training] Epoch=83, loss=1216.9559, nll=1216.9559, l2_reg=0.0000, acc=0.1879
[ 2022-08-29 20:24:53,828][train.train_nn_models] [Validation] Epoch=83, nll=1222.6664, acc=0.1837
[ 2022-08-29 20:24:56,813][train.train_nn_models] [Training] Epoch=84, loss=1216.8044, nll=1216.8044, l2_reg=0.0000, acc=0.1880
[ 2022-08-29 20:24:56,815][train.train_nn_models] [Validation] Epoch=84, nll=1222.5321, acc=0.1831
[ 2022-08-29 20:24:59,751][train.train_nn_models] [Training] Epoch=85, loss=1216.6556, nll=1216.6556, l2_reg=0.0000, acc=0.1880
[ 2022-08-29 20:24:59,753][train.train_nn_models] [Validation] Epoch=85, nll=1222.3973, acc=0.1827
[ 2022-08-29 20:25:02,341][train.train_nn_models] [Training] Epoch=86, loss=1216.5087, nll=1216.5087, l2_reg=0.0000, acc=0.1881
[ 2022-08-29 20:25:02,343][train.train_nn_models] [Validation] Epoch=86, nll=1222.2654, acc=0.1829
[ 2022-08-29 20:25:04,813][train.train_nn_models] [Training] Epoch=87, loss=1216.3634, nll=1216.3634, l2_reg=0.0000, acc=0.1879
[ 2022-08-29 20:25:04,815][train.train_nn_models] [Validation] Epoch=87, nll=1222.1333, acc=0.1831
[ 2022-08-29 20:25:07,094][train.train_nn_models] [Training] Epoch=88, loss=1216.2201, nll=1216.2201, l2_reg=0.0000, acc=0.1881
[ 2022-08-29 20:25:07,096][train.train_nn_models] [Validation] Epoch=88, nll=1222.0037, acc=0.1834
[ 2022-08-29 20:25:09,558][train.train_nn_models] [Training] Epoch=89, loss=1216.0780, nll=1216.0780, l2_reg=0.0000, acc=0.1883
[ 2022-08-29 20:25:09,560][train.train_nn_models] [Validation] Epoch=89, nll=1221.8766, acc=0.1833
[ 2022-08-29 20:25:11,820][train.train_nn_models] [Training] Epoch=90, loss=1215.9375, nll=1215.9375, l2_reg=0.0000, acc=0.1881
[ 2022-08-29 20:25:11,822][train.train_nn_models] [Validation] Epoch=90, nll=1221.7504, acc=0.1826
[ 2022-08-29 20:25:14,290][train.train_nn_models] [Training] Epoch=91, loss=1215.7988, nll=1215.7988, l2_reg=0.0000, acc=0.1880
[ 2022-08-29 20:25:14,292][train.train_nn_models] [Validation] Epoch=91, nll=1221.6252, acc=0.1826
[ 2022-08-29 20:25:16,623][train.train_nn_models] [Training] Epoch=92, loss=1215.6619, nll=1215.6619, l2_reg=0.0000, acc=0.1879
[ 2022-08-29 20:25:16,626][train.train_nn_models] [Validation] Epoch=92, nll=1221.5017, acc=0.1826
[ 2022-08-29 20:25:18,991][train.train_nn_models] [Training] Epoch=93, loss=1215.5265, nll=1215.5265, l2_reg=0.0000, acc=0.1876
[ 2022-08-29 20:25:18,993][train.train_nn_models] [Validation] Epoch=93, nll=1221.3783, acc=0.1835
[ 2022-08-29 20:25:21,260][train.train_nn_models] [Training] Epoch=94, loss=1215.3929, nll=1215.3929, l2_reg=0.0000, acc=0.1877
[ 2022-08-29 20:25:21,263][train.train_nn_models] [Validation] Epoch=94, nll=1221.2567, acc=0.1837
[ 2022-08-29 20:25:23,617][train.train_nn_models] [Training] Epoch=95, loss=1215.2611, nll=1215.2611, l2_reg=0.0000, acc=0.1878
[ 2022-08-29 20:25:23,618][train.train_nn_models] [Validation] Epoch=95, nll=1221.1366, acc=0.1840
[ 2022-08-29 20:25:25,957][train.train_nn_models] [Training] Epoch=96, loss=1215.1309, nll=1215.1309, l2_reg=0.0000, acc=0.1878
[ 2022-08-29 20:25:25,959][train.train_nn_models] [Validation] Epoch=96, nll=1221.0178, acc=0.1840
[ 2022-08-29 20:25:28,356][train.train_nn_models] [Training] Epoch=97, loss=1215.0026, nll=1215.0026, l2_reg=0.0000, acc=0.1877
[ 2022-08-29 20:25:28,358][train.train_nn_models] [Validation] Epoch=97, nll=1220.9008, acc=0.1841
[ 2022-08-29 20:25:30,751][train.train_nn_models] [Training] Epoch=98, loss=1214.8757, nll=1214.8757, l2_reg=0.0000, acc=0.1877
[ 2022-08-29 20:25:30,753][train.train_nn_models] [Validation] Epoch=98, nll=1220.7849, acc=0.1842
[ 2022-08-29 20:25:33,035][train.train_nn_models] [Training] Epoch=99, loss=1214.7507, nll=1214.7507, l2_reg=0.0000, acc=0.1875
[ 2022-08-29 20:25:33,037][train.train_nn_models] [Validation] Epoch=99, nll=1220.6708, acc=0.1836
[ 2022-08-29 20:25:35,638][train.train_nn_models] [Training] Epoch=100, loss=1214.6274, nll=1214.6274, l2_reg=0.0000, acc=0.1874
[ 2022-08-29 20:25:35,640][train.train_nn_models] [Validation] Epoch=100, nll=1220.5586, acc=0.1833
[ 2022-08-29 20:25:38,406][train.train_nn_models] [Training] Epoch=101, loss=1214.5061, nll=1214.5061, l2_reg=0.0000, acc=0.1874
[ 2022-08-29 20:25:38,408][train.train_nn_models] [Validation] Epoch=101, nll=1220.4482, acc=0.1829
[ 2022-08-29 20:25:40,764][train.train_nn_models] [Training] Epoch=102, loss=1214.3867, nll=1214.3867, l2_reg=0.0000, acc=0.1873
[ 2022-08-29 20:25:40,766][train.train_nn_models] [Validation] Epoch=102, nll=1220.3401, acc=0.1831
[ 2022-08-29 20:25:43,128][train.train_nn_models] [Training] Epoch=103, loss=1214.2695, nll=1214.2695, l2_reg=0.0000, acc=0.1873
[ 2022-08-29 20:25:43,130][train.train_nn_models] [Validation] Epoch=103, nll=1220.2335, acc=0.1834
[ 2022-08-29 20:25:45,469][train.train_nn_models] [Training] Epoch=104, loss=1214.1543, nll=1214.1543, l2_reg=0.0000, acc=0.1874
[ 2022-08-29 20:25:45,471][train.train_nn_models] [Validation] Epoch=104, nll=1220.1293, acc=0.1829
[ 2022-08-29 20:25:47,800][train.train_nn_models] [Training] Epoch=105, loss=1214.0413, nll=1214.0413, l2_reg=0.0000, acc=0.1872
[ 2022-08-29 20:25:47,802][train.train_nn_models] [Validation] Epoch=105, nll=1220.0271, acc=0.1829
[ 2022-08-29 20:25:50,163][train.train_nn_models] [Training] Epoch=106, loss=1213.9305, nll=1213.9305, l2_reg=0.0000, acc=0.1877
[ 2022-08-29 20:25:50,166][train.train_nn_models] [Validation] Epoch=106, nll=1219.9268, acc=0.1826
[ 2022-08-29 20:25:52,554][train.train_nn_models] [Training] Epoch=107, loss=1213.8220, nll=1213.8220, l2_reg=0.0000, acc=0.1875
[ 2022-08-29 20:25:52,556][train.train_nn_models] [Validation] Epoch=107, nll=1219.8289, acc=0.1827
[ 2022-08-29 20:25:54,900][train.train_nn_models] [Training] Epoch=108, loss=1213.7159, nll=1213.7159, l2_reg=0.0000, acc=0.1872
[ 2022-08-29 20:25:54,902][train.train_nn_models] [Validation] Epoch=108, nll=1219.7328, acc=0.1826
[ 2022-08-29 20:25:57,255][train.train_nn_models] [Training] Epoch=109, loss=1213.6119, nll=1213.6119, l2_reg=0.0000, acc=0.1872
[ 2022-08-29 20:25:57,257][train.train_nn_models] [Validation] Epoch=109, nll=1219.6390, acc=0.1822
[ 2022-08-29 20:25:59,627][train.train_nn_models] [Training] Epoch=110, loss=1213.5105, nll=1213.5105, l2_reg=0.0000, acc=0.1872
[ 2022-08-29 20:25:59,629][train.train_nn_models] [Validation] Epoch=110, nll=1219.5470, acc=0.1823
[ 2022-08-29 20:26:01,962][train.train_nn_models] [Training] Epoch=111, loss=1213.4114, nll=1213.4114, l2_reg=0.0000, acc=0.1872
[ 2022-08-29 20:26:01,964][train.train_nn_models] [Validation] Epoch=111, nll=1219.4578, acc=0.1822
[ 2022-08-29 20:26:04,315][train.train_nn_models] [Training] Epoch=112, loss=1213.3146, nll=1213.3146, l2_reg=0.0000, acc=0.1873
[ 2022-08-29 20:26:04,317][train.train_nn_models] [Validation] Epoch=112, nll=1219.3704, acc=0.1818
[ 2022-08-29 20:26:06,799][train.train_nn_models] [Training] Epoch=113, loss=1213.2201, nll=1213.2201, l2_reg=0.0000, acc=0.1871
[ 2022-08-29 20:26:06,801][train.train_nn_models] [Validation] Epoch=113, nll=1219.2849, acc=0.1818
[ 2022-08-29 20:26:09,235][train.train_nn_models] [Training] Epoch=114, loss=1213.1279, nll=1213.1279, l2_reg=0.0000, acc=0.1870
[ 2022-08-29 20:26:09,238][train.train_nn_models] [Validation] Epoch=114, nll=1219.2015, acc=0.1823
[ 2022-08-29 20:26:11,701][train.train_nn_models] [Training] Epoch=115, loss=1213.0378, nll=1213.0378, l2_reg=0.0000, acc=0.1869
[ 2022-08-29 20:26:11,703][train.train_nn_models] [Validation] Epoch=115, nll=1219.1205, acc=0.1832
[ 2022-08-29 20:26:14,170][train.train_nn_models] [Training] Epoch=116, loss=1212.9500, nll=1212.9500, l2_reg=0.0000, acc=0.1869
[ 2022-08-29 20:26:14,172][train.train_nn_models] [Validation] Epoch=116, nll=1219.0405, acc=0.1840
[ 2022-08-29 20:26:16,649][train.train_nn_models] [Training] Epoch=117, loss=1212.8639, nll=1212.8639, l2_reg=0.0000, acc=0.1871
[ 2022-08-29 20:26:16,651][train.train_nn_models] [Validation] Epoch=117, nll=1218.9626, acc=0.1839
[ 2022-08-29 20:26:19,141][train.train_nn_models] [Training] Epoch=118, loss=1212.7800, nll=1212.7800, l2_reg=0.0000, acc=0.1872
[ 2022-08-29 20:26:19,143][train.train_nn_models] [Validation] Epoch=118, nll=1218.8859, acc=0.1838
[ 2022-08-29 20:26:21,627][train.train_nn_models] [Training] Epoch=119, loss=1212.6980, nll=1212.6980, l2_reg=0.0000, acc=0.1876
[ 2022-08-29 20:26:21,629][train.train_nn_models] [Validation] Epoch=119, nll=1218.8114, acc=0.1840
[ 2022-08-29 20:26:24,122][train.train_nn_models] [Training] Epoch=120, loss=1212.6177, nll=1212.6177, l2_reg=0.0000, acc=0.1876
[ 2022-08-29 20:26:24,124][train.train_nn_models] [Validation] Epoch=120, nll=1218.7383, acc=0.1852
[ 2022-08-29 20:26:26,605][train.train_nn_models] [Training] Epoch=121, loss=1212.5386, nll=1212.5386, l2_reg=0.0000, acc=0.1876
[ 2022-08-29 20:26:26,607][train.train_nn_models] [Validation] Epoch=121, nll=1218.6661, acc=0.1854
[ 2022-08-29 20:26:29,073][train.train_nn_models] [Training] Epoch=122, loss=1212.4615, nll=1212.4615, l2_reg=0.0000, acc=0.1878
[ 2022-08-29 20:26:29,075][train.train_nn_models] [Validation] Epoch=122, nll=1218.5950, acc=0.1852
[ 2022-08-29 20:26:31,568][train.train_nn_models] [Training] Epoch=123, loss=1212.3856, nll=1212.3856, l2_reg=0.0000, acc=0.1880
[ 2022-08-29 20:26:31,570][train.train_nn_models] [Validation] Epoch=123, nll=1218.5249, acc=0.1849
[ 2022-08-29 20:26:34,038][train.train_nn_models] [Training] Epoch=124, loss=1212.3109, nll=1212.3109, l2_reg=0.0000, acc=0.1883
[ 2022-08-29 20:26:34,041][train.train_nn_models] [Validation] Epoch=124, nll=1218.4554, acc=0.1846
[ 2022-08-29 20:26:36,466][train.train_nn_models] [Training] Epoch=125, loss=1212.2374, nll=1212.2374, l2_reg=0.0000, acc=0.1882
[ 2022-08-29 20:26:36,469][train.train_nn_models] [Validation] Epoch=125, nll=1218.3871, acc=0.1844
[ 2022-08-29 20:26:38,924][train.train_nn_models] [Training] Epoch=126, loss=1212.1650, nll=1212.1650, l2_reg=0.0000, acc=0.1884
[ 2022-08-29 20:26:38,927][train.train_nn_models] [Validation] Epoch=126, nll=1218.3192, acc=0.1837
[ 2022-08-29 20:26:38,928][train.train_nn_models] Found a better model at epoch 126.
[ 2022-08-29 20:26:41,392][train.train_nn_models] [Training] Epoch=127, loss=1212.0936, nll=1212.0936, l2_reg=0.0000, acc=0.1886
[ 2022-08-29 20:26:41,394][train.train_nn_models] [Validation] Epoch=127, nll=1218.2513, acc=0.1830
[ 2022-08-29 20:26:41,396][train.train_nn_models] Found a better model at epoch 127.
[ 2022-08-29 20:26:43,909][train.train_nn_models] [Training] Epoch=128, loss=1212.0228, nll=1212.0228, l2_reg=0.0000, acc=0.1884
[ 2022-08-29 20:26:43,911][train.train_nn_models] [Validation] Epoch=128, nll=1218.1840, acc=0.1829
[ 2022-08-29 20:26:43,913][train.train_nn_models] Found a better model at epoch 128.
[ 2022-08-29 20:26:46,376][train.train_nn_models] [Training] Epoch=129, loss=1211.9526, nll=1211.9526, l2_reg=0.0000, acc=0.1886
[ 2022-08-29 20:26:46,378][train.train_nn_models] [Validation] Epoch=129, nll=1218.1166, acc=0.1831
[ 2022-08-29 20:26:46,380][train.train_nn_models] Found a better model at epoch 129.
[ 2022-08-29 20:26:48,892][train.train_nn_models] [Training] Epoch=130, loss=1211.8827, nll=1211.8827, l2_reg=0.0000, acc=0.1886
[ 2022-08-29 20:26:48,894][train.train_nn_models] [Validation] Epoch=130, nll=1218.0492, acc=0.1829
[ 2022-08-29 20:26:48,896][train.train_nn_models] Found a better model at epoch 130.
[ 2022-08-29 20:26:51,673][train.train_nn_models] [Training] Epoch=131, loss=1211.8130, nll=1211.8130, l2_reg=0.0000, acc=0.1885
[ 2022-08-29 20:26:51,675][train.train_nn_models] [Validation] Epoch=131, nll=1217.9814, acc=0.1832
[ 2022-08-29 20:26:51,677][train.train_nn_models] Found a better model at epoch 131.
[ 2022-08-29 20:26:54,463][train.train_nn_models] [Training] Epoch=132, loss=1211.7437, nll=1211.7437, l2_reg=0.0000, acc=0.1885
[ 2022-08-29 20:26:54,465][train.train_nn_models] [Validation] Epoch=132, nll=1217.9132, acc=0.1833
[ 2022-08-29 20:26:54,467][train.train_nn_models] Found a better model at epoch 132.
[ 2022-08-29 20:26:57,155][train.train_nn_models] [Training] Epoch=133, loss=1211.6738, nll=1211.6738, l2_reg=0.0000, acc=0.1888
[ 2022-08-29 20:26:57,157][train.train_nn_models] [Validation] Epoch=133, nll=1217.8446, acc=0.1834
[ 2022-08-29 20:26:57,159][train.train_nn_models] Found a better model at epoch 133.
[ 2022-08-29 20:26:59,935][train.train_nn_models] [Training] Epoch=134, loss=1211.6041, nll=1211.6041, l2_reg=0.0000, acc=0.1888
[ 2022-08-29 20:26:59,937][train.train_nn_models] [Validation] Epoch=134, nll=1217.7749, acc=0.1827
[ 2022-08-29 20:26:59,939][train.train_nn_models] Found a better model at epoch 134.
[ 2022-08-29 20:27:02,775][train.train_nn_models] [Training] Epoch=135, loss=1211.5341, nll=1211.5341, l2_reg=0.0000, acc=0.1886
[ 2022-08-29 20:27:02,777][train.train_nn_models] [Validation] Epoch=135, nll=1217.7046, acc=0.1829
[ 2022-08-29 20:27:02,779][train.train_nn_models] Found a better model at epoch 135.
[ 2022-08-29 20:27:05,419][train.train_nn_models] [Training] Epoch=136, loss=1211.4637, nll=1211.4637, l2_reg=0.0000, acc=0.1889
[ 2022-08-29 20:27:05,420][train.train_nn_models] [Validation] Epoch=136, nll=1217.6337, acc=0.1834
[ 2022-08-29 20:27:05,422][train.train_nn_models] Found a better model at epoch 136.
[ 2022-08-29 20:27:08,217][train.train_nn_models] [Training] Epoch=137, loss=1211.3927, nll=1211.3927, l2_reg=0.0000, acc=0.1890
[ 2022-08-29 20:27:08,219][train.train_nn_models] [Validation] Epoch=137, nll=1217.5620, acc=0.1834
[ 2022-08-29 20:27:08,220][train.train_nn_models] Found a better model at epoch 137.
[ 2022-08-29 20:27:11,003][train.train_nn_models] [Training] Epoch=138, loss=1211.3210, nll=1211.3210, l2_reg=0.0000, acc=0.1888
[ 2022-08-29 20:27:11,005][train.train_nn_models] [Validation] Epoch=138, nll=1217.4895, acc=0.1834
[ 2022-08-29 20:27:11,007][train.train_nn_models] Found a better model at epoch 138.
[ 2022-08-29 20:27:13,763][train.train_nn_models] [Training] Epoch=139, loss=1211.2483, nll=1211.2483, l2_reg=0.0000, acc=0.1889
[ 2022-08-29 20:27:13,765][train.train_nn_models] [Validation] Epoch=139, nll=1217.4155, acc=0.1841
[ 2022-08-29 20:27:13,768][train.train_nn_models] Found a better model at epoch 139.
[ 2022-08-29 20:27:16,655][train.train_nn_models] [Training] Epoch=140, loss=1211.1743, nll=1211.1743, l2_reg=0.0000, acc=0.1887
[ 2022-08-29 20:27:16,658][train.train_nn_models] [Validation] Epoch=140, nll=1217.3400, acc=0.1845
[ 2022-08-29 20:27:16,660][train.train_nn_models] Found a better model at epoch 140.
[ 2022-08-29 20:27:19,478][train.train_nn_models] [Training] Epoch=141, loss=1211.0991, nll=1211.0991, l2_reg=0.0000, acc=0.1887
[ 2022-08-29 20:27:19,481][train.train_nn_models] [Validation] Epoch=141, nll=1217.2627, acc=0.1849
[ 2022-08-29 20:27:19,483][train.train_nn_models] Found a better model at epoch 141.
[ 2022-08-29 20:27:22,220][train.train_nn_models] [Training] Epoch=142, loss=1211.0221, nll=1211.0221, l2_reg=0.0000, acc=0.1887
[ 2022-08-29 20:27:22,222][train.train_nn_models] [Validation] Epoch=142, nll=1217.1835, acc=0.1848
[ 2022-08-29 20:27:22,224][train.train_nn_models] Found a better model at epoch 142.
[ 2022-08-29 20:27:25,058][train.train_nn_models] [Training] Epoch=143, loss=1210.9436, nll=1210.9436, l2_reg=0.0000, acc=0.1887
[ 2022-08-29 20:27:25,060][train.train_nn_models] [Validation] Epoch=143, nll=1217.1018, acc=0.1846
[ 2022-08-29 20:27:25,062][train.train_nn_models] Found a better model at epoch 143.
[ 2022-08-29 20:27:27,835][train.train_nn_models] [Training] Epoch=144, loss=1210.8629, nll=1210.8629, l2_reg=0.0000, acc=0.1888
[ 2022-08-29 20:27:27,837][train.train_nn_models] [Validation] Epoch=144, nll=1217.0172, acc=0.1842
[ 2022-08-29 20:27:27,839][train.train_nn_models] Found a better model at epoch 144.
[ 2022-08-29 20:27:30,183][train.train_nn_models] [Training] Epoch=145, loss=1210.7800, nll=1210.7800, l2_reg=0.0000, acc=0.1890
[ 2022-08-29 20:27:30,185][train.train_nn_models] [Validation] Epoch=145, nll=1216.9304, acc=0.1842
[ 2022-08-29 20:27:30,187][train.train_nn_models] Found a better model at epoch 145.
[ 2022-08-29 20:27:32,587][train.train_nn_models] [Training] Epoch=146, loss=1210.6946, nll=1210.6946, l2_reg=0.0000, acc=0.1891
[ 2022-08-29 20:27:32,590][train.train_nn_models] [Validation] Epoch=146, nll=1216.8405, acc=0.1844
[ 2022-08-29 20:27:32,592][train.train_nn_models] Found a better model at epoch 146.
[ 2022-08-29 20:27:34,861][train.train_nn_models] [Training] Epoch=147, loss=1210.6062, nll=1210.6062, l2_reg=0.0000, acc=0.1892
[ 2022-08-29 20:27:34,863][train.train_nn_models] [Validation] Epoch=147, nll=1216.7471, acc=0.1838
[ 2022-08-29 20:27:34,865][train.train_nn_models] Found a better model at epoch 147.
[ 2022-08-29 20:27:37,246][train.train_nn_models] [Training] Epoch=148, loss=1210.5148, nll=1210.5148, l2_reg=0.0000, acc=0.1892
[ 2022-08-29 20:27:37,249][train.train_nn_models] [Validation] Epoch=148, nll=1216.6499, acc=0.1838
[ 2022-08-29 20:27:37,251][train.train_nn_models] Found a better model at epoch 148.
[ 2022-08-29 20:27:39,456][train.train_nn_models] [Training] Epoch=149, loss=1210.4198, nll=1210.4198, l2_reg=0.0000, acc=0.1891
[ 2022-08-29 20:27:39,457][train.train_nn_models] [Validation] Epoch=149, nll=1216.5481, acc=0.1835
[ 2022-08-29 20:27:39,459][train.train_nn_models] Found a better model at epoch 149.
[ 2022-08-29 20:27:41,869][train.train_nn_models] [Training] Epoch=150, loss=1210.3206, nll=1210.3206, l2_reg=0.0000, acc=0.1891
[ 2022-08-29 20:27:41,871][train.train_nn_models] [Validation] Epoch=150, nll=1216.4414, acc=0.1830
[ 2022-08-29 20:27:41,873][train.train_nn_models] Found a better model at epoch 150.
[ 2022-08-29 20:27:44,342][train.train_nn_models] [Training] Epoch=151, loss=1210.2169, nll=1210.2169, l2_reg=0.0000, acc=0.1892
[ 2022-08-29 20:27:44,344][train.train_nn_models] [Validation] Epoch=151, nll=1216.3296, acc=0.1831
[ 2022-08-29 20:27:44,346][train.train_nn_models] Found a better model at epoch 151.
[ 2022-08-29 20:27:46,686][train.train_nn_models] [Training] Epoch=152, loss=1210.1085, nll=1210.1085, l2_reg=0.0000, acc=0.1891
[ 2022-08-29 20:27:46,688][train.train_nn_models] [Validation] Epoch=152, nll=1216.2119, acc=0.1836
[ 2022-08-29 20:27:46,690][train.train_nn_models] Found a better model at epoch 152.
[ 2022-08-29 20:27:49,226][train.train_nn_models] [Training] Epoch=153, loss=1209.9945, nll=1209.9945, l2_reg=0.0000, acc=0.1892
[ 2022-08-29 20:27:49,229][train.train_nn_models] [Validation] Epoch=153, nll=1216.0873, acc=0.1829
[ 2022-08-29 20:27:49,231][train.train_nn_models] Found a better model at epoch 153.
[ 2022-08-29 20:27:51,492][train.train_nn_models] [Training] Epoch=154, loss=1209.8743, nll=1209.8743, l2_reg=0.0000, acc=0.1893
[ 2022-08-29 20:27:51,494][train.train_nn_models] [Validation] Epoch=154, nll=1215.9550, acc=0.1834
[ 2022-08-29 20:27:51,496][train.train_nn_models] Found a better model at epoch 154.
[ 2022-08-29 20:27:53,913][train.train_nn_models] [Training] Epoch=155, loss=1209.7473, nll=1209.7473, l2_reg=0.0000, acc=0.1894
[ 2022-08-29 20:27:53,915][train.train_nn_models] [Validation] Epoch=155, nll=1215.8149, acc=0.1835
[ 2022-08-29 20:27:53,917][train.train_nn_models] Found a better model at epoch 155.
[ 2022-08-29 20:27:56,145][train.train_nn_models] [Training] Epoch=156, loss=1209.6133, nll=1209.6133, l2_reg=0.0000, acc=0.1895
[ 2022-08-29 20:27:56,147][train.train_nn_models] [Validation] Epoch=156, nll=1215.6658, acc=0.1849
[ 2022-08-29 20:27:56,149][train.train_nn_models] Found a better model at epoch 156.
[ 2022-08-29 20:27:58,547][train.train_nn_models] [Training] Epoch=157, loss=1209.4709, nll=1209.4709, l2_reg=0.0000, acc=0.1894
[ 2022-08-29 20:27:58,549][train.train_nn_models] [Validation] Epoch=157, nll=1215.5078, acc=0.1843
[ 2022-08-29 20:27:58,551][train.train_nn_models] Found a better model at epoch 157.
[ 2022-08-29 20:28:00,792][train.train_nn_models] [Training] Epoch=158, loss=1209.3198, nll=1209.3198, l2_reg=0.0000, acc=0.1896
[ 2022-08-29 20:28:00,794][train.train_nn_models] [Validation] Epoch=158, nll=1215.3395, acc=0.1849
[ 2022-08-29 20:28:00,796][train.train_nn_models] Found a better model at epoch 158.
[ 2022-08-29 20:28:03,189][train.train_nn_models] [Training] Epoch=159, loss=1209.1594, nll=1209.1594, l2_reg=0.0000, acc=0.1897
[ 2022-08-29 20:28:03,191][train.train_nn_models] [Validation] Epoch=159, nll=1215.1599, acc=0.1849
[ 2022-08-29 20:28:03,193][train.train_nn_models] Found a better model at epoch 159.
[ 2022-08-29 20:28:05,406][train.train_nn_models] [Training] Epoch=160, loss=1208.9890, nll=1208.9890, l2_reg=0.0000, acc=0.1897
[ 2022-08-29 20:28:05,408][train.train_nn_models] [Validation] Epoch=160, nll=1214.9684, acc=0.1852
[ 2022-08-29 20:28:05,409][train.train_nn_models] Found a better model at epoch 160.
[ 2022-08-29 20:28:07,815][train.train_nn_models] [Training] Epoch=161, loss=1208.8080, nll=1208.8080, l2_reg=0.0000, acc=0.1896
[ 2022-08-29 20:28:07,817][train.train_nn_models] [Validation] Epoch=161, nll=1214.7645, acc=0.1850
[ 2022-08-29 20:28:07,819][train.train_nn_models] Found a better model at epoch 161.
[ 2022-08-29 20:28:10,102][train.train_nn_models] [Training] Epoch=162, loss=1208.6157, nll=1208.6157, l2_reg=0.0000, acc=0.1896
[ 2022-08-29 20:28:10,104][train.train_nn_models] [Validation] Epoch=162, nll=1214.5470, acc=0.1864
[ 2022-08-29 20:28:10,107][train.train_nn_models] Found a better model at epoch 162.
[ 2022-08-29 20:28:12,565][train.train_nn_models] [Training] Epoch=163, loss=1208.4122, nll=1208.4122, l2_reg=0.0000, acc=0.1896
[ 2022-08-29 20:28:12,567][train.train_nn_models] [Validation] Epoch=163, nll=1214.3164, acc=0.1868
[ 2022-08-29 20:28:12,569][train.train_nn_models] Found a better model at epoch 163.
[ 2022-08-29 20:28:14,968][train.train_nn_models] [Training] Epoch=164, loss=1208.1969, nll=1208.1969, l2_reg=0.0000, acc=0.1898
[ 2022-08-29 20:28:14,970][train.train_nn_models] [Validation] Epoch=164, nll=1214.0720, acc=0.1863
[ 2022-08-29 20:28:14,972][train.train_nn_models] Found a better model at epoch 164.
[ 2022-08-29 20:28:17,332][train.train_nn_models] [Training] Epoch=165, loss=1207.9703, nll=1207.9703, l2_reg=0.0000, acc=0.1896
[ 2022-08-29 20:28:17,334][train.train_nn_models] [Validation] Epoch=165, nll=1213.8146, acc=0.1867
[ 2022-08-29 20:28:17,337][train.train_nn_models] Found a better model at epoch 165.
[ 2022-08-29 20:28:19,713][train.train_nn_models] [Training] Epoch=166, loss=1207.7327, nll=1207.7327, l2_reg=0.0000, acc=0.1898
[ 2022-08-29 20:28:19,714][train.train_nn_models] [Validation] Epoch=166, nll=1213.5438, acc=0.1864
[ 2022-08-29 20:28:19,716][train.train_nn_models] Found a better model at epoch 166.
[ 2022-08-29 20:28:22,006][train.train_nn_models] [Training] Epoch=167, loss=1207.4843, nll=1207.4843, l2_reg=0.0000, acc=0.1896
[ 2022-08-29 20:28:22,008][train.train_nn_models] [Validation] Epoch=167, nll=1213.2611, acc=0.1871
[ 2022-08-29 20:28:22,010][train.train_nn_models] Found a better model at epoch 167.
[ 2022-08-29 20:28:24,418][train.train_nn_models] [Training] Epoch=168, loss=1207.2262, nll=1207.2262, l2_reg=0.0000, acc=0.1895
[ 2022-08-29 20:28:24,420][train.train_nn_models] [Validation] Epoch=168, nll=1212.9675, acc=0.1870
[ 2022-08-29 20:28:24,423][train.train_nn_models] Found a better model at epoch 168.
[ 2022-08-29 20:28:26,669][train.train_nn_models] [Training] Epoch=169, loss=1206.9590, nll=1206.9590, l2_reg=0.0000, acc=0.1892
[ 2022-08-29 20:28:26,671][train.train_nn_models] [Validation] Epoch=169, nll=1212.6636, acc=0.1877
[ 2022-08-29 20:28:26,674][train.train_nn_models] Found a better model at epoch 169.
[ 2022-08-29 20:28:29,110][train.train_nn_models] [Training] Epoch=170, loss=1206.6841, nll=1206.6841, l2_reg=0.0000, acc=0.1894
[ 2022-08-29 20:28:29,112][train.train_nn_models] [Validation] Epoch=170, nll=1212.3507, acc=0.1881
[ 2022-08-29 20:28:29,114][train.train_nn_models] Found a better model at epoch 170.
[ 2022-08-29 20:28:31,425][train.train_nn_models] [Training] Epoch=171, loss=1206.4025, nll=1206.4025, l2_reg=0.0000, acc=0.1894
[ 2022-08-29 20:28:31,428][train.train_nn_models] [Validation] Epoch=171, nll=1212.0311, acc=0.1890
[ 2022-08-29 20:28:31,430][train.train_nn_models] Found a better model at epoch 171.
[ 2022-08-29 20:28:33,836][train.train_nn_models] [Training] Epoch=172, loss=1206.1157, nll=1206.1157, l2_reg=0.0000, acc=0.1894
[ 2022-08-29 20:28:33,838][train.train_nn_models] [Validation] Epoch=172, nll=1211.7068, acc=0.1895
[ 2022-08-29 20:28:33,840][train.train_nn_models] Found a better model at epoch 172.
[ 2022-08-29 20:28:36,140][train.train_nn_models] [Training] Epoch=173, loss=1205.8256, nll=1205.8256, l2_reg=0.0000, acc=0.1893
[ 2022-08-29 20:28:36,143][train.train_nn_models] [Validation] Epoch=173, nll=1211.3796, acc=0.1901
[ 2022-08-29 20:28:36,145][train.train_nn_models] Found a better model at epoch 173.
[ 2022-08-29 20:28:38,565][train.train_nn_models] [Training] Epoch=174, loss=1205.5339, nll=1205.5339, l2_reg=0.0000, acc=0.1895
[ 2022-08-29 20:28:38,568][train.train_nn_models] [Validation] Epoch=174, nll=1211.0514, acc=0.1896
[ 2022-08-29 20:28:38,570][train.train_nn_models] Found a better model at epoch 174.
[ 2022-08-29 20:28:41,029][train.train_nn_models] [Training] Epoch=175, loss=1205.2430, nll=1205.2430, l2_reg=0.0000, acc=0.1897
[ 2022-08-29 20:28:41,031][train.train_nn_models] [Validation] Epoch=175, nll=1210.7255, acc=0.1900
[ 2022-08-29 20:28:41,033][train.train_nn_models] Found a better model at epoch 175.
[ 2022-08-29 20:28:43,584][train.train_nn_models] [Training] Epoch=176, loss=1204.9553, nll=1204.9553, l2_reg=0.0000, acc=0.1896
[ 2022-08-29 20:28:43,586][train.train_nn_models] [Validation] Epoch=176, nll=1210.4048, acc=0.1909
[ 2022-08-29 20:28:43,589][train.train_nn_models] Found a better model at epoch 176.
[ 2022-08-29 20:28:46,527][train.train_nn_models] [Training] Epoch=177, loss=1204.6730, nll=1204.6730, l2_reg=0.0000, acc=0.1900
[ 2022-08-29 20:28:46,529][train.train_nn_models] [Validation] Epoch=177, nll=1210.0919, acc=0.1900
[ 2022-08-29 20:28:46,532][train.train_nn_models] Found a better model at epoch 177.
[ 2022-08-29 20:28:49,455][train.train_nn_models] [Training] Epoch=178, loss=1204.3990, nll=1204.3990, l2_reg=0.0000, acc=0.1899
[ 2022-08-29 20:28:49,457][train.train_nn_models] [Validation] Epoch=178, nll=1209.7902, acc=0.1899
[ 2022-08-29 20:28:49,459][train.train_nn_models] Found a better model at epoch 178.
[ 2022-08-29 20:28:52,272][train.train_nn_models] [Training] Epoch=179, loss=1204.1355, nll=1204.1355, l2_reg=0.0000, acc=0.1904
[ 2022-08-29 20:28:52,274][train.train_nn_models] [Validation] Epoch=179, nll=1209.5015, acc=0.1896
[ 2022-08-29 20:28:52,276][train.train_nn_models] Found a better model at epoch 179.
[ 2022-08-29 20:28:55,134][train.train_nn_models] [Training] Epoch=180, loss=1203.8850, nll=1203.8850, l2_reg=0.0000, acc=0.1907
[ 2022-08-29 20:28:55,136][train.train_nn_models] [Validation] Epoch=180, nll=1209.2286, acc=0.1895
[ 2022-08-29 20:28:55,139][train.train_nn_models] Found a better model at epoch 180.
[ 2022-08-29 20:28:57,873][train.train_nn_models] [Training] Epoch=181, loss=1203.6490, nll=1203.6490, l2_reg=0.0000, acc=0.1909
[ 2022-08-29 20:28:57,876][train.train_nn_models] [Validation] Epoch=181, nll=1208.9734, acc=0.1894
[ 2022-08-29 20:28:57,878][train.train_nn_models] Found a better model at epoch 181.
[ 2022-08-29 20:29:00,617][train.train_nn_models] [Training] Epoch=182, loss=1203.4288, nll=1203.4288, l2_reg=0.0000, acc=0.1916
[ 2022-08-29 20:29:00,620][train.train_nn_models] [Validation] Epoch=182, nll=1208.7360, acc=0.1883
[ 2022-08-29 20:29:00,622][train.train_nn_models] Found a better model at epoch 182.
[ 2022-08-29 20:29:03,455][train.train_nn_models] [Training] Epoch=183, loss=1203.2247, nll=1203.2247, l2_reg=0.0000, acc=0.1918
[ 2022-08-29 20:29:03,457][train.train_nn_models] [Validation] Epoch=183, nll=1208.5168, acc=0.1876
[ 2022-08-29 20:29:03,459][train.train_nn_models] Found a better model at epoch 183.
[ 2022-08-29 20:29:06,156][train.train_nn_models] [Training] Epoch=184, loss=1203.0369, nll=1203.0369, l2_reg=0.0000, acc=0.1924
[ 2022-08-29 20:29:06,159][train.train_nn_models] [Validation] Epoch=184, nll=1208.3159, acc=0.1871
[ 2022-08-29 20:29:06,161][train.train_nn_models] Found a better model at epoch 184.
[ 2022-08-29 20:29:08,986][train.train_nn_models] [Training] Epoch=185, loss=1202.8639, nll=1202.8639, l2_reg=0.0000, acc=0.1923
[ 2022-08-29 20:29:08,988][train.train_nn_models] [Validation] Epoch=185, nll=1208.1317, acc=0.1874
[ 2022-08-29 20:29:08,990][train.train_nn_models] Found a better model at epoch 185.
[ 2022-08-29 20:29:11,880][train.train_nn_models] [Training] Epoch=186, loss=1202.7050, nll=1202.7050, l2_reg=0.0000, acc=0.1924
[ 2022-08-29 20:29:11,883][train.train_nn_models] [Validation] Epoch=186, nll=1207.9630, acc=0.1868
[ 2022-08-29 20:29:11,884][train.train_nn_models] Found a better model at epoch 186.
[ 2022-08-29 20:29:14,628][train.train_nn_models] [Training] Epoch=187, loss=1202.5592, nll=1202.5592, l2_reg=0.0000, acc=0.1923
[ 2022-08-29 20:29:14,630][train.train_nn_models] [Validation] Epoch=187, nll=1207.8079, acc=0.1870
[ 2022-08-29 20:29:14,632][train.train_nn_models] Found a better model at epoch 187.
[ 2022-08-29 20:29:17,486][train.train_nn_models] [Training] Epoch=188, loss=1202.4248, nll=1202.4248, l2_reg=0.0000, acc=0.1922
[ 2022-08-29 20:29:17,489][train.train_nn_models] [Validation] Epoch=188, nll=1207.6650, acc=0.1876
[ 2022-08-29 20:29:17,491][train.train_nn_models] Found a better model at epoch 188.
[ 2022-08-29 20:29:20,390][train.train_nn_models] [Training] Epoch=189, loss=1202.3005, nll=1202.3005, l2_reg=0.0000, acc=0.1924
[ 2022-08-29 20:29:20,393][train.train_nn_models] [Validation] Epoch=189, nll=1207.5328, acc=0.1875
[ 2022-08-29 20:29:20,394][train.train_nn_models] Found a better model at epoch 189.
[ 2022-08-29 20:29:23,205][train.train_nn_models] [Training] Epoch=190, loss=1202.1844, nll=1202.1844, l2_reg=0.0000, acc=0.1923
[ 2022-08-29 20:29:23,207][train.train_nn_models] [Validation] Epoch=190, nll=1207.4104, acc=0.1880
[ 2022-08-29 20:29:23,209][train.train_nn_models] Found a better model at epoch 190.
[ 2022-08-29 20:29:25,684][train.train_nn_models] [Training] Epoch=191, loss=1202.0757, nll=1202.0757, l2_reg=0.0000, acc=0.1925
[ 2022-08-29 20:29:25,686][train.train_nn_models] [Validation] Epoch=191, nll=1207.2960, acc=0.1884
[ 2022-08-29 20:29:25,688][train.train_nn_models] Found a better model at epoch 191.
[ 2022-08-29 20:29:28,359][train.train_nn_models] [Training] Epoch=192, loss=1201.9731, nll=1201.9731, l2_reg=0.0000, acc=0.1925
[ 2022-08-29 20:29:28,361][train.train_nn_models] [Validation] Epoch=192, nll=1207.1886, acc=0.1886
[ 2022-08-29 20:29:28,363][train.train_nn_models] Found a better model at epoch 192.
[ 2022-08-29 20:29:30,634][train.train_nn_models] [Training] Epoch=193, loss=1201.8757, nll=1201.8757, l2_reg=0.0000, acc=0.1927
[ 2022-08-29 20:29:30,636][train.train_nn_models] [Validation] Epoch=193, nll=1207.0865, acc=0.1886
[ 2022-08-29 20:29:30,638][train.train_nn_models] Found a better model at epoch 193.
[ 2022-08-29 20:29:32,984][train.train_nn_models] [Training] Epoch=194, loss=1201.7828, nll=1201.7828, l2_reg=0.0000, acc=0.1923
[ 2022-08-29 20:29:32,986][train.train_nn_models] [Validation] Epoch=194, nll=1206.9893, acc=0.1887
[ 2022-08-29 20:29:32,987][train.train_nn_models] Found a better model at epoch 194.
[ 2022-08-29 20:29:35,578][train.train_nn_models] [Training] Epoch=195, loss=1201.6935, nll=1201.6935, l2_reg=0.0000, acc=0.1925
[ 2022-08-29 20:29:35,579][train.train_nn_models] [Validation] Epoch=195, nll=1206.8964, acc=0.1899
[ 2022-08-29 20:29:35,581][train.train_nn_models] Found a better model at epoch 195.
[ 2022-08-29 20:29:38,417][train.train_nn_models] [Training] Epoch=196, loss=1201.6071, nll=1201.6071, l2_reg=0.0000, acc=0.1926
[ 2022-08-29 20:29:38,419][train.train_nn_models] [Validation] Epoch=196, nll=1206.8064, acc=0.1902
[ 2022-08-29 20:29:38,421][train.train_nn_models] Found a better model at epoch 196.
[ 2022-08-29 20:29:41,198][train.train_nn_models] [Training] Epoch=197, loss=1201.5231, nll=1201.5231, l2_reg=0.0000, acc=0.1926
[ 2022-08-29 20:29:41,200][train.train_nn_models] [Validation] Epoch=197, nll=1206.7191, acc=0.1898
[ 2022-08-29 20:29:41,201][train.train_nn_models] Found a better model at epoch 197.
[ 2022-08-29 20:29:44,007][train.train_nn_models] [Training] Epoch=198, loss=1201.4414, nll=1201.4414, l2_reg=0.0000, acc=0.1926
[ 2022-08-29 20:29:44,009][train.train_nn_models] [Validation] Epoch=198, nll=1206.6329, acc=0.1900
[ 2022-08-29 20:29:44,011][train.train_nn_models] Found a better model at epoch 198.
[ 2022-08-29 20:29:46,809][train.train_nn_models] [Training] Epoch=199, loss=1201.3613, nll=1201.3613, l2_reg=0.0000, acc=0.1928
[ 2022-08-29 20:29:46,811][train.train_nn_models] [Validation] Epoch=199, nll=1206.5497, acc=0.1891
[ 2022-08-29 20:29:46,814][train.train_nn_models] Found a better model at epoch 199.
[ 2022-08-29 20:29:49,627][train.train_nn_models] [Training] Epoch=200, loss=1201.2825, nll=1201.2825, l2_reg=0.0000, acc=0.1926
[ 2022-08-29 20:29:49,629][train.train_nn_models] [Validation] Epoch=200, nll=1206.4684, acc=0.1890
[ 2022-08-29 20:29:49,630][train.train_nn_models] Found a better model at epoch 200.
[ 2022-08-29 20:29:52,417][train.train_nn_models] [Training] Epoch=201, loss=1201.2052, nll=1201.2052, l2_reg=0.0000, acc=0.1927
[ 2022-08-29 20:29:52,419][train.train_nn_models] [Validation] Epoch=201, nll=1206.3885, acc=0.1890
[ 2022-08-29 20:29:52,421][train.train_nn_models] Found a better model at epoch 201.
[ 2022-08-29 20:29:55,218][train.train_nn_models] [Training] Epoch=202, loss=1201.1289, nll=1201.1289, l2_reg=0.0000, acc=0.1926
[ 2022-08-29 20:29:55,220][train.train_nn_models] [Validation] Epoch=202, nll=1206.3091, acc=0.1889
[ 2022-08-29 20:29:55,222][train.train_nn_models] Found a better model at epoch 202.
[ 2022-08-29 20:29:57,998][train.train_nn_models] [Training] Epoch=203, loss=1201.0532, nll=1201.0532, l2_reg=0.0000, acc=0.1926
[ 2022-08-29 20:29:58,001][train.train_nn_models] [Validation] Epoch=203, nll=1206.2299, acc=0.1901
[ 2022-08-29 20:29:58,003][train.train_nn_models] Found a better model at epoch 203.
[ 2022-08-29 20:30:00,800][train.train_nn_models] [Training] Epoch=204, loss=1200.9781, nll=1200.9781, l2_reg=0.0000, acc=0.1928
[ 2022-08-29 20:30:00,802][train.train_nn_models] [Validation] Epoch=204, nll=1206.1508, acc=0.1899
[ 2022-08-29 20:30:00,804][train.train_nn_models] Found a better model at epoch 204.
[ 2022-08-29 20:30:03,581][train.train_nn_models] [Training] Epoch=205, loss=1200.9034, nll=1200.9034, l2_reg=0.0000, acc=0.1927
[ 2022-08-29 20:30:03,583][train.train_nn_models] [Validation] Epoch=205, nll=1206.0718, acc=0.1893
[ 2022-08-29 20:30:03,586][train.train_nn_models] Found a better model at epoch 205.
[ 2022-08-29 20:30:06,175][train.train_nn_models] [Training] Epoch=206, loss=1200.8287, nll=1200.8287, l2_reg=0.0000, acc=0.1924
[ 2022-08-29 20:30:06,177][train.train_nn_models] [Validation] Epoch=206, nll=1205.9929, acc=0.1892
[ 2022-08-29 20:30:06,180][train.train_nn_models] Found a better model at epoch 206.
[ 2022-08-29 20:30:08,615][train.train_nn_models] [Training] Epoch=207, loss=1200.7539, nll=1200.7539, l2_reg=0.0000, acc=0.1925
[ 2022-08-29 20:30:08,617][train.train_nn_models] [Validation] Epoch=207, nll=1205.9150, acc=0.1896
[ 2022-08-29 20:30:08,619][train.train_nn_models] Found a better model at epoch 207.
[ 2022-08-29 20:30:11,070][train.train_nn_models] [Training] Epoch=208, loss=1200.6787, nll=1200.6787, l2_reg=0.0000, acc=0.1924
[ 2022-08-29 20:30:11,072][train.train_nn_models] [Validation] Epoch=208, nll=1205.8361, acc=0.1896
[ 2022-08-29 20:30:11,074][train.train_nn_models] Found a better model at epoch 208.
[ 2022-08-29 20:30:13,557][train.train_nn_models] [Training] Epoch=209, loss=1200.6030, nll=1200.6030, l2_reg=0.0000, acc=0.1927
[ 2022-08-29 20:30:13,559][train.train_nn_models] [Validation] Epoch=209, nll=1205.7567, acc=0.1892
[ 2022-08-29 20:30:13,561][train.train_nn_models] Found a better model at epoch 209.
[ 2022-08-29 20:30:16,019][train.train_nn_models] [Training] Epoch=210, loss=1200.5272, nll=1200.5272, l2_reg=0.0000, acc=0.1926
[ 2022-08-29 20:30:16,021][train.train_nn_models] [Validation] Epoch=210, nll=1205.6763, acc=0.1904
[ 2022-08-29 20:30:16,023][train.train_nn_models] Found a better model at epoch 210.
[ 2022-08-29 20:30:18,506][train.train_nn_models] [Training] Epoch=211, loss=1200.4512, nll=1200.4512, l2_reg=0.0000, acc=0.1927
[ 2022-08-29 20:30:18,509][train.train_nn_models] [Validation] Epoch=211, nll=1205.5964, acc=0.1911
[ 2022-08-29 20:30:18,511][train.train_nn_models] Found a better model at epoch 211.
[ 2022-08-29 20:30:20,976][train.train_nn_models] [Training] Epoch=212, loss=1200.3752, nll=1200.3752, l2_reg=0.0000, acc=0.1928
[ 2022-08-29 20:30:20,978][train.train_nn_models] [Validation] Epoch=212, nll=1205.5165, acc=0.1909
[ 2022-08-29 20:30:20,980][train.train_nn_models] Found a better model at epoch 212.
[ 2022-08-29 20:30:23,442][train.train_nn_models] [Training] Epoch=213, loss=1200.3002, nll=1200.3002, l2_reg=0.0000, acc=0.1930
[ 2022-08-29 20:30:23,444][train.train_nn_models] [Validation] Epoch=213, nll=1205.4371, acc=0.1907
[ 2022-08-29 20:30:23,446][train.train_nn_models] Found a better model at epoch 213.
[ 2022-08-29 20:30:25,947][train.train_nn_models] [Training] Epoch=214, loss=1200.2264, nll=1200.2264, l2_reg=0.0000, acc=0.1929
[ 2022-08-29 20:30:25,949][train.train_nn_models] [Validation] Epoch=214, nll=1205.3599, acc=0.1908
[ 2022-08-29 20:30:25,951][train.train_nn_models] Found a better model at epoch 214.
[ 2022-08-29 20:30:28,428][train.train_nn_models] [Training] Epoch=215, loss=1200.1549, nll=1200.1549, l2_reg=0.0000, acc=0.1929
[ 2022-08-29 20:30:28,430][train.train_nn_models] [Validation] Epoch=215, nll=1205.2844, acc=0.1908
[ 2022-08-29 20:30:28,432][train.train_nn_models] Found a better model at epoch 215.
[ 2022-08-29 20:30:30,870][train.train_nn_models] [Training] Epoch=216, loss=1200.0857, nll=1200.0857, l2_reg=0.0000, acc=0.1931
[ 2022-08-29 20:30:30,873][train.train_nn_models] [Validation] Epoch=216, nll=1205.2117, acc=0.1908
[ 2022-08-29 20:30:30,876][train.train_nn_models] Found a better model at epoch 216.
[ 2022-08-29 20:30:33,330][train.train_nn_models] [Training] Epoch=217, loss=1200.0193, nll=1200.0193, l2_reg=0.0000, acc=0.1928
[ 2022-08-29 20:30:33,332][train.train_nn_models] [Validation] Epoch=217, nll=1205.1423, acc=0.1907
[ 2022-08-29 20:30:33,333][train.train_nn_models] Found a better model at epoch 217.
[ 2022-08-29 20:30:35,802][train.train_nn_models] [Training] Epoch=218, loss=1199.9557, nll=1199.9557, l2_reg=0.0000, acc=0.1929
[ 2022-08-29 20:30:35,805][train.train_nn_models] [Validation] Epoch=218, nll=1205.0752, acc=0.1911
[ 2022-08-29 20:30:35,807][train.train_nn_models] Found a better model at epoch 218.
[ 2022-08-29 20:30:38,294][train.train_nn_models] [Training] Epoch=219, loss=1199.8948, nll=1199.8948, l2_reg=0.0000, acc=0.1930
[ 2022-08-29 20:30:38,296][train.train_nn_models] [Validation] Epoch=219, nll=1205.0095, acc=0.1913
[ 2022-08-29 20:30:38,299][train.train_nn_models] Found a better model at epoch 219.
[ 2022-08-29 20:30:40,779][train.train_nn_models] [Training] Epoch=220, loss=1199.8367, nll=1199.8367, l2_reg=0.0000, acc=0.1929
[ 2022-08-29 20:30:40,781][train.train_nn_models] [Validation] Epoch=220, nll=1204.9470, acc=0.1915
[ 2022-08-29 20:30:40,783][train.train_nn_models] Found a better model at epoch 220.
[ 2022-08-29 20:30:43,223][train.train_nn_models] [Training] Epoch=221, loss=1199.7800, nll=1199.7800, l2_reg=0.0000, acc=0.1931
[ 2022-08-29 20:30:43,225][train.train_nn_models] [Validation] Epoch=221, nll=1204.8871, acc=0.1915
[ 2022-08-29 20:30:43,226][train.train_nn_models] Found a better model at epoch 221.
[ 2022-08-29 20:30:45,653][train.train_nn_models] [Training] Epoch=222, loss=1199.7246, nll=1199.7246, l2_reg=0.0000, acc=0.1933
[ 2022-08-29 20:30:45,655][train.train_nn_models] [Validation] Epoch=222, nll=1204.8285, acc=0.1920
[ 2022-08-29 20:30:45,657][train.train_nn_models] Found a better model at epoch 222.
[ 2022-08-29 20:30:48,346][train.train_nn_models] [Training] Epoch=223, loss=1199.6707, nll=1199.6707, l2_reg=0.0000, acc=0.1932
[ 2022-08-29 20:30:48,347][train.train_nn_models] [Validation] Epoch=223, nll=1204.7717, acc=0.1916
[ 2022-08-29 20:30:48,349][train.train_nn_models] Found a better model at epoch 223.
[ 2022-08-29 20:30:51,286][train.train_nn_models] [Training] Epoch=224, loss=1199.6172, nll=1199.6172, l2_reg=0.0000, acc=0.1934
[ 2022-08-29 20:30:51,288][train.train_nn_models] [Validation] Epoch=224, nll=1204.7164, acc=0.1916
[ 2022-08-29 20:30:51,289][train.train_nn_models] Found a better model at epoch 224.
[ 2022-08-29 20:30:54,116][train.train_nn_models] [Training] Epoch=225, loss=1199.5637, nll=1199.5637, l2_reg=0.0000, acc=0.1934
[ 2022-08-29 20:30:54,119][train.train_nn_models] [Validation] Epoch=225, nll=1204.6617, acc=0.1914
[ 2022-08-29 20:30:54,120][train.train_nn_models] Found a better model at epoch 225.
[ 2022-08-29 20:30:56,947][train.train_nn_models] [Training] Epoch=226, loss=1199.5101, nll=1199.5101, l2_reg=0.0000, acc=0.1934
[ 2022-08-29 20:30:56,949][train.train_nn_models] [Validation] Epoch=226, nll=1204.6073, acc=0.1917
[ 2022-08-29 20:30:56,951][train.train_nn_models] Found a better model at epoch 226.
[ 2022-08-29 20:30:59,587][train.train_nn_models] [Training] Epoch=227, loss=1199.4559, nll=1199.4559, l2_reg=0.0000, acc=0.1935
[ 2022-08-29 20:30:59,590][train.train_nn_models] [Validation] Epoch=227, nll=1204.5546, acc=0.1914
[ 2022-08-29 20:30:59,592][train.train_nn_models] Found a better model at epoch 227.
[ 2022-08-29 20:31:02,342][train.train_nn_models] [Training] Epoch=228, loss=1199.4008, nll=1199.4008, l2_reg=0.0000, acc=0.1936
[ 2022-08-29 20:31:02,344][train.train_nn_models] [Validation] Epoch=228, nll=1204.5011, acc=0.1913
[ 2022-08-29 20:31:02,346][train.train_nn_models] Found a better model at epoch 228.
[ 2022-08-29 20:31:05,078][train.train_nn_models] [Training] Epoch=229, loss=1199.3445, nll=1199.3445, l2_reg=0.0000, acc=0.1936
[ 2022-08-29 20:31:05,081][train.train_nn_models] [Validation] Epoch=229, nll=1204.4480, acc=0.1910
[ 2022-08-29 20:31:05,083][train.train_nn_models] Found a better model at epoch 229.
[ 2022-08-29 20:31:07,785][train.train_nn_models] [Training] Epoch=230, loss=1199.2872, nll=1199.2872, l2_reg=0.0000, acc=0.1938
[ 2022-08-29 20:31:07,787][train.train_nn_models] [Validation] Epoch=230, nll=1204.3958, acc=0.1913
[ 2022-08-29 20:31:07,788][train.train_nn_models] Found a better model at epoch 230.
[ 2022-08-29 20:31:10,593][train.train_nn_models] [Training] Epoch=231, loss=1199.2289, nll=1199.2289, l2_reg=0.0000, acc=0.1939
[ 2022-08-29 20:31:10,595][train.train_nn_models] [Validation] Epoch=231, nll=1204.3441, acc=0.1914
[ 2022-08-29 20:31:10,597][train.train_nn_models] Found a better model at epoch 231.
[ 2022-08-29 20:31:13,245][train.train_nn_models] [Training] Epoch=232, loss=1199.1699, nll=1199.1699, l2_reg=0.0000, acc=0.1938
[ 2022-08-29 20:31:13,247][train.train_nn_models] [Validation] Epoch=232, nll=1204.2939, acc=0.1912
[ 2022-08-29 20:31:13,248][train.train_nn_models] Found a better model at epoch 232.
[ 2022-08-29 20:31:16,041][train.train_nn_models] [Training] Epoch=233, loss=1199.1115, nll=1199.1115, l2_reg=0.0000, acc=0.1937
[ 2022-08-29 20:31:16,042][train.train_nn_models] [Validation] Epoch=233, nll=1204.2460, acc=0.1911
[ 2022-08-29 20:31:16,044][train.train_nn_models] Found a better model at epoch 233.
[ 2022-08-29 20:31:18,874][train.train_nn_models] [Training] Epoch=234, loss=1199.0542, nll=1199.0542, l2_reg=0.0000, acc=0.1938
[ 2022-08-29 20:31:18,875][train.train_nn_models] [Validation] Epoch=234, nll=1204.2014, acc=0.1911
[ 2022-08-29 20:31:18,877][train.train_nn_models] Found a better model at epoch 234.
[ 2022-08-29 20:31:21,509][train.train_nn_models] [Training] Epoch=235, loss=1198.9989, nll=1198.9989, l2_reg=0.0000, acc=0.1937
[ 2022-08-29 20:31:21,512][train.train_nn_models] [Validation] Epoch=235, nll=1204.1605, acc=0.1913
[ 2022-08-29 20:31:21,513][train.train_nn_models] Found a better model at epoch 235.
[ 2022-08-29 20:31:24,239][train.train_nn_models] [Training] Epoch=236, loss=1198.9473, nll=1198.9473, l2_reg=0.0000, acc=0.1938
[ 2022-08-29 20:31:24,242][train.train_nn_models] [Validation] Epoch=236, nll=1204.1229, acc=0.1912
[ 2022-08-29 20:31:24,244][train.train_nn_models] Found a better model at epoch 236.
[ 2022-08-29 20:31:26,565][train.train_nn_models] [Training] Epoch=237, loss=1198.8997, nll=1198.8997, l2_reg=0.0000, acc=0.1936
[ 2022-08-29 20:31:26,567][train.train_nn_models] [Validation] Epoch=237, nll=1204.0885, acc=0.1914
[ 2022-08-29 20:31:26,568][train.train_nn_models] Found a better model at epoch 237.
[ 2022-08-29 20:31:28,820][train.train_nn_models] [Training] Epoch=238, loss=1198.8560, nll=1198.8560, l2_reg=0.0000, acc=0.1936
[ 2022-08-29 20:31:28,821][train.train_nn_models] [Validation] Epoch=238, nll=1204.0577, acc=0.1913
[ 2022-08-29 20:31:28,823][train.train_nn_models] Found a better model at epoch 238.
[ 2022-08-29 20:31:31,170][train.train_nn_models] [Training] Epoch=239, loss=1198.8164, nll=1198.8164, l2_reg=0.0000, acc=0.1935
[ 2022-08-29 20:31:31,172][train.train_nn_models] [Validation] Epoch=239, nll=1204.0280, acc=0.1914
[ 2022-08-29 20:31:31,173][train.train_nn_models] Found a better model at epoch 239.
[ 2022-08-29 20:31:33,343][train.train_nn_models] [Training] Epoch=240, loss=1198.7803, nll=1198.7803, l2_reg=0.0000, acc=0.1937
[ 2022-08-29 20:31:33,345][train.train_nn_models] [Validation] Epoch=240, nll=1203.9999, acc=0.1914
[ 2022-08-29 20:31:33,346][train.train_nn_models] Found a better model at epoch 240.
[ 2022-08-29 20:31:35,664][train.train_nn_models] [Training] Epoch=241, loss=1198.7467, nll=1198.7467, l2_reg=0.0000, acc=0.1939
[ 2022-08-29 20:31:35,666][train.train_nn_models] [Validation] Epoch=241, nll=1203.9723, acc=0.1920
[ 2022-08-29 20:31:35,667][train.train_nn_models] Found a better model at epoch 241.
[ 2022-08-29 20:31:37,823][train.train_nn_models] [Training] Epoch=242, loss=1198.7157, nll=1198.7157, l2_reg=0.0000, acc=0.1939
[ 2022-08-29 20:31:37,826][train.train_nn_models] [Validation] Epoch=242, nll=1203.9446, acc=0.1920
[ 2022-08-29 20:31:37,828][train.train_nn_models] Found a better model at epoch 242.
[ 2022-08-29 20:31:40,135][train.train_nn_models] [Training] Epoch=243, loss=1198.6862, nll=1198.6862, l2_reg=0.0000, acc=0.1942
[ 2022-08-29 20:31:40,136][train.train_nn_models] [Validation] Epoch=243, nll=1203.9178, acc=0.1922
[ 2022-08-29 20:31:40,137][train.train_nn_models] Found a better model at epoch 243.
[ 2022-08-29 20:31:42,347][train.train_nn_models] [Training] Epoch=244, loss=1198.6581, nll=1198.6581, l2_reg=0.0000, acc=0.1944
[ 2022-08-29 20:31:42,349][train.train_nn_models] [Validation] Epoch=244, nll=1203.8914, acc=0.1924
[ 2022-08-29 20:31:42,351][train.train_nn_models] Found a better model at epoch 244.
[ 2022-08-29 20:31:44,713][train.train_nn_models] [Training] Epoch=245, loss=1198.6313, nll=1198.6313, l2_reg=0.0000, acc=0.1944
[ 2022-08-29 20:31:44,715][train.train_nn_models] [Validation] Epoch=245, nll=1203.8651, acc=0.1920
[ 2022-08-29 20:31:44,716][train.train_nn_models] Found a better model at epoch 245.
[ 2022-08-29 20:31:47,271][train.train_nn_models] [Training] Epoch=246, loss=1198.6058, nll=1198.6058, l2_reg=0.0000, acc=0.1943
[ 2022-08-29 20:31:47,273][train.train_nn_models] [Validation] Epoch=246, nll=1203.8392, acc=0.1922
[ 2022-08-29 20:31:47,275][train.train_nn_models] Found a better model at epoch 246.
[ 2022-08-29 20:31:49,528][train.train_nn_models] [Training] Epoch=247, loss=1198.5811, nll=1198.5811, l2_reg=0.0000, acc=0.1943
[ 2022-08-29 20:31:49,530][train.train_nn_models] [Validation] Epoch=247, nll=1203.8146, acc=0.1929
[ 2022-08-29 20:31:49,532][train.train_nn_models] Found a better model at epoch 247.
[ 2022-08-29 20:31:51,821][train.train_nn_models] [Training] Epoch=248, loss=1198.5573, nll=1198.5573, l2_reg=0.0000, acc=0.1944
[ 2022-08-29 20:31:51,823][train.train_nn_models] [Validation] Epoch=248, nll=1203.7902, acc=0.1927
[ 2022-08-29 20:31:51,825][train.train_nn_models] Found a better model at epoch 248.
[ 2022-08-29 20:31:54,303][train.train_nn_models] [Training] Epoch=249, loss=1198.5339, nll=1198.5339, l2_reg=0.0000, acc=0.1945
[ 2022-08-29 20:31:54,306][train.train_nn_models] [Validation] Epoch=249, nll=1203.7667, acc=0.1927
[ 2022-08-29 20:31:54,308][train.train_nn_models] Found a better model at epoch 249.
[ 2022-08-29 20:31:54,580][train.eval_nll] [Test]nll=1201.0823, acc=0.1918
[ 2022-08-29 20:41:05,512][train.<module>]                    timestamp  ...                                             config
0 2022-08-29 20:41:05.484296  ...  {'model': 'ERPP', 'dataset': 'pgem-1K-15', 'in...
1 2022-08-29 20:41:05.484296  ...  {'model': 'ERPP', 'dataset': 'pgem-1K-15', 'in...
2 2022-08-29 20:41:05.484296  ...  {'model': 'ERPP', 'dataset': 'pgem-1K-15', 'in...
3 2022-08-29 20:41:05.484296  ...  {'model': 'ERPP', 'dataset': 'pgem-1K-15', 'in...
4 2022-08-29 20:41:05.484296  ...  {'model': 'ERPP', 'dataset': 'pgem-1K-15', 'in...
5 2022-08-29 20:41:05.484296  ...  {'model': 'ERPP', 'dataset': 'pgem-1K-15', 'in...

[6 rows x 7 columns]
