[ 2022-08-29 18:44:41,645][train.<module>] Namespace(attr_batch_size=0, basis_type='dyadic', batch_size=64, bucket_seqs=False, cuda=True, dataset='mhp-1K-10', dropout=0.0, embedding_dim=64, epochs=250, hidden_size=64, input_dir='data/input', l2_reg=0, lr=0.0008, max_mean=100, model='ERPP', n_bases=7, num_workers=0, occurred_type_only=False, optimizer='Adam', output_dir='data/output', rand_seed=1, rnn='GRU', skip_eval_infectivity=False, skip_pred_next_event=False, split_id=0, steps=50, tune_metric='nll', verbose=False)
[ 2022-08-29 18:45:11,286][train.train_nn_models] [Training] Epoch=0, loss=45815.2344, nll=45815.2344, l2_reg=0.0000, acc=0.1459
[ 2022-08-29 18:45:11,287][train.train_nn_models] [Validation] Epoch=0, nll=33053.6328, acc=0.1475
[ 2022-08-29 18:45:19,313][train.train_nn_models] [Training] Epoch=1, loss=24098.5156, nll=24098.5156, l2_reg=0.0000, acc=0.1428
[ 2022-08-29 18:45:19,314][train.train_nn_models] [Validation] Epoch=1, nll=14122.3115, acc=0.1049
[ 2022-08-29 18:45:27,497][train.train_nn_models] [Training] Epoch=2, loss=9258.9492, nll=9258.9492, l2_reg=0.0000, acc=0.0913
[ 2022-08-29 18:45:27,498][train.train_nn_models] [Validation] Epoch=2, nll=5175.5996, acc=0.0725
[ 2022-08-29 18:45:35,727][train.train_nn_models] [Training] Epoch=3, loss=4023.5688, nll=4023.5688, l2_reg=0.0000, acc=0.0745
[ 2022-08-29 18:45:35,728][train.train_nn_models] [Validation] Epoch=3, nll=3279.5137, acc=0.0726
[ 2022-08-29 18:45:44,178][train.train_nn_models] [Training] Epoch=4, loss=3074.0774, nll=3074.0774, l2_reg=0.0000, acc=0.0852
[ 2022-08-29 18:45:44,178][train.train_nn_models] [Validation] Epoch=4, nll=2999.2043, acc=0.1057
[ 2022-08-29 18:45:52,236][train.train_nn_models] [Training] Epoch=5, loss=2938.7363, nll=2938.7363, l2_reg=0.0000, acc=0.1288
[ 2022-08-29 18:45:52,237][train.train_nn_models] [Validation] Epoch=5, nll=2948.9404, acc=0.1545
[ 2022-08-29 18:46:00,659][train.train_nn_models] [Training] Epoch=6, loss=2903.2495, nll=2903.2495, l2_reg=0.0000, acc=0.1693
[ 2022-08-29 18:46:00,659][train.train_nn_models] [Validation] Epoch=6, nll=2919.9080, acc=0.1689
[ 2022-08-29 18:46:08,769][train.train_nn_models] [Training] Epoch=7, loss=2875.7139, nll=2875.7139, l2_reg=0.0000, acc=0.1742
[ 2022-08-29 18:46:08,769][train.train_nn_models] [Validation] Epoch=7, nll=2896.5422, acc=0.1687
[ 2022-08-29 18:46:17,186][train.train_nn_models] [Training] Epoch=8, loss=2854.2222, nll=2854.2222, l2_reg=0.0000, acc=0.1741
[ 2022-08-29 18:46:17,186][train.train_nn_models] [Validation] Epoch=8, nll=2880.4229, acc=0.1686
[ 2022-08-29 18:46:25,535][train.train_nn_models] [Training] Epoch=9, loss=2839.5962, nll=2839.5962, l2_reg=0.0000, acc=0.1755
[ 2022-08-29 18:46:25,536][train.train_nn_models] [Validation] Epoch=9, nll=2869.4131, acc=0.1716
[ 2022-08-29 18:46:33,712][train.train_nn_models] [Training] Epoch=10, loss=2829.2239, nll=2829.2239, l2_reg=0.0000, acc=0.1810
[ 2022-08-29 18:46:33,713][train.train_nn_models] [Validation] Epoch=10, nll=2860.4863, acc=0.1768
[ 2022-08-29 18:46:42,080][train.train_nn_models] [Training] Epoch=11, loss=2820.6577, nll=2820.6577, l2_reg=0.0000, acc=0.1832
[ 2022-08-29 18:46:42,081][train.train_nn_models] [Validation] Epoch=11, nll=2852.3481, acc=0.1784
[ 2022-08-29 18:46:50,187][train.train_nn_models] [Training] Epoch=12, loss=2813.0146, nll=2813.0146, l2_reg=0.0000, acc=0.1842
[ 2022-08-29 18:46:50,189][train.train_nn_models] [Validation] Epoch=12, nll=2844.8679, acc=0.1799
[ 2022-08-29 18:46:58,554][train.train_nn_models] [Training] Epoch=13, loss=2806.0479, nll=2806.0479, l2_reg=0.0000, acc=0.1867
[ 2022-08-29 18:46:58,556][train.train_nn_models] [Validation] Epoch=13, nll=2837.9639, acc=0.1824
[ 2022-08-29 18:47:07,235][train.train_nn_models] [Training] Epoch=14, loss=2799.5715, nll=2799.5715, l2_reg=0.0000, acc=0.1876
[ 2022-08-29 18:47:07,239][train.train_nn_models] [Validation] Epoch=14, nll=2831.4983, acc=0.1838
[ 2022-08-29 18:47:16,269][train.train_nn_models] [Training] Epoch=15, loss=2793.4707, nll=2793.4707, l2_reg=0.0000, acc=0.1880
[ 2022-08-29 18:47:16,274][train.train_nn_models] [Validation] Epoch=15, nll=2825.3572, acc=0.1841
[ 2022-08-29 18:47:24,648][train.train_nn_models] [Training] Epoch=16, loss=2787.6936, nll=2787.6936, l2_reg=0.0000, acc=0.1885
[ 2022-08-29 18:47:24,652][train.train_nn_models] [Validation] Epoch=16, nll=2819.4602, acc=0.1847
[ 2022-08-29 18:47:32,841][train.train_nn_models] [Training] Epoch=17, loss=2782.1589, nll=2782.1589, l2_reg=0.0000, acc=0.1890
[ 2022-08-29 18:47:32,844][train.train_nn_models] [Validation] Epoch=17, nll=2813.6248, acc=0.1856
[ 2022-08-29 18:47:41,639][train.train_nn_models] [Training] Epoch=18, loss=2776.7241, nll=2776.7241, l2_reg=0.0000, acc=0.1895
[ 2022-08-29 18:47:41,643][train.train_nn_models] [Validation] Epoch=18, nll=2807.8613, acc=0.1849
[ 2022-08-29 18:47:50,176][train.train_nn_models] [Training] Epoch=19, loss=2771.3801, nll=2771.3801, l2_reg=0.0000, acc=0.1901
[ 2022-08-29 18:47:50,179][train.train_nn_models] [Validation] Epoch=19, nll=2802.1562, acc=0.1862
[ 2022-08-29 18:47:58,510][train.train_nn_models] [Training] Epoch=20, loss=2766.0354, nll=2766.0354, l2_reg=0.0000, acc=0.1912
[ 2022-08-29 18:47:58,512][train.train_nn_models] [Validation] Epoch=20, nll=2796.3726, acc=0.1881
[ 2022-08-29 18:48:06,920][train.train_nn_models] [Training] Epoch=21, loss=2760.5864, nll=2760.5864, l2_reg=0.0000, acc=0.1939
[ 2022-08-29 18:48:06,924][train.train_nn_models] [Validation] Epoch=21, nll=2790.3386, acc=0.1913
[ 2022-08-29 18:48:15,378][train.train_nn_models] [Training] Epoch=22, loss=2754.8440, nll=2754.8440, l2_reg=0.0000, acc=0.1974
[ 2022-08-29 18:48:15,381][train.train_nn_models] [Validation] Epoch=22, nll=2783.7866, acc=0.1935
[ 2022-08-29 18:48:23,667][train.train_nn_models] [Training] Epoch=23, loss=2748.6379, nll=2748.6379, l2_reg=0.0000, acc=0.1974
[ 2022-08-29 18:48:23,671][train.train_nn_models] [Validation] Epoch=23, nll=2776.8867, acc=0.1937
[ 2022-08-29 18:48:32,168][train.train_nn_models] [Training] Epoch=24, loss=2742.1707, nll=2742.1707, l2_reg=0.0000, acc=0.1975
[ 2022-08-29 18:48:32,171][train.train_nn_models] [Validation] Epoch=24, nll=2769.9006, acc=0.1942
[ 2022-08-29 18:48:40,533][train.train_nn_models] [Training] Epoch=25, loss=2735.6013, nll=2735.6013, l2_reg=0.0000, acc=0.1979
[ 2022-08-29 18:48:40,536][train.train_nn_models] [Validation] Epoch=25, nll=2762.9336, acc=0.1953
[ 2022-08-29 18:48:49,372][train.train_nn_models] [Training] Epoch=26, loss=2728.1855, nll=2728.1855, l2_reg=0.0000, acc=0.1983
[ 2022-08-29 18:48:49,375][train.train_nn_models] [Validation] Epoch=26, nll=2753.0239, acc=0.1958
[ 2022-08-29 18:48:57,872][train.train_nn_models] [Training] Epoch=27, loss=2718.8633, nll=2718.8633, l2_reg=0.0000, acc=0.1988
[ 2022-08-29 18:48:57,876][train.train_nn_models] [Validation] Epoch=27, nll=2742.3855, acc=0.1958
[ 2022-08-29 18:49:06,241][train.train_nn_models] [Training] Epoch=28, loss=2708.8804, nll=2708.8804, l2_reg=0.0000, acc=0.1995
[ 2022-08-29 18:49:06,243][train.train_nn_models] [Validation] Epoch=28, nll=2731.3484, acc=0.1967
[ 2022-08-29 18:49:14,551][train.train_nn_models] [Training] Epoch=29, loss=2698.5500, nll=2698.5500, l2_reg=0.0000, acc=0.2001
[ 2022-08-29 18:49:14,554][train.train_nn_models] [Validation] Epoch=29, nll=2719.7395, acc=0.1987
[ 2022-08-29 18:49:22,954][train.train_nn_models] [Training] Epoch=30, loss=2687.9695, nll=2687.9695, l2_reg=0.0000, acc=0.2010
[ 2022-08-29 18:49:22,956][train.train_nn_models] [Validation] Epoch=30, nll=2708.0447, acc=0.1996
[ 2022-08-29 18:49:31,081][train.train_nn_models] [Training] Epoch=31, loss=2677.3081, nll=2677.3081, l2_reg=0.0000, acc=0.2018
[ 2022-08-29 18:49:31,084][train.train_nn_models] [Validation] Epoch=31, nll=2696.2698, acc=0.1997
[ 2022-08-29 18:49:39,591][train.train_nn_models] [Training] Epoch=32, loss=2666.5989, nll=2666.5989, l2_reg=0.0000, acc=0.2026
[ 2022-08-29 18:49:39,594][train.train_nn_models] [Validation] Epoch=32, nll=2684.4314, acc=0.2002
[ 2022-08-29 18:49:48,100][train.train_nn_models] [Training] Epoch=33, loss=2655.9434, nll=2655.9434, l2_reg=0.0000, acc=0.2031
[ 2022-08-29 18:49:48,103][train.train_nn_models] [Validation] Epoch=33, nll=2672.7876, acc=0.2012
[ 2022-08-29 18:49:56,782][train.train_nn_models] [Training] Epoch=34, loss=2645.5210, nll=2645.5210, l2_reg=0.0000, acc=0.2038
[ 2022-08-29 18:49:56,785][train.train_nn_models] [Validation] Epoch=34, nll=2661.4558, acc=0.2015
[ 2022-08-29 18:50:05,404][train.train_nn_models] [Training] Epoch=35, loss=2635.3457, nll=2635.3457, l2_reg=0.0000, acc=0.2046
[ 2022-08-29 18:50:05,406][train.train_nn_models] [Validation] Epoch=35, nll=2650.3894, acc=0.2021
[ 2022-08-29 18:50:13,938][train.train_nn_models] [Training] Epoch=36, loss=2625.4343, nll=2625.4343, l2_reg=0.0000, acc=0.2052
[ 2022-08-29 18:50:13,941][train.train_nn_models] [Validation] Epoch=36, nll=2639.6116, acc=0.2020
[ 2022-08-29 18:50:22,135][train.train_nn_models] [Training] Epoch=37, loss=2615.8259, nll=2615.8259, l2_reg=0.0000, acc=0.2057
[ 2022-08-29 18:50:22,138][train.train_nn_models] [Validation] Epoch=37, nll=2629.2034, acc=0.2025
[ 2022-08-29 18:50:30,748][train.train_nn_models] [Training] Epoch=38, loss=2606.5708, nll=2606.5708, l2_reg=0.0000, acc=0.2062
[ 2022-08-29 18:50:30,752][train.train_nn_models] [Validation] Epoch=38, nll=2619.2058, acc=0.2027
[ 2022-08-29 18:50:39,429][train.train_nn_models] [Training] Epoch=39, loss=2597.7048, nll=2597.7048, l2_reg=0.0000, acc=0.2068
[ 2022-08-29 18:50:39,432][train.train_nn_models] [Validation] Epoch=39, nll=2609.6379, acc=0.2033
[ 2022-08-29 18:50:47,707][train.train_nn_models] [Training] Epoch=40, loss=2589.2478, nll=2589.2478, l2_reg=0.0000, acc=0.2073
[ 2022-08-29 18:50:47,710][train.train_nn_models] [Validation] Epoch=40, nll=2600.5127, acc=0.2036
[ 2022-08-29 18:50:55,921][train.train_nn_models] [Training] Epoch=41, loss=2581.1990, nll=2581.1990, l2_reg=0.0000, acc=0.2080
[ 2022-08-29 18:50:55,924][train.train_nn_models] [Validation] Epoch=41, nll=2591.8154, acc=0.2048
[ 2022-08-29 18:51:03,865][train.train_nn_models] [Training] Epoch=42, loss=2573.5413, nll=2573.5413, l2_reg=0.0000, acc=0.2090
[ 2022-08-29 18:51:03,868][train.train_nn_models] [Validation] Epoch=42, nll=2583.5056, acc=0.2061
[ 2022-08-29 18:51:11,917][train.train_nn_models] [Training] Epoch=43, loss=2566.2864, nll=2566.2864, l2_reg=0.0000, acc=0.2101
[ 2022-08-29 18:51:11,920][train.train_nn_models] [Validation] Epoch=43, nll=2575.7053, acc=0.2070
[ 2022-08-29 18:51:20,472][train.train_nn_models] [Training] Epoch=44, loss=2559.5811, nll=2559.5811, l2_reg=0.0000, acc=0.2111
[ 2022-08-29 18:51:20,475][train.train_nn_models] [Validation] Epoch=44, nll=2568.5747, acc=0.2079
[ 2022-08-29 18:51:29,058][train.train_nn_models] [Training] Epoch=45, loss=2553.3733, nll=2553.3733, l2_reg=0.0000, acc=0.2124
[ 2022-08-29 18:51:29,061][train.train_nn_models] [Validation] Epoch=45, nll=2562.0034, acc=0.2093
[ 2022-08-29 18:51:37,351][train.train_nn_models] [Training] Epoch=46, loss=2547.6279, nll=2547.6279, l2_reg=0.0000, acc=0.2138
[ 2022-08-29 18:51:37,354][train.train_nn_models] [Validation] Epoch=46, nll=2555.8892, acc=0.2105
[ 2022-08-29 18:51:45,854][train.train_nn_models] [Training] Epoch=47, loss=2542.3030, nll=2542.3030, l2_reg=0.0000, acc=0.2150
[ 2022-08-29 18:51:45,857][train.train_nn_models] [Validation] Epoch=47, nll=2550.2275, acc=0.2123
[ 2022-08-29 18:51:54,155][train.train_nn_models] [Training] Epoch=48, loss=2537.3665, nll=2537.3665, l2_reg=0.0000, acc=0.2166
[ 2022-08-29 18:51:54,158][train.train_nn_models] [Validation] Epoch=48, nll=2544.9961, acc=0.2140
[ 2022-08-29 18:52:02,380][train.train_nn_models] [Training] Epoch=49, loss=2532.7942, nll=2532.7942, l2_reg=0.0000, acc=0.2179
[ 2022-08-29 18:52:02,382][train.train_nn_models] [Validation] Epoch=49, nll=2540.1592, acc=0.2161
[ 2022-08-29 18:52:11,447][train.train_nn_models] [Training] Epoch=50, loss=2528.5664, nll=2528.5664, l2_reg=0.0000, acc=0.2194
[ 2022-08-29 18:52:11,450][train.train_nn_models] [Validation] Epoch=50, nll=2535.6904, acc=0.2180
[ 2022-08-29 18:52:20,400][train.train_nn_models] [Training] Epoch=51, loss=2524.6504, nll=2524.6504, l2_reg=0.0000, acc=0.2211
[ 2022-08-29 18:52:20,403][train.train_nn_models] [Validation] Epoch=51, nll=2531.5532, acc=0.2193
[ 2022-08-29 18:52:28,830][train.train_nn_models] [Training] Epoch=52, loss=2521.0200, nll=2521.0200, l2_reg=0.0000, acc=0.2225
[ 2022-08-29 18:52:28,833][train.train_nn_models] [Validation] Epoch=52, nll=2527.7205, acc=0.2205
[ 2022-08-29 18:52:37,365][train.train_nn_models] [Training] Epoch=53, loss=2517.6472, nll=2517.6472, l2_reg=0.0000, acc=0.2238
[ 2022-08-29 18:52:37,366][train.train_nn_models] [Validation] Epoch=53, nll=2524.1523, acc=0.2219
[ 2022-08-29 18:52:45,663][train.train_nn_models] [Training] Epoch=54, loss=2514.5005, nll=2514.5005, l2_reg=0.0000, acc=0.2252
[ 2022-08-29 18:52:45,666][train.train_nn_models] [Validation] Epoch=54, nll=2520.8267, acc=0.2231
[ 2022-08-29 18:52:54,239][train.train_nn_models] [Training] Epoch=55, loss=2511.5537, nll=2511.5537, l2_reg=0.0000, acc=0.2262
[ 2022-08-29 18:52:54,242][train.train_nn_models] [Validation] Epoch=55, nll=2517.7104, acc=0.2237
[ 2022-08-29 18:53:02,601][train.train_nn_models] [Training] Epoch=56, loss=2508.7825, nll=2508.7825, l2_reg=0.0000, acc=0.2271
[ 2022-08-29 18:53:02,605][train.train_nn_models] [Validation] Epoch=56, nll=2514.7834, acc=0.2248
[ 2022-08-29 18:53:11,275][train.train_nn_models] [Training] Epoch=57, loss=2506.1636, nll=2506.1636, l2_reg=0.0000, acc=0.2280
[ 2022-08-29 18:53:11,278][train.train_nn_models] [Validation] Epoch=57, nll=2512.0190, acc=0.2264
[ 2022-08-29 18:53:19,518][train.train_nn_models] [Training] Epoch=58, loss=2503.6772, nll=2503.6772, l2_reg=0.0000, acc=0.2292
[ 2022-08-29 18:53:19,520][train.train_nn_models] [Validation] Epoch=58, nll=2509.3984, acc=0.2273
[ 2022-08-29 18:53:27,662][train.train_nn_models] [Training] Epoch=59, loss=2501.3044, nll=2501.3044, l2_reg=0.0000, acc=0.2305
[ 2022-08-29 18:53:27,665][train.train_nn_models] [Validation] Epoch=59, nll=2506.8997, acc=0.2281
[ 2022-08-29 18:53:35,918][train.train_nn_models] [Training] Epoch=60, loss=2499.0291, nll=2499.0291, l2_reg=0.0000, acc=0.2314
[ 2022-08-29 18:53:35,922][train.train_nn_models] [Validation] Epoch=60, nll=2504.5142, acc=0.2294
[ 2022-08-29 18:53:44,226][train.train_nn_models] [Training] Epoch=61, loss=2496.8369, nll=2496.8369, l2_reg=0.0000, acc=0.2329
[ 2022-08-29 18:53:44,228][train.train_nn_models] [Validation] Epoch=61, nll=2502.2197, acc=0.2298
[ 2022-08-29 18:53:52,374][train.train_nn_models] [Training] Epoch=62, loss=2494.7163, nll=2494.7163, l2_reg=0.0000, acc=0.2339
[ 2022-08-29 18:53:52,377][train.train_nn_models] [Validation] Epoch=62, nll=2500.0039, acc=0.2312
[ 2022-08-29 18:54:00,881][train.train_nn_models] [Training] Epoch=63, loss=2492.6562, nll=2492.6562, l2_reg=0.0000, acc=0.2350
[ 2022-08-29 18:54:00,884][train.train_nn_models] [Validation] Epoch=63, nll=2497.8572, acc=0.2323
[ 2022-08-29 18:54:09,131][train.train_nn_models] [Training] Epoch=64, loss=2490.6479, nll=2490.6479, l2_reg=0.0000, acc=0.2360
[ 2022-08-29 18:54:09,134][train.train_nn_models] [Validation] Epoch=64, nll=2495.7690, acc=0.2329
[ 2022-08-29 18:54:17,636][train.train_nn_models] [Training] Epoch=65, loss=2488.6875, nll=2488.6875, l2_reg=0.0000, acc=0.2371
[ 2022-08-29 18:54:17,639][train.train_nn_models] [Validation] Epoch=65, nll=2493.7371, acc=0.2349
[ 2022-08-29 18:54:25,985][train.train_nn_models] [Training] Epoch=66, loss=2486.7717, nll=2486.7717, l2_reg=0.0000, acc=0.2382
[ 2022-08-29 18:54:25,989][train.train_nn_models] [Validation] Epoch=66, nll=2491.7642, acc=0.2361
[ 2022-08-29 18:54:34,287][train.train_nn_models] [Training] Epoch=67, loss=2484.9023, nll=2484.9023, l2_reg=0.0000, acc=0.2391
[ 2022-08-29 18:54:34,290][train.train_nn_models] [Validation] Epoch=67, nll=2489.8462, acc=0.2364
[ 2022-08-29 18:54:42,481][train.train_nn_models] [Training] Epoch=68, loss=2483.0808, nll=2483.0808, l2_reg=0.0000, acc=0.2403
[ 2022-08-29 18:54:42,484][train.train_nn_models] [Validation] Epoch=68, nll=2487.9902, acc=0.2368
[ 2022-08-29 18:54:50,958][train.train_nn_models] [Training] Epoch=69, loss=2481.3120, nll=2481.3120, l2_reg=0.0000, acc=0.2415
[ 2022-08-29 18:54:50,961][train.train_nn_models] [Validation] Epoch=69, nll=2486.1987, acc=0.2379
[ 2022-08-29 18:54:59,426][train.train_nn_models] [Training] Epoch=70, loss=2479.6018, nll=2479.6018, l2_reg=0.0000, acc=0.2424
[ 2022-08-29 18:54:59,429][train.train_nn_models] [Validation] Epoch=70, nll=2484.4768, acc=0.2378
[ 2022-08-29 18:55:08,058][train.train_nn_models] [Training] Epoch=71, loss=2477.9548, nll=2477.9548, l2_reg=0.0000, acc=0.2431
[ 2022-08-29 18:55:08,063][train.train_nn_models] [Validation] Epoch=71, nll=2482.8220, acc=0.2388
[ 2022-08-29 18:55:16,388][train.train_nn_models] [Training] Epoch=72, loss=2476.3728, nll=2476.3728, l2_reg=0.0000, acc=0.2437
[ 2022-08-29 18:55:16,391][train.train_nn_models] [Validation] Epoch=72, nll=2481.2349, acc=0.2394
[ 2022-08-29 18:55:24,736][train.train_nn_models] [Training] Epoch=73, loss=2474.8591, nll=2474.8591, l2_reg=0.0000, acc=0.2442
[ 2022-08-29 18:55:24,740][train.train_nn_models] [Validation] Epoch=73, nll=2479.7175, acc=0.2398
[ 2022-08-29 18:55:32,926][train.train_nn_models] [Training] Epoch=74, loss=2473.4146, nll=2473.4146, l2_reg=0.0000, acc=0.2446
[ 2022-08-29 18:55:32,929][train.train_nn_models] [Validation] Epoch=74, nll=2478.2722, acc=0.2406
[ 2022-08-29 18:55:41,412][train.train_nn_models] [Training] Epoch=75, loss=2472.0361, nll=2472.0361, l2_reg=0.0000, acc=0.2454
[ 2022-08-29 18:55:41,415][train.train_nn_models] [Validation] Epoch=75, nll=2476.8948, acc=0.2415
[ 2022-08-29 18:55:50,119][train.train_nn_models] [Training] Epoch=76, loss=2470.7209, nll=2470.7209, l2_reg=0.0000, acc=0.2460
[ 2022-08-29 18:55:50,122][train.train_nn_models] [Validation] Epoch=76, nll=2475.5791, acc=0.2414
[ 2022-08-29 18:55:58,470][train.train_nn_models] [Training] Epoch=77, loss=2469.4626, nll=2469.4626, l2_reg=0.0000, acc=0.2466
[ 2022-08-29 18:55:58,473][train.train_nn_models] [Validation] Epoch=77, nll=2474.3228, acc=0.2420
[ 2022-08-29 18:56:06,967][train.train_nn_models] [Training] Epoch=78, loss=2468.2583, nll=2468.2583, l2_reg=0.0000, acc=0.2473
[ 2022-08-29 18:56:06,970][train.train_nn_models] [Validation] Epoch=78, nll=2473.1184, acc=0.2422
[ 2022-08-29 18:56:15,366][train.train_nn_models] [Training] Epoch=79, loss=2467.1033, nll=2467.1033, l2_reg=0.0000, acc=0.2477
[ 2022-08-29 18:56:15,369][train.train_nn_models] [Validation] Epoch=79, nll=2471.9600, acc=0.2426
[ 2022-08-29 18:56:23,738][train.train_nn_models] [Training] Epoch=80, loss=2465.9907, nll=2465.9907, l2_reg=0.0000, acc=0.2483
[ 2022-08-29 18:56:23,740][train.train_nn_models] [Validation] Epoch=80, nll=2470.8374, acc=0.2429
[ 2022-08-29 18:56:31,977][train.train_nn_models] [Training] Epoch=81, loss=2464.9209, nll=2464.9209, l2_reg=0.0000, acc=0.2489
[ 2022-08-29 18:56:31,980][train.train_nn_models] [Validation] Epoch=81, nll=2469.7537, acc=0.2433
[ 2022-08-29 18:56:40,462][train.train_nn_models] [Training] Epoch=82, loss=2463.8845, nll=2463.8845, l2_reg=0.0000, acc=0.2494
[ 2022-08-29 18:56:40,464][train.train_nn_models] [Validation] Epoch=82, nll=2468.7097, acc=0.2445
[ 2022-08-29 18:56:48,968][train.train_nn_models] [Training] Epoch=83, loss=2462.8845, nll=2462.8845, l2_reg=0.0000, acc=0.2499
[ 2022-08-29 18:56:48,971][train.train_nn_models] [Validation] Epoch=83, nll=2467.6965, acc=0.2452
[ 2022-08-29 18:56:57,436][train.train_nn_models] [Training] Epoch=84, loss=2461.9216, nll=2461.9216, l2_reg=0.0000, acc=0.2506
[ 2022-08-29 18:56:57,438][train.train_nn_models] [Validation] Epoch=84, nll=2466.7156, acc=0.2463
[ 2022-08-29 18:57:05,755][train.train_nn_models] [Training] Epoch=85, loss=2460.9861, nll=2460.9861, l2_reg=0.0000, acc=0.2511
[ 2022-08-29 18:57:05,758][train.train_nn_models] [Validation] Epoch=85, nll=2465.7646, acc=0.2471
[ 2022-08-29 18:57:13,854][train.train_nn_models] [Training] Epoch=86, loss=2460.0825, nll=2460.0825, l2_reg=0.0000, acc=0.2515
[ 2022-08-29 18:57:13,858][train.train_nn_models] [Validation] Epoch=86, nll=2464.8428, acc=0.2483
[ 2022-08-29 18:57:23,087][train.train_nn_models] [Training] Epoch=87, loss=2459.2124, nll=2459.2124, l2_reg=0.0000, acc=0.2521
[ 2022-08-29 18:57:23,090][train.train_nn_models] [Validation] Epoch=87, nll=2463.9539, acc=0.2485
[ 2022-08-29 18:57:32,050][train.train_nn_models] [Training] Epoch=88, loss=2458.3730, nll=2458.3730, l2_reg=0.0000, acc=0.2524
[ 2022-08-29 18:57:32,051][train.train_nn_models] [Validation] Epoch=88, nll=2463.0989, acc=0.2491
[ 2022-08-29 18:57:40,434][train.train_nn_models] [Training] Epoch=89, loss=2457.5632, nll=2457.5632, l2_reg=0.0000, acc=0.2530
[ 2022-08-29 18:57:40,437][train.train_nn_models] [Validation] Epoch=89, nll=2462.2759, acc=0.2500
[ 2022-08-29 18:57:48,873][train.train_nn_models] [Training] Epoch=90, loss=2456.7810, nll=2456.7810, l2_reg=0.0000, acc=0.2535
[ 2022-08-29 18:57:48,875][train.train_nn_models] [Validation] Epoch=90, nll=2461.4841, acc=0.2507
[ 2022-08-29 18:57:56,984][train.train_nn_models] [Training] Epoch=91, loss=2456.0254, nll=2456.0254, l2_reg=0.0000, acc=0.2537
[ 2022-08-29 18:57:56,986][train.train_nn_models] [Validation] Epoch=91, nll=2460.7188, acc=0.2507
[ 2022-08-29 18:58:05,218][train.train_nn_models] [Training] Epoch=92, loss=2455.2954, nll=2455.2954, l2_reg=0.0000, acc=0.2541
[ 2022-08-29 18:58:05,221][train.train_nn_models] [Validation] Epoch=92, nll=2459.9761, acc=0.2519
[ 2022-08-29 18:58:13,935][train.train_nn_models] [Training] Epoch=93, loss=2454.5862, nll=2454.5862, l2_reg=0.0000, acc=0.2547
[ 2022-08-29 18:58:13,938][train.train_nn_models] [Validation] Epoch=93, nll=2459.2563, acc=0.2524
[ 2022-08-29 18:58:22,337][train.train_nn_models] [Training] Epoch=94, loss=2453.8994, nll=2453.8994, l2_reg=0.0000, acc=0.2552
[ 2022-08-29 18:58:22,338][train.train_nn_models] [Validation] Epoch=94, nll=2458.5583, acc=0.2531
[ 2022-08-29 18:58:30,793][train.train_nn_models] [Training] Epoch=95, loss=2453.2327, nll=2453.2327, l2_reg=0.0000, acc=0.2555
[ 2022-08-29 18:58:30,796][train.train_nn_models] [Validation] Epoch=95, nll=2457.8782, acc=0.2530
[ 2022-08-29 18:58:38,974][train.train_nn_models] [Training] Epoch=96, loss=2452.5801, nll=2452.5801, l2_reg=0.0000, acc=0.2560
[ 2022-08-29 18:58:38,977][train.train_nn_models] [Validation] Epoch=96, nll=2457.2166, acc=0.2530
[ 2022-08-29 18:58:47,336][train.train_nn_models] [Training] Epoch=97, loss=2451.9470, nll=2451.9470, l2_reg=0.0000, acc=0.2565
[ 2022-08-29 18:58:47,338][train.train_nn_models] [Validation] Epoch=97, nll=2456.5708, acc=0.2532
[ 2022-08-29 18:58:55,591][train.train_nn_models] [Training] Epoch=98, loss=2451.3281, nll=2451.3281, l2_reg=0.0000, acc=0.2569
[ 2022-08-29 18:58:55,594][train.train_nn_models] [Validation] Epoch=98, nll=2455.9390, acc=0.2540
[ 2022-08-29 18:59:03,735][train.train_nn_models] [Training] Epoch=99, loss=2450.7222, nll=2450.7222, l2_reg=0.0000, acc=0.2573
[ 2022-08-29 18:59:03,738][train.train_nn_models] [Validation] Epoch=99, nll=2455.3223, acc=0.2549
[ 2022-08-29 18:59:11,965][train.train_nn_models] [Training] Epoch=100, loss=2450.1299, nll=2450.1299, l2_reg=0.0000, acc=0.2576
[ 2022-08-29 18:59:11,968][train.train_nn_models] [Validation] Epoch=100, nll=2454.7202, acc=0.2552
[ 2022-08-29 18:59:20,452][train.train_nn_models] [Training] Epoch=101, loss=2449.5508, nll=2449.5508, l2_reg=0.0000, acc=0.2581
[ 2022-08-29 18:59:20,455][train.train_nn_models] [Validation] Epoch=101, nll=2454.1316, acc=0.2557
[ 2022-08-29 18:59:28,949][train.train_nn_models] [Training] Epoch=102, loss=2448.9846, nll=2448.9846, l2_reg=0.0000, acc=0.2586
[ 2022-08-29 18:59:28,952][train.train_nn_models] [Validation] Epoch=102, nll=2453.5527, acc=0.2560
[ 2022-08-29 18:59:37,489][train.train_nn_models] [Training] Epoch=103, loss=2448.4275, nll=2448.4275, l2_reg=0.0000, acc=0.2589
[ 2022-08-29 18:59:37,492][train.train_nn_models] [Validation] Epoch=103, nll=2452.9856, acc=0.2562
[ 2022-08-29 18:59:45,810][train.train_nn_models] [Training] Epoch=104, loss=2447.8806, nll=2447.8806, l2_reg=0.0000, acc=0.2593
[ 2022-08-29 18:59:45,813][train.train_nn_models] [Validation] Epoch=104, nll=2452.4277, acc=0.2565
[ 2022-08-29 18:59:54,321][train.train_nn_models] [Training] Epoch=105, loss=2447.3457, nll=2447.3457, l2_reg=0.0000, acc=0.2595
[ 2022-08-29 18:59:54,324][train.train_nn_models] [Validation] Epoch=105, nll=2451.8796, acc=0.2570
[ 2022-08-29 19:00:03,140][train.train_nn_models] [Training] Epoch=106, loss=2446.8174, nll=2446.8174, l2_reg=0.0000, acc=0.2600
[ 2022-08-29 19:00:03,142][train.train_nn_models] [Validation] Epoch=106, nll=2451.3428, acc=0.2574
[ 2022-08-29 19:00:12,160][train.train_nn_models] [Training] Epoch=107, loss=2446.2993, nll=2446.2993, l2_reg=0.0000, acc=0.2605
[ 2022-08-29 19:00:12,163][train.train_nn_models] [Validation] Epoch=107, nll=2450.8108, acc=0.2577
[ 2022-08-29 19:00:21,316][train.train_nn_models] [Training] Epoch=108, loss=2445.7874, nll=2445.7874, l2_reg=0.0000, acc=0.2609
[ 2022-08-29 19:00:21,319][train.train_nn_models] [Validation] Epoch=108, nll=2450.2842, acc=0.2583
[ 2022-08-29 19:00:30,197][train.train_nn_models] [Training] Epoch=109, loss=2445.2795, nll=2445.2795, l2_reg=0.0000, acc=0.2613
[ 2022-08-29 19:00:30,200][train.train_nn_models] [Validation] Epoch=109, nll=2449.7612, acc=0.2584
[ 2022-08-29 19:00:39,306][train.train_nn_models] [Training] Epoch=110, loss=2444.7773, nll=2444.7773, l2_reg=0.0000, acc=0.2616
[ 2022-08-29 19:00:39,309][train.train_nn_models] [Validation] Epoch=110, nll=2449.2439, acc=0.2585
[ 2022-08-29 19:00:48,313][train.train_nn_models] [Training] Epoch=111, loss=2444.2791, nll=2444.2791, l2_reg=0.0000, acc=0.2621
[ 2022-08-29 19:00:48,316][train.train_nn_models] [Validation] Epoch=111, nll=2448.7278, acc=0.2593
[ 2022-08-29 19:00:57,342][train.train_nn_models] [Training] Epoch=112, loss=2443.7861, nll=2443.7861, l2_reg=0.0000, acc=0.2623
[ 2022-08-29 19:00:57,345][train.train_nn_models] [Validation] Epoch=112, nll=2448.2117, acc=0.2589
[ 2022-08-29 19:01:06,358][train.train_nn_models] [Training] Epoch=113, loss=2443.2996, nll=2443.2996, l2_reg=0.0000, acc=0.2627
[ 2022-08-29 19:01:06,360][train.train_nn_models] [Validation] Epoch=113, nll=2447.7085, acc=0.2592
[ 2022-08-29 19:01:15,008][train.train_nn_models] [Training] Epoch=114, loss=2442.8279, nll=2442.8279, l2_reg=0.0000, acc=0.2631
[ 2022-08-29 19:01:15,011][train.train_nn_models] [Validation] Epoch=114, nll=2447.2310, acc=0.2595
[ 2022-08-29 19:01:23,699][train.train_nn_models] [Training] Epoch=115, loss=2442.3735, nll=2442.3735, l2_reg=0.0000, acc=0.2635
[ 2022-08-29 19:01:23,702][train.train_nn_models] [Validation] Epoch=115, nll=2446.7791, acc=0.2601
[ 2022-08-29 19:01:32,520][train.train_nn_models] [Training] Epoch=116, loss=2441.9287, nll=2441.9287, l2_reg=0.0000, acc=0.2638
[ 2022-08-29 19:01:32,523][train.train_nn_models] [Validation] Epoch=116, nll=2446.3403, acc=0.2609
[ 2022-08-29 19:01:41,684][train.train_nn_models] [Training] Epoch=117, loss=2441.4951, nll=2441.4951, l2_reg=0.0000, acc=0.2640
[ 2022-08-29 19:01:41,687][train.train_nn_models] [Validation] Epoch=117, nll=2445.9136, acc=0.2614
[ 2022-08-29 19:01:50,704][train.train_nn_models] [Training] Epoch=118, loss=2441.0706, nll=2441.0706, l2_reg=0.0000, acc=0.2644
[ 2022-08-29 19:01:50,707][train.train_nn_models] [Validation] Epoch=118, nll=2445.4958, acc=0.2620
[ 2022-08-29 19:01:59,419][train.train_nn_models] [Training] Epoch=119, loss=2440.6550, nll=2440.6550, l2_reg=0.0000, acc=0.2647
[ 2022-08-29 19:01:59,422][train.train_nn_models] [Validation] Epoch=119, nll=2445.0867, acc=0.2624
[ 2022-08-29 19:02:08,297][train.train_nn_models] [Training] Epoch=120, loss=2440.2493, nll=2440.2493, l2_reg=0.0000, acc=0.2650
[ 2022-08-29 19:02:08,300][train.train_nn_models] [Validation] Epoch=120, nll=2444.6829, acc=0.2631
[ 2022-08-29 19:02:17,399][train.train_nn_models] [Training] Epoch=121, loss=2439.8518, nll=2439.8518, l2_reg=0.0000, acc=0.2654
[ 2022-08-29 19:02:17,401][train.train_nn_models] [Validation] Epoch=121, nll=2444.2859, acc=0.2637
[ 2022-08-29 19:02:26,395][train.train_nn_models] [Training] Epoch=122, loss=2439.4587, nll=2439.4587, l2_reg=0.0000, acc=0.2658
[ 2022-08-29 19:02:26,397][train.train_nn_models] [Validation] Epoch=122, nll=2443.8967, acc=0.2640
[ 2022-08-29 19:02:36,058][train.train_nn_models] [Training] Epoch=123, loss=2439.0747, nll=2439.0747, l2_reg=0.0000, acc=0.2661
[ 2022-08-29 19:02:36,060][train.train_nn_models] [Validation] Epoch=123, nll=2443.5154, acc=0.2635
[ 2022-08-29 19:02:45,129][train.train_nn_models] [Training] Epoch=124, loss=2438.6970, nll=2438.6970, l2_reg=0.0000, acc=0.2662
[ 2022-08-29 19:02:45,131][train.train_nn_models] [Validation] Epoch=124, nll=2443.1394, acc=0.2646
[ 2022-08-29 19:02:53,903][train.train_nn_models] [Training] Epoch=125, loss=2438.3240, nll=2438.3240, l2_reg=0.0000, acc=0.2665
[ 2022-08-29 19:02:53,906][train.train_nn_models] [Validation] Epoch=125, nll=2442.7717, acc=0.2647
[ 2022-08-29 19:03:02,835][train.train_nn_models] [Training] Epoch=126, loss=2437.9570, nll=2437.9570, l2_reg=0.0000, acc=0.2668
[ 2022-08-29 19:03:02,838][train.train_nn_models] [Validation] Epoch=126, nll=2442.4102, acc=0.2651
[ 2022-08-29 19:03:02,841][train.train_nn_models] Found a better model at epoch 126.
[ 2022-08-29 19:03:11,800][train.train_nn_models] [Training] Epoch=127, loss=2437.5981, nll=2437.5981, l2_reg=0.0000, acc=0.2670
[ 2022-08-29 19:03:11,803][train.train_nn_models] [Validation] Epoch=127, nll=2442.0537, acc=0.2657
[ 2022-08-29 19:03:11,806][train.train_nn_models] Found a better model at epoch 127.
[ 2022-08-29 19:03:20,536][train.train_nn_models] [Training] Epoch=128, loss=2437.2463, nll=2437.2463, l2_reg=0.0000, acc=0.2672
[ 2022-08-29 19:03:20,539][train.train_nn_models] [Validation] Epoch=128, nll=2441.7043, acc=0.2657
[ 2022-08-29 19:03:20,542][train.train_nn_models] Found a better model at epoch 128.
[ 2022-08-29 19:03:29,303][train.train_nn_models] [Training] Epoch=129, loss=2436.8989, nll=2436.8989, l2_reg=0.0000, acc=0.2675
[ 2022-08-29 19:03:29,305][train.train_nn_models] [Validation] Epoch=129, nll=2441.3628, acc=0.2657
[ 2022-08-29 19:03:29,308][train.train_nn_models] Found a better model at epoch 129.
[ 2022-08-29 19:03:38,267][train.train_nn_models] [Training] Epoch=130, loss=2436.5593, nll=2436.5593, l2_reg=0.0000, acc=0.2678
[ 2022-08-29 19:03:38,270][train.train_nn_models] [Validation] Epoch=130, nll=2441.0266, acc=0.2661
[ 2022-08-29 19:03:38,273][train.train_nn_models] Found a better model at epoch 130.
[ 2022-08-29 19:03:47,065][train.train_nn_models] [Training] Epoch=131, loss=2436.2261, nll=2436.2261, l2_reg=0.0000, acc=0.2680
[ 2022-08-29 19:03:47,068][train.train_nn_models] [Validation] Epoch=131, nll=2440.6970, acc=0.2665
[ 2022-08-29 19:03:47,071][train.train_nn_models] Found a better model at epoch 131.
[ 2022-08-29 19:03:56,080][train.train_nn_models] [Training] Epoch=132, loss=2435.8586, nll=2435.8586, l2_reg=0.0000, acc=0.2679
[ 2022-08-29 19:03:56,083][train.train_nn_models] [Validation] Epoch=132, nll=2440.2881, acc=0.2663
[ 2022-08-29 19:03:56,086][train.train_nn_models] Found a better model at epoch 132.
[ 2022-08-29 19:04:04,878][train.train_nn_models] [Training] Epoch=133, loss=2435.4263, nll=2435.4263, l2_reg=0.0000, acc=0.2683
[ 2022-08-29 19:04:04,881][train.train_nn_models] [Validation] Epoch=133, nll=2439.9072, acc=0.2665
[ 2022-08-29 19:04:04,884][train.train_nn_models] Found a better model at epoch 133.
[ 2022-08-29 19:04:13,761][train.train_nn_models] [Training] Epoch=134, loss=2434.9397, nll=2434.9397, l2_reg=0.0000, acc=0.2687
[ 2022-08-29 19:04:13,764][train.train_nn_models] [Validation] Epoch=134, nll=2439.5598, acc=0.2666
[ 2022-08-29 19:04:13,767][train.train_nn_models] Found a better model at epoch 134.
[ 2022-08-29 19:04:22,747][train.train_nn_models] [Training] Epoch=135, loss=2434.4675, nll=2434.4675, l2_reg=0.0000, acc=0.2690
[ 2022-08-29 19:04:22,750][train.train_nn_models] [Validation] Epoch=135, nll=2439.1960, acc=0.2665
[ 2022-08-29 19:04:22,752][train.train_nn_models] Found a better model at epoch 135.
[ 2022-08-29 19:04:31,781][train.train_nn_models] [Training] Epoch=136, loss=2434.0486, nll=2434.0486, l2_reg=0.0000, acc=0.2693
[ 2022-08-29 19:04:31,783][train.train_nn_models] [Validation] Epoch=136, nll=2438.6985, acc=0.2672
[ 2022-08-29 19:04:31,786][train.train_nn_models] Found a better model at epoch 136.
[ 2022-08-29 19:04:40,913][train.train_nn_models] [Training] Epoch=137, loss=2433.6560, nll=2433.6560, l2_reg=0.0000, acc=0.2695
[ 2022-08-29 19:04:40,916][train.train_nn_models] [Validation] Epoch=137, nll=2438.0793, acc=0.2679
[ 2022-08-29 19:04:40,919][train.train_nn_models] Found a better model at epoch 137.
[ 2022-08-29 19:04:49,484][train.train_nn_models] [Training] Epoch=138, loss=2433.2112, nll=2433.2112, l2_reg=0.0000, acc=0.2698
[ 2022-08-29 19:04:49,484][train.train_nn_models] [Validation] Epoch=138, nll=2437.4973, acc=0.2686
[ 2022-08-29 19:04:49,487][train.train_nn_models] Found a better model at epoch 138.
[ 2022-08-29 19:04:58,322][train.train_nn_models] [Training] Epoch=139, loss=2432.7166, nll=2432.7166, l2_reg=0.0000, acc=0.2701
[ 2022-08-29 19:04:58,324][train.train_nn_models] [Validation] Epoch=139, nll=2437.0071, acc=0.2696
[ 2022-08-29 19:04:58,327][train.train_nn_models] Found a better model at epoch 139.
[ 2022-08-29 19:05:07,073][train.train_nn_models] [Training] Epoch=140, loss=2432.1968, nll=2432.1968, l2_reg=0.0000, acc=0.2703
[ 2022-08-29 19:05:07,076][train.train_nn_models] [Validation] Epoch=140, nll=2436.5662, acc=0.2700
[ 2022-08-29 19:05:07,079][train.train_nn_models] Found a better model at epoch 140.
[ 2022-08-29 19:05:15,741][train.train_nn_models] [Training] Epoch=141, loss=2431.7126, nll=2431.7126, l2_reg=0.0000, acc=0.2707
[ 2022-08-29 19:05:15,743][train.train_nn_models] [Validation] Epoch=141, nll=2436.1392, acc=0.2703
[ 2022-08-29 19:05:15,746][train.train_nn_models] Found a better model at epoch 141.
[ 2022-08-29 19:05:24,363][train.train_nn_models] [Training] Epoch=142, loss=2431.2610, nll=2431.2610, l2_reg=0.0000, acc=0.2710
[ 2022-08-29 19:05:24,366][train.train_nn_models] [Validation] Epoch=142, nll=2435.7258, acc=0.2709
[ 2022-08-29 19:05:24,370][train.train_nn_models] Found a better model at epoch 142.
[ 2022-08-29 19:05:33,694][train.train_nn_models] [Training] Epoch=143, loss=2430.8481, nll=2430.8481, l2_reg=0.0000, acc=0.2712
[ 2022-08-29 19:05:33,697][train.train_nn_models] [Validation] Epoch=143, nll=2435.3311, acc=0.2710
[ 2022-08-29 19:05:33,700][train.train_nn_models] Found a better model at epoch 143.
[ 2022-08-29 19:05:43,162][train.train_nn_models] [Training] Epoch=144, loss=2430.4636, nll=2430.4636, l2_reg=0.0000, acc=0.2715
[ 2022-08-29 19:05:43,165][train.train_nn_models] [Validation] Epoch=144, nll=2434.9541, acc=0.2714
[ 2022-08-29 19:05:43,168][train.train_nn_models] Found a better model at epoch 144.
[ 2022-08-29 19:05:52,745][train.train_nn_models] [Training] Epoch=145, loss=2430.0981, nll=2430.0981, l2_reg=0.0000, acc=0.2716
[ 2022-08-29 19:05:52,748][train.train_nn_models] [Validation] Epoch=145, nll=2434.5908, acc=0.2715
[ 2022-08-29 19:05:52,751][train.train_nn_models] Found a better model at epoch 145.
[ 2022-08-29 19:06:02,105][train.train_nn_models] [Training] Epoch=146, loss=2429.7478, nll=2429.7478, l2_reg=0.0000, acc=0.2717
[ 2022-08-29 19:06:02,108][train.train_nn_models] [Validation] Epoch=146, nll=2434.2461, acc=0.2715
[ 2022-08-29 19:06:02,111][train.train_nn_models] Found a better model at epoch 146.
[ 2022-08-29 19:06:11,659][train.train_nn_models] [Training] Epoch=147, loss=2429.4124, nll=2429.4124, l2_reg=0.0000, acc=0.2718
[ 2022-08-29 19:06:11,662][train.train_nn_models] [Validation] Epoch=147, nll=2433.9160, acc=0.2717
[ 2022-08-29 19:06:11,665][train.train_nn_models] Found a better model at epoch 147.
[ 2022-08-29 19:06:21,126][train.train_nn_models] [Training] Epoch=148, loss=2429.0908, nll=2429.0908, l2_reg=0.0000, acc=0.2718
[ 2022-08-29 19:06:21,128][train.train_nn_models] [Validation] Epoch=148, nll=2433.5999, acc=0.2719
[ 2022-08-29 19:06:21,130][train.train_nn_models] Found a better model at epoch 148.
[ 2022-08-29 19:06:30,367][train.train_nn_models] [Training] Epoch=149, loss=2428.7837, nll=2428.7837, l2_reg=0.0000, acc=0.2720
[ 2022-08-29 19:06:30,370][train.train_nn_models] [Validation] Epoch=149, nll=2433.3000, acc=0.2719
[ 2022-08-29 19:06:30,373][train.train_nn_models] Found a better model at epoch 149.
[ 2022-08-29 19:06:39,646][train.train_nn_models] [Training] Epoch=150, loss=2428.4919, nll=2428.4919, l2_reg=0.0000, acc=0.2723
[ 2022-08-29 19:06:39,648][train.train_nn_models] [Validation] Epoch=150, nll=2433.0112, acc=0.2723
[ 2022-08-29 19:06:39,651][train.train_nn_models] Found a better model at epoch 150.
[ 2022-08-29 19:06:49,116][train.train_nn_models] [Training] Epoch=151, loss=2428.2124, nll=2428.2124, l2_reg=0.0000, acc=0.2725
[ 2022-08-29 19:06:49,117][train.train_nn_models] [Validation] Epoch=151, nll=2432.7339, acc=0.2726
[ 2022-08-29 19:06:49,119][train.train_nn_models] Found a better model at epoch 151.
[ 2022-08-29 19:06:58,890][train.train_nn_models] [Training] Epoch=152, loss=2427.9424, nll=2427.9424, l2_reg=0.0000, acc=0.2726
[ 2022-08-29 19:06:58,893][train.train_nn_models] [Validation] Epoch=152, nll=2432.4670, acc=0.2725
[ 2022-08-29 19:06:58,896][train.train_nn_models] Found a better model at epoch 152.
[ 2022-08-29 19:07:08,099][train.train_nn_models] [Training] Epoch=153, loss=2427.6824, nll=2427.6824, l2_reg=0.0000, acc=0.2728
[ 2022-08-29 19:07:08,103][train.train_nn_models] [Validation] Epoch=153, nll=2432.2102, acc=0.2724
[ 2022-08-29 19:07:08,105][train.train_nn_models] Found a better model at epoch 153.
[ 2022-08-29 19:07:17,455][train.train_nn_models] [Training] Epoch=154, loss=2427.4343, nll=2427.4343, l2_reg=0.0000, acc=0.2730
[ 2022-08-29 19:07:17,457][train.train_nn_models] [Validation] Epoch=154, nll=2431.9651, acc=0.2730
[ 2022-08-29 19:07:17,460][train.train_nn_models] Found a better model at epoch 154.
[ 2022-08-29 19:07:26,908][train.train_nn_models] [Training] Epoch=155, loss=2427.1951, nll=2427.1951, l2_reg=0.0000, acc=0.2731
[ 2022-08-29 19:07:26,910][train.train_nn_models] [Validation] Epoch=155, nll=2431.7266, acc=0.2728
[ 2022-08-29 19:07:26,913][train.train_nn_models] Found a better model at epoch 155.
[ 2022-08-29 19:07:36,596][train.train_nn_models] [Training] Epoch=156, loss=2426.9634, nll=2426.9634, l2_reg=0.0000, acc=0.2731
[ 2022-08-29 19:07:36,599][train.train_nn_models] [Validation] Epoch=156, nll=2431.4976, acc=0.2729
[ 2022-08-29 19:07:36,602][train.train_nn_models] Found a better model at epoch 156.
[ 2022-08-29 19:07:46,003][train.train_nn_models] [Training] Epoch=157, loss=2426.7410, nll=2426.7410, l2_reg=0.0000, acc=0.2732
[ 2022-08-29 19:07:46,006][train.train_nn_models] [Validation] Epoch=157, nll=2431.2759, acc=0.2729
[ 2022-08-29 19:07:46,009][train.train_nn_models] Found a better model at epoch 157.
[ 2022-08-29 19:07:55,448][train.train_nn_models] [Training] Epoch=158, loss=2426.5249, nll=2426.5249, l2_reg=0.0000, acc=0.2733
[ 2022-08-29 19:07:55,451][train.train_nn_models] [Validation] Epoch=158, nll=2431.0591, acc=0.2730
[ 2022-08-29 19:07:55,454][train.train_nn_models] Found a better model at epoch 158.
[ 2022-08-29 19:08:05,344][train.train_nn_models] [Training] Epoch=159, loss=2426.3145, nll=2426.3145, l2_reg=0.0000, acc=0.2733
[ 2022-08-29 19:08:05,347][train.train_nn_models] [Validation] Epoch=159, nll=2430.8496, acc=0.2731
[ 2022-08-29 19:08:05,350][train.train_nn_models] Found a better model at epoch 159.
[ 2022-08-29 19:08:14,823][train.train_nn_models] [Training] Epoch=160, loss=2426.1096, nll=2426.1096, l2_reg=0.0000, acc=0.2734
[ 2022-08-29 19:08:14,826][train.train_nn_models] [Validation] Epoch=160, nll=2430.6443, acc=0.2731
[ 2022-08-29 19:08:14,829][train.train_nn_models] Found a better model at epoch 160.
[ 2022-08-29 19:08:24,437][train.train_nn_models] [Training] Epoch=161, loss=2425.9104, nll=2425.9104, l2_reg=0.0000, acc=0.2736
[ 2022-08-29 19:08:24,440][train.train_nn_models] [Validation] Epoch=161, nll=2430.4443, acc=0.2729
[ 2022-08-29 19:08:24,443][train.train_nn_models] Found a better model at epoch 161.
[ 2022-08-29 19:08:33,825][train.train_nn_models] [Training] Epoch=162, loss=2425.7168, nll=2425.7168, l2_reg=0.0000, acc=0.2736
[ 2022-08-29 19:08:33,828][train.train_nn_models] [Validation] Epoch=162, nll=2430.2480, acc=0.2729
[ 2022-08-29 19:08:33,831][train.train_nn_models] Found a better model at epoch 162.
[ 2022-08-29 19:08:43,471][train.train_nn_models] [Training] Epoch=163, loss=2425.5264, nll=2425.5264, l2_reg=0.0000, acc=0.2737
[ 2022-08-29 19:08:43,474][train.train_nn_models] [Validation] Epoch=163, nll=2430.0559, acc=0.2733
[ 2022-08-29 19:08:43,477][train.train_nn_models] Found a better model at epoch 163.
[ 2022-08-29 19:08:53,130][train.train_nn_models] [Training] Epoch=164, loss=2425.3389, nll=2425.3389, l2_reg=0.0000, acc=0.2737
[ 2022-08-29 19:08:53,133][train.train_nn_models] [Validation] Epoch=164, nll=2429.8672, acc=0.2736
[ 2022-08-29 19:08:53,136][train.train_nn_models] Found a better model at epoch 164.
[ 2022-08-29 19:09:02,544][train.train_nn_models] [Training] Epoch=165, loss=2425.1560, nll=2425.1560, l2_reg=0.0000, acc=0.2738
[ 2022-08-29 19:09:02,547][train.train_nn_models] [Validation] Epoch=165, nll=2429.6809, acc=0.2735
[ 2022-08-29 19:09:02,550][train.train_nn_models] Found a better model at epoch 165.
[ 2022-08-29 19:09:12,136][train.train_nn_models] [Training] Epoch=166, loss=2424.9751, nll=2424.9751, l2_reg=0.0000, acc=0.2739
[ 2022-08-29 19:09:12,139][train.train_nn_models] [Validation] Epoch=166, nll=2429.4990, acc=0.2735
[ 2022-08-29 19:09:12,142][train.train_nn_models] Found a better model at epoch 166.
[ 2022-08-29 19:09:21,748][train.train_nn_models] [Training] Epoch=167, loss=2424.7986, nll=2424.7986, l2_reg=0.0000, acc=0.2740
[ 2022-08-29 19:09:21,750][train.train_nn_models] [Validation] Epoch=167, nll=2429.3181, acc=0.2733
[ 2022-08-29 19:09:21,753][train.train_nn_models] Found a better model at epoch 167.
[ 2022-08-29 19:09:31,627][train.train_nn_models] [Training] Epoch=168, loss=2424.6240, nll=2424.6240, l2_reg=0.0000, acc=0.2741
[ 2022-08-29 19:09:31,630][train.train_nn_models] [Validation] Epoch=168, nll=2429.1414, acc=0.2736
[ 2022-08-29 19:09:31,633][train.train_nn_models] Found a better model at epoch 168.
[ 2022-08-29 19:09:41,162][train.train_nn_models] [Training] Epoch=169, loss=2424.4517, nll=2424.4517, l2_reg=0.0000, acc=0.2742
[ 2022-08-29 19:09:41,165][train.train_nn_models] [Validation] Epoch=169, nll=2428.9658, acc=0.2738
[ 2022-08-29 19:09:41,168][train.train_nn_models] Found a better model at epoch 169.
[ 2022-08-29 19:09:50,803][train.train_nn_models] [Training] Epoch=170, loss=2424.2844, nll=2424.2844, l2_reg=0.0000, acc=0.2743
[ 2022-08-29 19:09:50,806][train.train_nn_models] [Validation] Epoch=170, nll=2428.7920, acc=0.2738
[ 2022-08-29 19:09:50,809][train.train_nn_models] Found a better model at epoch 170.
[ 2022-08-29 19:10:00,143][train.train_nn_models] [Training] Epoch=171, loss=2424.1179, nll=2424.1179, l2_reg=0.0000, acc=0.2744
[ 2022-08-29 19:10:00,146][train.train_nn_models] [Validation] Epoch=171, nll=2428.6184, acc=0.2736
[ 2022-08-29 19:10:00,151][train.train_nn_models] Found a better model at epoch 171.
[ 2022-08-29 19:10:10,017][train.train_nn_models] [Training] Epoch=172, loss=2423.9536, nll=2423.9536, l2_reg=0.0000, acc=0.2745
[ 2022-08-29 19:10:10,020][train.train_nn_models] [Validation] Epoch=172, nll=2428.4465, acc=0.2734
[ 2022-08-29 19:10:10,023][train.train_nn_models] Found a better model at epoch 172.
[ 2022-08-29 19:10:19,872][train.train_nn_models] [Training] Epoch=173, loss=2423.7910, nll=2423.7910, l2_reg=0.0000, acc=0.2747
[ 2022-08-29 19:10:19,875][train.train_nn_models] [Validation] Epoch=173, nll=2428.2803, acc=0.2736
[ 2022-08-29 19:10:19,878][train.train_nn_models] Found a better model at epoch 173.
[ 2022-08-29 19:10:29,657][train.train_nn_models] [Training] Epoch=174, loss=2423.6348, nll=2423.6348, l2_reg=0.0000, acc=0.2746
[ 2022-08-29 19:10:29,660][train.train_nn_models] [Validation] Epoch=174, nll=2428.1194, acc=0.2734
[ 2022-08-29 19:10:29,663][train.train_nn_models] Found a better model at epoch 174.
[ 2022-08-29 19:10:39,132][train.train_nn_models] [Training] Epoch=175, loss=2423.4851, nll=2423.4851, l2_reg=0.0000, acc=0.2748
[ 2022-08-29 19:10:39,135][train.train_nn_models] [Validation] Epoch=175, nll=2427.9656, acc=0.2733
[ 2022-08-29 19:10:39,138][train.train_nn_models] Found a better model at epoch 175.
[ 2022-08-29 19:10:48,409][train.train_nn_models] [Training] Epoch=176, loss=2423.3413, nll=2423.3413, l2_reg=0.0000, acc=0.2749
[ 2022-08-29 19:10:48,412][train.train_nn_models] [Validation] Epoch=176, nll=2427.8191, acc=0.2735
[ 2022-08-29 19:10:48,415][train.train_nn_models] Found a better model at epoch 176.
[ 2022-08-29 19:10:57,814][train.train_nn_models] [Training] Epoch=177, loss=2423.2021, nll=2423.2021, l2_reg=0.0000, acc=0.2750
[ 2022-08-29 19:10:57,817][train.train_nn_models] [Validation] Epoch=177, nll=2427.6748, acc=0.2734
[ 2022-08-29 19:10:57,820][train.train_nn_models] Found a better model at epoch 177.
[ 2022-08-29 19:11:07,842][train.train_nn_models] [Training] Epoch=178, loss=2423.0645, nll=2423.0645, l2_reg=0.0000, acc=0.2752
[ 2022-08-29 19:11:07,845][train.train_nn_models] [Validation] Epoch=178, nll=2427.5347, acc=0.2738
[ 2022-08-29 19:11:07,848][train.train_nn_models] Found a better model at epoch 178.
[ 2022-08-29 19:11:17,129][train.train_nn_models] [Training] Epoch=179, loss=2422.9290, nll=2422.9290, l2_reg=0.0000, acc=0.2753
[ 2022-08-29 19:11:17,132][train.train_nn_models] [Validation] Epoch=179, nll=2427.3950, acc=0.2736
[ 2022-08-29 19:11:17,135][train.train_nn_models] Found a better model at epoch 179.
[ 2022-08-29 19:11:26,879][train.train_nn_models] [Training] Epoch=180, loss=2422.7974, nll=2422.7974, l2_reg=0.0000, acc=0.2755
[ 2022-08-29 19:11:26,882][train.train_nn_models] [Validation] Epoch=180, nll=2427.2593, acc=0.2739
[ 2022-08-29 19:11:26,884][train.train_nn_models] Found a better model at epoch 180.
[ 2022-08-29 19:11:36,299][train.train_nn_models] [Training] Epoch=181, loss=2422.6680, nll=2422.6680, l2_reg=0.0000, acc=0.2756
[ 2022-08-29 19:11:36,302][train.train_nn_models] [Validation] Epoch=181, nll=2427.1272, acc=0.2736
[ 2022-08-29 19:11:36,305][train.train_nn_models] Found a better model at epoch 181.
[ 2022-08-29 19:11:46,185][train.train_nn_models] [Training] Epoch=182, loss=2422.5398, nll=2422.5398, l2_reg=0.0000, acc=0.2757
[ 2022-08-29 19:11:46,187][train.train_nn_models] [Validation] Epoch=182, nll=2426.9966, acc=0.2736
[ 2022-08-29 19:11:46,190][train.train_nn_models] Found a better model at epoch 182.
[ 2022-08-29 19:11:55,368][train.train_nn_models] [Training] Epoch=183, loss=2422.4128, nll=2422.4128, l2_reg=0.0000, acc=0.2757
[ 2022-08-29 19:11:55,371][train.train_nn_models] [Validation] Epoch=183, nll=2426.8704, acc=0.2736
[ 2022-08-29 19:11:55,374][train.train_nn_models] Found a better model at epoch 183.
[ 2022-08-29 19:12:04,731][train.train_nn_models] [Training] Epoch=184, loss=2422.2903, nll=2422.2903, l2_reg=0.0000, acc=0.2758
[ 2022-08-29 19:12:04,734][train.train_nn_models] [Validation] Epoch=184, nll=2426.7444, acc=0.2738
[ 2022-08-29 19:12:04,737][train.train_nn_models] Found a better model at epoch 184.
[ 2022-08-29 19:12:14,224][train.train_nn_models] [Training] Epoch=185, loss=2422.1704, nll=2422.1704, l2_reg=0.0000, acc=0.2759
[ 2022-08-29 19:12:14,227][train.train_nn_models] [Validation] Epoch=185, nll=2426.6216, acc=0.2736
[ 2022-08-29 19:12:14,231][train.train_nn_models] Found a better model at epoch 185.
[ 2022-08-29 19:12:23,790][train.train_nn_models] [Training] Epoch=186, loss=2422.0522, nll=2422.0522, l2_reg=0.0000, acc=0.2759
[ 2022-08-29 19:12:23,793][train.train_nn_models] [Validation] Epoch=186, nll=2426.5015, acc=0.2737
[ 2022-08-29 19:12:23,796][train.train_nn_models] Found a better model at epoch 186.
[ 2022-08-29 19:12:33,645][train.train_nn_models] [Training] Epoch=187, loss=2421.9368, nll=2421.9368, l2_reg=0.0000, acc=0.2760
[ 2022-08-29 19:12:33,647][train.train_nn_models] [Validation] Epoch=187, nll=2426.3821, acc=0.2739
[ 2022-08-29 19:12:33,650][train.train_nn_models] Found a better model at epoch 187.
[ 2022-08-29 19:12:43,367][train.train_nn_models] [Training] Epoch=188, loss=2421.8232, nll=2421.8232, l2_reg=0.0000, acc=0.2760
[ 2022-08-29 19:12:43,370][train.train_nn_models] [Validation] Epoch=188, nll=2426.2654, acc=0.2740
[ 2022-08-29 19:12:43,373][train.train_nn_models] Found a better model at epoch 188.
[ 2022-08-29 19:12:52,866][train.train_nn_models] [Training] Epoch=189, loss=2421.7095, nll=2421.7095, l2_reg=0.0000, acc=0.2762
[ 2022-08-29 19:12:52,869][train.train_nn_models] [Validation] Epoch=189, nll=2426.1504, acc=0.2739
[ 2022-08-29 19:12:52,872][train.train_nn_models] Found a better model at epoch 189.
[ 2022-08-29 19:13:02,917][train.train_nn_models] [Training] Epoch=190, loss=2421.5981, nll=2421.5981, l2_reg=0.0000, acc=0.2762
[ 2022-08-29 19:13:02,920][train.train_nn_models] [Validation] Epoch=190, nll=2426.0371, acc=0.2743
[ 2022-08-29 19:13:02,923][train.train_nn_models] Found a better model at epoch 190.
[ 2022-08-29 19:13:12,460][train.train_nn_models] [Training] Epoch=191, loss=2421.4871, nll=2421.4871, l2_reg=0.0000, acc=0.2762
[ 2022-08-29 19:13:12,463][train.train_nn_models] [Validation] Epoch=191, nll=2425.9248, acc=0.2744
[ 2022-08-29 19:13:12,466][train.train_nn_models] Found a better model at epoch 191.
[ 2022-08-29 19:13:22,043][train.train_nn_models] [Training] Epoch=192, loss=2421.3779, nll=2421.3779, l2_reg=0.0000, acc=0.2763
[ 2022-08-29 19:13:22,046][train.train_nn_models] [Validation] Epoch=192, nll=2425.8149, acc=0.2743
[ 2022-08-29 19:13:22,049][train.train_nn_models] Found a better model at epoch 192.
[ 2022-08-29 19:13:31,517][train.train_nn_models] [Training] Epoch=193, loss=2421.2686, nll=2421.2686, l2_reg=0.0000, acc=0.2763
[ 2022-08-29 19:13:31,520][train.train_nn_models] [Validation] Epoch=193, nll=2425.7075, acc=0.2744
[ 2022-08-29 19:13:31,523][train.train_nn_models] Found a better model at epoch 193.
[ 2022-08-29 19:13:41,593][train.train_nn_models] [Training] Epoch=194, loss=2421.1609, nll=2421.1609, l2_reg=0.0000, acc=0.2764
[ 2022-08-29 19:13:41,596][train.train_nn_models] [Validation] Epoch=194, nll=2425.5996, acc=0.2745
[ 2022-08-29 19:13:41,599][train.train_nn_models] Found a better model at epoch 194.
[ 2022-08-29 19:13:51,183][train.train_nn_models] [Training] Epoch=195, loss=2421.0542, nll=2421.0542, l2_reg=0.0000, acc=0.2765
[ 2022-08-29 19:13:51,185][train.train_nn_models] [Validation] Epoch=195, nll=2425.4946, acc=0.2746
[ 2022-08-29 19:13:51,188][train.train_nn_models] Found a better model at epoch 195.
[ 2022-08-29 19:14:00,779][train.train_nn_models] [Training] Epoch=196, loss=2420.9487, nll=2420.9487, l2_reg=0.0000, acc=0.2766
[ 2022-08-29 19:14:00,782][train.train_nn_models] [Validation] Epoch=196, nll=2425.3894, acc=0.2748
[ 2022-08-29 19:14:00,785][train.train_nn_models] Found a better model at epoch 196.
[ 2022-08-29 19:14:10,561][train.train_nn_models] [Training] Epoch=197, loss=2420.8447, nll=2420.8447, l2_reg=0.0000, acc=0.2766
[ 2022-08-29 19:14:10,563][train.train_nn_models] [Validation] Epoch=197, nll=2425.2859, acc=0.2751
[ 2022-08-29 19:14:10,566][train.train_nn_models] Found a better model at epoch 197.
[ 2022-08-29 19:14:20,496][train.train_nn_models] [Training] Epoch=198, loss=2420.7410, nll=2420.7410, l2_reg=0.0000, acc=0.2767
[ 2022-08-29 19:14:20,499][train.train_nn_models] [Validation] Epoch=198, nll=2425.1831, acc=0.2752
[ 2022-08-29 19:14:20,502][train.train_nn_models] Found a better model at epoch 198.
[ 2022-08-29 19:14:30,085][train.train_nn_models] [Training] Epoch=199, loss=2420.6375, nll=2420.6375, l2_reg=0.0000, acc=0.2768
[ 2022-08-29 19:14:30,087][train.train_nn_models] [Validation] Epoch=199, nll=2425.0813, acc=0.2751
[ 2022-08-29 19:14:30,090][train.train_nn_models] Found a better model at epoch 199.
[ 2022-08-29 19:14:39,949][train.train_nn_models] [Training] Epoch=200, loss=2420.5349, nll=2420.5349, l2_reg=0.0000, acc=0.2768
[ 2022-08-29 19:14:39,951][train.train_nn_models] [Validation] Epoch=200, nll=2424.9814, acc=0.2752
[ 2022-08-29 19:14:39,954][train.train_nn_models] Found a better model at epoch 200.
[ 2022-08-29 19:14:49,629][train.train_nn_models] [Training] Epoch=201, loss=2420.4363, nll=2420.4363, l2_reg=0.0000, acc=0.2768
[ 2022-08-29 19:14:49,632][train.train_nn_models] [Validation] Epoch=201, nll=2424.8838, acc=0.2750
[ 2022-08-29 19:14:49,635][train.train_nn_models] Found a better model at epoch 201.
[ 2022-08-29 19:14:58,983][train.train_nn_models] [Training] Epoch=202, loss=2420.3401, nll=2420.3401, l2_reg=0.0000, acc=0.2768
[ 2022-08-29 19:14:58,987][train.train_nn_models] [Validation] Epoch=202, nll=2424.7888, acc=0.2750
[ 2022-08-29 19:14:58,990][train.train_nn_models] Found a better model at epoch 202.
[ 2022-08-29 19:15:08,487][train.train_nn_models] [Training] Epoch=203, loss=2420.2454, nll=2420.2454, l2_reg=0.0000, acc=0.2768
[ 2022-08-29 19:15:08,490][train.train_nn_models] [Validation] Epoch=203, nll=2424.6953, acc=0.2753
[ 2022-08-29 19:15:08,493][train.train_nn_models] Found a better model at epoch 203.
[ 2022-08-29 19:15:17,742][train.train_nn_models] [Training] Epoch=204, loss=2420.1533, nll=2420.1533, l2_reg=0.0000, acc=0.2768
[ 2022-08-29 19:15:17,744][train.train_nn_models] [Validation] Epoch=204, nll=2424.6006, acc=0.2754
[ 2022-08-29 19:15:17,747][train.train_nn_models] Found a better model at epoch 204.
[ 2022-08-29 19:15:27,330][train.train_nn_models] [Training] Epoch=205, loss=2420.0613, nll=2420.0613, l2_reg=0.0000, acc=0.2768
[ 2022-08-29 19:15:27,333][train.train_nn_models] [Validation] Epoch=205, nll=2424.5085, acc=0.2750
[ 2022-08-29 19:15:27,336][train.train_nn_models] Found a better model at epoch 205.
[ 2022-08-29 19:15:36,802][train.train_nn_models] [Training] Epoch=206, loss=2419.9692, nll=2419.9692, l2_reg=0.0000, acc=0.2769
[ 2022-08-29 19:15:36,805][train.train_nn_models] [Validation] Epoch=206, nll=2424.4155, acc=0.2751
[ 2022-08-29 19:15:36,807][train.train_nn_models] Found a better model at epoch 206.
[ 2022-08-29 19:15:46,940][train.train_nn_models] [Training] Epoch=207, loss=2419.8760, nll=2419.8760, l2_reg=0.0000, acc=0.2770
[ 2022-08-29 19:15:46,943][train.train_nn_models] [Validation] Epoch=207, nll=2424.3240, acc=0.2755
[ 2022-08-29 19:15:46,946][train.train_nn_models] Found a better model at epoch 207.
[ 2022-08-29 19:15:56,509][train.train_nn_models] [Training] Epoch=208, loss=2419.7815, nll=2419.7815, l2_reg=0.0000, acc=0.2771
[ 2022-08-29 19:15:56,512][train.train_nn_models] [Validation] Epoch=208, nll=2424.2344, acc=0.2755
[ 2022-08-29 19:15:56,515][train.train_nn_models] Found a better model at epoch 208.
[ 2022-08-29 19:16:05,906][train.train_nn_models] [Training] Epoch=209, loss=2419.6887, nll=2419.6887, l2_reg=0.0000, acc=0.2772
[ 2022-08-29 19:16:05,909][train.train_nn_models] [Validation] Epoch=209, nll=2424.1443, acc=0.2755
[ 2022-08-29 19:16:05,912][train.train_nn_models] Found a better model at epoch 209.
[ 2022-08-29 19:16:15,483][train.train_nn_models] [Training] Epoch=210, loss=2419.5972, nll=2419.5972, l2_reg=0.0000, acc=0.2773
[ 2022-08-29 19:16:15,486][train.train_nn_models] [Validation] Epoch=210, nll=2424.0566, acc=0.2755
[ 2022-08-29 19:16:15,489][train.train_nn_models] Found a better model at epoch 210.
[ 2022-08-29 19:16:25,120][train.train_nn_models] [Training] Epoch=211, loss=2419.5081, nll=2419.5081, l2_reg=0.0000, acc=0.2773
[ 2022-08-29 19:16:25,123][train.train_nn_models] [Validation] Epoch=211, nll=2423.9707, acc=0.2757
[ 2022-08-29 19:16:25,126][train.train_nn_models] Found a better model at epoch 211.
[ 2022-08-29 19:16:34,921][train.train_nn_models] [Training] Epoch=212, loss=2419.4202, nll=2419.4202, l2_reg=0.0000, acc=0.2774
[ 2022-08-29 19:16:34,924][train.train_nn_models] [Validation] Epoch=212, nll=2423.8831, acc=0.2757
[ 2022-08-29 19:16:34,927][train.train_nn_models] Found a better model at epoch 212.
[ 2022-08-29 19:16:44,306][train.train_nn_models] [Training] Epoch=213, loss=2419.3313, nll=2419.3313, l2_reg=0.0000, acc=0.2774
[ 2022-08-29 19:16:44,308][train.train_nn_models] [Validation] Epoch=213, nll=2423.7959, acc=0.2759
[ 2022-08-29 19:16:44,311][train.train_nn_models] Found a better model at epoch 213.
[ 2022-08-29 19:16:53,838][train.train_nn_models] [Training] Epoch=214, loss=2419.2434, nll=2419.2434, l2_reg=0.0000, acc=0.2774
[ 2022-08-29 19:16:53,841][train.train_nn_models] [Validation] Epoch=214, nll=2423.7109, acc=0.2759
[ 2022-08-29 19:16:53,844][train.train_nn_models] Found a better model at epoch 214.
[ 2022-08-29 19:17:03,372][train.train_nn_models] [Training] Epoch=215, loss=2419.1560, nll=2419.1560, l2_reg=0.0000, acc=0.2776
[ 2022-08-29 19:17:03,374][train.train_nn_models] [Validation] Epoch=215, nll=2423.6250, acc=0.2759
[ 2022-08-29 19:17:03,377][train.train_nn_models] Found a better model at epoch 215.
[ 2022-08-29 19:17:12,922][train.train_nn_models] [Training] Epoch=216, loss=2419.0693, nll=2419.0693, l2_reg=0.0000, acc=0.2776
[ 2022-08-29 19:17:12,924][train.train_nn_models] [Validation] Epoch=216, nll=2423.5408, acc=0.2758
[ 2022-08-29 19:17:12,928][train.train_nn_models] Found a better model at epoch 216.
[ 2022-08-29 19:17:22,621][train.train_nn_models] [Training] Epoch=217, loss=2418.9827, nll=2418.9827, l2_reg=0.0000, acc=0.2777
[ 2022-08-29 19:17:22,624][train.train_nn_models] [Validation] Epoch=217, nll=2423.4563, acc=0.2759
[ 2022-08-29 19:17:22,627][train.train_nn_models] Found a better model at epoch 217.
[ 2022-08-29 19:17:31,869][train.train_nn_models] [Training] Epoch=218, loss=2418.8972, nll=2418.8972, l2_reg=0.0000, acc=0.2779
[ 2022-08-29 19:17:31,872][train.train_nn_models] [Validation] Epoch=218, nll=2423.3735, acc=0.2759
[ 2022-08-29 19:17:31,875][train.train_nn_models] Found a better model at epoch 218.
[ 2022-08-29 19:17:41,193][train.train_nn_models] [Training] Epoch=219, loss=2418.8115, nll=2418.8115, l2_reg=0.0000, acc=0.2780
[ 2022-08-29 19:17:41,196][train.train_nn_models] [Validation] Epoch=219, nll=2423.2913, acc=0.2760
[ 2022-08-29 19:17:41,199][train.train_nn_models] Found a better model at epoch 219.
[ 2022-08-29 19:17:50,394][train.train_nn_models] [Training] Epoch=220, loss=2418.7256, nll=2418.7256, l2_reg=0.0000, acc=0.2781
[ 2022-08-29 19:17:50,397][train.train_nn_models] [Validation] Epoch=220, nll=2423.2095, acc=0.2760
[ 2022-08-29 19:17:50,400][train.train_nn_models] Found a better model at epoch 220.
[ 2022-08-29 19:17:59,803][train.train_nn_models] [Training] Epoch=221, loss=2418.6409, nll=2418.6409, l2_reg=0.0000, acc=0.2781
[ 2022-08-29 19:17:59,805][train.train_nn_models] [Validation] Epoch=221, nll=2423.1292, acc=0.2763
[ 2022-08-29 19:17:59,808][train.train_nn_models] Found a better model at epoch 221.
[ 2022-08-29 19:18:09,157][train.train_nn_models] [Training] Epoch=222, loss=2418.5562, nll=2418.5562, l2_reg=0.0000, acc=0.2782
[ 2022-08-29 19:18:09,160][train.train_nn_models] [Validation] Epoch=222, nll=2423.0466, acc=0.2763
[ 2022-08-29 19:18:09,163][train.train_nn_models] Found a better model at epoch 222.
[ 2022-08-29 19:18:18,708][train.train_nn_models] [Training] Epoch=223, loss=2418.4719, nll=2418.4719, l2_reg=0.0000, acc=0.2783
[ 2022-08-29 19:18:18,711][train.train_nn_models] [Validation] Epoch=223, nll=2422.9668, acc=0.2763
[ 2022-08-29 19:18:18,714][train.train_nn_models] Found a better model at epoch 223.
[ 2022-08-29 19:18:28,638][train.train_nn_models] [Training] Epoch=224, loss=2418.3894, nll=2418.3894, l2_reg=0.0000, acc=0.2784
[ 2022-08-29 19:18:28,641][train.train_nn_models] [Validation] Epoch=224, nll=2422.8870, acc=0.2763
[ 2022-08-29 19:18:28,644][train.train_nn_models] Found a better model at epoch 224.
[ 2022-08-29 19:18:38,252][train.train_nn_models] [Training] Epoch=225, loss=2418.3069, nll=2418.3069, l2_reg=0.0000, acc=0.2784
[ 2022-08-29 19:18:38,254][train.train_nn_models] [Validation] Epoch=225, nll=2422.8054, acc=0.2763
[ 2022-08-29 19:18:38,258][train.train_nn_models] Found a better model at epoch 225.
[ 2022-08-29 19:18:47,862][train.train_nn_models] [Training] Epoch=226, loss=2418.2251, nll=2418.2251, l2_reg=0.0000, acc=0.2785
[ 2022-08-29 19:18:47,864][train.train_nn_models] [Validation] Epoch=226, nll=2422.7288, acc=0.2764
[ 2022-08-29 19:18:47,867][train.train_nn_models] Found a better model at epoch 226.
[ 2022-08-29 19:18:57,410][train.train_nn_models] [Training] Epoch=227, loss=2418.1445, nll=2418.1445, l2_reg=0.0000, acc=0.2785
[ 2022-08-29 19:18:57,413][train.train_nn_models] [Validation] Epoch=227, nll=2422.6506, acc=0.2763
[ 2022-08-29 19:18:57,416][train.train_nn_models] Found a better model at epoch 227.
[ 2022-08-29 19:19:06,996][train.train_nn_models] [Training] Epoch=228, loss=2418.0640, nll=2418.0640, l2_reg=0.0000, acc=0.2788
[ 2022-08-29 19:19:06,999][train.train_nn_models] [Validation] Epoch=228, nll=2422.5728, acc=0.2764
[ 2022-08-29 19:19:07,003][train.train_nn_models] Found a better model at epoch 228.
[ 2022-08-29 19:19:16,659][train.train_nn_models] [Training] Epoch=229, loss=2417.9832, nll=2417.9832, l2_reg=0.0000, acc=0.2787
[ 2022-08-29 19:19:16,662][train.train_nn_models] [Validation] Epoch=229, nll=2422.4951, acc=0.2765
[ 2022-08-29 19:19:16,665][train.train_nn_models] Found a better model at epoch 229.
[ 2022-08-29 19:19:26,365][train.train_nn_models] [Training] Epoch=230, loss=2417.9036, nll=2417.9036, l2_reg=0.0000, acc=0.2788
[ 2022-08-29 19:19:26,368][train.train_nn_models] [Validation] Epoch=230, nll=2422.4172, acc=0.2765
[ 2022-08-29 19:19:26,371][train.train_nn_models] Found a better model at epoch 230.
[ 2022-08-29 19:19:35,777][train.train_nn_models] [Training] Epoch=231, loss=2417.8235, nll=2417.8235, l2_reg=0.0000, acc=0.2789
[ 2022-08-29 19:19:35,780][train.train_nn_models] [Validation] Epoch=231, nll=2422.3408, acc=0.2765
[ 2022-08-29 19:19:35,783][train.train_nn_models] Found a better model at epoch 231.
[ 2022-08-29 19:19:45,432][train.train_nn_models] [Training] Epoch=232, loss=2417.7449, nll=2417.7449, l2_reg=0.0000, acc=0.2790
[ 2022-08-29 19:19:45,434][train.train_nn_models] [Validation] Epoch=232, nll=2422.2625, acc=0.2763
[ 2022-08-29 19:19:45,437][train.train_nn_models] Found a better model at epoch 232.
[ 2022-08-29 19:19:55,194][train.train_nn_models] [Training] Epoch=233, loss=2417.6646, nll=2417.6646, l2_reg=0.0000, acc=0.2789
[ 2022-08-29 19:19:55,196][train.train_nn_models] [Validation] Epoch=233, nll=2422.1892, acc=0.2764
[ 2022-08-29 19:19:55,199][train.train_nn_models] Found a better model at epoch 233.
[ 2022-08-29 19:20:04,862][train.train_nn_models] [Training] Epoch=234, loss=2417.5867, nll=2417.5867, l2_reg=0.0000, acc=0.2790
[ 2022-08-29 19:20:04,864][train.train_nn_models] [Validation] Epoch=234, nll=2422.1108, acc=0.2764
[ 2022-08-29 19:20:04,867][train.train_nn_models] Found a better model at epoch 234.
[ 2022-08-29 19:20:14,802][train.train_nn_models] [Training] Epoch=235, loss=2417.5078, nll=2417.5078, l2_reg=0.0000, acc=0.2790
[ 2022-08-29 19:20:14,805][train.train_nn_models] [Validation] Epoch=235, nll=2422.0344, acc=0.2764
[ 2022-08-29 19:20:14,809][train.train_nn_models] Found a better model at epoch 235.
[ 2022-08-29 19:20:24,304][train.train_nn_models] [Training] Epoch=236, loss=2417.4290, nll=2417.4290, l2_reg=0.0000, acc=0.2791
[ 2022-08-29 19:20:24,306][train.train_nn_models] [Validation] Epoch=236, nll=2421.9565, acc=0.2768
[ 2022-08-29 19:20:24,309][train.train_nn_models] Found a better model at epoch 236.
[ 2022-08-29 19:20:33,914][train.train_nn_models] [Training] Epoch=237, loss=2417.3496, nll=2417.3496, l2_reg=0.0000, acc=0.2791
[ 2022-08-29 19:20:33,917][train.train_nn_models] [Validation] Epoch=237, nll=2421.8806, acc=0.2769
[ 2022-08-29 19:20:33,920][train.train_nn_models] Found a better model at epoch 237.
[ 2022-08-29 19:20:43,481][train.train_nn_models] [Training] Epoch=238, loss=2417.2725, nll=2417.2725, l2_reg=0.0000, acc=0.2792
[ 2022-08-29 19:20:43,484][train.train_nn_models] [Validation] Epoch=238, nll=2421.8059, acc=0.2771
[ 2022-08-29 19:20:43,487][train.train_nn_models] Found a better model at epoch 238.
[ 2022-08-29 19:20:52,734][train.train_nn_models] [Training] Epoch=239, loss=2417.1970, nll=2417.1970, l2_reg=0.0000, acc=0.2793
[ 2022-08-29 19:20:52,737][train.train_nn_models] [Validation] Epoch=239, nll=2421.7302, acc=0.2770
[ 2022-08-29 19:20:52,739][train.train_nn_models] Found a better model at epoch 239.
[ 2022-08-29 19:21:02,260][train.train_nn_models] [Training] Epoch=240, loss=2417.1196, nll=2417.1196, l2_reg=0.0000, acc=0.2794
[ 2022-08-29 19:21:02,263][train.train_nn_models] [Validation] Epoch=240, nll=2421.6541, acc=0.2770
[ 2022-08-29 19:21:02,266][train.train_nn_models] Found a better model at epoch 240.
[ 2022-08-29 19:21:12,168][train.train_nn_models] [Training] Epoch=241, loss=2417.0427, nll=2417.0427, l2_reg=0.0000, acc=0.2795
[ 2022-08-29 19:21:12,170][train.train_nn_models] [Validation] Epoch=241, nll=2421.5786, acc=0.2774
[ 2022-08-29 19:21:12,173][train.train_nn_models] Found a better model at epoch 241.
[ 2022-08-29 19:21:21,724][train.train_nn_models] [Training] Epoch=242, loss=2416.9673, nll=2416.9673, l2_reg=0.0000, acc=0.2795
[ 2022-08-29 19:21:21,727][train.train_nn_models] [Validation] Epoch=242, nll=2421.5029, acc=0.2777
[ 2022-08-29 19:21:21,730][train.train_nn_models] Found a better model at epoch 242.
[ 2022-08-29 19:21:31,177][train.train_nn_models] [Training] Epoch=243, loss=2416.8904, nll=2416.8904, l2_reg=0.0000, acc=0.2796
[ 2022-08-29 19:21:31,180][train.train_nn_models] [Validation] Epoch=243, nll=2421.4294, acc=0.2780
[ 2022-08-29 19:21:31,184][train.train_nn_models] Found a better model at epoch 243.
[ 2022-08-29 19:21:40,755][train.train_nn_models] [Training] Epoch=244, loss=2416.8145, nll=2416.8145, l2_reg=0.0000, acc=0.2797
[ 2022-08-29 19:21:40,758][train.train_nn_models] [Validation] Epoch=244, nll=2421.3567, acc=0.2780
[ 2022-08-29 19:21:40,760][train.train_nn_models] Found a better model at epoch 244.
[ 2022-08-29 19:21:50,114][train.train_nn_models] [Training] Epoch=245, loss=2416.7390, nll=2416.7390, l2_reg=0.0000, acc=0.2798
[ 2022-08-29 19:21:50,117][train.train_nn_models] [Validation] Epoch=245, nll=2421.2822, acc=0.2782
[ 2022-08-29 19:21:50,120][train.train_nn_models] Found a better model at epoch 245.
[ 2022-08-29 19:21:59,402][train.train_nn_models] [Training] Epoch=246, loss=2416.6624, nll=2416.6624, l2_reg=0.0000, acc=0.2798
[ 2022-08-29 19:21:59,405][train.train_nn_models] [Validation] Epoch=246, nll=2421.2075, acc=0.2783
[ 2022-08-29 19:21:59,408][train.train_nn_models] Found a better model at epoch 246.
[ 2022-08-29 19:22:08,771][train.train_nn_models] [Training] Epoch=247, loss=2416.5864, nll=2416.5864, l2_reg=0.0000, acc=0.2798
[ 2022-08-29 19:22:08,774][train.train_nn_models] [Validation] Epoch=247, nll=2421.1328, acc=0.2785
[ 2022-08-29 19:22:08,777][train.train_nn_models] Found a better model at epoch 247.
[ 2022-08-29 19:22:18,405][train.train_nn_models] [Training] Epoch=248, loss=2416.5110, nll=2416.5110, l2_reg=0.0000, acc=0.2799
[ 2022-08-29 19:22:18,407][train.train_nn_models] [Validation] Epoch=248, nll=2421.0586, acc=0.2788
[ 2022-08-29 19:22:18,410][train.train_nn_models] Found a better model at epoch 248.
[ 2022-08-29 19:22:27,912][train.train_nn_models] [Training] Epoch=249, loss=2416.4358, nll=2416.4358, l2_reg=0.0000, acc=0.2800
[ 2022-08-29 19:22:27,916][train.train_nn_models] [Validation] Epoch=249, nll=2420.9839, acc=0.2787
[ 2022-08-29 19:22:27,919][train.train_nn_models] Found a better model at epoch 249.
[ 2022-08-29 19:22:28,779][train.eval_nll] [Test]nll=2409.2056, acc=0.2785
