[ 2022-08-31 16:18:54,428][train_tran.<module>] Namespace(attr_batch_size=0, basis_type='dyadic', batch_size=64, bucket_seqs=False, cuda=True, dataset='mhp-1K-10', dropout=0.0, embedding_dim=64, epochs=250, hidden_size=64, input_dir='data/input', l2_reg=0, lr=0.0008, max_mean=100, model='Tran', n_bases=7, num_workers=0, occurred_type_only=False, optimizer='Adam', output_dir='data/output', rand_seed=1, skip_eval_infectivity=False, skip_pred_next_event=False, split_id=3, steps=50, tran_head=1, tran_layer=3, tune_metric='nll', verbose=False)
[ 2022-08-31 16:19:19,052][train_tran.train_nn_models] [Training] Epoch=0, loss=34137.3633, nll=34137.3633, l2_reg=0.0000, acc=0.1161
[ 2022-08-31 16:19:19,052][train_tran.train_nn_models] [Validation] Epoch=0, nll=16967.0781, acc=0.1014
[ 2022-08-31 16:19:36,695][train_tran.train_nn_models] [Training] Epoch=1, loss=10435.7002, nll=10435.7002, l2_reg=0.0000, acc=0.1159
[ 2022-08-31 16:19:36,696][train_tran.train_nn_models] [Validation] Epoch=1, nll=4504.2085, acc=0.1183
[ 2022-08-31 16:19:54,622][train_tran.train_nn_models] [Training] Epoch=2, loss=3305.1062, nll=3305.1062, l2_reg=0.0000, acc=0.1205
[ 2022-08-31 16:19:54,623][train_tran.train_nn_models] [Validation] Epoch=2, nll=2674.3203, acc=0.1229
[ 2022-08-31 16:20:13,020][train_tran.train_nn_models] [Training] Epoch=3, loss=2669.8083, nll=2669.8083, l2_reg=0.0000, acc=0.1254
[ 2022-08-31 16:20:13,021][train_tran.train_nn_models] [Validation] Epoch=3, nll=2705.9116, acc=0.1394
[ 2022-08-31 16:20:31,586][train_tran.train_nn_models] [Training] Epoch=4, loss=2668.0132, nll=2668.0132, l2_reg=0.0000, acc=0.1676
[ 2022-08-31 16:20:31,587][train_tran.train_nn_models] [Validation] Epoch=4, nll=2629.3237, acc=0.1730
[ 2022-08-31 16:20:49,715][train_tran.train_nn_models] [Training] Epoch=5, loss=2586.9614, nll=2586.9614, l2_reg=0.0000, acc=0.1724
[ 2022-08-31 16:20:49,716][train_tran.train_nn_models] [Validation] Epoch=5, nll=2572.5715, acc=0.1757
[ 2022-08-31 16:21:07,187][train_tran.train_nn_models] [Training] Epoch=6, loss=2559.9890, nll=2559.9890, l2_reg=0.0000, acc=0.1779
[ 2022-08-31 16:21:07,188][train_tran.train_nn_models] [Validation] Epoch=6, nll=2562.9150, acc=0.1892
[ 2022-08-31 16:21:25,629][train_tran.train_nn_models] [Training] Epoch=7, loss=2552.4988, nll=2552.4988, l2_reg=0.0000, acc=0.1878
[ 2022-08-31 16:21:25,629][train_tran.train_nn_models] [Validation] Epoch=7, nll=2556.9785, acc=0.1890
[ 2022-08-31 16:21:42,353][train_tran.train_nn_models] [Training] Epoch=8, loss=2547.8218, nll=2547.8218, l2_reg=0.0000, acc=0.1874
[ 2022-08-31 16:21:42,354][train_tran.train_nn_models] [Validation] Epoch=8, nll=2554.5159, acc=0.1885
[ 2022-08-31 16:22:00,358][train_tran.train_nn_models] [Training] Epoch=9, loss=2545.0737, nll=2545.0737, l2_reg=0.0000, acc=0.1891
[ 2022-08-31 16:22:00,358][train_tran.train_nn_models] [Validation] Epoch=9, nll=2552.0291, acc=0.1913
[ 2022-08-31 16:22:18,431][train_tran.train_nn_models] [Training] Epoch=10, loss=2542.9143, nll=2542.9143, l2_reg=0.0000, acc=0.1918
[ 2022-08-31 16:22:18,432][train_tran.train_nn_models] [Validation] Epoch=10, nll=2550.1699, acc=0.1929
[ 2022-08-31 16:22:35,828][train_tran.train_nn_models] [Training] Epoch=11, loss=2541.2024, nll=2541.2024, l2_reg=0.0000, acc=0.1932
[ 2022-08-31 16:22:35,828][train_tran.train_nn_models] [Validation] Epoch=11, nll=2548.6309, acc=0.1955
[ 2022-08-31 16:22:54,515][train_tran.train_nn_models] [Training] Epoch=12, loss=2539.7576, nll=2539.7576, l2_reg=0.0000, acc=0.1932
[ 2022-08-31 16:22:54,515][train_tran.train_nn_models] [Validation] Epoch=12, nll=2547.2837, acc=0.1957
[ 2022-08-31 16:23:12,177][train_tran.train_nn_models] [Training] Epoch=13, loss=2538.5066, nll=2538.5066, l2_reg=0.0000, acc=0.1933
[ 2022-08-31 16:23:12,177][train_tran.train_nn_models] [Validation] Epoch=13, nll=2546.0706, acc=0.1952
[ 2022-08-31 16:23:29,740][train_tran.train_nn_models] [Training] Epoch=14, loss=2537.4048, nll=2537.4048, l2_reg=0.0000, acc=0.1935
[ 2022-08-31 16:23:29,740][train_tran.train_nn_models] [Validation] Epoch=14, nll=2545.0032, acc=0.1954
[ 2022-08-31 16:23:48,140][train_tran.train_nn_models] [Training] Epoch=15, loss=2536.4397, nll=2536.4397, l2_reg=0.0000, acc=0.1934
[ 2022-08-31 16:23:48,140][train_tran.train_nn_models] [Validation] Epoch=15, nll=2544.0730, acc=0.1958
[ 2022-08-31 16:24:06,150][train_tran.train_nn_models] [Training] Epoch=16, loss=2535.6089, nll=2535.6089, l2_reg=0.0000, acc=0.1938
[ 2022-08-31 16:24:06,150][train_tran.train_nn_models] [Validation] Epoch=16, nll=2543.2712, acc=0.1957
[ 2022-08-31 16:24:24,511][train_tran.train_nn_models] [Training] Epoch=17, loss=2534.8848, nll=2534.8848, l2_reg=0.0000, acc=0.1937
[ 2022-08-31 16:24:24,511][train_tran.train_nn_models] [Validation] Epoch=17, nll=2542.5740, acc=0.1954
[ 2022-08-31 16:24:41,692][train_tran.train_nn_models] [Training] Epoch=18, loss=2534.2410, nll=2534.2410, l2_reg=0.0000, acc=0.1936
[ 2022-08-31 16:24:41,692][train_tran.train_nn_models] [Validation] Epoch=18, nll=2541.9473, acc=0.1955
[ 2022-08-31 16:25:00,035][train_tran.train_nn_models] [Training] Epoch=19, loss=2533.6675, nll=2533.6675, l2_reg=0.0000, acc=0.1936
[ 2022-08-31 16:25:00,036][train_tran.train_nn_models] [Validation] Epoch=19, nll=2541.3726, acc=0.1955
[ 2022-08-31 16:25:18,168][train_tran.train_nn_models] [Training] Epoch=20, loss=2533.1611, nll=2533.1611, l2_reg=0.0000, acc=0.1936
[ 2022-08-31 16:25:18,168][train_tran.train_nn_models] [Validation] Epoch=20, nll=2540.8403, acc=0.1958
[ 2022-08-31 16:25:35,748][train_tran.train_nn_models] [Training] Epoch=21, loss=2532.7114, nll=2532.7114, l2_reg=0.0000, acc=0.1935
[ 2022-08-31 16:25:35,749][train_tran.train_nn_models] [Validation] Epoch=21, nll=2540.3599, acc=0.1959
[ 2022-08-31 16:25:53,953][train_tran.train_nn_models] [Training] Epoch=22, loss=2532.3030, nll=2532.3030, l2_reg=0.0000, acc=0.1935
[ 2022-08-31 16:25:53,953][train_tran.train_nn_models] [Validation] Epoch=22, nll=2539.9365, acc=0.1959
[ 2022-08-31 16:26:11,408][train_tran.train_nn_models] [Training] Epoch=23, loss=2531.9177, nll=2531.9177, l2_reg=0.0000, acc=0.1935
[ 2022-08-31 16:26:11,408][train_tran.train_nn_models] [Validation] Epoch=23, nll=2539.5481, acc=0.1957
[ 2022-08-31 16:26:29,827][train_tran.train_nn_models] [Training] Epoch=24, loss=2531.5442, nll=2531.5442, l2_reg=0.0000, acc=0.1935
[ 2022-08-31 16:26:29,828][train_tran.train_nn_models] [Validation] Epoch=24, nll=2539.1680, acc=0.1956
[ 2022-08-31 16:26:48,368][train_tran.train_nn_models] [Training] Epoch=25, loss=2531.1733, nll=2531.1733, l2_reg=0.0000, acc=0.1934
[ 2022-08-31 16:26:48,369][train_tran.train_nn_models] [Validation] Epoch=25, nll=2538.7815, acc=0.1955
[ 2022-08-31 16:27:06,366][train_tran.train_nn_models] [Training] Epoch=26, loss=2530.7913, nll=2530.7913, l2_reg=0.0000, acc=0.1934
[ 2022-08-31 16:27:06,368][train_tran.train_nn_models] [Validation] Epoch=26, nll=2538.3789, acc=0.1953
[ 2022-08-31 16:27:24,216][train_tran.train_nn_models] [Training] Epoch=27, loss=2530.3877, nll=2530.3877, l2_reg=0.0000, acc=0.1935
[ 2022-08-31 16:27:24,217][train_tran.train_nn_models] [Validation] Epoch=27, nll=2537.9543, acc=0.1951
[ 2022-08-31 16:27:42,883][train_tran.train_nn_models] [Training] Epoch=28, loss=2529.9663, nll=2529.9663, l2_reg=0.0000, acc=0.1935
[ 2022-08-31 16:27:42,884][train_tran.train_nn_models] [Validation] Epoch=28, nll=2537.5139, acc=0.1952
[ 2022-08-31 16:28:01,596][train_tran.train_nn_models] [Training] Epoch=29, loss=2529.5259, nll=2529.5259, l2_reg=0.0000, acc=0.1935
[ 2022-08-31 16:28:01,597][train_tran.train_nn_models] [Validation] Epoch=29, nll=2537.0457, acc=0.1952
[ 2022-08-31 16:28:19,566][train_tran.train_nn_models] [Training] Epoch=30, loss=2529.0505, nll=2529.0505, l2_reg=0.0000, acc=0.1935
[ 2022-08-31 16:28:19,567][train_tran.train_nn_models] [Validation] Epoch=30, nll=2536.5332, acc=0.1953
[ 2022-08-31 16:28:37,041][train_tran.train_nn_models] [Training] Epoch=31, loss=2528.5276, nll=2528.5276, l2_reg=0.0000, acc=0.1936
[ 2022-08-31 16:28:37,042][train_tran.train_nn_models] [Validation] Epoch=31, nll=2535.9641, acc=0.1952
[ 2022-08-31 16:28:54,953][train_tran.train_nn_models] [Training] Epoch=32, loss=2527.9470, nll=2527.9470, l2_reg=0.0000, acc=0.1936
[ 2022-08-31 16:28:54,953][train_tran.train_nn_models] [Validation] Epoch=32, nll=2535.3252, acc=0.1952
[ 2022-08-31 16:29:12,815][train_tran.train_nn_models] [Training] Epoch=33, loss=2527.2957, nll=2527.2957, l2_reg=0.0000, acc=0.1936
[ 2022-08-31 16:29:12,816][train_tran.train_nn_models] [Validation] Epoch=33, nll=2534.6035, acc=0.1950
[ 2022-08-31 16:29:31,007][train_tran.train_nn_models] [Training] Epoch=34, loss=2526.5701, nll=2526.5701, l2_reg=0.0000, acc=0.1936
[ 2022-08-31 16:29:31,008][train_tran.train_nn_models] [Validation] Epoch=34, nll=2533.8123, acc=0.1951
[ 2022-08-31 16:29:49,613][train_tran.train_nn_models] [Training] Epoch=35, loss=2525.7773, nll=2525.7773, l2_reg=0.0000, acc=0.1936
[ 2022-08-31 16:29:49,614][train_tran.train_nn_models] [Validation] Epoch=35, nll=2532.9358, acc=0.1949
[ 2022-08-31 16:30:08,132][train_tran.train_nn_models] [Training] Epoch=36, loss=2524.9106, nll=2524.9106, l2_reg=0.0000, acc=0.1936
[ 2022-08-31 16:30:08,133][train_tran.train_nn_models] [Validation] Epoch=36, nll=2531.9680, acc=0.1949
[ 2022-08-31 16:30:26,200][train_tran.train_nn_models] [Training] Epoch=37, loss=2523.9727, nll=2523.9727, l2_reg=0.0000, acc=0.1936
[ 2022-08-31 16:30:26,200][train_tran.train_nn_models] [Validation] Epoch=37, nll=2530.9172, acc=0.1950
[ 2022-08-31 16:30:43,677][train_tran.train_nn_models] [Training] Epoch=38, loss=2522.9854, nll=2522.9854, l2_reg=0.0000, acc=0.1936
[ 2022-08-31 16:30:43,677][train_tran.train_nn_models] [Validation] Epoch=38, nll=2529.8108, acc=0.1947
[ 2022-08-31 16:31:01,577][train_tran.train_nn_models] [Training] Epoch=39, loss=2521.9812, nll=2521.9812, l2_reg=0.0000, acc=0.1936
[ 2022-08-31 16:31:01,577][train_tran.train_nn_models] [Validation] Epoch=39, nll=2528.6868, acc=0.1949
[ 2022-08-31 16:31:19,500][train_tran.train_nn_models] [Training] Epoch=40, loss=2520.9937, nll=2520.9937, l2_reg=0.0000, acc=0.1936
[ 2022-08-31 16:31:19,501][train_tran.train_nn_models] [Validation] Epoch=40, nll=2527.5823, acc=0.1950
[ 2022-08-31 16:31:37,169][train_tran.train_nn_models] [Training] Epoch=41, loss=2520.0400, nll=2520.0400, l2_reg=0.0000, acc=0.1935
[ 2022-08-31 16:31:37,169][train_tran.train_nn_models] [Validation] Epoch=41, nll=2526.5186, acc=0.1947
[ 2022-08-31 16:31:55,218][train_tran.train_nn_models] [Training] Epoch=42, loss=2519.1191, nll=2519.1191, l2_reg=0.0000, acc=0.1935
[ 2022-08-31 16:31:55,219][train_tran.train_nn_models] [Validation] Epoch=42, nll=2525.4956, acc=0.1946
[ 2022-08-31 16:32:13,007][train_tran.train_nn_models] [Training] Epoch=43, loss=2518.2188, nll=2518.2188, l2_reg=0.0000, acc=0.1935
[ 2022-08-31 16:32:13,008][train_tran.train_nn_models] [Validation] Epoch=43, nll=2524.5095, acc=0.1946
[ 2022-08-31 16:32:30,703][train_tran.train_nn_models] [Training] Epoch=44, loss=2517.3374, nll=2517.3374, l2_reg=0.0000, acc=0.1935
[ 2022-08-31 16:32:30,703][train_tran.train_nn_models] [Validation] Epoch=44, nll=2523.5540, acc=0.1946
[ 2022-08-31 16:32:49,600][train_tran.train_nn_models] [Training] Epoch=45, loss=2516.4797, nll=2516.4797, l2_reg=0.0000, acc=0.1934
[ 2022-08-31 16:32:49,601][train_tran.train_nn_models] [Validation] Epoch=45, nll=2522.6196, acc=0.1943
[ 2022-08-31 16:33:07,020][train_tran.train_nn_models] [Training] Epoch=46, loss=2515.6499, nll=2515.6499, l2_reg=0.0000, acc=0.1934
[ 2022-08-31 16:33:07,021][train_tran.train_nn_models] [Validation] Epoch=46, nll=2521.7070, acc=0.1942
[ 2022-08-31 16:33:25,543][train_tran.train_nn_models] [Training] Epoch=47, loss=2514.8508, nll=2514.8508, l2_reg=0.0000, acc=0.1934
[ 2022-08-31 16:33:25,544][train_tran.train_nn_models] [Validation] Epoch=47, nll=2520.8137, acc=0.1942
[ 2022-08-31 16:33:42,748][train_tran.train_nn_models] [Training] Epoch=48, loss=2514.0833, nll=2514.0833, l2_reg=0.0000, acc=0.1933
[ 2022-08-31 16:33:42,749][train_tran.train_nn_models] [Validation] Epoch=48, nll=2519.9309, acc=0.1941
[ 2022-08-31 16:34:00,610][train_tran.train_nn_models] [Training] Epoch=49, loss=2513.3401, nll=2513.3401, l2_reg=0.0000, acc=0.1933
[ 2022-08-31 16:34:00,611][train_tran.train_nn_models] [Validation] Epoch=49, nll=2519.0576, acc=0.1941
[ 2022-08-31 16:34:18,515][train_tran.train_nn_models] [Training] Epoch=50, loss=2512.6221, nll=2512.6221, l2_reg=0.0000, acc=0.1933
[ 2022-08-31 16:34:18,516][train_tran.train_nn_models] [Validation] Epoch=50, nll=2518.2046, acc=0.1938
[ 2022-08-31 16:34:36,098][train_tran.train_nn_models] [Training] Epoch=51, loss=2511.9277, nll=2511.9277, l2_reg=0.0000, acc=0.1934
[ 2022-08-31 16:34:36,098][train_tran.train_nn_models] [Validation] Epoch=51, nll=2517.3940, acc=0.1939
[ 2022-08-31 16:34:54,592][train_tran.train_nn_models] [Training] Epoch=52, loss=2511.2588, nll=2511.2588, l2_reg=0.0000, acc=0.1933
[ 2022-08-31 16:34:54,592][train_tran.train_nn_models] [Validation] Epoch=52, nll=2516.6448, acc=0.1942
[ 2022-08-31 16:35:11,578][train_tran.train_nn_models] [Training] Epoch=53, loss=2510.5940, nll=2510.5940, l2_reg=0.0000, acc=0.1930
[ 2022-08-31 16:35:11,578][train_tran.train_nn_models] [Validation] Epoch=53, nll=2515.9370, acc=0.1940
[ 2022-08-31 16:35:29,502][train_tran.train_nn_models] [Training] Epoch=54, loss=2509.7671, nll=2509.7671, l2_reg=0.0000, acc=0.1934
[ 2022-08-31 16:35:29,502][train_tran.train_nn_models] [Validation] Epoch=54, nll=2514.8977, acc=0.1948
[ 2022-08-31 16:35:47,085][train_tran.train_nn_models] [Training] Epoch=55, loss=2508.6406, nll=2508.6406, l2_reg=0.0000, acc=0.1939
[ 2022-08-31 16:35:47,086][train_tran.train_nn_models] [Validation] Epoch=55, nll=2513.5513, acc=0.1957
[ 2022-08-31 16:36:04,537][train_tran.train_nn_models] [Training] Epoch=56, loss=2507.2463, nll=2507.2463, l2_reg=0.0000, acc=0.1943
[ 2022-08-31 16:36:04,538][train_tran.train_nn_models] [Validation] Epoch=56, nll=2511.9429, acc=0.1961
[ 2022-08-31 16:36:21,723][train_tran.train_nn_models] [Training] Epoch=57, loss=2505.7249, nll=2505.7249, l2_reg=0.0000, acc=0.1949
[ 2022-08-31 16:36:21,724][train_tran.train_nn_models] [Validation] Epoch=57, nll=2510.4397, acc=0.1975
[ 2022-08-31 16:36:39,622][train_tran.train_nn_models] [Training] Epoch=58, loss=2504.2532, nll=2504.2532, l2_reg=0.0000, acc=0.1956
[ 2022-08-31 16:36:39,622][train_tran.train_nn_models] [Validation] Epoch=58, nll=2509.0120, acc=0.1985
[ 2022-08-31 16:36:56,958][train_tran.train_nn_models] [Training] Epoch=59, loss=2502.8875, nll=2502.8875, l2_reg=0.0000, acc=0.1961
[ 2022-08-31 16:36:56,958][train_tran.train_nn_models] [Validation] Epoch=59, nll=2507.7266, acc=0.1994
[ 2022-08-31 16:37:13,717][train_tran.train_nn_models] [Training] Epoch=60, loss=2501.6475, nll=2501.6475, l2_reg=0.0000, acc=0.1967
[ 2022-08-31 16:37:13,718][train_tran.train_nn_models] [Validation] Epoch=60, nll=2506.5618, acc=0.1998
[ 2022-08-31 16:37:30,933][train_tran.train_nn_models] [Training] Epoch=61, loss=2500.5039, nll=2500.5039, l2_reg=0.0000, acc=0.1972
[ 2022-08-31 16:37:30,933][train_tran.train_nn_models] [Validation] Epoch=61, nll=2505.4902, acc=0.2008
[ 2022-08-31 16:37:49,270][train_tran.train_nn_models] [Training] Epoch=62, loss=2499.4292, nll=2499.4292, l2_reg=0.0000, acc=0.1980
[ 2022-08-31 16:37:49,270][train_tran.train_nn_models] [Validation] Epoch=62, nll=2504.4490, acc=0.2012
[ 2022-08-31 16:38:07,123][train_tran.train_nn_models] [Training] Epoch=63, loss=2498.3804, nll=2498.3804, l2_reg=0.0000, acc=0.1984
[ 2022-08-31 16:38:07,124][train_tran.train_nn_models] [Validation] Epoch=63, nll=2503.3726, acc=0.2004
[ 2022-08-31 16:38:24,991][train_tran.train_nn_models] [Training] Epoch=64, loss=2497.3120, nll=2497.3120, l2_reg=0.0000, acc=0.1990
[ 2022-08-31 16:38:24,992][train_tran.train_nn_models] [Validation] Epoch=64, nll=2502.2886, acc=0.2000
[ 2022-08-31 16:38:42,866][train_tran.train_nn_models] [Training] Epoch=65, loss=2496.2356, nll=2496.2356, l2_reg=0.0000, acc=0.1992
[ 2022-08-31 16:38:42,866][train_tran.train_nn_models] [Validation] Epoch=65, nll=2501.2117, acc=0.2007
[ 2022-08-31 16:39:00,827][train_tran.train_nn_models] [Training] Epoch=66, loss=2495.1511, nll=2495.1511, l2_reg=0.0000, acc=0.1996
[ 2022-08-31 16:39:00,828][train_tran.train_nn_models] [Validation] Epoch=66, nll=2500.1008, acc=0.2011
[ 2022-08-31 16:39:18,566][train_tran.train_nn_models] [Training] Epoch=67, loss=2494.0398, nll=2494.0398, l2_reg=0.0000, acc=0.2000
[ 2022-08-31 16:39:18,567][train_tran.train_nn_models] [Validation] Epoch=67, nll=2498.9517, acc=0.2014
[ 2022-08-31 16:39:36,641][train_tran.train_nn_models] [Training] Epoch=68, loss=2492.8916, nll=2492.8916, l2_reg=0.0000, acc=0.2004
[ 2022-08-31 16:39:36,641][train_tran.train_nn_models] [Validation] Epoch=68, nll=2497.7217, acc=0.2024
[ 2022-08-31 16:39:54,395][train_tran.train_nn_models] [Training] Epoch=69, loss=2491.6860, nll=2491.6860, l2_reg=0.0000, acc=0.2008
[ 2022-08-31 16:39:54,396][train_tran.train_nn_models] [Validation] Epoch=69, nll=2496.4695, acc=0.2026
[ 2022-08-31 16:40:12,021][train_tran.train_nn_models] [Training] Epoch=70, loss=2490.4104, nll=2490.4104, l2_reg=0.0000, acc=0.2014
[ 2022-08-31 16:40:12,022][train_tran.train_nn_models] [Validation] Epoch=70, nll=2495.1790, acc=0.2027
[ 2022-08-31 16:40:30,846][train_tran.train_nn_models] [Training] Epoch=71, loss=2489.0493, nll=2489.0493, l2_reg=0.0000, acc=0.2022
[ 2022-08-31 16:40:30,848][train_tran.train_nn_models] [Validation] Epoch=71, nll=2493.8550, acc=0.2035
[ 2022-08-31 16:40:49,022][train_tran.train_nn_models] [Training] Epoch=72, loss=2487.6240, nll=2487.6240, l2_reg=0.0000, acc=0.2026
[ 2022-08-31 16:40:49,023][train_tran.train_nn_models] [Validation] Epoch=72, nll=2492.5747, acc=0.2039
[ 2022-08-31 16:41:08,003][train_tran.train_nn_models] [Training] Epoch=73, loss=2486.1711, nll=2486.1711, l2_reg=0.0000, acc=0.2033
[ 2022-08-31 16:41:08,003][train_tran.train_nn_models] [Validation] Epoch=73, nll=2491.3918, acc=0.2054
[ 2022-08-31 16:41:25,587][train_tran.train_nn_models] [Training] Epoch=74, loss=2484.7183, nll=2484.7183, l2_reg=0.0000, acc=0.2039
[ 2022-08-31 16:41:25,588][train_tran.train_nn_models] [Validation] Epoch=74, nll=2490.2048, acc=0.2066
[ 2022-08-31 16:41:42,995][train_tran.train_nn_models] [Training] Epoch=75, loss=2483.2629, nll=2483.2629, l2_reg=0.0000, acc=0.2045
[ 2022-08-31 16:41:42,995][train_tran.train_nn_models] [Validation] Epoch=75, nll=2488.9536, acc=0.2077
[ 2022-08-31 16:42:01,321][train_tran.train_nn_models] [Training] Epoch=76, loss=2481.8123, nll=2481.8123, l2_reg=0.0000, acc=0.2052
[ 2022-08-31 16:42:01,322][train_tran.train_nn_models] [Validation] Epoch=76, nll=2487.5864, acc=0.2076
[ 2022-08-31 16:42:18,535][train_tran.train_nn_models] [Training] Epoch=77, loss=2480.3660, nll=2480.3660, l2_reg=0.0000, acc=0.2061
[ 2022-08-31 16:42:18,536][train_tran.train_nn_models] [Validation] Epoch=77, nll=2486.1628, acc=0.2089
[ 2022-08-31 16:42:35,917][train_tran.train_nn_models] [Training] Epoch=78, loss=2478.9358, nll=2478.9358, l2_reg=0.0000, acc=0.2071
[ 2022-08-31 16:42:35,917][train_tran.train_nn_models] [Validation] Epoch=78, nll=2484.7102, acc=0.2099
[ 2022-08-31 16:42:53,804][train_tran.train_nn_models] [Training] Epoch=79, loss=2477.5103, nll=2477.5103, l2_reg=0.0000, acc=0.2081
[ 2022-08-31 16:42:53,805][train_tran.train_nn_models] [Validation] Epoch=79, nll=2483.2124, acc=0.2113
[ 2022-08-31 16:43:11,141][train_tran.train_nn_models] [Training] Epoch=80, loss=2476.0710, nll=2476.0710, l2_reg=0.0000, acc=0.2095
[ 2022-08-31 16:43:11,141][train_tran.train_nn_models] [Validation] Epoch=80, nll=2481.7898, acc=0.2123
[ 2022-08-31 16:43:29,114][train_tran.train_nn_models] [Training] Epoch=81, loss=2474.6543, nll=2474.6543, l2_reg=0.0000, acc=0.2109
[ 2022-08-31 16:43:29,115][train_tran.train_nn_models] [Validation] Epoch=81, nll=2480.3696, acc=0.2139
[ 2022-08-31 16:43:46,852][train_tran.train_nn_models] [Training] Epoch=82, loss=2473.2068, nll=2473.2068, l2_reg=0.0000, acc=0.2125
[ 2022-08-31 16:43:46,852][train_tran.train_nn_models] [Validation] Epoch=82, nll=2478.9048, acc=0.2163
[ 2022-08-31 16:44:05,310][train_tran.train_nn_models] [Training] Epoch=83, loss=2471.7070, nll=2471.7070, l2_reg=0.0000, acc=0.2144
[ 2022-08-31 16:44:05,311][train_tran.train_nn_models] [Validation] Epoch=83, nll=2477.4707, acc=0.2194
[ 2022-08-31 16:44:22,854][train_tran.train_nn_models] [Training] Epoch=84, loss=2470.1484, nll=2470.1484, l2_reg=0.0000, acc=0.2169
[ 2022-08-31 16:44:22,855][train_tran.train_nn_models] [Validation] Epoch=84, nll=2476.0332, acc=0.2211
[ 2022-08-31 16:44:41,051][train_tran.train_nn_models] [Training] Epoch=85, loss=2468.5386, nll=2468.5386, l2_reg=0.0000, acc=0.2193
[ 2022-08-31 16:44:41,051][train_tran.train_nn_models] [Validation] Epoch=85, nll=2474.3665, acc=0.2237
[ 2022-08-31 16:44:58,720][train_tran.train_nn_models] [Training] Epoch=86, loss=2466.8613, nll=2466.8613, l2_reg=0.0000, acc=0.2215
[ 2022-08-31 16:44:58,721][train_tran.train_nn_models] [Validation] Epoch=86, nll=2472.6948, acc=0.2251
[ 2022-08-31 16:45:16,536][train_tran.train_nn_models] [Training] Epoch=87, loss=2465.1584, nll=2465.1584, l2_reg=0.0000, acc=0.2240
[ 2022-08-31 16:45:16,536][train_tran.train_nn_models] [Validation] Epoch=87, nll=2471.0938, acc=0.2275
[ 2022-08-31 16:45:34,373][train_tran.train_nn_models] [Training] Epoch=88, loss=2463.3997, nll=2463.3997, l2_reg=0.0000, acc=0.2263
[ 2022-08-31 16:45:34,374][train_tran.train_nn_models] [Validation] Epoch=88, nll=2469.4067, acc=0.2280
[ 2022-08-31 16:45:52,018][train_tran.train_nn_models] [Training] Epoch=89, loss=2461.4929, nll=2461.4929, l2_reg=0.0000, acc=0.2289
[ 2022-08-31 16:45:52,019][train_tran.train_nn_models] [Validation] Epoch=89, nll=2467.6987, acc=0.2308
[ 2022-08-31 16:46:10,143][train_tran.train_nn_models] [Training] Epoch=90, loss=2459.4233, nll=2459.4233, l2_reg=0.0000, acc=0.2318
[ 2022-08-31 16:46:10,143][train_tran.train_nn_models] [Validation] Epoch=90, nll=2465.8992, acc=0.2344
[ 2022-08-31 16:46:27,820][train_tran.train_nn_models] [Training] Epoch=91, loss=2457.1882, nll=2457.1882, l2_reg=0.0000, acc=0.2343
[ 2022-08-31 16:46:27,820][train_tran.train_nn_models] [Validation] Epoch=91, nll=2464.1677, acc=0.2363
[ 2022-08-31 16:46:46,292][train_tran.train_nn_models] [Training] Epoch=92, loss=2454.9136, nll=2454.9136, l2_reg=0.0000, acc=0.2363
[ 2022-08-31 16:46:46,292][train_tran.train_nn_models] [Validation] Epoch=92, nll=2462.4924, acc=0.2389
[ 2022-08-31 16:47:04,453][train_tran.train_nn_models] [Training] Epoch=93, loss=2452.6631, nll=2452.6631, l2_reg=0.0000, acc=0.2383
[ 2022-08-31 16:47:04,453][train_tran.train_nn_models] [Validation] Epoch=93, nll=2461.0410, acc=0.2392
[ 2022-08-31 16:47:21,912][train_tran.train_nn_models] [Training] Epoch=94, loss=2450.4792, nll=2450.4792, l2_reg=0.0000, acc=0.2402
[ 2022-08-31 16:47:21,913][train_tran.train_nn_models] [Validation] Epoch=94, nll=2459.8015, acc=0.2415
[ 2022-08-31 16:47:39,387][train_tran.train_nn_models] [Training] Epoch=95, loss=2448.3745, nll=2448.3745, l2_reg=0.0000, acc=0.2415
[ 2022-08-31 16:47:39,388][train_tran.train_nn_models] [Validation] Epoch=95, nll=2458.8372, acc=0.2430
[ 2022-08-31 16:47:57,464][train_tran.train_nn_models] [Training] Epoch=96, loss=2447.0647, nll=2447.0647, l2_reg=0.0000, acc=0.2422
[ 2022-08-31 16:47:57,465][train_tran.train_nn_models] [Validation] Epoch=96, nll=2458.4600, acc=0.2439
[ 2022-08-31 16:48:16,034][train_tran.train_nn_models] [Training] Epoch=97, loss=2444.9099, nll=2444.9099, l2_reg=0.0000, acc=0.2436
[ 2022-08-31 16:48:16,034][train_tran.train_nn_models] [Validation] Epoch=97, nll=2460.3271, acc=0.2430
[ 2022-08-31 16:48:33,438][train_tran.train_nn_models] [Training] Epoch=98, loss=2443.0781, nll=2443.0781, l2_reg=0.0000, acc=0.2445
[ 2022-08-31 16:48:33,439][train_tran.train_nn_models] [Validation] Epoch=98, nll=2460.9622, acc=0.2452
[ 2022-08-31 16:48:51,636][train_tran.train_nn_models] [Training] Epoch=99, loss=2440.8430, nll=2440.8430, l2_reg=0.0000, acc=0.2465
[ 2022-08-31 16:48:51,637][train_tran.train_nn_models] [Validation] Epoch=99, nll=2457.4661, acc=0.2472
[ 2022-08-31 16:49:09,882][train_tran.train_nn_models] [Training] Epoch=100, loss=2437.7400, nll=2437.7400, l2_reg=0.0000, acc=0.2482
[ 2022-08-31 16:49:09,882][train_tran.train_nn_models] [Validation] Epoch=100, nll=2454.5759, acc=0.2486
[ 2022-08-31 16:49:27,893][train_tran.train_nn_models] [Training] Epoch=101, loss=2434.6995, nll=2434.6995, l2_reg=0.0000, acc=0.2500
[ 2022-08-31 16:49:27,894][train_tran.train_nn_models] [Validation] Epoch=101, nll=2452.2798, acc=0.2516
[ 2022-08-31 16:49:45,922][train_tran.train_nn_models] [Training] Epoch=102, loss=2432.2578, nll=2432.2578, l2_reg=0.0000, acc=0.2519
[ 2022-08-31 16:49:45,923][train_tran.train_nn_models] [Validation] Epoch=102, nll=2450.4795, acc=0.2524
[ 2022-08-31 16:50:04,598][train_tran.train_nn_models] [Training] Epoch=103, loss=2485.6448, nll=2485.6448, l2_reg=0.0000, acc=0.2293
[ 2022-08-31 16:50:04,599][train_tran.train_nn_models] [Validation] Epoch=103, nll=2508.1028, acc=0.2255
[ 2022-08-31 16:50:23,639][train_tran.train_nn_models] [Training] Epoch=104, loss=2501.2324, nll=2501.2324, l2_reg=0.0000, acc=0.2152
[ 2022-08-31 16:50:23,639][train_tran.train_nn_models] [Validation] Epoch=104, nll=2499.6907, acc=0.2226
[ 2022-08-31 16:50:40,882][train_tran.train_nn_models] [Training] Epoch=105, loss=2490.2051, nll=2490.2051, l2_reg=0.0000, acc=0.2225
[ 2022-08-31 16:50:40,883][train_tran.train_nn_models] [Validation] Epoch=105, nll=2492.6624, acc=0.2226
[ 2022-08-31 16:50:59,180][train_tran.train_nn_models] [Training] Epoch=106, loss=2485.7834, nll=2485.7834, l2_reg=0.0000, acc=0.2251
[ 2022-08-31 16:50:59,180][train_tran.train_nn_models] [Validation] Epoch=106, nll=2489.0928, acc=0.2241
[ 2022-08-31 16:51:16,862][train_tran.train_nn_models] [Training] Epoch=107, loss=2481.6499, nll=2481.6499, l2_reg=0.0000, acc=0.2273
[ 2022-08-31 16:51:16,862][train_tran.train_nn_models] [Validation] Epoch=107, nll=2483.5913, acc=0.2294
[ 2022-08-31 16:51:35,048][train_tran.train_nn_models] [Training] Epoch=108, loss=2477.2397, nll=2477.2397, l2_reg=0.0000, acc=0.2301
[ 2022-08-31 16:51:35,049][train_tran.train_nn_models] [Validation] Epoch=108, nll=2480.9233, acc=0.2286
[ 2022-08-31 16:51:53,412][train_tran.train_nn_models] [Training] Epoch=109, loss=2494.9753, nll=2494.9753, l2_reg=0.0000, acc=0.2102
[ 2022-08-31 16:51:53,412][train_tran.train_nn_models] [Validation] Epoch=109, nll=2504.8706, acc=0.2064
[ 2022-08-31 16:52:11,042][train_tran.train_nn_models] [Training] Epoch=110, loss=2484.8047, nll=2484.8047, l2_reg=0.0000, acc=0.2173
[ 2022-08-31 16:52:11,043][train_tran.train_nn_models] [Validation] Epoch=110, nll=2483.2371, acc=0.2259
[ 2022-08-31 16:52:29,594][train_tran.train_nn_models] [Training] Epoch=111, loss=2473.7317, nll=2473.7317, l2_reg=0.0000, acc=0.2225
[ 2022-08-31 16:52:29,595][train_tran.train_nn_models] [Validation] Epoch=111, nll=2474.4753, acc=0.2277
[ 2022-08-31 16:52:48,017][train_tran.train_nn_models] [Training] Epoch=112, loss=2467.7012, nll=2467.7012, l2_reg=0.0000, acc=0.2275
[ 2022-08-31 16:52:48,017][train_tran.train_nn_models] [Validation] Epoch=112, nll=2469.0803, acc=0.2302
[ 2022-08-31 16:53:05,184][train_tran.train_nn_models] [Training] Epoch=113, loss=2462.6367, nll=2462.6367, l2_reg=0.0000, acc=0.2306
[ 2022-08-31 16:53:05,185][train_tran.train_nn_models] [Validation] Epoch=113, nll=2465.0122, acc=0.2360
[ 2022-08-31 16:53:22,687][train_tran.train_nn_models] [Training] Epoch=114, loss=2458.4426, nll=2458.4426, l2_reg=0.0000, acc=0.2338
[ 2022-08-31 16:53:22,687][train_tran.train_nn_models] [Validation] Epoch=114, nll=2461.4844, acc=0.2385
[ 2022-08-31 16:53:40,209][train_tran.train_nn_models] [Training] Epoch=115, loss=2454.3323, nll=2454.3323, l2_reg=0.0000, acc=0.2370
[ 2022-08-31 16:53:40,210][train_tran.train_nn_models] [Validation] Epoch=115, nll=2459.3394, acc=0.2378
[ 2022-08-31 16:53:58,579][train_tran.train_nn_models] [Training] Epoch=116, loss=2450.9783, nll=2450.9783, l2_reg=0.0000, acc=0.2399
[ 2022-08-31 16:53:58,579][train_tran.train_nn_models] [Validation] Epoch=116, nll=2460.6572, acc=0.2409
[ 2022-08-31 16:54:15,803][train_tran.train_nn_models] [Training] Epoch=117, loss=2452.2544, nll=2452.2544, l2_reg=0.0000, acc=0.2413
[ 2022-08-31 16:54:15,804][train_tran.train_nn_models] [Validation] Epoch=117, nll=2459.2141, acc=0.2386
[ 2022-08-31 16:54:34,017][train_tran.train_nn_models] [Training] Epoch=118, loss=2448.0508, nll=2448.0508, l2_reg=0.0000, acc=0.2387
[ 2022-08-31 16:54:34,017][train_tran.train_nn_models] [Validation] Epoch=118, nll=2449.6841, acc=0.2400
[ 2022-08-31 16:54:51,978][train_tran.train_nn_models] [Training] Epoch=119, loss=2440.9529, nll=2440.9529, l2_reg=0.0000, acc=0.2439
[ 2022-08-31 16:54:51,978][train_tran.train_nn_models] [Validation] Epoch=119, nll=2443.1677, acc=0.2463
[ 2022-08-31 16:55:09,499][train_tran.train_nn_models] [Training] Epoch=120, loss=2433.5786, nll=2433.5786, l2_reg=0.0000, acc=0.2491
[ 2022-08-31 16:55:09,499][train_tran.train_nn_models] [Validation] Epoch=120, nll=2439.9189, acc=0.2496
[ 2022-08-31 16:55:28,096][train_tran.train_nn_models] [Training] Epoch=121, loss=2451.1060, nll=2451.1060, l2_reg=0.0000, acc=0.2377
[ 2022-08-31 16:55:28,096][train_tran.train_nn_models] [Validation] Epoch=121, nll=2466.9854, acc=0.2353
[ 2022-08-31 16:55:45,998][train_tran.train_nn_models] [Training] Epoch=122, loss=2448.1843, nll=2448.1843, l2_reg=0.0000, acc=0.2443
[ 2022-08-31 16:55:45,998][train_tran.train_nn_models] [Validation] Epoch=122, nll=2438.2258, acc=0.2509
[ 2022-08-31 16:56:04,037][train_tran.train_nn_models] [Training] Epoch=123, loss=2427.0449, nll=2427.0449, l2_reg=0.0000, acc=0.2520
[ 2022-08-31 16:56:04,037][train_tran.train_nn_models] [Validation] Epoch=123, nll=2426.4077, acc=0.2586
[ 2022-08-31 16:56:22,055][train_tran.train_nn_models] [Training] Epoch=124, loss=2422.3496, nll=2422.3496, l2_reg=0.0000, acc=0.2556
[ 2022-08-31 16:56:22,056][train_tran.train_nn_models] [Validation] Epoch=124, nll=2445.3135, acc=0.2413
[ 2022-08-31 16:56:41,301][train_tran.train_nn_models] [Training] Epoch=125, loss=2469.0864, nll=2469.0864, l2_reg=0.0000, acc=0.2281
[ 2022-08-31 16:56:41,302][train_tran.train_nn_models] [Validation] Epoch=125, nll=2482.3535, acc=0.2137
[ 2022-08-31 16:56:59,856][train_tran.train_nn_models] [Training] Epoch=126, loss=2468.9431, nll=2468.9431, l2_reg=0.0000, acc=0.2249
[ 2022-08-31 16:56:59,857][train_tran.train_nn_models] [Validation] Epoch=126, nll=2466.7979, acc=0.2411
[ 2022-08-31 16:57:18,854][train_tran.train_nn_models] [Training] Epoch=127, loss=2457.1499, nll=2457.1499, l2_reg=0.0000, acc=0.2348
[ 2022-08-31 16:57:18,854][train_tran.train_nn_models] [Validation] Epoch=127, nll=2456.1096, acc=0.2307
[ 2022-08-31 16:57:37,121][train_tran.train_nn_models] [Training] Epoch=128, loss=2448.2083, nll=2448.2083, l2_reg=0.0000, acc=0.2368
[ 2022-08-31 16:57:37,121][train_tran.train_nn_models] [Validation] Epoch=128, nll=2446.9470, acc=0.2474
[ 2022-08-31 16:57:55,527][train_tran.train_nn_models] [Training] Epoch=129, loss=2440.2251, nll=2440.2251, l2_reg=0.0000, acc=0.2419
[ 2022-08-31 16:57:55,528][train_tran.train_nn_models] [Validation] Epoch=129, nll=2443.2397, acc=0.2462
[ 2022-08-31 16:58:13,362][train_tran.train_nn_models] [Training] Epoch=130, loss=2434.9685, nll=2434.9685, l2_reg=0.0000, acc=0.2449
[ 2022-08-31 16:58:13,363][train_tran.train_nn_models] [Validation] Epoch=130, nll=2439.7278, acc=0.2480
[ 2022-08-31 16:58:32,978][train_tran.train_nn_models] [Training] Epoch=131, loss=2431.3687, nll=2431.3687, l2_reg=0.0000, acc=0.2458
[ 2022-08-31 16:58:32,978][train_tran.train_nn_models] [Validation] Epoch=131, nll=2440.6814, acc=0.2499
[ 2022-08-31 16:58:52,608][train_tran.train_nn_models] [Training] Epoch=132, loss=2428.2358, nll=2428.2358, l2_reg=0.0000, acc=0.2481
[ 2022-08-31 16:58:52,608][train_tran.train_nn_models] [Validation] Epoch=132, nll=2431.5562, acc=0.2490
[ 2022-08-31 16:59:11,754][train_tran.train_nn_models] [Training] Epoch=133, loss=2431.9368, nll=2431.9368, l2_reg=0.0000, acc=0.2451
[ 2022-08-31 16:59:11,755][train_tran.train_nn_models] [Validation] Epoch=133, nll=2448.4690, acc=0.2269
[ 2022-08-31 16:59:30,672][train_tran.train_nn_models] [Training] Epoch=134, loss=2441.0310, nll=2441.0310, l2_reg=0.0000, acc=0.2401
[ 2022-08-31 16:59:30,672][train_tran.train_nn_models] [Validation] Epoch=134, nll=2435.5967, acc=0.2509
[ 2022-08-31 16:59:49,687][train_tran.train_nn_models] [Training] Epoch=135, loss=2427.2888, nll=2427.2888, l2_reg=0.0000, acc=0.2487
[ 2022-08-31 16:59:49,687][train_tran.train_nn_models] [Validation] Epoch=135, nll=2431.6865, acc=0.2511
[ 2022-08-31 17:00:09,072][train_tran.train_nn_models] [Training] Epoch=136, loss=2418.9331, nll=2418.9331, l2_reg=0.0000, acc=0.2529
[ 2022-08-31 17:00:09,072][train_tran.train_nn_models] [Validation] Epoch=136, nll=2423.2302, acc=0.2581
[ 2022-08-31 17:00:09,072][train_tran.train_nn_models] Found a better model at epoch 136.
[ 2022-08-31 17:00:28,545][train_tran.train_nn_models] [Training] Epoch=137, loss=2423.0979, nll=2423.0979, l2_reg=0.0000, acc=0.2513
[ 2022-08-31 17:00:28,545][train_tran.train_nn_models] [Validation] Epoch=137, nll=2432.0537, acc=0.2431
[ 2022-08-31 17:00:47,989][train_tran.train_nn_models] [Training] Epoch=138, loss=2414.4858, nll=2414.4858, l2_reg=0.0000, acc=0.2519
[ 2022-08-31 17:00:47,989][train_tran.train_nn_models] [Validation] Epoch=138, nll=2419.3298, acc=0.2604
[ 2022-08-31 17:00:47,989][train_tran.train_nn_models] Found a better model at epoch 138.
[ 2022-08-31 17:01:07,227][train_tran.train_nn_models] [Training] Epoch=139, loss=2406.2202, nll=2406.2202, l2_reg=0.0000, acc=0.2597
[ 2022-08-31 17:01:07,227][train_tran.train_nn_models] [Validation] Epoch=139, nll=2420.6877, acc=0.2567
[ 2022-08-31 17:01:28,036][train_tran.train_nn_models] [Training] Epoch=140, loss=2408.6606, nll=2408.6606, l2_reg=0.0000, acc=0.2580
[ 2022-08-31 17:01:28,036][train_tran.train_nn_models] [Validation] Epoch=140, nll=2438.5205, acc=0.2579
[ 2022-08-31 17:01:48,280][train_tran.train_nn_models] [Training] Epoch=141, loss=2435.8977, nll=2435.8977, l2_reg=0.0000, acc=0.2474
[ 2022-08-31 17:01:48,281][train_tran.train_nn_models] [Validation] Epoch=141, nll=2492.0513, acc=0.2109
[ 2022-08-31 17:02:08,463][train_tran.train_nn_models] [Training] Epoch=142, loss=2454.4194, nll=2454.4194, l2_reg=0.0000, acc=0.2198
[ 2022-08-31 17:02:08,463][train_tran.train_nn_models] [Validation] Epoch=142, nll=2438.8467, acc=0.2353
[ 2022-08-31 17:02:29,524][train_tran.train_nn_models] [Training] Epoch=143, loss=2418.9683, nll=2418.9683, l2_reg=0.0000, acc=0.2430
[ 2022-08-31 17:02:29,525][train_tran.train_nn_models] [Validation] Epoch=143, nll=2424.5007, acc=0.2535
[ 2022-08-31 17:02:49,931][train_tran.train_nn_models] [Training] Epoch=144, loss=2399.3691, nll=2399.3691, l2_reg=0.0000, acc=0.2624
[ 2022-08-31 17:02:49,931][train_tran.train_nn_models] [Validation] Epoch=144, nll=2407.3347, acc=0.2685
[ 2022-08-31 17:02:49,931][train_tran.train_nn_models] Found a better model at epoch 144.
[ 2022-08-31 17:03:10,500][train_tran.train_nn_models] [Training] Epoch=145, loss=2408.9033, nll=2408.9033, l2_reg=0.0000, acc=0.2633
[ 2022-08-31 17:03:10,500][train_tran.train_nn_models] [Validation] Epoch=145, nll=2446.5110, acc=0.2544
[ 2022-08-31 17:03:30,931][train_tran.train_nn_models] [Training] Epoch=146, loss=2401.3623, nll=2401.3623, l2_reg=0.0000, acc=0.2600
[ 2022-08-31 17:03:30,932][train_tran.train_nn_models] [Validation] Epoch=146, nll=2401.5034, acc=0.2727
[ 2022-08-31 17:03:30,932][train_tran.train_nn_models] Found a better model at epoch 146.
[ 2022-08-31 17:03:51,487][train_tran.train_nn_models] [Training] Epoch=147, loss=2380.9746, nll=2380.9746, l2_reg=0.0000, acc=0.2765
[ 2022-08-31 17:03:51,488][train_tran.train_nn_models] [Validation] Epoch=147, nll=2392.1392, acc=0.2727
[ 2022-08-31 17:03:51,488][train_tran.train_nn_models] Found a better model at epoch 147.
[ 2022-08-31 17:04:13,765][train_tran.train_nn_models] [Training] Epoch=148, loss=2390.7922, nll=2390.7922, l2_reg=0.0000, acc=0.2726
[ 2022-08-31 17:04:13,766][train_tran.train_nn_models] [Validation] Epoch=148, nll=2394.5491, acc=0.2691
[ 2022-08-31 17:04:34,960][train_tran.train_nn_models] [Training] Epoch=149, loss=2368.1748, nll=2368.1748, l2_reg=0.0000, acc=0.2778
[ 2022-08-31 17:04:34,960][train_tran.train_nn_models] [Validation] Epoch=149, nll=2376.3503, acc=0.2832
[ 2022-08-31 17:04:34,960][train_tran.train_nn_models] Found a better model at epoch 149.
[ 2022-08-31 17:04:55,508][train_tran.train_nn_models] [Training] Epoch=150, loss=2378.3369, nll=2378.3369, l2_reg=0.0000, acc=0.2817
[ 2022-08-31 17:04:55,508][train_tran.train_nn_models] [Validation] Epoch=150, nll=2472.3904, acc=0.2645
[ 2022-08-31 17:05:16,370][train_tran.train_nn_models] [Training] Epoch=151, loss=2395.7410, nll=2395.7410, l2_reg=0.0000, acc=0.2761
[ 2022-08-31 17:05:16,371][train_tran.train_nn_models] [Validation] Epoch=151, nll=2392.3896, acc=0.2673
[ 2022-08-31 17:05:37,642][train_tran.train_nn_models] [Training] Epoch=152, loss=2352.9263, nll=2352.9263, l2_reg=0.0000, acc=0.2930
[ 2022-08-31 17:05:37,642][train_tran.train_nn_models] [Validation] Epoch=152, nll=2360.5579, acc=0.2954
[ 2022-08-31 17:05:37,642][train_tran.train_nn_models] Found a better model at epoch 152.
[ 2022-08-31 17:05:58,765][train_tran.train_nn_models] [Training] Epoch=153, loss=2409.4756, nll=2409.4756, l2_reg=0.0000, acc=0.2640
[ 2022-08-31 17:05:58,765][train_tran.train_nn_models] [Validation] Epoch=153, nll=2440.5178, acc=0.2406
[ 2022-08-31 17:06:19,056][train_tran.train_nn_models] [Training] Epoch=154, loss=2413.7358, nll=2413.7358, l2_reg=0.0000, acc=0.2424
[ 2022-08-31 17:06:19,057][train_tran.train_nn_models] [Validation] Epoch=154, nll=2414.7141, acc=0.2605
[ 2022-08-31 17:06:39,498][train_tran.train_nn_models] [Training] Epoch=155, loss=2387.6455, nll=2387.6455, l2_reg=0.0000, acc=0.2681
[ 2022-08-31 17:06:39,499][train_tran.train_nn_models] [Validation] Epoch=155, nll=2393.8206, acc=0.2732
[ 2022-08-31 17:06:59,965][train_tran.train_nn_models] [Training] Epoch=156, loss=2417.6821, nll=2417.6821, l2_reg=0.0000, acc=0.2555
[ 2022-08-31 17:06:59,965][train_tran.train_nn_models] [Validation] Epoch=156, nll=2476.2410, acc=0.2373
[ 2022-08-31 17:07:20,871][train_tran.train_nn_models] [Training] Epoch=157, loss=2420.3220, nll=2420.3220, l2_reg=0.0000, acc=0.2467
[ 2022-08-31 17:07:20,872][train_tran.train_nn_models] [Validation] Epoch=157, nll=2425.6516, acc=0.2295
[ 2022-08-31 17:07:41,312][train_tran.train_nn_models] [Training] Epoch=158, loss=2386.2363, nll=2386.2363, l2_reg=0.0000, acc=0.2682
[ 2022-08-31 17:07:41,312][train_tran.train_nn_models] [Validation] Epoch=158, nll=2400.6230, acc=0.2716
[ 2022-08-31 17:08:02,389][train_tran.train_nn_models] [Training] Epoch=159, loss=2369.9929, nll=2369.9929, l2_reg=0.0000, acc=0.2807
[ 2022-08-31 17:08:02,389][train_tran.train_nn_models] [Validation] Epoch=159, nll=2417.3586, acc=0.2443
[ 2022-08-31 17:08:23,563][train_tran.train_nn_models] [Training] Epoch=160, loss=2409.5938, nll=2409.5938, l2_reg=0.0000, acc=0.2601
[ 2022-08-31 17:08:23,563][train_tran.train_nn_models] [Validation] Epoch=160, nll=2425.6965, acc=0.2629
[ 2022-08-31 17:08:44,341][train_tran.train_nn_models] [Training] Epoch=161, loss=2375.0637, nll=2375.0637, l2_reg=0.0000, acc=0.2719
[ 2022-08-31 17:08:44,342][train_tran.train_nn_models] [Validation] Epoch=161, nll=2365.2466, acc=0.3003
[ 2022-08-31 17:09:06,008][train_tran.train_nn_models] [Training] Epoch=162, loss=2326.5029, nll=2326.5029, l2_reg=0.0000, acc=0.3137
[ 2022-08-31 17:09:06,008][train_tran.train_nn_models] [Validation] Epoch=162, nll=2344.7917, acc=0.3034
[ 2022-08-31 17:09:06,008][train_tran.train_nn_models] Found a better model at epoch 162.
[ 2022-08-31 17:09:27,058][train_tran.train_nn_models] [Training] Epoch=163, loss=2309.9355, nll=2309.9355, l2_reg=0.0000, acc=0.3146
[ 2022-08-31 17:09:27,059][train_tran.train_nn_models] [Validation] Epoch=163, nll=2369.2297, acc=0.2880
[ 2022-08-31 17:09:47,714][train_tran.train_nn_models] [Training] Epoch=164, loss=2310.5828, nll=2310.5828, l2_reg=0.0000, acc=0.3182
[ 2022-08-31 17:09:47,715][train_tran.train_nn_models] [Validation] Epoch=164, nll=2342.3271, acc=0.3128
[ 2022-08-31 17:09:47,715][train_tran.train_nn_models] Found a better model at epoch 164.
[ 2022-08-31 17:10:08,420][train_tran.train_nn_models] [Training] Epoch=165, loss=2359.5601, nll=2359.5601, l2_reg=0.0000, acc=0.3019
[ 2022-08-31 17:10:08,420][train_tran.train_nn_models] [Validation] Epoch=165, nll=2428.4084, acc=0.2618
[ 2022-08-31 17:10:29,830][train_tran.train_nn_models] [Training] Epoch=166, loss=2373.8508, nll=2373.8508, l2_reg=0.0000, acc=0.2866
[ 2022-08-31 17:10:29,830][train_tran.train_nn_models] [Validation] Epoch=166, nll=2365.0510, acc=0.3122
[ 2022-08-31 17:10:51,553][train_tran.train_nn_models] [Training] Epoch=167, loss=2319.3560, nll=2319.3560, l2_reg=0.0000, acc=0.3190
[ 2022-08-31 17:10:51,553][train_tran.train_nn_models] [Validation] Epoch=167, nll=2347.4944, acc=0.3243
[ 2022-08-31 17:11:13,013][train_tran.train_nn_models] [Training] Epoch=168, loss=2285.7656, nll=2285.7656, l2_reg=0.0000, acc=0.3312
[ 2022-08-31 17:11:13,014][train_tran.train_nn_models] [Validation] Epoch=168, nll=2348.1584, acc=0.3110
[ 2022-08-31 17:11:33,464][train_tran.train_nn_models] [Training] Epoch=169, loss=2276.6746, nll=2276.6746, l2_reg=0.0000, acc=0.3298
[ 2022-08-31 17:11:33,464][train_tran.train_nn_models] [Validation] Epoch=169, nll=2358.5879, acc=0.3155
[ 2022-08-31 17:11:54,581][train_tran.train_nn_models] [Training] Epoch=170, loss=2316.1812, nll=2316.1812, l2_reg=0.0000, acc=0.3104
[ 2022-08-31 17:11:54,581][train_tran.train_nn_models] [Validation] Epoch=170, nll=2331.6157, acc=0.3111
[ 2022-08-31 17:11:54,581][train_tran.train_nn_models] Found a better model at epoch 170.
[ 2022-08-31 17:12:14,706][train_tran.train_nn_models] [Training] Epoch=171, loss=2329.9973, nll=2329.9973, l2_reg=0.0000, acc=0.3166
[ 2022-08-31 17:12:14,707][train_tran.train_nn_models] [Validation] Epoch=171, nll=2352.2573, acc=0.3021
[ 2022-08-31 17:12:35,737][train_tran.train_nn_models] [Training] Epoch=172, loss=2267.0542, nll=2267.0542, l2_reg=0.0000, acc=0.3451
[ 2022-08-31 17:12:35,738][train_tran.train_nn_models] [Validation] Epoch=172, nll=2301.9629, acc=0.3437
[ 2022-08-31 17:12:35,738][train_tran.train_nn_models] Found a better model at epoch 172.
[ 2022-08-31 17:12:57,888][train_tran.train_nn_models] [Training] Epoch=173, loss=2218.3093, nll=2218.3093, l2_reg=0.0000, acc=0.3752
[ 2022-08-31 17:12:57,888][train_tran.train_nn_models] [Validation] Epoch=173, nll=2283.0852, acc=0.3529
[ 2022-08-31 17:12:57,888][train_tran.train_nn_models] Found a better model at epoch 173.
[ 2022-08-31 17:13:19,344][train_tran.train_nn_models] [Training] Epoch=174, loss=2224.3984, nll=2224.3984, l2_reg=0.0000, acc=0.3637
[ 2022-08-31 17:13:19,344][train_tran.train_nn_models] [Validation] Epoch=174, nll=2277.2083, acc=0.3635
[ 2022-08-31 17:13:19,345][train_tran.train_nn_models] Found a better model at epoch 174.
[ 2022-08-31 17:13:39,479][train_tran.train_nn_models] [Training] Epoch=175, loss=2268.1309, nll=2268.1309, l2_reg=0.0000, acc=0.3480
[ 2022-08-31 17:13:39,480][train_tran.train_nn_models] [Validation] Epoch=175, nll=2387.3701, acc=0.2880
[ 2022-08-31 17:13:59,090][train_tran.train_nn_models] [Training] Epoch=176, loss=2285.3345, nll=2285.3345, l2_reg=0.0000, acc=0.3330
[ 2022-08-31 17:13:59,090][train_tran.train_nn_models] [Validation] Epoch=176, nll=2315.0200, acc=0.3405
[ 2022-08-31 17:14:20,458][train_tran.train_nn_models] [Training] Epoch=177, loss=2250.8787, nll=2250.8787, l2_reg=0.0000, acc=0.3509
[ 2022-08-31 17:14:20,458][train_tran.train_nn_models] [Validation] Epoch=177, nll=2298.7290, acc=0.3449
[ 2022-08-31 17:14:40,935][train_tran.train_nn_models] [Training] Epoch=178, loss=2203.6819, nll=2203.6819, l2_reg=0.0000, acc=0.3747
[ 2022-08-31 17:14:40,935][train_tran.train_nn_models] [Validation] Epoch=178, nll=2350.9641, acc=0.3449
[ 2022-08-31 17:15:01,245][train_tran.train_nn_models] [Training] Epoch=179, loss=2325.3306, nll=2325.3306, l2_reg=0.0000, acc=0.3379
[ 2022-08-31 17:15:01,246][train_tran.train_nn_models] [Validation] Epoch=179, nll=2411.7864, acc=0.3007
[ 2022-08-31 17:15:22,335][train_tran.train_nn_models] [Training] Epoch=180, loss=2254.2761, nll=2254.2761, l2_reg=0.0000, acc=0.3548
[ 2022-08-31 17:15:22,336][train_tran.train_nn_models] [Validation] Epoch=180, nll=2288.6833, acc=0.3532
[ 2022-08-31 17:15:42,156][train_tran.train_nn_models] [Training] Epoch=181, loss=2187.4624, nll=2187.4624, l2_reg=0.0000, acc=0.3971
[ 2022-08-31 17:15:42,156][train_tran.train_nn_models] [Validation] Epoch=181, nll=2268.3711, acc=0.3667
[ 2022-08-31 17:15:42,156][train_tran.train_nn_models] Found a better model at epoch 181.
[ 2022-08-31 17:16:02,469][train_tran.train_nn_models] [Training] Epoch=182, loss=2146.1206, nll=2146.1206, l2_reg=0.0000, acc=0.4133
[ 2022-08-31 17:16:02,470][train_tran.train_nn_models] [Validation] Epoch=182, nll=2246.9485, acc=0.3698
[ 2022-08-31 17:16:02,470][train_tran.train_nn_models] Found a better model at epoch 182.
[ 2022-08-31 17:16:22,660][train_tran.train_nn_models] [Training] Epoch=183, loss=2175.1257, nll=2175.1257, l2_reg=0.0000, acc=0.4003
[ 2022-08-31 17:16:22,660][train_tran.train_nn_models] [Validation] Epoch=183, nll=2337.6521, acc=0.3543
[ 2022-08-31 17:16:43,642][train_tran.train_nn_models] [Training] Epoch=184, loss=2175.2805, nll=2175.2805, l2_reg=0.0000, acc=0.4010
[ 2022-08-31 17:16:43,643][train_tran.train_nn_models] [Validation] Epoch=184, nll=2269.9458, acc=0.3623
[ 2022-08-31 17:17:04,195][train_tran.train_nn_models] [Training] Epoch=185, loss=2179.6484, nll=2179.6484, l2_reg=0.0000, acc=0.3909
[ 2022-08-31 17:17:04,195][train_tran.train_nn_models] [Validation] Epoch=185, nll=2300.9661, acc=0.3594
[ 2022-08-31 17:17:24,013][train_tran.train_nn_models] [Training] Epoch=186, loss=2149.0122, nll=2149.0122, l2_reg=0.0000, acc=0.4151
[ 2022-08-31 17:17:24,014][train_tran.train_nn_models] [Validation] Epoch=186, nll=2243.8098, acc=0.3922
[ 2022-08-31 17:17:24,014][train_tran.train_nn_models] Found a better model at epoch 186.
[ 2022-08-31 17:17:45,030][train_tran.train_nn_models] [Training] Epoch=187, loss=2102.0146, nll=2102.0146, l2_reg=0.0000, acc=0.4432
[ 2022-08-31 17:17:45,031][train_tran.train_nn_models] [Validation] Epoch=187, nll=2224.0591, acc=0.3989
[ 2022-08-31 17:17:45,031][train_tran.train_nn_models] Found a better model at epoch 187.
[ 2022-08-31 17:18:05,080][train_tran.train_nn_models] [Training] Epoch=188, loss=2212.1279, nll=2212.1279, l2_reg=0.0000, acc=0.3943
[ 2022-08-31 17:18:05,080][train_tran.train_nn_models] [Validation] Epoch=188, nll=2386.3896, acc=0.3192
[ 2022-08-31 17:18:26,494][train_tran.train_nn_models] [Training] Epoch=189, loss=2256.7913, nll=2256.7913, l2_reg=0.0000, acc=0.3662
[ 2022-08-31 17:18:26,494][train_tran.train_nn_models] [Validation] Epoch=189, nll=2301.7473, acc=0.3530
[ 2022-08-31 17:18:48,001][train_tran.train_nn_models] [Training] Epoch=190, loss=2185.0918, nll=2185.0918, l2_reg=0.0000, acc=0.3992
[ 2022-08-31 17:18:48,001][train_tran.train_nn_models] [Validation] Epoch=190, nll=2247.6235, acc=0.3862
[ 2022-08-31 17:19:07,483][train_tran.train_nn_models] [Training] Epoch=191, loss=2131.3748, nll=2131.3748, l2_reg=0.0000, acc=0.4256
[ 2022-08-31 17:19:07,484][train_tran.train_nn_models] [Validation] Epoch=191, nll=2234.6072, acc=0.3825
[ 2022-08-31 17:19:28,088][train_tran.train_nn_models] [Training] Epoch=192, loss=2102.3848, nll=2102.3848, l2_reg=0.0000, acc=0.4434
[ 2022-08-31 17:19:28,088][train_tran.train_nn_models] [Validation] Epoch=192, nll=2208.9773, acc=0.4089
[ 2022-08-31 17:19:28,089][train_tran.train_nn_models] Found a better model at epoch 192.
[ 2022-08-31 17:19:48,684][train_tran.train_nn_models] [Training] Epoch=193, loss=2145.0327, nll=2145.0327, l2_reg=0.0000, acc=0.4191
[ 2022-08-31 17:19:48,685][train_tran.train_nn_models] [Validation] Epoch=193, nll=2242.6421, acc=0.3826
[ 2022-08-31 17:20:08,962][train_tran.train_nn_models] [Training] Epoch=194, loss=2117.6543, nll=2117.6543, l2_reg=0.0000, acc=0.4436
[ 2022-08-31 17:20:08,963][train_tran.train_nn_models] [Validation] Epoch=194, nll=2274.7119, acc=0.3849
[ 2022-08-31 17:20:29,567][train_tran.train_nn_models] [Training] Epoch=195, loss=2137.3545, nll=2137.3545, l2_reg=0.0000, acc=0.4443
[ 2022-08-31 17:20:29,567][train_tran.train_nn_models] [Validation] Epoch=195, nll=2238.3779, acc=0.4030
[ 2022-08-31 17:20:49,619][train_tran.train_nn_models] [Training] Epoch=196, loss=2187.5017, nll=2187.5017, l2_reg=0.0000, acc=0.4192
[ 2022-08-31 17:20:49,620][train_tran.train_nn_models] [Validation] Epoch=196, nll=2305.6794, acc=0.3545
[ 2022-08-31 17:21:10,612][train_tran.train_nn_models] [Training] Epoch=197, loss=2118.4854, nll=2118.4854, l2_reg=0.0000, acc=0.4433
[ 2022-08-31 17:21:10,613][train_tran.train_nn_models] [Validation] Epoch=197, nll=2201.2065, acc=0.4204
[ 2022-08-31 17:21:10,613][train_tran.train_nn_models] Found a better model at epoch 197.
[ 2022-08-31 17:21:31,512][train_tran.train_nn_models] [Training] Epoch=198, loss=2062.6362, nll=2062.6362, l2_reg=0.0000, acc=0.4744
[ 2022-08-31 17:21:31,514][train_tran.train_nn_models] [Validation] Epoch=198, nll=2207.9326, acc=0.4170
[ 2022-08-31 17:21:52,855][train_tran.train_nn_models] [Training] Epoch=199, loss=2050.5452, nll=2050.5452, l2_reg=0.0000, acc=0.4902
[ 2022-08-31 17:21:52,855][train_tran.train_nn_models] [Validation] Epoch=199, nll=2196.3508, acc=0.4561
[ 2022-08-31 17:21:52,855][train_tran.train_nn_models] Found a better model at epoch 199.
[ 2022-08-31 17:22:12,652][train_tran.train_nn_models] [Training] Epoch=200, loss=2050.4023, nll=2050.4023, l2_reg=0.0000, acc=0.5020
[ 2022-08-31 17:22:12,653][train_tran.train_nn_models] [Validation] Epoch=200, nll=2158.5864, acc=0.4515
[ 2022-08-31 17:22:12,653][train_tran.train_nn_models] Found a better model at epoch 200.
[ 2022-08-31 17:22:32,802][train_tran.train_nn_models] [Training] Epoch=201, loss=2027.6777, nll=2027.6777, l2_reg=0.0000, acc=0.5115
[ 2022-08-31 17:22:32,803][train_tran.train_nn_models] [Validation] Epoch=201, nll=2162.1885, acc=0.4676
[ 2022-08-31 17:22:52,348][train_tran.train_nn_models] [Training] Epoch=202, loss=2053.7522, nll=2053.7522, l2_reg=0.0000, acc=0.5149
[ 2022-08-31 17:22:52,348][train_tran.train_nn_models] [Validation] Epoch=202, nll=2205.4150, acc=0.4349
[ 2022-08-31 17:23:12,092][train_tran.train_nn_models] [Training] Epoch=203, loss=1999.4326, nll=1999.4326, l2_reg=0.0000, acc=0.5351
[ 2022-08-31 17:23:12,092][train_tran.train_nn_models] [Validation] Epoch=203, nll=2151.6365, acc=0.4605
[ 2022-08-31 17:23:12,093][train_tran.train_nn_models] Found a better model at epoch 203.
[ 2022-08-31 17:23:32,793][train_tran.train_nn_models] [Training] Epoch=204, loss=1979.0392, nll=1979.0392, l2_reg=0.0000, acc=0.5368
[ 2022-08-31 17:23:32,793][train_tran.train_nn_models] [Validation] Epoch=204, nll=2141.1643, acc=0.4607
[ 2022-08-31 17:23:32,793][train_tran.train_nn_models] Found a better model at epoch 204.
[ 2022-08-31 17:23:52,940][train_tran.train_nn_models] [Training] Epoch=205, loss=1991.2141, nll=1991.2141, l2_reg=0.0000, acc=0.5307
[ 2022-08-31 17:23:52,940][train_tran.train_nn_models] [Validation] Epoch=205, nll=2202.4336, acc=0.4516
[ 2022-08-31 17:24:13,985][train_tran.train_nn_models] [Training] Epoch=206, loss=1971.6642, nll=1971.6642, l2_reg=0.0000, acc=0.5491
[ 2022-08-31 17:24:13,986][train_tran.train_nn_models] [Validation] Epoch=206, nll=2123.2004, acc=0.4770
[ 2022-08-31 17:24:13,986][train_tran.train_nn_models] Found a better model at epoch 206.
[ 2022-08-31 17:24:34,374][train_tran.train_nn_models] [Training] Epoch=207, loss=1947.5391, nll=1947.5391, l2_reg=0.0000, acc=0.5645
[ 2022-08-31 17:24:34,375][train_tran.train_nn_models] [Validation] Epoch=207, nll=2120.3958, acc=0.4981
[ 2022-08-31 17:24:34,375][train_tran.train_nn_models] Found a better model at epoch 207.
[ 2022-08-31 17:24:54,892][train_tran.train_nn_models] [Training] Epoch=208, loss=1971.3287, nll=1971.3287, l2_reg=0.0000, acc=0.5532
[ 2022-08-31 17:24:54,893][train_tran.train_nn_models] [Validation] Epoch=208, nll=2141.5757, acc=0.4728
[ 2022-08-31 17:25:16,063][train_tran.train_nn_models] [Training] Epoch=209, loss=1928.2987, nll=1928.2987, l2_reg=0.0000, acc=0.5783
[ 2022-08-31 17:25:16,063][train_tran.train_nn_models] [Validation] Epoch=209, nll=2095.6414, acc=0.5079
[ 2022-08-31 17:25:16,063][train_tran.train_nn_models] Found a better model at epoch 209.
[ 2022-08-31 17:25:36,329][train_tran.train_nn_models] [Training] Epoch=210, loss=1915.6039, nll=1915.6039, l2_reg=0.0000, acc=0.5900
[ 2022-08-31 17:25:36,330][train_tran.train_nn_models] [Validation] Epoch=210, nll=2139.3447, acc=0.4836
[ 2022-08-31 17:25:57,226][train_tran.train_nn_models] [Training] Epoch=211, loss=1979.7185, nll=1979.7185, l2_reg=0.0000, acc=0.5668
[ 2022-08-31 17:25:57,226][train_tran.train_nn_models] [Validation] Epoch=211, nll=2150.9541, acc=0.4762
[ 2022-08-31 17:26:16,575][train_tran.train_nn_models] [Training] Epoch=212, loss=1966.1011, nll=1966.1011, l2_reg=0.0000, acc=0.5710
[ 2022-08-31 17:26:16,576][train_tran.train_nn_models] [Validation] Epoch=212, nll=2140.3647, acc=0.4906
[ 2022-08-31 17:26:37,636][train_tran.train_nn_models] [Training] Epoch=213, loss=1900.9376, nll=1900.9376, l2_reg=0.0000, acc=0.6005
[ 2022-08-31 17:26:37,636][train_tran.train_nn_models] [Validation] Epoch=213, nll=2058.4363, acc=0.5257
[ 2022-08-31 17:26:37,636][train_tran.train_nn_models] Found a better model at epoch 213.
[ 2022-08-31 17:26:57,670][train_tran.train_nn_models] [Training] Epoch=214, loss=1871.3384, nll=1871.3384, l2_reg=0.0000, acc=0.6097
[ 2022-08-31 17:26:57,671][train_tran.train_nn_models] [Validation] Epoch=214, nll=2039.3849, acc=0.5436
[ 2022-08-31 17:26:57,671][train_tran.train_nn_models] Found a better model at epoch 214.
[ 2022-08-31 17:27:18,538][train_tran.train_nn_models] [Training] Epoch=215, loss=1873.8350, nll=1873.8350, l2_reg=0.0000, acc=0.6090
[ 2022-08-31 17:27:18,539][train_tran.train_nn_models] [Validation] Epoch=215, nll=2058.5115, acc=0.5401
[ 2022-08-31 17:27:38,826][train_tran.train_nn_models] [Training] Epoch=216, loss=1993.2788, nll=1993.2788, l2_reg=0.0000, acc=0.5537
[ 2022-08-31 17:27:38,826][train_tran.train_nn_models] [Validation] Epoch=216, nll=2177.5659, acc=0.4508
[ 2022-08-31 17:27:59,068][train_tran.train_nn_models] [Training] Epoch=217, loss=1918.6466, nll=1918.6466, l2_reg=0.0000, acc=0.5967
[ 2022-08-31 17:27:59,069][train_tran.train_nn_models] [Validation] Epoch=217, nll=2076.4319, acc=0.5221
[ 2022-08-31 17:28:19,755][train_tran.train_nn_models] [Training] Epoch=218, loss=1851.3870, nll=1851.3870, l2_reg=0.0000, acc=0.6412
[ 2022-08-31 17:28:19,755][train_tran.train_nn_models] [Validation] Epoch=218, nll=2064.2317, acc=0.5370
[ 2022-08-31 17:28:40,325][train_tran.train_nn_models] [Training] Epoch=219, loss=1825.8154, nll=1825.8154, l2_reg=0.0000, acc=0.6487
[ 2022-08-31 17:28:40,325][train_tran.train_nn_models] [Validation] Epoch=219, nll=2065.8291, acc=0.5457
[ 2022-08-31 17:29:01,486][train_tran.train_nn_models] [Training] Epoch=220, loss=1820.0607, nll=1820.0607, l2_reg=0.0000, acc=0.6537
[ 2022-08-31 17:29:01,487][train_tran.train_nn_models] [Validation] Epoch=220, nll=2016.6912, acc=0.5725
[ 2022-08-31 17:29:01,487][train_tran.train_nn_models] Found a better model at epoch 220.
[ 2022-08-31 17:29:21,387][train_tran.train_nn_models] [Training] Epoch=221, loss=1836.4017, nll=1836.4017, l2_reg=0.0000, acc=0.6445
[ 2022-08-31 17:29:21,387][train_tran.train_nn_models] [Validation] Epoch=221, nll=2031.8121, acc=0.5603
[ 2022-08-31 17:29:41,579][train_tran.train_nn_models] [Training] Epoch=222, loss=1931.8490, nll=1931.8490, l2_reg=0.0000, acc=0.5967
[ 2022-08-31 17:29:41,579][train_tran.train_nn_models] [Validation] Epoch=222, nll=2136.9644, acc=0.5031
[ 2022-08-31 17:30:02,847][train_tran.train_nn_models] [Training] Epoch=223, loss=1852.2177, nll=1852.2177, l2_reg=0.0000, acc=0.6374
[ 2022-08-31 17:30:02,848][train_tran.train_nn_models] [Validation] Epoch=223, nll=2056.4282, acc=0.5421
[ 2022-08-31 17:30:23,939][train_tran.train_nn_models] [Training] Epoch=224, loss=1809.6179, nll=1809.6179, l2_reg=0.0000, acc=0.6625
[ 2022-08-31 17:30:23,939][train_tran.train_nn_models] [Validation] Epoch=224, nll=2010.0978, acc=0.5719
[ 2022-08-31 17:30:23,939][train_tran.train_nn_models] Found a better model at epoch 224.
[ 2022-08-31 17:30:44,241][train_tran.train_nn_models] [Training] Epoch=225, loss=1775.9863, nll=1775.9863, l2_reg=0.0000, acc=0.6807
[ 2022-08-31 17:30:44,241][train_tran.train_nn_models] [Validation] Epoch=225, nll=1987.6405, acc=0.5827
[ 2022-08-31 17:30:44,241][train_tran.train_nn_models] Found a better model at epoch 225.
[ 2022-08-31 17:31:04,991][train_tran.train_nn_models] [Training] Epoch=226, loss=1759.0842, nll=1759.0842, l2_reg=0.0000, acc=0.6903
[ 2022-08-31 17:31:04,992][train_tran.train_nn_models] [Validation] Epoch=226, nll=1970.4180, acc=0.5960
[ 2022-08-31 17:31:04,992][train_tran.train_nn_models] Found a better model at epoch 226.
[ 2022-08-31 17:31:26,580][train_tran.train_nn_models] [Training] Epoch=227, loss=1864.9198, nll=1864.9198, l2_reg=0.0000, acc=0.6269
[ 2022-08-31 17:31:26,580][train_tran.train_nn_models] [Validation] Epoch=227, nll=2062.8877, acc=0.5407
[ 2022-08-31 17:31:47,420][train_tran.train_nn_models] [Training] Epoch=228, loss=1928.7708, nll=1928.7708, l2_reg=0.0000, acc=0.6189
[ 2022-08-31 17:31:47,420][train_tran.train_nn_models] [Validation] Epoch=228, nll=2164.5012, acc=0.4769
[ 2022-08-31 17:32:07,746][train_tran.train_nn_models] [Training] Epoch=229, loss=1874.3802, nll=1874.3802, l2_reg=0.0000, acc=0.6263
[ 2022-08-31 17:32:07,746][train_tran.train_nn_models] [Validation] Epoch=229, nll=2045.0417, acc=0.5466
[ 2022-08-31 17:32:28,531][train_tran.train_nn_models] [Training] Epoch=230, loss=1783.4220, nll=1783.4220, l2_reg=0.0000, acc=0.6833
[ 2022-08-31 17:32:28,531][train_tran.train_nn_models] [Validation] Epoch=230, nll=1977.9929, acc=0.5870
[ 2022-08-31 17:32:49,864][train_tran.train_nn_models] [Training] Epoch=231, loss=1746.5111, nll=1746.5111, l2_reg=0.0000, acc=0.6945
[ 2022-08-31 17:32:49,865][train_tran.train_nn_models] [Validation] Epoch=231, nll=1965.9623, acc=0.6033
[ 2022-08-31 17:32:49,865][train_tran.train_nn_models] Found a better model at epoch 231.
[ 2022-08-31 17:33:10,670][train_tran.train_nn_models] [Training] Epoch=232, loss=1731.5875, nll=1731.5875, l2_reg=0.0000, acc=0.7034
[ 2022-08-31 17:33:10,670][train_tran.train_nn_models] [Validation] Epoch=232, nll=1951.0397, acc=0.6088
[ 2022-08-31 17:33:10,670][train_tran.train_nn_models] Found a better model at epoch 232.
[ 2022-08-31 17:33:31,076][train_tran.train_nn_models] [Training] Epoch=233, loss=1727.8422, nll=1727.8422, l2_reg=0.0000, acc=0.7088
[ 2022-08-31 17:33:31,076][train_tran.train_nn_models] [Validation] Epoch=233, nll=1978.8743, acc=0.5967
[ 2022-08-31 17:33:51,925][train_tran.train_nn_models] [Training] Epoch=234, loss=1723.9397, nll=1723.9397, l2_reg=0.0000, acc=0.7086
[ 2022-08-31 17:33:51,926][train_tran.train_nn_models] [Validation] Epoch=234, nll=1977.3018, acc=0.5951
[ 2022-08-31 17:34:12,587][train_tran.train_nn_models] [Training] Epoch=235, loss=1734.6315, nll=1734.6315, l2_reg=0.0000, acc=0.7054
[ 2022-08-31 17:34:12,588][train_tran.train_nn_models] [Validation] Epoch=235, nll=2001.9435, acc=0.5792
[ 2022-08-31 17:34:32,549][train_tran.train_nn_models] [Training] Epoch=236, loss=1820.5184, nll=1820.5184, l2_reg=0.0000, acc=0.6782
[ 2022-08-31 17:34:32,550][train_tran.train_nn_models] [Validation] Epoch=236, nll=2082.0916, acc=0.5442
[ 2022-08-31 17:34:52,926][train_tran.train_nn_models] [Training] Epoch=237, loss=1773.2285, nll=1773.2285, l2_reg=0.0000, acc=0.6866
[ 2022-08-31 17:34:52,926][train_tran.train_nn_models] [Validation] Epoch=237, nll=1981.1956, acc=0.5894
[ 2022-08-31 17:35:13,397][train_tran.train_nn_models] [Training] Epoch=238, loss=1711.5464, nll=1711.5464, l2_reg=0.0000, acc=0.7160
[ 2022-08-31 17:35:13,397][train_tran.train_nn_models] [Validation] Epoch=238, nll=1938.0597, acc=0.6117
[ 2022-08-31 17:35:13,397][train_tran.train_nn_models] Found a better model at epoch 238.
[ 2022-08-31 17:35:33,743][train_tran.train_nn_models] [Training] Epoch=239, loss=1684.0815, nll=1684.0815, l2_reg=0.0000, acc=0.7297
[ 2022-08-31 17:35:33,743][train_tran.train_nn_models] [Validation] Epoch=239, nll=1998.9336, acc=0.6056
[ 2022-08-31 17:35:55,184][train_tran.train_nn_models] [Training] Epoch=240, loss=1875.1205, nll=1875.1205, l2_reg=0.0000, acc=0.6403
[ 2022-08-31 17:35:55,185][train_tran.train_nn_models] [Validation] Epoch=240, nll=2197.9915, acc=0.5266
[ 2022-08-31 17:36:15,936][train_tran.train_nn_models] [Training] Epoch=241, loss=1981.5498, nll=1981.5498, l2_reg=0.0000, acc=0.5530
[ 2022-08-31 17:36:15,937][train_tran.train_nn_models] [Validation] Epoch=241, nll=2091.7312, acc=0.5295
[ 2022-08-31 17:36:37,669][train_tran.train_nn_models] [Training] Epoch=242, loss=1855.7220, nll=1855.7220, l2_reg=0.0000, acc=0.6351
[ 2022-08-31 17:36:37,670][train_tran.train_nn_models] [Validation] Epoch=242, nll=2017.4420, acc=0.5598
[ 2022-08-31 17:36:58,493][train_tran.train_nn_models] [Training] Epoch=243, loss=1744.1377, nll=1744.1377, l2_reg=0.0000, acc=0.6895
[ 2022-08-31 17:36:58,493][train_tran.train_nn_models] [Validation] Epoch=243, nll=1957.0099, acc=0.5950
[ 2022-08-31 17:37:18,889][train_tran.train_nn_models] [Training] Epoch=244, loss=1710.2584, nll=1710.2584, l2_reg=0.0000, acc=0.7103
[ 2022-08-31 17:37:18,892][train_tran.train_nn_models] [Validation] Epoch=244, nll=1971.1351, acc=0.5909
[ 2022-08-31 17:37:39,000][train_tran.train_nn_models] [Training] Epoch=245, loss=1718.8004, nll=1718.8004, l2_reg=0.0000, acc=0.7118
[ 2022-08-31 17:37:39,001][train_tran.train_nn_models] [Validation] Epoch=245, nll=1964.0557, acc=0.5963
[ 2022-08-31 17:37:59,078][train_tran.train_nn_models] [Training] Epoch=246, loss=1690.3783, nll=1690.3783, l2_reg=0.0000, acc=0.7243
[ 2022-08-31 17:37:59,079][train_tran.train_nn_models] [Validation] Epoch=246, nll=1939.6714, acc=0.6194
[ 2022-08-31 17:38:17,447][train_tran.train_nn_models] [Training] Epoch=247, loss=1677.8463, nll=1677.8463, l2_reg=0.0000, acc=0.7369
[ 2022-08-31 17:38:17,447][train_tran.train_nn_models] [Validation] Epoch=247, nll=1943.7019, acc=0.6151
[ 2022-08-31 17:38:41,088][train_tran.train_nn_models] [Training] Epoch=248, loss=1650.8353, nll=1650.8353, l2_reg=0.0000, acc=0.7480
[ 2022-08-31 17:38:41,089][train_tran.train_nn_models] [Validation] Epoch=248, nll=1935.5664, acc=0.6212
[ 2022-08-31 17:38:41,090][train_tran.train_nn_models] Found a better model at epoch 248.
[ 2022-08-31 17:39:03,420][train_tran.train_nn_models] [Training] Epoch=249, loss=1661.1006, nll=1661.1006, l2_reg=0.0000, acc=0.7403
[ 2022-08-31 17:39:03,421][train_tran.train_nn_models] [Validation] Epoch=249, nll=1927.5918, acc=0.6236
[ 2022-08-31 17:39:03,421][train_tran.train_nn_models] Found a better model at epoch 249.
[ 2022-08-31 17:39:04,740][train_tran.eval_nll] [Test]nll=2146.7837, acc=0.5060
[ 2022-08-31 19:15:27,089][train_tran.<module>]                    timestamp  ...                                             config
0 2022-08-31 19:15:27.072397  ...  {'model': 'Tran', 'dataset': 'mhp-1K-10', 'inp...
1 2022-08-31 19:15:27.072397  ...  {'model': 'Tran', 'dataset': 'mhp-1K-10', 'inp...
2 2022-08-31 19:15:27.072397  ...  {'model': 'Tran', 'dataset': 'mhp-1K-10', 'inp...
3 2022-08-31 19:15:27.072397  ...  {'model': 'Tran', 'dataset': 'mhp-1K-10', 'inp...
4 2022-08-31 19:15:27.072397  ...  {'model': 'Tran', 'dataset': 'mhp-1K-10', 'inp...
5 2022-08-31 19:15:27.072397  ...  {'model': 'Tran', 'dataset': 'mhp-1K-10', 'inp...

[6 rows x 7 columns]
