[ 2022-08-31 06:48:03,158][train_tran.<module>] Namespace(attr_batch_size=0, basis_type='dyadic', batch_size=64, bucket_seqs=False, cuda=True, dataset='pgem-1K-15', dropout=0.0, embedding_dim=64, epochs=250, hidden_size=64, input_dir='data/input', l2_reg=0, lr=0.0008, max_mean=20.0, model='Tran', n_bases=7, num_workers=0, occurred_type_only=False, optimizer='Adam', output_dir='data/output', rand_seed=1, skip_eval_infectivity=False, skip_pred_next_event=False, split_id=3, steps=50, tran_head=1, tran_layer=1, tune_metric='nll', verbose=False)
[ 2022-08-31 06:48:05,257][train_tran.train_nn_models] [Training] Epoch=0, loss=25893.6914, nll=25893.6914, l2_reg=0.0000, acc=0.0533
[ 2022-08-31 06:48:05,257][train_tran.train_nn_models] [Validation] Epoch=0, nll=16510.8906, acc=0.0357
[ 2022-08-31 06:48:07,157][train_tran.train_nn_models] [Training] Epoch=1, loss=10118.3730, nll=10118.3730, l2_reg=0.0000, acc=0.0283
[ 2022-08-31 06:48:07,157][train_tran.train_nn_models] [Validation] Epoch=1, nll=3517.3916, acc=0.0197
[ 2022-08-31 06:48:09,026][train_tran.train_nn_models] [Training] Epoch=2, loss=2160.3818, nll=2160.3818, l2_reg=0.0000, acc=0.0198
[ 2022-08-31 06:48:09,027][train_tran.train_nn_models] [Validation] Epoch=2, nll=1439.2672, acc=0.0191
[ 2022-08-31 06:48:10,748][train_tran.train_nn_models] [Training] Epoch=3, loss=1427.5968, nll=1427.5968, l2_reg=0.0000, acc=0.0745
[ 2022-08-31 06:48:10,748][train_tran.train_nn_models] [Validation] Epoch=3, nll=1369.6129, acc=0.1553
[ 2022-08-31 06:48:12,604][train_tran.train_nn_models] [Training] Epoch=4, loss=1334.6943, nll=1334.6943, l2_reg=0.0000, acc=0.1740
[ 2022-08-31 06:48:12,605][train_tran.train_nn_models] [Validation] Epoch=4, nll=1265.8228, acc=0.1839
[ 2022-08-31 06:48:14,317][train_tran.train_nn_models] [Training] Epoch=5, loss=1263.8750, nll=1263.8750, l2_reg=0.0000, acc=0.1862
[ 2022-08-31 06:48:14,317][train_tran.train_nn_models] [Validation] Epoch=5, nll=1233.6356, acc=0.1859
[ 2022-08-31 06:48:16,068][train_tran.train_nn_models] [Training] Epoch=6, loss=1241.1393, nll=1241.1393, l2_reg=0.0000, acc=0.1870
[ 2022-08-31 06:48:16,069][train_tran.train_nn_models] [Validation] Epoch=6, nll=1225.9198, acc=0.1896
[ 2022-08-31 06:48:17,786][train_tran.train_nn_models] [Training] Epoch=7, loss=1235.6506, nll=1235.6506, l2_reg=0.0000, acc=0.1875
[ 2022-08-31 06:48:17,787][train_tran.train_nn_models] [Validation] Epoch=7, nll=1221.2465, acc=0.1869
[ 2022-08-31 06:48:19,645][train_tran.train_nn_models] [Training] Epoch=8, loss=1232.2819, nll=1232.2819, l2_reg=0.0000, acc=0.1868
[ 2022-08-31 06:48:19,646][train_tran.train_nn_models] [Validation] Epoch=8, nll=1219.0220, acc=0.1866
[ 2022-08-31 06:48:21,372][train_tran.train_nn_models] [Training] Epoch=9, loss=1230.5536, nll=1230.5536, l2_reg=0.0000, acc=0.1873
[ 2022-08-31 06:48:21,372][train_tran.train_nn_models] [Validation] Epoch=9, nll=1217.6968, acc=0.1879
[ 2022-08-31 06:48:23,165][train_tran.train_nn_models] [Training] Epoch=10, loss=1229.2593, nll=1229.2593, l2_reg=0.0000, acc=0.1874
[ 2022-08-31 06:48:23,166][train_tran.train_nn_models] [Validation] Epoch=10, nll=1216.8077, acc=0.1881
[ 2022-08-31 06:48:25,108][train_tran.train_nn_models] [Training] Epoch=11, loss=1228.3401, nll=1228.3401, l2_reg=0.0000, acc=0.1873
[ 2022-08-31 06:48:25,109][train_tran.train_nn_models] [Validation] Epoch=11, nll=1216.0530, acc=0.1882
[ 2022-08-31 06:48:26,949][train_tran.train_nn_models] [Training] Epoch=12, loss=1227.6096, nll=1227.6096, l2_reg=0.0000, acc=0.1875
[ 2022-08-31 06:48:26,949][train_tran.train_nn_models] [Validation] Epoch=12, nll=1215.4487, acc=0.1881
[ 2022-08-31 06:48:28,764][train_tran.train_nn_models] [Training] Epoch=13, loss=1227.0264, nll=1227.0264, l2_reg=0.0000, acc=0.1877
[ 2022-08-31 06:48:28,764][train_tran.train_nn_models] [Validation] Epoch=13, nll=1214.9561, acc=0.1872
[ 2022-08-31 06:48:30,839][train_tran.train_nn_models] [Training] Epoch=14, loss=1226.5397, nll=1226.5397, l2_reg=0.0000, acc=0.1876
[ 2022-08-31 06:48:30,840][train_tran.train_nn_models] [Validation] Epoch=14, nll=1214.5330, acc=0.1865
[ 2022-08-31 06:48:32,724][train_tran.train_nn_models] [Training] Epoch=15, loss=1226.1217, nll=1226.1217, l2_reg=0.0000, acc=0.1875
[ 2022-08-31 06:48:32,724][train_tran.train_nn_models] [Validation] Epoch=15, nll=1214.1631, acc=0.1854
[ 2022-08-31 06:48:34,555][train_tran.train_nn_models] [Training] Epoch=16, loss=1225.7581, nll=1225.7581, l2_reg=0.0000, acc=0.1874
[ 2022-08-31 06:48:34,555][train_tran.train_nn_models] [Validation] Epoch=16, nll=1213.8326, acc=0.1852
[ 2022-08-31 06:48:36,441][train_tran.train_nn_models] [Training] Epoch=17, loss=1225.4348, nll=1225.4348, l2_reg=0.0000, acc=0.1873
[ 2022-08-31 06:48:36,442][train_tran.train_nn_models] [Validation] Epoch=17, nll=1213.5376, acc=0.1854
[ 2022-08-31 06:48:38,469][train_tran.train_nn_models] [Training] Epoch=18, loss=1225.1448, nll=1225.1448, l2_reg=0.0000, acc=0.1872
[ 2022-08-31 06:48:38,469][train_tran.train_nn_models] [Validation] Epoch=18, nll=1213.2711, acc=0.1861
[ 2022-08-31 06:48:40,471][train_tran.train_nn_models] [Training] Epoch=19, loss=1224.8822, nll=1224.8822, l2_reg=0.0000, acc=0.1874
[ 2022-08-31 06:48:40,471][train_tran.train_nn_models] [Validation] Epoch=19, nll=1213.0254, acc=0.1862
[ 2022-08-31 06:48:42,345][train_tran.train_nn_models] [Training] Epoch=20, loss=1224.6407, nll=1224.6407, l2_reg=0.0000, acc=0.1875
[ 2022-08-31 06:48:42,346][train_tran.train_nn_models] [Validation] Epoch=20, nll=1212.7916, acc=0.1863
[ 2022-08-31 06:48:44,349][train_tran.train_nn_models] [Training] Epoch=21, loss=1224.4121, nll=1224.4121, l2_reg=0.0000, acc=0.1875
[ 2022-08-31 06:48:44,349][train_tran.train_nn_models] [Validation] Epoch=21, nll=1212.5652, acc=0.1863
[ 2022-08-31 06:48:46,196][train_tran.train_nn_models] [Training] Epoch=22, loss=1224.1914, nll=1224.1914, l2_reg=0.0000, acc=0.1875
[ 2022-08-31 06:48:46,197][train_tran.train_nn_models] [Validation] Epoch=22, nll=1212.3456, acc=0.1858
[ 2022-08-31 06:48:48,109][train_tran.train_nn_models] [Training] Epoch=23, loss=1223.9781, nll=1223.9781, l2_reg=0.0000, acc=0.1876
[ 2022-08-31 06:48:48,110][train_tran.train_nn_models] [Validation] Epoch=23, nll=1212.1343, acc=0.1864
[ 2022-08-31 06:48:50,115][train_tran.train_nn_models] [Training] Epoch=24, loss=1223.7737, nll=1223.7737, l2_reg=0.0000, acc=0.1882
[ 2022-08-31 06:48:50,116][train_tran.train_nn_models] [Validation] Epoch=24, nll=1211.9338, acc=0.1862
[ 2022-08-31 06:48:52,047][train_tran.train_nn_models] [Training] Epoch=25, loss=1223.5809, nll=1223.5809, l2_reg=0.0000, acc=0.1882
[ 2022-08-31 06:48:52,047][train_tran.train_nn_models] [Validation] Epoch=25, nll=1211.7483, acc=0.1866
[ 2022-08-31 06:48:54,126][train_tran.train_nn_models] [Training] Epoch=26, loss=1223.4034, nll=1223.4034, l2_reg=0.0000, acc=0.1884
[ 2022-08-31 06:48:54,126][train_tran.train_nn_models] [Validation] Epoch=26, nll=1211.5811, acc=0.1856
[ 2022-08-31 06:48:55,887][train_tran.train_nn_models] [Training] Epoch=27, loss=1223.2445, nll=1223.2445, l2_reg=0.0000, acc=0.1884
[ 2022-08-31 06:48:55,887][train_tran.train_nn_models] [Validation] Epoch=27, nll=1211.4332, acc=0.1857
[ 2022-08-31 06:48:57,921][train_tran.train_nn_models] [Training] Epoch=28, loss=1223.1046, nll=1223.1046, l2_reg=0.0000, acc=0.1885
[ 2022-08-31 06:48:57,922][train_tran.train_nn_models] [Validation] Epoch=28, nll=1211.3042, acc=0.1856
[ 2022-08-31 06:48:59,948][train_tran.train_nn_models] [Training] Epoch=29, loss=1222.9827, nll=1222.9827, l2_reg=0.0000, acc=0.1886
[ 2022-08-31 06:48:59,948][train_tran.train_nn_models] [Validation] Epoch=29, nll=1211.1914, acc=0.1856
[ 2022-08-31 06:49:01,794][train_tran.train_nn_models] [Training] Epoch=30, loss=1222.8754, nll=1222.8754, l2_reg=0.0000, acc=0.1886
[ 2022-08-31 06:49:01,794][train_tran.train_nn_models] [Validation] Epoch=30, nll=1211.0917, acc=0.1853
[ 2022-08-31 06:49:03,774][train_tran.train_nn_models] [Training] Epoch=31, loss=1222.7803, nll=1222.7803, l2_reg=0.0000, acc=0.1887
[ 2022-08-31 06:49:03,774][train_tran.train_nn_models] [Validation] Epoch=31, nll=1211.0026, acc=0.1853
[ 2022-08-31 06:49:05,525][train_tran.train_nn_models] [Training] Epoch=32, loss=1222.6949, nll=1222.6949, l2_reg=0.0000, acc=0.1888
[ 2022-08-31 06:49:05,526][train_tran.train_nn_models] [Validation] Epoch=32, nll=1210.9227, acc=0.1859
[ 2022-08-31 06:49:07,255][train_tran.train_nn_models] [Training] Epoch=33, loss=1222.6173, nll=1222.6173, l2_reg=0.0000, acc=0.1889
[ 2022-08-31 06:49:07,255][train_tran.train_nn_models] [Validation] Epoch=33, nll=1210.8503, acc=0.1855
[ 2022-08-31 06:49:09,004][train_tran.train_nn_models] [Training] Epoch=34, loss=1222.5463, nll=1222.5463, l2_reg=0.0000, acc=0.1889
[ 2022-08-31 06:49:09,004][train_tran.train_nn_models] [Validation] Epoch=34, nll=1210.7839, acc=0.1862
[ 2022-08-31 06:49:10,815][train_tran.train_nn_models] [Training] Epoch=35, loss=1222.4813, nll=1222.4813, l2_reg=0.0000, acc=0.1889
[ 2022-08-31 06:49:10,815][train_tran.train_nn_models] [Validation] Epoch=35, nll=1210.7224, acc=0.1865
[ 2022-08-31 06:49:12,758][train_tran.train_nn_models] [Training] Epoch=36, loss=1222.4214, nll=1222.4214, l2_reg=0.0000, acc=0.1889
[ 2022-08-31 06:49:12,758][train_tran.train_nn_models] [Validation] Epoch=36, nll=1210.6639, acc=0.1863
[ 2022-08-31 06:49:14,648][train_tran.train_nn_models] [Training] Epoch=37, loss=1222.3654, nll=1222.3654, l2_reg=0.0000, acc=0.1892
[ 2022-08-31 06:49:14,649][train_tran.train_nn_models] [Validation] Epoch=37, nll=1210.6077, acc=0.1862
[ 2022-08-31 06:49:16,598][train_tran.train_nn_models] [Training] Epoch=38, loss=1222.3123, nll=1222.3123, l2_reg=0.0000, acc=0.1895
[ 2022-08-31 06:49:16,598][train_tran.train_nn_models] [Validation] Epoch=38, nll=1210.5537, acc=0.1862
[ 2022-08-31 06:49:18,454][train_tran.train_nn_models] [Training] Epoch=39, loss=1222.2611, nll=1222.2611, l2_reg=0.0000, acc=0.1893
[ 2022-08-31 06:49:18,454][train_tran.train_nn_models] [Validation] Epoch=39, nll=1210.5016, acc=0.1864
[ 2022-08-31 06:49:20,427][train_tran.train_nn_models] [Training] Epoch=40, loss=1222.2118, nll=1222.2118, l2_reg=0.0000, acc=0.1892
[ 2022-08-31 06:49:20,427][train_tran.train_nn_models] [Validation] Epoch=40, nll=1210.4506, acc=0.1864
[ 2022-08-31 06:49:22,371][train_tran.train_nn_models] [Training] Epoch=41, loss=1222.1636, nll=1222.1636, l2_reg=0.0000, acc=0.1890
[ 2022-08-31 06:49:22,371][train_tran.train_nn_models] [Validation] Epoch=41, nll=1210.4009, acc=0.1862
[ 2022-08-31 06:49:24,295][train_tran.train_nn_models] [Training] Epoch=42, loss=1222.1163, nll=1222.1163, l2_reg=0.0000, acc=0.1889
[ 2022-08-31 06:49:24,295][train_tran.train_nn_models] [Validation] Epoch=42, nll=1210.3518, acc=0.1858
[ 2022-08-31 06:49:26,291][train_tran.train_nn_models] [Training] Epoch=43, loss=1222.0697, nll=1222.0697, l2_reg=0.0000, acc=0.1889
[ 2022-08-31 06:49:26,292][train_tran.train_nn_models] [Validation] Epoch=43, nll=1210.3032, acc=0.1862
[ 2022-08-31 06:49:28,208][train_tran.train_nn_models] [Training] Epoch=44, loss=1222.0238, nll=1222.0238, l2_reg=0.0000, acc=0.1889
[ 2022-08-31 06:49:28,209][train_tran.train_nn_models] [Validation] Epoch=44, nll=1210.2552, acc=0.1852
[ 2022-08-31 06:49:30,071][train_tran.train_nn_models] [Training] Epoch=45, loss=1221.9783, nll=1221.9783, l2_reg=0.0000, acc=0.1888
[ 2022-08-31 06:49:30,072][train_tran.train_nn_models] [Validation] Epoch=45, nll=1210.2078, acc=0.1855
[ 2022-08-31 06:49:31,952][train_tran.train_nn_models] [Training] Epoch=46, loss=1221.9330, nll=1221.9330, l2_reg=0.0000, acc=0.1889
[ 2022-08-31 06:49:31,952][train_tran.train_nn_models] [Validation] Epoch=46, nll=1210.1602, acc=0.1857
[ 2022-08-31 06:49:33,606][train_tran.train_nn_models] [Training] Epoch=47, loss=1221.8879, nll=1221.8879, l2_reg=0.0000, acc=0.1887
[ 2022-08-31 06:49:33,607][train_tran.train_nn_models] [Validation] Epoch=47, nll=1210.1130, acc=0.1858
[ 2022-08-31 06:49:35,294][train_tran.train_nn_models] [Training] Epoch=48, loss=1221.8429, nll=1221.8429, l2_reg=0.0000, acc=0.1885
[ 2022-08-31 06:49:35,294][train_tran.train_nn_models] [Validation] Epoch=48, nll=1210.0657, acc=0.1865
[ 2022-08-31 06:49:36,952][train_tran.train_nn_models] [Training] Epoch=49, loss=1221.7980, nll=1221.7980, l2_reg=0.0000, acc=0.1884
[ 2022-08-31 06:49:36,952][train_tran.train_nn_models] [Validation] Epoch=49, nll=1210.0182, acc=0.1860
[ 2022-08-31 06:49:38,667][train_tran.train_nn_models] [Training] Epoch=50, loss=1221.7528, nll=1221.7528, l2_reg=0.0000, acc=0.1884
[ 2022-08-31 06:49:38,667][train_tran.train_nn_models] [Validation] Epoch=50, nll=1209.9706, acc=0.1868
[ 2022-08-31 06:49:40,283][train_tran.train_nn_models] [Training] Epoch=51, loss=1221.7076, nll=1221.7076, l2_reg=0.0000, acc=0.1881
[ 2022-08-31 06:49:40,283][train_tran.train_nn_models] [Validation] Epoch=51, nll=1209.9227, acc=0.1863
[ 2022-08-31 06:49:41,914][train_tran.train_nn_models] [Training] Epoch=52, loss=1221.6621, nll=1221.6621, l2_reg=0.0000, acc=0.1881
[ 2022-08-31 06:49:41,914][train_tran.train_nn_models] [Validation] Epoch=52, nll=1209.8746, acc=0.1868
[ 2022-08-31 06:49:43,661][train_tran.train_nn_models] [Training] Epoch=53, loss=1221.6165, nll=1221.6165, l2_reg=0.0000, acc=0.1881
[ 2022-08-31 06:49:43,662][train_tran.train_nn_models] [Validation] Epoch=53, nll=1209.8264, acc=0.1865
[ 2022-08-31 06:49:45,417][train_tran.train_nn_models] [Training] Epoch=54, loss=1221.5706, nll=1221.5706, l2_reg=0.0000, acc=0.1884
[ 2022-08-31 06:49:45,418][train_tran.train_nn_models] [Validation] Epoch=54, nll=1209.7777, acc=0.1868
[ 2022-08-31 06:49:47,173][train_tran.train_nn_models] [Training] Epoch=55, loss=1221.5244, nll=1221.5244, l2_reg=0.0000, acc=0.1886
[ 2022-08-31 06:49:47,173][train_tran.train_nn_models] [Validation] Epoch=55, nll=1209.7289, acc=0.1865
[ 2022-08-31 06:49:48,926][train_tran.train_nn_models] [Training] Epoch=56, loss=1221.4781, nll=1221.4781, l2_reg=0.0000, acc=0.1887
[ 2022-08-31 06:49:48,926][train_tran.train_nn_models] [Validation] Epoch=56, nll=1209.6797, acc=0.1862
[ 2022-08-31 06:49:50,654][train_tran.train_nn_models] [Training] Epoch=57, loss=1221.4316, nll=1221.4316, l2_reg=0.0000, acc=0.1889
[ 2022-08-31 06:49:50,654][train_tran.train_nn_models] [Validation] Epoch=57, nll=1209.6305, acc=0.1868
[ 2022-08-31 06:49:52,451][train_tran.train_nn_models] [Training] Epoch=58, loss=1221.3853, nll=1221.3853, l2_reg=0.0000, acc=0.1887
[ 2022-08-31 06:49:52,451][train_tran.train_nn_models] [Validation] Epoch=58, nll=1209.5813, acc=0.1868
[ 2022-08-31 06:49:54,357][train_tran.train_nn_models] [Training] Epoch=59, loss=1221.3390, nll=1221.3390, l2_reg=0.0000, acc=0.1888
[ 2022-08-31 06:49:54,358][train_tran.train_nn_models] [Validation] Epoch=59, nll=1209.5317, acc=0.1875
[ 2022-08-31 06:49:56,089][train_tran.train_nn_models] [Training] Epoch=60, loss=1221.2926, nll=1221.2926, l2_reg=0.0000, acc=0.1887
[ 2022-08-31 06:49:56,089][train_tran.train_nn_models] [Validation] Epoch=60, nll=1209.4827, acc=0.1874
[ 2022-08-31 06:49:57,839][train_tran.train_nn_models] [Training] Epoch=61, loss=1221.2469, nll=1221.2469, l2_reg=0.0000, acc=0.1886
[ 2022-08-31 06:49:57,840][train_tran.train_nn_models] [Validation] Epoch=61, nll=1209.4337, acc=0.1871
[ 2022-08-31 06:49:59,683][train_tran.train_nn_models] [Training] Epoch=62, loss=1221.2015, nll=1221.2015, l2_reg=0.0000, acc=0.1887
[ 2022-08-31 06:49:59,683][train_tran.train_nn_models] [Validation] Epoch=62, nll=1209.3855, acc=0.1871
[ 2022-08-31 06:50:01,479][train_tran.train_nn_models] [Training] Epoch=63, loss=1221.1567, nll=1221.1567, l2_reg=0.0000, acc=0.1886
[ 2022-08-31 06:50:01,480][train_tran.train_nn_models] [Validation] Epoch=63, nll=1209.3376, acc=0.1878
[ 2022-08-31 06:50:03,362][train_tran.train_nn_models] [Training] Epoch=64, loss=1221.1125, nll=1221.1125, l2_reg=0.0000, acc=0.1888
[ 2022-08-31 06:50:03,363][train_tran.train_nn_models] [Validation] Epoch=64, nll=1209.2902, acc=0.1877
[ 2022-08-31 06:50:05,227][train_tran.train_nn_models] [Training] Epoch=65, loss=1221.0690, nll=1221.0690, l2_reg=0.0000, acc=0.1887
[ 2022-08-31 06:50:05,228][train_tran.train_nn_models] [Validation] Epoch=65, nll=1209.2437, acc=0.1879
[ 2022-08-31 06:50:07,116][train_tran.train_nn_models] [Training] Epoch=66, loss=1221.0265, nll=1221.0265, l2_reg=0.0000, acc=0.1886
[ 2022-08-31 06:50:07,117][train_tran.train_nn_models] [Validation] Epoch=66, nll=1209.1979, acc=0.1886
[ 2022-08-31 06:50:08,871][train_tran.train_nn_models] [Training] Epoch=67, loss=1220.9847, nll=1220.9847, l2_reg=0.0000, acc=0.1888
[ 2022-08-31 06:50:08,871][train_tran.train_nn_models] [Validation] Epoch=67, nll=1209.1531, acc=0.1888
[ 2022-08-31 06:50:10,595][train_tran.train_nn_models] [Training] Epoch=68, loss=1220.9440, nll=1220.9440, l2_reg=0.0000, acc=0.1888
[ 2022-08-31 06:50:10,595][train_tran.train_nn_models] [Validation] Epoch=68, nll=1209.1090, acc=0.1890
[ 2022-08-31 06:50:12,378][train_tran.train_nn_models] [Training] Epoch=69, loss=1220.9038, nll=1220.9038, l2_reg=0.0000, acc=0.1889
[ 2022-08-31 06:50:12,378][train_tran.train_nn_models] [Validation] Epoch=69, nll=1209.0658, acc=0.1886
[ 2022-08-31 06:50:14,071][train_tran.train_nn_models] [Training] Epoch=70, loss=1220.8647, nll=1220.8647, l2_reg=0.0000, acc=0.1888
[ 2022-08-31 06:50:14,071][train_tran.train_nn_models] [Validation] Epoch=70, nll=1209.0233, acc=0.1889
[ 2022-08-31 06:50:15,721][train_tran.train_nn_models] [Training] Epoch=71, loss=1220.8262, nll=1220.8262, l2_reg=0.0000, acc=0.1887
[ 2022-08-31 06:50:15,721][train_tran.train_nn_models] [Validation] Epoch=71, nll=1208.9813, acc=0.1893
[ 2022-08-31 06:50:17,438][train_tran.train_nn_models] [Training] Epoch=72, loss=1220.7882, nll=1220.7882, l2_reg=0.0000, acc=0.1887
[ 2022-08-31 06:50:17,438][train_tran.train_nn_models] [Validation] Epoch=72, nll=1208.9403, acc=0.1896
[ 2022-08-31 06:50:19,229][train_tran.train_nn_models] [Training] Epoch=73, loss=1220.7506, nll=1220.7506, l2_reg=0.0000, acc=0.1888
[ 2022-08-31 06:50:19,230][train_tran.train_nn_models] [Validation] Epoch=73, nll=1208.8995, acc=0.1899
[ 2022-08-31 06:50:20,788][train_tran.train_nn_models] [Training] Epoch=74, loss=1220.7133, nll=1220.7133, l2_reg=0.0000, acc=0.1888
[ 2022-08-31 06:50:20,788][train_tran.train_nn_models] [Validation] Epoch=74, nll=1208.8594, acc=0.1903
[ 2022-08-31 06:50:22,622][train_tran.train_nn_models] [Training] Epoch=75, loss=1220.6760, nll=1220.6760, l2_reg=0.0000, acc=0.1888
[ 2022-08-31 06:50:22,623][train_tran.train_nn_models] [Validation] Epoch=75, nll=1208.8190, acc=0.1913
[ 2022-08-31 06:50:24,346][train_tran.train_nn_models] [Training] Epoch=76, loss=1220.6392, nll=1220.6392, l2_reg=0.0000, acc=0.1889
[ 2022-08-31 06:50:24,346][train_tran.train_nn_models] [Validation] Epoch=76, nll=1208.7792, acc=0.1912
[ 2022-08-31 06:50:26,162][train_tran.train_nn_models] [Training] Epoch=77, loss=1220.6019, nll=1220.6019, l2_reg=0.0000, acc=0.1889
[ 2022-08-31 06:50:26,163][train_tran.train_nn_models] [Validation] Epoch=77, nll=1208.7393, acc=0.1909
[ 2022-08-31 06:50:27,991][train_tran.train_nn_models] [Training] Epoch=78, loss=1220.5648, nll=1220.5648, l2_reg=0.0000, acc=0.1889
[ 2022-08-31 06:50:27,991][train_tran.train_nn_models] [Validation] Epoch=78, nll=1208.6992, acc=0.1906
[ 2022-08-31 06:50:29,738][train_tran.train_nn_models] [Training] Epoch=79, loss=1220.5273, nll=1220.5273, l2_reg=0.0000, acc=0.1891
[ 2022-08-31 06:50:29,738][train_tran.train_nn_models] [Validation] Epoch=79, nll=1208.6592, acc=0.1917
[ 2022-08-31 06:50:31,477][train_tran.train_nn_models] [Training] Epoch=80, loss=1220.4895, nll=1220.4895, l2_reg=0.0000, acc=0.1893
[ 2022-08-31 06:50:31,478][train_tran.train_nn_models] [Validation] Epoch=80, nll=1208.6185, acc=0.1915
[ 2022-08-31 06:50:33,128][train_tran.train_nn_models] [Training] Epoch=81, loss=1220.4512, nll=1220.4512, l2_reg=0.0000, acc=0.1891
[ 2022-08-31 06:50:33,128][train_tran.train_nn_models] [Validation] Epoch=81, nll=1208.5776, acc=0.1910
[ 2022-08-31 06:50:34,856][train_tran.train_nn_models] [Training] Epoch=82, loss=1220.4122, nll=1220.4122, l2_reg=0.0000, acc=0.1891
[ 2022-08-31 06:50:34,856][train_tran.train_nn_models] [Validation] Epoch=82, nll=1208.5364, acc=0.1922
[ 2022-08-31 06:50:36,577][train_tran.train_nn_models] [Training] Epoch=83, loss=1220.3729, nll=1220.3729, l2_reg=0.0000, acc=0.1892
[ 2022-08-31 06:50:36,578][train_tran.train_nn_models] [Validation] Epoch=83, nll=1208.4945, acc=0.1920
[ 2022-08-31 06:50:38,264][train_tran.train_nn_models] [Training] Epoch=84, loss=1220.3331, nll=1220.3331, l2_reg=0.0000, acc=0.1894
[ 2022-08-31 06:50:38,265][train_tran.train_nn_models] [Validation] Epoch=84, nll=1208.4526, acc=0.1922
[ 2022-08-31 06:50:40,053][train_tran.train_nn_models] [Training] Epoch=85, loss=1220.2922, nll=1220.2922, l2_reg=0.0000, acc=0.1894
[ 2022-08-31 06:50:40,054][train_tran.train_nn_models] [Validation] Epoch=85, nll=1208.4097, acc=0.1922
[ 2022-08-31 06:50:41,931][train_tran.train_nn_models] [Training] Epoch=86, loss=1220.2511, nll=1220.2511, l2_reg=0.0000, acc=0.1895
[ 2022-08-31 06:50:41,931][train_tran.train_nn_models] [Validation] Epoch=86, nll=1208.3661, acc=0.1911
[ 2022-08-31 06:50:43,778][train_tran.train_nn_models] [Training] Epoch=87, loss=1220.2087, nll=1220.2087, l2_reg=0.0000, acc=0.1893
[ 2022-08-31 06:50:43,778][train_tran.train_nn_models] [Validation] Epoch=87, nll=1208.3218, acc=0.1913
[ 2022-08-31 06:50:45,533][train_tran.train_nn_models] [Training] Epoch=88, loss=1220.1659, nll=1220.1659, l2_reg=0.0000, acc=0.1896
[ 2022-08-31 06:50:45,533][train_tran.train_nn_models] [Validation] Epoch=88, nll=1208.2769, acc=0.1914
[ 2022-08-31 06:50:47,301][train_tran.train_nn_models] [Training] Epoch=89, loss=1220.1218, nll=1220.1218, l2_reg=0.0000, acc=0.1897
[ 2022-08-31 06:50:47,301][train_tran.train_nn_models] [Validation] Epoch=89, nll=1208.2308, acc=0.1920
[ 2022-08-31 06:50:49,086][train_tran.train_nn_models] [Training] Epoch=90, loss=1220.0771, nll=1220.0771, l2_reg=0.0000, acc=0.1896
[ 2022-08-31 06:50:49,086][train_tran.train_nn_models] [Validation] Epoch=90, nll=1208.1841, acc=0.1920
[ 2022-08-31 06:50:50,781][train_tran.train_nn_models] [Training] Epoch=91, loss=1220.0312, nll=1220.0312, l2_reg=0.0000, acc=0.1898
[ 2022-08-31 06:50:50,782][train_tran.train_nn_models] [Validation] Epoch=91, nll=1208.1366, acc=0.1920
[ 2022-08-31 06:50:52,565][train_tran.train_nn_models] [Training] Epoch=92, loss=1219.9841, nll=1219.9841, l2_reg=0.0000, acc=0.1898
[ 2022-08-31 06:50:52,565][train_tran.train_nn_models] [Validation] Epoch=92, nll=1208.0876, acc=0.1924
[ 2022-08-31 06:50:54,248][train_tran.train_nn_models] [Training] Epoch=93, loss=1219.9360, nll=1219.9360, l2_reg=0.0000, acc=0.1901
[ 2022-08-31 06:50:54,248][train_tran.train_nn_models] [Validation] Epoch=93, nll=1208.0377, acc=0.1923
[ 2022-08-31 06:50:56,025][train_tran.train_nn_models] [Training] Epoch=94, loss=1219.8865, nll=1219.8865, l2_reg=0.0000, acc=0.1901
[ 2022-08-31 06:50:56,026][train_tran.train_nn_models] [Validation] Epoch=94, nll=1207.9866, acc=0.1916
[ 2022-08-31 06:50:57,681][train_tran.train_nn_models] [Training] Epoch=95, loss=1219.8359, nll=1219.8359, l2_reg=0.0000, acc=0.1902
[ 2022-08-31 06:50:57,682][train_tran.train_nn_models] [Validation] Epoch=95, nll=1207.9342, acc=0.1916
[ 2022-08-31 06:50:59,405][train_tran.train_nn_models] [Training] Epoch=96, loss=1219.7841, nll=1219.7841, l2_reg=0.0000, acc=0.1903
[ 2022-08-31 06:50:59,405][train_tran.train_nn_models] [Validation] Epoch=96, nll=1207.8806, acc=0.1922
[ 2022-08-31 06:51:01,227][train_tran.train_nn_models] [Training] Epoch=97, loss=1219.7310, nll=1219.7310, l2_reg=0.0000, acc=0.1905
[ 2022-08-31 06:51:01,227][train_tran.train_nn_models] [Validation] Epoch=97, nll=1207.8258, acc=0.1919
[ 2022-08-31 06:51:03,048][train_tran.train_nn_models] [Training] Epoch=98, loss=1219.6766, nll=1219.6766, l2_reg=0.0000, acc=0.1906
[ 2022-08-31 06:51:03,049][train_tran.train_nn_models] [Validation] Epoch=98, nll=1207.7695, acc=0.1912
[ 2022-08-31 06:51:04,809][train_tran.train_nn_models] [Training] Epoch=99, loss=1219.6207, nll=1219.6207, l2_reg=0.0000, acc=0.1905
[ 2022-08-31 06:51:04,809][train_tran.train_nn_models] [Validation] Epoch=99, nll=1207.7117, acc=0.1909
[ 2022-08-31 06:51:06,596][train_tran.train_nn_models] [Training] Epoch=100, loss=1219.5636, nll=1219.5636, l2_reg=0.0000, acc=0.1906
[ 2022-08-31 06:51:06,596][train_tran.train_nn_models] [Validation] Epoch=100, nll=1207.6530, acc=0.1907
[ 2022-08-31 06:51:08,394][train_tran.train_nn_models] [Training] Epoch=101, loss=1219.5050, nll=1219.5050, l2_reg=0.0000, acc=0.1905
[ 2022-08-31 06:51:08,394][train_tran.train_nn_models] [Validation] Epoch=101, nll=1207.5920, acc=0.1907
[ 2022-08-31 06:51:10,192][train_tran.train_nn_models] [Training] Epoch=102, loss=1219.4449, nll=1219.4449, l2_reg=0.0000, acc=0.1905
[ 2022-08-31 06:51:10,192][train_tran.train_nn_models] [Validation] Epoch=102, nll=1207.5302, acc=0.1903
[ 2022-08-31 06:51:11,874][train_tran.train_nn_models] [Training] Epoch=103, loss=1219.3837, nll=1219.3837, l2_reg=0.0000, acc=0.1906
[ 2022-08-31 06:51:11,874][train_tran.train_nn_models] [Validation] Epoch=103, nll=1207.4667, acc=0.1908
[ 2022-08-31 06:51:13,760][train_tran.train_nn_models] [Training] Epoch=104, loss=1219.3208, nll=1219.3208, l2_reg=0.0000, acc=0.1908
[ 2022-08-31 06:51:13,761][train_tran.train_nn_models] [Validation] Epoch=104, nll=1207.4015, acc=0.1903
[ 2022-08-31 06:51:15,482][train_tran.train_nn_models] [Training] Epoch=105, loss=1219.2572, nll=1219.2572, l2_reg=0.0000, acc=0.1907
[ 2022-08-31 06:51:15,482][train_tran.train_nn_models] [Validation] Epoch=105, nll=1207.3350, acc=0.1901
[ 2022-08-31 06:51:17,260][train_tran.train_nn_models] [Training] Epoch=106, loss=1219.1918, nll=1219.1918, l2_reg=0.0000, acc=0.1907
[ 2022-08-31 06:51:17,260][train_tran.train_nn_models] [Validation] Epoch=106, nll=1207.2670, acc=0.1902
[ 2022-08-31 06:51:19,214][train_tran.train_nn_models] [Training] Epoch=107, loss=1219.1254, nll=1219.1254, l2_reg=0.0000, acc=0.1907
[ 2022-08-31 06:51:19,215][train_tran.train_nn_models] [Validation] Epoch=107, nll=1207.1974, acc=0.1896
[ 2022-08-31 06:51:21,022][train_tran.train_nn_models] [Training] Epoch=108, loss=1219.0576, nll=1219.0576, l2_reg=0.0000, acc=0.1908
[ 2022-08-31 06:51:21,023][train_tran.train_nn_models] [Validation] Epoch=108, nll=1207.1265, acc=0.1893
[ 2022-08-31 06:51:22,997][train_tran.train_nn_models] [Training] Epoch=109, loss=1218.9889, nll=1218.9889, l2_reg=0.0000, acc=0.1909
[ 2022-08-31 06:51:22,997][train_tran.train_nn_models] [Validation] Epoch=109, nll=1207.0541, acc=0.1891
[ 2022-08-31 06:51:24,897][train_tran.train_nn_models] [Training] Epoch=110, loss=1218.9191, nll=1218.9191, l2_reg=0.0000, acc=0.1909
[ 2022-08-31 06:51:24,897][train_tran.train_nn_models] [Validation] Epoch=110, nll=1206.9801, acc=0.1893
[ 2022-08-31 06:51:26,727][train_tran.train_nn_models] [Training] Epoch=111, loss=1218.8485, nll=1218.8485, l2_reg=0.0000, acc=0.1910
[ 2022-08-31 06:51:26,727][train_tran.train_nn_models] [Validation] Epoch=111, nll=1206.9048, acc=0.1894
[ 2022-08-31 06:51:28,665][train_tran.train_nn_models] [Training] Epoch=112, loss=1218.7771, nll=1218.7771, l2_reg=0.0000, acc=0.1911
[ 2022-08-31 06:51:28,666][train_tran.train_nn_models] [Validation] Epoch=112, nll=1206.8280, acc=0.1896
[ 2022-08-31 06:51:30,376][train_tran.train_nn_models] [Training] Epoch=113, loss=1218.7050, nll=1218.7050, l2_reg=0.0000, acc=0.1912
[ 2022-08-31 06:51:30,376][train_tran.train_nn_models] [Validation] Epoch=113, nll=1206.7499, acc=0.1895
[ 2022-08-31 06:51:32,138][train_tran.train_nn_models] [Training] Epoch=114, loss=1218.6320, nll=1218.6320, l2_reg=0.0000, acc=0.1913
[ 2022-08-31 06:51:32,138][train_tran.train_nn_models] [Validation] Epoch=114, nll=1206.6704, acc=0.1897
[ 2022-08-31 06:51:33,961][train_tran.train_nn_models] [Training] Epoch=115, loss=1218.5586, nll=1218.5586, l2_reg=0.0000, acc=0.1914
[ 2022-08-31 06:51:33,961][train_tran.train_nn_models] [Validation] Epoch=115, nll=1206.5903, acc=0.1894
[ 2022-08-31 06:51:35,723][train_tran.train_nn_models] [Training] Epoch=116, loss=1218.4845, nll=1218.4845, l2_reg=0.0000, acc=0.1916
[ 2022-08-31 06:51:35,724][train_tran.train_nn_models] [Validation] Epoch=116, nll=1206.5092, acc=0.1895
[ 2022-08-31 06:51:37,481][train_tran.train_nn_models] [Training] Epoch=117, loss=1218.4105, nll=1218.4105, l2_reg=0.0000, acc=0.1916
[ 2022-08-31 06:51:37,482][train_tran.train_nn_models] [Validation] Epoch=117, nll=1206.4271, acc=0.1899
[ 2022-08-31 06:51:39,267][train_tran.train_nn_models] [Training] Epoch=118, loss=1218.3356, nll=1218.3356, l2_reg=0.0000, acc=0.1915
[ 2022-08-31 06:51:39,267][train_tran.train_nn_models] [Validation] Epoch=118, nll=1206.3445, acc=0.1897
[ 2022-08-31 06:51:41,087][train_tran.train_nn_models] [Training] Epoch=119, loss=1218.2607, nll=1218.2607, l2_reg=0.0000, acc=0.1917
[ 2022-08-31 06:51:41,087][train_tran.train_nn_models] [Validation] Epoch=119, nll=1206.2610, acc=0.1896
[ 2022-08-31 06:51:43,059][train_tran.train_nn_models] [Training] Epoch=120, loss=1218.1853, nll=1218.1853, l2_reg=0.0000, acc=0.1915
[ 2022-08-31 06:51:43,059][train_tran.train_nn_models] [Validation] Epoch=120, nll=1206.1771, acc=0.1889
[ 2022-08-31 06:51:44,959][train_tran.train_nn_models] [Training] Epoch=121, loss=1218.1096, nll=1218.1096, l2_reg=0.0000, acc=0.1915
[ 2022-08-31 06:51:44,960][train_tran.train_nn_models] [Validation] Epoch=121, nll=1206.0928, acc=0.1886
[ 2022-08-31 06:51:46,879][train_tran.train_nn_models] [Training] Epoch=122, loss=1218.0338, nll=1218.0338, l2_reg=0.0000, acc=0.1918
[ 2022-08-31 06:51:46,880][train_tran.train_nn_models] [Validation] Epoch=122, nll=1206.0083, acc=0.1893
[ 2022-08-31 06:51:48,748][train_tran.train_nn_models] [Training] Epoch=123, loss=1217.9574, nll=1217.9574, l2_reg=0.0000, acc=0.1919
[ 2022-08-31 06:51:48,749][train_tran.train_nn_models] [Validation] Epoch=123, nll=1205.9236, acc=0.1894
[ 2022-08-31 06:51:50,722][train_tran.train_nn_models] [Training] Epoch=124, loss=1217.8809, nll=1217.8809, l2_reg=0.0000, acc=0.1918
[ 2022-08-31 06:51:50,722][train_tran.train_nn_models] [Validation] Epoch=124, nll=1205.8386, acc=0.1891
[ 2022-08-31 06:51:52,645][train_tran.train_nn_models] [Training] Epoch=125, loss=1217.8036, nll=1217.8036, l2_reg=0.0000, acc=0.1921
[ 2022-08-31 06:51:52,646][train_tran.train_nn_models] [Validation] Epoch=125, nll=1205.7535, acc=0.1892
[ 2022-08-31 06:51:54,565][train_tran.train_nn_models] [Training] Epoch=126, loss=1217.7260, nll=1217.7260, l2_reg=0.0000, acc=0.1921
[ 2022-08-31 06:51:54,565][train_tran.train_nn_models] [Validation] Epoch=126, nll=1205.6680, acc=0.1891
[ 2022-08-31 06:51:54,565][train_tran.train_nn_models] Found a better model at epoch 126.
[ 2022-08-31 06:51:56,494][train_tran.train_nn_models] [Training] Epoch=127, loss=1217.6477, nll=1217.6477, l2_reg=0.0000, acc=0.1920
[ 2022-08-31 06:51:56,495][train_tran.train_nn_models] [Validation] Epoch=127, nll=1205.5825, acc=0.1888
[ 2022-08-31 06:51:56,495][train_tran.train_nn_models] Found a better model at epoch 127.
[ 2022-08-31 06:51:58,426][train_tran.train_nn_models] [Training] Epoch=128, loss=1217.5687, nll=1217.5687, l2_reg=0.0000, acc=0.1921
[ 2022-08-31 06:51:58,426][train_tran.train_nn_models] [Validation] Epoch=128, nll=1205.4968, acc=0.1888
[ 2022-08-31 06:51:58,427][train_tran.train_nn_models] Found a better model at epoch 128.
[ 2022-08-31 06:52:00,455][train_tran.train_nn_models] [Training] Epoch=129, loss=1217.4894, nll=1217.4894, l2_reg=0.0000, acc=0.1922
[ 2022-08-31 06:52:00,456][train_tran.train_nn_models] [Validation] Epoch=129, nll=1205.4110, acc=0.1891
[ 2022-08-31 06:52:00,457][train_tran.train_nn_models] Found a better model at epoch 129.
[ 2022-08-31 06:52:02,353][train_tran.train_nn_models] [Training] Epoch=130, loss=1217.4094, nll=1217.4094, l2_reg=0.0000, acc=0.1926
[ 2022-08-31 06:52:02,354][train_tran.train_nn_models] [Validation] Epoch=130, nll=1205.3250, acc=0.1898
[ 2022-08-31 06:52:02,354][train_tran.train_nn_models] Found a better model at epoch 130.
[ 2022-08-31 06:52:04,177][train_tran.train_nn_models] [Training] Epoch=131, loss=1217.3290, nll=1217.3290, l2_reg=0.0000, acc=0.1927
[ 2022-08-31 06:52:04,178][train_tran.train_nn_models] [Validation] Epoch=131, nll=1205.2390, acc=0.1895
[ 2022-08-31 06:52:04,178][train_tran.train_nn_models] Found a better model at epoch 131.
[ 2022-08-31 06:52:06,076][train_tran.train_nn_models] [Training] Epoch=132, loss=1217.2478, nll=1217.2478, l2_reg=0.0000, acc=0.1928
[ 2022-08-31 06:52:06,076][train_tran.train_nn_models] [Validation] Epoch=132, nll=1205.1531, acc=0.1900
[ 2022-08-31 06:52:06,077][train_tran.train_nn_models] Found a better model at epoch 132.
[ 2022-08-31 06:52:07,781][train_tran.train_nn_models] [Training] Epoch=133, loss=1217.1663, nll=1217.1663, l2_reg=0.0000, acc=0.1929
[ 2022-08-31 06:52:07,782][train_tran.train_nn_models] [Validation] Epoch=133, nll=1205.0668, acc=0.1900
[ 2022-08-31 06:52:07,782][train_tran.train_nn_models] Found a better model at epoch 133.
[ 2022-08-31 06:52:09,556][train_tran.train_nn_models] [Training] Epoch=134, loss=1217.0839, nll=1217.0839, l2_reg=0.0000, acc=0.1931
[ 2022-08-31 06:52:09,556][train_tran.train_nn_models] [Validation] Epoch=134, nll=1204.9813, acc=0.1901
[ 2022-08-31 06:52:09,556][train_tran.train_nn_models] Found a better model at epoch 134.
[ 2022-08-31 06:52:11,451][train_tran.train_nn_models] [Training] Epoch=135, loss=1217.0015, nll=1217.0015, l2_reg=0.0000, acc=0.1931
[ 2022-08-31 06:52:11,452][train_tran.train_nn_models] [Validation] Epoch=135, nll=1204.8958, acc=0.1904
[ 2022-08-31 06:52:11,452][train_tran.train_nn_models] Found a better model at epoch 135.
[ 2022-08-31 06:52:13,341][train_tran.train_nn_models] [Training] Epoch=136, loss=1216.9186, nll=1216.9186, l2_reg=0.0000, acc=0.1931
[ 2022-08-31 06:52:13,342][train_tran.train_nn_models] [Validation] Epoch=136, nll=1204.8105, acc=0.1902
[ 2022-08-31 06:52:13,342][train_tran.train_nn_models] Found a better model at epoch 136.
[ 2022-08-31 06:52:15,206][train_tran.train_nn_models] [Training] Epoch=137, loss=1216.8356, nll=1216.8356, l2_reg=0.0000, acc=0.1932
[ 2022-08-31 06:52:15,207][train_tran.train_nn_models] [Validation] Epoch=137, nll=1204.7256, acc=0.1901
[ 2022-08-31 06:52:15,208][train_tran.train_nn_models] Found a better model at epoch 137.
[ 2022-08-31 06:52:17,068][train_tran.train_nn_models] [Training] Epoch=138, loss=1216.7523, nll=1216.7523, l2_reg=0.0000, acc=0.1933
[ 2022-08-31 06:52:17,068][train_tran.train_nn_models] [Validation] Epoch=138, nll=1204.6411, acc=0.1906
[ 2022-08-31 06:52:17,068][train_tran.train_nn_models] Found a better model at epoch 138.
[ 2022-08-31 06:52:18,931][train_tran.train_nn_models] [Training] Epoch=139, loss=1216.6688, nll=1216.6688, l2_reg=0.0000, acc=0.1933
[ 2022-08-31 06:52:18,931][train_tran.train_nn_models] [Validation] Epoch=139, nll=1204.5573, acc=0.1907
[ 2022-08-31 06:52:18,931][train_tran.train_nn_models] Found a better model at epoch 139.
[ 2022-08-31 06:52:20,620][train_tran.train_nn_models] [Training] Epoch=140, loss=1216.5852, nll=1216.5852, l2_reg=0.0000, acc=0.1934
[ 2022-08-31 06:52:20,621][train_tran.train_nn_models] [Validation] Epoch=140, nll=1204.4733, acc=0.1912
[ 2022-08-31 06:52:20,622][train_tran.train_nn_models] Found a better model at epoch 140.
[ 2022-08-31 06:52:22,402][train_tran.train_nn_models] [Training] Epoch=141, loss=1216.5015, nll=1216.5015, l2_reg=0.0000, acc=0.1936
[ 2022-08-31 06:52:22,402][train_tran.train_nn_models] [Validation] Epoch=141, nll=1204.3894, acc=0.1916
[ 2022-08-31 06:52:22,402][train_tran.train_nn_models] Found a better model at epoch 141.
[ 2022-08-31 06:52:24,176][train_tran.train_nn_models] [Training] Epoch=142, loss=1216.4169, nll=1216.4169, l2_reg=0.0000, acc=0.1936
[ 2022-08-31 06:52:24,176][train_tran.train_nn_models] [Validation] Epoch=142, nll=1204.3054, acc=0.1918
[ 2022-08-31 06:52:24,177][train_tran.train_nn_models] Found a better model at epoch 142.
[ 2022-08-31 06:52:25,906][train_tran.train_nn_models] [Training] Epoch=143, loss=1216.3326, nll=1216.3326, l2_reg=0.0000, acc=0.1938
[ 2022-08-31 06:52:25,906][train_tran.train_nn_models] [Validation] Epoch=143, nll=1204.2220, acc=0.1920
[ 2022-08-31 06:52:25,906][train_tran.train_nn_models] Found a better model at epoch 143.
[ 2022-08-31 06:52:27,650][train_tran.train_nn_models] [Training] Epoch=144, loss=1216.2476, nll=1216.2476, l2_reg=0.0000, acc=0.1939
[ 2022-08-31 06:52:27,650][train_tran.train_nn_models] [Validation] Epoch=144, nll=1204.1390, acc=0.1925
[ 2022-08-31 06:52:27,651][train_tran.train_nn_models] Found a better model at epoch 144.
[ 2022-08-31 06:52:29,433][train_tran.train_nn_models] [Training] Epoch=145, loss=1216.1625, nll=1216.1625, l2_reg=0.0000, acc=0.1939
[ 2022-08-31 06:52:29,433][train_tran.train_nn_models] [Validation] Epoch=145, nll=1204.0558, acc=0.1928
[ 2022-08-31 06:52:29,433][train_tran.train_nn_models] Found a better model at epoch 145.
[ 2022-08-31 06:52:31,181][train_tran.train_nn_models] [Training] Epoch=146, loss=1216.0769, nll=1216.0769, l2_reg=0.0000, acc=0.1940
[ 2022-08-31 06:52:31,182][train_tran.train_nn_models] [Validation] Epoch=146, nll=1203.9722, acc=0.1927
[ 2022-08-31 06:52:31,182][train_tran.train_nn_models] Found a better model at epoch 146.
[ 2022-08-31 06:52:33,124][train_tran.train_nn_models] [Training] Epoch=147, loss=1215.9907, nll=1215.9907, l2_reg=0.0000, acc=0.1943
[ 2022-08-31 06:52:33,124][train_tran.train_nn_models] [Validation] Epoch=147, nll=1203.8878, acc=0.1934
[ 2022-08-31 06:52:33,125][train_tran.train_nn_models] Found a better model at epoch 147.
[ 2022-08-31 06:52:34,842][train_tran.train_nn_models] [Training] Epoch=148, loss=1215.9049, nll=1215.9049, l2_reg=0.0000, acc=0.1941
[ 2022-08-31 06:52:34,842][train_tran.train_nn_models] [Validation] Epoch=148, nll=1203.8020, acc=0.1932
[ 2022-08-31 06:52:34,843][train_tran.train_nn_models] Found a better model at epoch 148.
[ 2022-08-31 06:52:36,612][train_tran.train_nn_models] [Training] Epoch=149, loss=1215.8180, nll=1215.8180, l2_reg=0.0000, acc=0.1943
[ 2022-08-31 06:52:36,612][train_tran.train_nn_models] [Validation] Epoch=149, nll=1203.7161, acc=0.1939
[ 2022-08-31 06:52:36,612][train_tran.train_nn_models] Found a better model at epoch 149.
[ 2022-08-31 06:52:38,381][train_tran.train_nn_models] [Training] Epoch=150, loss=1215.7306, nll=1215.7306, l2_reg=0.0000, acc=0.1945
[ 2022-08-31 06:52:38,381][train_tran.train_nn_models] [Validation] Epoch=150, nll=1203.6283, acc=0.1939
[ 2022-08-31 06:52:38,382][train_tran.train_nn_models] Found a better model at epoch 150.
[ 2022-08-31 06:52:40,175][train_tran.train_nn_models] [Training] Epoch=151, loss=1215.6412, nll=1215.6412, l2_reg=0.0000, acc=0.1946
[ 2022-08-31 06:52:40,175][train_tran.train_nn_models] [Validation] Epoch=151, nll=1203.5415, acc=0.1947
[ 2022-08-31 06:52:40,176][train_tran.train_nn_models] Found a better model at epoch 151.
[ 2022-08-31 06:52:41,946][train_tran.train_nn_models] [Training] Epoch=152, loss=1215.5520, nll=1215.5520, l2_reg=0.0000, acc=0.1950
[ 2022-08-31 06:52:41,947][train_tran.train_nn_models] [Validation] Epoch=152, nll=1203.4535, acc=0.1947
[ 2022-08-31 06:52:41,947][train_tran.train_nn_models] Found a better model at epoch 152.
[ 2022-08-31 06:52:43,758][train_tran.train_nn_models] [Training] Epoch=153, loss=1215.4617, nll=1215.4617, l2_reg=0.0000, acc=0.1953
[ 2022-08-31 06:52:43,759][train_tran.train_nn_models] [Validation] Epoch=153, nll=1203.3638, acc=0.1955
[ 2022-08-31 06:52:43,759][train_tran.train_nn_models] Found a better model at epoch 153.
[ 2022-08-31 06:52:45,498][train_tran.train_nn_models] [Training] Epoch=154, loss=1215.3711, nll=1215.3711, l2_reg=0.0000, acc=0.1955
[ 2022-08-31 06:52:45,499][train_tran.train_nn_models] [Validation] Epoch=154, nll=1203.2736, acc=0.1955
[ 2022-08-31 06:52:45,499][train_tran.train_nn_models] Found a better model at epoch 154.
[ 2022-08-31 06:52:47,309][train_tran.train_nn_models] [Training] Epoch=155, loss=1215.2803, nll=1215.2803, l2_reg=0.0000, acc=0.1959
[ 2022-08-31 06:52:47,309][train_tran.train_nn_models] [Validation] Epoch=155, nll=1203.1820, acc=0.1955
[ 2022-08-31 06:52:47,310][train_tran.train_nn_models] Found a better model at epoch 155.
[ 2022-08-31 06:52:49,136][train_tran.train_nn_models] [Training] Epoch=156, loss=1215.1893, nll=1215.1893, l2_reg=0.0000, acc=0.1960
[ 2022-08-31 06:52:49,137][train_tran.train_nn_models] [Validation] Epoch=156, nll=1203.0895, acc=0.1948
[ 2022-08-31 06:52:49,137][train_tran.train_nn_models] Found a better model at epoch 156.
[ 2022-08-31 06:52:50,978][train_tran.train_nn_models] [Training] Epoch=157, loss=1215.0972, nll=1215.0972, l2_reg=0.0000, acc=0.1961
[ 2022-08-31 06:52:50,978][train_tran.train_nn_models] [Validation] Epoch=157, nll=1202.9963, acc=0.1961
[ 2022-08-31 06:52:50,978][train_tran.train_nn_models] Found a better model at epoch 157.
[ 2022-08-31 06:52:52,801][train_tran.train_nn_models] [Training] Epoch=158, loss=1215.0051, nll=1215.0051, l2_reg=0.0000, acc=0.1965
[ 2022-08-31 06:52:52,801][train_tran.train_nn_models] [Validation] Epoch=158, nll=1202.9019, acc=0.1961
[ 2022-08-31 06:52:52,801][train_tran.train_nn_models] Found a better model at epoch 158.
[ 2022-08-31 06:52:54,492][train_tran.train_nn_models] [Training] Epoch=159, loss=1214.9113, nll=1214.9113, l2_reg=0.0000, acc=0.1970
[ 2022-08-31 06:52:54,492][train_tran.train_nn_models] [Validation] Epoch=159, nll=1202.8057, acc=0.1960
[ 2022-08-31 06:52:54,492][train_tran.train_nn_models] Found a better model at epoch 159.
[ 2022-08-31 06:52:56,144][train_tran.train_nn_models] [Training] Epoch=160, loss=1214.8160, nll=1214.8160, l2_reg=0.0000, acc=0.1971
[ 2022-08-31 06:52:56,145][train_tran.train_nn_models] [Validation] Epoch=160, nll=1202.7079, acc=0.1957
[ 2022-08-31 06:52:56,146][train_tran.train_nn_models] Found a better model at epoch 160.
[ 2022-08-31 06:52:57,862][train_tran.train_nn_models] [Training] Epoch=161, loss=1214.7200, nll=1214.7200, l2_reg=0.0000, acc=0.1973
[ 2022-08-31 06:52:57,863][train_tran.train_nn_models] [Validation] Epoch=161, nll=1202.6094, acc=0.1965
[ 2022-08-31 06:52:57,864][train_tran.train_nn_models] Found a better model at epoch 161.
[ 2022-08-31 06:52:59,646][train_tran.train_nn_models] [Training] Epoch=162, loss=1214.6217, nll=1214.6217, l2_reg=0.0000, acc=0.1972
[ 2022-08-31 06:52:59,647][train_tran.train_nn_models] [Validation] Epoch=162, nll=1202.5079, acc=0.1971
[ 2022-08-31 06:52:59,647][train_tran.train_nn_models] Found a better model at epoch 162.
[ 2022-08-31 06:53:01,382][train_tran.train_nn_models] [Training] Epoch=163, loss=1214.5225, nll=1214.5225, l2_reg=0.0000, acc=0.1977
[ 2022-08-31 06:53:01,383][train_tran.train_nn_models] [Validation] Epoch=163, nll=1202.4054, acc=0.1973
[ 2022-08-31 06:53:01,383][train_tran.train_nn_models] Found a better model at epoch 163.
[ 2022-08-31 06:53:03,114][train_tran.train_nn_models] [Training] Epoch=164, loss=1214.4210, nll=1214.4210, l2_reg=0.0000, acc=0.1980
[ 2022-08-31 06:53:03,114][train_tran.train_nn_models] [Validation] Epoch=164, nll=1202.2998, acc=0.1971
[ 2022-08-31 06:53:03,115][train_tran.train_nn_models] Found a better model at epoch 164.
[ 2022-08-31 06:53:04,863][train_tran.train_nn_models] [Training] Epoch=165, loss=1214.3182, nll=1214.3182, l2_reg=0.0000, acc=0.1985
[ 2022-08-31 06:53:04,864][train_tran.train_nn_models] [Validation] Epoch=165, nll=1202.1912, acc=0.1974
[ 2022-08-31 06:53:04,864][train_tran.train_nn_models] Found a better model at epoch 165.
[ 2022-08-31 06:53:06,590][train_tran.train_nn_models] [Training] Epoch=166, loss=1214.2137, nll=1214.2137, l2_reg=0.0000, acc=0.1988
[ 2022-08-31 06:53:06,591][train_tran.train_nn_models] [Validation] Epoch=166, nll=1202.0789, acc=0.1978
[ 2022-08-31 06:53:06,591][train_tran.train_nn_models] Found a better model at epoch 166.
[ 2022-08-31 06:53:08,314][train_tran.train_nn_models] [Training] Epoch=167, loss=1214.1062, nll=1214.1062, l2_reg=0.0000, acc=0.1991
[ 2022-08-31 06:53:08,315][train_tran.train_nn_models] [Validation] Epoch=167, nll=1201.9651, acc=0.1978
[ 2022-08-31 06:53:08,315][train_tran.train_nn_models] Found a better model at epoch 167.
[ 2022-08-31 06:53:10,056][train_tran.train_nn_models] [Training] Epoch=168, loss=1213.9961, nll=1213.9961, l2_reg=0.0000, acc=0.1993
[ 2022-08-31 06:53:10,057][train_tran.train_nn_models] [Validation] Epoch=168, nll=1201.8474, acc=0.1979
[ 2022-08-31 06:53:10,058][train_tran.train_nn_models] Found a better model at epoch 168.
[ 2022-08-31 06:53:11,794][train_tran.train_nn_models] [Training] Epoch=169, loss=1213.8829, nll=1213.8829, l2_reg=0.0000, acc=0.1996
[ 2022-08-31 06:53:11,795][train_tran.train_nn_models] [Validation] Epoch=169, nll=1201.7264, acc=0.1980
[ 2022-08-31 06:53:11,795][train_tran.train_nn_models] Found a better model at epoch 169.
[ 2022-08-31 06:53:13,493][train_tran.train_nn_models] [Training] Epoch=170, loss=1213.7672, nll=1213.7672, l2_reg=0.0000, acc=0.1997
[ 2022-08-31 06:53:13,493][train_tran.train_nn_models] [Validation] Epoch=170, nll=1201.6001, acc=0.1982
[ 2022-08-31 06:53:13,493][train_tran.train_nn_models] Found a better model at epoch 170.
[ 2022-08-31 06:53:15,161][train_tran.train_nn_models] [Training] Epoch=171, loss=1213.6476, nll=1213.6476, l2_reg=0.0000, acc=0.1999
[ 2022-08-31 06:53:15,162][train_tran.train_nn_models] [Validation] Epoch=171, nll=1201.4705, acc=0.1986
[ 2022-08-31 06:53:15,162][train_tran.train_nn_models] Found a better model at epoch 171.
[ 2022-08-31 06:53:16,908][train_tran.train_nn_models] [Training] Epoch=172, loss=1213.5244, nll=1213.5244, l2_reg=0.0000, acc=0.2001
[ 2022-08-31 06:53:16,908][train_tran.train_nn_models] [Validation] Epoch=172, nll=1201.3356, acc=0.1991
[ 2022-08-31 06:53:16,909][train_tran.train_nn_models] Found a better model at epoch 172.
[ 2022-08-31 06:53:18,740][train_tran.train_nn_models] [Training] Epoch=173, loss=1213.3961, nll=1213.3961, l2_reg=0.0000, acc=0.2004
[ 2022-08-31 06:53:18,740][train_tran.train_nn_models] [Validation] Epoch=173, nll=1201.1949, acc=0.1994
[ 2022-08-31 06:53:18,740][train_tran.train_nn_models] Found a better model at epoch 173.
[ 2022-08-31 06:53:20,627][train_tran.train_nn_models] [Training] Epoch=174, loss=1213.2626, nll=1213.2626, l2_reg=0.0000, acc=0.2006
[ 2022-08-31 06:53:20,629][train_tran.train_nn_models] [Validation] Epoch=174, nll=1201.0496, acc=0.1991
[ 2022-08-31 06:53:20,629][train_tran.train_nn_models] Found a better model at epoch 174.
[ 2022-08-31 06:53:22,331][train_tran.train_nn_models] [Training] Epoch=175, loss=1213.1238, nll=1213.1238, l2_reg=0.0000, acc=0.2009
[ 2022-08-31 06:53:22,331][train_tran.train_nn_models] [Validation] Epoch=175, nll=1200.8997, acc=0.1995
[ 2022-08-31 06:53:22,331][train_tran.train_nn_models] Found a better model at epoch 175.
[ 2022-08-31 06:53:24,090][train_tran.train_nn_models] [Training] Epoch=176, loss=1212.9795, nll=1212.9795, l2_reg=0.0000, acc=0.2012
[ 2022-08-31 06:53:24,090][train_tran.train_nn_models] [Validation] Epoch=176, nll=1200.7422, acc=0.1998
[ 2022-08-31 06:53:24,090][train_tran.train_nn_models] Found a better model at epoch 176.
[ 2022-08-31 06:53:25,779][train_tran.train_nn_models] [Training] Epoch=177, loss=1212.8278, nll=1212.8278, l2_reg=0.0000, acc=0.2013
[ 2022-08-31 06:53:25,779][train_tran.train_nn_models] [Validation] Epoch=177, nll=1200.5786, acc=0.2001
[ 2022-08-31 06:53:25,779][train_tran.train_nn_models] Found a better model at epoch 177.
[ 2022-08-31 06:53:27,532][train_tran.train_nn_models] [Training] Epoch=178, loss=1212.6698, nll=1212.6698, l2_reg=0.0000, acc=0.2014
[ 2022-08-31 06:53:27,532][train_tran.train_nn_models] [Validation] Epoch=178, nll=1200.4083, acc=0.2000
[ 2022-08-31 06:53:27,533][train_tran.train_nn_models] Found a better model at epoch 178.
[ 2022-08-31 06:53:29,250][train_tran.train_nn_models] [Training] Epoch=179, loss=1212.5049, nll=1212.5049, l2_reg=0.0000, acc=0.2015
[ 2022-08-31 06:53:29,251][train_tran.train_nn_models] [Validation] Epoch=179, nll=1200.2295, acc=0.2002
[ 2022-08-31 06:53:29,252][train_tran.train_nn_models] Found a better model at epoch 179.
[ 2022-08-31 06:53:30,989][train_tran.train_nn_models] [Training] Epoch=180, loss=1212.3308, nll=1212.3308, l2_reg=0.0000, acc=0.2017
[ 2022-08-31 06:53:30,989][train_tran.train_nn_models] [Validation] Epoch=180, nll=1200.0449, acc=0.1998
[ 2022-08-31 06:53:30,990][train_tran.train_nn_models] Found a better model at epoch 180.
[ 2022-08-31 06:53:32,715][train_tran.train_nn_models] [Training] Epoch=181, loss=1212.1484, nll=1212.1484, l2_reg=0.0000, acc=0.2018
[ 2022-08-31 06:53:32,716][train_tran.train_nn_models] [Validation] Epoch=181, nll=1199.8535, acc=0.2000
[ 2022-08-31 06:53:32,716][train_tran.train_nn_models] Found a better model at epoch 181.
[ 2022-08-31 06:53:34,390][train_tran.train_nn_models] [Training] Epoch=182, loss=1211.9574, nll=1211.9574, l2_reg=0.0000, acc=0.2020
[ 2022-08-31 06:53:34,391][train_tran.train_nn_models] [Validation] Epoch=182, nll=1199.6566, acc=0.2004
[ 2022-08-31 06:53:34,391][train_tran.train_nn_models] Found a better model at epoch 182.
[ 2022-08-31 06:53:36,121][train_tran.train_nn_models] [Training] Epoch=183, loss=1211.7590, nll=1211.7590, l2_reg=0.0000, acc=0.2020
[ 2022-08-31 06:53:36,121][train_tran.train_nn_models] [Validation] Epoch=183, nll=1199.4519, acc=0.2016
[ 2022-08-31 06:53:36,122][train_tran.train_nn_models] Found a better model at epoch 183.
[ 2022-08-31 06:53:37,843][train_tran.train_nn_models] [Training] Epoch=184, loss=1211.5532, nll=1211.5532, l2_reg=0.0000, acc=0.2020
[ 2022-08-31 06:53:37,843][train_tran.train_nn_models] [Validation] Epoch=184, nll=1199.2434, acc=0.2011
[ 2022-08-31 06:53:37,844][train_tran.train_nn_models] Found a better model at epoch 184.
[ 2022-08-31 06:53:39,670][train_tran.train_nn_models] [Training] Epoch=185, loss=1211.3413, nll=1211.3413, l2_reg=0.0000, acc=0.2024
[ 2022-08-31 06:53:39,670][train_tran.train_nn_models] [Validation] Epoch=185, nll=1199.0331, acc=0.2007
[ 2022-08-31 06:53:39,671][train_tran.train_nn_models] Found a better model at epoch 185.
[ 2022-08-31 06:53:41,439][train_tran.train_nn_models] [Training] Epoch=186, loss=1211.1257, nll=1211.1257, l2_reg=0.0000, acc=0.2024
[ 2022-08-31 06:53:41,440][train_tran.train_nn_models] [Validation] Epoch=186, nll=1198.8210, acc=0.2009
[ 2022-08-31 06:53:41,440][train_tran.train_nn_models] Found a better model at epoch 186.
[ 2022-08-31 06:53:43,234][train_tran.train_nn_models] [Training] Epoch=187, loss=1210.9077, nll=1210.9077, l2_reg=0.0000, acc=0.2027
[ 2022-08-31 06:53:43,235][train_tran.train_nn_models] [Validation] Epoch=187, nll=1198.6132, acc=0.2009
[ 2022-08-31 06:53:43,235][train_tran.train_nn_models] Found a better model at epoch 187.
[ 2022-08-31 06:53:45,049][train_tran.train_nn_models] [Training] Epoch=188, loss=1210.6880, nll=1210.6880, l2_reg=0.0000, acc=0.2029
[ 2022-08-31 06:53:45,050][train_tran.train_nn_models] [Validation] Epoch=188, nll=1198.4120, acc=0.2006
[ 2022-08-31 06:53:45,051][train_tran.train_nn_models] Found a better model at epoch 188.
[ 2022-08-31 06:53:46,750][train_tran.train_nn_models] [Training] Epoch=189, loss=1210.4681, nll=1210.4681, l2_reg=0.0000, acc=0.2028
[ 2022-08-31 06:53:46,750][train_tran.train_nn_models] [Validation] Epoch=189, nll=1198.2117, acc=0.2003
[ 2022-08-31 06:53:46,750][train_tran.train_nn_models] Found a better model at epoch 189.
[ 2022-08-31 06:53:48,495][train_tran.train_nn_models] [Training] Epoch=190, loss=1210.2479, nll=1210.2479, l2_reg=0.0000, acc=0.2032
[ 2022-08-31 06:53:48,495][train_tran.train_nn_models] [Validation] Epoch=190, nll=1198.0135, acc=0.2010
[ 2022-08-31 06:53:48,495][train_tran.train_nn_models] Found a better model at epoch 190.
[ 2022-08-31 06:53:50,225][train_tran.train_nn_models] [Training] Epoch=191, loss=1210.0308, nll=1210.0308, l2_reg=0.0000, acc=0.2035
[ 2022-08-31 06:53:50,225][train_tran.train_nn_models] [Validation] Epoch=191, nll=1197.8168, acc=0.2014
[ 2022-08-31 06:53:50,226][train_tran.train_nn_models] Found a better model at epoch 191.
[ 2022-08-31 06:53:51,961][train_tran.train_nn_models] [Training] Epoch=192, loss=1209.8186, nll=1209.8186, l2_reg=0.0000, acc=0.2039
[ 2022-08-31 06:53:51,961][train_tran.train_nn_models] [Validation] Epoch=192, nll=1197.6320, acc=0.2021
[ 2022-08-31 06:53:51,961][train_tran.train_nn_models] Found a better model at epoch 192.
[ 2022-08-31 06:53:53,808][train_tran.train_nn_models] [Training] Epoch=193, loss=1209.6134, nll=1209.6134, l2_reg=0.0000, acc=0.2040
[ 2022-08-31 06:53:53,808][train_tran.train_nn_models] [Validation] Epoch=193, nll=1197.4519, acc=0.2024
[ 2022-08-31 06:53:53,808][train_tran.train_nn_models] Found a better model at epoch 193.
[ 2022-08-31 06:53:55,519][train_tran.train_nn_models] [Training] Epoch=194, loss=1209.4132, nll=1209.4132, l2_reg=0.0000, acc=0.2040
[ 2022-08-31 06:53:55,520][train_tran.train_nn_models] [Validation] Epoch=194, nll=1197.2794, acc=0.2023
[ 2022-08-31 06:53:55,521][train_tran.train_nn_models] Found a better model at epoch 194.
[ 2022-08-31 06:53:57,213][train_tran.train_nn_models] [Training] Epoch=195, loss=1209.2200, nll=1209.2200, l2_reg=0.0000, acc=0.2044
[ 2022-08-31 06:53:57,213][train_tran.train_nn_models] [Validation] Epoch=195, nll=1197.1223, acc=0.2022
[ 2022-08-31 06:53:57,213][train_tran.train_nn_models] Found a better model at epoch 195.
[ 2022-08-31 06:53:59,247][train_tran.train_nn_models] [Training] Epoch=196, loss=1209.0352, nll=1209.0352, l2_reg=0.0000, acc=0.2050
[ 2022-08-31 06:53:59,248][train_tran.train_nn_models] [Validation] Epoch=196, nll=1196.9711, acc=0.2025
[ 2022-08-31 06:53:59,248][train_tran.train_nn_models] Found a better model at epoch 196.
[ 2022-08-31 06:54:01,394][train_tran.train_nn_models] [Training] Epoch=197, loss=1208.8595, nll=1208.8595, l2_reg=0.0000, acc=0.2050
[ 2022-08-31 06:54:01,395][train_tran.train_nn_models] [Validation] Epoch=197, nll=1196.8292, acc=0.2029
[ 2022-08-31 06:54:01,395][train_tran.train_nn_models] Found a better model at epoch 197.
[ 2022-08-31 06:54:03,419][train_tran.train_nn_models] [Training] Epoch=198, loss=1208.6925, nll=1208.6925, l2_reg=0.0000, acc=0.2053
[ 2022-08-31 06:54:03,419][train_tran.train_nn_models] [Validation] Epoch=198, nll=1196.6964, acc=0.2035
[ 2022-08-31 06:54:03,420][train_tran.train_nn_models] Found a better model at epoch 198.
[ 2022-08-31 06:54:05,347][train_tran.train_nn_models] [Training] Epoch=199, loss=1208.5348, nll=1208.5348, l2_reg=0.0000, acc=0.2058
[ 2022-08-31 06:54:05,348][train_tran.train_nn_models] [Validation] Epoch=199, nll=1196.5658, acc=0.2036
[ 2022-08-31 06:54:05,348][train_tran.train_nn_models] Found a better model at epoch 199.
[ 2022-08-31 06:54:07,355][train_tran.train_nn_models] [Training] Epoch=200, loss=1208.3821, nll=1208.3821, l2_reg=0.0000, acc=0.2060
[ 2022-08-31 06:54:07,355][train_tran.train_nn_models] [Validation] Epoch=200, nll=1196.4346, acc=0.2041
[ 2022-08-31 06:54:07,356][train_tran.train_nn_models] Found a better model at epoch 200.
[ 2022-08-31 06:54:09,475][train_tran.train_nn_models] [Training] Epoch=201, loss=1208.2333, nll=1208.2333, l2_reg=0.0000, acc=0.2065
[ 2022-08-31 06:54:09,475][train_tran.train_nn_models] [Validation] Epoch=201, nll=1196.3000, acc=0.2057
[ 2022-08-31 06:54:09,476][train_tran.train_nn_models] Found a better model at epoch 201.
[ 2022-08-31 06:54:11,478][train_tran.train_nn_models] [Training] Epoch=202, loss=1208.0883, nll=1208.0883, l2_reg=0.0000, acc=0.2071
[ 2022-08-31 06:54:11,478][train_tran.train_nn_models] [Validation] Epoch=202, nll=1196.1742, acc=0.2060
[ 2022-08-31 06:54:11,479][train_tran.train_nn_models] Found a better model at epoch 202.
[ 2022-08-31 06:54:13,599][train_tran.train_nn_models] [Training] Epoch=203, loss=1207.9453, nll=1207.9453, l2_reg=0.0000, acc=0.2077
[ 2022-08-31 06:54:13,599][train_tran.train_nn_models] [Validation] Epoch=203, nll=1196.0430, acc=0.2068
[ 2022-08-31 06:54:13,599][train_tran.train_nn_models] Found a better model at epoch 203.
[ 2022-08-31 06:54:15,427][train_tran.train_nn_models] [Training] Epoch=204, loss=1207.7947, nll=1207.7947, l2_reg=0.0000, acc=0.2081
[ 2022-08-31 06:54:15,427][train_tran.train_nn_models] [Validation] Epoch=204, nll=1195.9059, acc=0.2080
[ 2022-08-31 06:54:15,427][train_tran.train_nn_models] Found a better model at epoch 204.
[ 2022-08-31 06:54:17,366][train_tran.train_nn_models] [Training] Epoch=205, loss=1207.6421, nll=1207.6421, l2_reg=0.0000, acc=0.2090
[ 2022-08-31 06:54:17,366][train_tran.train_nn_models] [Validation] Epoch=205, nll=1195.7632, acc=0.2091
[ 2022-08-31 06:54:17,366][train_tran.train_nn_models] Found a better model at epoch 205.
[ 2022-08-31 06:54:19,363][train_tran.train_nn_models] [Training] Epoch=206, loss=1207.4816, nll=1207.4816, l2_reg=0.0000, acc=0.2099
[ 2022-08-31 06:54:19,364][train_tran.train_nn_models] [Validation] Epoch=206, nll=1195.6240, acc=0.2092
[ 2022-08-31 06:54:19,365][train_tran.train_nn_models] Found a better model at epoch 206.
[ 2022-08-31 06:54:21,703][train_tran.train_nn_models] [Training] Epoch=207, loss=1207.3202, nll=1207.3202, l2_reg=0.0000, acc=0.2103
[ 2022-08-31 06:54:21,703][train_tran.train_nn_models] [Validation] Epoch=207, nll=1195.4932, acc=0.2097
[ 2022-08-31 06:54:21,704][train_tran.train_nn_models] Found a better model at epoch 207.
[ 2022-08-31 06:54:23,813][train_tran.train_nn_models] [Training] Epoch=208, loss=1207.1499, nll=1207.1499, l2_reg=0.0000, acc=0.2112
[ 2022-08-31 06:54:23,814][train_tran.train_nn_models] [Validation] Epoch=208, nll=1195.3618, acc=0.2101
[ 2022-08-31 06:54:23,814][train_tran.train_nn_models] Found a better model at epoch 208.
[ 2022-08-31 06:54:25,790][train_tran.train_nn_models] [Training] Epoch=209, loss=1206.9861, nll=1206.9861, l2_reg=0.0000, acc=0.2114
[ 2022-08-31 06:54:25,792][train_tran.train_nn_models] [Validation] Epoch=209, nll=1195.2288, acc=0.2098
[ 2022-08-31 06:54:25,792][train_tran.train_nn_models] Found a better model at epoch 209.
[ 2022-08-31 06:54:27,809][train_tran.train_nn_models] [Training] Epoch=210, loss=1206.8229, nll=1206.8229, l2_reg=0.0000, acc=0.2119
[ 2022-08-31 06:54:27,809][train_tran.train_nn_models] [Validation] Epoch=210, nll=1195.0995, acc=0.2100
[ 2022-08-31 06:54:27,810][train_tran.train_nn_models] Found a better model at epoch 210.
[ 2022-08-31 06:54:29,813][train_tran.train_nn_models] [Training] Epoch=211, loss=1206.6658, nll=1206.6658, l2_reg=0.0000, acc=0.2121
[ 2022-08-31 06:54:29,813][train_tran.train_nn_models] [Validation] Epoch=211, nll=1194.9816, acc=0.2103
[ 2022-08-31 06:54:29,814][train_tran.train_nn_models] Found a better model at epoch 211.
[ 2022-08-31 06:54:31,845][train_tran.train_nn_models] [Training] Epoch=212, loss=1206.5199, nll=1206.5199, l2_reg=0.0000, acc=0.2125
[ 2022-08-31 06:54:31,845][train_tran.train_nn_models] [Validation] Epoch=212, nll=1194.8723, acc=0.2107
[ 2022-08-31 06:54:31,846][train_tran.train_nn_models] Found a better model at epoch 212.
[ 2022-08-31 06:54:34,019][train_tran.train_nn_models] [Training] Epoch=213, loss=1206.3771, nll=1206.3771, l2_reg=0.0000, acc=0.2127
[ 2022-08-31 06:54:34,020][train_tran.train_nn_models] [Validation] Epoch=213, nll=1194.7639, acc=0.2103
[ 2022-08-31 06:54:34,020][train_tran.train_nn_models] Found a better model at epoch 213.
[ 2022-08-31 06:54:35,807][train_tran.train_nn_models] [Training] Epoch=214, loss=1206.2407, nll=1206.2407, l2_reg=0.0000, acc=0.2131
[ 2022-08-31 06:54:35,808][train_tran.train_nn_models] [Validation] Epoch=214, nll=1194.6493, acc=0.2105
[ 2022-08-31 06:54:35,808][train_tran.train_nn_models] Found a better model at epoch 214.
[ 2022-08-31 06:54:37,732][train_tran.train_nn_models] [Training] Epoch=215, loss=1206.0979, nll=1206.0979, l2_reg=0.0000, acc=0.2137
[ 2022-08-31 06:54:37,733][train_tran.train_nn_models] [Validation] Epoch=215, nll=1194.5342, acc=0.2115
[ 2022-08-31 06:54:37,733][train_tran.train_nn_models] Found a better model at epoch 215.
[ 2022-08-31 06:54:39,645][train_tran.train_nn_models] [Training] Epoch=216, loss=1205.9606, nll=1205.9606, l2_reg=0.0000, acc=0.2142
[ 2022-08-31 06:54:39,646][train_tran.train_nn_models] [Validation] Epoch=216, nll=1194.4213, acc=0.2124
[ 2022-08-31 06:54:39,646][train_tran.train_nn_models] Found a better model at epoch 216.
[ 2022-08-31 06:54:41,614][train_tran.train_nn_models] [Training] Epoch=217, loss=1205.8158, nll=1205.8158, l2_reg=0.0000, acc=0.2145
[ 2022-08-31 06:54:41,615][train_tran.train_nn_models] [Validation] Epoch=217, nll=1194.3130, acc=0.2126
[ 2022-08-31 06:54:41,615][train_tran.train_nn_models] Found a better model at epoch 217.
[ 2022-08-31 06:54:43,699][train_tran.train_nn_models] [Training] Epoch=218, loss=1205.6874, nll=1205.6874, l2_reg=0.0000, acc=0.2144
[ 2022-08-31 06:54:43,700][train_tran.train_nn_models] [Validation] Epoch=218, nll=1194.1902, acc=0.2143
[ 2022-08-31 06:54:43,700][train_tran.train_nn_models] Found a better model at epoch 218.
[ 2022-08-31 06:54:45,845][train_tran.train_nn_models] [Training] Epoch=219, loss=1205.5422, nll=1205.5422, l2_reg=0.0000, acc=0.2151
[ 2022-08-31 06:54:45,846][train_tran.train_nn_models] [Validation] Epoch=219, nll=1194.0760, acc=0.2155
[ 2022-08-31 06:54:45,846][train_tran.train_nn_models] Found a better model at epoch 219.
[ 2022-08-31 06:54:47,845][train_tran.train_nn_models] [Training] Epoch=220, loss=1205.3956, nll=1205.3956, l2_reg=0.0000, acc=0.2158
[ 2022-08-31 06:54:47,845][train_tran.train_nn_models] [Validation] Epoch=220, nll=1193.9675, acc=0.2167
[ 2022-08-31 06:54:47,845][train_tran.train_nn_models] Found a better model at epoch 220.
[ 2022-08-31 06:54:49,982][train_tran.train_nn_models] [Training] Epoch=221, loss=1205.2583, nll=1205.2583, l2_reg=0.0000, acc=0.2162
[ 2022-08-31 06:54:49,983][train_tran.train_nn_models] [Validation] Epoch=221, nll=1193.8470, acc=0.2175
[ 2022-08-31 06:54:49,983][train_tran.train_nn_models] Found a better model at epoch 221.
[ 2022-08-31 06:54:51,946][train_tran.train_nn_models] [Training] Epoch=222, loss=1205.1171, nll=1205.1171, l2_reg=0.0000, acc=0.2170
[ 2022-08-31 06:54:51,947][train_tran.train_nn_models] [Validation] Epoch=222, nll=1193.7324, acc=0.2181
[ 2022-08-31 06:54:51,947][train_tran.train_nn_models] Found a better model at epoch 222.
[ 2022-08-31 06:54:53,942][train_tran.train_nn_models] [Training] Epoch=223, loss=1204.9755, nll=1204.9755, l2_reg=0.0000, acc=0.2175
[ 2022-08-31 06:54:53,942][train_tran.train_nn_models] [Validation] Epoch=223, nll=1193.6125, acc=0.2192
[ 2022-08-31 06:54:53,943][train_tran.train_nn_models] Found a better model at epoch 223.
[ 2022-08-31 06:54:55,986][train_tran.train_nn_models] [Training] Epoch=224, loss=1204.8314, nll=1204.8314, l2_reg=0.0000, acc=0.2182
[ 2022-08-31 06:54:55,987][train_tran.train_nn_models] [Validation] Epoch=224, nll=1193.4895, acc=0.2202
[ 2022-08-31 06:54:55,987][train_tran.train_nn_models] Found a better model at epoch 224.
[ 2022-08-31 06:54:57,828][train_tran.train_nn_models] [Training] Epoch=225, loss=1204.6854, nll=1204.6854, l2_reg=0.0000, acc=0.2186
[ 2022-08-31 06:54:57,828][train_tran.train_nn_models] [Validation] Epoch=225, nll=1193.3602, acc=0.2212
[ 2022-08-31 06:54:57,829][train_tran.train_nn_models] Found a better model at epoch 225.
[ 2022-08-31 06:54:59,780][train_tran.train_nn_models] [Training] Epoch=226, loss=1204.5306, nll=1204.5306, l2_reg=0.0000, acc=0.2195
[ 2022-08-31 06:54:59,780][train_tran.train_nn_models] [Validation] Epoch=226, nll=1193.2355, acc=0.2215
[ 2022-08-31 06:54:59,781][train_tran.train_nn_models] Found a better model at epoch 226.
[ 2022-08-31 06:55:01,723][train_tran.train_nn_models] [Training] Epoch=227, loss=1204.3761, nll=1204.3761, l2_reg=0.0000, acc=0.2203
[ 2022-08-31 06:55:01,724][train_tran.train_nn_models] [Validation] Epoch=227, nll=1193.1052, acc=0.2231
[ 2022-08-31 06:55:01,724][train_tran.train_nn_models] Found a better model at epoch 227.
[ 2022-08-31 06:55:03,709][train_tran.train_nn_models] [Training] Epoch=228, loss=1204.2134, nll=1204.2134, l2_reg=0.0000, acc=0.2210
[ 2022-08-31 06:55:03,709][train_tran.train_nn_models] [Validation] Epoch=228, nll=1192.9745, acc=0.2246
[ 2022-08-31 06:55:03,710][train_tran.train_nn_models] Found a better model at epoch 228.
[ 2022-08-31 06:55:05,611][train_tran.train_nn_models] [Training] Epoch=229, loss=1204.0555, nll=1204.0555, l2_reg=0.0000, acc=0.2215
[ 2022-08-31 06:55:05,612][train_tran.train_nn_models] [Validation] Epoch=229, nll=1192.8486, acc=0.2251
[ 2022-08-31 06:55:05,612][train_tran.train_nn_models] Found a better model at epoch 229.
[ 2022-08-31 06:55:07,399][train_tran.train_nn_models] [Training] Epoch=230, loss=1203.8931, nll=1203.8931, l2_reg=0.0000, acc=0.2221
[ 2022-08-31 06:55:07,400][train_tran.train_nn_models] [Validation] Epoch=230, nll=1192.7164, acc=0.2250
[ 2022-08-31 06:55:07,400][train_tran.train_nn_models] Found a better model at epoch 230.
[ 2022-08-31 06:55:09,208][train_tran.train_nn_models] [Training] Epoch=231, loss=1203.7273, nll=1203.7273, l2_reg=0.0000, acc=0.2228
[ 2022-08-31 06:55:09,209][train_tran.train_nn_models] [Validation] Epoch=231, nll=1192.5782, acc=0.2259
[ 2022-08-31 06:55:09,209][train_tran.train_nn_models] Found a better model at epoch 231.
[ 2022-08-31 06:55:10,953][train_tran.train_nn_models] [Training] Epoch=232, loss=1203.5587, nll=1203.5587, l2_reg=0.0000, acc=0.2236
[ 2022-08-31 06:55:10,954][train_tran.train_nn_models] [Validation] Epoch=232, nll=1192.4391, acc=0.2256
[ 2022-08-31 06:55:10,954][train_tran.train_nn_models] Found a better model at epoch 232.
[ 2022-08-31 06:55:12,825][train_tran.train_nn_models] [Training] Epoch=233, loss=1203.3882, nll=1203.3882, l2_reg=0.0000, acc=0.2239
[ 2022-08-31 06:55:12,825][train_tran.train_nn_models] [Validation] Epoch=233, nll=1192.3030, acc=0.2253
[ 2022-08-31 06:55:12,825][train_tran.train_nn_models] Found a better model at epoch 233.
[ 2022-08-31 06:55:14,697][train_tran.train_nn_models] [Training] Epoch=234, loss=1203.2203, nll=1203.2203, l2_reg=0.0000, acc=0.2249
[ 2022-08-31 06:55:14,698][train_tran.train_nn_models] [Validation] Epoch=234, nll=1192.1660, acc=0.2251
[ 2022-08-31 06:55:14,698][train_tran.train_nn_models] Found a better model at epoch 234.
[ 2022-08-31 06:55:16,558][train_tran.train_nn_models] [Training] Epoch=235, loss=1203.0470, nll=1203.0470, l2_reg=0.0000, acc=0.2256
[ 2022-08-31 06:55:16,559][train_tran.train_nn_models] [Validation] Epoch=235, nll=1192.0261, acc=0.2250
[ 2022-08-31 06:55:16,559][train_tran.train_nn_models] Found a better model at epoch 235.
[ 2022-08-31 06:55:18,442][train_tran.train_nn_models] [Training] Epoch=236, loss=1202.8728, nll=1202.8728, l2_reg=0.0000, acc=0.2263
[ 2022-08-31 06:55:18,442][train_tran.train_nn_models] [Validation] Epoch=236, nll=1191.8851, acc=0.2253
[ 2022-08-31 06:55:18,442][train_tran.train_nn_models] Found a better model at epoch 236.
[ 2022-08-31 06:55:20,126][train_tran.train_nn_models] [Training] Epoch=237, loss=1202.6976, nll=1202.6976, l2_reg=0.0000, acc=0.2270
[ 2022-08-31 06:55:20,126][train_tran.train_nn_models] [Validation] Epoch=237, nll=1191.7489, acc=0.2259
[ 2022-08-31 06:55:20,127][train_tran.train_nn_models] Found a better model at epoch 237.
[ 2022-08-31 06:55:21,817][train_tran.train_nn_models] [Training] Epoch=238, loss=1202.5344, nll=1202.5344, l2_reg=0.0000, acc=0.2278
[ 2022-08-31 06:55:21,817][train_tran.train_nn_models] [Validation] Epoch=238, nll=1191.6206, acc=0.2253
[ 2022-08-31 06:55:21,818][train_tran.train_nn_models] Found a better model at epoch 238.
[ 2022-08-31 06:55:23,755][train_tran.train_nn_models] [Training] Epoch=239, loss=1202.3700, nll=1202.3700, l2_reg=0.0000, acc=0.2287
[ 2022-08-31 06:55:23,755][train_tran.train_nn_models] [Validation] Epoch=239, nll=1191.4955, acc=0.2262
[ 2022-08-31 06:55:23,756][train_tran.train_nn_models] Found a better model at epoch 239.
[ 2022-08-31 06:55:25,704][train_tran.train_nn_models] [Training] Epoch=240, loss=1202.2148, nll=1202.2148, l2_reg=0.0000, acc=0.2291
[ 2022-08-31 06:55:25,705][train_tran.train_nn_models] [Validation] Epoch=240, nll=1191.3751, acc=0.2264
[ 2022-08-31 06:55:25,705][train_tran.train_nn_models] Found a better model at epoch 240.
[ 2022-08-31 06:55:27,699][train_tran.train_nn_models] [Training] Epoch=241, loss=1202.0626, nll=1202.0626, l2_reg=0.0000, acc=0.2296
[ 2022-08-31 06:55:27,700][train_tran.train_nn_models] [Validation] Epoch=241, nll=1191.2625, acc=0.2266
[ 2022-08-31 06:55:27,700][train_tran.train_nn_models] Found a better model at epoch 241.
[ 2022-08-31 06:55:29,583][train_tran.train_nn_models] [Training] Epoch=242, loss=1201.9191, nll=1201.9191, l2_reg=0.0000, acc=0.2299
[ 2022-08-31 06:55:29,583][train_tran.train_nn_models] [Validation] Epoch=242, nll=1191.1562, acc=0.2269
[ 2022-08-31 06:55:29,584][train_tran.train_nn_models] Found a better model at epoch 242.
[ 2022-08-31 06:55:31,543][train_tran.train_nn_models] [Training] Epoch=243, loss=1201.7800, nll=1201.7800, l2_reg=0.0000, acc=0.2302
[ 2022-08-31 06:55:31,544][train_tran.train_nn_models] [Validation] Epoch=243, nll=1191.0548, acc=0.2281
[ 2022-08-31 06:55:31,545][train_tran.train_nn_models] Found a better model at epoch 243.
[ 2022-08-31 06:55:33,641][train_tran.train_nn_models] [Training] Epoch=244, loss=1201.6553, nll=1201.6553, l2_reg=0.0000, acc=0.2307
[ 2022-08-31 06:55:33,641][train_tran.train_nn_models] [Validation] Epoch=244, nll=1190.9589, acc=0.2300
[ 2022-08-31 06:55:33,641][train_tran.train_nn_models] Found a better model at epoch 244.
[ 2022-08-31 06:55:35,610][train_tran.train_nn_models] [Training] Epoch=245, loss=1201.5385, nll=1201.5385, l2_reg=0.0000, acc=0.2307
[ 2022-08-31 06:55:35,610][train_tran.train_nn_models] [Validation] Epoch=245, nll=1190.8652, acc=0.2308
[ 2022-08-31 06:55:35,610][train_tran.train_nn_models] Found a better model at epoch 245.
[ 2022-08-31 06:55:37,381][train_tran.train_nn_models] [Training] Epoch=246, loss=1201.4213, nll=1201.4213, l2_reg=0.0000, acc=0.2311
[ 2022-08-31 06:55:37,382][train_tran.train_nn_models] [Validation] Epoch=246, nll=1190.7695, acc=0.2309
[ 2022-08-31 06:55:37,382][train_tran.train_nn_models] Found a better model at epoch 246.
[ 2022-08-31 06:55:39,592][train_tran.train_nn_models] [Training] Epoch=247, loss=1201.3099, nll=1201.3099, l2_reg=0.0000, acc=0.2313
[ 2022-08-31 06:55:39,592][train_tran.train_nn_models] [Validation] Epoch=247, nll=1190.6880, acc=0.2310
[ 2022-08-31 06:55:39,593][train_tran.train_nn_models] Found a better model at epoch 247.
[ 2022-08-31 06:55:41,644][train_tran.train_nn_models] [Training] Epoch=248, loss=1201.2074, nll=1201.2074, l2_reg=0.0000, acc=0.2317
[ 2022-08-31 06:55:41,645][train_tran.train_nn_models] [Validation] Epoch=248, nll=1190.6083, acc=0.2313
[ 2022-08-31 06:55:41,645][train_tran.train_nn_models] Found a better model at epoch 248.
[ 2022-08-31 06:55:43,640][train_tran.train_nn_models] [Training] Epoch=249, loss=1201.1144, nll=1201.1144, l2_reg=0.0000, acc=0.2319
[ 2022-08-31 06:55:43,640][train_tran.train_nn_models] [Validation] Epoch=249, nll=1190.5320, acc=0.2316
[ 2022-08-31 06:55:43,640][train_tran.train_nn_models] Found a better model at epoch 249.
[ 2022-08-31 06:55:43,893][train_tran.eval_nll] [Test]nll=1196.2004, acc=0.2315
[ 2022-08-31 07:07:03,425][train_tran.<module>]                    timestamp  ...                                             config
0 2022-08-31 07:07:03.401176  ...  {'model': 'Tran', 'dataset': 'pgem-1K-15', 'in...
1 2022-08-31 07:07:03.401176  ...  {'model': 'Tran', 'dataset': 'pgem-1K-15', 'in...
2 2022-08-31 07:07:03.401176  ...  {'model': 'Tran', 'dataset': 'pgem-1K-15', 'in...
3 2022-08-31 07:07:03.401176  ...  {'model': 'Tran', 'dataset': 'pgem-1K-15', 'in...
4 2022-08-31 07:07:03.401176  ...  {'model': 'Tran', 'dataset': 'pgem-1K-15', 'in...
5 2022-08-31 07:07:03.401176  ...  {'model': 'Tran', 'dataset': 'pgem-1K-15', 'in...

[6 rows x 7 columns]
