[ 2022-08-31 06:30:34,520][train_tran.<module>] Namespace(attr_batch_size=0, basis_type='dyadic', batch_size=64, bucket_seqs=False, cuda=True, dataset='pgem-1K-15', dropout=0.0, embedding_dim=64, epochs=250, hidden_size=64, input_dir='data/input', l2_reg=0, lr=0.0008, max_mean=20.0, model='Tran', n_bases=7, num_workers=0, occurred_type_only=False, optimizer='Adam', output_dir='data/output', rand_seed=1, skip_eval_infectivity=False, skip_pred_next_event=False, split_id=2, steps=50, tran_head=1, tran_layer=1, tune_metric='nll', verbose=False)
[ 2022-08-31 06:30:35,964][train_tran.train_nn_models] [Training] Epoch=0, loss=25881.5664, nll=25881.5664, l2_reg=0.0000, acc=0.0534
[ 2022-08-31 06:30:35,965][train_tran.train_nn_models] [Validation] Epoch=0, nll=16619.1035, acc=0.0382
[ 2022-08-31 06:30:37,093][train_tran.train_nn_models] [Training] Epoch=1, loss=10106.6055, nll=10106.6055, l2_reg=0.0000, acc=0.0285
[ 2022-08-31 06:30:37,094][train_tran.train_nn_models] [Validation] Epoch=1, nll=3552.6560, acc=0.0206
[ 2022-08-31 06:30:38,428][train_tran.train_nn_models] [Training] Epoch=2, loss=2164.6826, nll=2164.6826, l2_reg=0.0000, acc=0.0197
[ 2022-08-31 06:30:38,428][train_tran.train_nn_models] [Validation] Epoch=2, nll=1456.2642, acc=0.0200
[ 2022-08-31 06:30:39,723][train_tran.train_nn_models] [Training] Epoch=3, loss=1425.5850, nll=1425.5850, l2_reg=0.0000, acc=0.0764
[ 2022-08-31 06:30:39,723][train_tran.train_nn_models] [Validation] Epoch=3, nll=1386.2156, acc=0.1610
[ 2022-08-31 06:30:40,965][train_tran.train_nn_models] [Training] Epoch=4, loss=1332.4752, nll=1332.4752, l2_reg=0.0000, acc=0.1739
[ 2022-08-31 06:30:40,966][train_tran.train_nn_models] [Validation] Epoch=4, nll=1278.6283, acc=0.1824
[ 2022-08-31 06:30:42,401][train_tran.train_nn_models] [Training] Epoch=5, loss=1261.5065, nll=1261.5065, l2_reg=0.0000, acc=0.1854
[ 2022-08-31 06:30:42,401][train_tran.train_nn_models] [Validation] Epoch=5, nll=1247.7455, acc=0.1869
[ 2022-08-31 06:30:43,957][train_tran.train_nn_models] [Training] Epoch=6, loss=1240.9064, nll=1240.9064, l2_reg=0.0000, acc=0.1848
[ 2022-08-31 06:30:43,957][train_tran.train_nn_models] [Validation] Epoch=6, nll=1240.6488, acc=0.1816
[ 2022-08-31 06:30:45,501][train_tran.train_nn_models] [Training] Epoch=7, loss=1235.0837, nll=1235.0837, l2_reg=0.0000, acc=0.1853
[ 2022-08-31 06:30:45,502][train_tran.train_nn_models] [Validation] Epoch=7, nll=1235.9561, acc=0.1856
[ 2022-08-31 06:30:47,053][train_tran.train_nn_models] [Training] Epoch=8, loss=1231.7355, nll=1231.7355, l2_reg=0.0000, acc=0.1872
[ 2022-08-31 06:30:47,053][train_tran.train_nn_models] [Validation] Epoch=8, nll=1233.4252, acc=0.1882
[ 2022-08-31 06:30:48,628][train_tran.train_nn_models] [Training] Epoch=9, loss=1229.9812, nll=1229.9812, l2_reg=0.0000, acc=0.1866
[ 2022-08-31 06:30:48,628][train_tran.train_nn_models] [Validation] Epoch=9, nll=1231.9691, acc=0.1858
[ 2022-08-31 06:30:49,957][train_tran.train_nn_models] [Training] Epoch=10, loss=1228.6825, nll=1228.6825, l2_reg=0.0000, acc=0.1878
[ 2022-08-31 06:30:49,957][train_tran.train_nn_models] [Validation] Epoch=10, nll=1231.0961, acc=0.1848
[ 2022-08-31 06:30:51,200][train_tran.train_nn_models] [Training] Epoch=11, loss=1227.7841, nll=1227.7841, l2_reg=0.0000, acc=0.1877
[ 2022-08-31 06:30:51,201][train_tran.train_nn_models] [Validation] Epoch=11, nll=1230.2825, acc=0.1851
[ 2022-08-31 06:30:52,443][train_tran.train_nn_models] [Training] Epoch=12, loss=1227.0674, nll=1227.0674, l2_reg=0.0000, acc=0.1879
[ 2022-08-31 06:30:52,444][train_tran.train_nn_models] [Validation] Epoch=12, nll=1229.6147, acc=0.1840
[ 2022-08-31 06:30:53,684][train_tran.train_nn_models] [Training] Epoch=13, loss=1226.4900, nll=1226.4900, l2_reg=0.0000, acc=0.1872
[ 2022-08-31 06:30:53,684][train_tran.train_nn_models] [Validation] Epoch=13, nll=1229.0818, acc=0.1836
[ 2022-08-31 06:30:54,966][train_tran.train_nn_models] [Training] Epoch=14, loss=1225.9991, nll=1225.9991, l2_reg=0.0000, acc=0.1871
[ 2022-08-31 06:30:54,966][train_tran.train_nn_models] [Validation] Epoch=14, nll=1228.6229, acc=0.1842
[ 2022-08-31 06:30:56,203][train_tran.train_nn_models] [Training] Epoch=15, loss=1225.5717, nll=1225.5717, l2_reg=0.0000, acc=0.1873
[ 2022-08-31 06:30:56,204][train_tran.train_nn_models] [Validation] Epoch=15, nll=1228.2159, acc=0.1847
[ 2022-08-31 06:30:57,402][train_tran.train_nn_models] [Training] Epoch=16, loss=1225.1971, nll=1225.1971, l2_reg=0.0000, acc=0.1872
[ 2022-08-31 06:30:57,402][train_tran.train_nn_models] [Validation] Epoch=16, nll=1227.8539, acc=0.1841
[ 2022-08-31 06:30:58,666][train_tran.train_nn_models] [Training] Epoch=17, loss=1224.8645, nll=1224.8645, l2_reg=0.0000, acc=0.1873
[ 2022-08-31 06:30:58,666][train_tran.train_nn_models] [Validation] Epoch=17, nll=1227.5320, acc=0.1844
[ 2022-08-31 06:30:59,882][train_tran.train_nn_models] [Training] Epoch=18, loss=1224.5651, nll=1224.5651, l2_reg=0.0000, acc=0.1872
[ 2022-08-31 06:30:59,883][train_tran.train_nn_models] [Validation] Epoch=18, nll=1227.2445, acc=0.1842
[ 2022-08-31 06:31:01,169][train_tran.train_nn_models] [Training] Epoch=19, loss=1224.2938, nll=1224.2938, l2_reg=0.0000, acc=0.1871
[ 2022-08-31 06:31:01,170][train_tran.train_nn_models] [Validation] Epoch=19, nll=1226.9877, acc=0.1856
[ 2022-08-31 06:31:02,463][train_tran.train_nn_models] [Training] Epoch=20, loss=1224.0442, nll=1224.0442, l2_reg=0.0000, acc=0.1871
[ 2022-08-31 06:31:02,463][train_tran.train_nn_models] [Validation] Epoch=20, nll=1226.7567, acc=0.1862
[ 2022-08-31 06:31:03,727][train_tran.train_nn_models] [Training] Epoch=21, loss=1223.8080, nll=1223.8080, l2_reg=0.0000, acc=0.1874
[ 2022-08-31 06:31:03,728][train_tran.train_nn_models] [Validation] Epoch=21, nll=1226.5436, acc=0.1859
[ 2022-08-31 06:31:05,000][train_tran.train_nn_models] [Training] Epoch=22, loss=1223.5812, nll=1223.5812, l2_reg=0.0000, acc=0.1876
[ 2022-08-31 06:31:05,000][train_tran.train_nn_models] [Validation] Epoch=22, nll=1226.3420, acc=0.1854
[ 2022-08-31 06:31:06,235][train_tran.train_nn_models] [Training] Epoch=23, loss=1223.3630, nll=1223.3630, l2_reg=0.0000, acc=0.1876
[ 2022-08-31 06:31:06,236][train_tran.train_nn_models] [Validation] Epoch=23, nll=1226.1510, acc=0.1847
[ 2022-08-31 06:31:07,501][train_tran.train_nn_models] [Training] Epoch=24, loss=1223.1558, nll=1223.1558, l2_reg=0.0000, acc=0.1878
[ 2022-08-31 06:31:07,502][train_tran.train_nn_models] [Validation] Epoch=24, nll=1225.9720, acc=0.1846
[ 2022-08-31 06:31:08,773][train_tran.train_nn_models] [Training] Epoch=25, loss=1222.9628, nll=1222.9628, l2_reg=0.0000, acc=0.1878
[ 2022-08-31 06:31:08,773][train_tran.train_nn_models] [Validation] Epoch=25, nll=1225.8080, acc=0.1836
[ 2022-08-31 06:31:10,007][train_tran.train_nn_models] [Training] Epoch=26, loss=1222.7875, nll=1222.7875, l2_reg=0.0000, acc=0.1880
[ 2022-08-31 06:31:10,007][train_tran.train_nn_models] [Validation] Epoch=26, nll=1225.6608, acc=0.1843
[ 2022-08-31 06:31:11,286][train_tran.train_nn_models] [Training] Epoch=27, loss=1222.6326, nll=1222.6326, l2_reg=0.0000, acc=0.1883
[ 2022-08-31 06:31:11,286][train_tran.train_nn_models] [Validation] Epoch=27, nll=1225.5327, acc=0.1852
[ 2022-08-31 06:31:12,545][train_tran.train_nn_models] [Training] Epoch=28, loss=1222.4973, nll=1222.4973, l2_reg=0.0000, acc=0.1882
[ 2022-08-31 06:31:12,545][train_tran.train_nn_models] [Validation] Epoch=28, nll=1225.4220, acc=0.1844
[ 2022-08-31 06:31:13,807][train_tran.train_nn_models] [Training] Epoch=29, loss=1222.3798, nll=1222.3798, l2_reg=0.0000, acc=0.1882
[ 2022-08-31 06:31:13,808][train_tran.train_nn_models] [Validation] Epoch=29, nll=1225.3262, acc=0.1845
[ 2022-08-31 06:31:15,067][train_tran.train_nn_models] [Training] Epoch=30, loss=1222.2765, nll=1222.2765, l2_reg=0.0000, acc=0.1881
[ 2022-08-31 06:31:15,068][train_tran.train_nn_models] [Validation] Epoch=30, nll=1225.2423, acc=0.1847
[ 2022-08-31 06:31:16,323][train_tran.train_nn_models] [Training] Epoch=31, loss=1222.1854, nll=1222.1854, l2_reg=0.0000, acc=0.1882
[ 2022-08-31 06:31:16,323][train_tran.train_nn_models] [Validation] Epoch=31, nll=1225.1678, acc=0.1841
[ 2022-08-31 06:31:17,562][train_tran.train_nn_models] [Training] Epoch=32, loss=1222.1049, nll=1222.1049, l2_reg=0.0000, acc=0.1881
[ 2022-08-31 06:31:17,563][train_tran.train_nn_models] [Validation] Epoch=32, nll=1225.1014, acc=0.1847
[ 2022-08-31 06:31:18,898][train_tran.train_nn_models] [Training] Epoch=33, loss=1222.0334, nll=1222.0334, l2_reg=0.0000, acc=0.1878
[ 2022-08-31 06:31:18,898][train_tran.train_nn_models] [Validation] Epoch=33, nll=1225.0420, acc=0.1851
[ 2022-08-31 06:31:20,141][train_tran.train_nn_models] [Training] Epoch=34, loss=1221.9691, nll=1221.9691, l2_reg=0.0000, acc=0.1879
[ 2022-08-31 06:31:20,142][train_tran.train_nn_models] [Validation] Epoch=34, nll=1224.9880, acc=0.1857
[ 2022-08-31 06:31:21,406][train_tran.train_nn_models] [Training] Epoch=35, loss=1221.9099, nll=1221.9099, l2_reg=0.0000, acc=0.1882
[ 2022-08-31 06:31:21,407][train_tran.train_nn_models] [Validation] Epoch=35, nll=1224.9374, acc=0.1858
[ 2022-08-31 06:31:22,669][train_tran.train_nn_models] [Training] Epoch=36, loss=1221.8541, nll=1221.8541, l2_reg=0.0000, acc=0.1880
[ 2022-08-31 06:31:22,669][train_tran.train_nn_models] [Validation] Epoch=36, nll=1224.8894, acc=0.1859
[ 2022-08-31 06:31:23,971][train_tran.train_nn_models] [Training] Epoch=37, loss=1221.8008, nll=1221.8008, l2_reg=0.0000, acc=0.1882
[ 2022-08-31 06:31:23,971][train_tran.train_nn_models] [Validation] Epoch=37, nll=1224.8425, acc=0.1857
[ 2022-08-31 06:31:25,213][train_tran.train_nn_models] [Training] Epoch=38, loss=1221.7455, nll=1221.7455, l2_reg=0.0000, acc=0.1881
[ 2022-08-31 06:31:25,213][train_tran.train_nn_models] [Validation] Epoch=38, nll=1224.7892, acc=0.1860
[ 2022-08-31 06:31:26,489][train_tran.train_nn_models] [Training] Epoch=39, loss=1221.6892, nll=1221.6892, l2_reg=0.0000, acc=0.1877
[ 2022-08-31 06:31:26,489][train_tran.train_nn_models] [Validation] Epoch=39, nll=1224.7482, acc=0.1862
[ 2022-08-31 06:31:27,702][train_tran.train_nn_models] [Training] Epoch=40, loss=1221.6400, nll=1221.6400, l2_reg=0.0000, acc=0.1881
[ 2022-08-31 06:31:27,703][train_tran.train_nn_models] [Validation] Epoch=40, nll=1224.7064, acc=0.1858
[ 2022-08-31 06:31:29,001][train_tran.train_nn_models] [Training] Epoch=41, loss=1221.5923, nll=1221.5923, l2_reg=0.0000, acc=0.1884
[ 2022-08-31 06:31:29,001][train_tran.train_nn_models] [Validation] Epoch=41, nll=1224.6625, acc=0.1860
[ 2022-08-31 06:31:30,191][train_tran.train_nn_models] [Training] Epoch=42, loss=1221.5465, nll=1221.5465, l2_reg=0.0000, acc=0.1884
[ 2022-08-31 06:31:30,191][train_tran.train_nn_models] [Validation] Epoch=42, nll=1224.6246, acc=0.1862
[ 2022-08-31 06:31:31,482][train_tran.train_nn_models] [Training] Epoch=43, loss=1221.5011, nll=1221.5011, l2_reg=0.0000, acc=0.1883
[ 2022-08-31 06:31:31,482][train_tran.train_nn_models] [Validation] Epoch=43, nll=1224.5848, acc=0.1858
[ 2022-08-31 06:31:32,735][train_tran.train_nn_models] [Training] Epoch=44, loss=1221.4563, nll=1221.4563, l2_reg=0.0000, acc=0.1883
[ 2022-08-31 06:31:32,735][train_tran.train_nn_models] [Validation] Epoch=44, nll=1224.5461, acc=0.1866
[ 2022-08-31 06:31:33,972][train_tran.train_nn_models] [Training] Epoch=45, loss=1221.4121, nll=1221.4121, l2_reg=0.0000, acc=0.1882
[ 2022-08-31 06:31:33,973][train_tran.train_nn_models] [Validation] Epoch=45, nll=1224.5074, acc=0.1869
[ 2022-08-31 06:31:35,190][train_tran.train_nn_models] [Training] Epoch=46, loss=1221.3682, nll=1221.3682, l2_reg=0.0000, acc=0.1883
[ 2022-08-31 06:31:35,190][train_tran.train_nn_models] [Validation] Epoch=46, nll=1224.4688, acc=0.1875
[ 2022-08-31 06:31:36,431][train_tran.train_nn_models] [Training] Epoch=47, loss=1221.3246, nll=1221.3246, l2_reg=0.0000, acc=0.1881
[ 2022-08-31 06:31:36,432][train_tran.train_nn_models] [Validation] Epoch=47, nll=1224.4308, acc=0.1871
[ 2022-08-31 06:31:37,661][train_tran.train_nn_models] [Training] Epoch=48, loss=1221.2810, nll=1221.2810, l2_reg=0.0000, acc=0.1884
[ 2022-08-31 06:31:37,661][train_tran.train_nn_models] [Validation] Epoch=48, nll=1224.3926, acc=0.1872
[ 2022-08-31 06:31:38,933][train_tran.train_nn_models] [Training] Epoch=49, loss=1221.2375, nll=1221.2375, l2_reg=0.0000, acc=0.1887
[ 2022-08-31 06:31:38,933][train_tran.train_nn_models] [Validation] Epoch=49, nll=1224.3550, acc=0.1868
[ 2022-08-31 06:31:40,458][train_tran.train_nn_models] [Training] Epoch=50, loss=1221.1941, nll=1221.1941, l2_reg=0.0000, acc=0.1887
[ 2022-08-31 06:31:40,458][train_tran.train_nn_models] [Validation] Epoch=50, nll=1224.3168, acc=0.1868
[ 2022-08-31 06:31:42,001][train_tran.train_nn_models] [Training] Epoch=51, loss=1221.1506, nll=1221.1506, l2_reg=0.0000, acc=0.1888
[ 2022-08-31 06:31:42,001][train_tran.train_nn_models] [Validation] Epoch=51, nll=1224.2787, acc=0.1866
[ 2022-08-31 06:31:43,470][train_tran.train_nn_models] [Training] Epoch=52, loss=1221.1069, nll=1221.1069, l2_reg=0.0000, acc=0.1887
[ 2022-08-31 06:31:43,471][train_tran.train_nn_models] [Validation] Epoch=52, nll=1224.2404, acc=0.1865
[ 2022-08-31 06:31:44,708][train_tran.train_nn_models] [Training] Epoch=53, loss=1221.0634, nll=1221.0634, l2_reg=0.0000, acc=0.1887
[ 2022-08-31 06:31:44,708][train_tran.train_nn_models] [Validation] Epoch=53, nll=1224.2020, acc=0.1867
[ 2022-08-31 06:31:45,926][train_tran.train_nn_models] [Training] Epoch=54, loss=1221.0195, nll=1221.0195, l2_reg=0.0000, acc=0.1887
[ 2022-08-31 06:31:45,926][train_tran.train_nn_models] [Validation] Epoch=54, nll=1224.1638, acc=0.1866
[ 2022-08-31 06:31:47,156][train_tran.train_nn_models] [Training] Epoch=55, loss=1220.9751, nll=1220.9751, l2_reg=0.0000, acc=0.1888
[ 2022-08-31 06:31:47,157][train_tran.train_nn_models] [Validation] Epoch=55, nll=1224.1249, acc=0.1871
[ 2022-08-31 06:31:48,380][train_tran.train_nn_models] [Training] Epoch=56, loss=1220.9309, nll=1220.9309, l2_reg=0.0000, acc=0.1888
[ 2022-08-31 06:31:48,381][train_tran.train_nn_models] [Validation] Epoch=56, nll=1224.0854, acc=0.1870
[ 2022-08-31 06:31:49,655][train_tran.train_nn_models] [Training] Epoch=57, loss=1220.8860, nll=1220.8860, l2_reg=0.0000, acc=0.1889
[ 2022-08-31 06:31:49,656][train_tran.train_nn_models] [Validation] Epoch=57, nll=1224.0464, acc=0.1870
[ 2022-08-31 06:31:50,923][train_tran.train_nn_models] [Training] Epoch=58, loss=1220.8409, nll=1220.8409, l2_reg=0.0000, acc=0.1889
[ 2022-08-31 06:31:50,924][train_tran.train_nn_models] [Validation] Epoch=58, nll=1224.0067, acc=0.1870
[ 2022-08-31 06:31:52,199][train_tran.train_nn_models] [Training] Epoch=59, loss=1220.7954, nll=1220.7954, l2_reg=0.0000, acc=0.1890
[ 2022-08-31 06:31:52,199][train_tran.train_nn_models] [Validation] Epoch=59, nll=1223.9669, acc=0.1865
[ 2022-08-31 06:31:53,445][train_tran.train_nn_models] [Training] Epoch=60, loss=1220.7499, nll=1220.7499, l2_reg=0.0000, acc=0.1891
[ 2022-08-31 06:31:53,446][train_tran.train_nn_models] [Validation] Epoch=60, nll=1223.9266, acc=0.1868
[ 2022-08-31 06:31:54,667][train_tran.train_nn_models] [Training] Epoch=61, loss=1220.7039, nll=1220.7039, l2_reg=0.0000, acc=0.1891
[ 2022-08-31 06:31:54,667][train_tran.train_nn_models] [Validation] Epoch=61, nll=1223.8860, acc=0.1872
[ 2022-08-31 06:31:55,915][train_tran.train_nn_models] [Training] Epoch=62, loss=1220.6577, nll=1220.6577, l2_reg=0.0000, acc=0.1891
[ 2022-08-31 06:31:55,916][train_tran.train_nn_models] [Validation] Epoch=62, nll=1223.8451, acc=0.1866
[ 2022-08-31 06:31:57,180][train_tran.train_nn_models] [Training] Epoch=63, loss=1220.6111, nll=1220.6111, l2_reg=0.0000, acc=0.1891
[ 2022-08-31 06:31:57,180][train_tran.train_nn_models] [Validation] Epoch=63, nll=1223.8040, acc=0.1860
[ 2022-08-31 06:31:58,366][train_tran.train_nn_models] [Training] Epoch=64, loss=1220.5646, nll=1220.5646, l2_reg=0.0000, acc=0.1889
[ 2022-08-31 06:31:58,366][train_tran.train_nn_models] [Validation] Epoch=64, nll=1223.7625, acc=0.1857
[ 2022-08-31 06:31:59,722][train_tran.train_nn_models] [Training] Epoch=65, loss=1220.5177, nll=1220.5177, l2_reg=0.0000, acc=0.1892
[ 2022-08-31 06:31:59,722][train_tran.train_nn_models] [Validation] Epoch=65, nll=1223.7211, acc=0.1852
[ 2022-08-31 06:32:00,972][train_tran.train_nn_models] [Training] Epoch=66, loss=1220.4713, nll=1220.4713, l2_reg=0.0000, acc=0.1893
[ 2022-08-31 06:32:00,973][train_tran.train_nn_models] [Validation] Epoch=66, nll=1223.6791, acc=0.1856
[ 2022-08-31 06:32:02,233][train_tran.train_nn_models] [Training] Epoch=67, loss=1220.4247, nll=1220.4247, l2_reg=0.0000, acc=0.1895
[ 2022-08-31 06:32:02,234][train_tran.train_nn_models] [Validation] Epoch=67, nll=1223.6371, acc=0.1857
[ 2022-08-31 06:32:03,523][train_tran.train_nn_models] [Training] Epoch=68, loss=1220.3783, nll=1220.3783, l2_reg=0.0000, acc=0.1895
[ 2022-08-31 06:32:03,524][train_tran.train_nn_models] [Validation] Epoch=68, nll=1223.5952, acc=0.1853
[ 2022-08-31 06:32:04,834][train_tran.train_nn_models] [Training] Epoch=69, loss=1220.3324, nll=1220.3324, l2_reg=0.0000, acc=0.1894
[ 2022-08-31 06:32:04,834][train_tran.train_nn_models] [Validation] Epoch=69, nll=1223.5531, acc=0.1857
[ 2022-08-31 06:32:06,246][train_tran.train_nn_models] [Training] Epoch=70, loss=1220.2866, nll=1220.2866, l2_reg=0.0000, acc=0.1893
[ 2022-08-31 06:32:06,247][train_tran.train_nn_models] [Validation] Epoch=70, nll=1223.5111, acc=0.1853
[ 2022-08-31 06:32:07,536][train_tran.train_nn_models] [Training] Epoch=71, loss=1220.2415, nll=1220.2415, l2_reg=0.0000, acc=0.1894
[ 2022-08-31 06:32:07,536][train_tran.train_nn_models] [Validation] Epoch=71, nll=1223.4695, acc=0.1863
[ 2022-08-31 06:32:08,769][train_tran.train_nn_models] [Training] Epoch=72, loss=1220.1968, nll=1220.1968, l2_reg=0.0000, acc=0.1896
[ 2022-08-31 06:32:08,769][train_tran.train_nn_models] [Validation] Epoch=72, nll=1223.4280, acc=0.1862
[ 2022-08-31 06:32:09,984][train_tran.train_nn_models] [Training] Epoch=73, loss=1220.1528, nll=1220.1528, l2_reg=0.0000, acc=0.1896
[ 2022-08-31 06:32:09,985][train_tran.train_nn_models] [Validation] Epoch=73, nll=1223.3867, acc=0.1860
[ 2022-08-31 06:32:11,232][train_tran.train_nn_models] [Training] Epoch=74, loss=1220.1095, nll=1220.1095, l2_reg=0.0000, acc=0.1896
[ 2022-08-31 06:32:11,232][train_tran.train_nn_models] [Validation] Epoch=74, nll=1223.3458, acc=0.1857
[ 2022-08-31 06:32:12,631][train_tran.train_nn_models] [Training] Epoch=75, loss=1220.0664, nll=1220.0664, l2_reg=0.0000, acc=0.1893
[ 2022-08-31 06:32:12,632][train_tran.train_nn_models] [Validation] Epoch=75, nll=1223.3052, acc=0.1858
[ 2022-08-31 06:32:13,967][train_tran.train_nn_models] [Training] Epoch=76, loss=1220.0242, nll=1220.0242, l2_reg=0.0000, acc=0.1895
[ 2022-08-31 06:32:13,968][train_tran.train_nn_models] [Validation] Epoch=76, nll=1223.2651, acc=0.1854
[ 2022-08-31 06:32:15,259][train_tran.train_nn_models] [Training] Epoch=77, loss=1219.9823, nll=1219.9823, l2_reg=0.0000, acc=0.1898
[ 2022-08-31 06:32:15,259][train_tran.train_nn_models] [Validation] Epoch=77, nll=1223.2252, acc=0.1852
[ 2022-08-31 06:32:16,593][train_tran.train_nn_models] [Training] Epoch=78, loss=1219.9408, nll=1219.9408, l2_reg=0.0000, acc=0.1899
[ 2022-08-31 06:32:16,593][train_tran.train_nn_models] [Validation] Epoch=78, nll=1223.1860, acc=0.1853
[ 2022-08-31 06:32:18,050][train_tran.train_nn_models] [Training] Epoch=79, loss=1219.8997, nll=1219.8997, l2_reg=0.0000, acc=0.1898
[ 2022-08-31 06:32:18,051][train_tran.train_nn_models] [Validation] Epoch=79, nll=1223.1467, acc=0.1854
[ 2022-08-31 06:32:19,350][train_tran.train_nn_models] [Training] Epoch=80, loss=1219.8585, nll=1219.8585, l2_reg=0.0000, acc=0.1900
[ 2022-08-31 06:32:19,350][train_tran.train_nn_models] [Validation] Epoch=80, nll=1223.1074, acc=0.1855
[ 2022-08-31 06:32:20,941][train_tran.train_nn_models] [Training] Epoch=81, loss=1219.8176, nll=1219.8176, l2_reg=0.0000, acc=0.1902
[ 2022-08-31 06:32:20,941][train_tran.train_nn_models] [Validation] Epoch=81, nll=1223.0682, acc=0.1855
[ 2022-08-31 06:32:22,564][train_tran.train_nn_models] [Training] Epoch=82, loss=1219.7765, nll=1219.7765, l2_reg=0.0000, acc=0.1902
[ 2022-08-31 06:32:22,565][train_tran.train_nn_models] [Validation] Epoch=82, nll=1223.0291, acc=0.1853
[ 2022-08-31 06:32:24,193][train_tran.train_nn_models] [Training] Epoch=83, loss=1219.7351, nll=1219.7351, l2_reg=0.0000, acc=0.1902
[ 2022-08-31 06:32:24,193][train_tran.train_nn_models] [Validation] Epoch=83, nll=1222.9895, acc=0.1850
[ 2022-08-31 06:32:25,749][train_tran.train_nn_models] [Training] Epoch=84, loss=1219.6934, nll=1219.6934, l2_reg=0.0000, acc=0.1903
[ 2022-08-31 06:32:25,750][train_tran.train_nn_models] [Validation] Epoch=84, nll=1222.9497, acc=0.1849
[ 2022-08-31 06:32:27,375][train_tran.train_nn_models] [Training] Epoch=85, loss=1219.6512, nll=1219.6512, l2_reg=0.0000, acc=0.1904
[ 2022-08-31 06:32:27,376][train_tran.train_nn_models] [Validation] Epoch=85, nll=1222.9094, acc=0.1849
[ 2022-08-31 06:32:28,959][train_tran.train_nn_models] [Training] Epoch=86, loss=1219.6086, nll=1219.6086, l2_reg=0.0000, acc=0.1904
[ 2022-08-31 06:32:28,959][train_tran.train_nn_models] [Validation] Epoch=86, nll=1222.8687, acc=0.1847
[ 2022-08-31 06:32:30,520][train_tran.train_nn_models] [Training] Epoch=87, loss=1219.5654, nll=1219.5654, l2_reg=0.0000, acc=0.1905
[ 2022-08-31 06:32:30,520][train_tran.train_nn_models] [Validation] Epoch=87, nll=1222.8274, acc=0.1844
[ 2022-08-31 06:32:32,091][train_tran.train_nn_models] [Training] Epoch=88, loss=1219.5215, nll=1219.5215, l2_reg=0.0000, acc=0.1905
[ 2022-08-31 06:32:32,092][train_tran.train_nn_models] [Validation] Epoch=88, nll=1222.7856, acc=0.1848
[ 2022-08-31 06:32:33,672][train_tran.train_nn_models] [Training] Epoch=89, loss=1219.4768, nll=1219.4768, l2_reg=0.0000, acc=0.1907
[ 2022-08-31 06:32:33,673][train_tran.train_nn_models] [Validation] Epoch=89, nll=1222.7433, acc=0.1861
[ 2022-08-31 06:32:35,261][train_tran.train_nn_models] [Training] Epoch=90, loss=1219.4312, nll=1219.4312, l2_reg=0.0000, acc=0.1907
[ 2022-08-31 06:32:35,261][train_tran.train_nn_models] [Validation] Epoch=90, nll=1222.7000, acc=0.1860
[ 2022-08-31 06:32:36,827][train_tran.train_nn_models] [Training] Epoch=91, loss=1219.3845, nll=1219.3845, l2_reg=0.0000, acc=0.1907
[ 2022-08-31 06:32:36,828][train_tran.train_nn_models] [Validation] Epoch=91, nll=1222.6559, acc=0.1867
[ 2022-08-31 06:32:38,431][train_tran.train_nn_models] [Training] Epoch=92, loss=1219.3369, nll=1219.3369, l2_reg=0.0000, acc=0.1907
[ 2022-08-31 06:32:38,432][train_tran.train_nn_models] [Validation] Epoch=92, nll=1222.6110, acc=0.1865
[ 2022-08-31 06:32:40,015][train_tran.train_nn_models] [Training] Epoch=93, loss=1219.2882, nll=1219.2882, l2_reg=0.0000, acc=0.1909
[ 2022-08-31 06:32:40,015][train_tran.train_nn_models] [Validation] Epoch=93, nll=1222.5654, acc=0.1866
[ 2022-08-31 06:32:41,592][train_tran.train_nn_models] [Training] Epoch=94, loss=1219.2385, nll=1219.2385, l2_reg=0.0000, acc=0.1909
[ 2022-08-31 06:32:41,592][train_tran.train_nn_models] [Validation] Epoch=94, nll=1222.5188, acc=0.1870
[ 2022-08-31 06:32:43,192][train_tran.train_nn_models] [Training] Epoch=95, loss=1219.1875, nll=1219.1875, l2_reg=0.0000, acc=0.1910
[ 2022-08-31 06:32:43,192][train_tran.train_nn_models] [Validation] Epoch=95, nll=1222.4711, acc=0.1870
[ 2022-08-31 06:32:44,800][train_tran.train_nn_models] [Training] Epoch=96, loss=1219.1354, nll=1219.1354, l2_reg=0.0000, acc=0.1911
[ 2022-08-31 06:32:44,800][train_tran.train_nn_models] [Validation] Epoch=96, nll=1222.4224, acc=0.1870
[ 2022-08-31 06:32:46,406][train_tran.train_nn_models] [Training] Epoch=97, loss=1219.0818, nll=1219.0818, l2_reg=0.0000, acc=0.1913
[ 2022-08-31 06:32:46,406][train_tran.train_nn_models] [Validation] Epoch=97, nll=1222.3727, acc=0.1873
[ 2022-08-31 06:32:47,987][train_tran.train_nn_models] [Training] Epoch=98, loss=1219.0272, nll=1219.0272, l2_reg=0.0000, acc=0.1914
[ 2022-08-31 06:32:47,988][train_tran.train_nn_models] [Validation] Epoch=98, nll=1222.3224, acc=0.1875
[ 2022-08-31 06:32:49,563][train_tran.train_nn_models] [Training] Epoch=99, loss=1218.9709, nll=1218.9709, l2_reg=0.0000, acc=0.1915
[ 2022-08-31 06:32:49,563][train_tran.train_nn_models] [Validation] Epoch=99, nll=1222.2708, acc=0.1878
[ 2022-08-31 06:32:51,144][train_tran.train_nn_models] [Training] Epoch=100, loss=1218.9133, nll=1218.9133, l2_reg=0.0000, acc=0.1916
[ 2022-08-31 06:32:51,145][train_tran.train_nn_models] [Validation] Epoch=100, nll=1222.2177, acc=0.1879
[ 2022-08-31 06:32:52,697][train_tran.train_nn_models] [Training] Epoch=101, loss=1218.8541, nll=1218.8541, l2_reg=0.0000, acc=0.1915
[ 2022-08-31 06:32:52,698][train_tran.train_nn_models] [Validation] Epoch=101, nll=1222.1636, acc=0.1874
[ 2022-08-31 06:32:54,248][train_tran.train_nn_models] [Training] Epoch=102, loss=1218.7937, nll=1218.7937, l2_reg=0.0000, acc=0.1916
[ 2022-08-31 06:32:54,249][train_tran.train_nn_models] [Validation] Epoch=102, nll=1222.1085, acc=0.1879
[ 2022-08-31 06:32:55,823][train_tran.train_nn_models] [Training] Epoch=103, loss=1218.7316, nll=1218.7316, l2_reg=0.0000, acc=0.1921
[ 2022-08-31 06:32:55,823][train_tran.train_nn_models] [Validation] Epoch=103, nll=1222.0519, acc=0.1878
[ 2022-08-31 06:32:57,398][train_tran.train_nn_models] [Training] Epoch=104, loss=1218.6682, nll=1218.6682, l2_reg=0.0000, acc=0.1922
[ 2022-08-31 06:32:57,398][train_tran.train_nn_models] [Validation] Epoch=104, nll=1221.9939, acc=0.1877
[ 2022-08-31 06:32:58,964][train_tran.train_nn_models] [Training] Epoch=105, loss=1218.6031, nll=1218.6031, l2_reg=0.0000, acc=0.1923
[ 2022-08-31 06:32:58,965][train_tran.train_nn_models] [Validation] Epoch=105, nll=1221.9351, acc=0.1879
[ 2022-08-31 06:33:00,493][train_tran.train_nn_models] [Training] Epoch=106, loss=1218.5366, nll=1218.5366, l2_reg=0.0000, acc=0.1925
[ 2022-08-31 06:33:00,493][train_tran.train_nn_models] [Validation] Epoch=106, nll=1221.8748, acc=0.1881
[ 2022-08-31 06:33:02,055][train_tran.train_nn_models] [Training] Epoch=107, loss=1218.4688, nll=1218.4688, l2_reg=0.0000, acc=0.1928
[ 2022-08-31 06:33:02,055][train_tran.train_nn_models] [Validation] Epoch=107, nll=1221.8132, acc=0.1880
[ 2022-08-31 06:33:03,647][train_tran.train_nn_models] [Training] Epoch=108, loss=1218.3992, nll=1218.3992, l2_reg=0.0000, acc=0.1929
[ 2022-08-31 06:33:03,647][train_tran.train_nn_models] [Validation] Epoch=108, nll=1221.7505, acc=0.1882
[ 2022-08-31 06:33:05,190][train_tran.train_nn_models] [Training] Epoch=109, loss=1218.3285, nll=1218.3285, l2_reg=0.0000, acc=0.1926
[ 2022-08-31 06:33:05,190][train_tran.train_nn_models] [Validation] Epoch=109, nll=1221.6864, acc=0.1877
[ 2022-08-31 06:33:06,764][train_tran.train_nn_models] [Training] Epoch=110, loss=1218.2568, nll=1218.2568, l2_reg=0.0000, acc=0.1927
[ 2022-08-31 06:33:06,765][train_tran.train_nn_models] [Validation] Epoch=110, nll=1221.6211, acc=0.1878
[ 2022-08-31 06:33:08,328][train_tran.train_nn_models] [Training] Epoch=111, loss=1218.1836, nll=1218.1836, l2_reg=0.0000, acc=0.1927
[ 2022-08-31 06:33:08,329][train_tran.train_nn_models] [Validation] Epoch=111, nll=1221.5549, acc=0.1885
[ 2022-08-31 06:33:09,861][train_tran.train_nn_models] [Training] Epoch=112, loss=1218.1093, nll=1218.1093, l2_reg=0.0000, acc=0.1927
[ 2022-08-31 06:33:09,862][train_tran.train_nn_models] [Validation] Epoch=112, nll=1221.4875, acc=0.1889
[ 2022-08-31 06:33:11,393][train_tran.train_nn_models] [Training] Epoch=113, loss=1218.0341, nll=1218.0341, l2_reg=0.0000, acc=0.1929
[ 2022-08-31 06:33:11,394][train_tran.train_nn_models] [Validation] Epoch=113, nll=1221.4187, acc=0.1891
[ 2022-08-31 06:33:12,746][train_tran.train_nn_models] [Training] Epoch=114, loss=1217.9580, nll=1217.9580, l2_reg=0.0000, acc=0.1931
[ 2022-08-31 06:33:12,746][train_tran.train_nn_models] [Validation] Epoch=114, nll=1221.3485, acc=0.1894
[ 2022-08-31 06:33:14,121][train_tran.train_nn_models] [Training] Epoch=115, loss=1217.8811, nll=1217.8811, l2_reg=0.0000, acc=0.1930
[ 2022-08-31 06:33:14,122][train_tran.train_nn_models] [Validation] Epoch=115, nll=1221.2767, acc=0.1893
[ 2022-08-31 06:33:15,376][train_tran.train_nn_models] [Training] Epoch=116, loss=1217.8037, nll=1217.8037, l2_reg=0.0000, acc=0.1930
[ 2022-08-31 06:33:15,376][train_tran.train_nn_models] [Validation] Epoch=116, nll=1221.2039, acc=0.1891
[ 2022-08-31 06:33:16,607][train_tran.train_nn_models] [Training] Epoch=117, loss=1217.7257, nll=1217.7257, l2_reg=0.0000, acc=0.1931
[ 2022-08-31 06:33:16,607][train_tran.train_nn_models] [Validation] Epoch=117, nll=1221.1294, acc=0.1893
[ 2022-08-31 06:33:17,860][train_tran.train_nn_models] [Training] Epoch=118, loss=1217.6475, nll=1217.6475, l2_reg=0.0000, acc=0.1932
[ 2022-08-31 06:33:17,861][train_tran.train_nn_models] [Validation] Epoch=118, nll=1221.0544, acc=0.1893
[ 2022-08-31 06:33:19,168][train_tran.train_nn_models] [Training] Epoch=119, loss=1217.5686, nll=1217.5686, l2_reg=0.0000, acc=0.1931
[ 2022-08-31 06:33:19,169][train_tran.train_nn_models] [Validation] Epoch=119, nll=1220.9783, acc=0.1886
[ 2022-08-31 06:33:20,443][train_tran.train_nn_models] [Training] Epoch=120, loss=1217.4900, nll=1217.4900, l2_reg=0.0000, acc=0.1931
[ 2022-08-31 06:33:20,444][train_tran.train_nn_models] [Validation] Epoch=120, nll=1220.9011, acc=0.1882
[ 2022-08-31 06:33:21,715][train_tran.train_nn_models] [Training] Epoch=121, loss=1217.4110, nll=1217.4110, l2_reg=0.0000, acc=0.1931
[ 2022-08-31 06:33:21,715][train_tran.train_nn_models] [Validation] Epoch=121, nll=1220.8236, acc=0.1877
[ 2022-08-31 06:33:22,988][train_tran.train_nn_models] [Training] Epoch=122, loss=1217.3322, nll=1217.3322, l2_reg=0.0000, acc=0.1932
[ 2022-08-31 06:33:22,989][train_tran.train_nn_models] [Validation] Epoch=122, nll=1220.7454, acc=0.1884
[ 2022-08-31 06:33:24,257][train_tran.train_nn_models] [Training] Epoch=123, loss=1217.2533, nll=1217.2533, l2_reg=0.0000, acc=0.1933
[ 2022-08-31 06:33:24,258][train_tran.train_nn_models] [Validation] Epoch=123, nll=1220.6663, acc=0.1881
[ 2022-08-31 06:33:25,799][train_tran.train_nn_models] [Training] Epoch=124, loss=1217.1744, nll=1217.1744, l2_reg=0.0000, acc=0.1933
[ 2022-08-31 06:33:25,799][train_tran.train_nn_models] [Validation] Epoch=124, nll=1220.5864, acc=0.1885
[ 2022-08-31 06:33:27,324][train_tran.train_nn_models] [Training] Epoch=125, loss=1217.0959, nll=1217.0959, l2_reg=0.0000, acc=0.1934
[ 2022-08-31 06:33:27,324][train_tran.train_nn_models] [Validation] Epoch=125, nll=1220.5063, acc=0.1884
[ 2022-08-31 06:33:28,834][train_tran.train_nn_models] [Training] Epoch=126, loss=1217.0175, nll=1217.0175, l2_reg=0.0000, acc=0.1935
[ 2022-08-31 06:33:28,834][train_tran.train_nn_models] [Validation] Epoch=126, nll=1220.4258, acc=0.1886
[ 2022-08-31 06:33:28,834][train_tran.train_nn_models] Found a better model at epoch 126.
[ 2022-08-31 06:33:30,138][train_tran.train_nn_models] [Training] Epoch=127, loss=1216.9392, nll=1216.9392, l2_reg=0.0000, acc=0.1937
[ 2022-08-31 06:33:30,138][train_tran.train_nn_models] [Validation] Epoch=127, nll=1220.3446, acc=0.1890
[ 2022-08-31 06:33:30,139][train_tran.train_nn_models] Found a better model at epoch 127.
[ 2022-08-31 06:33:31,404][train_tran.train_nn_models] [Training] Epoch=128, loss=1216.8617, nll=1216.8617, l2_reg=0.0000, acc=0.1937
[ 2022-08-31 06:33:31,405][train_tran.train_nn_models] [Validation] Epoch=128, nll=1220.2638, acc=0.1892
[ 2022-08-31 06:33:31,405][train_tran.train_nn_models] Found a better model at epoch 128.
[ 2022-08-31 06:33:32,660][train_tran.train_nn_models] [Training] Epoch=129, loss=1216.7842, nll=1216.7842, l2_reg=0.0000, acc=0.1938
[ 2022-08-31 06:33:32,660][train_tran.train_nn_models] [Validation] Epoch=129, nll=1220.1827, acc=0.1890
[ 2022-08-31 06:33:32,660][train_tran.train_nn_models] Found a better model at epoch 129.
[ 2022-08-31 06:33:33,895][train_tran.train_nn_models] [Training] Epoch=130, loss=1216.7068, nll=1216.7068, l2_reg=0.0000, acc=0.1940
[ 2022-08-31 06:33:33,896][train_tran.train_nn_models] [Validation] Epoch=130, nll=1220.1011, acc=0.1888
[ 2022-08-31 06:33:33,896][train_tran.train_nn_models] Found a better model at epoch 130.
[ 2022-08-31 06:33:35,168][train_tran.train_nn_models] [Training] Epoch=131, loss=1216.6296, nll=1216.6296, l2_reg=0.0000, acc=0.1943
[ 2022-08-31 06:33:35,168][train_tran.train_nn_models] [Validation] Epoch=131, nll=1220.0201, acc=0.1885
[ 2022-08-31 06:33:35,168][train_tran.train_nn_models] Found a better model at epoch 131.
[ 2022-08-31 06:33:36,446][train_tran.train_nn_models] [Training] Epoch=132, loss=1216.5529, nll=1216.5529, l2_reg=0.0000, acc=0.1944
[ 2022-08-31 06:33:36,446][train_tran.train_nn_models] [Validation] Epoch=132, nll=1219.9384, acc=0.1897
[ 2022-08-31 06:33:36,447][train_tran.train_nn_models] Found a better model at epoch 132.
[ 2022-08-31 06:33:37,726][train_tran.train_nn_models] [Training] Epoch=133, loss=1216.4768, nll=1216.4768, l2_reg=0.0000, acc=0.1941
[ 2022-08-31 06:33:37,726][train_tran.train_nn_models] [Validation] Epoch=133, nll=1219.8574, acc=0.1903
[ 2022-08-31 06:33:37,726][train_tran.train_nn_models] Found a better model at epoch 133.
[ 2022-08-31 06:33:39,014][train_tran.train_nn_models] [Training] Epoch=134, loss=1216.4010, nll=1216.4010, l2_reg=0.0000, acc=0.1942
[ 2022-08-31 06:33:39,014][train_tran.train_nn_models] [Validation] Epoch=134, nll=1219.7773, acc=0.1901
[ 2022-08-31 06:33:39,015][train_tran.train_nn_models] Found a better model at epoch 134.
[ 2022-08-31 06:33:40,320][train_tran.train_nn_models] [Training] Epoch=135, loss=1216.3251, nll=1216.3251, l2_reg=0.0000, acc=0.1945
[ 2022-08-31 06:33:40,320][train_tran.train_nn_models] [Validation] Epoch=135, nll=1219.6970, acc=0.1893
[ 2022-08-31 06:33:40,320][train_tran.train_nn_models] Found a better model at epoch 135.
[ 2022-08-31 06:33:41,594][train_tran.train_nn_models] [Training] Epoch=136, loss=1216.2500, nll=1216.2500, l2_reg=0.0000, acc=0.1943
[ 2022-08-31 06:33:41,595][train_tran.train_nn_models] [Validation] Epoch=136, nll=1219.6179, acc=0.1894
[ 2022-08-31 06:33:41,595][train_tran.train_nn_models] Found a better model at epoch 136.
[ 2022-08-31 06:33:42,863][train_tran.train_nn_models] [Training] Epoch=137, loss=1216.1750, nll=1216.1750, l2_reg=0.0000, acc=0.1945
[ 2022-08-31 06:33:42,863][train_tran.train_nn_models] [Validation] Epoch=137, nll=1219.5400, acc=0.1891
[ 2022-08-31 06:33:42,863][train_tran.train_nn_models] Found a better model at epoch 137.
[ 2022-08-31 06:33:44,113][train_tran.train_nn_models] [Training] Epoch=138, loss=1216.1005, nll=1216.1005, l2_reg=0.0000, acc=0.1944
[ 2022-08-31 06:33:44,113][train_tran.train_nn_models] [Validation] Epoch=138, nll=1219.4617, acc=0.1891
[ 2022-08-31 06:33:44,114][train_tran.train_nn_models] Found a better model at epoch 138.
[ 2022-08-31 06:33:45,371][train_tran.train_nn_models] [Training] Epoch=139, loss=1216.0259, nll=1216.0259, l2_reg=0.0000, acc=0.1947
[ 2022-08-31 06:33:45,371][train_tran.train_nn_models] [Validation] Epoch=139, nll=1219.3838, acc=0.1896
[ 2022-08-31 06:33:45,371][train_tran.train_nn_models] Found a better model at epoch 139.
[ 2022-08-31 06:33:46,660][train_tran.train_nn_models] [Training] Epoch=140, loss=1215.9518, nll=1215.9518, l2_reg=0.0000, acc=0.1947
[ 2022-08-31 06:33:46,660][train_tran.train_nn_models] [Validation] Epoch=140, nll=1219.3075, acc=0.1893
[ 2022-08-31 06:33:46,661][train_tran.train_nn_models] Found a better model at epoch 140.
[ 2022-08-31 06:33:47,917][train_tran.train_nn_models] [Training] Epoch=141, loss=1215.8777, nll=1215.8777, l2_reg=0.0000, acc=0.1948
[ 2022-08-31 06:33:47,917][train_tran.train_nn_models] [Validation] Epoch=141, nll=1219.2316, acc=0.1894
[ 2022-08-31 06:33:47,918][train_tran.train_nn_models] Found a better model at epoch 141.
[ 2022-08-31 06:33:49,209][train_tran.train_nn_models] [Training] Epoch=142, loss=1215.8042, nll=1215.8042, l2_reg=0.0000, acc=0.1948
[ 2022-08-31 06:33:49,210][train_tran.train_nn_models] [Validation] Epoch=142, nll=1219.1558, acc=0.1901
[ 2022-08-31 06:33:49,210][train_tran.train_nn_models] Found a better model at epoch 142.
[ 2022-08-31 06:33:50,437][train_tran.train_nn_models] [Training] Epoch=143, loss=1215.7307, nll=1215.7307, l2_reg=0.0000, acc=0.1949
[ 2022-08-31 06:33:50,438][train_tran.train_nn_models] [Validation] Epoch=143, nll=1219.0792, acc=0.1899
[ 2022-08-31 06:33:50,438][train_tran.train_nn_models] Found a better model at epoch 143.
[ 2022-08-31 06:33:51,695][train_tran.train_nn_models] [Training] Epoch=144, loss=1215.6575, nll=1215.6575, l2_reg=0.0000, acc=0.1951
[ 2022-08-31 06:33:51,696][train_tran.train_nn_models] [Validation] Epoch=144, nll=1219.0037, acc=0.1904
[ 2022-08-31 06:33:51,696][train_tran.train_nn_models] Found a better model at epoch 144.
[ 2022-08-31 06:33:52,949][train_tran.train_nn_models] [Training] Epoch=145, loss=1215.5841, nll=1215.5841, l2_reg=0.0000, acc=0.1951
[ 2022-08-31 06:33:52,949][train_tran.train_nn_models] [Validation] Epoch=145, nll=1218.9286, acc=0.1906
[ 2022-08-31 06:33:52,949][train_tran.train_nn_models] Found a better model at epoch 145.
[ 2022-08-31 06:33:54,212][train_tran.train_nn_models] [Training] Epoch=146, loss=1215.5101, nll=1215.5101, l2_reg=0.0000, acc=0.1953
[ 2022-08-31 06:33:54,212][train_tran.train_nn_models] [Validation] Epoch=146, nll=1218.8533, acc=0.1912
[ 2022-08-31 06:33:54,212][train_tran.train_nn_models] Found a better model at epoch 146.
[ 2022-08-31 06:33:55,437][train_tran.train_nn_models] [Training] Epoch=147, loss=1215.4355, nll=1215.4355, l2_reg=0.0000, acc=0.1950
[ 2022-08-31 06:33:55,438][train_tran.train_nn_models] [Validation] Epoch=147, nll=1218.7783, acc=0.1912
[ 2022-08-31 06:33:55,438][train_tran.train_nn_models] Found a better model at epoch 147.
[ 2022-08-31 06:33:56,770][train_tran.train_nn_models] [Training] Epoch=148, loss=1215.3607, nll=1215.3607, l2_reg=0.0000, acc=0.1955
[ 2022-08-31 06:33:56,770][train_tran.train_nn_models] [Validation] Epoch=148, nll=1218.7028, acc=0.1912
[ 2022-08-31 06:33:56,770][train_tran.train_nn_models] Found a better model at epoch 148.
[ 2022-08-31 06:33:58,251][train_tran.train_nn_models] [Training] Epoch=149, loss=1215.2853, nll=1215.2853, l2_reg=0.0000, acc=0.1957
[ 2022-08-31 06:33:58,251][train_tran.train_nn_models] [Validation] Epoch=149, nll=1218.6273, acc=0.1913
[ 2022-08-31 06:33:58,252][train_tran.train_nn_models] Found a better model at epoch 149.
[ 2022-08-31 06:33:59,792][train_tran.train_nn_models] [Training] Epoch=150, loss=1215.2096, nll=1215.2096, l2_reg=0.0000, acc=0.1957
[ 2022-08-31 06:33:59,793][train_tran.train_nn_models] [Validation] Epoch=150, nll=1218.5519, acc=0.1916
[ 2022-08-31 06:33:59,793][train_tran.train_nn_models] Found a better model at epoch 150.
[ 2022-08-31 06:34:01,326][train_tran.train_nn_models] [Training] Epoch=151, loss=1215.1328, nll=1215.1328, l2_reg=0.0000, acc=0.1954
[ 2022-08-31 06:34:01,327][train_tran.train_nn_models] [Validation] Epoch=151, nll=1218.4741, acc=0.1914
[ 2022-08-31 06:34:01,327][train_tran.train_nn_models] Found a better model at epoch 151.
[ 2022-08-31 06:34:02,855][train_tran.train_nn_models] [Training] Epoch=152, loss=1215.0553, nll=1215.0553, l2_reg=0.0000, acc=0.1957
[ 2022-08-31 06:34:02,856][train_tran.train_nn_models] [Validation] Epoch=152, nll=1218.3955, acc=0.1912
[ 2022-08-31 06:34:02,856][train_tran.train_nn_models] Found a better model at epoch 152.
[ 2022-08-31 06:34:04,374][train_tran.train_nn_models] [Training] Epoch=153, loss=1214.9767, nll=1214.9767, l2_reg=0.0000, acc=0.1957
[ 2022-08-31 06:34:04,374][train_tran.train_nn_models] [Validation] Epoch=153, nll=1218.3157, acc=0.1915
[ 2022-08-31 06:34:04,374][train_tran.train_nn_models] Found a better model at epoch 153.
[ 2022-08-31 06:34:05,926][train_tran.train_nn_models] [Training] Epoch=154, loss=1214.8970, nll=1214.8970, l2_reg=0.0000, acc=0.1958
[ 2022-08-31 06:34:05,926][train_tran.train_nn_models] [Validation] Epoch=154, nll=1218.2347, acc=0.1919
[ 2022-08-31 06:34:05,926][train_tran.train_nn_models] Found a better model at epoch 154.
[ 2022-08-31 06:34:07,483][train_tran.train_nn_models] [Training] Epoch=155, loss=1214.8158, nll=1214.8158, l2_reg=0.0000, acc=0.1956
[ 2022-08-31 06:34:07,483][train_tran.train_nn_models] [Validation] Epoch=155, nll=1218.1525, acc=0.1913
[ 2022-08-31 06:34:07,483][train_tran.train_nn_models] Found a better model at epoch 155.
[ 2022-08-31 06:34:09,018][train_tran.train_nn_models] [Training] Epoch=156, loss=1214.7332, nll=1214.7332, l2_reg=0.0000, acc=0.1958
[ 2022-08-31 06:34:09,019][train_tran.train_nn_models] [Validation] Epoch=156, nll=1218.0682, acc=0.1916
[ 2022-08-31 06:34:09,019][train_tran.train_nn_models] Found a better model at epoch 156.
[ 2022-08-31 06:34:10,577][train_tran.train_nn_models] [Training] Epoch=157, loss=1214.6487, nll=1214.6487, l2_reg=0.0000, acc=0.1958
[ 2022-08-31 06:34:10,578][train_tran.train_nn_models] [Validation] Epoch=157, nll=1217.9819, acc=0.1918
[ 2022-08-31 06:34:10,578][train_tran.train_nn_models] Found a better model at epoch 157.
[ 2022-08-31 06:34:12,152][train_tran.train_nn_models] [Training] Epoch=158, loss=1214.5626, nll=1214.5626, l2_reg=0.0000, acc=0.1961
[ 2022-08-31 06:34:12,153][train_tran.train_nn_models] [Validation] Epoch=158, nll=1217.8933, acc=0.1920
[ 2022-08-31 06:34:12,153][train_tran.train_nn_models] Found a better model at epoch 158.
[ 2022-08-31 06:34:13,697][train_tran.train_nn_models] [Training] Epoch=159, loss=1214.4744, nll=1214.4744, l2_reg=0.0000, acc=0.1961
[ 2022-08-31 06:34:13,697][train_tran.train_nn_models] [Validation] Epoch=159, nll=1217.8018, acc=0.1918
[ 2022-08-31 06:34:13,697][train_tran.train_nn_models] Found a better model at epoch 159.
[ 2022-08-31 06:34:15,256][train_tran.train_nn_models] [Training] Epoch=160, loss=1214.3843, nll=1214.3843, l2_reg=0.0000, acc=0.1959
[ 2022-08-31 06:34:15,256][train_tran.train_nn_models] [Validation] Epoch=160, nll=1217.7076, acc=0.1921
[ 2022-08-31 06:34:15,256][train_tran.train_nn_models] Found a better model at epoch 160.
[ 2022-08-31 06:34:16,867][train_tran.train_nn_models] [Training] Epoch=161, loss=1214.2913, nll=1214.2913, l2_reg=0.0000, acc=0.1962
[ 2022-08-31 06:34:16,867][train_tran.train_nn_models] [Validation] Epoch=161, nll=1217.6105, acc=0.1920
[ 2022-08-31 06:34:16,867][train_tran.train_nn_models] Found a better model at epoch 161.
[ 2022-08-31 06:34:18,425][train_tran.train_nn_models] [Training] Epoch=162, loss=1214.1957, nll=1214.1957, l2_reg=0.0000, acc=0.1964
[ 2022-08-31 06:34:18,425][train_tran.train_nn_models] [Validation] Epoch=162, nll=1217.5099, acc=0.1920
[ 2022-08-31 06:34:18,425][train_tran.train_nn_models] Found a better model at epoch 162.
[ 2022-08-31 06:34:19,793][train_tran.train_nn_models] [Training] Epoch=163, loss=1214.0968, nll=1214.0968, l2_reg=0.0000, acc=0.1963
[ 2022-08-31 06:34:19,793][train_tran.train_nn_models] [Validation] Epoch=163, nll=1217.4054, acc=0.1919
[ 2022-08-31 06:34:19,793][train_tran.train_nn_models] Found a better model at epoch 163.
[ 2022-08-31 06:34:21,192][train_tran.train_nn_models] [Training] Epoch=164, loss=1213.9944, nll=1213.9944, l2_reg=0.0000, acc=0.1966
[ 2022-08-31 06:34:21,193][train_tran.train_nn_models] [Validation] Epoch=164, nll=1217.2977, acc=0.1919
[ 2022-08-31 06:34:21,193][train_tran.train_nn_models] Found a better model at epoch 164.
[ 2022-08-31 06:34:22,835][train_tran.train_nn_models] [Training] Epoch=165, loss=1213.8876, nll=1213.8876, l2_reg=0.0000, acc=0.1968
[ 2022-08-31 06:34:22,836][train_tran.train_nn_models] [Validation] Epoch=165, nll=1217.1865, acc=0.1919
[ 2022-08-31 06:34:22,836][train_tran.train_nn_models] Found a better model at epoch 165.
[ 2022-08-31 06:34:24,344][train_tran.train_nn_models] [Training] Epoch=166, loss=1213.7767, nll=1213.7767, l2_reg=0.0000, acc=0.1971
[ 2022-08-31 06:34:24,345][train_tran.train_nn_models] [Validation] Epoch=166, nll=1217.0709, acc=0.1922
[ 2022-08-31 06:34:24,345][train_tran.train_nn_models] Found a better model at epoch 166.
[ 2022-08-31 06:34:25,855][train_tran.train_nn_models] [Training] Epoch=167, loss=1213.6619, nll=1213.6619, l2_reg=0.0000, acc=0.1975
[ 2022-08-31 06:34:25,855][train_tran.train_nn_models] [Validation] Epoch=167, nll=1216.9503, acc=0.1916
[ 2022-08-31 06:34:25,856][train_tran.train_nn_models] Found a better model at epoch 167.
[ 2022-08-31 06:34:27,424][train_tran.train_nn_models] [Training] Epoch=168, loss=1213.5417, nll=1213.5417, l2_reg=0.0000, acc=0.1976
[ 2022-08-31 06:34:27,424][train_tran.train_nn_models] [Validation] Epoch=168, nll=1216.8232, acc=0.1924
[ 2022-08-31 06:34:27,424][train_tran.train_nn_models] Found a better model at epoch 168.
[ 2022-08-31 06:34:29,111][train_tran.train_nn_models] [Training] Epoch=169, loss=1213.4166, nll=1213.4166, l2_reg=0.0000, acc=0.1979
[ 2022-08-31 06:34:29,112][train_tran.train_nn_models] [Validation] Epoch=169, nll=1216.6895, acc=0.1927
[ 2022-08-31 06:34:29,112][train_tran.train_nn_models] Found a better model at epoch 169.
[ 2022-08-31 06:34:30,805][train_tran.train_nn_models] [Training] Epoch=170, loss=1213.2853, nll=1213.2853, l2_reg=0.0000, acc=0.1980
[ 2022-08-31 06:34:30,806][train_tran.train_nn_models] [Validation] Epoch=170, nll=1216.5480, acc=0.1930
[ 2022-08-31 06:34:30,806][train_tran.train_nn_models] Found a better model at epoch 170.
[ 2022-08-31 06:34:32,454][train_tran.train_nn_models] [Training] Epoch=171, loss=1213.1469, nll=1213.1469, l2_reg=0.0000, acc=0.1981
[ 2022-08-31 06:34:32,455][train_tran.train_nn_models] [Validation] Epoch=171, nll=1216.3986, acc=0.1927
[ 2022-08-31 06:34:32,456][train_tran.train_nn_models] Found a better model at epoch 171.
[ 2022-08-31 06:34:34,095][train_tran.train_nn_models] [Training] Epoch=172, loss=1213.0005, nll=1213.0005, l2_reg=0.0000, acc=0.1983
[ 2022-08-31 06:34:34,096][train_tran.train_nn_models] [Validation] Epoch=172, nll=1216.2389, acc=0.1928
[ 2022-08-31 06:34:34,097][train_tran.train_nn_models] Found a better model at epoch 172.
[ 2022-08-31 06:34:35,761][train_tran.train_nn_models] [Training] Epoch=173, loss=1212.8435, nll=1212.8435, l2_reg=0.0000, acc=0.1986
[ 2022-08-31 06:34:35,762][train_tran.train_nn_models] [Validation] Epoch=173, nll=1216.0634, acc=0.1938
[ 2022-08-31 06:34:35,762][train_tran.train_nn_models] Found a better model at epoch 173.
[ 2022-08-31 06:34:37,261][train_tran.train_nn_models] [Training] Epoch=174, loss=1212.6769, nll=1212.6769, l2_reg=0.0000, acc=0.1987
[ 2022-08-31 06:34:37,261][train_tran.train_nn_models] [Validation] Epoch=174, nll=1215.8812, acc=0.1940
[ 2022-08-31 06:34:37,261][train_tran.train_nn_models] Found a better model at epoch 174.
[ 2022-08-31 06:34:38,748][train_tran.train_nn_models] [Training] Epoch=175, loss=1212.5011, nll=1212.5011, l2_reg=0.0000, acc=0.1991
[ 2022-08-31 06:34:38,748][train_tran.train_nn_models] [Validation] Epoch=175, nll=1215.6909, acc=0.1944
[ 2022-08-31 06:34:38,749][train_tran.train_nn_models] Found a better model at epoch 175.
[ 2022-08-31 06:34:40,283][train_tran.train_nn_models] [Training] Epoch=176, loss=1212.3132, nll=1212.3132, l2_reg=0.0000, acc=0.1990
[ 2022-08-31 06:34:40,284][train_tran.train_nn_models] [Validation] Epoch=176, nll=1215.4905, acc=0.1942
[ 2022-08-31 06:34:40,284][train_tran.train_nn_models] Found a better model at epoch 176.
[ 2022-08-31 06:34:41,916][train_tran.train_nn_models] [Training] Epoch=177, loss=1212.1135, nll=1212.1135, l2_reg=0.0000, acc=0.1993
[ 2022-08-31 06:34:41,917][train_tran.train_nn_models] [Validation] Epoch=177, nll=1215.2773, acc=0.1948
[ 2022-08-31 06:34:41,917][train_tran.train_nn_models] Found a better model at epoch 177.
[ 2022-08-31 06:34:43,622][train_tran.train_nn_models] [Training] Epoch=178, loss=1211.9005, nll=1211.9005, l2_reg=0.0000, acc=0.1996
[ 2022-08-31 06:34:43,622][train_tran.train_nn_models] [Validation] Epoch=178, nll=1215.0511, acc=0.1945
[ 2022-08-31 06:34:43,623][train_tran.train_nn_models] Found a better model at epoch 178.
[ 2022-08-31 06:34:45,199][train_tran.train_nn_models] [Training] Epoch=179, loss=1211.6740, nll=1211.6740, l2_reg=0.0000, acc=0.2000
[ 2022-08-31 06:34:45,200][train_tran.train_nn_models] [Validation] Epoch=179, nll=1214.8124, acc=0.1945
[ 2022-08-31 06:34:45,200][train_tran.train_nn_models] Found a better model at epoch 179.
[ 2022-08-31 06:34:46,730][train_tran.train_nn_models] [Training] Epoch=180, loss=1211.4330, nll=1211.4330, l2_reg=0.0000, acc=0.2003
[ 2022-08-31 06:34:46,731][train_tran.train_nn_models] [Validation] Epoch=180, nll=1214.5620, acc=0.1948
[ 2022-08-31 06:34:46,732][train_tran.train_nn_models] Found a better model at epoch 180.
[ 2022-08-31 06:34:48,095][train_tran.train_nn_models] [Training] Epoch=181, loss=1211.1797, nll=1211.1797, l2_reg=0.0000, acc=0.2005
[ 2022-08-31 06:34:48,096][train_tran.train_nn_models] [Validation] Epoch=181, nll=1214.3027, acc=0.1946
[ 2022-08-31 06:34:48,096][train_tran.train_nn_models] Found a better model at epoch 181.
[ 2022-08-31 06:34:49,522][train_tran.train_nn_models] [Training] Epoch=182, loss=1210.9158, nll=1210.9158, l2_reg=0.0000, acc=0.2007
[ 2022-08-31 06:34:49,523][train_tran.train_nn_models] [Validation] Epoch=182, nll=1214.0374, acc=0.1951
[ 2022-08-31 06:34:49,523][train_tran.train_nn_models] Found a better model at epoch 182.
[ 2022-08-31 06:34:50,897][train_tran.train_nn_models] [Training] Epoch=183, loss=1210.6449, nll=1210.6449, l2_reg=0.0000, acc=0.2011
[ 2022-08-31 06:34:50,897][train_tran.train_nn_models] [Validation] Epoch=183, nll=1213.7725, acc=0.1962
[ 2022-08-31 06:34:50,898][train_tran.train_nn_models] Found a better model at epoch 183.
[ 2022-08-31 06:34:52,413][train_tran.train_nn_models] [Training] Epoch=184, loss=1210.3706, nll=1210.3706, l2_reg=0.0000, acc=0.2012
[ 2022-08-31 06:34:52,414][train_tran.train_nn_models] [Validation] Epoch=184, nll=1213.5121, acc=0.1973
[ 2022-08-31 06:34:52,414][train_tran.train_nn_models] Found a better model at epoch 184.
[ 2022-08-31 06:34:53,917][train_tran.train_nn_models] [Training] Epoch=185, loss=1210.0977, nll=1210.0977, l2_reg=0.0000, acc=0.2017
[ 2022-08-31 06:34:53,918][train_tran.train_nn_models] [Validation] Epoch=185, nll=1213.2627, acc=0.1977
[ 2022-08-31 06:34:53,918][train_tran.train_nn_models] Found a better model at epoch 185.
[ 2022-08-31 06:34:55,526][train_tran.train_nn_models] [Training] Epoch=186, loss=1209.8309, nll=1209.8309, l2_reg=0.0000, acc=0.2020
[ 2022-08-31 06:34:55,526][train_tran.train_nn_models] [Validation] Epoch=186, nll=1213.0302, acc=0.1977
[ 2022-08-31 06:34:55,526][train_tran.train_nn_models] Found a better model at epoch 186.
[ 2022-08-31 06:34:57,143][train_tran.train_nn_models] [Training] Epoch=187, loss=1209.5728, nll=1209.5728, l2_reg=0.0000, acc=0.2023
[ 2022-08-31 06:34:57,143][train_tran.train_nn_models] [Validation] Epoch=187, nll=1212.8193, acc=0.1981
[ 2022-08-31 06:34:57,144][train_tran.train_nn_models] Found a better model at epoch 187.
[ 2022-08-31 06:34:58,765][train_tran.train_nn_models] [Training] Epoch=188, loss=1209.3267, nll=1209.3267, l2_reg=0.0000, acc=0.2022
[ 2022-08-31 06:34:58,765][train_tran.train_nn_models] [Validation] Epoch=188, nll=1212.6337, acc=0.1988
[ 2022-08-31 06:34:58,766][train_tran.train_nn_models] Found a better model at epoch 188.
[ 2022-08-31 06:35:00,391][train_tran.train_nn_models] [Training] Epoch=189, loss=1209.0953, nll=1209.0953, l2_reg=0.0000, acc=0.2026
[ 2022-08-31 06:35:00,391][train_tran.train_nn_models] [Validation] Epoch=189, nll=1212.4702, acc=0.1981
[ 2022-08-31 06:35:00,391][train_tran.train_nn_models] Found a better model at epoch 189.
[ 2022-08-31 06:35:02,003][train_tran.train_nn_models] [Training] Epoch=190, loss=1208.8787, nll=1208.8787, l2_reg=0.0000, acc=0.2033
[ 2022-08-31 06:35:02,004][train_tran.train_nn_models] [Validation] Epoch=190, nll=1212.3273, acc=0.1980
[ 2022-08-31 06:35:02,004][train_tran.train_nn_models] Found a better model at epoch 190.
[ 2022-08-31 06:35:03,655][train_tran.train_nn_models] [Training] Epoch=191, loss=1208.6748, nll=1208.6748, l2_reg=0.0000, acc=0.2038
[ 2022-08-31 06:35:03,656][train_tran.train_nn_models] [Validation] Epoch=191, nll=1212.1987, acc=0.1983
[ 2022-08-31 06:35:03,656][train_tran.train_nn_models] Found a better model at epoch 191.
[ 2022-08-31 06:35:05,282][train_tran.train_nn_models] [Training] Epoch=192, loss=1208.4811, nll=1208.4811, l2_reg=0.0000, acc=0.2041
[ 2022-08-31 06:35:05,282][train_tran.train_nn_models] [Validation] Epoch=192, nll=1212.0787, acc=0.1996
[ 2022-08-31 06:35:05,282][train_tran.train_nn_models] Found a better model at epoch 192.
[ 2022-08-31 06:35:06,952][train_tran.train_nn_models] [Training] Epoch=193, loss=1208.2942, nll=1208.2942, l2_reg=0.0000, acc=0.2047
[ 2022-08-31 06:35:06,953][train_tran.train_nn_models] [Validation] Epoch=193, nll=1211.9617, acc=0.2001
[ 2022-08-31 06:35:06,953][train_tran.train_nn_models] Found a better model at epoch 193.
[ 2022-08-31 06:35:08,600][train_tran.train_nn_models] [Training] Epoch=194, loss=1208.1152, nll=1208.1152, l2_reg=0.0000, acc=0.2047
[ 2022-08-31 06:35:08,601][train_tran.train_nn_models] [Validation] Epoch=194, nll=1211.8441, acc=0.2012
[ 2022-08-31 06:35:08,601][train_tran.train_nn_models] Found a better model at epoch 194.
[ 2022-08-31 06:35:10,225][train_tran.train_nn_models] [Training] Epoch=195, loss=1207.9471, nll=1207.9471, l2_reg=0.0000, acc=0.2049
[ 2022-08-31 06:35:10,226][train_tran.train_nn_models] [Validation] Epoch=195, nll=1211.7335, acc=0.2019
[ 2022-08-31 06:35:10,226][train_tran.train_nn_models] Found a better model at epoch 195.
[ 2022-08-31 06:35:11,876][train_tran.train_nn_models] [Training] Epoch=196, loss=1207.7865, nll=1207.7865, l2_reg=0.0000, acc=0.2050
[ 2022-08-31 06:35:11,876][train_tran.train_nn_models] [Validation] Epoch=196, nll=1211.6299, acc=0.2025
[ 2022-08-31 06:35:11,877][train_tran.train_nn_models] Found a better model at epoch 196.
[ 2022-08-31 06:35:13,480][train_tran.train_nn_models] [Training] Epoch=197, loss=1207.6346, nll=1207.6346, l2_reg=0.0000, acc=0.2056
[ 2022-08-31 06:35:13,480][train_tran.train_nn_models] [Validation] Epoch=197, nll=1211.5186, acc=0.2030
[ 2022-08-31 06:35:13,480][train_tran.train_nn_models] Found a better model at epoch 197.
[ 2022-08-31 06:35:15,123][train_tran.train_nn_models] [Training] Epoch=198, loss=1207.4832, nll=1207.4832, l2_reg=0.0000, acc=0.2060
[ 2022-08-31 06:35:15,123][train_tran.train_nn_models] [Validation] Epoch=198, nll=1211.4121, acc=0.2030
[ 2022-08-31 06:35:15,124][train_tran.train_nn_models] Found a better model at epoch 198.
[ 2022-08-31 06:35:16,693][train_tran.train_nn_models] [Training] Epoch=199, loss=1207.3400, nll=1207.3400, l2_reg=0.0000, acc=0.2061
[ 2022-08-31 06:35:16,693][train_tran.train_nn_models] [Validation] Epoch=199, nll=1211.2994, acc=0.2032
[ 2022-08-31 06:35:16,694][train_tran.train_nn_models] Found a better model at epoch 199.
[ 2022-08-31 06:35:18,121][train_tran.train_nn_models] [Training] Epoch=200, loss=1207.1959, nll=1207.1959, l2_reg=0.0000, acc=0.2064
[ 2022-08-31 06:35:18,121][train_tran.train_nn_models] [Validation] Epoch=200, nll=1211.1798, acc=0.2033
[ 2022-08-31 06:35:18,122][train_tran.train_nn_models] Found a better model at epoch 200.
[ 2022-08-31 06:35:19,544][train_tran.train_nn_models] [Training] Epoch=201, loss=1207.0515, nll=1207.0515, l2_reg=0.0000, acc=0.2065
[ 2022-08-31 06:35:19,545][train_tran.train_nn_models] [Validation] Epoch=201, nll=1211.0474, acc=0.2032
[ 2022-08-31 06:35:19,545][train_tran.train_nn_models] Found a better model at epoch 201.
[ 2022-08-31 06:35:20,954][train_tran.train_nn_models] [Training] Epoch=202, loss=1206.9088, nll=1206.9088, l2_reg=0.0000, acc=0.2070
[ 2022-08-31 06:35:20,955][train_tran.train_nn_models] [Validation] Epoch=202, nll=1210.9183, acc=0.2033
[ 2022-08-31 06:35:20,955][train_tran.train_nn_models] Found a better model at epoch 202.
[ 2022-08-31 06:35:22,311][train_tran.train_nn_models] [Training] Epoch=203, loss=1206.7653, nll=1206.7653, l2_reg=0.0000, acc=0.2075
[ 2022-08-31 06:35:22,311][train_tran.train_nn_models] [Validation] Epoch=203, nll=1210.7751, acc=0.2043
[ 2022-08-31 06:35:22,312][train_tran.train_nn_models] Found a better model at epoch 203.
[ 2022-08-31 06:35:23,659][train_tran.train_nn_models] [Training] Epoch=204, loss=1206.6205, nll=1206.6205, l2_reg=0.0000, acc=0.2079
[ 2022-08-31 06:35:23,660][train_tran.train_nn_models] [Validation] Epoch=204, nll=1210.6195, acc=0.2046
[ 2022-08-31 06:35:23,660][train_tran.train_nn_models] Found a better model at epoch 204.
[ 2022-08-31 06:35:25,009][train_tran.train_nn_models] [Training] Epoch=205, loss=1206.4736, nll=1206.4736, l2_reg=0.0000, acc=0.2082
[ 2022-08-31 06:35:25,010][train_tran.train_nn_models] [Validation] Epoch=205, nll=1210.4709, acc=0.2042
[ 2022-08-31 06:35:25,010][train_tran.train_nn_models] Found a better model at epoch 205.
[ 2022-08-31 06:35:26,405][train_tran.train_nn_models] [Training] Epoch=206, loss=1206.3192, nll=1206.3192, l2_reg=0.0000, acc=0.2090
[ 2022-08-31 06:35:26,405][train_tran.train_nn_models] [Validation] Epoch=206, nll=1210.3324, acc=0.2038
[ 2022-08-31 06:35:26,406][train_tran.train_nn_models] Found a better model at epoch 206.
[ 2022-08-31 06:35:27,765][train_tran.train_nn_models] [Training] Epoch=207, loss=1206.1686, nll=1206.1686, l2_reg=0.0000, acc=0.2098
[ 2022-08-31 06:35:27,766][train_tran.train_nn_models] [Validation] Epoch=207, nll=1210.1932, acc=0.2042
[ 2022-08-31 06:35:27,766][train_tran.train_nn_models] Found a better model at epoch 207.
[ 2022-08-31 06:35:29,149][train_tran.train_nn_models] [Training] Epoch=208, loss=1206.0203, nll=1206.0203, l2_reg=0.0000, acc=0.2103
[ 2022-08-31 06:35:29,150][train_tran.train_nn_models] [Validation] Epoch=208, nll=1210.0509, acc=0.2042
[ 2022-08-31 06:35:29,150][train_tran.train_nn_models] Found a better model at epoch 208.
[ 2022-08-31 06:35:30,533][train_tran.train_nn_models] [Training] Epoch=209, loss=1205.8759, nll=1205.8759, l2_reg=0.0000, acc=0.2107
[ 2022-08-31 06:35:30,534][train_tran.train_nn_models] [Validation] Epoch=209, nll=1209.9224, acc=0.2044
[ 2022-08-31 06:35:30,534][train_tran.train_nn_models] Found a better model at epoch 209.
[ 2022-08-31 06:35:31,927][train_tran.train_nn_models] [Training] Epoch=210, loss=1205.7373, nll=1205.7373, l2_reg=0.0000, acc=0.2110
[ 2022-08-31 06:35:31,927][train_tran.train_nn_models] [Validation] Epoch=210, nll=1209.7930, acc=0.2051
[ 2022-08-31 06:35:31,927][train_tran.train_nn_models] Found a better model at epoch 210.
[ 2022-08-31 06:35:33,278][train_tran.train_nn_models] [Training] Epoch=211, loss=1205.5919, nll=1205.5919, l2_reg=0.0000, acc=0.2115
[ 2022-08-31 06:35:33,279][train_tran.train_nn_models] [Validation] Epoch=211, nll=1209.6443, acc=0.2060
[ 2022-08-31 06:35:33,280][train_tran.train_nn_models] Found a better model at epoch 211.
[ 2022-08-31 06:35:34,642][train_tran.train_nn_models] [Training] Epoch=212, loss=1205.4424, nll=1205.4424, l2_reg=0.0000, acc=0.2122
[ 2022-08-31 06:35:34,642][train_tran.train_nn_models] [Validation] Epoch=212, nll=1209.5111, acc=0.2063
[ 2022-08-31 06:35:34,642][train_tran.train_nn_models] Found a better model at epoch 212.
[ 2022-08-31 06:35:36,030][train_tran.train_nn_models] [Training] Epoch=213, loss=1205.2944, nll=1205.2944, l2_reg=0.0000, acc=0.2127
[ 2022-08-31 06:35:36,030][train_tran.train_nn_models] [Validation] Epoch=213, nll=1209.3757, acc=0.2076
[ 2022-08-31 06:35:36,031][train_tran.train_nn_models] Found a better model at epoch 213.
[ 2022-08-31 06:35:37,498][train_tran.train_nn_models] [Training] Epoch=214, loss=1205.1483, nll=1205.1483, l2_reg=0.0000, acc=0.2135
[ 2022-08-31 06:35:37,498][train_tran.train_nn_models] [Validation] Epoch=214, nll=1209.2358, acc=0.2080
[ 2022-08-31 06:35:37,499][train_tran.train_nn_models] Found a better model at epoch 214.
[ 2022-08-31 06:35:38,920][train_tran.train_nn_models] [Training] Epoch=215, loss=1205.0001, nll=1205.0001, l2_reg=0.0000, acc=0.2143
[ 2022-08-31 06:35:38,920][train_tran.train_nn_models] [Validation] Epoch=215, nll=1209.0858, acc=0.2087
[ 2022-08-31 06:35:38,920][train_tran.train_nn_models] Found a better model at epoch 215.
[ 2022-08-31 06:35:40,287][train_tran.train_nn_models] [Training] Epoch=216, loss=1204.8512, nll=1204.8512, l2_reg=0.0000, acc=0.2153
[ 2022-08-31 06:35:40,288][train_tran.train_nn_models] [Validation] Epoch=216, nll=1208.9276, acc=0.2094
[ 2022-08-31 06:35:40,288][train_tran.train_nn_models] Found a better model at epoch 216.
[ 2022-08-31 06:35:41,700][train_tran.train_nn_models] [Training] Epoch=217, loss=1204.6952, nll=1204.6952, l2_reg=0.0000, acc=0.2161
[ 2022-08-31 06:35:41,701][train_tran.train_nn_models] [Validation] Epoch=217, nll=1208.7629, acc=0.2102
[ 2022-08-31 06:35:41,701][train_tran.train_nn_models] Found a better model at epoch 217.
[ 2022-08-31 06:35:43,128][train_tran.train_nn_models] [Training] Epoch=218, loss=1204.5375, nll=1204.5375, l2_reg=0.0000, acc=0.2169
[ 2022-08-31 06:35:43,129][train_tran.train_nn_models] [Validation] Epoch=218, nll=1208.6013, acc=0.2116
[ 2022-08-31 06:35:43,129][train_tran.train_nn_models] Found a better model at epoch 218.
[ 2022-08-31 06:35:44,577][train_tran.train_nn_models] [Training] Epoch=219, loss=1204.3778, nll=1204.3778, l2_reg=0.0000, acc=0.2176
[ 2022-08-31 06:35:44,578][train_tran.train_nn_models] [Validation] Epoch=219, nll=1208.4424, acc=0.2138
[ 2022-08-31 06:35:44,579][train_tran.train_nn_models] Found a better model at epoch 219.
[ 2022-08-31 06:35:45,961][train_tran.train_nn_models] [Training] Epoch=220, loss=1204.2148, nll=1204.2148, l2_reg=0.0000, acc=0.2184
[ 2022-08-31 06:35:45,961][train_tran.train_nn_models] [Validation] Epoch=220, nll=1208.2894, acc=0.2147
[ 2022-08-31 06:35:45,962][train_tran.train_nn_models] Found a better model at epoch 220.
[ 2022-08-31 06:35:47,484][train_tran.train_nn_models] [Training] Epoch=221, loss=1204.0591, nll=1204.0591, l2_reg=0.0000, acc=0.2189
[ 2022-08-31 06:35:47,484][train_tran.train_nn_models] [Validation] Epoch=221, nll=1208.1348, acc=0.2154
[ 2022-08-31 06:35:47,484][train_tran.train_nn_models] Found a better model at epoch 221.
[ 2022-08-31 06:35:49,106][train_tran.train_nn_models] [Training] Epoch=222, loss=1203.8975, nll=1203.8975, l2_reg=0.0000, acc=0.2195
[ 2022-08-31 06:35:49,107][train_tran.train_nn_models] [Validation] Epoch=222, nll=1207.9712, acc=0.2171
[ 2022-08-31 06:35:49,107][train_tran.train_nn_models] Found a better model at epoch 222.
[ 2022-08-31 06:35:50,724][train_tran.train_nn_models] [Training] Epoch=223, loss=1203.7310, nll=1203.7310, l2_reg=0.0000, acc=0.2198
[ 2022-08-31 06:35:50,724][train_tran.train_nn_models] [Validation] Epoch=223, nll=1207.8171, acc=0.2179
[ 2022-08-31 06:35:50,725][train_tran.train_nn_models] Found a better model at epoch 223.
[ 2022-08-31 06:35:52,299][train_tran.train_nn_models] [Training] Epoch=224, loss=1203.5670, nll=1203.5670, l2_reg=0.0000, acc=0.2203
[ 2022-08-31 06:35:52,299][train_tran.train_nn_models] [Validation] Epoch=224, nll=1207.6558, acc=0.2192
[ 2022-08-31 06:35:52,299][train_tran.train_nn_models] Found a better model at epoch 224.
[ 2022-08-31 06:35:53,864][train_tran.train_nn_models] [Training] Epoch=225, loss=1203.4033, nll=1203.4033, l2_reg=0.0000, acc=0.2208
[ 2022-08-31 06:35:53,864][train_tran.train_nn_models] [Validation] Epoch=225, nll=1207.4849, acc=0.2197
[ 2022-08-31 06:35:53,865][train_tran.train_nn_models] Found a better model at epoch 225.
[ 2022-08-31 06:35:55,230][train_tran.train_nn_models] [Training] Epoch=226, loss=1203.2354, nll=1203.2354, l2_reg=0.0000, acc=0.2213
[ 2022-08-31 06:35:55,230][train_tran.train_nn_models] [Validation] Epoch=226, nll=1207.3137, acc=0.2202
[ 2022-08-31 06:35:55,230][train_tran.train_nn_models] Found a better model at epoch 226.
[ 2022-08-31 06:35:56,588][train_tran.train_nn_models] [Training] Epoch=227, loss=1203.0658, nll=1203.0658, l2_reg=0.0000, acc=0.2220
[ 2022-08-31 06:35:56,588][train_tran.train_nn_models] [Validation] Epoch=227, nll=1207.1526, acc=0.2218
[ 2022-08-31 06:35:56,588][train_tran.train_nn_models] Found a better model at epoch 227.
[ 2022-08-31 06:35:58,029][train_tran.train_nn_models] [Training] Epoch=228, loss=1202.8976, nll=1202.8976, l2_reg=0.0000, acc=0.2225
[ 2022-08-31 06:35:58,029][train_tran.train_nn_models] [Validation] Epoch=228, nll=1206.9883, acc=0.2219
[ 2022-08-31 06:35:58,029][train_tran.train_nn_models] Found a better model at epoch 228.
[ 2022-08-31 06:35:59,392][train_tran.train_nn_models] [Training] Epoch=229, loss=1202.7240, nll=1202.7240, l2_reg=0.0000, acc=0.2233
[ 2022-08-31 06:35:59,392][train_tran.train_nn_models] [Validation] Epoch=229, nll=1206.8267, acc=0.2226
[ 2022-08-31 06:35:59,393][train_tran.train_nn_models] Found a better model at epoch 229.
[ 2022-08-31 06:36:00,794][train_tran.train_nn_models] [Training] Epoch=230, loss=1202.5510, nll=1202.5510, l2_reg=0.0000, acc=0.2237
[ 2022-08-31 06:36:00,794][train_tran.train_nn_models] [Validation] Epoch=230, nll=1206.6652, acc=0.2229
[ 2022-08-31 06:36:00,794][train_tran.train_nn_models] Found a better model at epoch 230.
[ 2022-08-31 06:36:02,151][train_tran.train_nn_models] [Training] Epoch=231, loss=1202.3761, nll=1202.3761, l2_reg=0.0000, acc=0.2243
[ 2022-08-31 06:36:02,152][train_tran.train_nn_models] [Validation] Epoch=231, nll=1206.5193, acc=0.2234
[ 2022-08-31 06:36:02,152][train_tran.train_nn_models] Found a better model at epoch 231.
[ 2022-08-31 06:36:03,498][train_tran.train_nn_models] [Training] Epoch=232, loss=1202.2059, nll=1202.2059, l2_reg=0.0000, acc=0.2247
[ 2022-08-31 06:36:03,498][train_tran.train_nn_models] [Validation] Epoch=232, nll=1206.3599, acc=0.2243
[ 2022-08-31 06:36:03,498][train_tran.train_nn_models] Found a better model at epoch 232.
[ 2022-08-31 06:36:04,826][train_tran.train_nn_models] [Training] Epoch=233, loss=1202.0358, nll=1202.0358, l2_reg=0.0000, acc=0.2252
[ 2022-08-31 06:36:04,827][train_tran.train_nn_models] [Validation] Epoch=233, nll=1206.2084, acc=0.2249
[ 2022-08-31 06:36:04,827][train_tran.train_nn_models] Found a better model at epoch 233.
[ 2022-08-31 06:36:06,203][train_tran.train_nn_models] [Training] Epoch=234, loss=1201.8652, nll=1201.8652, l2_reg=0.0000, acc=0.2258
[ 2022-08-31 06:36:06,204][train_tran.train_nn_models] [Validation] Epoch=234, nll=1206.0598, acc=0.2252
[ 2022-08-31 06:36:06,204][train_tran.train_nn_models] Found a better model at epoch 234.
[ 2022-08-31 06:36:07,537][train_tran.train_nn_models] [Training] Epoch=235, loss=1201.7008, nll=1201.7008, l2_reg=0.0000, acc=0.2265
[ 2022-08-31 06:36:07,537][train_tran.train_nn_models] [Validation] Epoch=235, nll=1205.9336, acc=0.2251
[ 2022-08-31 06:36:07,537][train_tran.train_nn_models] Found a better model at epoch 235.
[ 2022-08-31 06:36:08,937][train_tran.train_nn_models] [Training] Epoch=236, loss=1201.5466, nll=1201.5466, l2_reg=0.0000, acc=0.2269
[ 2022-08-31 06:36:08,937][train_tran.train_nn_models] [Validation] Epoch=236, nll=1205.8052, acc=0.2259
[ 2022-08-31 06:36:08,937][train_tran.train_nn_models] Found a better model at epoch 236.
[ 2022-08-31 06:36:10,509][train_tran.train_nn_models] [Training] Epoch=237, loss=1201.3943, nll=1201.3943, l2_reg=0.0000, acc=0.2275
[ 2022-08-31 06:36:10,509][train_tran.train_nn_models] [Validation] Epoch=237, nll=1205.6831, acc=0.2268
[ 2022-08-31 06:36:10,510][train_tran.train_nn_models] Found a better model at epoch 237.
[ 2022-08-31 06:36:12,002][train_tran.train_nn_models] [Training] Epoch=238, loss=1201.2473, nll=1201.2473, l2_reg=0.0000, acc=0.2278
[ 2022-08-31 06:36:12,003][train_tran.train_nn_models] [Validation] Epoch=238, nll=1205.5519, acc=0.2267
[ 2022-08-31 06:36:12,003][train_tran.train_nn_models] Found a better model at epoch 238.
[ 2022-08-31 06:36:13,397][train_tran.train_nn_models] [Training] Epoch=239, loss=1201.1013, nll=1201.1013, l2_reg=0.0000, acc=0.2283
[ 2022-08-31 06:36:13,397][train_tran.train_nn_models] [Validation] Epoch=239, nll=1205.4355, acc=0.2281
[ 2022-08-31 06:36:13,398][train_tran.train_nn_models] Found a better model at epoch 239.
[ 2022-08-31 06:36:14,709][train_tran.train_nn_models] [Training] Epoch=240, loss=1200.9615, nll=1200.9615, l2_reg=0.0000, acc=0.2287
[ 2022-08-31 06:36:14,710][train_tran.train_nn_models] [Validation] Epoch=240, nll=1205.3124, acc=0.2283
[ 2022-08-31 06:36:14,710][train_tran.train_nn_models] Found a better model at epoch 240.
[ 2022-08-31 06:36:16,030][train_tran.train_nn_models] [Training] Epoch=241, loss=1200.8219, nll=1200.8219, l2_reg=0.0000, acc=0.2292
[ 2022-08-31 06:36:16,030][train_tran.train_nn_models] [Validation] Epoch=241, nll=1205.2072, acc=0.2284
[ 2022-08-31 06:36:16,030][train_tran.train_nn_models] Found a better model at epoch 241.
[ 2022-08-31 06:36:17,402][train_tran.train_nn_models] [Training] Epoch=242, loss=1200.6896, nll=1200.6896, l2_reg=0.0000, acc=0.2295
[ 2022-08-31 06:36:17,402][train_tran.train_nn_models] [Validation] Epoch=242, nll=1205.1023, acc=0.2287
[ 2022-08-31 06:36:17,402][train_tran.train_nn_models] Found a better model at epoch 242.
[ 2022-08-31 06:36:18,733][train_tran.train_nn_models] [Training] Epoch=243, loss=1200.5570, nll=1200.5570, l2_reg=0.0000, acc=0.2301
[ 2022-08-31 06:36:18,734][train_tran.train_nn_models] [Validation] Epoch=243, nll=1204.9821, acc=0.2284
[ 2022-08-31 06:36:18,734][train_tran.train_nn_models] Found a better model at epoch 243.
[ 2022-08-31 06:36:20,073][train_tran.train_nn_models] [Training] Epoch=244, loss=1200.4226, nll=1200.4226, l2_reg=0.0000, acc=0.2305
[ 2022-08-31 06:36:20,073][train_tran.train_nn_models] [Validation] Epoch=244, nll=1204.8610, acc=0.2296
[ 2022-08-31 06:36:20,073][train_tran.train_nn_models] Found a better model at epoch 244.
[ 2022-08-31 06:36:21,477][train_tran.train_nn_models] [Training] Epoch=245, loss=1200.2954, nll=1200.2954, l2_reg=0.0000, acc=0.2308
[ 2022-08-31 06:36:21,477][train_tran.train_nn_models] [Validation] Epoch=245, nll=1204.7216, acc=0.2293
[ 2022-08-31 06:36:21,478][train_tran.train_nn_models] Found a better model at epoch 245.
[ 2022-08-31 06:36:22,847][train_tran.train_nn_models] [Training] Epoch=246, loss=1200.1678, nll=1200.1678, l2_reg=0.0000, acc=0.2313
[ 2022-08-31 06:36:22,848][train_tran.train_nn_models] [Validation] Epoch=246, nll=1204.6010, acc=0.2295
[ 2022-08-31 06:36:22,848][train_tran.train_nn_models] Found a better model at epoch 246.
[ 2022-08-31 06:36:24,208][train_tran.train_nn_models] [Training] Epoch=247, loss=1200.0428, nll=1200.0428, l2_reg=0.0000, acc=0.2316
[ 2022-08-31 06:36:24,209][train_tran.train_nn_models] [Validation] Epoch=247, nll=1204.4727, acc=0.2299
[ 2022-08-31 06:36:24,209][train_tran.train_nn_models] Found a better model at epoch 247.
[ 2022-08-31 06:36:25,767][train_tran.train_nn_models] [Training] Epoch=248, loss=1199.9257, nll=1199.9257, l2_reg=0.0000, acc=0.2318
[ 2022-08-31 06:36:25,767][train_tran.train_nn_models] [Validation] Epoch=248, nll=1204.3627, acc=0.2311
[ 2022-08-31 06:36:25,767][train_tran.train_nn_models] Found a better model at epoch 248.
[ 2022-08-31 06:36:27,265][train_tran.train_nn_models] [Training] Epoch=249, loss=1199.8127, nll=1199.8127, l2_reg=0.0000, acc=0.2322
[ 2022-08-31 06:36:27,266][train_tran.train_nn_models] [Validation] Epoch=249, nll=1204.2539, acc=0.2316
[ 2022-08-31 06:36:27,266][train_tran.train_nn_models] Found a better model at epoch 249.
[ 2022-08-31 06:36:27,450][train_tran.eval_nll] [Test]nll=1191.2709, acc=0.2341
[ 2022-08-31 06:47:59,031][train_tran.<module>]                    timestamp  ...                                             config
0 2022-08-31 06:47:59.007971  ...  {'model': 'Tran', 'dataset': 'pgem-1K-15', 'in...
1 2022-08-31 06:47:59.007971  ...  {'model': 'Tran', 'dataset': 'pgem-1K-15', 'in...
2 2022-08-31 06:47:59.007971  ...  {'model': 'Tran', 'dataset': 'pgem-1K-15', 'in...
3 2022-08-31 06:47:59.007971  ...  {'model': 'Tran', 'dataset': 'pgem-1K-15', 'in...
4 2022-08-31 06:47:59.007971  ...  {'model': 'Tran', 'dataset': 'pgem-1K-15', 'in...
5 2022-08-31 06:47:59.007971  ...  {'model': 'Tran', 'dataset': 'pgem-1K-15', 'in...

[6 rows x 7 columns]
