[ 2022-08-31 16:34:22,106][train_tran.<module>] Namespace(attr_batch_size=0, basis_type='dyadic', batch_size=64, bucket_seqs=False, cuda=True, dataset='pgem-1K-15', dropout=0.0, embedding_dim=64, epochs=250, hidden_size=64, input_dir='data/input', l2_reg=0, lr=0.0008, max_mean=20.0, model='Tran', n_bases=7, num_workers=0, occurred_type_only=False, optimizer='Adam', output_dir='data/output', rand_seed=1, skip_eval_infectivity=False, skip_pred_next_event=False, split_id=2, steps=50, tran_head=5, tran_layer=1, tune_metric='nll', verbose=False)
[ 2022-08-31 16:34:23,674][train_tran.train_nn_models] [Training] Epoch=0, loss=22138.7109, nll=22138.7109, l2_reg=0.0000, acc=0.0387
[ 2022-08-31 16:34:23,674][train_tran.train_nn_models] [Validation] Epoch=0, nll=13025.5801, acc=0.0267
[ 2022-08-31 16:34:25,020][train_tran.train_nn_models] [Training] Epoch=1, loss=7386.8057, nll=7386.8057, l2_reg=0.0000, acc=0.0262
[ 2022-08-31 16:34:25,020][train_tran.train_nn_models] [Validation] Epoch=1, nll=3320.2246, acc=0.0250
[ 2022-08-31 16:34:26,386][train_tran.train_nn_models] [Training] Epoch=2, loss=1959.0682, nll=1959.0682, l2_reg=0.0000, acc=0.0256
[ 2022-08-31 16:34:26,386][train_tran.train_nn_models] [Validation] Epoch=2, nll=1495.3915, acc=0.0365
[ 2022-08-31 16:34:27,751][train_tran.train_nn_models] [Training] Epoch=3, loss=1392.7499, nll=1392.7499, l2_reg=0.0000, acc=0.1066
[ 2022-08-31 16:34:27,751][train_tran.train_nn_models] [Validation] Epoch=3, nll=1333.3132, acc=0.1623
[ 2022-08-31 16:34:29,123][train_tran.train_nn_models] [Training] Epoch=4, loss=1299.0736, nll=1299.0736, l2_reg=0.0000, acc=0.1780
[ 2022-08-31 16:34:29,123][train_tran.train_nn_models] [Validation] Epoch=4, nll=1275.0265, acc=0.1889
[ 2022-08-31 16:34:30,497][train_tran.train_nn_models] [Training] Epoch=5, loss=1255.2782, nll=1255.2782, l2_reg=0.0000, acc=0.1853
[ 2022-08-31 16:34:30,497][train_tran.train_nn_models] [Validation] Epoch=5, nll=1249.4423, acc=0.1858
[ 2022-08-31 16:34:31,867][train_tran.train_nn_models] [Training] Epoch=6, loss=1241.9075, nll=1241.9075, l2_reg=0.0000, acc=0.1830
[ 2022-08-31 16:34:31,867][train_tran.train_nn_models] [Validation] Epoch=6, nll=1244.8973, acc=0.1841
[ 2022-08-31 16:34:33,245][train_tran.train_nn_models] [Training] Epoch=7, loss=1235.9075, nll=1235.9075, l2_reg=0.0000, acc=0.1852
[ 2022-08-31 16:34:33,245][train_tran.train_nn_models] [Validation] Epoch=7, nll=1239.2690, acc=0.1875
[ 2022-08-31 16:34:34,612][train_tran.train_nn_models] [Training] Epoch=8, loss=1232.7323, nll=1232.7323, l2_reg=0.0000, acc=0.1860
[ 2022-08-31 16:34:34,612][train_tran.train_nn_models] [Validation] Epoch=8, nll=1236.2704, acc=0.1886
[ 2022-08-31 16:34:35,976][train_tran.train_nn_models] [Training] Epoch=9, loss=1230.2523, nll=1230.2523, l2_reg=0.0000, acc=0.1865
[ 2022-08-31 16:34:35,976][train_tran.train_nn_models] [Validation] Epoch=9, nll=1233.9177, acc=0.1870
[ 2022-08-31 16:34:37,346][train_tran.train_nn_models] [Training] Epoch=10, loss=1228.2404, nll=1228.2404, l2_reg=0.0000, acc=0.1860
[ 2022-08-31 16:34:37,346][train_tran.train_nn_models] [Validation] Epoch=10, nll=1231.8369, acc=0.1863
[ 2022-08-31 16:34:38,710][train_tran.train_nn_models] [Training] Epoch=11, loss=1226.7062, nll=1226.7062, l2_reg=0.0000, acc=0.1857
[ 2022-08-31 16:34:38,711][train_tran.train_nn_models] [Validation] Epoch=11, nll=1230.2964, acc=0.1865
[ 2022-08-31 16:34:40,082][train_tran.train_nn_models] [Training] Epoch=12, loss=1225.5374, nll=1225.5374, l2_reg=0.0000, acc=0.1856
[ 2022-08-31 16:34:40,082][train_tran.train_nn_models] [Validation] Epoch=12, nll=1229.1238, acc=0.1854
[ 2022-08-31 16:34:41,456][train_tran.train_nn_models] [Training] Epoch=13, loss=1224.6272, nll=1224.6272, l2_reg=0.0000, acc=0.1860
[ 2022-08-31 16:34:41,456][train_tran.train_nn_models] [Validation] Epoch=13, nll=1228.2064, acc=0.1857
[ 2022-08-31 16:34:42,827][train_tran.train_nn_models] [Training] Epoch=14, loss=1223.9600, nll=1223.9600, l2_reg=0.0000, acc=0.1856
[ 2022-08-31 16:34:42,828][train_tran.train_nn_models] [Validation] Epoch=14, nll=1227.5300, acc=0.1861
[ 2022-08-31 16:34:44,197][train_tran.train_nn_models] [Training] Epoch=15, loss=1223.4858, nll=1223.4858, l2_reg=0.0000, acc=0.1857
[ 2022-08-31 16:34:44,198][train_tran.train_nn_models] [Validation] Epoch=15, nll=1227.0348, acc=0.1861
[ 2022-08-31 16:34:45,570][train_tran.train_nn_models] [Training] Epoch=16, loss=1223.1412, nll=1223.1412, l2_reg=0.0000, acc=0.1853
[ 2022-08-31 16:34:45,571][train_tran.train_nn_models] [Validation] Epoch=16, nll=1226.6536, acc=0.1867
[ 2022-08-31 16:34:46,945][train_tran.train_nn_models] [Training] Epoch=17, loss=1222.8782, nll=1222.8782, l2_reg=0.0000, acc=0.1855
[ 2022-08-31 16:34:46,945][train_tran.train_nn_models] [Validation] Epoch=17, nll=1226.3567, acc=0.1855
[ 2022-08-31 16:34:48,319][train_tran.train_nn_models] [Training] Epoch=18, loss=1222.6688, nll=1222.6688, l2_reg=0.0000, acc=0.1855
[ 2022-08-31 16:34:48,320][train_tran.train_nn_models] [Validation] Epoch=18, nll=1226.1218, acc=0.1856
[ 2022-08-31 16:34:49,689][train_tran.train_nn_models] [Training] Epoch=19, loss=1222.4932, nll=1222.4932, l2_reg=0.0000, acc=0.1861
[ 2022-08-31 16:34:49,689][train_tran.train_nn_models] [Validation] Epoch=19, nll=1225.9275, acc=0.1860
[ 2022-08-31 16:34:51,064][train_tran.train_nn_models] [Training] Epoch=20, loss=1222.3441, nll=1222.3441, l2_reg=0.0000, acc=0.1868
[ 2022-08-31 16:34:51,064][train_tran.train_nn_models] [Validation] Epoch=20, nll=1225.7653, acc=0.1854
[ 2022-08-31 16:34:52,441][train_tran.train_nn_models] [Training] Epoch=21, loss=1222.2144, nll=1222.2144, l2_reg=0.0000, acc=0.1868
[ 2022-08-31 16:34:52,441][train_tran.train_nn_models] [Validation] Epoch=21, nll=1225.6238, acc=0.1855
[ 2022-08-31 16:34:53,823][train_tran.train_nn_models] [Training] Epoch=22, loss=1222.1013, nll=1222.1013, l2_reg=0.0000, acc=0.1864
[ 2022-08-31 16:34:53,824][train_tran.train_nn_models] [Validation] Epoch=22, nll=1225.5035, acc=0.1849
[ 2022-08-31 16:34:55,201][train_tran.train_nn_models] [Training] Epoch=23, loss=1222.0031, nll=1222.0031, l2_reg=0.0000, acc=0.1865
[ 2022-08-31 16:34:55,202][train_tran.train_nn_models] [Validation] Epoch=23, nll=1225.3977, acc=0.1844
[ 2022-08-31 16:34:56,570][train_tran.train_nn_models] [Training] Epoch=24, loss=1221.9156, nll=1221.9156, l2_reg=0.0000, acc=0.1867
[ 2022-08-31 16:34:56,570][train_tran.train_nn_models] [Validation] Epoch=24, nll=1225.3046, acc=0.1846
[ 2022-08-31 16:34:57,940][train_tran.train_nn_models] [Training] Epoch=25, loss=1221.8381, nll=1221.8381, l2_reg=0.0000, acc=0.1867
[ 2022-08-31 16:34:57,940][train_tran.train_nn_models] [Validation] Epoch=25, nll=1225.2245, acc=0.1846
[ 2022-08-31 16:34:59,303][train_tran.train_nn_models] [Training] Epoch=26, loss=1221.7670, nll=1221.7670, l2_reg=0.0000, acc=0.1867
[ 2022-08-31 16:34:59,304][train_tran.train_nn_models] [Validation] Epoch=26, nll=1225.1530, acc=0.1847
[ 2022-08-31 16:35:00,655][train_tran.train_nn_models] [Training] Epoch=27, loss=1221.7035, nll=1221.7035, l2_reg=0.0000, acc=0.1866
[ 2022-08-31 16:35:00,656][train_tran.train_nn_models] [Validation] Epoch=27, nll=1225.0917, acc=0.1847
[ 2022-08-31 16:35:02,018][train_tran.train_nn_models] [Training] Epoch=28, loss=1221.6464, nll=1221.6464, l2_reg=0.0000, acc=0.1867
[ 2022-08-31 16:35:02,019][train_tran.train_nn_models] [Validation] Epoch=28, nll=1225.0376, acc=0.1847
[ 2022-08-31 16:35:03,377][train_tran.train_nn_models] [Training] Epoch=29, loss=1221.5948, nll=1221.5948, l2_reg=0.0000, acc=0.1867
[ 2022-08-31 16:35:03,377][train_tran.train_nn_models] [Validation] Epoch=29, nll=1224.9905, acc=0.1849
[ 2022-08-31 16:35:04,729][train_tran.train_nn_models] [Training] Epoch=30, loss=1221.5488, nll=1221.5488, l2_reg=0.0000, acc=0.1869
[ 2022-08-31 16:35:04,729][train_tran.train_nn_models] [Validation] Epoch=30, nll=1224.9493, acc=0.1845
[ 2022-08-31 16:35:06,095][train_tran.train_nn_models] [Training] Epoch=31, loss=1221.5068, nll=1221.5068, l2_reg=0.0000, acc=0.1871
[ 2022-08-31 16:35:06,095][train_tran.train_nn_models] [Validation] Epoch=31, nll=1224.9124, acc=0.1842
[ 2022-08-31 16:35:07,453][train_tran.train_nn_models] [Training] Epoch=32, loss=1221.4677, nll=1221.4677, l2_reg=0.0000, acc=0.1872
[ 2022-08-31 16:35:07,453][train_tran.train_nn_models] [Validation] Epoch=32, nll=1224.8800, acc=0.1836
[ 2022-08-31 16:35:08,820][train_tran.train_nn_models] [Training] Epoch=33, loss=1221.4323, nll=1221.4323, l2_reg=0.0000, acc=0.1869
[ 2022-08-31 16:35:08,821][train_tran.train_nn_models] [Validation] Epoch=33, nll=1224.8510, acc=0.1836
[ 2022-08-31 16:35:10,245][train_tran.train_nn_models] [Training] Epoch=34, loss=1221.3998, nll=1221.3998, l2_reg=0.0000, acc=0.1868
[ 2022-08-31 16:35:10,245][train_tran.train_nn_models] [Validation] Epoch=34, nll=1224.8245, acc=0.1841
[ 2022-08-31 16:35:11,605][train_tran.train_nn_models] [Training] Epoch=35, loss=1221.3694, nll=1221.3694, l2_reg=0.0000, acc=0.1868
[ 2022-08-31 16:35:11,605][train_tran.train_nn_models] [Validation] Epoch=35, nll=1224.8002, acc=0.1846
[ 2022-08-31 16:35:12,975][train_tran.train_nn_models] [Training] Epoch=36, loss=1221.3420, nll=1221.3420, l2_reg=0.0000, acc=0.1867
[ 2022-08-31 16:35:12,975][train_tran.train_nn_models] [Validation] Epoch=36, nll=1224.7781, acc=0.1844
[ 2022-08-31 16:35:14,344][train_tran.train_nn_models] [Training] Epoch=37, loss=1221.3169, nll=1221.3169, l2_reg=0.0000, acc=0.1868
[ 2022-08-31 16:35:14,345][train_tran.train_nn_models] [Validation] Epoch=37, nll=1224.7573, acc=0.1838
[ 2022-08-31 16:35:15,720][train_tran.train_nn_models] [Training] Epoch=38, loss=1221.2938, nll=1221.2938, l2_reg=0.0000, acc=0.1868
[ 2022-08-31 16:35:15,720][train_tran.train_nn_models] [Validation] Epoch=38, nll=1224.7375, acc=0.1835
[ 2022-08-31 16:35:17,086][train_tran.train_nn_models] [Training] Epoch=39, loss=1221.2732, nll=1221.2732, l2_reg=0.0000, acc=0.1869
[ 2022-08-31 16:35:17,086][train_tran.train_nn_models] [Validation] Epoch=39, nll=1224.7189, acc=0.1839
[ 2022-08-31 16:35:18,450][train_tran.train_nn_models] [Training] Epoch=40, loss=1221.2528, nll=1221.2528, l2_reg=0.0000, acc=0.1869
[ 2022-08-31 16:35:18,450][train_tran.train_nn_models] [Validation] Epoch=40, nll=1224.7017, acc=0.1834
[ 2022-08-31 16:35:19,852][train_tran.train_nn_models] [Training] Epoch=41, loss=1221.2356, nll=1221.2356, l2_reg=0.0000, acc=0.1869
[ 2022-08-31 16:35:19,852][train_tran.train_nn_models] [Validation] Epoch=41, nll=1224.6860, acc=0.1838
[ 2022-08-31 16:35:21,280][train_tran.train_nn_models] [Training] Epoch=42, loss=1221.2191, nll=1221.2191, l2_reg=0.0000, acc=0.1867
[ 2022-08-31 16:35:21,281][train_tran.train_nn_models] [Validation] Epoch=42, nll=1224.6704, acc=0.1846
[ 2022-08-31 16:35:22,713][train_tran.train_nn_models] [Training] Epoch=43, loss=1221.2040, nll=1221.2040, l2_reg=0.0000, acc=0.1865
[ 2022-08-31 16:35:22,713][train_tran.train_nn_models] [Validation] Epoch=43, nll=1224.6573, acc=0.1846
[ 2022-08-31 16:35:24,164][train_tran.train_nn_models] [Training] Epoch=44, loss=1221.1901, nll=1221.1901, l2_reg=0.0000, acc=0.1867
[ 2022-08-31 16:35:24,164][train_tran.train_nn_models] [Validation] Epoch=44, nll=1224.6442, acc=0.1836
[ 2022-08-31 16:35:25,627][train_tran.train_nn_models] [Training] Epoch=45, loss=1221.1772, nll=1221.1772, l2_reg=0.0000, acc=0.1864
[ 2022-08-31 16:35:25,628][train_tran.train_nn_models] [Validation] Epoch=45, nll=1224.6327, acc=0.1827
[ 2022-08-31 16:35:27,071][train_tran.train_nn_models] [Training] Epoch=46, loss=1221.1654, nll=1221.1654, l2_reg=0.0000, acc=0.1866
[ 2022-08-31 16:35:27,071][train_tran.train_nn_models] [Validation] Epoch=46, nll=1224.6221, acc=0.1824
[ 2022-08-31 16:35:28,507][train_tran.train_nn_models] [Training] Epoch=47, loss=1221.1541, nll=1221.1541, l2_reg=0.0000, acc=0.1868
[ 2022-08-31 16:35:28,507][train_tran.train_nn_models] [Validation] Epoch=47, nll=1224.6123, acc=0.1820
[ 2022-08-31 16:35:29,944][train_tran.train_nn_models] [Training] Epoch=48, loss=1221.1443, nll=1221.1443, l2_reg=0.0000, acc=0.1867
[ 2022-08-31 16:35:29,945][train_tran.train_nn_models] [Validation] Epoch=48, nll=1224.6033, acc=0.1824
[ 2022-08-31 16:35:31,398][train_tran.train_nn_models] [Training] Epoch=49, loss=1221.1344, nll=1221.1344, l2_reg=0.0000, acc=0.1866
[ 2022-08-31 16:35:31,398][train_tran.train_nn_models] [Validation] Epoch=49, nll=1224.5952, acc=0.1821
[ 2022-08-31 16:35:32,817][train_tran.train_nn_models] [Training] Epoch=50, loss=1221.1254, nll=1221.1254, l2_reg=0.0000, acc=0.1864
[ 2022-08-31 16:35:32,818][train_tran.train_nn_models] [Validation] Epoch=50, nll=1224.5876, acc=0.1821
[ 2022-08-31 16:35:34,255][train_tran.train_nn_models] [Training] Epoch=51, loss=1221.1168, nll=1221.1168, l2_reg=0.0000, acc=0.1866
[ 2022-08-31 16:35:34,255][train_tran.train_nn_models] [Validation] Epoch=51, nll=1224.5806, acc=0.1813
[ 2022-08-31 16:35:35,713][train_tran.train_nn_models] [Training] Epoch=52, loss=1221.1089, nll=1221.1089, l2_reg=0.0000, acc=0.1867
[ 2022-08-31 16:35:35,713][train_tran.train_nn_models] [Validation] Epoch=52, nll=1224.5742, acc=0.1815
[ 2022-08-31 16:35:37,166][train_tran.train_nn_models] [Training] Epoch=53, loss=1221.1013, nll=1221.1013, l2_reg=0.0000, acc=0.1862
[ 2022-08-31 16:35:37,166][train_tran.train_nn_models] [Validation] Epoch=53, nll=1224.5682, acc=0.1815
[ 2022-08-31 16:35:38,614][train_tran.train_nn_models] [Training] Epoch=54, loss=1221.0946, nll=1221.0946, l2_reg=0.0000, acc=0.1863
[ 2022-08-31 16:35:38,614][train_tran.train_nn_models] [Validation] Epoch=54, nll=1224.5635, acc=0.1809
[ 2022-08-31 16:35:40,040][train_tran.train_nn_models] [Training] Epoch=55, loss=1221.0878, nll=1221.0878, l2_reg=0.0000, acc=0.1864
[ 2022-08-31 16:35:40,040][train_tran.train_nn_models] [Validation] Epoch=55, nll=1224.5590, acc=0.1809
[ 2022-08-31 16:35:41,504][train_tran.train_nn_models] [Training] Epoch=56, loss=1221.0822, nll=1221.0822, l2_reg=0.0000, acc=0.1864
[ 2022-08-31 16:35:41,504][train_tran.train_nn_models] [Validation] Epoch=56, nll=1224.5546, acc=0.1813
[ 2022-08-31 16:35:42,968][train_tran.train_nn_models] [Training] Epoch=57, loss=1221.0764, nll=1221.0764, l2_reg=0.0000, acc=0.1864
[ 2022-08-31 16:35:42,968][train_tran.train_nn_models] [Validation] Epoch=57, nll=1224.5511, acc=0.1811
[ 2022-08-31 16:35:44,431][train_tran.train_nn_models] [Training] Epoch=58, loss=1221.0714, nll=1221.0714, l2_reg=0.0000, acc=0.1866
[ 2022-08-31 16:35:44,431][train_tran.train_nn_models] [Validation] Epoch=58, nll=1224.5470, acc=0.1814
[ 2022-08-31 16:35:45,902][train_tran.train_nn_models] [Training] Epoch=59, loss=1221.0658, nll=1221.0658, l2_reg=0.0000, acc=0.1867
[ 2022-08-31 16:35:45,903][train_tran.train_nn_models] [Validation] Epoch=59, nll=1224.5433, acc=0.1815
[ 2022-08-31 16:35:47,353][train_tran.train_nn_models] [Training] Epoch=60, loss=1221.0613, nll=1221.0613, l2_reg=0.0000, acc=0.1867
[ 2022-08-31 16:35:47,354][train_tran.train_nn_models] [Validation] Epoch=60, nll=1224.5397, acc=0.1816
[ 2022-08-31 16:35:48,837][train_tran.train_nn_models] [Training] Epoch=61, loss=1221.0559, nll=1221.0559, l2_reg=0.0000, acc=0.1866
[ 2022-08-31 16:35:48,837][train_tran.train_nn_models] [Validation] Epoch=61, nll=1224.5356, acc=0.1816
[ 2022-08-31 16:35:50,325][train_tran.train_nn_models] [Training] Epoch=62, loss=1221.0513, nll=1221.0513, l2_reg=0.0000, acc=0.1865
[ 2022-08-31 16:35:50,325][train_tran.train_nn_models] [Validation] Epoch=62, nll=1224.5314, acc=0.1814
[ 2022-08-31 16:35:51,757][train_tran.train_nn_models] [Training] Epoch=63, loss=1221.0458, nll=1221.0458, l2_reg=0.0000, acc=0.1865
[ 2022-08-31 16:35:51,757][train_tran.train_nn_models] [Validation] Epoch=63, nll=1224.5270, acc=0.1816
[ 2022-08-31 16:35:53,225][train_tran.train_nn_models] [Training] Epoch=64, loss=1221.0409, nll=1221.0409, l2_reg=0.0000, acc=0.1863
[ 2022-08-31 16:35:53,225][train_tran.train_nn_models] [Validation] Epoch=64, nll=1224.5212, acc=0.1813
[ 2022-08-31 16:35:54,713][train_tran.train_nn_models] [Training] Epoch=65, loss=1221.0350, nll=1221.0350, l2_reg=0.0000, acc=0.1860
[ 2022-08-31 16:35:54,713][train_tran.train_nn_models] [Validation] Epoch=65, nll=1224.5139, acc=0.1815
[ 2022-08-31 16:35:56,159][train_tran.train_nn_models] [Training] Epoch=66, loss=1221.0298, nll=1221.0298, l2_reg=0.0000, acc=0.1857
[ 2022-08-31 16:35:56,159][train_tran.train_nn_models] [Validation] Epoch=66, nll=1224.5032, acc=0.1818
[ 2022-08-31 16:35:57,661][train_tran.train_nn_models] [Training] Epoch=67, loss=1221.0243, nll=1221.0243, l2_reg=0.0000, acc=0.1858
[ 2022-08-31 16:35:57,661][train_tran.train_nn_models] [Validation] Epoch=67, nll=1224.4960, acc=0.1818
[ 2022-08-31 16:35:59,147][train_tran.train_nn_models] [Training] Epoch=68, loss=1221.0190, nll=1221.0190, l2_reg=0.0000, acc=0.1856
[ 2022-08-31 16:35:59,148][train_tran.train_nn_models] [Validation] Epoch=68, nll=1224.4957, acc=0.1819
[ 2022-08-31 16:36:00,605][train_tran.train_nn_models] [Training] Epoch=69, loss=1221.0133, nll=1221.0133, l2_reg=0.0000, acc=0.1856
[ 2022-08-31 16:36:00,606][train_tran.train_nn_models] [Validation] Epoch=69, nll=1224.4924, acc=0.1820
[ 2022-08-31 16:36:02,048][train_tran.train_nn_models] [Training] Epoch=70, loss=1221.0089, nll=1221.0089, l2_reg=0.0000, acc=0.1860
[ 2022-08-31 16:36:02,049][train_tran.train_nn_models] [Validation] Epoch=70, nll=1224.4873, acc=0.1821
[ 2022-08-31 16:36:03,515][train_tran.train_nn_models] [Training] Epoch=71, loss=1221.0033, nll=1221.0033, l2_reg=0.0000, acc=0.1860
[ 2022-08-31 16:36:03,515][train_tran.train_nn_models] [Validation] Epoch=71, nll=1224.4846, acc=0.1822
[ 2022-08-31 16:36:04,901][train_tran.train_nn_models] [Training] Epoch=72, loss=1220.9987, nll=1220.9987, l2_reg=0.0000, acc=0.1861
[ 2022-08-31 16:36:04,901][train_tran.train_nn_models] [Validation] Epoch=72, nll=1224.4814, acc=0.1821
[ 2022-08-31 16:36:06,397][train_tran.train_nn_models] [Training] Epoch=73, loss=1220.9930, nll=1220.9930, l2_reg=0.0000, acc=0.1863
[ 2022-08-31 16:36:06,397][train_tran.train_nn_models] [Validation] Epoch=73, nll=1224.4791, acc=0.1822
[ 2022-08-31 16:36:07,881][train_tran.train_nn_models] [Training] Epoch=74, loss=1220.9880, nll=1220.9880, l2_reg=0.0000, acc=0.1862
[ 2022-08-31 16:36:07,881][train_tran.train_nn_models] [Validation] Epoch=74, nll=1224.4762, acc=0.1822
[ 2022-08-31 16:36:09,312][train_tran.train_nn_models] [Training] Epoch=75, loss=1220.9824, nll=1220.9824, l2_reg=0.0000, acc=0.1864
[ 2022-08-31 16:36:09,312][train_tran.train_nn_models] [Validation] Epoch=75, nll=1224.4730, acc=0.1822
[ 2022-08-31 16:36:10,810][train_tran.train_nn_models] [Training] Epoch=76, loss=1220.9766, nll=1220.9766, l2_reg=0.0000, acc=0.1863
[ 2022-08-31 16:36:10,811][train_tran.train_nn_models] [Validation] Epoch=76, nll=1224.4698, acc=0.1823
[ 2022-08-31 16:36:12,302][train_tran.train_nn_models] [Training] Epoch=77, loss=1220.9713, nll=1220.9713, l2_reg=0.0000, acc=0.1862
[ 2022-08-31 16:36:12,303][train_tran.train_nn_models] [Validation] Epoch=77, nll=1224.4661, acc=0.1822
[ 2022-08-31 16:36:13,750][train_tran.train_nn_models] [Training] Epoch=78, loss=1220.9650, nll=1220.9650, l2_reg=0.0000, acc=0.1863
[ 2022-08-31 16:36:13,750][train_tran.train_nn_models] [Validation] Epoch=78, nll=1224.4620, acc=0.1823
[ 2022-08-31 16:36:15,233][train_tran.train_nn_models] [Training] Epoch=79, loss=1220.9594, nll=1220.9594, l2_reg=0.0000, acc=0.1863
[ 2022-08-31 16:36:15,233][train_tran.train_nn_models] [Validation] Epoch=79, nll=1224.4575, acc=0.1823
[ 2022-08-31 16:36:16,683][train_tran.train_nn_models] [Training] Epoch=80, loss=1220.9534, nll=1220.9534, l2_reg=0.0000, acc=0.1865
[ 2022-08-31 16:36:16,683][train_tran.train_nn_models] [Validation] Epoch=80, nll=1224.4536, acc=0.1823
[ 2022-08-31 16:36:18,152][train_tran.train_nn_models] [Training] Epoch=81, loss=1220.9464, nll=1220.9464, l2_reg=0.0000, acc=0.1864
[ 2022-08-31 16:36:18,152][train_tran.train_nn_models] [Validation] Epoch=81, nll=1224.4496, acc=0.1823
[ 2022-08-31 16:36:19,618][train_tran.train_nn_models] [Training] Epoch=82, loss=1220.9395, nll=1220.9395, l2_reg=0.0000, acc=0.1863
[ 2022-08-31 16:36:19,618][train_tran.train_nn_models] [Validation] Epoch=82, nll=1224.4460, acc=0.1823
[ 2022-08-31 16:36:21,084][train_tran.train_nn_models] [Training] Epoch=83, loss=1220.9316, nll=1220.9316, l2_reg=0.0000, acc=0.1864
[ 2022-08-31 16:36:21,085][train_tran.train_nn_models] [Validation] Epoch=83, nll=1224.4420, acc=0.1822
[ 2022-08-31 16:36:22,542][train_tran.train_nn_models] [Training] Epoch=84, loss=1220.9248, nll=1220.9248, l2_reg=0.0000, acc=0.1863
[ 2022-08-31 16:36:22,542][train_tran.train_nn_models] [Validation] Epoch=84, nll=1224.4374, acc=0.1823
[ 2022-08-31 16:36:24,016][train_tran.train_nn_models] [Training] Epoch=85, loss=1220.9180, nll=1220.9180, l2_reg=0.0000, acc=0.1860
[ 2022-08-31 16:36:24,016][train_tran.train_nn_models] [Validation] Epoch=85, nll=1224.4327, acc=0.1824
[ 2022-08-31 16:36:25,504][train_tran.train_nn_models] [Training] Epoch=86, loss=1220.9125, nll=1220.9125, l2_reg=0.0000, acc=0.1861
[ 2022-08-31 16:36:25,504][train_tran.train_nn_models] [Validation] Epoch=86, nll=1224.4282, acc=0.1824
[ 2022-08-31 16:36:26,991][train_tran.train_nn_models] [Training] Epoch=87, loss=1220.9066, nll=1220.9066, l2_reg=0.0000, acc=0.1860
[ 2022-08-31 16:36:26,992][train_tran.train_nn_models] [Validation] Epoch=87, nll=1224.4242, acc=0.1824
[ 2022-08-31 16:36:28,453][train_tran.train_nn_models] [Training] Epoch=88, loss=1220.9015, nll=1220.9015, l2_reg=0.0000, acc=0.1858
[ 2022-08-31 16:36:28,453][train_tran.train_nn_models] [Validation] Epoch=88, nll=1224.4202, acc=0.1825
[ 2022-08-31 16:36:29,909][train_tran.train_nn_models] [Training] Epoch=89, loss=1220.8959, nll=1220.8959, l2_reg=0.0000, acc=0.1859
[ 2022-08-31 16:36:29,910][train_tran.train_nn_models] [Validation] Epoch=89, nll=1224.4163, acc=0.1824
[ 2022-08-31 16:36:31,370][train_tran.train_nn_models] [Training] Epoch=90, loss=1220.8905, nll=1220.8905, l2_reg=0.0000, acc=0.1860
[ 2022-08-31 16:36:31,370][train_tran.train_nn_models] [Validation] Epoch=90, nll=1224.4124, acc=0.1825
[ 2022-08-31 16:36:32,817][train_tran.train_nn_models] [Training] Epoch=91, loss=1220.8849, nll=1220.8849, l2_reg=0.0000, acc=0.1859
[ 2022-08-31 16:36:32,817][train_tran.train_nn_models] [Validation] Epoch=91, nll=1224.4086, acc=0.1825
[ 2022-08-31 16:36:34,228][train_tran.train_nn_models] [Training] Epoch=92, loss=1220.8793, nll=1220.8793, l2_reg=0.0000, acc=0.1860
[ 2022-08-31 16:36:34,228][train_tran.train_nn_models] [Validation] Epoch=92, nll=1224.4047, acc=0.1824
[ 2022-08-31 16:36:35,697][train_tran.train_nn_models] [Training] Epoch=93, loss=1220.8734, nll=1220.8734, l2_reg=0.0000, acc=0.1861
[ 2022-08-31 16:36:35,698][train_tran.train_nn_models] [Validation] Epoch=93, nll=1224.4009, acc=0.1823
[ 2022-08-31 16:36:37,142][train_tran.train_nn_models] [Training] Epoch=94, loss=1220.8674, nll=1220.8674, l2_reg=0.0000, acc=0.1861
[ 2022-08-31 16:36:37,142][train_tran.train_nn_models] [Validation] Epoch=94, nll=1224.3976, acc=0.1823
[ 2022-08-31 16:36:38,603][train_tran.train_nn_models] [Training] Epoch=95, loss=1220.8613, nll=1220.8613, l2_reg=0.0000, acc=0.1859
[ 2022-08-31 16:36:38,604][train_tran.train_nn_models] [Validation] Epoch=95, nll=1224.3943, acc=0.1822
[ 2022-08-31 16:36:40,061][train_tran.train_nn_models] [Training] Epoch=96, loss=1220.8551, nll=1220.8551, l2_reg=0.0000, acc=0.1860
[ 2022-08-31 16:36:40,061][train_tran.train_nn_models] [Validation] Epoch=96, nll=1224.3906, acc=0.1823
[ 2022-08-31 16:36:41,436][train_tran.train_nn_models] [Training] Epoch=97, loss=1220.8486, nll=1220.8486, l2_reg=0.0000, acc=0.1859
[ 2022-08-31 16:36:41,436][train_tran.train_nn_models] [Validation] Epoch=97, nll=1224.3871, acc=0.1823
[ 2022-08-31 16:36:42,946][train_tran.train_nn_models] [Training] Epoch=98, loss=1220.8420, nll=1220.8420, l2_reg=0.0000, acc=0.1860
[ 2022-08-31 16:36:42,946][train_tran.train_nn_models] [Validation] Epoch=98, nll=1224.3833, acc=0.1823
[ 2022-08-31 16:36:44,352][train_tran.train_nn_models] [Training] Epoch=99, loss=1220.8350, nll=1220.8350, l2_reg=0.0000, acc=0.1858
[ 2022-08-31 16:36:44,352][train_tran.train_nn_models] [Validation] Epoch=99, nll=1224.3794, acc=0.1823
[ 2022-08-31 16:36:45,774][train_tran.train_nn_models] [Training] Epoch=100, loss=1220.8278, nll=1220.8278, l2_reg=0.0000, acc=0.1859
[ 2022-08-31 16:36:45,775][train_tran.train_nn_models] [Validation] Epoch=100, nll=1224.3748, acc=0.1822
[ 2022-08-31 16:36:47,237][train_tran.train_nn_models] [Training] Epoch=101, loss=1220.8201, nll=1220.8201, l2_reg=0.0000, acc=0.1860
[ 2022-08-31 16:36:47,237][train_tran.train_nn_models] [Validation] Epoch=101, nll=1224.3695, acc=0.1822
[ 2022-08-31 16:36:48,631][train_tran.train_nn_models] [Training] Epoch=102, loss=1220.8120, nll=1220.8120, l2_reg=0.0000, acc=0.1860
[ 2022-08-31 16:36:48,631][train_tran.train_nn_models] [Validation] Epoch=102, nll=1224.3641, acc=0.1823
[ 2022-08-31 16:36:50,035][train_tran.train_nn_models] [Training] Epoch=103, loss=1220.8042, nll=1220.8042, l2_reg=0.0000, acc=0.1859
[ 2022-08-31 16:36:50,036][train_tran.train_nn_models] [Validation] Epoch=103, nll=1224.3586, acc=0.1823
[ 2022-08-31 16:36:51,425][train_tran.train_nn_models] [Training] Epoch=104, loss=1220.7963, nll=1220.7963, l2_reg=0.0000, acc=0.1859
[ 2022-08-31 16:36:51,425][train_tran.train_nn_models] [Validation] Epoch=104, nll=1224.3518, acc=0.1823
[ 2022-08-31 16:36:52,883][train_tran.train_nn_models] [Training] Epoch=105, loss=1220.7885, nll=1220.7885, l2_reg=0.0000, acc=0.1859
[ 2022-08-31 16:36:52,883][train_tran.train_nn_models] [Validation] Epoch=105, nll=1224.3462, acc=0.1823
[ 2022-08-31 16:36:54,292][train_tran.train_nn_models] [Training] Epoch=106, loss=1220.7802, nll=1220.7802, l2_reg=0.0000, acc=0.1860
[ 2022-08-31 16:36:54,292][train_tran.train_nn_models] [Validation] Epoch=106, nll=1224.3386, acc=0.1823
[ 2022-08-31 16:36:55,682][train_tran.train_nn_models] [Training] Epoch=107, loss=1220.7717, nll=1220.7717, l2_reg=0.0000, acc=0.1860
[ 2022-08-31 16:36:55,682][train_tran.train_nn_models] [Validation] Epoch=107, nll=1224.3329, acc=0.1823
[ 2022-08-31 16:36:57,100][train_tran.train_nn_models] [Training] Epoch=108, loss=1220.7627, nll=1220.7627, l2_reg=0.0000, acc=0.1860
[ 2022-08-31 16:36:57,100][train_tran.train_nn_models] [Validation] Epoch=108, nll=1224.3254, acc=0.1823
[ 2022-08-31 16:36:58,519][train_tran.train_nn_models] [Training] Epoch=109, loss=1220.7522, nll=1220.7522, l2_reg=0.0000, acc=0.1860
[ 2022-08-31 16:36:58,519][train_tran.train_nn_models] [Validation] Epoch=109, nll=1224.3171, acc=0.1823
[ 2022-08-31 16:36:59,972][train_tran.train_nn_models] [Training] Epoch=110, loss=1220.7408, nll=1220.7408, l2_reg=0.0000, acc=0.1860
[ 2022-08-31 16:36:59,972][train_tran.train_nn_models] [Validation] Epoch=110, nll=1224.3076, acc=0.1821
[ 2022-08-31 16:37:01,410][train_tran.train_nn_models] [Training] Epoch=111, loss=1220.7286, nll=1220.7286, l2_reg=0.0000, acc=0.1859
[ 2022-08-31 16:37:01,410][train_tran.train_nn_models] [Validation] Epoch=111, nll=1224.3008, acc=0.1821
[ 2022-08-31 16:37:02,825][train_tran.train_nn_models] [Training] Epoch=112, loss=1220.7166, nll=1220.7166, l2_reg=0.0000, acc=0.1859
[ 2022-08-31 16:37:02,826][train_tran.train_nn_models] [Validation] Epoch=112, nll=1224.2960, acc=0.1821
[ 2022-08-31 16:37:04,260][train_tran.train_nn_models] [Training] Epoch=113, loss=1220.7058, nll=1220.7058, l2_reg=0.0000, acc=0.1859
[ 2022-08-31 16:37:04,261][train_tran.train_nn_models] [Validation] Epoch=113, nll=1224.2910, acc=0.1820
[ 2022-08-31 16:37:05,678][train_tran.train_nn_models] [Training] Epoch=114, loss=1220.6962, nll=1220.6962, l2_reg=0.0000, acc=0.1857
[ 2022-08-31 16:37:05,678][train_tran.train_nn_models] [Validation] Epoch=114, nll=1224.2856, acc=0.1820
[ 2022-08-31 16:37:07,147][train_tran.train_nn_models] [Training] Epoch=115, loss=1220.6866, nll=1220.6866, l2_reg=0.0000, acc=0.1856
[ 2022-08-31 16:37:07,148][train_tran.train_nn_models] [Validation] Epoch=115, nll=1224.2793, acc=0.1819
[ 2022-08-31 16:37:08,624][train_tran.train_nn_models] [Training] Epoch=116, loss=1220.6766, nll=1220.6766, l2_reg=0.0000, acc=0.1858
[ 2022-08-31 16:37:08,624][train_tran.train_nn_models] [Validation] Epoch=116, nll=1224.2743, acc=0.1818
[ 2022-08-31 16:37:10,059][train_tran.train_nn_models] [Training] Epoch=117, loss=1220.6654, nll=1220.6654, l2_reg=0.0000, acc=0.1857
[ 2022-08-31 16:37:10,060][train_tran.train_nn_models] [Validation] Epoch=117, nll=1224.2659, acc=0.1818
[ 2022-08-31 16:37:11,500][train_tran.train_nn_models] [Training] Epoch=118, loss=1220.6515, nll=1220.6515, l2_reg=0.0000, acc=0.1857
[ 2022-08-31 16:37:11,500][train_tran.train_nn_models] [Validation] Epoch=118, nll=1224.2593, acc=0.1818
[ 2022-08-31 16:37:12,881][train_tran.train_nn_models] [Training] Epoch=119, loss=1220.6333, nll=1220.6333, l2_reg=0.0000, acc=0.1857
[ 2022-08-31 16:37:12,881][train_tran.train_nn_models] [Validation] Epoch=119, nll=1224.2521, acc=0.1817
[ 2022-08-31 16:37:14,324][train_tran.train_nn_models] [Training] Epoch=120, loss=1220.6141, nll=1220.6141, l2_reg=0.0000, acc=0.1855
[ 2022-08-31 16:37:14,324][train_tran.train_nn_models] [Validation] Epoch=120, nll=1224.2429, acc=0.1817
[ 2022-08-31 16:37:15,755][train_tran.train_nn_models] [Training] Epoch=121, loss=1220.5985, nll=1220.5985, l2_reg=0.0000, acc=0.1857
[ 2022-08-31 16:37:15,755][train_tran.train_nn_models] [Validation] Epoch=121, nll=1224.2327, acc=0.1817
[ 2022-08-31 16:37:17,218][train_tran.train_nn_models] [Training] Epoch=122, loss=1220.5862, nll=1220.5862, l2_reg=0.0000, acc=0.1857
[ 2022-08-31 16:37:17,219][train_tran.train_nn_models] [Validation] Epoch=122, nll=1224.2239, acc=0.1816
[ 2022-08-31 16:37:18,640][train_tran.train_nn_models] [Training] Epoch=123, loss=1220.5750, nll=1220.5750, l2_reg=0.0000, acc=0.1857
[ 2022-08-31 16:37:18,640][train_tran.train_nn_models] [Validation] Epoch=123, nll=1224.2168, acc=0.1815
[ 2022-08-31 16:37:20,099][train_tran.train_nn_models] [Training] Epoch=124, loss=1220.5641, nll=1220.5641, l2_reg=0.0000, acc=0.1858
[ 2022-08-31 16:37:20,099][train_tran.train_nn_models] [Validation] Epoch=124, nll=1224.2112, acc=0.1815
[ 2022-08-31 16:37:21,525][train_tran.train_nn_models] [Training] Epoch=125, loss=1220.5525, nll=1220.5525, l2_reg=0.0000, acc=0.1857
[ 2022-08-31 16:37:21,525][train_tran.train_nn_models] [Validation] Epoch=125, nll=1224.2068, acc=0.1814
[ 2022-08-31 16:37:22,965][train_tran.train_nn_models] [Training] Epoch=126, loss=1220.5361, nll=1220.5361, l2_reg=0.0000, acc=0.1859
[ 2022-08-31 16:37:22,965][train_tran.train_nn_models] [Validation] Epoch=126, nll=1224.2004, acc=0.1814
[ 2022-08-31 16:37:22,965][train_tran.train_nn_models] Found a better model at epoch 126.
[ 2022-08-31 16:37:24,404][train_tran.train_nn_models] [Training] Epoch=127, loss=1220.5208, nll=1220.5208, l2_reg=0.0000, acc=0.1859
[ 2022-08-31 16:37:24,404][train_tran.train_nn_models] [Validation] Epoch=127, nll=1224.1956, acc=0.1814
[ 2022-08-31 16:37:24,404][train_tran.train_nn_models] Found a better model at epoch 127.
[ 2022-08-31 16:37:25,834][train_tran.train_nn_models] [Training] Epoch=128, loss=1220.5093, nll=1220.5093, l2_reg=0.0000, acc=0.1861
[ 2022-08-31 16:37:25,834][train_tran.train_nn_models] [Validation] Epoch=128, nll=1224.1902, acc=0.1814
[ 2022-08-31 16:37:25,834][train_tran.train_nn_models] Found a better model at epoch 128.
[ 2022-08-31 16:37:27,266][train_tran.train_nn_models] [Training] Epoch=129, loss=1220.4957, nll=1220.4957, l2_reg=0.0000, acc=0.1863
[ 2022-08-31 16:37:27,266][train_tran.train_nn_models] [Validation] Epoch=129, nll=1224.1848, acc=0.1814
[ 2022-08-31 16:37:27,266][train_tran.train_nn_models] Found a better model at epoch 129.
[ 2022-08-31 16:37:28,727][train_tran.train_nn_models] [Training] Epoch=130, loss=1220.4786, nll=1220.4786, l2_reg=0.0000, acc=0.1864
[ 2022-08-31 16:37:28,727][train_tran.train_nn_models] [Validation] Epoch=130, nll=1224.1816, acc=0.1814
[ 2022-08-31 16:37:28,727][train_tran.train_nn_models] Found a better model at epoch 130.
[ 2022-08-31 16:37:30,184][train_tran.train_nn_models] [Training] Epoch=131, loss=1220.4609, nll=1220.4609, l2_reg=0.0000, acc=0.1862
[ 2022-08-31 16:37:30,184][train_tran.train_nn_models] [Validation] Epoch=131, nll=1224.1780, acc=0.1813
[ 2022-08-31 16:37:30,184][train_tran.train_nn_models] Found a better model at epoch 131.
[ 2022-08-31 16:37:31,658][train_tran.train_nn_models] [Training] Epoch=132, loss=1220.4468, nll=1220.4468, l2_reg=0.0000, acc=0.1864
[ 2022-08-31 16:37:31,658][train_tran.train_nn_models] [Validation] Epoch=132, nll=1224.1688, acc=0.1814
[ 2022-08-31 16:37:31,658][train_tran.train_nn_models] Found a better model at epoch 132.
[ 2022-08-31 16:37:33,130][train_tran.train_nn_models] [Training] Epoch=133, loss=1220.4326, nll=1220.4326, l2_reg=0.0000, acc=0.1863
[ 2022-08-31 16:37:33,130][train_tran.train_nn_models] [Validation] Epoch=133, nll=1224.1519, acc=0.1814
[ 2022-08-31 16:37:33,131][train_tran.train_nn_models] Found a better model at epoch 133.
[ 2022-08-31 16:37:34,575][train_tran.train_nn_models] [Training] Epoch=134, loss=1220.4115, nll=1220.4115, l2_reg=0.0000, acc=0.1860
[ 2022-08-31 16:37:34,576][train_tran.train_nn_models] [Validation] Epoch=134, nll=1224.1310, acc=0.1815
[ 2022-08-31 16:37:34,576][train_tran.train_nn_models] Found a better model at epoch 134.
[ 2022-08-31 16:37:36,028][train_tran.train_nn_models] [Training] Epoch=135, loss=1220.3879, nll=1220.3879, l2_reg=0.0000, acc=0.1859
[ 2022-08-31 16:37:36,028][train_tran.train_nn_models] [Validation] Epoch=135, nll=1224.1195, acc=0.1815
[ 2022-08-31 16:37:36,028][train_tran.train_nn_models] Found a better model at epoch 135.
[ 2022-08-31 16:37:37,503][train_tran.train_nn_models] [Training] Epoch=136, loss=1220.3718, nll=1220.3718, l2_reg=0.0000, acc=0.1858
[ 2022-08-31 16:37:37,503][train_tran.train_nn_models] [Validation] Epoch=136, nll=1224.1064, acc=0.1815
[ 2022-08-31 16:37:37,503][train_tran.train_nn_models] Found a better model at epoch 136.
[ 2022-08-31 16:37:38,936][train_tran.train_nn_models] [Training] Epoch=137, loss=1220.3590, nll=1220.3590, l2_reg=0.0000, acc=0.1858
[ 2022-08-31 16:37:38,936][train_tran.train_nn_models] [Validation] Epoch=137, nll=1224.0997, acc=0.1814
[ 2022-08-31 16:37:38,937][train_tran.train_nn_models] Found a better model at epoch 137.
[ 2022-08-31 16:37:40,406][train_tran.train_nn_models] [Training] Epoch=138, loss=1220.3495, nll=1220.3495, l2_reg=0.0000, acc=0.1857
[ 2022-08-31 16:37:40,407][train_tran.train_nn_models] [Validation] Epoch=138, nll=1224.0948, acc=0.1813
[ 2022-08-31 16:37:40,407][train_tran.train_nn_models] Found a better model at epoch 138.
[ 2022-08-31 16:37:41,875][train_tran.train_nn_models] [Training] Epoch=139, loss=1220.3413, nll=1220.3413, l2_reg=0.0000, acc=0.1858
[ 2022-08-31 16:37:41,875][train_tran.train_nn_models] [Validation] Epoch=139, nll=1224.0880, acc=0.1814
[ 2022-08-31 16:37:41,875][train_tran.train_nn_models] Found a better model at epoch 139.
[ 2022-08-31 16:37:43,341][train_tran.train_nn_models] [Training] Epoch=140, loss=1220.3344, nll=1220.3344, l2_reg=0.0000, acc=0.1858
[ 2022-08-31 16:37:43,341][train_tran.train_nn_models] [Validation] Epoch=140, nll=1224.0826, acc=0.1814
[ 2022-08-31 16:37:43,341][train_tran.train_nn_models] Found a better model at epoch 140.
[ 2022-08-31 16:37:44,811][train_tran.train_nn_models] [Training] Epoch=141, loss=1220.3278, nll=1220.3278, l2_reg=0.0000, acc=0.1858
[ 2022-08-31 16:37:44,812][train_tran.train_nn_models] [Validation] Epoch=141, nll=1224.0764, acc=0.1815
[ 2022-08-31 16:37:44,812][train_tran.train_nn_models] Found a better model at epoch 141.
[ 2022-08-31 16:37:46,277][train_tran.train_nn_models] [Training] Epoch=142, loss=1220.3197, nll=1220.3197, l2_reg=0.0000, acc=0.1860
[ 2022-08-31 16:37:46,277][train_tran.train_nn_models] [Validation] Epoch=142, nll=1224.0691, acc=0.1815
[ 2022-08-31 16:37:46,277][train_tran.train_nn_models] Found a better model at epoch 142.
[ 2022-08-31 16:37:47,729][train_tran.train_nn_models] [Training] Epoch=143, loss=1220.3120, nll=1220.3120, l2_reg=0.0000, acc=0.1862
[ 2022-08-31 16:37:47,729][train_tran.train_nn_models] [Validation] Epoch=143, nll=1224.0629, acc=0.1815
[ 2022-08-31 16:37:47,730][train_tran.train_nn_models] Found a better model at epoch 143.
[ 2022-08-31 16:37:49,191][train_tran.train_nn_models] [Training] Epoch=144, loss=1220.3060, nll=1220.3060, l2_reg=0.0000, acc=0.1861
[ 2022-08-31 16:37:49,191][train_tran.train_nn_models] [Validation] Epoch=144, nll=1224.0573, acc=0.1814
[ 2022-08-31 16:37:49,191][train_tran.train_nn_models] Found a better model at epoch 144.
[ 2022-08-31 16:37:50,679][train_tran.train_nn_models] [Training] Epoch=145, loss=1220.2998, nll=1220.2998, l2_reg=0.0000, acc=0.1862
[ 2022-08-31 16:37:50,679][train_tran.train_nn_models] [Validation] Epoch=145, nll=1224.0525, acc=0.1814
[ 2022-08-31 16:37:50,679][train_tran.train_nn_models] Found a better model at epoch 145.
[ 2022-08-31 16:37:52,152][train_tran.train_nn_models] [Training] Epoch=146, loss=1220.2943, nll=1220.2943, l2_reg=0.0000, acc=0.1862
[ 2022-08-31 16:37:52,153][train_tran.train_nn_models] [Validation] Epoch=146, nll=1224.0487, acc=0.1815
[ 2022-08-31 16:37:52,153][train_tran.train_nn_models] Found a better model at epoch 146.
[ 2022-08-31 16:37:53,619][train_tran.train_nn_models] [Training] Epoch=147, loss=1220.2891, nll=1220.2891, l2_reg=0.0000, acc=0.1862
[ 2022-08-31 16:37:53,619][train_tran.train_nn_models] [Validation] Epoch=147, nll=1224.0436, acc=0.1815
[ 2022-08-31 16:37:53,619][train_tran.train_nn_models] Found a better model at epoch 147.
[ 2022-08-31 16:37:55,086][train_tran.train_nn_models] [Training] Epoch=148, loss=1220.2841, nll=1220.2841, l2_reg=0.0000, acc=0.1864
[ 2022-08-31 16:37:55,087][train_tran.train_nn_models] [Validation] Epoch=148, nll=1224.0398, acc=0.1815
[ 2022-08-31 16:37:55,087][train_tran.train_nn_models] Found a better model at epoch 148.
[ 2022-08-31 16:37:56,540][train_tran.train_nn_models] [Training] Epoch=149, loss=1220.2789, nll=1220.2789, l2_reg=0.0000, acc=0.1862
[ 2022-08-31 16:37:56,540][train_tran.train_nn_models] [Validation] Epoch=149, nll=1224.0348, acc=0.1815
[ 2022-08-31 16:37:56,540][train_tran.train_nn_models] Found a better model at epoch 149.
[ 2022-08-31 16:37:57,999][train_tran.train_nn_models] [Training] Epoch=150, loss=1220.2739, nll=1220.2739, l2_reg=0.0000, acc=0.1861
[ 2022-08-31 16:37:57,999][train_tran.train_nn_models] [Validation] Epoch=150, nll=1224.0295, acc=0.1815
[ 2022-08-31 16:37:57,999][train_tran.train_nn_models] Found a better model at epoch 150.
[ 2022-08-31 16:37:59,429][train_tran.train_nn_models] [Training] Epoch=151, loss=1220.2684, nll=1220.2684, l2_reg=0.0000, acc=0.1862
[ 2022-08-31 16:37:59,429][train_tran.train_nn_models] [Validation] Epoch=151, nll=1224.0233, acc=0.1815
[ 2022-08-31 16:37:59,429][train_tran.train_nn_models] Found a better model at epoch 151.
[ 2022-08-31 16:38:00,872][train_tran.train_nn_models] [Training] Epoch=152, loss=1220.2625, nll=1220.2625, l2_reg=0.0000, acc=0.1861
[ 2022-08-31 16:38:00,872][train_tran.train_nn_models] [Validation] Epoch=152, nll=1224.0172, acc=0.1815
[ 2022-08-31 16:38:00,872][train_tran.train_nn_models] Found a better model at epoch 152.
[ 2022-08-31 16:38:02,320][train_tran.train_nn_models] [Training] Epoch=153, loss=1220.2572, nll=1220.2572, l2_reg=0.0000, acc=0.1861
[ 2022-08-31 16:38:02,320][train_tran.train_nn_models] [Validation] Epoch=153, nll=1224.0121, acc=0.1815
[ 2022-08-31 16:38:02,320][train_tran.train_nn_models] Found a better model at epoch 153.
[ 2022-08-31 16:38:03,783][train_tran.train_nn_models] [Training] Epoch=154, loss=1220.2512, nll=1220.2512, l2_reg=0.0000, acc=0.1858
[ 2022-08-31 16:38:03,783][train_tran.train_nn_models] [Validation] Epoch=154, nll=1224.0063, acc=0.1815
[ 2022-08-31 16:38:03,783][train_tran.train_nn_models] Found a better model at epoch 154.
[ 2022-08-31 16:38:05,219][train_tran.train_nn_models] [Training] Epoch=155, loss=1220.2462, nll=1220.2462, l2_reg=0.0000, acc=0.1858
[ 2022-08-31 16:38:05,220][train_tran.train_nn_models] [Validation] Epoch=155, nll=1224.0015, acc=0.1815
[ 2022-08-31 16:38:05,220][train_tran.train_nn_models] Found a better model at epoch 155.
[ 2022-08-31 16:38:06,643][train_tran.train_nn_models] [Training] Epoch=156, loss=1220.2406, nll=1220.2406, l2_reg=0.0000, acc=0.1858
[ 2022-08-31 16:38:06,643][train_tran.train_nn_models] [Validation] Epoch=156, nll=1223.9948, acc=0.1815
[ 2022-08-31 16:38:06,643][train_tran.train_nn_models] Found a better model at epoch 156.
[ 2022-08-31 16:38:08,064][train_tran.train_nn_models] [Training] Epoch=157, loss=1220.2341, nll=1220.2341, l2_reg=0.0000, acc=0.1858
[ 2022-08-31 16:38:08,065][train_tran.train_nn_models] [Validation] Epoch=157, nll=1223.9871, acc=0.1815
[ 2022-08-31 16:38:08,065][train_tran.train_nn_models] Found a better model at epoch 157.
[ 2022-08-31 16:38:09,462][train_tran.train_nn_models] [Training] Epoch=158, loss=1220.2272, nll=1220.2272, l2_reg=0.0000, acc=0.1857
[ 2022-08-31 16:38:09,462][train_tran.train_nn_models] [Validation] Epoch=158, nll=1223.9811, acc=0.1815
[ 2022-08-31 16:38:09,462][train_tran.train_nn_models] Found a better model at epoch 158.
[ 2022-08-31 16:38:10,852][train_tran.train_nn_models] [Training] Epoch=159, loss=1220.2194, nll=1220.2194, l2_reg=0.0000, acc=0.1858
[ 2022-08-31 16:38:10,852][train_tran.train_nn_models] [Validation] Epoch=159, nll=1223.9728, acc=0.1815
[ 2022-08-31 16:38:10,852][train_tran.train_nn_models] Found a better model at epoch 159.
[ 2022-08-31 16:38:12,257][train_tran.train_nn_models] [Training] Epoch=160, loss=1220.2095, nll=1220.2095, l2_reg=0.0000, acc=0.1859
[ 2022-08-31 16:38:12,257][train_tran.train_nn_models] [Validation] Epoch=160, nll=1223.9624, acc=0.1815
[ 2022-08-31 16:38:12,257][train_tran.train_nn_models] Found a better model at epoch 160.
[ 2022-08-31 16:38:13,659][train_tran.train_nn_models] [Training] Epoch=161, loss=1220.1996, nll=1220.1996, l2_reg=0.0000, acc=0.1858
[ 2022-08-31 16:38:13,659][train_tran.train_nn_models] [Validation] Epoch=161, nll=1223.9435, acc=0.1815
[ 2022-08-31 16:38:13,659][train_tran.train_nn_models] Found a better model at epoch 161.
[ 2022-08-31 16:38:15,072][train_tran.train_nn_models] [Training] Epoch=162, loss=1220.1902, nll=1220.1902, l2_reg=0.0000, acc=0.1858
[ 2022-08-31 16:38:15,072][train_tran.train_nn_models] [Validation] Epoch=162, nll=1223.9291, acc=0.1817
[ 2022-08-31 16:38:15,072][train_tran.train_nn_models] Found a better model at epoch 162.
[ 2022-08-31 16:38:16,483][train_tran.train_nn_models] [Training] Epoch=163, loss=1220.1863, nll=1220.1863, l2_reg=0.0000, acc=0.1858
[ 2022-08-31 16:38:16,484][train_tran.train_nn_models] [Validation] Epoch=163, nll=1223.9161, acc=0.1817
[ 2022-08-31 16:38:16,484][train_tran.train_nn_models] Found a better model at epoch 163.
[ 2022-08-31 16:38:17,887][train_tran.train_nn_models] [Training] Epoch=164, loss=1220.1763, nll=1220.1763, l2_reg=0.0000, acc=0.1858
[ 2022-08-31 16:38:17,887][train_tran.train_nn_models] [Validation] Epoch=164, nll=1223.9060, acc=0.1816
[ 2022-08-31 16:38:17,888][train_tran.train_nn_models] Found a better model at epoch 164.
[ 2022-08-31 16:38:19,290][train_tran.train_nn_models] [Training] Epoch=165, loss=1220.1732, nll=1220.1732, l2_reg=0.0000, acc=0.1858
[ 2022-08-31 16:38:19,290][train_tran.train_nn_models] [Validation] Epoch=165, nll=1223.8927, acc=0.1816
[ 2022-08-31 16:38:19,290][train_tran.train_nn_models] Found a better model at epoch 165.
[ 2022-08-31 16:38:20,687][train_tran.train_nn_models] [Training] Epoch=166, loss=1220.1622, nll=1220.1622, l2_reg=0.0000, acc=0.1858
[ 2022-08-31 16:38:20,687][train_tran.train_nn_models] [Validation] Epoch=166, nll=1223.8834, acc=0.1818
[ 2022-08-31 16:38:20,687][train_tran.train_nn_models] Found a better model at epoch 166.
[ 2022-08-31 16:38:22,090][train_tran.train_nn_models] [Training] Epoch=167, loss=1220.1636, nll=1220.1636, l2_reg=0.0000, acc=0.1859
[ 2022-08-31 16:38:22,090][train_tran.train_nn_models] [Validation] Epoch=167, nll=1223.8705, acc=0.1817
[ 2022-08-31 16:38:22,091][train_tran.train_nn_models] Found a better model at epoch 167.
[ 2022-08-31 16:38:23,491][train_tran.train_nn_models] [Training] Epoch=168, loss=1220.1515, nll=1220.1515, l2_reg=0.0000, acc=0.1860
[ 2022-08-31 16:38:23,492][train_tran.train_nn_models] [Validation] Epoch=168, nll=1223.8723, acc=0.1816
[ 2022-08-31 16:38:24,891][train_tran.train_nn_models] [Training] Epoch=169, loss=1220.1603, nll=1220.1603, l2_reg=0.0000, acc=0.1860
[ 2022-08-31 16:38:24,892][train_tran.train_nn_models] [Validation] Epoch=169, nll=1223.8495, acc=0.1817
[ 2022-08-31 16:38:24,892][train_tran.train_nn_models] Found a better model at epoch 169.
[ 2022-08-31 16:38:26,285][train_tran.train_nn_models] [Training] Epoch=170, loss=1220.1396, nll=1220.1396, l2_reg=0.0000, acc=0.1857
[ 2022-08-31 16:38:26,285][train_tran.train_nn_models] [Validation] Epoch=170, nll=1223.8615, acc=0.1816
[ 2022-08-31 16:38:27,682][train_tran.train_nn_models] [Training] Epoch=171, loss=1220.1537, nll=1220.1537, l2_reg=0.0000, acc=0.1858
[ 2022-08-31 16:38:27,682][train_tran.train_nn_models] [Validation] Epoch=171, nll=1223.8270, acc=0.1816
[ 2022-08-31 16:38:27,682][train_tran.train_nn_models] Found a better model at epoch 171.
[ 2022-08-31 16:38:29,093][train_tran.train_nn_models] [Training] Epoch=172, loss=1220.1270, nll=1220.1270, l2_reg=0.0000, acc=0.1858
[ 2022-08-31 16:38:29,093][train_tran.train_nn_models] [Validation] Epoch=172, nll=1223.8469, acc=0.1816
[ 2022-08-31 16:38:30,500][train_tran.train_nn_models] [Training] Epoch=173, loss=1220.1466, nll=1220.1466, l2_reg=0.0000, acc=0.1859
[ 2022-08-31 16:38:30,500][train_tran.train_nn_models] [Validation] Epoch=173, nll=1223.8037, acc=0.1816
[ 2022-08-31 16:38:30,500][train_tran.train_nn_models] Found a better model at epoch 173.
[ 2022-08-31 16:38:31,915][train_tran.train_nn_models] [Training] Epoch=174, loss=1220.1152, nll=1220.1152, l2_reg=0.0000, acc=0.1856
[ 2022-08-31 16:38:31,915][train_tran.train_nn_models] [Validation] Epoch=174, nll=1223.8342, acc=0.1817
[ 2022-08-31 16:38:33,304][train_tran.train_nn_models] [Training] Epoch=175, loss=1220.1387, nll=1220.1387, l2_reg=0.0000, acc=0.1860
[ 2022-08-31 16:38:33,304][train_tran.train_nn_models] [Validation] Epoch=175, nll=1223.7827, acc=0.1815
[ 2022-08-31 16:38:33,304][train_tran.train_nn_models] Found a better model at epoch 175.
[ 2022-08-31 16:38:34,711][train_tran.train_nn_models] [Training] Epoch=176, loss=1220.1044, nll=1220.1044, l2_reg=0.0000, acc=0.1856
[ 2022-08-31 16:38:34,711][train_tran.train_nn_models] [Validation] Epoch=176, nll=1223.8264, acc=0.1817
[ 2022-08-31 16:38:36,107][train_tran.train_nn_models] [Training] Epoch=177, loss=1220.1311, nll=1220.1311, l2_reg=0.0000, acc=0.1859
[ 2022-08-31 16:38:36,108][train_tran.train_nn_models] [Validation] Epoch=177, nll=1223.7638, acc=0.1815
[ 2022-08-31 16:38:36,108][train_tran.train_nn_models] Found a better model at epoch 177.
[ 2022-08-31 16:38:37,525][train_tran.train_nn_models] [Training] Epoch=178, loss=1220.0948, nll=1220.0948, l2_reg=0.0000, acc=0.1858
[ 2022-08-31 16:38:37,525][train_tran.train_nn_models] [Validation] Epoch=178, nll=1223.8164, acc=0.1816
[ 2022-08-31 16:38:38,933][train_tran.train_nn_models] [Training] Epoch=179, loss=1220.1246, nll=1220.1246, l2_reg=0.0000, acc=0.1858
[ 2022-08-31 16:38:38,933][train_tran.train_nn_models] [Validation] Epoch=179, nll=1223.7467, acc=0.1814
[ 2022-08-31 16:38:38,934][train_tran.train_nn_models] Found a better model at epoch 179.
[ 2022-08-31 16:38:40,337][train_tran.train_nn_models] [Training] Epoch=180, loss=1220.0876, nll=1220.0876, l2_reg=0.0000, acc=0.1856
[ 2022-08-31 16:38:40,337][train_tran.train_nn_models] [Validation] Epoch=180, nll=1223.8026, acc=0.1816
[ 2022-08-31 16:38:41,734][train_tran.train_nn_models] [Training] Epoch=181, loss=1220.1143, nll=1220.1143, l2_reg=0.0000, acc=0.1858
[ 2022-08-31 16:38:41,734][train_tran.train_nn_models] [Validation] Epoch=181, nll=1223.7273, acc=0.1815
[ 2022-08-31 16:38:41,734][train_tran.train_nn_models] Found a better model at epoch 181.
[ 2022-08-31 16:38:43,131][train_tran.train_nn_models] [Training] Epoch=182, loss=1220.0806, nll=1220.0806, l2_reg=0.0000, acc=0.1857
[ 2022-08-31 16:38:43,131][train_tran.train_nn_models] [Validation] Epoch=182, nll=1223.7909, acc=0.1817
[ 2022-08-31 16:38:44,560][train_tran.train_nn_models] [Training] Epoch=183, loss=1220.1068, nll=1220.1068, l2_reg=0.0000, acc=0.1859
[ 2022-08-31 16:38:44,560][train_tran.train_nn_models] [Validation] Epoch=183, nll=1223.7120, acc=0.1815
[ 2022-08-31 16:38:44,560][train_tran.train_nn_models] Found a better model at epoch 183.
[ 2022-08-31 16:38:45,972][train_tran.train_nn_models] [Training] Epoch=184, loss=1220.0735, nll=1220.0735, l2_reg=0.0000, acc=0.1857
[ 2022-08-31 16:38:45,972][train_tran.train_nn_models] [Validation] Epoch=184, nll=1223.7720, acc=0.1816
[ 2022-08-31 16:38:47,398][train_tran.train_nn_models] [Training] Epoch=185, loss=1220.0934, nll=1220.0934, l2_reg=0.0000, acc=0.1859
[ 2022-08-31 16:38:47,399][train_tran.train_nn_models] [Validation] Epoch=185, nll=1223.6896, acc=0.1815
[ 2022-08-31 16:38:47,399][train_tran.train_nn_models] Found a better model at epoch 185.
[ 2022-08-31 16:38:48,829][train_tran.train_nn_models] [Training] Epoch=186, loss=1220.0629, nll=1220.0629, l2_reg=0.0000, acc=0.1857
[ 2022-08-31 16:38:48,830][train_tran.train_nn_models] [Validation] Epoch=186, nll=1223.7603, acc=0.1818
[ 2022-08-31 16:38:50,263][train_tran.train_nn_models] [Training] Epoch=187, loss=1220.0862, nll=1220.0862, l2_reg=0.0000, acc=0.1859
[ 2022-08-31 16:38:50,263][train_tran.train_nn_models] [Validation] Epoch=187, nll=1223.6680, acc=0.1815
[ 2022-08-31 16:38:50,263][train_tran.train_nn_models] Found a better model at epoch 187.
[ 2022-08-31 16:38:51,662][train_tran.train_nn_models] [Training] Epoch=188, loss=1220.0432, nll=1220.0432, l2_reg=0.0000, acc=0.1854
[ 2022-08-31 16:38:51,662][train_tran.train_nn_models] [Validation] Epoch=188, nll=1223.6903, acc=0.1818
[ 2022-08-31 16:38:53,076][train_tran.train_nn_models] [Training] Epoch=189, loss=1220.0250, nll=1220.0250, l2_reg=0.0000, acc=0.1859
[ 2022-08-31 16:38:53,076][train_tran.train_nn_models] [Validation] Epoch=189, nll=1223.6295, acc=0.1817
[ 2022-08-31 16:38:53,077][train_tran.train_nn_models] Found a better model at epoch 189.
[ 2022-08-31 16:38:54,483][train_tran.train_nn_models] [Training] Epoch=190, loss=1220.0258, nll=1220.0258, l2_reg=0.0000, acc=0.1858
[ 2022-08-31 16:38:54,483][train_tran.train_nn_models] [Validation] Epoch=190, nll=1223.7051, acc=0.1818
[ 2022-08-31 16:38:55,891][train_tran.train_nn_models] [Training] Epoch=191, loss=1220.0244, nll=1220.0244, l2_reg=0.0000, acc=0.1859
[ 2022-08-31 16:38:55,892][train_tran.train_nn_models] [Validation] Epoch=191, nll=1223.6202, acc=0.1817
[ 2022-08-31 16:38:55,892][train_tran.train_nn_models] Found a better model at epoch 191.
[ 2022-08-31 16:38:57,296][train_tran.train_nn_models] [Training] Epoch=192, loss=1220.0060, nll=1220.0060, l2_reg=0.0000, acc=0.1855
[ 2022-08-31 16:38:57,297][train_tran.train_nn_models] [Validation] Epoch=192, nll=1223.6554, acc=0.1819
[ 2022-08-31 16:38:58,703][train_tran.train_nn_models] [Training] Epoch=193, loss=1220.0098, nll=1220.0098, l2_reg=0.0000, acc=0.1858
[ 2022-08-31 16:38:58,703][train_tran.train_nn_models] [Validation] Epoch=193, nll=1223.6001, acc=0.1818
[ 2022-08-31 16:38:58,704][train_tran.train_nn_models] Found a better model at epoch 193.
[ 2022-08-31 16:39:00,114][train_tran.train_nn_models] [Training] Epoch=194, loss=1220.0089, nll=1220.0089, l2_reg=0.0000, acc=0.1860
[ 2022-08-31 16:39:00,114][train_tran.train_nn_models] [Validation] Epoch=194, nll=1223.6699, acc=0.1818
[ 2022-08-31 16:39:01,515][train_tran.train_nn_models] [Training] Epoch=195, loss=1220.0103, nll=1220.0103, l2_reg=0.0000, acc=0.1858
[ 2022-08-31 16:39:01,515][train_tran.train_nn_models] [Validation] Epoch=195, nll=1223.5736, acc=0.1816
[ 2022-08-31 16:39:01,515][train_tran.train_nn_models] Found a better model at epoch 195.
[ 2022-08-31 16:39:02,928][train_tran.train_nn_models] [Training] Epoch=196, loss=1219.9883, nll=1219.9883, l2_reg=0.0000, acc=0.1862
[ 2022-08-31 16:39:02,929][train_tran.train_nn_models] [Validation] Epoch=196, nll=1223.6989, acc=0.1818
[ 2022-08-31 16:39:04,360][train_tran.train_nn_models] [Training] Epoch=197, loss=1220.0487, nll=1220.0487, l2_reg=0.0000, acc=0.1861
[ 2022-08-31 16:39:04,360][train_tran.train_nn_models] [Validation] Epoch=197, nll=1223.5732, acc=0.1817
[ 2022-08-31 16:39:04,360][train_tran.train_nn_models] Found a better model at epoch 197.
[ 2022-08-31 16:39:05,783][train_tran.train_nn_models] [Training] Epoch=198, loss=1219.9747, nll=1219.9747, l2_reg=0.0000, acc=0.1861
[ 2022-08-31 16:39:05,784][train_tran.train_nn_models] [Validation] Epoch=198, nll=1223.6466, acc=0.1819
[ 2022-08-31 16:39:07,184][train_tran.train_nn_models] [Training] Epoch=199, loss=1219.9952, nll=1219.9952, l2_reg=0.0000, acc=0.1859
[ 2022-08-31 16:39:07,184][train_tran.train_nn_models] [Validation] Epoch=199, nll=1223.5554, acc=0.1818
[ 2022-08-31 16:39:07,184][train_tran.train_nn_models] Found a better model at epoch 199.
[ 2022-08-31 16:39:08,585][train_tran.train_nn_models] [Training] Epoch=200, loss=1219.9869, nll=1219.9869, l2_reg=0.0000, acc=0.1861
[ 2022-08-31 16:39:08,585][train_tran.train_nn_models] [Validation] Epoch=200, nll=1223.6687, acc=0.1817
[ 2022-08-31 16:39:09,997][train_tran.train_nn_models] [Training] Epoch=201, loss=1220.0441, nll=1220.0441, l2_reg=0.0000, acc=0.1861
[ 2022-08-31 16:39:09,997][train_tran.train_nn_models] [Validation] Epoch=201, nll=1223.5680, acc=0.1816
[ 2022-08-31 16:39:11,402][train_tran.train_nn_models] [Training] Epoch=202, loss=1219.9667, nll=1219.9667, l2_reg=0.0000, acc=0.1861
[ 2022-08-31 16:39:11,403][train_tran.train_nn_models] [Validation] Epoch=202, nll=1223.5493, acc=0.1818
[ 2022-08-31 16:39:11,403][train_tran.train_nn_models] Found a better model at epoch 202.
[ 2022-08-31 16:39:12,864][train_tran.train_nn_models] [Training] Epoch=203, loss=1219.9709, nll=1219.9709, l2_reg=0.0000, acc=0.1863
[ 2022-08-31 16:39:12,864][train_tran.train_nn_models] [Validation] Epoch=203, nll=1223.6282, acc=0.1818
[ 2022-08-31 16:39:14,284][train_tran.train_nn_models] [Training] Epoch=204, loss=1220.0416, nll=1220.0416, l2_reg=0.0000, acc=0.1861
[ 2022-08-31 16:39:14,285][train_tran.train_nn_models] [Validation] Epoch=204, nll=1223.5409, acc=0.1818
[ 2022-08-31 16:39:14,285][train_tran.train_nn_models] Found a better model at epoch 204.
[ 2022-08-31 16:39:15,717][train_tran.train_nn_models] [Training] Epoch=205, loss=1219.9320, nll=1219.9320, l2_reg=0.0000, acc=0.1862
[ 2022-08-31 16:39:15,717][train_tran.train_nn_models] [Validation] Epoch=205, nll=1223.6001, acc=0.1820
[ 2022-08-31 16:39:17,121][train_tran.train_nn_models] [Training] Epoch=206, loss=1219.9968, nll=1219.9968, l2_reg=0.0000, acc=0.1860
[ 2022-08-31 16:39:17,121][train_tran.train_nn_models] [Validation] Epoch=206, nll=1223.5088, acc=0.1818
[ 2022-08-31 16:39:17,121][train_tran.train_nn_models] Found a better model at epoch 206.
[ 2022-08-31 16:39:18,519][train_tran.train_nn_models] [Training] Epoch=207, loss=1219.9569, nll=1219.9569, l2_reg=0.0000, acc=0.1864
[ 2022-08-31 16:39:18,520][train_tran.train_nn_models] [Validation] Epoch=207, nll=1223.6602, acc=0.1819
[ 2022-08-31 16:39:19,937][train_tran.train_nn_models] [Training] Epoch=208, loss=1220.0527, nll=1220.0527, l2_reg=0.0000, acc=0.1862
[ 2022-08-31 16:39:19,937][train_tran.train_nn_models] [Validation] Epoch=208, nll=1223.6151, acc=0.1818
[ 2022-08-31 16:39:21,332][train_tran.train_nn_models] [Training] Epoch=209, loss=1219.9917, nll=1219.9917, l2_reg=0.0000, acc=0.1862
[ 2022-08-31 16:39:21,333][train_tran.train_nn_models] [Validation] Epoch=209, nll=1223.5110, acc=0.1815
[ 2022-08-31 16:39:22,732][train_tran.train_nn_models] [Training] Epoch=210, loss=1219.9229, nll=1219.9229, l2_reg=0.0000, acc=0.1862
[ 2022-08-31 16:39:22,733][train_tran.train_nn_models] [Validation] Epoch=210, nll=1223.5720, acc=0.1819
[ 2022-08-31 16:39:24,152][train_tran.train_nn_models] [Training] Epoch=211, loss=1219.9727, nll=1219.9727, l2_reg=0.0000, acc=0.1859
[ 2022-08-31 16:39:24,152][train_tran.train_nn_models] [Validation] Epoch=211, nll=1223.4779, acc=0.1820
[ 2022-08-31 16:39:24,152][train_tran.train_nn_models] Found a better model at epoch 211.
[ 2022-08-31 16:39:25,567][train_tran.train_nn_models] [Training] Epoch=212, loss=1219.9451, nll=1219.9451, l2_reg=0.0000, acc=0.1864
[ 2022-08-31 16:39:25,567][train_tran.train_nn_models] [Validation] Epoch=212, nll=1223.6534, acc=0.1819
[ 2022-08-31 16:39:27,001][train_tran.train_nn_models] [Training] Epoch=213, loss=1220.0353, nll=1220.0353, l2_reg=0.0000, acc=0.1861
[ 2022-08-31 16:39:27,001][train_tran.train_nn_models] [Validation] Epoch=213, nll=1223.5995, acc=0.1818
[ 2022-08-31 16:39:28,447][train_tran.train_nn_models] [Training] Epoch=214, loss=1219.9652, nll=1219.9652, l2_reg=0.0000, acc=0.1859
[ 2022-08-31 16:39:28,447][train_tran.train_nn_models] [Validation] Epoch=214, nll=1223.4954, acc=0.1816
[ 2022-08-31 16:39:29,849][train_tran.train_nn_models] [Training] Epoch=215, loss=1219.9177, nll=1219.9177, l2_reg=0.0000, acc=0.1864
[ 2022-08-31 16:39:29,849][train_tran.train_nn_models] [Validation] Epoch=215, nll=1223.5453, acc=0.1818
[ 2022-08-31 16:39:31,280][train_tran.train_nn_models] [Training] Epoch=216, loss=1219.9520, nll=1219.9520, l2_reg=0.0000, acc=0.1860
[ 2022-08-31 16:39:31,280][train_tran.train_nn_models] [Validation] Epoch=216, nll=1223.4882, acc=0.1818
[ 2022-08-31 16:39:32,692][train_tran.train_nn_models] [Training] Epoch=217, loss=1219.9440, nll=1219.9440, l2_reg=0.0000, acc=0.1861
[ 2022-08-31 16:39:32,693][train_tran.train_nn_models] [Validation] Epoch=217, nll=1223.6171, acc=0.1820
[ 2022-08-31 16:39:34,103][train_tran.train_nn_models] [Training] Epoch=218, loss=1220.0006, nll=1220.0006, l2_reg=0.0000, acc=0.1861
[ 2022-08-31 16:39:34,103][train_tran.train_nn_models] [Validation] Epoch=218, nll=1223.5358, acc=0.1818
[ 2022-08-31 16:39:35,514][train_tran.train_nn_models] [Training] Epoch=219, loss=1219.9235, nll=1219.9235, l2_reg=0.0000, acc=0.1865
[ 2022-08-31 16:39:35,514][train_tran.train_nn_models] [Validation] Epoch=219, nll=1223.6307, acc=0.1819
[ 2022-08-31 16:39:36,946][train_tran.train_nn_models] [Training] Epoch=220, loss=1220.0406, nll=1220.0406, l2_reg=0.0000, acc=0.1860
[ 2022-08-31 16:39:36,947][train_tran.train_nn_models] [Validation] Epoch=220, nll=1223.6583, acc=0.1819
[ 2022-08-31 16:39:38,369][train_tran.train_nn_models] [Training] Epoch=221, loss=1219.9865, nll=1219.9865, l2_reg=0.0000, acc=0.1861
[ 2022-08-31 16:39:38,369][train_tran.train_nn_models] [Validation] Epoch=221, nll=1223.5039, acc=0.1818
[ 2022-08-31 16:39:39,801][train_tran.train_nn_models] [Training] Epoch=222, loss=1219.8837, nll=1219.8837, l2_reg=0.0000, acc=0.1866
[ 2022-08-31 16:39:39,801][train_tran.train_nn_models] [Validation] Epoch=222, nll=1223.5472, acc=0.1818
[ 2022-08-31 16:39:41,214][train_tran.train_nn_models] [Training] Epoch=223, loss=1219.9362, nll=1219.9362, l2_reg=0.0000, acc=0.1860
[ 2022-08-31 16:39:41,214][train_tran.train_nn_models] [Validation] Epoch=223, nll=1223.4807, acc=0.1819
[ 2022-08-31 16:39:42,640][train_tran.train_nn_models] [Training] Epoch=224, loss=1219.9192, nll=1219.9192, l2_reg=0.0000, acc=0.1862
[ 2022-08-31 16:39:42,641][train_tran.train_nn_models] [Validation] Epoch=224, nll=1223.6377, acc=0.1821
[ 2022-08-31 16:39:44,053][train_tran.train_nn_models] [Training] Epoch=225, loss=1220.0126, nll=1220.0126, l2_reg=0.0000, acc=0.1858
[ 2022-08-31 16:39:44,053][train_tran.train_nn_models] [Validation] Epoch=225, nll=1223.5614, acc=0.1820
[ 2022-08-31 16:39:45,479][train_tran.train_nn_models] [Training] Epoch=226, loss=1219.9088, nll=1219.9088, l2_reg=0.0000, acc=0.1862
[ 2022-08-31 16:39:45,479][train_tran.train_nn_models] [Validation] Epoch=226, nll=1223.4945, acc=0.1818
[ 2022-08-31 16:39:46,887][train_tran.train_nn_models] [Training] Epoch=227, loss=1219.9100, nll=1219.9100, l2_reg=0.0000, acc=0.1864
[ 2022-08-31 16:39:46,887][train_tran.train_nn_models] [Validation] Epoch=227, nll=1223.6165, acc=0.1821
[ 2022-08-31 16:39:48,323][train_tran.train_nn_models] [Training] Epoch=228, loss=1219.9768, nll=1219.9768, l2_reg=0.0000, acc=0.1859
[ 2022-08-31 16:39:48,324][train_tran.train_nn_models] [Validation] Epoch=228, nll=1223.4967, acc=0.1818
[ 2022-08-31 16:39:49,763][train_tran.train_nn_models] [Training] Epoch=229, loss=1219.8915, nll=1219.8915, l2_reg=0.0000, acc=0.1859
[ 2022-08-31 16:39:49,763][train_tran.train_nn_models] [Validation] Epoch=229, nll=1223.6167, acc=0.1822
[ 2022-08-31 16:39:51,216][train_tran.train_nn_models] [Training] Epoch=230, loss=1219.9604, nll=1219.9604, l2_reg=0.0000, acc=0.1858
[ 2022-08-31 16:39:51,216][train_tran.train_nn_models] [Validation] Epoch=230, nll=1223.4780, acc=0.1818
[ 2022-08-31 16:39:52,614][train_tran.train_nn_models] [Training] Epoch=231, loss=1219.8853, nll=1219.8853, l2_reg=0.0000, acc=0.1861
[ 2022-08-31 16:39:52,614][train_tran.train_nn_models] [Validation] Epoch=231, nll=1223.6061, acc=0.1822
[ 2022-08-31 16:39:54,094][train_tran.train_nn_models] [Training] Epoch=232, loss=1219.9991, nll=1219.9991, l2_reg=0.0000, acc=0.1857
[ 2022-08-31 16:39:54,095][train_tran.train_nn_models] [Validation] Epoch=232, nll=1223.6349, acc=0.1821
[ 2022-08-31 16:39:55,557][train_tran.train_nn_models] [Training] Epoch=233, loss=1219.9677, nll=1219.9677, l2_reg=0.0000, acc=0.1860
[ 2022-08-31 16:39:55,557][train_tran.train_nn_models] [Validation] Epoch=233, nll=1223.5815, acc=0.1820
[ 2022-08-31 16:39:56,972][train_tran.train_nn_models] [Training] Epoch=234, loss=1219.8759, nll=1219.8759, l2_reg=0.0000, acc=0.1860
[ 2022-08-31 16:39:56,972][train_tran.train_nn_models] [Validation] Epoch=234, nll=1223.4575, acc=0.1820
[ 2022-08-31 16:39:56,972][train_tran.train_nn_models] Found a better model at epoch 234.
[ 2022-08-31 16:39:58,404][train_tran.train_nn_models] [Training] Epoch=235, loss=1219.8760, nll=1219.8760, l2_reg=0.0000, acc=0.1860
[ 2022-08-31 16:39:58,404][train_tran.train_nn_models] [Validation] Epoch=235, nll=1223.5729, acc=0.1820
[ 2022-08-31 16:39:59,854][train_tran.train_nn_models] [Training] Epoch=236, loss=1219.9147, nll=1219.9147, l2_reg=0.0000, acc=0.1856
[ 2022-08-31 16:39:59,854][train_tran.train_nn_models] [Validation] Epoch=236, nll=1223.4840, acc=0.1819
[ 2022-08-31 16:40:01,293][train_tran.train_nn_models] [Training] Epoch=237, loss=1219.8801, nll=1219.8801, l2_reg=0.0000, acc=0.1857
[ 2022-08-31 16:40:01,293][train_tran.train_nn_models] [Validation] Epoch=237, nll=1223.6235, acc=0.1820
[ 2022-08-31 16:40:02,715][train_tran.train_nn_models] [Training] Epoch=238, loss=1219.9919, nll=1219.9919, l2_reg=0.0000, acc=0.1858
[ 2022-08-31 16:40:02,715][train_tran.train_nn_models] [Validation] Epoch=238, nll=1223.6636, acc=0.1820
[ 2022-08-31 16:40:04,160][train_tran.train_nn_models] [Training] Epoch=239, loss=1219.9390, nll=1219.9390, l2_reg=0.0000, acc=0.1857
[ 2022-08-31 16:40:04,161][train_tran.train_nn_models] [Validation] Epoch=239, nll=1223.5408, acc=0.1820
[ 2022-08-31 16:40:05,616][train_tran.train_nn_models] [Training] Epoch=240, loss=1219.8474, nll=1219.8474, l2_reg=0.0000, acc=0.1859
[ 2022-08-31 16:40:05,617][train_tran.train_nn_models] [Validation] Epoch=240, nll=1223.5436, acc=0.1818
[ 2022-08-31 16:40:07,064][train_tran.train_nn_models] [Training] Epoch=241, loss=1219.8777, nll=1219.8777, l2_reg=0.0000, acc=0.1856
[ 2022-08-31 16:40:07,064][train_tran.train_nn_models] [Validation] Epoch=241, nll=1223.4880, acc=0.1817
[ 2022-08-31 16:40:08,489][train_tran.train_nn_models] [Training] Epoch=242, loss=1219.8599, nll=1219.8599, l2_reg=0.0000, acc=0.1853
[ 2022-08-31 16:40:08,489][train_tran.train_nn_models] [Validation] Epoch=242, nll=1223.6127, acc=0.1819
[ 2022-08-31 16:40:09,928][train_tran.train_nn_models] [Training] Epoch=243, loss=1219.9769, nll=1219.9769, l2_reg=0.0000, acc=0.1857
[ 2022-08-31 16:40:09,929][train_tran.train_nn_models] [Validation] Epoch=243, nll=1223.6460, acc=0.1819
[ 2022-08-31 16:40:11,384][train_tran.train_nn_models] [Training] Epoch=244, loss=1219.9106, nll=1219.9106, l2_reg=0.0000, acc=0.1856
[ 2022-08-31 16:40:11,384][train_tran.train_nn_models] [Validation] Epoch=244, nll=1223.4794, acc=0.1820
[ 2022-08-31 16:40:12,816][train_tran.train_nn_models] [Training] Epoch=245, loss=1219.8220, nll=1219.8220, l2_reg=0.0000, acc=0.1856
[ 2022-08-31 16:40:12,816][train_tran.train_nn_models] [Validation] Epoch=245, nll=1223.5552, acc=0.1817
[ 2022-08-31 16:40:14,239][train_tran.train_nn_models] [Training] Epoch=246, loss=1219.8491, nll=1219.8491, l2_reg=0.0000, acc=0.1856
[ 2022-08-31 16:40:14,239][train_tran.train_nn_models] [Validation] Epoch=246, nll=1223.4786, acc=0.1817
[ 2022-08-31 16:40:15,673][train_tran.train_nn_models] [Training] Epoch=247, loss=1219.8389, nll=1219.8389, l2_reg=0.0000, acc=0.1854
[ 2022-08-31 16:40:15,674][train_tran.train_nn_models] [Validation] Epoch=247, nll=1223.6049, acc=0.1820
[ 2022-08-31 16:40:17,099][train_tran.train_nn_models] [Training] Epoch=248, loss=1219.9733, nll=1219.9733, l2_reg=0.0000, acc=0.1856
[ 2022-08-31 16:40:17,099][train_tran.train_nn_models] [Validation] Epoch=248, nll=1223.6787, acc=0.1819
[ 2022-08-31 16:40:18,560][train_tran.train_nn_models] [Training] Epoch=249, loss=1219.9408, nll=1219.9408, l2_reg=0.0000, acc=0.1859
[ 2022-08-31 16:40:18,560][train_tran.train_nn_models] [Validation] Epoch=249, nll=1223.5839, acc=0.1818
[ 2022-08-31 16:40:18,727][train_tran.eval_nll] [Test]nll=1210.6503, acc=0.1889
[ 2022-08-31 16:54:23,997][train_tran.<module>]                    timestamp  ...                                             config
0 2022-08-31 16:54:23.973038  ...  {'model': 'Tran', 'dataset': 'pgem-1K-15', 'in...
1 2022-08-31 16:54:23.973038  ...  {'model': 'Tran', 'dataset': 'pgem-1K-15', 'in...
2 2022-08-31 16:54:23.973038  ...  {'model': 'Tran', 'dataset': 'pgem-1K-15', 'in...
3 2022-08-31 16:54:23.973038  ...  {'model': 'Tran', 'dataset': 'pgem-1K-15', 'in...
4 2022-08-31 16:54:23.973038  ...  {'model': 'Tran', 'dataset': 'pgem-1K-15', 'in...
5 2022-08-31 16:54:23.973038  ...  {'model': 'Tran', 'dataset': 'pgem-1K-15', 'in...

[6 rows x 7 columns]
