[ 2022-08-31 10:53:41,029][train_tran.<module>] Namespace(attr_batch_size=0, basis_type='dyadic', batch_size=64, bucket_seqs=False, cuda=True, dataset='pgem-1K-15', dropout=0.0, embedding_dim=64, epochs=250, hidden_size=64, input_dir='data/input', l2_reg=0, lr=0.0008, max_mean=20.0, model='Tran', n_bases=7, num_workers=0, occurred_type_only=False, optimizer='Adam', output_dir='data/output', rand_seed=1, skip_eval_infectivity=False, skip_pred_next_event=False, split_id=2, steps=50, tran_head=1, tran_layer=3, tune_metric='nll', verbose=False)
[ 2022-08-31 10:53:43,790][train_tran.train_nn_models] [Training] Epoch=0, loss=23717.9043, nll=23717.9043, l2_reg=0.0000, acc=0.0446
[ 2022-08-31 10:53:43,790][train_tran.train_nn_models] [Validation] Epoch=0, nll=13381.6670, acc=0.0254
[ 2022-08-31 10:53:46,363][train_tran.train_nn_models] [Training] Epoch=1, loss=7951.4492, nll=7951.4492, l2_reg=0.0000, acc=0.0238
[ 2022-08-31 10:53:46,363][train_tran.train_nn_models] [Validation] Epoch=1, nll=2966.5991, acc=0.0229
[ 2022-08-31 10:53:48,933][train_tran.train_nn_models] [Training] Epoch=2, loss=1961.3330, nll=1961.3330, l2_reg=0.0000, acc=0.0230
[ 2022-08-31 10:53:48,934][train_tran.train_nn_models] [Validation] Epoch=2, nll=1431.2928, acc=0.0424
[ 2022-08-31 10:53:51,625][train_tran.train_nn_models] [Training] Epoch=3, loss=1378.0077, nll=1378.0077, l2_reg=0.0000, acc=0.1207
[ 2022-08-31 10:53:51,626][train_tran.train_nn_models] [Validation] Epoch=3, nll=1328.7299, acc=0.1753
[ 2022-08-31 10:53:54,214][train_tran.train_nn_models] [Training] Epoch=4, loss=1304.6929, nll=1304.6929, l2_reg=0.0000, acc=0.1743
[ 2022-08-31 10:53:54,214][train_tran.train_nn_models] [Validation] Epoch=4, nll=1278.9904, acc=0.1832
[ 2022-08-31 10:53:56,583][train_tran.train_nn_models] [Training] Epoch=5, loss=1260.7253, nll=1260.7253, l2_reg=0.0000, acc=0.1807
[ 2022-08-31 10:53:56,584][train_tran.train_nn_models] [Validation] Epoch=5, nll=1248.5762, acc=0.1878
[ 2022-08-31 10:53:59,124][train_tran.train_nn_models] [Training] Epoch=6, loss=1241.7631, nll=1241.7631, l2_reg=0.0000, acc=0.1866
[ 2022-08-31 10:53:59,125][train_tran.train_nn_models] [Validation] Epoch=6, nll=1241.2198, acc=0.1897
[ 2022-08-31 10:54:01,651][train_tran.train_nn_models] [Training] Epoch=7, loss=1236.1088, nll=1236.1088, l2_reg=0.0000, acc=0.1856
[ 2022-08-31 10:54:01,652][train_tran.train_nn_models] [Validation] Epoch=7, nll=1236.9670, acc=0.1903
[ 2022-08-31 10:54:04,019][train_tran.train_nn_models] [Training] Epoch=8, loss=1232.7493, nll=1232.7493, l2_reg=0.0000, acc=0.1852
[ 2022-08-31 10:54:04,021][train_tran.train_nn_models] [Validation] Epoch=8, nll=1234.1279, acc=0.1906
[ 2022-08-31 10:54:06,496][train_tran.train_nn_models] [Training] Epoch=9, loss=1230.5448, nll=1230.5448, l2_reg=0.0000, acc=0.1865
[ 2022-08-31 10:54:06,496][train_tran.train_nn_models] [Validation] Epoch=9, nll=1232.1943, acc=0.1895
[ 2022-08-31 10:54:08,843][train_tran.train_nn_models] [Training] Epoch=10, loss=1228.8588, nll=1228.8588, l2_reg=0.0000, acc=0.1870
[ 2022-08-31 10:54:08,844][train_tran.train_nn_models] [Validation] Epoch=10, nll=1230.8522, acc=0.1871
[ 2022-08-31 10:54:11,179][train_tran.train_nn_models] [Training] Epoch=11, loss=1227.5647, nll=1227.5647, l2_reg=0.0000, acc=0.1877
[ 2022-08-31 10:54:11,180][train_tran.train_nn_models] [Validation] Epoch=11, nll=1229.6982, acc=0.1866
[ 2022-08-31 10:54:13,750][train_tran.train_nn_models] [Training] Epoch=12, loss=1226.5431, nll=1226.5431, l2_reg=0.0000, acc=0.1869
[ 2022-08-31 10:54:13,750][train_tran.train_nn_models] [Validation] Epoch=12, nll=1228.7168, acc=0.1876
[ 2022-08-31 10:54:16,170][train_tran.train_nn_models] [Training] Epoch=13, loss=1225.7897, nll=1225.7897, l2_reg=0.0000, acc=0.1869
[ 2022-08-31 10:54:16,170][train_tran.train_nn_models] [Validation] Epoch=13, nll=1228.1317, acc=0.1870
[ 2022-08-31 10:54:18,618][train_tran.train_nn_models] [Training] Epoch=14, loss=1225.1908, nll=1225.1908, l2_reg=0.0000, acc=0.1874
[ 2022-08-31 10:54:18,618][train_tran.train_nn_models] [Validation] Epoch=14, nll=1227.6239, acc=0.1867
[ 2022-08-31 10:54:20,952][train_tran.train_nn_models] [Training] Epoch=15, loss=1224.6639, nll=1224.6639, l2_reg=0.0000, acc=0.1884
[ 2022-08-31 10:54:20,953][train_tran.train_nn_models] [Validation] Epoch=15, nll=1227.1591, acc=0.1858
[ 2022-08-31 10:54:23,397][train_tran.train_nn_models] [Training] Epoch=16, loss=1224.2156, nll=1224.2156, l2_reg=0.0000, acc=0.1885
[ 2022-08-31 10:54:23,398][train_tran.train_nn_models] [Validation] Epoch=16, nll=1226.8113, acc=0.1859
[ 2022-08-31 10:54:25,805][train_tran.train_nn_models] [Training] Epoch=17, loss=1223.8566, nll=1223.8566, l2_reg=0.0000, acc=0.1891
[ 2022-08-31 10:54:25,805][train_tran.train_nn_models] [Validation] Epoch=17, nll=1226.5248, acc=0.1842
[ 2022-08-31 10:54:28,061][train_tran.train_nn_models] [Training] Epoch=18, loss=1223.5642, nll=1223.5642, l2_reg=0.0000, acc=0.1888
[ 2022-08-31 10:54:28,061][train_tran.train_nn_models] [Validation] Epoch=18, nll=1226.2966, acc=0.1842
[ 2022-08-31 10:54:30,411][train_tran.train_nn_models] [Training] Epoch=19, loss=1223.3284, nll=1223.3284, l2_reg=0.0000, acc=0.1882
[ 2022-08-31 10:54:30,412][train_tran.train_nn_models] [Validation] Epoch=19, nll=1226.1152, acc=0.1839
[ 2022-08-31 10:54:32,714][train_tran.train_nn_models] [Training] Epoch=20, loss=1223.1355, nll=1223.1355, l2_reg=0.0000, acc=0.1879
[ 2022-08-31 10:54:32,715][train_tran.train_nn_models] [Validation] Epoch=20, nll=1225.9653, acc=0.1835
[ 2022-08-31 10:54:35,009][train_tran.train_nn_models] [Training] Epoch=21, loss=1222.9753, nll=1222.9753, l2_reg=0.0000, acc=0.1877
[ 2022-08-31 10:54:35,009][train_tran.train_nn_models] [Validation] Epoch=21, nll=1225.8420, acc=0.1832
[ 2022-08-31 10:54:37,257][train_tran.train_nn_models] [Training] Epoch=22, loss=1222.8417, nll=1222.8417, l2_reg=0.0000, acc=0.1878
[ 2022-08-31 10:54:37,258][train_tran.train_nn_models] [Validation] Epoch=22, nll=1225.7380, acc=0.1840
[ 2022-08-31 10:54:39,567][train_tran.train_nn_models] [Training] Epoch=23, loss=1222.7278, nll=1222.7278, l2_reg=0.0000, acc=0.1880
[ 2022-08-31 10:54:39,568][train_tran.train_nn_models] [Validation] Epoch=23, nll=1225.6482, acc=0.1839
[ 2022-08-31 10:54:41,891][train_tran.train_nn_models] [Training] Epoch=24, loss=1222.6287, nll=1222.6287, l2_reg=0.0000, acc=0.1877
[ 2022-08-31 10:54:41,892][train_tran.train_nn_models] [Validation] Epoch=24, nll=1225.5698, acc=0.1837
[ 2022-08-31 10:54:44,260][train_tran.train_nn_models] [Training] Epoch=25, loss=1222.5410, nll=1222.5410, l2_reg=0.0000, acc=0.1876
[ 2022-08-31 10:54:44,261][train_tran.train_nn_models] [Validation] Epoch=25, nll=1225.4999, acc=0.1840
[ 2022-08-31 10:54:46,601][train_tran.train_nn_models] [Training] Epoch=26, loss=1222.4624, nll=1222.4624, l2_reg=0.0000, acc=0.1876
[ 2022-08-31 10:54:46,601][train_tran.train_nn_models] [Validation] Epoch=26, nll=1225.4368, acc=0.1846
[ 2022-08-31 10:54:48,920][train_tran.train_nn_models] [Training] Epoch=27, loss=1222.3905, nll=1222.3905, l2_reg=0.0000, acc=0.1874
[ 2022-08-31 10:54:48,921][train_tran.train_nn_models] [Validation] Epoch=27, nll=1225.3790, acc=0.1841
[ 2022-08-31 10:54:51,219][train_tran.train_nn_models] [Training] Epoch=28, loss=1222.3245, nll=1222.3245, l2_reg=0.0000, acc=0.1875
[ 2022-08-31 10:54:51,220][train_tran.train_nn_models] [Validation] Epoch=28, nll=1225.3256, acc=0.1844
[ 2022-08-31 10:54:53,464][train_tran.train_nn_models] [Training] Epoch=29, loss=1222.2625, nll=1222.2625, l2_reg=0.0000, acc=0.1876
[ 2022-08-31 10:54:53,465][train_tran.train_nn_models] [Validation] Epoch=29, nll=1225.2764, acc=0.1843
[ 2022-08-31 10:54:55,847][train_tran.train_nn_models] [Training] Epoch=30, loss=1222.2046, nll=1222.2046, l2_reg=0.0000, acc=0.1877
[ 2022-08-31 10:54:55,848][train_tran.train_nn_models] [Validation] Epoch=30, nll=1225.2303, acc=0.1839
[ 2022-08-31 10:54:58,198][train_tran.train_nn_models] [Training] Epoch=31, loss=1222.1510, nll=1222.1510, l2_reg=0.0000, acc=0.1877
[ 2022-08-31 10:54:58,198][train_tran.train_nn_models] [Validation] Epoch=31, nll=1225.1882, acc=0.1841
[ 2022-08-31 10:55:00,443][train_tran.train_nn_models] [Training] Epoch=32, loss=1222.1011, nll=1222.1011, l2_reg=0.0000, acc=0.1875
[ 2022-08-31 10:55:00,444][train_tran.train_nn_models] [Validation] Epoch=32, nll=1225.1495, acc=0.1840
[ 2022-08-31 10:55:02,682][train_tran.train_nn_models] [Training] Epoch=33, loss=1222.0546, nll=1222.0546, l2_reg=0.0000, acc=0.1875
[ 2022-08-31 10:55:02,683][train_tran.train_nn_models] [Validation] Epoch=33, nll=1225.1128, acc=0.1841
[ 2022-08-31 10:55:04,934][train_tran.train_nn_models] [Training] Epoch=34, loss=1222.0104, nll=1222.0104, l2_reg=0.0000, acc=0.1875
[ 2022-08-31 10:55:04,935][train_tran.train_nn_models] [Validation] Epoch=34, nll=1225.0782, acc=0.1841
[ 2022-08-31 10:55:07,201][train_tran.train_nn_models] [Training] Epoch=35, loss=1221.9680, nll=1221.9680, l2_reg=0.0000, acc=0.1874
[ 2022-08-31 10:55:07,202][train_tran.train_nn_models] [Validation] Epoch=35, nll=1225.0457, acc=0.1846
[ 2022-08-31 10:55:09,467][train_tran.train_nn_models] [Training] Epoch=36, loss=1221.9263, nll=1221.9263, l2_reg=0.0000, acc=0.1871
[ 2022-08-31 10:55:09,467][train_tran.train_nn_models] [Validation] Epoch=36, nll=1225.0142, acc=0.1850
[ 2022-08-31 10:55:11,722][train_tran.train_nn_models] [Training] Epoch=37, loss=1221.8859, nll=1221.8859, l2_reg=0.0000, acc=0.1871
[ 2022-08-31 10:55:11,723][train_tran.train_nn_models] [Validation] Epoch=37, nll=1224.9836, acc=0.1855
[ 2022-08-31 10:55:13,998][train_tran.train_nn_models] [Training] Epoch=38, loss=1221.8458, nll=1221.8458, l2_reg=0.0000, acc=0.1874
[ 2022-08-31 10:55:13,999][train_tran.train_nn_models] [Validation] Epoch=38, nll=1224.9535, acc=0.1849
[ 2022-08-31 10:55:16,405][train_tran.train_nn_models] [Training] Epoch=39, loss=1221.8064, nll=1221.8064, l2_reg=0.0000, acc=0.1879
[ 2022-08-31 10:55:16,406][train_tran.train_nn_models] [Validation] Epoch=39, nll=1224.9240, acc=0.1853
[ 2022-08-31 10:55:18,744][train_tran.train_nn_models] [Training] Epoch=40, loss=1221.7681, nll=1221.7681, l2_reg=0.0000, acc=0.1878
[ 2022-08-31 10:55:18,745][train_tran.train_nn_models] [Validation] Epoch=40, nll=1224.8954, acc=0.1850
[ 2022-08-31 10:55:20,971][train_tran.train_nn_models] [Training] Epoch=41, loss=1221.7301, nll=1221.7301, l2_reg=0.0000, acc=0.1877
[ 2022-08-31 10:55:20,972][train_tran.train_nn_models] [Validation] Epoch=41, nll=1224.8673, acc=0.1856
[ 2022-08-31 10:55:23,288][train_tran.train_nn_models] [Training] Epoch=42, loss=1221.6927, nll=1221.6927, l2_reg=0.0000, acc=0.1878
[ 2022-08-31 10:55:23,288][train_tran.train_nn_models] [Validation] Epoch=42, nll=1224.8398, acc=0.1860
[ 2022-08-31 10:55:25,689][train_tran.train_nn_models] [Training] Epoch=43, loss=1221.6562, nll=1221.6562, l2_reg=0.0000, acc=0.1876
[ 2022-08-31 10:55:25,690][train_tran.train_nn_models] [Validation] Epoch=43, nll=1224.8130, acc=0.1857
[ 2022-08-31 10:55:27,944][train_tran.train_nn_models] [Training] Epoch=44, loss=1221.6205, nll=1221.6205, l2_reg=0.0000, acc=0.1879
[ 2022-08-31 10:55:27,945][train_tran.train_nn_models] [Validation] Epoch=44, nll=1224.7867, acc=0.1861
[ 2022-08-31 10:55:30,280][train_tran.train_nn_models] [Training] Epoch=45, loss=1221.5856, nll=1221.5856, l2_reg=0.0000, acc=0.1878
[ 2022-08-31 10:55:30,280][train_tran.train_nn_models] [Validation] Epoch=45, nll=1224.7615, acc=0.1858
[ 2022-08-31 10:55:32,520][train_tran.train_nn_models] [Training] Epoch=46, loss=1221.5516, nll=1221.5516, l2_reg=0.0000, acc=0.1881
[ 2022-08-31 10:55:32,521][train_tran.train_nn_models] [Validation] Epoch=46, nll=1224.7371, acc=0.1862
[ 2022-08-31 10:55:34,782][train_tran.train_nn_models] [Training] Epoch=47, loss=1221.5187, nll=1221.5187, l2_reg=0.0000, acc=0.1884
[ 2022-08-31 10:55:34,782][train_tran.train_nn_models] [Validation] Epoch=47, nll=1224.7135, acc=0.1861
[ 2022-08-31 10:55:37,041][train_tran.train_nn_models] [Training] Epoch=48, loss=1221.4869, nll=1221.4869, l2_reg=0.0000, acc=0.1885
[ 2022-08-31 10:55:37,042][train_tran.train_nn_models] [Validation] Epoch=48, nll=1224.6910, acc=0.1858
[ 2022-08-31 10:55:39,339][train_tran.train_nn_models] [Training] Epoch=49, loss=1221.4564, nll=1221.4564, l2_reg=0.0000, acc=0.1885
[ 2022-08-31 10:55:39,339][train_tran.train_nn_models] [Validation] Epoch=49, nll=1224.6696, acc=0.1855
[ 2022-08-31 10:55:41,699][train_tran.train_nn_models] [Training] Epoch=50, loss=1221.4268, nll=1221.4268, l2_reg=0.0000, acc=0.1888
[ 2022-08-31 10:55:41,699][train_tran.train_nn_models] [Validation] Epoch=50, nll=1224.6494, acc=0.1853
[ 2022-08-31 10:55:44,046][train_tran.train_nn_models] [Training] Epoch=51, loss=1221.3984, nll=1221.3984, l2_reg=0.0000, acc=0.1889
[ 2022-08-31 10:55:44,046][train_tran.train_nn_models] [Validation] Epoch=51, nll=1224.6302, acc=0.1846
[ 2022-08-31 10:55:46,442][train_tran.train_nn_models] [Training] Epoch=52, loss=1221.3713, nll=1221.3713, l2_reg=0.0000, acc=0.1889
[ 2022-08-31 10:55:46,442][train_tran.train_nn_models] [Validation] Epoch=52, nll=1224.6124, acc=0.1834
[ 2022-08-31 10:55:48,616][train_tran.train_nn_models] [Training] Epoch=53, loss=1221.3451, nll=1221.3451, l2_reg=0.0000, acc=0.1888
[ 2022-08-31 10:55:48,616][train_tran.train_nn_models] [Validation] Epoch=53, nll=1224.5956, acc=0.1837
[ 2022-08-31 10:55:50,834][train_tran.train_nn_models] [Training] Epoch=54, loss=1221.3199, nll=1221.3199, l2_reg=0.0000, acc=0.1887
[ 2022-08-31 10:55:50,834][train_tran.train_nn_models] [Validation] Epoch=54, nll=1224.5802, acc=0.1831
[ 2022-08-31 10:55:53,103][train_tran.train_nn_models] [Training] Epoch=55, loss=1221.2955, nll=1221.2955, l2_reg=0.0000, acc=0.1889
[ 2022-08-31 10:55:53,104][train_tran.train_nn_models] [Validation] Epoch=55, nll=1224.5652, acc=0.1837
[ 2022-08-31 10:55:55,523][train_tran.train_nn_models] [Training] Epoch=56, loss=1221.2721, nll=1221.2721, l2_reg=0.0000, acc=0.1889
[ 2022-08-31 10:55:55,524][train_tran.train_nn_models] [Validation] Epoch=56, nll=1224.5518, acc=0.1841
[ 2022-08-31 10:55:57,810][train_tran.train_nn_models] [Training] Epoch=57, loss=1221.2493, nll=1221.2493, l2_reg=0.0000, acc=0.1891
[ 2022-08-31 10:55:57,810][train_tran.train_nn_models] [Validation] Epoch=57, nll=1224.5388, acc=0.1845
[ 2022-08-31 10:56:00,086][train_tran.train_nn_models] [Training] Epoch=58, loss=1221.2272, nll=1221.2272, l2_reg=0.0000, acc=0.1890
[ 2022-08-31 10:56:00,087][train_tran.train_nn_models] [Validation] Epoch=58, nll=1224.5271, acc=0.1850
[ 2022-08-31 10:56:02,397][train_tran.train_nn_models] [Training] Epoch=59, loss=1221.2056, nll=1221.2056, l2_reg=0.0000, acc=0.1893
[ 2022-08-31 10:56:02,397][train_tran.train_nn_models] [Validation] Epoch=59, nll=1224.5161, acc=0.1850
[ 2022-08-31 10:56:04,735][train_tran.train_nn_models] [Training] Epoch=60, loss=1221.1846, nll=1221.1846, l2_reg=0.0000, acc=0.1891
[ 2022-08-31 10:56:04,736][train_tran.train_nn_models] [Validation] Epoch=60, nll=1224.5056, acc=0.1848
[ 2022-08-31 10:56:06,935][train_tran.train_nn_models] [Training] Epoch=61, loss=1221.1637, nll=1221.1637, l2_reg=0.0000, acc=0.1892
[ 2022-08-31 10:56:06,935][train_tran.train_nn_models] [Validation] Epoch=61, nll=1224.4960, acc=0.1846
[ 2022-08-31 10:56:09,144][train_tran.train_nn_models] [Training] Epoch=62, loss=1221.1434, nll=1221.1434, l2_reg=0.0000, acc=0.1891
[ 2022-08-31 10:56:09,144][train_tran.train_nn_models] [Validation] Epoch=62, nll=1224.4868, acc=0.1841
[ 2022-08-31 10:56:11,346][train_tran.train_nn_models] [Training] Epoch=63, loss=1221.1229, nll=1221.1229, l2_reg=0.0000, acc=0.1892
[ 2022-08-31 10:56:11,347][train_tran.train_nn_models] [Validation] Epoch=63, nll=1224.4783, acc=0.1840
[ 2022-08-31 10:56:13,582][train_tran.train_nn_models] [Training] Epoch=64, loss=1221.1028, nll=1221.1028, l2_reg=0.0000, acc=0.1891
[ 2022-08-31 10:56:13,582][train_tran.train_nn_models] [Validation] Epoch=64, nll=1224.4705, acc=0.1846
[ 2022-08-31 10:56:15,821][train_tran.train_nn_models] [Training] Epoch=65, loss=1221.0825, nll=1221.0825, l2_reg=0.0000, acc=0.1891
[ 2022-08-31 10:56:15,822][train_tran.train_nn_models] [Validation] Epoch=65, nll=1224.4629, acc=0.1848
[ 2022-08-31 10:56:18,039][train_tran.train_nn_models] [Training] Epoch=66, loss=1221.0625, nll=1221.0625, l2_reg=0.0000, acc=0.1893
[ 2022-08-31 10:56:18,040][train_tran.train_nn_models] [Validation] Epoch=66, nll=1224.4556, acc=0.1851
[ 2022-08-31 10:56:20,368][train_tran.train_nn_models] [Training] Epoch=67, loss=1221.0424, nll=1221.0424, l2_reg=0.0000, acc=0.1890
[ 2022-08-31 10:56:20,368][train_tran.train_nn_models] [Validation] Epoch=67, nll=1224.4487, acc=0.1847
[ 2022-08-31 10:56:22,620][train_tran.train_nn_models] [Training] Epoch=68, loss=1221.0222, nll=1221.0222, l2_reg=0.0000, acc=0.1890
[ 2022-08-31 10:56:22,620][train_tran.train_nn_models] [Validation] Epoch=68, nll=1224.4423, acc=0.1849
[ 2022-08-31 10:56:24,828][train_tran.train_nn_models] [Training] Epoch=69, loss=1221.0018, nll=1221.0018, l2_reg=0.0000, acc=0.1890
[ 2022-08-31 10:56:24,828][train_tran.train_nn_models] [Validation] Epoch=69, nll=1224.4360, acc=0.1850
[ 2022-08-31 10:56:27,108][train_tran.train_nn_models] [Training] Epoch=70, loss=1220.9813, nll=1220.9813, l2_reg=0.0000, acc=0.1889
[ 2022-08-31 10:56:27,109][train_tran.train_nn_models] [Validation] Epoch=70, nll=1224.4296, acc=0.1848
[ 2022-08-31 10:56:29,386][train_tran.train_nn_models] [Training] Epoch=71, loss=1220.9606, nll=1220.9606, l2_reg=0.0000, acc=0.1891
[ 2022-08-31 10:56:29,386][train_tran.train_nn_models] [Validation] Epoch=71, nll=1224.4233, acc=0.1846
[ 2022-08-31 10:56:31,533][train_tran.train_nn_models] [Training] Epoch=72, loss=1220.9397, nll=1220.9397, l2_reg=0.0000, acc=0.1888
[ 2022-08-31 10:56:31,534][train_tran.train_nn_models] [Validation] Epoch=72, nll=1224.4170, acc=0.1841
[ 2022-08-31 10:56:33,878][train_tran.train_nn_models] [Training] Epoch=73, loss=1220.9183, nll=1220.9183, l2_reg=0.0000, acc=0.1890
[ 2022-08-31 10:56:33,879][train_tran.train_nn_models] [Validation] Epoch=73, nll=1224.4106, acc=0.1839
[ 2022-08-31 10:56:36,126][train_tran.train_nn_models] [Training] Epoch=74, loss=1220.8966, nll=1220.8966, l2_reg=0.0000, acc=0.1886
[ 2022-08-31 10:56:36,127][train_tran.train_nn_models] [Validation] Epoch=74, nll=1224.4036, acc=0.1844
[ 2022-08-31 10:56:38,363][train_tran.train_nn_models] [Training] Epoch=75, loss=1220.8745, nll=1220.8745, l2_reg=0.0000, acc=0.1883
[ 2022-08-31 10:56:38,364][train_tran.train_nn_models] [Validation] Epoch=75, nll=1224.3962, acc=0.1847
[ 2022-08-31 10:56:40,554][train_tran.train_nn_models] [Training] Epoch=76, loss=1220.8522, nll=1220.8522, l2_reg=0.0000, acc=0.1886
[ 2022-08-31 10:56:40,554][train_tran.train_nn_models] [Validation] Epoch=76, nll=1224.3884, acc=0.1849
[ 2022-08-31 10:56:42,837][train_tran.train_nn_models] [Training] Epoch=77, loss=1220.8290, nll=1220.8290, l2_reg=0.0000, acc=0.1886
[ 2022-08-31 10:56:42,837][train_tran.train_nn_models] [Validation] Epoch=77, nll=1224.3795, acc=0.1849
[ 2022-08-31 10:56:45,212][train_tran.train_nn_models] [Training] Epoch=78, loss=1220.8055, nll=1220.8055, l2_reg=0.0000, acc=0.1884
[ 2022-08-31 10:56:45,212][train_tran.train_nn_models] [Validation] Epoch=78, nll=1224.3698, acc=0.1852
[ 2022-08-31 10:56:47,448][train_tran.train_nn_models] [Training] Epoch=79, loss=1220.7816, nll=1220.7816, l2_reg=0.0000, acc=0.1884
[ 2022-08-31 10:56:47,449][train_tran.train_nn_models] [Validation] Epoch=79, nll=1224.3588, acc=0.1855
[ 2022-08-31 10:56:49,680][train_tran.train_nn_models] [Training] Epoch=80, loss=1220.7567, nll=1220.7567, l2_reg=0.0000, acc=0.1886
[ 2022-08-31 10:56:49,681][train_tran.train_nn_models] [Validation] Epoch=80, nll=1224.3464, acc=0.1854
[ 2022-08-31 10:56:52,046][train_tran.train_nn_models] [Training] Epoch=81, loss=1220.7312, nll=1220.7312, l2_reg=0.0000, acc=0.1886
[ 2022-08-31 10:56:52,046][train_tran.train_nn_models] [Validation] Epoch=81, nll=1224.3329, acc=0.1859
[ 2022-08-31 10:56:54,353][train_tran.train_nn_models] [Training] Epoch=82, loss=1220.7052, nll=1220.7052, l2_reg=0.0000, acc=0.1884
[ 2022-08-31 10:56:54,354][train_tran.train_nn_models] [Validation] Epoch=82, nll=1224.3173, acc=0.1858
[ 2022-08-31 10:56:56,644][train_tran.train_nn_models] [Training] Epoch=83, loss=1220.6782, nll=1220.6782, l2_reg=0.0000, acc=0.1885
[ 2022-08-31 10:56:56,644][train_tran.train_nn_models] [Validation] Epoch=83, nll=1224.2998, acc=0.1860
[ 2022-08-31 10:56:58,990][train_tran.train_nn_models] [Training] Epoch=84, loss=1220.6503, nll=1220.6503, l2_reg=0.0000, acc=0.1885
[ 2022-08-31 10:56:58,991][train_tran.train_nn_models] [Validation] Epoch=84, nll=1224.2808, acc=0.1865
[ 2022-08-31 10:57:01,443][train_tran.train_nn_models] [Training] Epoch=85, loss=1220.6216, nll=1220.6216, l2_reg=0.0000, acc=0.1887
[ 2022-08-31 10:57:01,443][train_tran.train_nn_models] [Validation] Epoch=85, nll=1224.2593, acc=0.1874
[ 2022-08-31 10:57:03,847][train_tran.train_nn_models] [Training] Epoch=86, loss=1220.5916, nll=1220.5916, l2_reg=0.0000, acc=0.1886
[ 2022-08-31 10:57:03,848][train_tran.train_nn_models] [Validation] Epoch=86, nll=1224.2360, acc=0.1876
[ 2022-08-31 10:57:06,166][train_tran.train_nn_models] [Training] Epoch=87, loss=1220.5603, nll=1220.5603, l2_reg=0.0000, acc=0.1890
[ 2022-08-31 10:57:06,167][train_tran.train_nn_models] [Validation] Epoch=87, nll=1224.2102, acc=0.1871
[ 2022-08-31 10:57:08,487][train_tran.train_nn_models] [Training] Epoch=88, loss=1220.5278, nll=1220.5278, l2_reg=0.0000, acc=0.1891
[ 2022-08-31 10:57:08,488][train_tran.train_nn_models] [Validation] Epoch=88, nll=1224.1823, acc=0.1862
[ 2022-08-31 10:57:10,912][train_tran.train_nn_models] [Training] Epoch=89, loss=1220.4935, nll=1220.4935, l2_reg=0.0000, acc=0.1891
[ 2022-08-31 10:57:10,912][train_tran.train_nn_models] [Validation] Epoch=89, nll=1224.1527, acc=0.1860
[ 2022-08-31 10:57:13,315][train_tran.train_nn_models] [Training] Epoch=90, loss=1220.4559, nll=1220.4559, l2_reg=0.0000, acc=0.1892
[ 2022-08-31 10:57:13,315][train_tran.train_nn_models] [Validation] Epoch=90, nll=1224.1227, acc=0.1858
[ 2022-08-31 10:57:15,602][train_tran.train_nn_models] [Training] Epoch=91, loss=1220.4348, nll=1220.4348, l2_reg=0.0000, acc=0.1890
[ 2022-08-31 10:57:15,603][train_tran.train_nn_models] [Validation] Epoch=91, nll=1224.0870, acc=0.1844
[ 2022-08-31 10:57:17,855][train_tran.train_nn_models] [Training] Epoch=92, loss=1220.4069, nll=1220.4069, l2_reg=0.0000, acc=0.1888
[ 2022-08-31 10:57:17,856][train_tran.train_nn_models] [Validation] Epoch=92, nll=1224.0601, acc=0.1841
[ 2022-08-31 10:57:20,285][train_tran.train_nn_models] [Training] Epoch=93, loss=1220.3654, nll=1220.3654, l2_reg=0.0000, acc=0.1889
[ 2022-08-31 10:57:20,286][train_tran.train_nn_models] [Validation] Epoch=93, nll=1224.0142, acc=0.1847
[ 2022-08-31 10:57:22,565][train_tran.train_nn_models] [Training] Epoch=94, loss=1220.3223, nll=1220.3223, l2_reg=0.0000, acc=0.1892
[ 2022-08-31 10:57:22,565][train_tran.train_nn_models] [Validation] Epoch=94, nll=1223.9698, acc=0.1868
[ 2022-08-31 10:57:24,922][train_tran.train_nn_models] [Training] Epoch=95, loss=1220.2721, nll=1220.2721, l2_reg=0.0000, acc=0.1895
[ 2022-08-31 10:57:24,923][train_tran.train_nn_models] [Validation] Epoch=95, nll=1223.9198, acc=0.1863
[ 2022-08-31 10:57:27,314][train_tran.train_nn_models] [Training] Epoch=96, loss=1220.2196, nll=1220.2196, l2_reg=0.0000, acc=0.1895
[ 2022-08-31 10:57:27,314][train_tran.train_nn_models] [Validation] Epoch=96, nll=1223.8658, acc=0.1866
[ 2022-08-31 10:57:29,759][train_tran.train_nn_models] [Training] Epoch=97, loss=1220.1625, nll=1220.1625, l2_reg=0.0000, acc=0.1899
[ 2022-08-31 10:57:29,760][train_tran.train_nn_models] [Validation] Epoch=97, nll=1223.8088, acc=0.1871
[ 2022-08-31 10:57:32,280][train_tran.train_nn_models] [Training] Epoch=98, loss=1220.0997, nll=1220.0997, l2_reg=0.0000, acc=0.1904
[ 2022-08-31 10:57:32,280][train_tran.train_nn_models] [Validation] Epoch=98, nll=1223.7467, acc=0.1871
[ 2022-08-31 10:57:34,807][train_tran.train_nn_models] [Training] Epoch=99, loss=1220.0325, nll=1220.0325, l2_reg=0.0000, acc=0.1907
[ 2022-08-31 10:57:34,807][train_tran.train_nn_models] [Validation] Epoch=99, nll=1223.6802, acc=0.1873
[ 2022-08-31 10:57:37,307][train_tran.train_nn_models] [Training] Epoch=100, loss=1219.9596, nll=1219.9596, l2_reg=0.0000, acc=0.1909
[ 2022-08-31 10:57:37,307][train_tran.train_nn_models] [Validation] Epoch=100, nll=1223.6082, acc=0.1872
[ 2022-08-31 10:57:39,781][train_tran.train_nn_models] [Training] Epoch=101, loss=1219.8809, nll=1219.8809, l2_reg=0.0000, acc=0.1909
[ 2022-08-31 10:57:39,782][train_tran.train_nn_models] [Validation] Epoch=101, nll=1223.5295, acc=0.1871
[ 2022-08-31 10:57:42,184][train_tran.train_nn_models] [Training] Epoch=102, loss=1219.7955, nll=1219.7955, l2_reg=0.0000, acc=0.1911
[ 2022-08-31 10:57:42,184][train_tran.train_nn_models] [Validation] Epoch=102, nll=1223.4442, acc=0.1873
[ 2022-08-31 10:57:44,692][train_tran.train_nn_models] [Training] Epoch=103, loss=1219.7032, nll=1219.7032, l2_reg=0.0000, acc=0.1907
[ 2022-08-31 10:57:44,693][train_tran.train_nn_models] [Validation] Epoch=103, nll=1223.3510, acc=0.1878
[ 2022-08-31 10:57:47,129][train_tran.train_nn_models] [Training] Epoch=104, loss=1219.6035, nll=1219.6035, l2_reg=0.0000, acc=0.1905
[ 2022-08-31 10:57:47,130][train_tran.train_nn_models] [Validation] Epoch=104, nll=1223.2511, acc=0.1876
[ 2022-08-31 10:57:49,567][train_tran.train_nn_models] [Training] Epoch=105, loss=1219.4969, nll=1219.4969, l2_reg=0.0000, acc=0.1906
[ 2022-08-31 10:57:49,568][train_tran.train_nn_models] [Validation] Epoch=105, nll=1223.1431, acc=0.1872
[ 2022-08-31 10:57:52,004][train_tran.train_nn_models] [Training] Epoch=106, loss=1219.3834, nll=1219.3834, l2_reg=0.0000, acc=0.1903
[ 2022-08-31 10:57:52,004][train_tran.train_nn_models] [Validation] Epoch=106, nll=1223.0278, acc=0.1879
[ 2022-08-31 10:57:54,497][train_tran.train_nn_models] [Training] Epoch=107, loss=1219.2605, nll=1219.2605, l2_reg=0.0000, acc=0.1904
[ 2022-08-31 10:57:54,498][train_tran.train_nn_models] [Validation] Epoch=107, nll=1222.9116, acc=0.1853
[ 2022-08-31 10:57:57,285][train_tran.train_nn_models] [Training] Epoch=108, loss=1219.1219, nll=1219.1219, l2_reg=0.0000, acc=0.1903
[ 2022-08-31 10:57:57,285][train_tran.train_nn_models] [Validation] Epoch=108, nll=1222.8092, acc=0.1860
[ 2022-08-31 10:57:59,760][train_tran.train_nn_models] [Training] Epoch=109, loss=1218.9794, nll=1218.9794, l2_reg=0.0000, acc=0.1896
[ 2022-08-31 10:57:59,760][train_tran.train_nn_models] [Validation] Epoch=109, nll=1222.6630, acc=0.1865
[ 2022-08-31 10:58:02,147][train_tran.train_nn_models] [Training] Epoch=110, loss=1218.8268, nll=1218.8268, l2_reg=0.0000, acc=0.1898
[ 2022-08-31 10:58:02,147][train_tran.train_nn_models] [Validation] Epoch=110, nll=1222.4915, acc=0.1865
[ 2022-08-31 10:58:04,569][train_tran.train_nn_models] [Training] Epoch=111, loss=1218.6602, nll=1218.6602, l2_reg=0.0000, acc=0.1898
[ 2022-08-31 10:58:04,570][train_tran.train_nn_models] [Validation] Epoch=111, nll=1222.3068, acc=0.1858
[ 2022-08-31 10:58:07,017][train_tran.train_nn_models] [Training] Epoch=112, loss=1218.4746, nll=1218.4746, l2_reg=0.0000, acc=0.1897
[ 2022-08-31 10:58:07,017][train_tran.train_nn_models] [Validation] Epoch=112, nll=1222.1023, acc=0.1861
[ 2022-08-31 10:58:09,411][train_tran.train_nn_models] [Training] Epoch=113, loss=1218.2665, nll=1218.2665, l2_reg=0.0000, acc=0.1895
[ 2022-08-31 10:58:09,412][train_tran.train_nn_models] [Validation] Epoch=113, nll=1221.8777, acc=0.1855
[ 2022-08-31 10:58:11,953][train_tran.train_nn_models] [Training] Epoch=114, loss=1218.0349, nll=1218.0349, l2_reg=0.0000, acc=0.1898
[ 2022-08-31 10:58:11,953][train_tran.train_nn_models] [Validation] Epoch=114, nll=1221.6235, acc=0.1853
[ 2022-08-31 10:58:14,458][train_tran.train_nn_models] [Training] Epoch=115, loss=1217.7786, nll=1217.7786, l2_reg=0.0000, acc=0.1899
[ 2022-08-31 10:58:14,459][train_tran.train_nn_models] [Validation] Epoch=115, nll=1221.3411, acc=0.1855
[ 2022-08-31 10:58:17,062][train_tran.train_nn_models] [Training] Epoch=116, loss=1217.4952, nll=1217.4952, l2_reg=0.0000, acc=0.1900
[ 2022-08-31 10:58:17,063][train_tran.train_nn_models] [Validation] Epoch=116, nll=1221.0293, acc=0.1857
[ 2022-08-31 10:58:19,549][train_tran.train_nn_models] [Training] Epoch=117, loss=1217.1884, nll=1217.1884, l2_reg=0.0000, acc=0.1904
[ 2022-08-31 10:58:19,550][train_tran.train_nn_models] [Validation] Epoch=117, nll=1220.6875, acc=0.1861
[ 2022-08-31 10:58:22,013][train_tran.train_nn_models] [Training] Epoch=118, loss=1216.8641, nll=1216.8641, l2_reg=0.0000, acc=0.1911
[ 2022-08-31 10:58:22,014][train_tran.train_nn_models] [Validation] Epoch=118, nll=1220.3245, acc=0.1867
[ 2022-08-31 10:58:24,414][train_tran.train_nn_models] [Training] Epoch=119, loss=1216.5297, nll=1216.5297, l2_reg=0.0000, acc=0.1913
[ 2022-08-31 10:58:24,415][train_tran.train_nn_models] [Validation] Epoch=119, nll=1219.9603, acc=0.1878
[ 2022-08-31 10:58:26,915][train_tran.train_nn_models] [Training] Epoch=120, loss=1216.1936, nll=1216.1936, l2_reg=0.0000, acc=0.1916
[ 2022-08-31 10:58:26,916][train_tran.train_nn_models] [Validation] Epoch=120, nll=1219.6136, acc=0.1881
[ 2022-08-31 10:58:29,301][train_tran.train_nn_models] [Training] Epoch=121, loss=1215.8571, nll=1215.8571, l2_reg=0.0000, acc=0.1924
[ 2022-08-31 10:58:29,302][train_tran.train_nn_models] [Validation] Epoch=121, nll=1219.2914, acc=0.1875
[ 2022-08-31 10:58:31,760][train_tran.train_nn_models] [Training] Epoch=122, loss=1215.5162, nll=1215.5162, l2_reg=0.0000, acc=0.1933
[ 2022-08-31 10:58:31,760][train_tran.train_nn_models] [Validation] Epoch=122, nll=1218.9814, acc=0.1893
[ 2022-08-31 10:58:34,196][train_tran.train_nn_models] [Training] Epoch=123, loss=1215.1641, nll=1215.1641, l2_reg=0.0000, acc=0.1941
[ 2022-08-31 10:58:34,197][train_tran.train_nn_models] [Validation] Epoch=123, nll=1218.6438, acc=0.1908
[ 2022-08-31 10:58:36,591][train_tran.train_nn_models] [Training] Epoch=124, loss=1214.7910, nll=1214.7910, l2_reg=0.0000, acc=0.1943
[ 2022-08-31 10:58:36,591][train_tran.train_nn_models] [Validation] Epoch=124, nll=1218.2902, acc=0.1909
[ 2022-08-31 10:58:39,092][train_tran.train_nn_models] [Training] Epoch=125, loss=1214.3986, nll=1214.3986, l2_reg=0.0000, acc=0.1947
[ 2022-08-31 10:58:39,092][train_tran.train_nn_models] [Validation] Epoch=125, nll=1217.9027, acc=0.1920
[ 2022-08-31 10:58:41,653][train_tran.train_nn_models] [Training] Epoch=126, loss=1213.9741, nll=1213.9741, l2_reg=0.0000, acc=0.1952
[ 2022-08-31 10:58:41,654][train_tran.train_nn_models] [Validation] Epoch=126, nll=1217.4894, acc=0.1926
[ 2022-08-31 10:58:41,654][train_tran.train_nn_models] Found a better model at epoch 126.
[ 2022-08-31 10:58:44,071][train_tran.train_nn_models] [Training] Epoch=127, loss=1213.5150, nll=1213.5150, l2_reg=0.0000, acc=0.1962
[ 2022-08-31 10:58:44,072][train_tran.train_nn_models] [Validation] Epoch=127, nll=1217.0516, acc=0.1933
[ 2022-08-31 10:58:44,072][train_tran.train_nn_models] Found a better model at epoch 127.
[ 2022-08-31 10:58:46,649][train_tran.train_nn_models] [Training] Epoch=128, loss=1213.0161, nll=1213.0161, l2_reg=0.0000, acc=0.1970
[ 2022-08-31 10:58:46,650][train_tran.train_nn_models] [Validation] Epoch=128, nll=1216.5781, acc=0.1944
[ 2022-08-31 10:58:46,650][train_tran.train_nn_models] Found a better model at epoch 128.
[ 2022-08-31 10:58:49,032][train_tran.train_nn_models] [Training] Epoch=129, loss=1212.4628, nll=1212.4628, l2_reg=0.0000, acc=0.1982
[ 2022-08-31 10:58:49,032][train_tran.train_nn_models] [Validation] Epoch=129, nll=1216.0432, acc=0.1962
[ 2022-08-31 10:58:49,032][train_tran.train_nn_models] Found a better model at epoch 129.
[ 2022-08-31 10:58:51,467][train_tran.train_nn_models] [Training] Epoch=130, loss=1211.8319, nll=1211.8319, l2_reg=0.0000, acc=0.1997
[ 2022-08-31 10:58:51,468][train_tran.train_nn_models] [Validation] Epoch=130, nll=1215.4186, acc=0.1975
[ 2022-08-31 10:58:51,468][train_tran.train_nn_models] Found a better model at epoch 130.
[ 2022-08-31 10:58:53,907][train_tran.train_nn_models] [Training] Epoch=131, loss=1211.1010, nll=1211.1010, l2_reg=0.0000, acc=0.2010
[ 2022-08-31 10:58:53,908][train_tran.train_nn_models] [Validation] Epoch=131, nll=1214.6418, acc=0.1990
[ 2022-08-31 10:58:53,908][train_tran.train_nn_models] Found a better model at epoch 131.
[ 2022-08-31 10:58:56,367][train_tran.train_nn_models] [Training] Epoch=132, loss=1210.2263, nll=1210.2263, l2_reg=0.0000, acc=0.2027
[ 2022-08-31 10:58:56,368][train_tran.train_nn_models] [Validation] Epoch=132, nll=1213.7123, acc=0.2001
[ 2022-08-31 10:58:56,368][train_tran.train_nn_models] Found a better model at epoch 132.
[ 2022-08-31 10:58:58,677][train_tran.train_nn_models] [Training] Epoch=133, loss=1209.1759, nll=1209.1759, l2_reg=0.0000, acc=0.2050
[ 2022-08-31 10:58:58,678][train_tran.train_nn_models] [Validation] Epoch=133, nll=1212.6626, acc=0.2014
[ 2022-08-31 10:58:58,678][train_tran.train_nn_models] Found a better model at epoch 133.
[ 2022-08-31 10:59:01,028][train_tran.train_nn_models] [Training] Epoch=134, loss=1207.9270, nll=1207.9270, l2_reg=0.0000, acc=0.2063
[ 2022-08-31 10:59:01,029][train_tran.train_nn_models] [Validation] Epoch=134, nll=1211.4476, acc=0.2040
[ 2022-08-31 10:59:01,029][train_tran.train_nn_models] Found a better model at epoch 134.
[ 2022-08-31 10:59:03,416][train_tran.train_nn_models] [Training] Epoch=135, loss=1206.4314, nll=1206.4314, l2_reg=0.0000, acc=0.2086
[ 2022-08-31 10:59:03,416][train_tran.train_nn_models] [Validation] Epoch=135, nll=1210.0181, acc=0.2045
[ 2022-08-31 10:59:03,416][train_tran.train_nn_models] Found a better model at epoch 135.
[ 2022-08-31 10:59:05,814][train_tran.train_nn_models] [Training] Epoch=136, loss=1204.5544, nll=1204.5544, l2_reg=0.0000, acc=0.2124
[ 2022-08-31 10:59:05,814][train_tran.train_nn_models] [Validation] Epoch=136, nll=1208.2551, acc=0.2085
[ 2022-08-31 10:59:05,814][train_tran.train_nn_models] Found a better model at epoch 136.
[ 2022-08-31 10:59:08,162][train_tran.train_nn_models] [Training] Epoch=137, loss=1202.1934, nll=1202.1934, l2_reg=0.0000, acc=0.2168
[ 2022-08-31 10:59:08,163][train_tran.train_nn_models] [Validation] Epoch=137, nll=1205.8292, acc=0.2129
[ 2022-08-31 10:59:08,163][train_tran.train_nn_models] Found a better model at epoch 137.
[ 2022-08-31 10:59:10,537][train_tran.train_nn_models] [Training] Epoch=138, loss=1199.1389, nll=1199.1389, l2_reg=0.0000, acc=0.2223
[ 2022-08-31 10:59:10,538][train_tran.train_nn_models] [Validation] Epoch=138, nll=1203.0870, acc=0.2181
[ 2022-08-31 10:59:10,538][train_tran.train_nn_models] Found a better model at epoch 138.
[ 2022-08-31 10:59:13,037][train_tran.train_nn_models] [Training] Epoch=139, loss=1195.6338, nll=1195.6338, l2_reg=0.0000, acc=0.2283
[ 2022-08-31 10:59:13,038][train_tran.train_nn_models] [Validation] Epoch=139, nll=1200.0658, acc=0.2249
[ 2022-08-31 10:59:13,038][train_tran.train_nn_models] Found a better model at epoch 139.
[ 2022-08-31 10:59:15,381][train_tran.train_nn_models] [Training] Epoch=140, loss=1191.4631, nll=1191.4631, l2_reg=0.0000, acc=0.2352
[ 2022-08-31 10:59:15,382][train_tran.train_nn_models] [Validation] Epoch=140, nll=1196.9844, acc=0.2325
[ 2022-08-31 10:59:15,382][train_tran.train_nn_models] Found a better model at epoch 140.
[ 2022-08-31 10:59:18,275][train_tran.train_nn_models] [Training] Epoch=141, loss=1186.8953, nll=1186.8953, l2_reg=0.0000, acc=0.2426
[ 2022-08-31 10:59:18,275][train_tran.train_nn_models] [Validation] Epoch=141, nll=1197.2192, acc=0.2397
[ 2022-08-31 10:59:21,334][train_tran.train_nn_models] [Training] Epoch=142, loss=1194.8671, nll=1194.8671, l2_reg=0.0000, acc=0.2306
[ 2022-08-31 10:59:21,335][train_tran.train_nn_models] [Validation] Epoch=142, nll=1195.9214, acc=0.2477
[ 2022-08-31 10:59:21,335][train_tran.train_nn_models] Found a better model at epoch 142.
[ 2022-08-31 10:59:24,414][train_tran.train_nn_models] [Training] Epoch=143, loss=1182.5571, nll=1182.5571, l2_reg=0.0000, acc=0.2492
[ 2022-08-31 10:59:24,414][train_tran.train_nn_models] [Validation] Epoch=143, nll=1189.9088, acc=0.2569
[ 2022-08-31 10:59:24,415][train_tran.train_nn_models] Found a better model at epoch 143.
[ 2022-08-31 10:59:27,464][train_tran.train_nn_models] [Training] Epoch=144, loss=1175.1239, nll=1175.1239, l2_reg=0.0000, acc=0.2685
[ 2022-08-31 10:59:27,465][train_tran.train_nn_models] [Validation] Epoch=144, nll=1186.4098, acc=0.2693
[ 2022-08-31 10:59:27,465][train_tran.train_nn_models] Found a better model at epoch 144.
[ 2022-08-31 10:59:30,038][train_tran.train_nn_models] [Training] Epoch=145, loss=1169.1497, nll=1169.1497, l2_reg=0.0000, acc=0.2769
[ 2022-08-31 10:59:30,038][train_tran.train_nn_models] [Validation] Epoch=145, nll=1183.4425, acc=0.2571
[ 2022-08-31 10:59:30,038][train_tran.train_nn_models] Found a better model at epoch 145.
[ 2022-08-31 10:59:32,400][train_tran.train_nn_models] [Training] Epoch=146, loss=1162.3224, nll=1162.3224, l2_reg=0.0000, acc=0.2886
[ 2022-08-31 10:59:32,400][train_tran.train_nn_models] [Validation] Epoch=146, nll=1174.7946, acc=0.2807
[ 2022-08-31 10:59:32,400][train_tran.train_nn_models] Found a better model at epoch 146.
[ 2022-08-31 10:59:34,780][train_tran.train_nn_models] [Training] Epoch=147, loss=1151.9596, nll=1151.9596, l2_reg=0.0000, acc=0.3045
[ 2022-08-31 10:59:34,781][train_tran.train_nn_models] [Validation] Epoch=147, nll=1169.5762, acc=0.2882
[ 2022-08-31 10:59:34,781][train_tran.train_nn_models] Found a better model at epoch 147.
[ 2022-08-31 10:59:37,234][train_tran.train_nn_models] [Training] Epoch=148, loss=1145.4464, nll=1145.4464, l2_reg=0.0000, acc=0.3214
[ 2022-08-31 10:59:37,235][train_tran.train_nn_models] [Validation] Epoch=148, nll=1161.9713, acc=0.3200
[ 2022-08-31 10:59:37,235][train_tran.train_nn_models] Found a better model at epoch 148.
[ 2022-08-31 10:59:39,712][train_tran.train_nn_models] [Training] Epoch=149, loss=1137.3246, nll=1137.3246, l2_reg=0.0000, acc=0.3458
[ 2022-08-31 10:59:39,713][train_tran.train_nn_models] [Validation] Epoch=149, nll=1156.7727, acc=0.3369
[ 2022-08-31 10:59:39,713][train_tran.train_nn_models] Found a better model at epoch 149.
[ 2022-08-31 10:59:42,182][train_tran.train_nn_models] [Training] Epoch=150, loss=1147.7511, nll=1147.7511, l2_reg=0.0000, acc=0.3495
[ 2022-08-31 10:59:42,183][train_tran.train_nn_models] [Validation] Epoch=150, nll=1223.5531, acc=0.3156
[ 2022-08-31 10:59:44,656][train_tran.train_nn_models] [Training] Epoch=151, loss=1187.1167, nll=1187.1167, l2_reg=0.0000, acc=0.2880
[ 2022-08-31 10:59:44,657][train_tran.train_nn_models] [Validation] Epoch=151, nll=1190.4398, acc=0.2461
[ 2022-08-31 10:59:47,072][train_tran.train_nn_models] [Training] Epoch=152, loss=1181.0830, nll=1181.0830, l2_reg=0.0000, acc=0.2658
[ 2022-08-31 10:59:47,073][train_tran.train_nn_models] [Validation] Epoch=152, nll=1182.0778, acc=0.2803
[ 2022-08-31 10:59:49,535][train_tran.train_nn_models] [Training] Epoch=153, loss=1161.5371, nll=1161.5371, l2_reg=0.0000, acc=0.3107
[ 2022-08-31 10:59:49,536][train_tran.train_nn_models] [Validation] Epoch=153, nll=1167.4771, acc=0.2999
[ 2022-08-31 10:59:51,954][train_tran.train_nn_models] [Training] Epoch=154, loss=1136.3000, nll=1136.3000, l2_reg=0.0000, acc=0.3525
[ 2022-08-31 10:59:51,955][train_tran.train_nn_models] [Validation] Epoch=154, nll=1149.9794, acc=0.3470
[ 2022-08-31 10:59:51,955][train_tran.train_nn_models] Found a better model at epoch 154.
[ 2022-08-31 10:59:54,572][train_tran.train_nn_models] [Training] Epoch=155, loss=1108.9380, nll=1108.9380, l2_reg=0.0000, acc=0.4002
[ 2022-08-31 10:59:54,573][train_tran.train_nn_models] [Validation] Epoch=155, nll=1130.8712, acc=0.3780
[ 2022-08-31 10:59:54,573][train_tran.train_nn_models] Found a better model at epoch 155.
[ 2022-08-31 10:59:57,302][train_tran.train_nn_models] [Training] Epoch=156, loss=1091.5657, nll=1091.5657, l2_reg=0.0000, acc=0.4360
[ 2022-08-31 10:59:57,303][train_tran.train_nn_models] [Validation] Epoch=156, nll=1118.9568, acc=0.3981
[ 2022-08-31 10:59:57,303][train_tran.train_nn_models] Found a better model at epoch 156.
[ 2022-08-31 11:00:00,122][train_tran.train_nn_models] [Training] Epoch=157, loss=1065.9910, nll=1065.9910, l2_reg=0.0000, acc=0.4727
[ 2022-08-31 11:00:00,123][train_tran.train_nn_models] [Validation] Epoch=157, nll=1109.2969, acc=0.4021
[ 2022-08-31 11:00:00,123][train_tran.train_nn_models] Found a better model at epoch 157.
[ 2022-08-31 11:00:02,894][train_tran.train_nn_models] [Training] Epoch=158, loss=1059.4674, nll=1059.4674, l2_reg=0.0000, acc=0.4700
[ 2022-08-31 11:00:02,894][train_tran.train_nn_models] [Validation] Epoch=158, nll=1171.4366, acc=0.3354
[ 2022-08-31 11:00:05,635][train_tran.train_nn_models] [Training] Epoch=159, loss=1118.4746, nll=1118.4746, l2_reg=0.0000, acc=0.3824
[ 2022-08-31 11:00:05,636][train_tran.train_nn_models] [Validation] Epoch=159, nll=1129.1086, acc=0.3580
[ 2022-08-31 11:00:08,395][train_tran.train_nn_models] [Training] Epoch=160, loss=1106.5734, nll=1106.5734, l2_reg=0.0000, acc=0.4008
[ 2022-08-31 11:00:08,396][train_tran.train_nn_models] [Validation] Epoch=160, nll=1126.5927, acc=0.3672
[ 2022-08-31 11:00:11,170][train_tran.train_nn_models] [Training] Epoch=161, loss=1083.1501, nll=1083.1501, l2_reg=0.0000, acc=0.4280
[ 2022-08-31 11:00:11,171][train_tran.train_nn_models] [Validation] Epoch=161, nll=1104.3260, acc=0.4088
[ 2022-08-31 11:00:11,171][train_tran.train_nn_models] Found a better model at epoch 161.
[ 2022-08-31 11:00:13,994][train_tran.train_nn_models] [Training] Epoch=162, loss=1041.8473, nll=1041.8473, l2_reg=0.0000, acc=0.4932
[ 2022-08-31 11:00:13,994][train_tran.train_nn_models] [Validation] Epoch=162, nll=1084.6252, acc=0.4433
[ 2022-08-31 11:00:13,995][train_tran.train_nn_models] Found a better model at epoch 162.
[ 2022-08-31 11:00:16,739][train_tran.train_nn_models] [Training] Epoch=163, loss=1003.3331, nll=1003.3331, l2_reg=0.0000, acc=0.5457
[ 2022-08-31 11:00:16,740][train_tran.train_nn_models] [Validation] Epoch=163, nll=1057.9059, acc=0.4779
[ 2022-08-31 11:00:16,740][train_tran.train_nn_models] Found a better model at epoch 163.
[ 2022-08-31 11:00:19,500][train_tran.train_nn_models] [Training] Epoch=164, loss=988.6326, nll=988.6326, l2_reg=0.0000, acc=0.5713
[ 2022-08-31 11:00:19,501][train_tran.train_nn_models] [Validation] Epoch=164, nll=1088.1520, acc=0.4483
[ 2022-08-31 11:00:22,275][train_tran.train_nn_models] [Training] Epoch=165, loss=1016.3788, nll=1016.3788, l2_reg=0.0000, acc=0.5505
[ 2022-08-31 11:00:22,275][train_tran.train_nn_models] [Validation] Epoch=165, nll=1053.7675, acc=0.4877
[ 2022-08-31 11:00:22,276][train_tran.train_nn_models] Found a better model at epoch 165.
[ 2022-08-31 11:00:25,008][train_tran.train_nn_models] [Training] Epoch=166, loss=1187.9951, nll=1187.9951, l2_reg=0.0000, acc=0.4841
[ 2022-08-31 11:00:25,008][train_tran.train_nn_models] [Validation] Epoch=166, nll=1257.1562, acc=0.2403
[ 2022-08-31 11:00:28,065][train_tran.train_nn_models] [Training] Epoch=167, loss=1255.2550, nll=1255.2550, l2_reg=0.0000, acc=0.2067
[ 2022-08-31 11:00:28,066][train_tran.train_nn_models] [Validation] Epoch=167, nll=1228.6329, acc=0.2237
[ 2022-08-31 11:00:30,367][train_tran.train_nn_models] [Training] Epoch=168, loss=1218.0079, nll=1218.0079, l2_reg=0.0000, acc=0.2214
[ 2022-08-31 11:00:30,367][train_tran.train_nn_models] [Validation] Epoch=168, nll=1217.3497, acc=0.2271
[ 2022-08-31 11:00:32,808][train_tran.train_nn_models] [Training] Epoch=169, loss=1213.5132, nll=1213.5132, l2_reg=0.0000, acc=0.2338
[ 2022-08-31 11:00:32,809][train_tran.train_nn_models] [Validation] Epoch=169, nll=1214.9795, acc=0.2366
[ 2022-08-31 11:00:35,240][train_tran.train_nn_models] [Training] Epoch=170, loss=1210.1539, nll=1210.1539, l2_reg=0.0000, acc=0.2390
[ 2022-08-31 11:00:35,240][train_tran.train_nn_models] [Validation] Epoch=170, nll=1211.7303, acc=0.2462
[ 2022-08-31 11:00:37,566][train_tran.train_nn_models] [Training] Epoch=171, loss=1205.5037, nll=1205.5037, l2_reg=0.0000, acc=0.2454
[ 2022-08-31 11:00:37,566][train_tran.train_nn_models] [Validation] Epoch=171, nll=1206.8162, acc=0.2535
[ 2022-08-31 11:00:39,954][train_tran.train_nn_models] [Training] Epoch=172, loss=1199.0262, nll=1199.0262, l2_reg=0.0000, acc=0.2537
[ 2022-08-31 11:00:39,955][train_tran.train_nn_models] [Validation] Epoch=172, nll=1200.9364, acc=0.2600
[ 2022-08-31 11:00:42,352][train_tran.train_nn_models] [Training] Epoch=173, loss=1190.6946, nll=1190.6946, l2_reg=0.0000, acc=0.2691
[ 2022-08-31 11:00:42,353][train_tran.train_nn_models] [Validation] Epoch=173, nll=1193.4255, acc=0.2705
[ 2022-08-31 11:00:44,791][train_tran.train_nn_models] [Training] Epoch=174, loss=1180.7620, nll=1180.7620, l2_reg=0.0000, acc=0.2924
[ 2022-08-31 11:00:44,792][train_tran.train_nn_models] [Validation] Epoch=174, nll=1185.1938, acc=0.2894
[ 2022-08-31 11:00:47,194][train_tran.train_nn_models] [Training] Epoch=175, loss=1168.1990, nll=1168.1990, l2_reg=0.0000, acc=0.3215
[ 2022-08-31 11:00:47,194][train_tran.train_nn_models] [Validation] Epoch=175, nll=1174.7914, acc=0.3124
[ 2022-08-31 11:00:49,702][train_tran.train_nn_models] [Training] Epoch=176, loss=1153.1169, nll=1153.1169, l2_reg=0.0000, acc=0.3497
[ 2022-08-31 11:00:49,703][train_tran.train_nn_models] [Validation] Epoch=176, nll=1162.6622, acc=0.3359
[ 2022-08-31 11:00:52,228][train_tran.train_nn_models] [Training] Epoch=177, loss=1136.5553, nll=1136.5553, l2_reg=0.0000, acc=0.3747
[ 2022-08-31 11:00:52,228][train_tran.train_nn_models] [Validation] Epoch=177, nll=1151.4279, acc=0.3572
[ 2022-08-31 11:00:54,736][train_tran.train_nn_models] [Training] Epoch=178, loss=1120.5759, nll=1120.5759, l2_reg=0.0000, acc=0.3973
[ 2022-08-31 11:00:54,736][train_tran.train_nn_models] [Validation] Epoch=178, nll=1139.4368, acc=0.3754
[ 2022-08-31 11:00:57,505][train_tran.train_nn_models] [Training] Epoch=179, loss=1103.8176, nll=1103.8176, l2_reg=0.0000, acc=0.4213
[ 2022-08-31 11:00:57,506][train_tran.train_nn_models] [Validation] Epoch=179, nll=1127.3741, acc=0.3954
[ 2022-08-31 11:01:00,313][train_tran.train_nn_models] [Training] Epoch=180, loss=1084.7633, nll=1084.7633, l2_reg=0.0000, acc=0.4492
[ 2022-08-31 11:01:00,314][train_tran.train_nn_models] [Validation] Epoch=180, nll=1115.5007, acc=0.4117
[ 2022-08-31 11:01:03,235][train_tran.train_nn_models] [Training] Epoch=181, loss=1066.9926, nll=1066.9926, l2_reg=0.0000, acc=0.4726
[ 2022-08-31 11:01:03,235][train_tran.train_nn_models] [Validation] Epoch=181, nll=1107.2080, acc=0.4164
[ 2022-08-31 11:01:06,073][train_tran.train_nn_models] [Training] Epoch=182, loss=1051.7148, nll=1051.7148, l2_reg=0.0000, acc=0.4875
[ 2022-08-31 11:01:06,074][train_tran.train_nn_models] [Validation] Epoch=182, nll=1103.5902, acc=0.4189
[ 2022-08-31 11:01:08,906][train_tran.train_nn_models] [Training] Epoch=183, loss=1038.2518, nll=1038.2518, l2_reg=0.0000, acc=0.5037
[ 2022-08-31 11:01:08,906][train_tran.train_nn_models] [Validation] Epoch=183, nll=1093.1495, acc=0.4265
[ 2022-08-31 11:01:11,809][train_tran.train_nn_models] [Training] Epoch=184, loss=1031.0897, nll=1031.0897, l2_reg=0.0000, acc=0.5146
[ 2022-08-31 11:01:11,810][train_tran.train_nn_models] [Validation] Epoch=184, nll=1083.5117, acc=0.4421
[ 2022-08-31 11:01:14,791][train_tran.train_nn_models] [Training] Epoch=185, loss=1013.9009, nll=1013.9009, l2_reg=0.0000, acc=0.5350
[ 2022-08-31 11:01:14,791][train_tran.train_nn_models] [Validation] Epoch=185, nll=1061.9956, acc=0.4766
[ 2022-08-31 11:01:17,809][train_tran.train_nn_models] [Training] Epoch=186, loss=990.2089, nll=990.2089, l2_reg=0.0000, acc=0.5620
[ 2022-08-31 11:01:17,810][train_tran.train_nn_models] [Validation] Epoch=186, nll=1060.3483, acc=0.4774
[ 2022-08-31 11:01:20,869][train_tran.train_nn_models] [Training] Epoch=187, loss=977.0897, nll=977.0897, l2_reg=0.0000, acc=0.5725
[ 2022-08-31 11:01:20,870][train_tran.train_nn_models] [Validation] Epoch=187, nll=1055.5133, acc=0.4762
[ 2022-08-31 11:01:23,675][train_tran.train_nn_models] [Training] Epoch=188, loss=977.4932, nll=977.4932, l2_reg=0.0000, acc=0.5676
[ 2022-08-31 11:01:23,675][train_tran.train_nn_models] [Validation] Epoch=188, nll=1059.2144, acc=0.4563
[ 2022-08-31 11:01:26,780][train_tran.train_nn_models] [Training] Epoch=189, loss=975.6016, nll=975.6016, l2_reg=0.0000, acc=0.5628
[ 2022-08-31 11:01:26,781][train_tran.train_nn_models] [Validation] Epoch=189, nll=1029.2035, acc=0.5114
[ 2022-08-31 11:01:26,782][train_tran.train_nn_models] Found a better model at epoch 189.
[ 2022-08-31 11:01:30,003][train_tran.train_nn_models] [Training] Epoch=190, loss=945.2620, nll=945.2620, l2_reg=0.0000, acc=0.6053
[ 2022-08-31 11:01:30,003][train_tran.train_nn_models] [Validation] Epoch=190, nll=1029.9529, acc=0.5058
[ 2022-08-31 11:01:33,333][train_tran.train_nn_models] [Training] Epoch=191, loss=927.0464, nll=927.0464, l2_reg=0.0000, acc=0.6154
[ 2022-08-31 11:01:33,333][train_tran.train_nn_models] [Validation] Epoch=191, nll=1022.8821, acc=0.5048
[ 2022-08-31 11:01:33,334][train_tran.train_nn_models] Found a better model at epoch 191.
[ 2022-08-31 11:01:36,320][train_tran.train_nn_models] [Training] Epoch=192, loss=916.6090, nll=916.6090, l2_reg=0.0000, acc=0.6197
[ 2022-08-31 11:01:36,321][train_tran.train_nn_models] [Validation] Epoch=192, nll=1036.7421, acc=0.4858
[ 2022-08-31 11:01:39,550][train_tran.train_nn_models] [Training] Epoch=193, loss=914.2516, nll=914.2516, l2_reg=0.0000, acc=0.6082
[ 2022-08-31 11:01:39,551][train_tran.train_nn_models] [Validation] Epoch=193, nll=1022.2777, acc=0.5003
[ 2022-08-31 11:01:39,551][train_tran.train_nn_models] Found a better model at epoch 193.
[ 2022-08-31 11:01:42,546][train_tran.train_nn_models] [Training] Epoch=194, loss=897.0423, nll=897.0423, l2_reg=0.0000, acc=0.6307
[ 2022-08-31 11:01:42,547][train_tran.train_nn_models] [Validation] Epoch=194, nll=1014.3530, acc=0.5140
[ 2022-08-31 11:01:42,547][train_tran.train_nn_models] Found a better model at epoch 194.
[ 2022-08-31 11:01:45,736][train_tran.train_nn_models] [Training] Epoch=195, loss=891.5588, nll=891.5588, l2_reg=0.0000, acc=0.6278
[ 2022-08-31 11:01:45,737][train_tran.train_nn_models] [Validation] Epoch=195, nll=1026.3802, acc=0.4865
[ 2022-08-31 11:01:48,827][train_tran.train_nn_models] [Training] Epoch=196, loss=914.2582, nll=914.2582, l2_reg=0.0000, acc=0.6143
[ 2022-08-31 11:01:48,828][train_tran.train_nn_models] [Validation] Epoch=196, nll=1074.7008, acc=0.4537
[ 2022-08-31 11:01:51,813][train_tran.train_nn_models] [Training] Epoch=197, loss=937.5729, nll=937.5729, l2_reg=0.0000, acc=0.5938
[ 2022-08-31 11:01:51,814][train_tran.train_nn_models] [Validation] Epoch=197, nll=969.9011, acc=0.5458
[ 2022-08-31 11:01:51,814][train_tran.train_nn_models] Found a better model at epoch 197.
[ 2022-08-31 11:01:54,966][train_tran.train_nn_models] [Training] Epoch=198, loss=874.8173, nll=874.8173, l2_reg=0.0000, acc=0.6442
[ 2022-08-31 11:01:54,967][train_tran.train_nn_models] [Validation] Epoch=198, nll=977.2821, acc=0.5475
[ 2022-08-31 11:01:58,022][train_tran.train_nn_models] [Training] Epoch=199, loss=845.1348, nll=845.1348, l2_reg=0.0000, acc=0.6692
[ 2022-08-31 11:01:58,023][train_tran.train_nn_models] [Validation] Epoch=199, nll=978.3740, acc=0.5392
[ 2022-08-31 11:02:01,201][train_tran.train_nn_models] [Training] Epoch=200, loss=836.5262, nll=836.5262, l2_reg=0.0000, acc=0.6751
[ 2022-08-31 11:02:01,202][train_tran.train_nn_models] [Validation] Epoch=200, nll=985.6736, acc=0.5409
[ 2022-08-31 11:02:04,099][train_tran.train_nn_models] [Training] Epoch=201, loss=855.0461, nll=855.0461, l2_reg=0.0000, acc=0.6633
[ 2022-08-31 11:02:04,100][train_tran.train_nn_models] [Validation] Epoch=201, nll=989.0465, acc=0.5268
[ 2022-08-31 11:02:07,131][train_tran.train_nn_models] [Training] Epoch=202, loss=847.7907, nll=847.7907, l2_reg=0.0000, acc=0.6637
[ 2022-08-31 11:02:07,131][train_tran.train_nn_models] [Validation] Epoch=202, nll=981.2551, acc=0.5302
[ 2022-08-31 11:02:10,153][train_tran.train_nn_models] [Training] Epoch=203, loss=832.2444, nll=832.2444, l2_reg=0.0000, acc=0.6754
[ 2022-08-31 11:02:10,153][train_tran.train_nn_models] [Validation] Epoch=203, nll=954.0765, acc=0.5599
[ 2022-08-31 11:02:10,153][train_tran.train_nn_models] Found a better model at epoch 203.
[ 2022-08-31 11:02:13,140][train_tran.train_nn_models] [Training] Epoch=204, loss=817.0082, nll=817.0082, l2_reg=0.0000, acc=0.6860
[ 2022-08-31 11:02:13,141][train_tran.train_nn_models] [Validation] Epoch=204, nll=981.7714, acc=0.5323
[ 2022-08-31 11:02:16,234][train_tran.train_nn_models] [Training] Epoch=205, loss=837.2804, nll=837.2804, l2_reg=0.0000, acc=0.6740
[ 2022-08-31 11:02:16,235][train_tran.train_nn_models] [Validation] Epoch=205, nll=979.0646, acc=0.5453
[ 2022-08-31 11:02:19,291][train_tran.train_nn_models] [Training] Epoch=206, loss=813.5853, nll=813.5853, l2_reg=0.0000, acc=0.6914
[ 2022-08-31 11:02:19,292][train_tran.train_nn_models] [Validation] Epoch=206, nll=955.2205, acc=0.5561
[ 2022-08-31 11:02:22,421][train_tran.train_nn_models] [Training] Epoch=207, loss=784.8470, nll=784.8470, l2_reg=0.0000, acc=0.7183
[ 2022-08-31 11:02:22,421][train_tran.train_nn_models] [Validation] Epoch=207, nll=947.2115, acc=0.5689
[ 2022-08-31 11:02:22,422][train_tran.train_nn_models] Found a better model at epoch 207.
[ 2022-08-31 11:02:25,672][train_tran.train_nn_models] [Training] Epoch=208, loss=766.3129, nll=766.3129, l2_reg=0.0000, acc=0.7383
[ 2022-08-31 11:02:25,673][train_tran.train_nn_models] [Validation] Epoch=208, nll=950.3018, acc=0.5691
[ 2022-08-31 11:02:28,890][train_tran.train_nn_models] [Training] Epoch=209, loss=766.6812, nll=766.6812, l2_reg=0.0000, acc=0.7427
[ 2022-08-31 11:02:28,891][train_tran.train_nn_models] [Validation] Epoch=209, nll=939.9253, acc=0.5829
[ 2022-08-31 11:02:28,891][train_tran.train_nn_models] Found a better model at epoch 209.
[ 2022-08-31 11:02:32,732][train_tran.train_nn_models] [Training] Epoch=210, loss=771.7209, nll=771.7209, l2_reg=0.0000, acc=0.7477
[ 2022-08-31 11:02:32,733][train_tran.train_nn_models] [Validation] Epoch=210, nll=983.5635, acc=0.5548
[ 2022-08-31 11:02:36,149][train_tran.train_nn_models] [Training] Epoch=211, loss=797.3063, nll=797.3063, l2_reg=0.0000, acc=0.7288
[ 2022-08-31 11:02:36,150][train_tran.train_nn_models] [Validation] Epoch=211, nll=942.6555, acc=0.5851
[ 2022-08-31 11:02:39,572][train_tran.train_nn_models] [Training] Epoch=212, loss=758.0089, nll=758.0089, l2_reg=0.0000, acc=0.7583
[ 2022-08-31 11:02:39,572][train_tran.train_nn_models] [Validation] Epoch=212, nll=943.5978, acc=0.5862
[ 2022-08-31 11:02:43,555][train_tran.train_nn_models] [Training] Epoch=213, loss=744.1360, nll=744.1360, l2_reg=0.0000, acc=0.7639
[ 2022-08-31 11:02:43,556][train_tran.train_nn_models] [Validation] Epoch=213, nll=924.4164, acc=0.5967
[ 2022-08-31 11:02:43,557][train_tran.train_nn_models] Found a better model at epoch 213.
[ 2022-08-31 11:02:47,357][train_tran.train_nn_models] [Training] Epoch=214, loss=732.8099, nll=732.8099, l2_reg=0.0000, acc=0.7749
[ 2022-08-31 11:02:47,358][train_tran.train_nn_models] [Validation] Epoch=214, nll=929.1286, acc=0.5934
[ 2022-08-31 11:02:50,870][train_tran.train_nn_models] [Training] Epoch=215, loss=740.4896, nll=740.4896, l2_reg=0.0000, acc=0.7722
[ 2022-08-31 11:02:50,871][train_tran.train_nn_models] [Validation] Epoch=215, nll=942.2450, acc=0.5870
[ 2022-08-31 11:02:54,415][train_tran.train_nn_models] [Training] Epoch=216, loss=743.5763, nll=743.5763, l2_reg=0.0000, acc=0.7740
[ 2022-08-31 11:02:54,416][train_tran.train_nn_models] [Validation] Epoch=216, nll=966.6148, acc=0.5641
[ 2022-08-31 11:02:58,216][train_tran.train_nn_models] [Training] Epoch=217, loss=726.6167, nll=726.6167, l2_reg=0.0000, acc=0.7790
[ 2022-08-31 11:02:58,217][train_tran.train_nn_models] [Validation] Epoch=217, nll=909.9423, acc=0.6112
[ 2022-08-31 11:02:58,218][train_tran.train_nn_models] Found a better model at epoch 217.
[ 2022-08-31 11:03:02,083][train_tran.train_nn_models] [Training] Epoch=218, loss=709.3162, nll=709.3162, l2_reg=0.0000, acc=0.7898
[ 2022-08-31 11:03:02,084][train_tran.train_nn_models] [Validation] Epoch=218, nll=911.5591, acc=0.6129
[ 2022-08-31 11:03:06,624][train_tran.train_nn_models] [Training] Epoch=219, loss=701.8470, nll=701.8470, l2_reg=0.0000, acc=0.7939
[ 2022-08-31 11:03:06,624][train_tran.train_nn_models] [Validation] Epoch=219, nll=913.1710, acc=0.6072
[ 2022-08-31 11:03:10,591][train_tran.train_nn_models] [Training] Epoch=220, loss=701.0781, nll=701.0781, l2_reg=0.0000, acc=0.7920
[ 2022-08-31 11:03:10,591][train_tran.train_nn_models] [Validation] Epoch=220, nll=913.9121, acc=0.6078
[ 2022-08-31 11:03:14,875][train_tran.train_nn_models] [Training] Epoch=221, loss=697.0068, nll=697.0068, l2_reg=0.0000, acc=0.7946
[ 2022-08-31 11:03:14,875][train_tran.train_nn_models] [Validation] Epoch=221, nll=906.1447, acc=0.6175
[ 2022-08-31 11:03:14,876][train_tran.train_nn_models] Found a better model at epoch 221.
[ 2022-08-31 11:03:18,182][train_tran.train_nn_models] [Training] Epoch=222, loss=688.2635, nll=688.2635, l2_reg=0.0000, acc=0.8029
[ 2022-08-31 11:03:18,182][train_tran.train_nn_models] [Validation] Epoch=222, nll=899.4874, acc=0.6262
[ 2022-08-31 11:03:18,183][train_tran.train_nn_models] Found a better model at epoch 222.
[ 2022-08-31 11:03:21,275][train_tran.train_nn_models] [Training] Epoch=223, loss=683.8243, nll=683.8243, l2_reg=0.0000, acc=0.8070
[ 2022-08-31 11:03:21,276][train_tran.train_nn_models] [Validation] Epoch=223, nll=899.5829, acc=0.6259
[ 2022-08-31 11:03:24,372][train_tran.train_nn_models] [Training] Epoch=224, loss=683.2949, nll=683.2949, l2_reg=0.0000, acc=0.8061
[ 2022-08-31 11:03:24,372][train_tran.train_nn_models] [Validation] Epoch=224, nll=898.9254, acc=0.6279
[ 2022-08-31 11:03:24,373][train_tran.train_nn_models] Found a better model at epoch 224.
[ 2022-08-31 11:03:27,678][train_tran.train_nn_models] [Training] Epoch=225, loss=686.0663, nll=686.0663, l2_reg=0.0000, acc=0.8027
[ 2022-08-31 11:03:27,679][train_tran.train_nn_models] [Validation] Epoch=225, nll=909.7092, acc=0.6178
[ 2022-08-31 11:03:30,893][train_tran.train_nn_models] [Training] Epoch=226, loss=694.7656, nll=694.7656, l2_reg=0.0000, acc=0.7938
[ 2022-08-31 11:03:30,894][train_tran.train_nn_models] [Validation] Epoch=226, nll=915.8491, acc=0.5985
[ 2022-08-31 11:03:34,029][train_tran.train_nn_models] [Training] Epoch=227, loss=690.3965, nll=690.3965, l2_reg=0.0000, acc=0.8016
[ 2022-08-31 11:03:34,029][train_tran.train_nn_models] [Validation] Epoch=227, nll=902.4043, acc=0.6235
[ 2022-08-31 11:03:37,120][train_tran.train_nn_models] [Training] Epoch=228, loss=681.9730, nll=681.9730, l2_reg=0.0000, acc=0.8083
[ 2022-08-31 11:03:37,121][train_tran.train_nn_models] [Validation] Epoch=228, nll=880.8141, acc=0.6414
[ 2022-08-31 11:03:37,123][train_tran.train_nn_models] Found a better model at epoch 228.
[ 2022-08-31 11:03:40,085][train_tran.train_nn_models] [Training] Epoch=229, loss=678.0477, nll=678.0477, l2_reg=0.0000, acc=0.8124
[ 2022-08-31 11:03:40,086][train_tran.train_nn_models] [Validation] Epoch=229, nll=876.7831, acc=0.6409
[ 2022-08-31 11:03:40,086][train_tran.train_nn_models] Found a better model at epoch 229.
[ 2022-08-31 11:03:43,168][train_tran.train_nn_models] [Training] Epoch=230, loss=667.9806, nll=667.9806, l2_reg=0.0000, acc=0.8195
[ 2022-08-31 11:03:43,169][train_tran.train_nn_models] [Validation] Epoch=230, nll=879.9908, acc=0.6364
[ 2022-08-31 11:03:46,359][train_tran.train_nn_models] [Training] Epoch=231, loss=662.4647, nll=662.4647, l2_reg=0.0000, acc=0.8214
[ 2022-08-31 11:03:46,359][train_tran.train_nn_models] [Validation] Epoch=231, nll=884.0878, acc=0.6389
[ 2022-08-31 11:03:49,452][train_tran.train_nn_models] [Training] Epoch=232, loss=664.9085, nll=664.9085, l2_reg=0.0000, acc=0.8227
[ 2022-08-31 11:03:49,453][train_tran.train_nn_models] [Validation] Epoch=232, nll=901.4680, acc=0.6232
[ 2022-08-31 11:03:52,567][train_tran.train_nn_models] [Training] Epoch=233, loss=663.4588, nll=663.4588, l2_reg=0.0000, acc=0.8213
[ 2022-08-31 11:03:52,568][train_tran.train_nn_models] [Validation] Epoch=233, nll=887.4297, acc=0.6399
[ 2022-08-31 11:03:55,903][train_tran.train_nn_models] [Training] Epoch=234, loss=675.2571, nll=675.2571, l2_reg=0.0000, acc=0.8162
[ 2022-08-31 11:03:55,904][train_tran.train_nn_models] [Validation] Epoch=234, nll=878.4723, acc=0.6370
[ 2022-08-31 11:03:58,988][train_tran.train_nn_models] [Training] Epoch=235, loss=663.4414, nll=663.4414, l2_reg=0.0000, acc=0.8221
[ 2022-08-31 11:03:58,988][train_tran.train_nn_models] [Validation] Epoch=235, nll=863.2869, acc=0.6555
[ 2022-08-31 11:03:58,989][train_tran.train_nn_models] Found a better model at epoch 235.
[ 2022-08-31 11:04:02,250][train_tran.train_nn_models] [Training] Epoch=236, loss=656.3390, nll=656.3390, l2_reg=0.0000, acc=0.8260
[ 2022-08-31 11:04:02,250][train_tran.train_nn_models] [Validation] Epoch=236, nll=858.9272, acc=0.6601
[ 2022-08-31 11:04:02,251][train_tran.train_nn_models] Found a better model at epoch 236.
[ 2022-08-31 11:04:05,208][train_tran.train_nn_models] [Training] Epoch=237, loss=651.6979, nll=651.6979, l2_reg=0.0000, acc=0.8306
[ 2022-08-31 11:04:05,209][train_tran.train_nn_models] [Validation] Epoch=237, nll=857.6124, acc=0.6573
[ 2022-08-31 11:04:05,209][train_tran.train_nn_models] Found a better model at epoch 237.
[ 2022-08-31 11:04:08,287][train_tran.train_nn_models] [Training] Epoch=238, loss=645.9671, nll=645.9671, l2_reg=0.0000, acc=0.8341
[ 2022-08-31 11:04:08,288][train_tran.train_nn_models] [Validation] Epoch=238, nll=862.0574, acc=0.6522
[ 2022-08-31 11:04:11,522][train_tran.train_nn_models] [Training] Epoch=239, loss=647.5977, nll=647.5977, l2_reg=0.0000, acc=0.8324
[ 2022-08-31 11:04:11,523][train_tran.train_nn_models] [Validation] Epoch=239, nll=876.8624, acc=0.6470
[ 2022-08-31 11:04:14,682][train_tran.train_nn_models] [Training] Epoch=240, loss=642.8226, nll=642.8226, l2_reg=0.0000, acc=0.8342
[ 2022-08-31 11:04:14,683][train_tran.train_nn_models] [Validation] Epoch=240, nll=860.2340, acc=0.6546
[ 2022-08-31 11:04:17,959][train_tran.train_nn_models] [Training] Epoch=241, loss=649.5062, nll=649.5062, l2_reg=0.0000, acc=0.8330
[ 2022-08-31 11:04:17,960][train_tran.train_nn_models] [Validation] Epoch=241, nll=879.3480, acc=0.6461
[ 2022-08-31 11:04:21,054][train_tran.train_nn_models] [Training] Epoch=242, loss=648.5962, nll=648.5962, l2_reg=0.0000, acc=0.8315
[ 2022-08-31 11:04:21,054][train_tran.train_nn_models] [Validation] Epoch=242, nll=853.4108, acc=0.6604
[ 2022-08-31 11:04:21,054][train_tran.train_nn_models] Found a better model at epoch 242.
[ 2022-08-31 11:04:24,265][train_tran.train_nn_models] [Training] Epoch=243, loss=645.4818, nll=645.4818, l2_reg=0.0000, acc=0.8343
[ 2022-08-31 11:04:24,265][train_tran.train_nn_models] [Validation] Epoch=243, nll=858.3580, acc=0.6626
[ 2022-08-31 11:04:27,487][train_tran.train_nn_models] [Training] Epoch=244, loss=648.3383, nll=648.3383, l2_reg=0.0000, acc=0.8361
[ 2022-08-31 11:04:27,488][train_tran.train_nn_models] [Validation] Epoch=244, nll=871.9966, acc=0.6440
[ 2022-08-31 11:04:30,480][train_tran.train_nn_models] [Training] Epoch=245, loss=683.2126, nll=683.2126, l2_reg=0.0000, acc=0.8201
[ 2022-08-31 11:04:30,481][train_tran.train_nn_models] [Validation] Epoch=245, nll=994.0800, acc=0.5812
[ 2022-08-31 11:04:33,701][train_tran.train_nn_models] [Training] Epoch=246, loss=733.3726, nll=733.3726, l2_reg=0.0000, acc=0.7891
[ 2022-08-31 11:04:33,702][train_tran.train_nn_models] [Validation] Epoch=246, nll=837.7664, acc=0.6647
[ 2022-08-31 11:04:33,702][train_tran.train_nn_models] Found a better model at epoch 246.
[ 2022-08-31 11:04:36,750][train_tran.train_nn_models] [Training] Epoch=247, loss=665.6798, nll=665.6798, l2_reg=0.0000, acc=0.8264
[ 2022-08-31 11:04:36,751][train_tran.train_nn_models] [Validation] Epoch=247, nll=847.1096, acc=0.6592
[ 2022-08-31 11:04:40,071][train_tran.train_nn_models] [Training] Epoch=248, loss=644.2025, nll=644.2025, l2_reg=0.0000, acc=0.8341
[ 2022-08-31 11:04:40,072][train_tran.train_nn_models] [Validation] Epoch=248, nll=838.5681, acc=0.6749
[ 2022-08-31 11:04:43,106][train_tran.train_nn_models] [Training] Epoch=249, loss=633.8478, nll=633.8478, l2_reg=0.0000, acc=0.8401
[ 2022-08-31 11:04:43,106][train_tran.train_nn_models] [Validation] Epoch=249, nll=857.8005, acc=0.6542
[ 2022-08-31 11:04:43,448][train_tran.eval_nll] [Test]nll=1002.7832, acc=0.4994
[ 2022-08-31 11:31:47,577][train_tran.<module>]                    timestamp  ...                                             config
0 2022-08-31 11:31:47.553883  ...  {'model': 'Tran', 'dataset': 'pgem-1K-15', 'in...
1 2022-08-31 11:31:47.553883  ...  {'model': 'Tran', 'dataset': 'pgem-1K-15', 'in...
2 2022-08-31 11:31:47.553883  ...  {'model': 'Tran', 'dataset': 'pgem-1K-15', 'in...
3 2022-08-31 11:31:47.553883  ...  {'model': 'Tran', 'dataset': 'pgem-1K-15', 'in...
4 2022-08-31 11:31:47.553883  ...  {'model': 'Tran', 'dataset': 'pgem-1K-15', 'in...
5 2022-08-31 11:31:47.553883  ...  {'model': 'Tran', 'dataset': 'pgem-1K-15', 'in...

[6 rows x 7 columns]
