[ 2022-08-31 18:39:08,786][train_tran.<module>] Namespace(attr_batch_size=0, basis_type='dyadic', batch_size=64, bucket_seqs=False, cuda=True, dataset='mhp-1K-10', dropout=0.0, embedding_dim=64, epochs=250, hidden_size=64, input_dir='data/input', l2_reg=0, lr=0.0008, max_mean=100, model='Tran', n_bases=7, num_workers=0, occurred_type_only=False, optimizer='Adam', output_dir='data/output', rand_seed=1, skip_eval_infectivity=False, skip_pred_next_event=False, split_id=3, steps=50, tran_head=5, tran_layer=2, tune_metric='nll', verbose=False)
[ 2022-08-31 18:39:36,859][train_tran.train_nn_models] [Training] Epoch=0, loss=32089.2070, nll=32089.2070, l2_reg=0.0000, acc=0.1218
[ 2022-08-31 18:39:36,859][train_tran.train_nn_models] [Validation] Epoch=0, nll=14579.2012, acc=0.1161
[ 2022-08-31 18:39:58,801][train_tran.train_nn_models] [Training] Epoch=1, loss=8592.6641, nll=8592.6641, l2_reg=0.0000, acc=0.1226
[ 2022-08-31 18:39:58,802][train_tran.train_nn_models] [Validation] Epoch=1, nll=3780.6729, acc=0.1252
[ 2022-08-31 18:40:20,764][train_tran.train_nn_models] [Training] Epoch=2, loss=2999.6611, nll=2999.6611, l2_reg=0.0000, acc=0.1298
[ 2022-08-31 18:40:20,764][train_tran.train_nn_models] [Validation] Epoch=2, nll=2663.8442, acc=0.1473
[ 2022-08-31 18:40:42,760][train_tran.train_nn_models] [Training] Epoch=3, loss=2672.6504, nll=2672.6504, l2_reg=0.0000, acc=0.1633
[ 2022-08-31 18:40:42,761][train_tran.train_nn_models] [Validation] Epoch=3, nll=2693.3621, acc=0.1719
[ 2022-08-31 18:41:04,784][train_tran.train_nn_models] [Training] Epoch=4, loss=2648.0569, nll=2648.0569, l2_reg=0.0000, acc=0.1728
[ 2022-08-31 18:41:04,784][train_tran.train_nn_models] [Validation] Epoch=4, nll=2604.3972, acc=0.1795
[ 2022-08-31 18:41:26,594][train_tran.train_nn_models] [Training] Epoch=5, loss=2573.5266, nll=2573.5266, l2_reg=0.0000, acc=0.1751
[ 2022-08-31 18:41:26,594][train_tran.train_nn_models] [Validation] Epoch=5, nll=2567.7183, acc=0.1802
[ 2022-08-31 18:41:49,109][train_tran.train_nn_models] [Training] Epoch=6, loss=2559.3948, nll=2559.3948, l2_reg=0.0000, acc=0.1781
[ 2022-08-31 18:41:49,109][train_tran.train_nn_models] [Validation] Epoch=6, nll=2561.9175, acc=0.1839
[ 2022-08-31 18:42:10,860][train_tran.train_nn_models] [Training] Epoch=7, loss=2551.1934, nll=2551.1934, l2_reg=0.0000, acc=0.1865
[ 2022-08-31 18:42:10,861][train_tran.train_nn_models] [Validation] Epoch=7, nll=2556.8215, acc=0.1906
[ 2022-08-31 18:42:32,225][train_tran.train_nn_models] [Training] Epoch=8, loss=2547.3435, nll=2547.3435, l2_reg=0.0000, acc=0.1875
[ 2022-08-31 18:42:32,225][train_tran.train_nn_models] [Validation] Epoch=8, nll=2553.8196, acc=0.1901
[ 2022-08-31 18:42:54,342][train_tran.train_nn_models] [Training] Epoch=9, loss=2544.4355, nll=2544.4355, l2_reg=0.0000, acc=0.1894
[ 2022-08-31 18:42:54,342][train_tran.train_nn_models] [Validation] Epoch=9, nll=2550.8174, acc=0.1922
[ 2022-08-31 18:43:16,201][train_tran.train_nn_models] [Training] Epoch=10, loss=2542.1982, nll=2542.1982, l2_reg=0.0000, acc=0.1923
[ 2022-08-31 18:43:16,201][train_tran.train_nn_models] [Validation] Epoch=10, nll=2548.7722, acc=0.1944
[ 2022-08-31 18:43:38,154][train_tran.train_nn_models] [Training] Epoch=11, loss=2540.4453, nll=2540.4453, l2_reg=0.0000, acc=0.1926
[ 2022-08-31 18:43:38,155][train_tran.train_nn_models] [Validation] Epoch=11, nll=2547.2390, acc=0.1951
[ 2022-08-31 18:44:00,554][train_tran.train_nn_models] [Training] Epoch=12, loss=2539.1072, nll=2539.1072, l2_reg=0.0000, acc=0.1929
[ 2022-08-31 18:44:00,555][train_tran.train_nn_models] [Validation] Epoch=12, nll=2545.9778, acc=0.1967
[ 2022-08-31 18:44:22,537][train_tran.train_nn_models] [Training] Epoch=13, loss=2538.0593, nll=2538.0593, l2_reg=0.0000, acc=0.1936
[ 2022-08-31 18:44:22,537][train_tran.train_nn_models] [Validation] Epoch=13, nll=2544.9639, acc=0.1965
[ 2022-08-31 18:44:44,643][train_tran.train_nn_models] [Training] Epoch=14, loss=2537.2231, nll=2537.2231, l2_reg=0.0000, acc=0.1935
[ 2022-08-31 18:44:44,644][train_tran.train_nn_models] [Validation] Epoch=14, nll=2544.1929, acc=0.1963
[ 2022-08-31 18:45:06,974][train_tran.train_nn_models] [Training] Epoch=15, loss=2536.5601, nll=2536.5601, l2_reg=0.0000, acc=0.1936
[ 2022-08-31 18:45:06,975][train_tran.train_nn_models] [Validation] Epoch=15, nll=2543.5952, acc=0.1963
[ 2022-08-31 18:45:29,446][train_tran.train_nn_models] [Training] Epoch=16, loss=2536.0271, nll=2536.0271, l2_reg=0.0000, acc=0.1936
[ 2022-08-31 18:45:29,447][train_tran.train_nn_models] [Validation] Epoch=16, nll=2543.1096, acc=0.1962
[ 2022-08-31 18:45:51,484][train_tran.train_nn_models] [Training] Epoch=17, loss=2535.5803, nll=2535.5803, l2_reg=0.0000, acc=0.1936
[ 2022-08-31 18:45:51,484][train_tran.train_nn_models] [Validation] Epoch=17, nll=2542.7034, acc=0.1962
[ 2022-08-31 18:46:13,117][train_tran.train_nn_models] [Training] Epoch=18, loss=2535.1919, nll=2535.1919, l2_reg=0.0000, acc=0.1936
[ 2022-08-31 18:46:13,118][train_tran.train_nn_models] [Validation] Epoch=18, nll=2542.3503, acc=0.1963
[ 2022-08-31 18:46:35,448][train_tran.train_nn_models] [Training] Epoch=19, loss=2534.8464, nll=2534.8464, l2_reg=0.0000, acc=0.1935
[ 2022-08-31 18:46:35,449][train_tran.train_nn_models] [Validation] Epoch=19, nll=2542.0361, acc=0.1963
[ 2022-08-31 18:46:57,229][train_tran.train_nn_models] [Training] Epoch=20, loss=2534.5354, nll=2534.5354, l2_reg=0.0000, acc=0.1936
[ 2022-08-31 18:46:57,229][train_tran.train_nn_models] [Validation] Epoch=20, nll=2541.7529, acc=0.1964
[ 2022-08-31 18:47:19,679][train_tran.train_nn_models] [Training] Epoch=21, loss=2534.2539, nll=2534.2539, l2_reg=0.0000, acc=0.1936
[ 2022-08-31 18:47:19,679][train_tran.train_nn_models] [Validation] Epoch=21, nll=2541.4958, acc=0.1965
[ 2022-08-31 18:47:41,365][train_tran.train_nn_models] [Training] Epoch=22, loss=2533.9971, nll=2533.9971, l2_reg=0.0000, acc=0.1936
[ 2022-08-31 18:47:41,365][train_tran.train_nn_models] [Validation] Epoch=22, nll=2541.2590, acc=0.1965
[ 2022-08-31 18:48:03,485][train_tran.train_nn_models] [Training] Epoch=23, loss=2533.7610, nll=2533.7610, l2_reg=0.0000, acc=0.1936
[ 2022-08-31 18:48:03,485][train_tran.train_nn_models] [Validation] Epoch=23, nll=2541.0393, acc=0.1967
[ 2022-08-31 18:48:26,049][train_tran.train_nn_models] [Training] Epoch=24, loss=2533.5393, nll=2533.5393, l2_reg=0.0000, acc=0.1936
[ 2022-08-31 18:48:26,049][train_tran.train_nn_models] [Validation] Epoch=24, nll=2540.8352, acc=0.1966
[ 2022-08-31 18:48:48,682][train_tran.train_nn_models] [Training] Epoch=25, loss=2533.3386, nll=2533.3386, l2_reg=0.0000, acc=0.1937
[ 2022-08-31 18:48:48,682][train_tran.train_nn_models] [Validation] Epoch=25, nll=2540.6448, acc=0.1966
[ 2022-08-31 18:49:10,897][train_tran.train_nn_models] [Training] Epoch=26, loss=2533.1484, nll=2533.1484, l2_reg=0.0000, acc=0.1937
[ 2022-08-31 18:49:10,897][train_tran.train_nn_models] [Validation] Epoch=26, nll=2540.4670, acc=0.1967
[ 2022-08-31 18:49:33,220][train_tran.train_nn_models] [Training] Epoch=27, loss=2532.9595, nll=2532.9595, l2_reg=0.0000, acc=0.1937
[ 2022-08-31 18:49:33,221][train_tran.train_nn_models] [Validation] Epoch=27, nll=2540.2859, acc=0.1967
[ 2022-08-31 18:49:55,957][train_tran.train_nn_models] [Training] Epoch=28, loss=2532.7800, nll=2532.7800, l2_reg=0.0000, acc=0.1938
[ 2022-08-31 18:49:55,957][train_tran.train_nn_models] [Validation] Epoch=28, nll=2540.1160, acc=0.1966
[ 2022-08-31 18:50:18,530][train_tran.train_nn_models] [Training] Epoch=29, loss=2532.6184, nll=2532.6184, l2_reg=0.0000, acc=0.1939
[ 2022-08-31 18:50:18,531][train_tran.train_nn_models] [Validation] Epoch=29, nll=2539.9653, acc=0.1964
[ 2022-08-31 18:50:40,754][train_tran.train_nn_models] [Training] Epoch=30, loss=2532.4680, nll=2532.4680, l2_reg=0.0000, acc=0.1940
[ 2022-08-31 18:50:40,754][train_tran.train_nn_models] [Validation] Epoch=30, nll=2539.8254, acc=0.1966
[ 2022-08-31 18:51:03,221][train_tran.train_nn_models] [Training] Epoch=31, loss=2532.3254, nll=2532.3254, l2_reg=0.0000, acc=0.1942
[ 2022-08-31 18:51:03,221][train_tran.train_nn_models] [Validation] Epoch=31, nll=2539.6934, acc=0.1966
[ 2022-08-31 18:51:25,983][train_tran.train_nn_models] [Training] Epoch=32, loss=2532.1902, nll=2532.1902, l2_reg=0.0000, acc=0.1942
[ 2022-08-31 18:51:25,984][train_tran.train_nn_models] [Validation] Epoch=32, nll=2539.5681, acc=0.1965
[ 2022-08-31 18:51:48,972][train_tran.train_nn_models] [Training] Epoch=33, loss=2532.0613, nll=2532.0613, l2_reg=0.0000, acc=0.1942
[ 2022-08-31 18:51:48,972][train_tran.train_nn_models] [Validation] Epoch=33, nll=2539.4517, acc=0.1967
[ 2022-08-31 18:52:11,022][train_tran.train_nn_models] [Training] Epoch=34, loss=2531.9387, nll=2531.9387, l2_reg=0.0000, acc=0.1941
[ 2022-08-31 18:52:11,023][train_tran.train_nn_models] [Validation] Epoch=34, nll=2539.3396, acc=0.1966
[ 2022-08-31 18:52:34,095][train_tran.train_nn_models] [Training] Epoch=35, loss=2531.8203, nll=2531.8203, l2_reg=0.0000, acc=0.1941
[ 2022-08-31 18:52:34,096][train_tran.train_nn_models] [Validation] Epoch=35, nll=2539.2356, acc=0.1967
[ 2022-08-31 18:52:56,843][train_tran.train_nn_models] [Training] Epoch=36, loss=2531.7075, nll=2531.7075, l2_reg=0.0000, acc=0.1941
[ 2022-08-31 18:52:56,843][train_tran.train_nn_models] [Validation] Epoch=36, nll=2539.1335, acc=0.1966
[ 2022-08-31 18:53:19,737][train_tran.train_nn_models] [Training] Epoch=37, loss=2531.5977, nll=2531.5977, l2_reg=0.0000, acc=0.1941
[ 2022-08-31 18:53:19,737][train_tran.train_nn_models] [Validation] Epoch=37, nll=2539.0408, acc=0.1965
[ 2022-08-31 18:53:41,697][train_tran.train_nn_models] [Training] Epoch=38, loss=2531.4924, nll=2531.4924, l2_reg=0.0000, acc=0.1941
[ 2022-08-31 18:53:41,697][train_tran.train_nn_models] [Validation] Epoch=38, nll=2538.9487, acc=0.1964
[ 2022-08-31 18:54:04,729][train_tran.train_nn_models] [Training] Epoch=39, loss=2531.3899, nll=2531.3899, l2_reg=0.0000, acc=0.1941
[ 2022-08-31 18:54:04,729][train_tran.train_nn_models] [Validation] Epoch=39, nll=2538.8682, acc=0.1965
[ 2022-08-31 18:54:27,237][train_tran.train_nn_models] [Training] Epoch=40, loss=2531.2925, nll=2531.2925, l2_reg=0.0000, acc=0.1942
[ 2022-08-31 18:54:27,238][train_tran.train_nn_models] [Validation] Epoch=40, nll=2538.7815, acc=0.1966
[ 2022-08-31 18:54:49,292][train_tran.train_nn_models] [Training] Epoch=41, loss=2531.1965, nll=2531.1965, l2_reg=0.0000, acc=0.1942
[ 2022-08-31 18:54:49,293][train_tran.train_nn_models] [Validation] Epoch=41, nll=2538.7061, acc=0.1965
[ 2022-08-31 18:55:11,251][train_tran.train_nn_models] [Training] Epoch=42, loss=2531.1047, nll=2531.1047, l2_reg=0.0000, acc=0.1942
[ 2022-08-31 18:55:11,252][train_tran.train_nn_models] [Validation] Epoch=42, nll=2538.6299, acc=0.1966
[ 2022-08-31 18:55:34,062][train_tran.train_nn_models] [Training] Epoch=43, loss=2531.0144, nll=2531.0144, l2_reg=0.0000, acc=0.1942
[ 2022-08-31 18:55:34,063][train_tran.train_nn_models] [Validation] Epoch=43, nll=2538.5610, acc=0.1965
[ 2022-08-31 18:55:56,495][train_tran.train_nn_models] [Training] Epoch=44, loss=2530.9280, nll=2530.9280, l2_reg=0.0000, acc=0.1942
[ 2022-08-31 18:55:56,495][train_tran.train_nn_models] [Validation] Epoch=44, nll=2538.4890, acc=0.1966
[ 2022-08-31 18:56:19,719][train_tran.train_nn_models] [Training] Epoch=45, loss=2530.8416, nll=2530.8416, l2_reg=0.0000, acc=0.1942
[ 2022-08-31 18:56:19,720][train_tran.train_nn_models] [Validation] Epoch=45, nll=2538.4270, acc=0.1966
[ 2022-08-31 18:56:42,684][train_tran.train_nn_models] [Training] Epoch=46, loss=2530.7578, nll=2530.7578, l2_reg=0.0000, acc=0.1941
[ 2022-08-31 18:56:42,684][train_tran.train_nn_models] [Validation] Epoch=46, nll=2538.3633, acc=0.1966
[ 2022-08-31 18:57:05,178][train_tran.train_nn_models] [Training] Epoch=47, loss=2530.6772, nll=2530.6772, l2_reg=0.0000, acc=0.1941
[ 2022-08-31 18:57:05,179][train_tran.train_nn_models] [Validation] Epoch=47, nll=2538.3035, acc=0.1966
[ 2022-08-31 18:57:27,646][train_tran.train_nn_models] [Training] Epoch=48, loss=2530.5984, nll=2530.5984, l2_reg=0.0000, acc=0.1941
[ 2022-08-31 18:57:27,647][train_tran.train_nn_models] [Validation] Epoch=48, nll=2538.2468, acc=0.1968
[ 2022-08-31 18:57:50,826][train_tran.train_nn_models] [Training] Epoch=49, loss=2530.5205, nll=2530.5205, l2_reg=0.0000, acc=0.1941
[ 2022-08-31 18:57:50,826][train_tran.train_nn_models] [Validation] Epoch=49, nll=2538.1931, acc=0.1968
[ 2022-08-31 18:58:13,235][train_tran.train_nn_models] [Training] Epoch=50, loss=2530.4451, nll=2530.4451, l2_reg=0.0000, acc=0.1941
[ 2022-08-31 18:58:13,235][train_tran.train_nn_models] [Validation] Epoch=50, nll=2538.1421, acc=0.1969
[ 2022-08-31 18:58:36,325][train_tran.train_nn_models] [Training] Epoch=51, loss=2530.3704, nll=2530.3704, l2_reg=0.0000, acc=0.1941
[ 2022-08-31 18:58:36,325][train_tran.train_nn_models] [Validation] Epoch=51, nll=2538.0906, acc=0.1970
[ 2022-08-31 18:58:58,556][train_tran.train_nn_models] [Training] Epoch=52, loss=2530.2954, nll=2530.2954, l2_reg=0.0000, acc=0.1941
[ 2022-08-31 18:58:58,556][train_tran.train_nn_models] [Validation] Epoch=52, nll=2538.0454, acc=0.1970
[ 2022-08-31 18:59:21,125][train_tran.train_nn_models] [Training] Epoch=53, loss=2530.2209, nll=2530.2209, l2_reg=0.0000, acc=0.1941
[ 2022-08-31 18:59:21,125][train_tran.train_nn_models] [Validation] Epoch=53, nll=2537.9978, acc=0.1970
[ 2022-08-31 18:59:43,267][train_tran.train_nn_models] [Training] Epoch=54, loss=2530.1304, nll=2530.1304, l2_reg=0.0000, acc=0.1941
[ 2022-08-31 18:59:43,268][train_tran.train_nn_models] [Validation] Epoch=54, nll=2537.8821, acc=0.1971
[ 2022-08-31 19:00:05,259][train_tran.train_nn_models] [Training] Epoch=55, loss=2529.6135, nll=2529.6135, l2_reg=0.0000, acc=0.1942
[ 2022-08-31 19:00:05,259][train_tran.train_nn_models] [Validation] Epoch=55, nll=2536.8340, acc=0.1970
[ 2022-08-31 19:00:26,990][train_tran.train_nn_models] [Training] Epoch=56, loss=2528.6313, nll=2528.6313, l2_reg=0.0000, acc=0.1944
[ 2022-08-31 19:00:26,990][train_tran.train_nn_models] [Validation] Epoch=56, nll=2535.9500, acc=0.1972
[ 2022-08-31 19:00:49,559][train_tran.train_nn_models] [Training] Epoch=57, loss=2527.9771, nll=2527.9771, l2_reg=0.0000, acc=0.1946
[ 2022-08-31 19:00:49,559][train_tran.train_nn_models] [Validation] Epoch=57, nll=2535.4463, acc=0.1977
[ 2022-08-31 19:01:11,575][train_tran.train_nn_models] [Training] Epoch=58, loss=2527.6794, nll=2527.6794, l2_reg=0.0000, acc=0.1948
[ 2022-08-31 19:01:11,575][train_tran.train_nn_models] [Validation] Epoch=58, nll=2535.1040, acc=0.1976
[ 2022-08-31 19:01:33,904][train_tran.train_nn_models] [Training] Epoch=59, loss=2527.3689, nll=2527.3689, l2_reg=0.0000, acc=0.1950
[ 2022-08-31 19:01:33,904][train_tran.train_nn_models] [Validation] Epoch=59, nll=2534.8210, acc=0.1977
[ 2022-08-31 19:01:56,675][train_tran.train_nn_models] [Training] Epoch=60, loss=2527.0266, nll=2527.0266, l2_reg=0.0000, acc=0.1952
[ 2022-08-31 19:01:56,676][train_tran.train_nn_models] [Validation] Epoch=60, nll=2534.5872, acc=0.1974
[ 2022-08-31 19:02:19,001][train_tran.train_nn_models] [Training] Epoch=61, loss=2526.7307, nll=2526.7307, l2_reg=0.0000, acc=0.1954
[ 2022-08-31 19:02:19,001][train_tran.train_nn_models] [Validation] Epoch=61, nll=2534.2722, acc=0.1976
[ 2022-08-31 19:02:41,530][train_tran.train_nn_models] [Training] Epoch=62, loss=2526.4985, nll=2526.4985, l2_reg=0.0000, acc=0.1956
[ 2022-08-31 19:02:41,530][train_tran.train_nn_models] [Validation] Epoch=62, nll=2533.9985, acc=0.1976
[ 2022-08-31 19:03:03,854][train_tran.train_nn_models] [Training] Epoch=63, loss=2526.2766, nll=2526.2766, l2_reg=0.0000, acc=0.1957
[ 2022-08-31 19:03:03,854][train_tran.train_nn_models] [Validation] Epoch=63, nll=2533.7529, acc=0.1980
[ 2022-08-31 19:03:27,301][train_tran.train_nn_models] [Training] Epoch=64, loss=2526.0640, nll=2526.0640, l2_reg=0.0000, acc=0.1958
[ 2022-08-31 19:03:27,301][train_tran.train_nn_models] [Validation] Epoch=64, nll=2533.4968, acc=0.1982
[ 2022-08-31 19:03:49,820][train_tran.train_nn_models] [Training] Epoch=65, loss=2525.8433, nll=2525.8433, l2_reg=0.0000, acc=0.1959
[ 2022-08-31 19:03:49,820][train_tran.train_nn_models] [Validation] Epoch=65, nll=2533.2935, acc=0.1983
[ 2022-08-31 19:04:12,189][train_tran.train_nn_models] [Training] Epoch=66, loss=2525.5591, nll=2525.5591, l2_reg=0.0000, acc=0.1959
[ 2022-08-31 19:04:12,189][train_tran.train_nn_models] [Validation] Epoch=66, nll=2533.0640, acc=0.1981
[ 2022-08-31 19:04:33,839][train_tran.train_nn_models] [Training] Epoch=67, loss=2525.2598, nll=2525.2598, l2_reg=0.0000, acc=0.1962
[ 2022-08-31 19:04:33,839][train_tran.train_nn_models] [Validation] Epoch=67, nll=2532.9895, acc=0.1983
[ 2022-08-31 19:04:56,346][train_tran.train_nn_models] [Training] Epoch=68, loss=2524.9692, nll=2524.9692, l2_reg=0.0000, acc=0.1962
[ 2022-08-31 19:04:56,346][train_tran.train_nn_models] [Validation] Epoch=68, nll=2532.6184, acc=0.1985
[ 2022-08-31 19:05:18,904][train_tran.train_nn_models] [Training] Epoch=69, loss=2524.6370, nll=2524.6370, l2_reg=0.0000, acc=0.1964
[ 2022-08-31 19:05:18,905][train_tran.train_nn_models] [Validation] Epoch=69, nll=2532.3704, acc=0.1985
[ 2022-08-31 19:05:41,834][train_tran.train_nn_models] [Training] Epoch=70, loss=2524.2888, nll=2524.2888, l2_reg=0.0000, acc=0.1964
[ 2022-08-31 19:05:41,835][train_tran.train_nn_models] [Validation] Epoch=70, nll=2532.0352, acc=0.1989
[ 2022-08-31 19:06:04,442][train_tran.train_nn_models] [Training] Epoch=71, loss=2523.8970, nll=2523.8970, l2_reg=0.0000, acc=0.1970
[ 2022-08-31 19:06:04,443][train_tran.train_nn_models] [Validation] Epoch=71, nll=2531.7197, acc=0.2004
[ 2022-08-31 19:06:27,785][train_tran.train_nn_models] [Training] Epoch=72, loss=2523.4985, nll=2523.4985, l2_reg=0.0000, acc=0.1977
[ 2022-08-31 19:06:27,786][train_tran.train_nn_models] [Validation] Epoch=72, nll=2531.4270, acc=0.2016
[ 2022-08-31 19:06:49,960][train_tran.train_nn_models] [Training] Epoch=73, loss=2523.1008, nll=2523.1008, l2_reg=0.0000, acc=0.1986
[ 2022-08-31 19:06:49,960][train_tran.train_nn_models] [Validation] Epoch=73, nll=2530.9690, acc=0.2025
[ 2022-08-31 19:07:12,098][train_tran.train_nn_models] [Training] Epoch=74, loss=2522.6819, nll=2522.6819, l2_reg=0.0000, acc=0.2006
[ 2022-08-31 19:07:12,099][train_tran.train_nn_models] [Validation] Epoch=74, nll=2530.2886, acc=0.2041
[ 2022-08-31 19:07:34,292][train_tran.train_nn_models] [Training] Epoch=75, loss=2522.1492, nll=2522.1492, l2_reg=0.0000, acc=0.2019
[ 2022-08-31 19:07:34,293][train_tran.train_nn_models] [Validation] Epoch=75, nll=2529.0774, acc=0.2055
[ 2022-08-31 19:07:56,762][train_tran.train_nn_models] [Training] Epoch=76, loss=2521.4895, nll=2521.4895, l2_reg=0.0000, acc=0.2028
[ 2022-08-31 19:07:56,763][train_tran.train_nn_models] [Validation] Epoch=76, nll=2527.9385, acc=0.2051
[ 2022-08-31 19:08:18,874][train_tran.train_nn_models] [Training] Epoch=77, loss=2520.8149, nll=2520.8149, l2_reg=0.0000, acc=0.2034
[ 2022-08-31 19:08:18,874][train_tran.train_nn_models] [Validation] Epoch=77, nll=2527.7485, acc=0.2052
[ 2022-08-31 19:08:41,057][train_tran.train_nn_models] [Training] Epoch=78, loss=2520.0469, nll=2520.0469, l2_reg=0.0000, acc=0.2039
[ 2022-08-31 19:08:41,058][train_tran.train_nn_models] [Validation] Epoch=78, nll=2527.1335, acc=0.2070
[ 2022-08-31 19:09:03,801][train_tran.train_nn_models] [Training] Epoch=79, loss=2519.4336, nll=2519.4336, l2_reg=0.0000, acc=0.2049
[ 2022-08-31 19:09:03,801][train_tran.train_nn_models] [Validation] Epoch=79, nll=2526.8311, acc=0.2077
[ 2022-08-31 19:09:26,439][train_tran.train_nn_models] [Training] Epoch=80, loss=2518.7261, nll=2518.7261, l2_reg=0.0000, acc=0.2060
[ 2022-08-31 19:09:26,440][train_tran.train_nn_models] [Validation] Epoch=80, nll=2526.4397, acc=0.2088
[ 2022-08-31 19:09:48,124][train_tran.train_nn_models] [Training] Epoch=81, loss=2517.9221, nll=2517.9221, l2_reg=0.0000, acc=0.2077
[ 2022-08-31 19:09:48,125][train_tran.train_nn_models] [Validation] Epoch=81, nll=2525.7451, acc=0.2102
[ 2022-08-31 19:10:10,867][train_tran.train_nn_models] [Training] Epoch=82, loss=2517.2378, nll=2517.2378, l2_reg=0.0000, acc=0.2080
[ 2022-08-31 19:10:10,868][train_tran.train_nn_models] [Validation] Epoch=82, nll=2525.0872, acc=0.2103
[ 2022-08-31 19:10:32,985][train_tran.train_nn_models] [Training] Epoch=83, loss=2516.5315, nll=2516.5315, l2_reg=0.0000, acc=0.2083
[ 2022-08-31 19:10:32,986][train_tran.train_nn_models] [Validation] Epoch=83, nll=2523.9377, acc=0.2115
[ 2022-08-31 19:10:56,108][train_tran.train_nn_models] [Training] Epoch=84, loss=2515.6140, nll=2515.6140, l2_reg=0.0000, acc=0.2090
[ 2022-08-31 19:10:56,108][train_tran.train_nn_models] [Validation] Epoch=84, nll=2522.3201, acc=0.2115
[ 2022-08-31 19:11:18,401][train_tran.train_nn_models] [Training] Epoch=85, loss=2514.4968, nll=2514.4968, l2_reg=0.0000, acc=0.2095
[ 2022-08-31 19:11:18,401][train_tran.train_nn_models] [Validation] Epoch=85, nll=2521.5938, acc=0.2110
[ 2022-08-31 19:11:40,609][train_tran.train_nn_models] [Training] Epoch=86, loss=2513.2092, nll=2513.2092, l2_reg=0.0000, acc=0.2096
[ 2022-08-31 19:11:40,610][train_tran.train_nn_models] [Validation] Epoch=86, nll=2520.9436, acc=0.2123
[ 2022-08-31 19:12:03,258][train_tran.train_nn_models] [Training] Epoch=87, loss=2511.6699, nll=2511.6699, l2_reg=0.0000, acc=0.2096
[ 2022-08-31 19:12:03,259][train_tran.train_nn_models] [Validation] Epoch=87, nll=2519.6665, acc=0.2126
[ 2022-08-31 19:12:25,263][train_tran.train_nn_models] [Training] Epoch=88, loss=2510.7261, nll=2510.7261, l2_reg=0.0000, acc=0.2095
[ 2022-08-31 19:12:25,264][train_tran.train_nn_models] [Validation] Epoch=88, nll=2518.7524, acc=0.2135
[ 2022-08-31 19:12:47,713][train_tran.train_nn_models] [Training] Epoch=89, loss=2509.8760, nll=2509.8760, l2_reg=0.0000, acc=0.2100
[ 2022-08-31 19:12:47,714][train_tran.train_nn_models] [Validation] Epoch=89, nll=2518.3960, acc=0.2140
[ 2022-08-31 19:13:09,428][train_tran.train_nn_models] [Training] Epoch=90, loss=2509.0557, nll=2509.0557, l2_reg=0.0000, acc=0.2107
[ 2022-08-31 19:13:09,429][train_tran.train_nn_models] [Validation] Epoch=90, nll=2518.7722, acc=0.2144
[ 2022-08-31 19:13:31,853][train_tran.train_nn_models] [Training] Epoch=91, loss=2507.7866, nll=2507.7866, l2_reg=0.0000, acc=0.2109
[ 2022-08-31 19:13:31,854][train_tran.train_nn_models] [Validation] Epoch=91, nll=2516.4961, acc=0.2148
[ 2022-08-31 19:13:53,894][train_tran.train_nn_models] [Training] Epoch=92, loss=2506.2554, nll=2506.2554, l2_reg=0.0000, acc=0.2110
[ 2022-08-31 19:13:53,894][train_tran.train_nn_models] [Validation] Epoch=92, nll=2514.3694, acc=0.2152
[ 2022-08-31 19:14:16,255][train_tran.train_nn_models] [Training] Epoch=93, loss=2505.0188, nll=2505.0188, l2_reg=0.0000, acc=0.2131
[ 2022-08-31 19:14:16,256][train_tran.train_nn_models] [Validation] Epoch=93, nll=2513.4189, acc=0.2215
[ 2022-08-31 19:14:38,631][train_tran.train_nn_models] [Training] Epoch=94, loss=2504.1382, nll=2504.1382, l2_reg=0.0000, acc=0.2208
[ 2022-08-31 19:14:38,631][train_tran.train_nn_models] [Validation] Epoch=94, nll=2512.0676, acc=0.2295
[ 2022-08-31 19:15:01,421][train_tran.train_nn_models] [Training] Epoch=95, loss=2503.9668, nll=2503.9668, l2_reg=0.0000, acc=0.2285
[ 2022-08-31 19:15:01,422][train_tran.train_nn_models] [Validation] Epoch=95, nll=2512.1572, acc=0.2306
[ 2022-08-31 19:15:24,399][train_tran.train_nn_models] [Training] Epoch=96, loss=2504.0269, nll=2504.0269, l2_reg=0.0000, acc=0.2243
[ 2022-08-31 19:15:24,399][train_tran.train_nn_models] [Validation] Epoch=96, nll=2512.3926, acc=0.2251
[ 2022-08-31 19:15:46,694][train_tran.train_nn_models] [Training] Epoch=97, loss=2502.9631, nll=2502.9631, l2_reg=0.0000, acc=0.2213
[ 2022-08-31 19:15:46,695][train_tran.train_nn_models] [Validation] Epoch=97, nll=2510.5503, acc=0.2251
[ 2022-08-31 19:16:08,899][train_tran.train_nn_models] [Training] Epoch=98, loss=2502.3945, nll=2502.3945, l2_reg=0.0000, acc=0.2239
[ 2022-08-31 19:16:08,900][train_tran.train_nn_models] [Validation] Epoch=98, nll=2510.3359, acc=0.2278
[ 2022-08-31 19:16:30,763][train_tran.train_nn_models] [Training] Epoch=99, loss=2501.0349, nll=2501.0349, l2_reg=0.0000, acc=0.2279
[ 2022-08-31 19:16:30,764][train_tran.train_nn_models] [Validation] Epoch=99, nll=2508.6235, acc=0.2331
[ 2022-08-31 19:16:53,184][train_tran.train_nn_models] [Training] Epoch=100, loss=2499.5054, nll=2499.5054, l2_reg=0.0000, acc=0.2305
[ 2022-08-31 19:16:53,184][train_tran.train_nn_models] [Validation] Epoch=100, nll=2508.4978, acc=0.2301
[ 2022-08-31 19:17:15,740][train_tran.train_nn_models] [Training] Epoch=101, loss=2500.3242, nll=2500.3242, l2_reg=0.0000, acc=0.2280
[ 2022-08-31 19:17:15,740][train_tran.train_nn_models] [Validation] Epoch=101, nll=2509.0840, acc=0.2287
[ 2022-08-31 19:17:37,540][train_tran.train_nn_models] [Training] Epoch=102, loss=2498.8960, nll=2498.8960, l2_reg=0.0000, acc=0.2284
[ 2022-08-31 19:17:37,541][train_tran.train_nn_models] [Validation] Epoch=102, nll=2506.8613, acc=0.2308
[ 2022-08-31 19:18:00,005][train_tran.train_nn_models] [Training] Epoch=103, loss=2496.7957, nll=2496.7957, l2_reg=0.0000, acc=0.2309
[ 2022-08-31 19:18:00,006][train_tran.train_nn_models] [Validation] Epoch=103, nll=2506.9644, acc=0.2304
[ 2022-08-31 19:18:21,900][train_tran.train_nn_models] [Training] Epoch=104, loss=2497.9021, nll=2497.9021, l2_reg=0.0000, acc=0.2258
[ 2022-08-31 19:18:21,901][train_tran.train_nn_models] [Validation] Epoch=104, nll=2507.2451, acc=0.2257
[ 2022-08-31 19:18:44,594][train_tran.train_nn_models] [Training] Epoch=105, loss=2497.2971, nll=2497.2971, l2_reg=0.0000, acc=0.2238
[ 2022-08-31 19:18:44,595][train_tran.train_nn_models] [Validation] Epoch=105, nll=2505.7595, acc=0.2270
[ 2022-08-31 19:19:07,392][train_tran.train_nn_models] [Training] Epoch=106, loss=2496.7334, nll=2496.7334, l2_reg=0.0000, acc=0.2248
[ 2022-08-31 19:19:07,393][train_tran.train_nn_models] [Validation] Epoch=106, nll=2506.1584, acc=0.2277
[ 2022-08-31 19:19:30,234][train_tran.train_nn_models] [Training] Epoch=107, loss=2497.7126, nll=2497.7126, l2_reg=0.0000, acc=0.2254
[ 2022-08-31 19:19:30,234][train_tran.train_nn_models] [Validation] Epoch=107, nll=2506.7642, acc=0.2286
[ 2022-08-31 19:19:52,415][train_tran.train_nn_models] [Training] Epoch=108, loss=2497.3181, nll=2497.3181, l2_reg=0.0000, acc=0.2265
[ 2022-08-31 19:19:52,416][train_tran.train_nn_models] [Validation] Epoch=108, nll=2506.3262, acc=0.2301
[ 2022-08-31 19:20:15,609][train_tran.train_nn_models] [Training] Epoch=109, loss=2496.6401, nll=2496.6401, l2_reg=0.0000, acc=0.2274
[ 2022-08-31 19:20:15,610][train_tran.train_nn_models] [Validation] Epoch=109, nll=2505.6533, acc=0.2304
[ 2022-08-31 19:20:37,874][train_tran.train_nn_models] [Training] Epoch=110, loss=2496.7861, nll=2496.7861, l2_reg=0.0000, acc=0.2288
[ 2022-08-31 19:20:37,874][train_tran.train_nn_models] [Validation] Epoch=110, nll=2504.4661, acc=0.2315
[ 2022-08-31 19:20:59,856][train_tran.train_nn_models] [Training] Epoch=111, loss=2494.4233, nll=2494.4233, l2_reg=0.0000, acc=0.2305
[ 2022-08-31 19:20:59,857][train_tran.train_nn_models] [Validation] Epoch=111, nll=2501.8328, acc=0.2337
[ 2022-08-31 19:21:22,431][train_tran.train_nn_models] [Training] Epoch=112, loss=2492.0706, nll=2492.0706, l2_reg=0.0000, acc=0.2328
[ 2022-08-31 19:21:22,432][train_tran.train_nn_models] [Validation] Epoch=112, nll=2502.4036, acc=0.2356
[ 2022-08-31 19:21:45,110][train_tran.train_nn_models] [Training] Epoch=113, loss=2492.9280, nll=2492.9280, l2_reg=0.0000, acc=0.2303
[ 2022-08-31 19:21:45,111][train_tran.train_nn_models] [Validation] Epoch=113, nll=2500.8298, acc=0.2293
[ 2022-08-31 19:22:07,309][train_tran.train_nn_models] [Training] Epoch=114, loss=2491.5657, nll=2491.5657, l2_reg=0.0000, acc=0.2269
[ 2022-08-31 19:22:07,309][train_tran.train_nn_models] [Validation] Epoch=114, nll=2502.2266, acc=0.2278
[ 2022-08-31 19:22:29,022][train_tran.train_nn_models] [Training] Epoch=115, loss=2498.8435, nll=2498.8435, l2_reg=0.0000, acc=0.2257
[ 2022-08-31 19:22:29,023][train_tran.train_nn_models] [Validation] Epoch=115, nll=2503.2100, acc=0.2278
[ 2022-08-31 19:22:50,473][train_tran.train_nn_models] [Training] Epoch=116, loss=2494.4880, nll=2494.4880, l2_reg=0.0000, acc=0.2246
[ 2022-08-31 19:22:50,473][train_tran.train_nn_models] [Validation] Epoch=116, nll=2501.5295, acc=0.2279
[ 2022-08-31 19:23:12,838][train_tran.train_nn_models] [Training] Epoch=117, loss=2493.1025, nll=2493.1025, l2_reg=0.0000, acc=0.2255
[ 2022-08-31 19:23:12,838][train_tran.train_nn_models] [Validation] Epoch=117, nll=2499.5801, acc=0.2295
[ 2022-08-31 19:23:35,205][train_tran.train_nn_models] [Training] Epoch=118, loss=2490.8789, nll=2490.8789, l2_reg=0.0000, acc=0.2268
[ 2022-08-31 19:23:35,206][train_tran.train_nn_models] [Validation] Epoch=118, nll=2498.3735, acc=0.2296
[ 2022-08-31 19:23:57,441][train_tran.train_nn_models] [Training] Epoch=119, loss=2489.2773, nll=2489.2773, l2_reg=0.0000, acc=0.2283
[ 2022-08-31 19:23:57,442][train_tran.train_nn_models] [Validation] Epoch=119, nll=2497.4668, acc=0.2303
[ 2022-08-31 19:24:19,733][train_tran.train_nn_models] [Training] Epoch=120, loss=2488.4922, nll=2488.4922, l2_reg=0.0000, acc=0.2292
[ 2022-08-31 19:24:19,734][train_tran.train_nn_models] [Validation] Epoch=120, nll=2502.3953, acc=0.2308
[ 2022-08-31 19:24:41,730][train_tran.train_nn_models] [Training] Epoch=121, loss=2493.7854, nll=2493.7854, l2_reg=0.0000, acc=0.2303
[ 2022-08-31 19:24:41,731][train_tran.train_nn_models] [Validation] Epoch=121, nll=2497.3718, acc=0.2339
[ 2022-08-31 19:25:03,341][train_tran.train_nn_models] [Training] Epoch=122, loss=2487.8604, nll=2487.8604, l2_reg=0.0000, acc=0.2315
[ 2022-08-31 19:25:03,342][train_tran.train_nn_models] [Validation] Epoch=122, nll=2495.7419, acc=0.2353
[ 2022-08-31 19:25:24,558][train_tran.train_nn_models] [Training] Epoch=123, loss=2487.7351, nll=2487.7351, l2_reg=0.0000, acc=0.2323
[ 2022-08-31 19:25:24,559][train_tran.train_nn_models] [Validation] Epoch=123, nll=2499.2727, acc=0.2336
[ 2022-08-31 19:25:46,746][train_tran.train_nn_models] [Training] Epoch=124, loss=2492.0334, nll=2492.0334, l2_reg=0.0000, acc=0.2311
[ 2022-08-31 19:25:46,746][train_tran.train_nn_models] [Validation] Epoch=124, nll=2501.2622, acc=0.2343
[ 2022-08-31 19:26:09,085][train_tran.train_nn_models] [Training] Epoch=125, loss=2492.3237, nll=2492.3237, l2_reg=0.0000, acc=0.2314
[ 2022-08-31 19:26:09,086][train_tran.train_nn_models] [Validation] Epoch=125, nll=2500.1108, acc=0.2340
[ 2022-08-31 19:26:31,772][train_tran.train_nn_models] [Training] Epoch=126, loss=2490.6575, nll=2490.6575, l2_reg=0.0000, acc=0.2317
[ 2022-08-31 19:26:31,772][train_tran.train_nn_models] [Validation] Epoch=126, nll=2498.4028, acc=0.2342
[ 2022-08-31 19:26:53,862][train_tran.train_nn_models] [Training] Epoch=127, loss=2489.3149, nll=2489.3149, l2_reg=0.0000, acc=0.2316
[ 2022-08-31 19:26:53,862][train_tran.train_nn_models] [Validation] Epoch=127, nll=2497.3569, acc=0.2344
[ 2022-08-31 19:27:15,572][train_tran.train_nn_models] [Training] Epoch=128, loss=2487.9841, nll=2487.9841, l2_reg=0.0000, acc=0.2319
[ 2022-08-31 19:27:15,572][train_tran.train_nn_models] [Validation] Epoch=128, nll=2495.9277, acc=0.2353
[ 2022-08-31 19:27:36,944][train_tran.train_nn_models] [Training] Epoch=129, loss=2487.0952, nll=2487.0952, l2_reg=0.0000, acc=0.2322
[ 2022-08-31 19:27:36,945][train_tran.train_nn_models] [Validation] Epoch=129, nll=2495.6699, acc=0.2338
[ 2022-08-31 19:27:36,945][train_tran.train_nn_models] Found a better model at epoch 129.
[ 2022-08-31 19:27:59,171][train_tran.train_nn_models] [Training] Epoch=130, loss=2487.8418, nll=2487.8418, l2_reg=0.0000, acc=0.2317
[ 2022-08-31 19:27:59,171][train_tran.train_nn_models] [Validation] Epoch=130, nll=2495.6528, acc=0.2347
[ 2022-08-31 19:27:59,171][train_tran.train_nn_models] Found a better model at epoch 130.
[ 2022-08-31 19:28:21,127][train_tran.train_nn_models] [Training] Epoch=131, loss=2485.3733, nll=2485.3733, l2_reg=0.0000, acc=0.2327
[ 2022-08-31 19:28:21,127][train_tran.train_nn_models] [Validation] Epoch=131, nll=2493.0149, acc=0.2371
[ 2022-08-31 19:28:21,127][train_tran.train_nn_models] Found a better model at epoch 131.
[ 2022-08-31 19:28:42,902][train_tran.train_nn_models] [Training] Epoch=132, loss=2488.7334, nll=2488.7334, l2_reg=0.0000, acc=0.2323
[ 2022-08-31 19:28:42,903][train_tran.train_nn_models] [Validation] Epoch=132, nll=2493.5542, acc=0.2338
[ 2022-08-31 19:29:04,433][train_tran.train_nn_models] [Training] Epoch=133, loss=2486.1501, nll=2486.1501, l2_reg=0.0000, acc=0.2315
[ 2022-08-31 19:29:04,433][train_tran.train_nn_models] [Validation] Epoch=133, nll=2493.7188, acc=0.2328
[ 2022-08-31 19:29:25,929][train_tran.train_nn_models] [Training] Epoch=134, loss=2483.7563, nll=2483.7563, l2_reg=0.0000, acc=0.2324
[ 2022-08-31 19:29:25,930][train_tran.train_nn_models] [Validation] Epoch=134, nll=2493.3157, acc=0.2342
[ 2022-08-31 19:29:47,827][train_tran.train_nn_models] [Training] Epoch=135, loss=2484.9019, nll=2484.9019, l2_reg=0.0000, acc=0.2336
[ 2022-08-31 19:29:47,828][train_tran.train_nn_models] [Validation] Epoch=135, nll=2491.8633, acc=0.2351
[ 2022-08-31 19:29:47,828][train_tran.train_nn_models] Found a better model at epoch 135.
[ 2022-08-31 19:30:08,978][train_tran.train_nn_models] [Training] Epoch=136, loss=2482.7847, nll=2482.7847, l2_reg=0.0000, acc=0.2341
[ 2022-08-31 19:30:08,978][train_tran.train_nn_models] [Validation] Epoch=136, nll=2491.9436, acc=0.2364
[ 2022-08-31 19:30:30,609][train_tran.train_nn_models] [Training] Epoch=137, loss=2481.8508, nll=2481.8508, l2_reg=0.0000, acc=0.2357
[ 2022-08-31 19:30:30,610][train_tran.train_nn_models] [Validation] Epoch=137, nll=2489.1221, acc=0.2382
[ 2022-08-31 19:30:30,610][train_tran.train_nn_models] Found a better model at epoch 137.
[ 2022-08-31 19:30:51,814][train_tran.train_nn_models] [Training] Epoch=138, loss=2479.8879, nll=2479.8879, l2_reg=0.0000, acc=0.2370
[ 2022-08-31 19:30:51,814][train_tran.train_nn_models] [Validation] Epoch=138, nll=2491.3110, acc=0.2387
[ 2022-08-31 19:31:13,311][train_tran.train_nn_models] [Training] Epoch=139, loss=2489.0315, nll=2489.0315, l2_reg=0.0000, acc=0.2362
[ 2022-08-31 19:31:13,312][train_tran.train_nn_models] [Validation] Epoch=139, nll=2501.4329, acc=0.2376
[ 2022-08-31 19:31:35,027][train_tran.train_nn_models] [Training] Epoch=140, loss=2494.3716, nll=2494.3716, l2_reg=0.0000, acc=0.2259
[ 2022-08-31 19:31:35,027][train_tran.train_nn_models] [Validation] Epoch=140, nll=2503.0383, acc=0.2204
[ 2022-08-31 19:31:57,219][train_tran.train_nn_models] [Training] Epoch=141, loss=2492.7422, nll=2492.7422, l2_reg=0.0000, acc=0.2158
[ 2022-08-31 19:31:57,220][train_tran.train_nn_models] [Validation] Epoch=141, nll=2496.3669, acc=0.2151
[ 2022-08-31 19:32:18,646][train_tran.train_nn_models] [Training] Epoch=142, loss=2486.9170, nll=2486.9170, l2_reg=0.0000, acc=0.2155
[ 2022-08-31 19:32:18,646][train_tran.train_nn_models] [Validation] Epoch=142, nll=2492.5535, acc=0.2195
[ 2022-08-31 19:32:41,376][train_tran.train_nn_models] [Training] Epoch=143, loss=2483.8472, nll=2483.8472, l2_reg=0.0000, acc=0.2205
[ 2022-08-31 19:32:41,377][train_tran.train_nn_models] [Validation] Epoch=143, nll=2491.5039, acc=0.2253
[ 2022-08-31 19:33:03,465][train_tran.train_nn_models] [Training] Epoch=144, loss=2481.9509, nll=2481.9509, l2_reg=0.0000, acc=0.2240
[ 2022-08-31 19:33:03,465][train_tran.train_nn_models] [Validation] Epoch=144, nll=2488.6880, acc=0.2284
[ 2022-08-31 19:33:03,465][train_tran.train_nn_models] Found a better model at epoch 144.
[ 2022-08-31 19:33:25,285][train_tran.train_nn_models] [Training] Epoch=145, loss=2480.1370, nll=2480.1370, l2_reg=0.0000, acc=0.2275
[ 2022-08-31 19:33:25,286][train_tran.train_nn_models] [Validation] Epoch=145, nll=2488.1184, acc=0.2298
[ 2022-08-31 19:33:25,286][train_tran.train_nn_models] Found a better model at epoch 145.
[ 2022-08-31 19:33:47,750][train_tran.train_nn_models] [Training] Epoch=146, loss=2478.9436, nll=2478.9436, l2_reg=0.0000, acc=0.2296
[ 2022-08-31 19:33:47,751][train_tran.train_nn_models] [Validation] Epoch=146, nll=2486.9360, acc=0.2336
[ 2022-08-31 19:33:47,751][train_tran.train_nn_models] Found a better model at epoch 146.
[ 2022-08-31 19:34:09,525][train_tran.train_nn_models] [Training] Epoch=147, loss=2477.8708, nll=2477.8708, l2_reg=0.0000, acc=0.2315
[ 2022-08-31 19:34:09,525][train_tran.train_nn_models] [Validation] Epoch=147, nll=2486.9353, acc=0.2350
[ 2022-08-31 19:34:09,525][train_tran.train_nn_models] Found a better model at epoch 147.
[ 2022-08-31 19:34:31,177][train_tran.train_nn_models] [Training] Epoch=148, loss=2477.5330, nll=2477.5330, l2_reg=0.0000, acc=0.2323
[ 2022-08-31 19:34:31,178][train_tran.train_nn_models] [Validation] Epoch=148, nll=2485.7336, acc=0.2355
[ 2022-08-31 19:34:31,178][train_tran.train_nn_models] Found a better model at epoch 148.
[ 2022-08-31 19:34:53,242][train_tran.train_nn_models] [Training] Epoch=149, loss=2477.4558, nll=2477.4558, l2_reg=0.0000, acc=0.2332
[ 2022-08-31 19:34:53,243][train_tran.train_nn_models] [Validation] Epoch=149, nll=2485.2126, acc=0.2360
[ 2022-08-31 19:34:53,243][train_tran.train_nn_models] Found a better model at epoch 149.
[ 2022-08-31 19:35:14,610][train_tran.train_nn_models] [Training] Epoch=150, loss=2476.1909, nll=2476.1909, l2_reg=0.0000, acc=0.2349
[ 2022-08-31 19:35:14,611][train_tran.train_nn_models] [Validation] Epoch=150, nll=2484.8921, acc=0.2376
[ 2022-08-31 19:35:14,611][train_tran.train_nn_models] Found a better model at epoch 150.
[ 2022-08-31 19:35:35,841][train_tran.train_nn_models] [Training] Epoch=151, loss=2476.1484, nll=2476.1484, l2_reg=0.0000, acc=0.2352
[ 2022-08-31 19:35:35,841][train_tran.train_nn_models] [Validation] Epoch=151, nll=2482.9263, acc=0.2379
[ 2022-08-31 19:35:35,841][train_tran.train_nn_models] Found a better model at epoch 151.
[ 2022-08-31 19:35:57,521][train_tran.train_nn_models] [Training] Epoch=152, loss=2474.7419, nll=2474.7419, l2_reg=0.0000, acc=0.2352
[ 2022-08-31 19:35:57,522][train_tran.train_nn_models] [Validation] Epoch=152, nll=2484.2144, acc=0.2371
[ 2022-08-31 19:36:19,687][train_tran.train_nn_models] [Training] Epoch=153, loss=2475.5781, nll=2475.5781, l2_reg=0.0000, acc=0.2354
[ 2022-08-31 19:36:19,687][train_tran.train_nn_models] [Validation] Epoch=153, nll=2481.7256, acc=0.2387
[ 2022-08-31 19:36:19,687][train_tran.train_nn_models] Found a better model at epoch 153.
[ 2022-08-31 19:36:41,700][train_tran.train_nn_models] [Training] Epoch=154, loss=2474.2568, nll=2474.2568, l2_reg=0.0000, acc=0.2357
[ 2022-08-31 19:36:41,701][train_tran.train_nn_models] [Validation] Epoch=154, nll=2486.2808, acc=0.2384
[ 2022-08-31 19:37:04,719][train_tran.train_nn_models] [Training] Epoch=155, loss=2476.0469, nll=2476.0469, l2_reg=0.0000, acc=0.2357
[ 2022-08-31 19:37:04,719][train_tran.train_nn_models] [Validation] Epoch=155, nll=2481.0527, acc=0.2386
[ 2022-08-31 19:37:04,719][train_tran.train_nn_models] Found a better model at epoch 155.
[ 2022-08-31 19:37:27,322][train_tran.train_nn_models] [Training] Epoch=156, loss=2473.5569, nll=2473.5569, l2_reg=0.0000, acc=0.2358
[ 2022-08-31 19:37:27,323][train_tran.train_nn_models] [Validation] Epoch=156, nll=2482.3613, acc=0.2395
[ 2022-08-31 19:37:49,090][train_tran.train_nn_models] [Training] Epoch=157, loss=2473.2773, nll=2473.2773, l2_reg=0.0000, acc=0.2370
[ 2022-08-31 19:37:49,091][train_tran.train_nn_models] [Validation] Epoch=157, nll=2483.0251, acc=0.2391
[ 2022-08-31 19:38:11,741][train_tran.train_nn_models] [Training] Epoch=158, loss=2474.0073, nll=2474.0073, l2_reg=0.0000, acc=0.2365
[ 2022-08-31 19:38:11,741][train_tran.train_nn_models] [Validation] Epoch=158, nll=2480.6853, acc=0.2393
[ 2022-08-31 19:38:11,742][train_tran.train_nn_models] Found a better model at epoch 158.
[ 2022-08-31 19:38:34,135][train_tran.train_nn_models] [Training] Epoch=159, loss=2472.6118, nll=2472.6118, l2_reg=0.0000, acc=0.2368
[ 2022-08-31 19:38:34,135][train_tran.train_nn_models] [Validation] Epoch=159, nll=2483.3240, acc=0.2396
[ 2022-08-31 19:38:56,084][train_tran.train_nn_models] [Training] Epoch=160, loss=2473.9033, nll=2473.9033, l2_reg=0.0000, acc=0.2368
[ 2022-08-31 19:38:56,085][train_tran.train_nn_models] [Validation] Epoch=160, nll=2479.6257, acc=0.2393
[ 2022-08-31 19:38:56,085][train_tran.train_nn_models] Found a better model at epoch 160.
[ 2022-08-31 19:39:17,917][train_tran.train_nn_models] [Training] Epoch=161, loss=2472.1555, nll=2472.1555, l2_reg=0.0000, acc=0.2376
[ 2022-08-31 19:39:17,917][train_tran.train_nn_models] [Validation] Epoch=161, nll=2483.0388, acc=0.2393
[ 2022-08-31 19:39:39,522][train_tran.train_nn_models] [Training] Epoch=162, loss=2474.1941, nll=2474.1941, l2_reg=0.0000, acc=0.2369
[ 2022-08-31 19:39:39,522][train_tran.train_nn_models] [Validation] Epoch=162, nll=2479.4465, acc=0.2394
[ 2022-08-31 19:39:39,523][train_tran.train_nn_models] Found a better model at epoch 162.
[ 2022-08-31 19:40:01,538][train_tran.train_nn_models] [Training] Epoch=163, loss=2471.3835, nll=2471.3835, l2_reg=0.0000, acc=0.2378
[ 2022-08-31 19:40:01,539][train_tran.train_nn_models] [Validation] Epoch=163, nll=2482.2002, acc=0.2404
[ 2022-08-31 19:40:24,091][train_tran.train_nn_models] [Training] Epoch=164, loss=2471.6687, nll=2471.6687, l2_reg=0.0000, acc=0.2386
[ 2022-08-31 19:40:24,092][train_tran.train_nn_models] [Validation] Epoch=164, nll=2482.6797, acc=0.2415
[ 2022-08-31 19:40:45,290][train_tran.train_nn_models] [Training] Epoch=165, loss=2471.6465, nll=2471.6465, l2_reg=0.0000, acc=0.2389
[ 2022-08-31 19:40:45,290][train_tran.train_nn_models] [Validation] Epoch=165, nll=2481.7046, acc=0.2406
[ 2022-08-31 19:41:06,243][train_tran.train_nn_models] [Training] Epoch=166, loss=2471.6973, nll=2471.6973, l2_reg=0.0000, acc=0.2393
[ 2022-08-31 19:41:06,244][train_tran.train_nn_models] [Validation] Epoch=166, nll=2480.9275, acc=0.2414
[ 2022-08-31 19:41:27,886][train_tran.train_nn_models] [Training] Epoch=167, loss=2470.4910, nll=2470.4910, l2_reg=0.0000, acc=0.2398
[ 2022-08-31 19:41:27,886][train_tran.train_nn_models] [Validation] Epoch=167, nll=2481.8210, acc=0.2415
[ 2022-08-31 19:41:49,528][train_tran.train_nn_models] [Training] Epoch=168, loss=2472.6655, nll=2472.6655, l2_reg=0.0000, acc=0.2393
[ 2022-08-31 19:41:49,528][train_tran.train_nn_models] [Validation] Epoch=168, nll=2478.5801, acc=0.2424
[ 2022-08-31 19:41:49,528][train_tran.train_nn_models] Found a better model at epoch 168.
[ 2022-08-31 19:42:10,983][train_tran.train_nn_models] [Training] Epoch=169, loss=2470.7927, nll=2470.7927, l2_reg=0.0000, acc=0.2400
[ 2022-08-31 19:42:10,983][train_tran.train_nn_models] [Validation] Epoch=169, nll=2486.2959, acc=0.2421
[ 2022-08-31 19:42:32,809][train_tran.train_nn_models] [Training] Epoch=170, loss=2471.7634, nll=2471.7634, l2_reg=0.0000, acc=0.2399
[ 2022-08-31 19:42:32,810][train_tran.train_nn_models] [Validation] Epoch=170, nll=2480.4414, acc=0.2418
[ 2022-08-31 19:42:55,038][train_tran.train_nn_models] [Training] Epoch=171, loss=2470.3579, nll=2470.3579, l2_reg=0.0000, acc=0.2409
[ 2022-08-31 19:42:55,039][train_tran.train_nn_models] [Validation] Epoch=171, nll=2478.4817, acc=0.2433
[ 2022-08-31 19:42:55,039][train_tran.train_nn_models] Found a better model at epoch 171.
[ 2022-08-31 19:43:16,815][train_tran.train_nn_models] [Training] Epoch=172, loss=2469.6348, nll=2469.6348, l2_reg=0.0000, acc=0.2412
[ 2022-08-31 19:43:16,815][train_tran.train_nn_models] [Validation] Epoch=172, nll=2479.6890, acc=0.2435
[ 2022-08-31 19:43:37,985][train_tran.train_nn_models] [Training] Epoch=173, loss=2469.2603, nll=2469.2603, l2_reg=0.0000, acc=0.2414
[ 2022-08-31 19:43:37,985][train_tran.train_nn_models] [Validation] Epoch=173, nll=2481.4688, acc=0.2436
[ 2022-08-31 19:44:00,738][train_tran.train_nn_models] [Training] Epoch=174, loss=2470.8794, nll=2470.8794, l2_reg=0.0000, acc=0.2414
[ 2022-08-31 19:44:00,738][train_tran.train_nn_models] [Validation] Epoch=174, nll=2477.0549, acc=0.2433
[ 2022-08-31 19:44:00,738][train_tran.train_nn_models] Found a better model at epoch 174.
[ 2022-08-31 19:44:23,067][train_tran.train_nn_models] [Training] Epoch=175, loss=2469.3103, nll=2469.3103, l2_reg=0.0000, acc=0.2417
[ 2022-08-31 19:44:23,068][train_tran.train_nn_models] [Validation] Epoch=175, nll=2485.1667, acc=0.2436
[ 2022-08-31 19:44:45,499][train_tran.train_nn_models] [Training] Epoch=176, loss=2469.9563, nll=2469.9563, l2_reg=0.0000, acc=0.2424
[ 2022-08-31 19:44:45,499][train_tran.train_nn_models] [Validation] Epoch=176, nll=2480.7532, acc=0.2443
[ 2022-08-31 19:45:07,738][train_tran.train_nn_models] [Training] Epoch=177, loss=2469.2939, nll=2469.2939, l2_reg=0.0000, acc=0.2429
[ 2022-08-31 19:45:07,738][train_tran.train_nn_models] [Validation] Epoch=177, nll=2478.9670, acc=0.2444
[ 2022-08-31 19:45:29,805][train_tran.train_nn_models] [Training] Epoch=178, loss=2468.5781, nll=2468.5781, l2_reg=0.0000, acc=0.2434
[ 2022-08-31 19:45:29,806][train_tran.train_nn_models] [Validation] Epoch=178, nll=2479.8391, acc=0.2443
[ 2022-08-31 19:45:51,859][train_tran.train_nn_models] [Training] Epoch=179, loss=2468.3472, nll=2468.3472, l2_reg=0.0000, acc=0.2436
[ 2022-08-31 19:45:51,860][train_tran.train_nn_models] [Validation] Epoch=179, nll=2480.2588, acc=0.2444
[ 2022-08-31 19:46:13,849][train_tran.train_nn_models] [Training] Epoch=180, loss=2468.2314, nll=2468.2314, l2_reg=0.0000, acc=0.2436
[ 2022-08-31 19:46:13,849][train_tran.train_nn_models] [Validation] Epoch=180, nll=2483.2842, acc=0.2455
[ 2022-08-31 19:46:35,555][train_tran.train_nn_models] [Training] Epoch=181, loss=2469.0601, nll=2469.0601, l2_reg=0.0000, acc=0.2439
[ 2022-08-31 19:46:35,555][train_tran.train_nn_models] [Validation] Epoch=181, nll=2476.4297, acc=0.2452
[ 2022-08-31 19:46:35,555][train_tran.train_nn_models] Found a better model at epoch 181.
[ 2022-08-31 19:46:56,817][train_tran.train_nn_models] [Training] Epoch=182, loss=2467.1267, nll=2467.1267, l2_reg=0.0000, acc=0.2439
[ 2022-08-31 19:46:56,818][train_tran.train_nn_models] [Validation] Epoch=182, nll=2483.9099, acc=0.2472
[ 2022-08-31 19:47:18,106][train_tran.train_nn_models] [Training] Epoch=183, loss=2469.3372, nll=2469.3372, l2_reg=0.0000, acc=0.2443
[ 2022-08-31 19:47:18,107][train_tran.train_nn_models] [Validation] Epoch=183, nll=2475.2261, acc=0.2467
[ 2022-08-31 19:47:18,107][train_tran.train_nn_models] Found a better model at epoch 183.
[ 2022-08-31 19:47:39,869][train_tran.train_nn_models] [Training] Epoch=184, loss=2466.3972, nll=2466.3972, l2_reg=0.0000, acc=0.2450
[ 2022-08-31 19:47:39,869][train_tran.train_nn_models] [Validation] Epoch=184, nll=2482.0200, acc=0.2470
[ 2022-08-31 19:48:01,536][train_tran.train_nn_models] [Training] Epoch=185, loss=2468.1782, nll=2468.1782, l2_reg=0.0000, acc=0.2451
[ 2022-08-31 19:48:01,536][train_tran.train_nn_models] [Validation] Epoch=185, nll=2479.4736, acc=0.2441
[ 2022-08-31 19:48:23,299][train_tran.train_nn_models] [Training] Epoch=186, loss=2472.1274, nll=2472.1274, l2_reg=0.0000, acc=0.2396
[ 2022-08-31 19:48:23,299][train_tran.train_nn_models] [Validation] Epoch=186, nll=2484.8860, acc=0.2404
[ 2022-08-31 19:48:44,859][train_tran.train_nn_models] [Training] Epoch=187, loss=2472.9426, nll=2472.9426, l2_reg=0.0000, acc=0.2402
[ 2022-08-31 19:48:44,859][train_tran.train_nn_models] [Validation] Epoch=187, nll=2489.5872, acc=0.2406
[ 2022-08-31 19:49:06,963][train_tran.train_nn_models] [Training] Epoch=188, loss=2473.9209, nll=2473.9209, l2_reg=0.0000, acc=0.2404
[ 2022-08-31 19:49:06,964][train_tran.train_nn_models] [Validation] Epoch=188, nll=2482.1477, acc=0.2417
[ 2022-08-31 19:49:29,014][train_tran.train_nn_models] [Training] Epoch=189, loss=2471.8455, nll=2471.8455, l2_reg=0.0000, acc=0.2408
[ 2022-08-31 19:49:29,015][train_tran.train_nn_models] [Validation] Epoch=189, nll=2486.7969, acc=0.2416
[ 2022-08-31 19:49:51,360][train_tran.train_nn_models] [Training] Epoch=190, loss=2472.2798, nll=2472.2798, l2_reg=0.0000, acc=0.2411
[ 2022-08-31 19:49:51,361][train_tran.train_nn_models] [Validation] Epoch=190, nll=2482.4534, acc=0.2418
[ 2022-08-31 19:50:12,939][train_tran.train_nn_models] [Training] Epoch=191, loss=2471.0413, nll=2471.0413, l2_reg=0.0000, acc=0.2420
[ 2022-08-31 19:50:12,939][train_tran.train_nn_models] [Validation] Epoch=191, nll=2482.2927, acc=0.2435
[ 2022-08-31 19:50:35,435][train_tran.train_nn_models] [Training] Epoch=192, loss=2470.7803, nll=2470.7803, l2_reg=0.0000, acc=0.2422
[ 2022-08-31 19:50:35,436][train_tran.train_nn_models] [Validation] Epoch=192, nll=2481.4602, acc=0.2430
[ 2022-08-31 19:50:57,130][train_tran.train_nn_models] [Training] Epoch=193, loss=2469.7842, nll=2469.7842, l2_reg=0.0000, acc=0.2426
[ 2022-08-31 19:50:57,130][train_tran.train_nn_models] [Validation] Epoch=193, nll=2502.2483, acc=0.2410
[ 2022-08-31 19:51:19,792][train_tran.train_nn_models] [Training] Epoch=194, loss=2480.1833, nll=2480.1833, l2_reg=0.0000, acc=0.2400
[ 2022-08-31 19:51:19,792][train_tran.train_nn_models] [Validation] Epoch=194, nll=2482.0271, acc=0.2424
[ 2022-08-31 19:51:41,693][train_tran.train_nn_models] [Training] Epoch=195, loss=2474.5205, nll=2474.5205, l2_reg=0.0000, acc=0.2396
[ 2022-08-31 19:51:41,694][train_tran.train_nn_models] [Validation] Epoch=195, nll=2480.0449, acc=0.2424
[ 2022-08-31 19:52:03,843][train_tran.train_nn_models] [Training] Epoch=196, loss=2472.0684, nll=2472.0684, l2_reg=0.0000, acc=0.2407
[ 2022-08-31 19:52:03,843][train_tran.train_nn_models] [Validation] Epoch=196, nll=2481.1633, acc=0.2433
[ 2022-08-31 19:52:25,452][train_tran.train_nn_models] [Training] Epoch=197, loss=2470.7158, nll=2470.7158, l2_reg=0.0000, acc=0.2410
[ 2022-08-31 19:52:25,453][train_tran.train_nn_models] [Validation] Epoch=197, nll=2480.0278, acc=0.2435
[ 2022-08-31 19:52:47,318][train_tran.train_nn_models] [Training] Epoch=198, loss=2469.8843, nll=2469.8843, l2_reg=0.0000, acc=0.2418
[ 2022-08-31 19:52:47,319][train_tran.train_nn_models] [Validation] Epoch=198, nll=2478.6807, acc=0.2443
[ 2022-08-31 19:53:10,032][train_tran.train_nn_models] [Training] Epoch=199, loss=2469.2551, nll=2469.2551, l2_reg=0.0000, acc=0.2424
[ 2022-08-31 19:53:10,033][train_tran.train_nn_models] [Validation] Epoch=199, nll=2479.8555, acc=0.2445
[ 2022-08-31 19:53:31,651][train_tran.train_nn_models] [Training] Epoch=200, loss=2469.4189, nll=2469.4189, l2_reg=0.0000, acc=0.2431
[ 2022-08-31 19:53:31,651][train_tran.train_nn_models] [Validation] Epoch=200, nll=2478.5183, acc=0.2457
[ 2022-08-31 19:53:53,851][train_tran.train_nn_models] [Training] Epoch=201, loss=2468.9253, nll=2468.9253, l2_reg=0.0000, acc=0.2430
[ 2022-08-31 19:53:53,851][train_tran.train_nn_models] [Validation] Epoch=201, nll=2478.5422, acc=0.2459
[ 2022-08-31 19:54:16,481][train_tran.train_nn_models] [Training] Epoch=202, loss=2468.5125, nll=2468.5125, l2_reg=0.0000, acc=0.2432
[ 2022-08-31 19:54:16,481][train_tran.train_nn_models] [Validation] Epoch=202, nll=2477.6050, acc=0.2464
[ 2022-08-31 19:54:38,165][train_tran.train_nn_models] [Training] Epoch=203, loss=2467.9412, nll=2467.9412, l2_reg=0.0000, acc=0.2438
[ 2022-08-31 19:54:38,165][train_tran.train_nn_models] [Validation] Epoch=203, nll=2478.4817, acc=0.2472
[ 2022-08-31 19:55:00,744][train_tran.train_nn_models] [Training] Epoch=204, loss=2467.4387, nll=2467.4387, l2_reg=0.0000, acc=0.2446
[ 2022-08-31 19:55:00,744][train_tran.train_nn_models] [Validation] Epoch=204, nll=2479.0610, acc=0.2475
[ 2022-08-31 19:55:22,569][train_tran.train_nn_models] [Training] Epoch=205, loss=2467.1824, nll=2467.1824, l2_reg=0.0000, acc=0.2449
[ 2022-08-31 19:55:22,570][train_tran.train_nn_models] [Validation] Epoch=205, nll=2480.0471, acc=0.2476
[ 2022-08-31 19:55:44,950][train_tran.train_nn_models] [Training] Epoch=206, loss=2467.3464, nll=2467.3464, l2_reg=0.0000, acc=0.2452
[ 2022-08-31 19:55:44,950][train_tran.train_nn_models] [Validation] Epoch=206, nll=2481.8582, acc=0.2477
[ 2022-08-31 19:56:07,352][train_tran.train_nn_models] [Training] Epoch=207, loss=2467.1812, nll=2467.1812, l2_reg=0.0000, acc=0.2455
[ 2022-08-31 19:56:07,352][train_tran.train_nn_models] [Validation] Epoch=207, nll=2480.9521, acc=0.2485
[ 2022-08-31 19:56:29,505][train_tran.train_nn_models] [Training] Epoch=208, loss=2466.5486, nll=2466.5486, l2_reg=0.0000, acc=0.2458
[ 2022-08-31 19:56:29,506][train_tran.train_nn_models] [Validation] Epoch=208, nll=2479.9617, acc=0.2486
[ 2022-08-31 19:56:52,184][train_tran.train_nn_models] [Training] Epoch=209, loss=2466.4404, nll=2466.4404, l2_reg=0.0000, acc=0.2462
[ 2022-08-31 19:56:52,184][train_tran.train_nn_models] [Validation] Epoch=209, nll=2481.3801, acc=0.2490
[ 2022-08-31 19:57:13,841][train_tran.train_nn_models] [Training] Epoch=210, loss=2466.3025, nll=2466.3025, l2_reg=0.0000, acc=0.2464
[ 2022-08-31 19:57:13,841][train_tran.train_nn_models] [Validation] Epoch=210, nll=2481.0898, acc=0.2488
[ 2022-08-31 19:57:34,938][train_tran.train_nn_models] [Training] Epoch=211, loss=2466.0342, nll=2466.0342, l2_reg=0.0000, acc=0.2467
[ 2022-08-31 19:57:34,939][train_tran.train_nn_models] [Validation] Epoch=211, nll=2479.1733, acc=0.2494
[ 2022-08-31 19:57:57,668][train_tran.train_nn_models] [Training] Epoch=212, loss=2465.1541, nll=2465.1541, l2_reg=0.0000, acc=0.2472
[ 2022-08-31 19:57:57,668][train_tran.train_nn_models] [Validation] Epoch=212, nll=2477.7717, acc=0.2493
[ 2022-08-31 19:58:19,899][train_tran.train_nn_models] [Training] Epoch=213, loss=2464.4651, nll=2464.4651, l2_reg=0.0000, acc=0.2478
[ 2022-08-31 19:58:19,900][train_tran.train_nn_models] [Validation] Epoch=213, nll=2479.8579, acc=0.2493
[ 2022-08-31 19:58:41,192][train_tran.train_nn_models] [Training] Epoch=214, loss=2541.1260, nll=2541.1260, l2_reg=0.0000, acc=0.2375
[ 2022-08-31 19:58:41,192][train_tran.train_nn_models] [Validation] Epoch=214, nll=2490.5303, acc=0.2375
[ 2022-08-31 19:59:02,371][train_tran.train_nn_models] [Training] Epoch=215, loss=2480.3708, nll=2480.3708, l2_reg=0.0000, acc=0.2366
[ 2022-08-31 19:59:02,372][train_tran.train_nn_models] [Validation] Epoch=215, nll=2483.4165, acc=0.2400
[ 2022-08-31 19:59:24,885][train_tran.train_nn_models] [Training] Epoch=216, loss=2474.5525, nll=2474.5525, l2_reg=0.0000, acc=0.2386
[ 2022-08-31 19:59:24,885][train_tran.train_nn_models] [Validation] Epoch=216, nll=2481.0623, acc=0.2379
[ 2022-08-31 19:59:47,007][train_tran.train_nn_models] [Training] Epoch=217, loss=2471.8547, nll=2471.8547, l2_reg=0.0000, acc=0.2384
[ 2022-08-31 19:59:47,008][train_tran.train_nn_models] [Validation] Epoch=217, nll=2479.1094, acc=0.2399
[ 2022-08-31 20:00:09,538][train_tran.train_nn_models] [Training] Epoch=218, loss=2469.9294, nll=2469.9294, l2_reg=0.0000, acc=0.2396
[ 2022-08-31 20:00:09,539][train_tran.train_nn_models] [Validation] Epoch=218, nll=2477.8242, acc=0.2411
[ 2022-08-31 20:00:31,668][train_tran.train_nn_models] [Training] Epoch=219, loss=2468.7849, nll=2468.7849, l2_reg=0.0000, acc=0.2394
[ 2022-08-31 20:00:31,669][train_tran.train_nn_models] [Validation] Epoch=219, nll=2477.5442, acc=0.2411
[ 2022-08-31 20:00:52,787][train_tran.train_nn_models] [Training] Epoch=220, loss=2468.1218, nll=2468.1218, l2_reg=0.0000, acc=0.2392
[ 2022-08-31 20:00:52,788][train_tran.train_nn_models] [Validation] Epoch=220, nll=2476.8396, acc=0.2413
[ 2022-08-31 20:01:14,288][train_tran.train_nn_models] [Training] Epoch=221, loss=2467.3022, nll=2467.3022, l2_reg=0.0000, acc=0.2397
[ 2022-08-31 20:01:14,288][train_tran.train_nn_models] [Validation] Epoch=221, nll=2477.3469, acc=0.2401
[ 2022-08-31 20:01:36,309][train_tran.train_nn_models] [Training] Epoch=222, loss=2466.9646, nll=2466.9646, l2_reg=0.0000, acc=0.2398
[ 2022-08-31 20:01:36,309][train_tran.train_nn_models] [Validation] Epoch=222, nll=2477.6646, acc=0.2402
[ 2022-08-31 20:01:57,949][train_tran.train_nn_models] [Training] Epoch=223, loss=2466.4055, nll=2466.4055, l2_reg=0.0000, acc=0.2397
[ 2022-08-31 20:01:57,950][train_tran.train_nn_models] [Validation] Epoch=223, nll=2478.8394, acc=0.2406
[ 2022-08-31 20:02:20,528][train_tran.train_nn_models] [Training] Epoch=224, loss=2467.2727, nll=2467.2727, l2_reg=0.0000, acc=0.2391
[ 2022-08-31 20:02:20,528][train_tran.train_nn_models] [Validation] Epoch=224, nll=2475.7522, acc=0.2402
[ 2022-08-31 20:02:42,247][train_tran.train_nn_models] [Training] Epoch=225, loss=2465.6360, nll=2465.6360, l2_reg=0.0000, acc=0.2395
[ 2022-08-31 20:02:42,247][train_tran.train_nn_models] [Validation] Epoch=225, nll=2477.3284, acc=0.2414
[ 2022-08-31 20:03:04,553][train_tran.train_nn_models] [Training] Epoch=226, loss=2465.4456, nll=2465.4456, l2_reg=0.0000, acc=0.2401
[ 2022-08-31 20:03:04,553][train_tran.train_nn_models] [Validation] Epoch=226, nll=2475.5623, acc=0.2412
[ 2022-08-31 20:03:26,742][train_tran.train_nn_models] [Training] Epoch=227, loss=2464.7346, nll=2464.7346, l2_reg=0.0000, acc=0.2407
[ 2022-08-31 20:03:26,742][train_tran.train_nn_models] [Validation] Epoch=227, nll=2473.7185, acc=0.2426
[ 2022-08-31 20:03:26,742][train_tran.train_nn_models] Found a better model at epoch 227.
[ 2022-08-31 20:03:49,063][train_tran.train_nn_models] [Training] Epoch=228, loss=2464.4187, nll=2464.4187, l2_reg=0.0000, acc=0.2404
[ 2022-08-31 20:03:49,063][train_tran.train_nn_models] [Validation] Epoch=228, nll=2476.0168, acc=0.2413
[ 2022-08-31 20:04:11,863][train_tran.train_nn_models] [Training] Epoch=229, loss=2464.7246, nll=2464.7246, l2_reg=0.0000, acc=0.2404
[ 2022-08-31 20:04:11,864][train_tran.train_nn_models] [Validation] Epoch=229, nll=2473.5454, acc=0.2421
[ 2022-08-31 20:04:11,864][train_tran.train_nn_models] Found a better model at epoch 229.
[ 2022-08-31 20:04:35,518][train_tran.train_nn_models] [Training] Epoch=230, loss=2463.5896, nll=2463.5896, l2_reg=0.0000, acc=0.2417
[ 2022-08-31 20:04:35,519][train_tran.train_nn_models] [Validation] Epoch=230, nll=2477.5347, acc=0.2424
[ 2022-08-31 20:04:57,576][train_tran.train_nn_models] [Training] Epoch=231, loss=2465.8184, nll=2465.8184, l2_reg=0.0000, acc=0.2422
[ 2022-08-31 20:04:57,576][train_tran.train_nn_models] [Validation] Epoch=231, nll=2472.4829, acc=0.2435
[ 2022-08-31 20:04:57,576][train_tran.train_nn_models] Found a better model at epoch 231.
[ 2022-08-31 20:05:19,207][train_tran.train_nn_models] [Training] Epoch=232, loss=2463.2083, nll=2463.2083, l2_reg=0.0000, acc=0.2428
[ 2022-08-31 20:05:19,208][train_tran.train_nn_models] [Validation] Epoch=232, nll=2474.0986, acc=0.2418
[ 2022-08-31 20:05:41,080][train_tran.train_nn_models] [Training] Epoch=233, loss=2463.4375, nll=2463.4375, l2_reg=0.0000, acc=0.2421
[ 2022-08-31 20:05:41,081][train_tran.train_nn_models] [Validation] Epoch=233, nll=2474.5422, acc=0.2414
[ 2022-08-31 20:06:03,606][train_tran.train_nn_models] [Training] Epoch=234, loss=2464.5764, nll=2464.5764, l2_reg=0.0000, acc=0.2405
[ 2022-08-31 20:06:03,607][train_tran.train_nn_models] [Validation] Epoch=234, nll=2474.6768, acc=0.2423
[ 2022-08-31 20:06:26,084][train_tran.train_nn_models] [Training] Epoch=235, loss=2463.2480, nll=2463.2480, l2_reg=0.0000, acc=0.2421
[ 2022-08-31 20:06:26,084][train_tran.train_nn_models] [Validation] Epoch=235, nll=2472.0261, acc=0.2443
[ 2022-08-31 20:06:26,084][train_tran.train_nn_models] Found a better model at epoch 235.
[ 2022-08-31 20:06:47,733][train_tran.train_nn_models] [Training] Epoch=236, loss=2462.4978, nll=2462.4978, l2_reg=0.0000, acc=0.2432
[ 2022-08-31 20:06:47,733][train_tran.train_nn_models] [Validation] Epoch=236, nll=2471.6846, acc=0.2449
[ 2022-08-31 20:06:47,733][train_tran.train_nn_models] Found a better model at epoch 236.
[ 2022-08-31 20:07:09,748][train_tran.train_nn_models] [Training] Epoch=237, loss=2461.8833, nll=2461.8833, l2_reg=0.0000, acc=0.2441
[ 2022-08-31 20:07:09,748][train_tran.train_nn_models] [Validation] Epoch=237, nll=2473.9854, acc=0.2453
[ 2022-08-31 20:07:32,599][train_tran.train_nn_models] [Training] Epoch=238, loss=2462.1360, nll=2462.1360, l2_reg=0.0000, acc=0.2454
[ 2022-08-31 20:07:32,600][train_tran.train_nn_models] [Validation] Epoch=238, nll=2471.4006, acc=0.2473
[ 2022-08-31 20:07:32,600][train_tran.train_nn_models] Found a better model at epoch 238.
[ 2022-08-31 20:07:54,545][train_tran.train_nn_models] [Training] Epoch=239, loss=2461.2917, nll=2461.2917, l2_reg=0.0000, acc=0.2463
[ 2022-08-31 20:07:54,546][train_tran.train_nn_models] [Validation] Epoch=239, nll=2476.9473, acc=0.2451
[ 2022-08-31 20:08:17,214][train_tran.train_nn_models] [Training] Epoch=240, loss=2463.1204, nll=2463.1204, l2_reg=0.0000, acc=0.2449
[ 2022-08-31 20:08:17,214][train_tran.train_nn_models] [Validation] Epoch=240, nll=2471.8025, acc=0.2458
[ 2022-08-31 20:08:39,908][train_tran.train_nn_models] [Training] Epoch=241, loss=2461.2454, nll=2461.2454, l2_reg=0.0000, acc=0.2457
[ 2022-08-31 20:08:39,908][train_tran.train_nn_models] [Validation] Epoch=241, nll=2473.1213, acc=0.2458
[ 2022-08-31 20:09:02,246][train_tran.train_nn_models] [Training] Epoch=242, loss=2461.3145, nll=2461.3145, l2_reg=0.0000, acc=0.2448
[ 2022-08-31 20:09:02,247][train_tran.train_nn_models] [Validation] Epoch=242, nll=2470.2131, acc=0.2452
[ 2022-08-31 20:09:02,247][train_tran.train_nn_models] Found a better model at epoch 242.
[ 2022-08-31 20:09:25,157][train_tran.train_nn_models] [Training] Epoch=243, loss=2460.7026, nll=2460.7026, l2_reg=0.0000, acc=0.2454
[ 2022-08-31 20:09:25,157][train_tran.train_nn_models] [Validation] Epoch=243, nll=2470.1489, acc=0.2470
[ 2022-08-31 20:09:25,158][train_tran.train_nn_models] Found a better model at epoch 243.
[ 2022-08-31 20:09:47,610][train_tran.train_nn_models] [Training] Epoch=244, loss=2460.6650, nll=2460.6650, l2_reg=0.0000, acc=0.2450
[ 2022-08-31 20:09:47,610][train_tran.train_nn_models] [Validation] Epoch=244, nll=2469.8860, acc=0.2451
[ 2022-08-31 20:09:47,610][train_tran.train_nn_models] Found a better model at epoch 244.
[ 2022-08-31 20:10:10,180][train_tran.train_nn_models] [Training] Epoch=245, loss=2460.0840, nll=2460.0840, l2_reg=0.0000, acc=0.2445
[ 2022-08-31 20:10:10,181][train_tran.train_nn_models] [Validation] Epoch=245, nll=2472.2192, acc=0.2457
[ 2022-08-31 20:10:33,267][train_tran.train_nn_models] [Training] Epoch=246, loss=2460.9265, nll=2460.9265, l2_reg=0.0000, acc=0.2443
[ 2022-08-31 20:10:33,267][train_tran.train_nn_models] [Validation] Epoch=246, nll=2469.6616, acc=0.2453
[ 2022-08-31 20:10:33,267][train_tran.train_nn_models] Found a better model at epoch 246.
[ 2022-08-31 20:10:55,613][train_tran.train_nn_models] [Training] Epoch=247, loss=2459.9163, nll=2459.9163, l2_reg=0.0000, acc=0.2448
[ 2022-08-31 20:10:55,614][train_tran.train_nn_models] [Validation] Epoch=247, nll=2472.6025, acc=0.2447
[ 2022-08-31 20:11:17,920][train_tran.train_nn_models] [Training] Epoch=248, loss=2460.3569, nll=2460.3569, l2_reg=0.0000, acc=0.2451
[ 2022-08-31 20:11:17,921][train_tran.train_nn_models] [Validation] Epoch=248, nll=2470.0625, acc=0.2462
[ 2022-08-31 20:11:40,006][train_tran.train_nn_models] [Training] Epoch=249, loss=2460.1987, nll=2460.1987, l2_reg=0.0000, acc=0.2448
[ 2022-08-31 20:11:40,007][train_tran.train_nn_models] [Validation] Epoch=249, nll=2472.9573, acc=0.2468
[ 2022-08-31 20:11:42,229][train_tran.eval_nll] [Test]nll=2457.9424, acc=0.2423
