[ 2022-08-31 06:15:50,502][train_tran.<module>] Namespace(attr_batch_size=0, basis_type='dyadic', batch_size=64, bucket_seqs=False, cuda=True, dataset='pgem-1K-15', dropout=0.0, embedding_dim=64, epochs=250, hidden_size=64, input_dir='data/input', l2_reg=0, lr=0.0008, max_mean=20.0, model='Tran', n_bases=7, num_workers=0, occurred_type_only=False, optimizer='Adam', output_dir='data/output', rand_seed=1, skip_eval_infectivity=False, skip_pred_next_event=False, split_id=1, steps=50, tran_head=1, tran_layer=1, tune_metric='nll', verbose=False)
[ 2022-08-31 06:15:51,988][train_tran.train_nn_models] [Training] Epoch=0, loss=25833.6230, nll=25833.6230, l2_reg=0.0000, acc=0.0530
[ 2022-08-31 06:15:51,988][train_tran.train_nn_models] [Validation] Epoch=0, nll=16530.5664, acc=0.0347
[ 2022-08-31 06:15:53,124][train_tran.train_nn_models] [Training] Epoch=1, loss=10030.4160, nll=10030.4160, l2_reg=0.0000, acc=0.0282
[ 2022-08-31 06:15:53,124][train_tran.train_nn_models] [Validation] Epoch=1, nll=3487.6672, acc=0.0205
[ 2022-08-31 06:15:54,402][train_tran.train_nn_models] [Training] Epoch=2, loss=2144.5757, nll=2144.5757, l2_reg=0.0000, acc=0.0200
[ 2022-08-31 06:15:54,403][train_tran.train_nn_models] [Validation] Epoch=2, nll=1450.6638, acc=0.0202
[ 2022-08-31 06:15:55,540][train_tran.train_nn_models] [Training] Epoch=3, loss=1420.6080, nll=1420.6080, l2_reg=0.0000, acc=0.0779
[ 2022-08-31 06:15:55,540][train_tran.train_nn_models] [Validation] Epoch=3, nll=1381.0558, acc=0.1714
[ 2022-08-31 06:15:56,645][train_tran.train_nn_models] [Training] Epoch=4, loss=1326.5433, nll=1326.5433, l2_reg=0.0000, acc=0.1747
[ 2022-08-31 06:15:56,645][train_tran.train_nn_models] [Validation] Epoch=4, nll=1276.0822, acc=0.1879
[ 2022-08-31 06:15:57,861][train_tran.train_nn_models] [Training] Epoch=5, loss=1257.2246, nll=1257.2246, l2_reg=0.0000, acc=0.1867
[ 2022-08-31 06:15:57,862][train_tran.train_nn_models] [Validation] Epoch=5, nll=1245.8735, acc=0.1867
[ 2022-08-31 06:15:59,121][train_tran.train_nn_models] [Training] Epoch=6, loss=1237.1821, nll=1237.1821, l2_reg=0.0000, acc=0.1858
[ 2022-08-31 06:15:59,122][train_tran.train_nn_models] [Validation] Epoch=6, nll=1236.4204, acc=0.1876
[ 2022-08-31 06:16:00,386][train_tran.train_nn_models] [Training] Epoch=7, loss=1231.4164, nll=1231.4164, l2_reg=0.0000, acc=0.1859
[ 2022-08-31 06:16:00,388][train_tran.train_nn_models] [Validation] Epoch=7, nll=1231.8239, acc=0.1907
[ 2022-08-31 06:16:01,561][train_tran.train_nn_models] [Training] Epoch=8, loss=1227.9569, nll=1227.9569, l2_reg=0.0000, acc=0.1875
[ 2022-08-31 06:16:01,561][train_tran.train_nn_models] [Validation] Epoch=8, nll=1230.0978, acc=0.1885
[ 2022-08-31 06:16:02,688][train_tran.train_nn_models] [Training] Epoch=9, loss=1226.2194, nll=1226.2194, l2_reg=0.0000, acc=0.1869
[ 2022-08-31 06:16:02,688][train_tran.train_nn_models] [Validation] Epoch=9, nll=1228.6382, acc=0.1883
[ 2022-08-31 06:16:03,800][train_tran.train_nn_models] [Training] Epoch=10, loss=1224.9314, nll=1224.9314, l2_reg=0.0000, acc=0.1876
[ 2022-08-31 06:16:03,801][train_tran.train_nn_models] [Validation] Epoch=10, nll=1227.6586, acc=0.1885
[ 2022-08-31 06:16:04,981][train_tran.train_nn_models] [Training] Epoch=11, loss=1224.0404, nll=1224.0404, l2_reg=0.0000, acc=0.1881
[ 2022-08-31 06:16:04,981][train_tran.train_nn_models] [Validation] Epoch=11, nll=1227.0258, acc=0.1882
[ 2022-08-31 06:16:06,120][train_tran.train_nn_models] [Training] Epoch=12, loss=1223.3428, nll=1223.3428, l2_reg=0.0000, acc=0.1877
[ 2022-08-31 06:16:06,120][train_tran.train_nn_models] [Validation] Epoch=12, nll=1226.5117, acc=0.1874
[ 2022-08-31 06:16:07,289][train_tran.train_nn_models] [Training] Epoch=13, loss=1222.7760, nll=1222.7760, l2_reg=0.0000, acc=0.1878
[ 2022-08-31 06:16:07,289][train_tran.train_nn_models] [Validation] Epoch=13, nll=1226.0640, acc=0.1877
[ 2022-08-31 06:16:08,412][train_tran.train_nn_models] [Training] Epoch=14, loss=1222.3058, nll=1222.3058, l2_reg=0.0000, acc=0.1878
[ 2022-08-31 06:16:08,413][train_tran.train_nn_models] [Validation] Epoch=14, nll=1225.6885, acc=0.1876
[ 2022-08-31 06:16:09,525][train_tran.train_nn_models] [Training] Epoch=15, loss=1221.9070, nll=1221.9070, l2_reg=0.0000, acc=0.1880
[ 2022-08-31 06:16:09,525][train_tran.train_nn_models] [Validation] Epoch=15, nll=1225.3610, acc=0.1881
[ 2022-08-31 06:16:10,682][train_tran.train_nn_models] [Training] Epoch=16, loss=1221.5573, nll=1221.5573, l2_reg=0.0000, acc=0.1876
[ 2022-08-31 06:16:10,682][train_tran.train_nn_models] [Validation] Epoch=16, nll=1225.0669, acc=0.1880
[ 2022-08-31 06:16:11,845][train_tran.train_nn_models] [Training] Epoch=17, loss=1221.2440, nll=1221.2440, l2_reg=0.0000, acc=0.1873
[ 2022-08-31 06:16:11,846][train_tran.train_nn_models] [Validation] Epoch=17, nll=1224.7997, acc=0.1871
[ 2022-08-31 06:16:12,982][train_tran.train_nn_models] [Training] Epoch=18, loss=1220.9583, nll=1220.9583, l2_reg=0.0000, acc=0.1874
[ 2022-08-31 06:16:12,983][train_tran.train_nn_models] [Validation] Epoch=18, nll=1224.5582, acc=0.1866
[ 2022-08-31 06:16:14,158][train_tran.train_nn_models] [Training] Epoch=19, loss=1220.6947, nll=1220.6947, l2_reg=0.0000, acc=0.1876
[ 2022-08-31 06:16:14,159][train_tran.train_nn_models] [Validation] Epoch=19, nll=1224.3346, acc=0.1873
[ 2022-08-31 06:16:15,308][train_tran.train_nn_models] [Training] Epoch=20, loss=1220.4479, nll=1220.4479, l2_reg=0.0000, acc=0.1879
[ 2022-08-31 06:16:15,308][train_tran.train_nn_models] [Validation] Epoch=20, nll=1224.1198, acc=0.1869
[ 2022-08-31 06:16:16,499][train_tran.train_nn_models] [Training] Epoch=21, loss=1220.2112, nll=1220.2112, l2_reg=0.0000, acc=0.1880
[ 2022-08-31 06:16:16,500][train_tran.train_nn_models] [Validation] Epoch=21, nll=1223.9110, acc=0.1874
[ 2022-08-31 06:16:17,708][train_tran.train_nn_models] [Training] Epoch=22, loss=1219.9822, nll=1219.9822, l2_reg=0.0000, acc=0.1879
[ 2022-08-31 06:16:17,708][train_tran.train_nn_models] [Validation] Epoch=22, nll=1223.7083, acc=0.1877
[ 2022-08-31 06:16:18,894][train_tran.train_nn_models] [Training] Epoch=23, loss=1219.7610, nll=1219.7610, l2_reg=0.0000, acc=0.1881
[ 2022-08-31 06:16:18,894][train_tran.train_nn_models] [Validation] Epoch=23, nll=1223.5133, acc=0.1879
[ 2022-08-31 06:16:20,007][train_tran.train_nn_models] [Training] Epoch=24, loss=1219.5491, nll=1219.5491, l2_reg=0.0000, acc=0.1884
[ 2022-08-31 06:16:20,007][train_tran.train_nn_models] [Validation] Epoch=24, nll=1223.3292, acc=0.1885
[ 2022-08-31 06:16:21,099][train_tran.train_nn_models] [Training] Epoch=25, loss=1219.3495, nll=1219.3495, l2_reg=0.0000, acc=0.1885
[ 2022-08-31 06:16:21,099][train_tran.train_nn_models] [Validation] Epoch=25, nll=1223.1593, acc=0.1885
[ 2022-08-31 06:16:22,334][train_tran.train_nn_models] [Training] Epoch=26, loss=1219.1661, nll=1219.1661, l2_reg=0.0000, acc=0.1884
[ 2022-08-31 06:16:22,334][train_tran.train_nn_models] [Validation] Epoch=26, nll=1223.0070, acc=0.1890
[ 2022-08-31 06:16:23,465][train_tran.train_nn_models] [Training] Epoch=27, loss=1219.0017, nll=1219.0017, l2_reg=0.0000, acc=0.1887
[ 2022-08-31 06:16:23,465][train_tran.train_nn_models] [Validation] Epoch=27, nll=1222.8733, acc=0.1887
[ 2022-08-31 06:16:24,594][train_tran.train_nn_models] [Training] Epoch=28, loss=1218.8575, nll=1218.8575, l2_reg=0.0000, acc=0.1888
[ 2022-08-31 06:16:24,594][train_tran.train_nn_models] [Validation] Epoch=28, nll=1222.7568, acc=0.1887
[ 2022-08-31 06:16:25,732][train_tran.train_nn_models] [Training] Epoch=29, loss=1218.7314, nll=1218.7314, l2_reg=0.0000, acc=0.1889
[ 2022-08-31 06:16:25,732][train_tran.train_nn_models] [Validation] Epoch=29, nll=1222.6550, acc=0.1887
[ 2022-08-31 06:16:26,902][train_tran.train_nn_models] [Training] Epoch=30, loss=1218.6213, nll=1218.6213, l2_reg=0.0000, acc=0.1888
[ 2022-08-31 06:16:26,903][train_tran.train_nn_models] [Validation] Epoch=30, nll=1222.5647, acc=0.1891
[ 2022-08-31 06:16:28,107][train_tran.train_nn_models] [Training] Epoch=31, loss=1218.5249, nll=1218.5249, l2_reg=0.0000, acc=0.1889
[ 2022-08-31 06:16:28,108][train_tran.train_nn_models] [Validation] Epoch=31, nll=1222.4847, acc=0.1890
[ 2022-08-31 06:16:29,236][train_tran.train_nn_models] [Training] Epoch=32, loss=1218.4406, nll=1218.4406, l2_reg=0.0000, acc=0.1887
[ 2022-08-31 06:16:29,236][train_tran.train_nn_models] [Validation] Epoch=32, nll=1222.4148, acc=0.1890
[ 2022-08-31 06:16:30,353][train_tran.train_nn_models] [Training] Epoch=33, loss=1218.3666, nll=1218.3666, l2_reg=0.0000, acc=0.1885
[ 2022-08-31 06:16:30,353][train_tran.train_nn_models] [Validation] Epoch=33, nll=1222.3523, acc=0.1891
[ 2022-08-31 06:16:31,535][train_tran.train_nn_models] [Training] Epoch=34, loss=1218.3000, nll=1218.3000, l2_reg=0.0000, acc=0.1884
[ 2022-08-31 06:16:31,535][train_tran.train_nn_models] [Validation] Epoch=34, nll=1222.2946, acc=0.1894
[ 2022-08-31 06:16:32,680][train_tran.train_nn_models] [Training] Epoch=35, loss=1218.2385, nll=1218.2385, l2_reg=0.0000, acc=0.1881
[ 2022-08-31 06:16:32,681][train_tran.train_nn_models] [Validation] Epoch=35, nll=1222.2399, acc=0.1894
[ 2022-08-31 06:16:33,818][train_tran.train_nn_models] [Training] Epoch=36, loss=1218.1810, nll=1218.1810, l2_reg=0.0000, acc=0.1885
[ 2022-08-31 06:16:33,818][train_tran.train_nn_models] [Validation] Epoch=36, nll=1222.1874, acc=0.1891
[ 2022-08-31 06:16:34,974][train_tran.train_nn_models] [Training] Epoch=37, loss=1218.1257, nll=1218.1257, l2_reg=0.0000, acc=0.1885
[ 2022-08-31 06:16:34,974][train_tran.train_nn_models] [Validation] Epoch=37, nll=1222.1367, acc=0.1892
[ 2022-08-31 06:16:36,216][train_tran.train_nn_models] [Training] Epoch=38, loss=1218.0731, nll=1218.0731, l2_reg=0.0000, acc=0.1886
[ 2022-08-31 06:16:36,216][train_tran.train_nn_models] [Validation] Epoch=38, nll=1222.0878, acc=0.1892
[ 2022-08-31 06:16:37,472][train_tran.train_nn_models] [Training] Epoch=39, loss=1218.0219, nll=1218.0219, l2_reg=0.0000, acc=0.1885
[ 2022-08-31 06:16:37,472][train_tran.train_nn_models] [Validation] Epoch=39, nll=1222.0399, acc=0.1893
[ 2022-08-31 06:16:38,636][train_tran.train_nn_models] [Training] Epoch=40, loss=1217.9724, nll=1217.9724, l2_reg=0.0000, acc=0.1885
[ 2022-08-31 06:16:38,636][train_tran.train_nn_models] [Validation] Epoch=40, nll=1221.9934, acc=0.1888
[ 2022-08-31 06:16:39,757][train_tran.train_nn_models] [Training] Epoch=41, loss=1217.9240, nll=1217.9240, l2_reg=0.0000, acc=0.1885
[ 2022-08-31 06:16:39,757][train_tran.train_nn_models] [Validation] Epoch=41, nll=1221.9478, acc=0.1897
[ 2022-08-31 06:16:40,865][train_tran.train_nn_models] [Training] Epoch=42, loss=1217.8765, nll=1217.8765, l2_reg=0.0000, acc=0.1886
[ 2022-08-31 06:16:40,866][train_tran.train_nn_models] [Validation] Epoch=42, nll=1221.9027, acc=0.1893
[ 2022-08-31 06:16:41,982][train_tran.train_nn_models] [Training] Epoch=43, loss=1217.8296, nll=1217.8296, l2_reg=0.0000, acc=0.1887
[ 2022-08-31 06:16:41,982][train_tran.train_nn_models] [Validation] Epoch=43, nll=1221.8585, acc=0.1892
[ 2022-08-31 06:16:43,102][train_tran.train_nn_models] [Training] Epoch=44, loss=1217.7834, nll=1217.7834, l2_reg=0.0000, acc=0.1888
[ 2022-08-31 06:16:43,102][train_tran.train_nn_models] [Validation] Epoch=44, nll=1221.8147, acc=0.1891
[ 2022-08-31 06:16:44,245][train_tran.train_nn_models] [Training] Epoch=45, loss=1217.7379, nll=1217.7379, l2_reg=0.0000, acc=0.1889
[ 2022-08-31 06:16:44,245][train_tran.train_nn_models] [Validation] Epoch=45, nll=1221.7711, acc=0.1889
[ 2022-08-31 06:16:45,386][train_tran.train_nn_models] [Training] Epoch=46, loss=1217.6926, nll=1217.6926, l2_reg=0.0000, acc=0.1890
[ 2022-08-31 06:16:45,387][train_tran.train_nn_models] [Validation] Epoch=46, nll=1221.7280, acc=0.1890
[ 2022-08-31 06:16:46,536][train_tran.train_nn_models] [Training] Epoch=47, loss=1217.6475, nll=1217.6475, l2_reg=0.0000, acc=0.1890
[ 2022-08-31 06:16:46,536][train_tran.train_nn_models] [Validation] Epoch=47, nll=1221.6852, acc=0.1891
[ 2022-08-31 06:16:47,702][train_tran.train_nn_models] [Training] Epoch=48, loss=1217.6024, nll=1217.6024, l2_reg=0.0000, acc=0.1891
[ 2022-08-31 06:16:47,703][train_tran.train_nn_models] [Validation] Epoch=48, nll=1221.6423, acc=0.1890
[ 2022-08-31 06:16:48,864][train_tran.train_nn_models] [Training] Epoch=49, loss=1217.5576, nll=1217.5576, l2_reg=0.0000, acc=0.1893
[ 2022-08-31 06:16:48,864][train_tran.train_nn_models] [Validation] Epoch=49, nll=1221.5999, acc=0.1893
[ 2022-08-31 06:16:50,022][train_tran.train_nn_models] [Training] Epoch=50, loss=1217.5127, nll=1217.5127, l2_reg=0.0000, acc=0.1893
[ 2022-08-31 06:16:50,022][train_tran.train_nn_models] [Validation] Epoch=50, nll=1221.5574, acc=0.1892
[ 2022-08-31 06:16:51,183][train_tran.train_nn_models] [Training] Epoch=51, loss=1217.4679, nll=1217.4679, l2_reg=0.0000, acc=0.1895
[ 2022-08-31 06:16:51,184][train_tran.train_nn_models] [Validation] Epoch=51, nll=1221.5149, acc=0.1894
[ 2022-08-31 06:16:52,312][train_tran.train_nn_models] [Training] Epoch=52, loss=1217.4229, nll=1217.4229, l2_reg=0.0000, acc=0.1897
[ 2022-08-31 06:16:52,312][train_tran.train_nn_models] [Validation] Epoch=52, nll=1221.4722, acc=0.1887
[ 2022-08-31 06:16:53,418][train_tran.train_nn_models] [Training] Epoch=53, loss=1217.3777, nll=1217.3777, l2_reg=0.0000, acc=0.1899
[ 2022-08-31 06:16:53,418][train_tran.train_nn_models] [Validation] Epoch=53, nll=1221.4297, acc=0.1879
[ 2022-08-31 06:16:54,573][train_tran.train_nn_models] [Training] Epoch=54, loss=1217.3322, nll=1217.3322, l2_reg=0.0000, acc=0.1897
[ 2022-08-31 06:16:54,573][train_tran.train_nn_models] [Validation] Epoch=54, nll=1221.3867, acc=0.1869
[ 2022-08-31 06:16:55,758][train_tran.train_nn_models] [Training] Epoch=55, loss=1217.2865, nll=1217.2865, l2_reg=0.0000, acc=0.1897
[ 2022-08-31 06:16:55,758][train_tran.train_nn_models] [Validation] Epoch=55, nll=1221.3436, acc=0.1864
[ 2022-08-31 06:16:56,916][train_tran.train_nn_models] [Training] Epoch=56, loss=1217.2405, nll=1217.2405, l2_reg=0.0000, acc=0.1897
[ 2022-08-31 06:16:56,917][train_tran.train_nn_models] [Validation] Epoch=56, nll=1221.3003, acc=0.1859
[ 2022-08-31 06:16:58,050][train_tran.train_nn_models] [Training] Epoch=57, loss=1217.1942, nll=1217.1942, l2_reg=0.0000, acc=0.1899
[ 2022-08-31 06:16:58,051][train_tran.train_nn_models] [Validation] Epoch=57, nll=1221.2568, acc=0.1856
[ 2022-08-31 06:16:59,167][train_tran.train_nn_models] [Training] Epoch=58, loss=1217.1476, nll=1217.1476, l2_reg=0.0000, acc=0.1898
[ 2022-08-31 06:16:59,168][train_tran.train_nn_models] [Validation] Epoch=58, nll=1221.2131, acc=0.1855
[ 2022-08-31 06:17:00,311][train_tran.train_nn_models] [Training] Epoch=59, loss=1217.1003, nll=1217.1003, l2_reg=0.0000, acc=0.1897
[ 2022-08-31 06:17:00,312][train_tran.train_nn_models] [Validation] Epoch=59, nll=1221.1689, acc=0.1856
[ 2022-08-31 06:17:01,474][train_tran.train_nn_models] [Training] Epoch=60, loss=1217.0532, nll=1217.0532, l2_reg=0.0000, acc=0.1895
[ 2022-08-31 06:17:01,475][train_tran.train_nn_models] [Validation] Epoch=60, nll=1221.1249, acc=0.1859
[ 2022-08-31 06:17:02,593][train_tran.train_nn_models] [Training] Epoch=61, loss=1217.0054, nll=1217.0054, l2_reg=0.0000, acc=0.1898
[ 2022-08-31 06:17:02,594][train_tran.train_nn_models] [Validation] Epoch=61, nll=1221.0804, acc=0.1861
[ 2022-08-31 06:17:03,730][train_tran.train_nn_models] [Training] Epoch=62, loss=1216.9575, nll=1216.9575, l2_reg=0.0000, acc=0.1897
[ 2022-08-31 06:17:03,730][train_tran.train_nn_models] [Validation] Epoch=62, nll=1221.0360, acc=0.1863
[ 2022-08-31 06:17:04,939][train_tran.train_nn_models] [Training] Epoch=63, loss=1216.9093, nll=1216.9093, l2_reg=0.0000, acc=0.1898
[ 2022-08-31 06:17:04,939][train_tran.train_nn_models] [Validation] Epoch=63, nll=1220.9913, acc=0.1864
[ 2022-08-31 06:17:06,104][train_tran.train_nn_models] [Training] Epoch=64, loss=1216.8610, nll=1216.8610, l2_reg=0.0000, acc=0.1902
[ 2022-08-31 06:17:06,105][train_tran.train_nn_models] [Validation] Epoch=64, nll=1220.9468, acc=0.1860
[ 2022-08-31 06:17:07,264][train_tran.train_nn_models] [Training] Epoch=65, loss=1216.8125, nll=1216.8125, l2_reg=0.0000, acc=0.1901
[ 2022-08-31 06:17:07,265][train_tran.train_nn_models] [Validation] Epoch=65, nll=1220.9023, acc=0.1866
[ 2022-08-31 06:17:08,417][train_tran.train_nn_models] [Training] Epoch=66, loss=1216.7642, nll=1216.7642, l2_reg=0.0000, acc=0.1902
[ 2022-08-31 06:17:08,417][train_tran.train_nn_models] [Validation] Epoch=66, nll=1220.8577, acc=0.1863
[ 2022-08-31 06:17:09,535][train_tran.train_nn_models] [Training] Epoch=67, loss=1216.7158, nll=1216.7158, l2_reg=0.0000, acc=0.1901
[ 2022-08-31 06:17:09,536][train_tran.train_nn_models] [Validation] Epoch=67, nll=1220.8135, acc=0.1866
[ 2022-08-31 06:17:10,703][train_tran.train_nn_models] [Training] Epoch=68, loss=1216.6677, nll=1216.6677, l2_reg=0.0000, acc=0.1899
[ 2022-08-31 06:17:10,703][train_tran.train_nn_models] [Validation] Epoch=68, nll=1220.7693, acc=0.1870
[ 2022-08-31 06:17:11,876][train_tran.train_nn_models] [Training] Epoch=69, loss=1216.6199, nll=1216.6199, l2_reg=0.0000, acc=0.1900
[ 2022-08-31 06:17:11,877][train_tran.train_nn_models] [Validation] Epoch=69, nll=1220.7256, acc=0.1872
[ 2022-08-31 06:17:13,007][train_tran.train_nn_models] [Training] Epoch=70, loss=1216.5724, nll=1216.5724, l2_reg=0.0000, acc=0.1900
[ 2022-08-31 06:17:13,007][train_tran.train_nn_models] [Validation] Epoch=70, nll=1220.6826, acc=0.1868
[ 2022-08-31 06:17:14,125][train_tran.train_nn_models] [Training] Epoch=71, loss=1216.5253, nll=1216.5253, l2_reg=0.0000, acc=0.1901
[ 2022-08-31 06:17:14,126][train_tran.train_nn_models] [Validation] Epoch=71, nll=1220.6395, acc=0.1864
[ 2022-08-31 06:17:15,251][train_tran.train_nn_models] [Training] Epoch=72, loss=1216.4788, nll=1216.4788, l2_reg=0.0000, acc=0.1902
[ 2022-08-31 06:17:15,252][train_tran.train_nn_models] [Validation] Epoch=72, nll=1220.5974, acc=0.1864
[ 2022-08-31 06:17:16,430][train_tran.train_nn_models] [Training] Epoch=73, loss=1216.4327, nll=1216.4327, l2_reg=0.0000, acc=0.1901
[ 2022-08-31 06:17:16,430][train_tran.train_nn_models] [Validation] Epoch=73, nll=1220.5553, acc=0.1866
[ 2022-08-31 06:17:17,621][train_tran.train_nn_models] [Training] Epoch=74, loss=1216.3873, nll=1216.3873, l2_reg=0.0000, acc=0.1901
[ 2022-08-31 06:17:17,621][train_tran.train_nn_models] [Validation] Epoch=74, nll=1220.5139, acc=0.1865
[ 2022-08-31 06:17:18,765][train_tran.train_nn_models] [Training] Epoch=75, loss=1216.3424, nll=1216.3424, l2_reg=0.0000, acc=0.1901
[ 2022-08-31 06:17:18,765][train_tran.train_nn_models] [Validation] Epoch=75, nll=1220.4725, acc=0.1866
[ 2022-08-31 06:17:19,899][train_tran.train_nn_models] [Training] Epoch=76, loss=1216.2979, nll=1216.2979, l2_reg=0.0000, acc=0.1903
[ 2022-08-31 06:17:19,899][train_tran.train_nn_models] [Validation] Epoch=76, nll=1220.4315, acc=0.1868
[ 2022-08-31 06:17:21,039][train_tran.train_nn_models] [Training] Epoch=77, loss=1216.2537, nll=1216.2537, l2_reg=0.0000, acc=0.1904
[ 2022-08-31 06:17:21,040][train_tran.train_nn_models] [Validation] Epoch=77, nll=1220.3901, acc=0.1869
[ 2022-08-31 06:17:22,228][train_tran.train_nn_models] [Training] Epoch=78, loss=1216.2097, nll=1216.2097, l2_reg=0.0000, acc=0.1905
[ 2022-08-31 06:17:22,228][train_tran.train_nn_models] [Validation] Epoch=78, nll=1220.3492, acc=0.1868
[ 2022-08-31 06:17:23,387][train_tran.train_nn_models] [Training] Epoch=79, loss=1216.1656, nll=1216.1656, l2_reg=0.0000, acc=0.1903
[ 2022-08-31 06:17:23,387][train_tran.train_nn_models] [Validation] Epoch=79, nll=1220.3081, acc=0.1871
[ 2022-08-31 06:17:24,574][train_tran.train_nn_models] [Training] Epoch=80, loss=1216.1216, nll=1216.1216, l2_reg=0.0000, acc=0.1905
[ 2022-08-31 06:17:24,575][train_tran.train_nn_models] [Validation] Epoch=80, nll=1220.2665, acc=0.1875
[ 2022-08-31 06:17:25,691][train_tran.train_nn_models] [Training] Epoch=81, loss=1216.0768, nll=1216.0768, l2_reg=0.0000, acc=0.1904
[ 2022-08-31 06:17:25,692][train_tran.train_nn_models] [Validation] Epoch=81, nll=1220.2249, acc=0.1877
[ 2022-08-31 06:17:26,850][train_tran.train_nn_models] [Training] Epoch=82, loss=1216.0317, nll=1216.0317, l2_reg=0.0000, acc=0.1906
[ 2022-08-31 06:17:26,851][train_tran.train_nn_models] [Validation] Epoch=82, nll=1220.1829, acc=0.1878
[ 2022-08-31 06:17:28,013][train_tran.train_nn_models] [Training] Epoch=83, loss=1215.9860, nll=1215.9860, l2_reg=0.0000, acc=0.1905
[ 2022-08-31 06:17:28,013][train_tran.train_nn_models] [Validation] Epoch=83, nll=1220.1375, acc=0.1881
[ 2022-08-31 06:17:29,241][train_tran.train_nn_models] [Training] Epoch=84, loss=1215.9342, nll=1215.9342, l2_reg=0.0000, acc=0.1905
[ 2022-08-31 06:17:29,242][train_tran.train_nn_models] [Validation] Epoch=84, nll=1220.0767, acc=0.1875
[ 2022-08-31 06:17:30,406][train_tran.train_nn_models] [Training] Epoch=85, loss=1215.8795, nll=1215.8795, l2_reg=0.0000, acc=0.1904
[ 2022-08-31 06:17:30,406][train_tran.train_nn_models] [Validation] Epoch=85, nll=1220.0238, acc=0.1882
[ 2022-08-31 06:17:31,620][train_tran.train_nn_models] [Training] Epoch=86, loss=1215.8322, nll=1215.8322, l2_reg=0.0000, acc=0.1904
[ 2022-08-31 06:17:31,620][train_tran.train_nn_models] [Validation] Epoch=86, nll=1219.9792, acc=0.1886
[ 2022-08-31 06:17:32,889][train_tran.train_nn_models] [Training] Epoch=87, loss=1215.7839, nll=1215.7839, l2_reg=0.0000, acc=0.1904
[ 2022-08-31 06:17:32,890][train_tran.train_nn_models] [Validation] Epoch=87, nll=1219.9336, acc=0.1892
[ 2022-08-31 06:17:34,106][train_tran.train_nn_models] [Training] Epoch=88, loss=1215.7354, nll=1215.7354, l2_reg=0.0000, acc=0.1904
[ 2022-08-31 06:17:34,106][train_tran.train_nn_models] [Validation] Epoch=88, nll=1219.8875, acc=0.1891
[ 2022-08-31 06:17:35,234][train_tran.train_nn_models] [Training] Epoch=89, loss=1215.6858, nll=1215.6858, l2_reg=0.0000, acc=0.1903
[ 2022-08-31 06:17:35,234][train_tran.train_nn_models] [Validation] Epoch=89, nll=1219.8390, acc=0.1891
[ 2022-08-31 06:17:36,310][train_tran.train_nn_models] [Training] Epoch=90, loss=1215.6355, nll=1215.6355, l2_reg=0.0000, acc=0.1904
[ 2022-08-31 06:17:36,311][train_tran.train_nn_models] [Validation] Epoch=90, nll=1219.7909, acc=0.1890
[ 2022-08-31 06:17:37,480][train_tran.train_nn_models] [Training] Epoch=91, loss=1215.5840, nll=1215.5840, l2_reg=0.0000, acc=0.1905
[ 2022-08-31 06:17:37,480][train_tran.train_nn_models] [Validation] Epoch=91, nll=1219.7415, acc=0.1895
[ 2022-08-31 06:17:38,600][train_tran.train_nn_models] [Training] Epoch=92, loss=1215.5314, nll=1215.5314, l2_reg=0.0000, acc=0.1904
[ 2022-08-31 06:17:38,601][train_tran.train_nn_models] [Validation] Epoch=92, nll=1219.6910, acc=0.1899
[ 2022-08-31 06:17:39,791][train_tran.train_nn_models] [Training] Epoch=93, loss=1215.4779, nll=1215.4779, l2_reg=0.0000, acc=0.1905
[ 2022-08-31 06:17:39,791][train_tran.train_nn_models] [Validation] Epoch=93, nll=1219.6393, acc=0.1899
[ 2022-08-31 06:17:40,903][train_tran.train_nn_models] [Training] Epoch=94, loss=1215.4231, nll=1215.4231, l2_reg=0.0000, acc=0.1907
[ 2022-08-31 06:17:40,903][train_tran.train_nn_models] [Validation] Epoch=94, nll=1219.5864, acc=0.1905
[ 2022-08-31 06:17:42,032][train_tran.train_nn_models] [Training] Epoch=95, loss=1215.3671, nll=1215.3671, l2_reg=0.0000, acc=0.1908
[ 2022-08-31 06:17:42,033][train_tran.train_nn_models] [Validation] Epoch=95, nll=1219.5321, acc=0.1906
[ 2022-08-31 06:17:43,178][train_tran.train_nn_models] [Training] Epoch=96, loss=1215.3098, nll=1215.3098, l2_reg=0.0000, acc=0.1908
[ 2022-08-31 06:17:43,179][train_tran.train_nn_models] [Validation] Epoch=96, nll=1219.4767, acc=0.1904
[ 2022-08-31 06:17:44,324][train_tran.train_nn_models] [Training] Epoch=97, loss=1215.2513, nll=1215.2513, l2_reg=0.0000, acc=0.1908
[ 2022-08-31 06:17:44,325][train_tran.train_nn_models] [Validation] Epoch=97, nll=1219.4203, acc=0.1894
[ 2022-08-31 06:17:45,482][train_tran.train_nn_models] [Training] Epoch=98, loss=1215.1915, nll=1215.1915, l2_reg=0.0000, acc=0.1908
[ 2022-08-31 06:17:45,483][train_tran.train_nn_models] [Validation] Epoch=98, nll=1219.3627, acc=0.1897
[ 2022-08-31 06:17:46,639][train_tran.train_nn_models] [Training] Epoch=99, loss=1215.1305, nll=1215.1305, l2_reg=0.0000, acc=0.1908
[ 2022-08-31 06:17:46,639][train_tran.train_nn_models] [Validation] Epoch=99, nll=1219.3037, acc=0.1895
[ 2022-08-31 06:17:47,845][train_tran.train_nn_models] [Training] Epoch=100, loss=1215.0681, nll=1215.0681, l2_reg=0.0000, acc=0.1908
[ 2022-08-31 06:17:47,845][train_tran.train_nn_models] [Validation] Epoch=100, nll=1219.2433, acc=0.1885
[ 2022-08-31 06:17:49,022][train_tran.train_nn_models] [Training] Epoch=101, loss=1215.0043, nll=1215.0043, l2_reg=0.0000, acc=0.1910
[ 2022-08-31 06:17:49,022][train_tran.train_nn_models] [Validation] Epoch=101, nll=1219.1818, acc=0.1887
[ 2022-08-31 06:17:50,150][train_tran.train_nn_models] [Training] Epoch=102, loss=1214.9395, nll=1214.9395, l2_reg=0.0000, acc=0.1909
[ 2022-08-31 06:17:50,150][train_tran.train_nn_models] [Validation] Epoch=102, nll=1219.1190, acc=0.1884
[ 2022-08-31 06:17:51,298][train_tran.train_nn_models] [Training] Epoch=103, loss=1214.8729, nll=1214.8729, l2_reg=0.0000, acc=0.1909
[ 2022-08-31 06:17:51,299][train_tran.train_nn_models] [Validation] Epoch=103, nll=1219.0548, acc=0.1887
[ 2022-08-31 06:17:52,439][train_tran.train_nn_models] [Training] Epoch=104, loss=1214.8054, nll=1214.8054, l2_reg=0.0000, acc=0.1911
[ 2022-08-31 06:17:52,440][train_tran.train_nn_models] [Validation] Epoch=104, nll=1218.9889, acc=0.1889
[ 2022-08-31 06:17:53,574][train_tran.train_nn_models] [Training] Epoch=105, loss=1214.7366, nll=1214.7366, l2_reg=0.0000, acc=0.1911
[ 2022-08-31 06:17:53,574][train_tran.train_nn_models] [Validation] Epoch=105, nll=1218.9220, acc=0.1890
[ 2022-08-31 06:17:54,732][train_tran.train_nn_models] [Training] Epoch=106, loss=1214.6665, nll=1214.6665, l2_reg=0.0000, acc=0.1913
[ 2022-08-31 06:17:54,733][train_tran.train_nn_models] [Validation] Epoch=106, nll=1218.8539, acc=0.1896
[ 2022-08-31 06:17:55,861][train_tran.train_nn_models] [Training] Epoch=107, loss=1214.5955, nll=1214.5955, l2_reg=0.0000, acc=0.1917
[ 2022-08-31 06:17:55,862][train_tran.train_nn_models] [Validation] Epoch=107, nll=1218.7848, acc=0.1901
[ 2022-08-31 06:17:56,974][train_tran.train_nn_models] [Training] Epoch=108, loss=1214.5234, nll=1214.5234, l2_reg=0.0000, acc=0.1918
[ 2022-08-31 06:17:56,974][train_tran.train_nn_models] [Validation] Epoch=108, nll=1218.7145, acc=0.1902
[ 2022-08-31 06:17:58,114][train_tran.train_nn_models] [Training] Epoch=109, loss=1214.4503, nll=1214.4503, l2_reg=0.0000, acc=0.1916
[ 2022-08-31 06:17:58,115][train_tran.train_nn_models] [Validation] Epoch=109, nll=1218.6436, acc=0.1903
[ 2022-08-31 06:17:59,256][train_tran.train_nn_models] [Training] Epoch=110, loss=1214.3767, nll=1214.3767, l2_reg=0.0000, acc=0.1917
[ 2022-08-31 06:17:59,256][train_tran.train_nn_models] [Validation] Epoch=110, nll=1218.5718, acc=0.1909
[ 2022-08-31 06:18:00,396][train_tran.train_nn_models] [Training] Epoch=111, loss=1214.3022, nll=1214.3022, l2_reg=0.0000, acc=0.1918
[ 2022-08-31 06:18:00,396][train_tran.train_nn_models] [Validation] Epoch=111, nll=1218.4991, acc=0.1914
[ 2022-08-31 06:18:01,512][train_tran.train_nn_models] [Training] Epoch=112, loss=1214.2269, nll=1214.2269, l2_reg=0.0000, acc=0.1917
[ 2022-08-31 06:18:01,512][train_tran.train_nn_models] [Validation] Epoch=112, nll=1218.4258, acc=0.1914
[ 2022-08-31 06:18:02,599][train_tran.train_nn_models] [Training] Epoch=113, loss=1214.1511, nll=1214.1511, l2_reg=0.0000, acc=0.1917
[ 2022-08-31 06:18:02,599][train_tran.train_nn_models] [Validation] Epoch=113, nll=1218.3518, acc=0.1914
[ 2022-08-31 06:18:03,719][train_tran.train_nn_models] [Training] Epoch=114, loss=1214.0750, nll=1214.0750, l2_reg=0.0000, acc=0.1918
[ 2022-08-31 06:18:03,719][train_tran.train_nn_models] [Validation] Epoch=114, nll=1218.2776, acc=0.1915
[ 2022-08-31 06:18:04,906][train_tran.train_nn_models] [Training] Epoch=115, loss=1213.9979, nll=1213.9979, l2_reg=0.0000, acc=0.1917
[ 2022-08-31 06:18:04,907][train_tran.train_nn_models] [Validation] Epoch=115, nll=1218.2023, acc=0.1914
[ 2022-08-31 06:18:06,027][train_tran.train_nn_models] [Training] Epoch=116, loss=1213.9208, nll=1213.9208, l2_reg=0.0000, acc=0.1919
[ 2022-08-31 06:18:06,028][train_tran.train_nn_models] [Validation] Epoch=116, nll=1218.1271, acc=0.1914
[ 2022-08-31 06:18:07,171][train_tran.train_nn_models] [Training] Epoch=117, loss=1213.8434, nll=1213.8434, l2_reg=0.0000, acc=0.1921
[ 2022-08-31 06:18:07,171][train_tran.train_nn_models] [Validation] Epoch=117, nll=1218.0513, acc=0.1915
[ 2022-08-31 06:18:08,290][train_tran.train_nn_models] [Training] Epoch=118, loss=1213.7660, nll=1213.7660, l2_reg=0.0000, acc=0.1923
[ 2022-08-31 06:18:08,291][train_tran.train_nn_models] [Validation] Epoch=118, nll=1217.9751, acc=0.1920
[ 2022-08-31 06:18:09,409][train_tran.train_nn_models] [Training] Epoch=119, loss=1213.6882, nll=1213.6882, l2_reg=0.0000, acc=0.1921
[ 2022-08-31 06:18:09,409][train_tran.train_nn_models] [Validation] Epoch=119, nll=1217.8986, acc=0.1925
[ 2022-08-31 06:18:10,573][train_tran.train_nn_models] [Training] Epoch=120, loss=1213.6104, nll=1213.6104, l2_reg=0.0000, acc=0.1921
[ 2022-08-31 06:18:10,574][train_tran.train_nn_models] [Validation] Epoch=120, nll=1217.8214, acc=0.1925
[ 2022-08-31 06:18:11,706][train_tran.train_nn_models] [Training] Epoch=121, loss=1213.5325, nll=1213.5325, l2_reg=0.0000, acc=0.1922
[ 2022-08-31 06:18:11,707][train_tran.train_nn_models] [Validation] Epoch=121, nll=1217.7443, acc=0.1924
[ 2022-08-31 06:18:12,855][train_tran.train_nn_models] [Training] Epoch=122, loss=1213.4542, nll=1213.4542, l2_reg=0.0000, acc=0.1922
[ 2022-08-31 06:18:12,856][train_tran.train_nn_models] [Validation] Epoch=122, nll=1217.6664, acc=0.1925
[ 2022-08-31 06:18:13,943][train_tran.train_nn_models] [Training] Epoch=123, loss=1213.3757, nll=1213.3757, l2_reg=0.0000, acc=0.1923
[ 2022-08-31 06:18:13,944][train_tran.train_nn_models] [Validation] Epoch=123, nll=1217.5876, acc=0.1919
[ 2022-08-31 06:18:15,100][train_tran.train_nn_models] [Training] Epoch=124, loss=1213.2972, nll=1213.2972, l2_reg=0.0000, acc=0.1925
[ 2022-08-31 06:18:15,100][train_tran.train_nn_models] [Validation] Epoch=124, nll=1217.5092, acc=0.1925
[ 2022-08-31 06:18:16,259][train_tran.train_nn_models] [Training] Epoch=125, loss=1213.2183, nll=1213.2183, l2_reg=0.0000, acc=0.1924
[ 2022-08-31 06:18:16,260][train_tran.train_nn_models] [Validation] Epoch=125, nll=1217.4293, acc=0.1925
[ 2022-08-31 06:18:17,411][train_tran.train_nn_models] [Training] Epoch=126, loss=1213.1388, nll=1213.1388, l2_reg=0.0000, acc=0.1924
[ 2022-08-31 06:18:17,411][train_tran.train_nn_models] [Validation] Epoch=126, nll=1217.3489, acc=0.1927
[ 2022-08-31 06:18:17,411][train_tran.train_nn_models] Found a better model at epoch 126.
[ 2022-08-31 06:18:18,536][train_tran.train_nn_models] [Training] Epoch=127, loss=1213.0594, nll=1213.0594, l2_reg=0.0000, acc=0.1925
[ 2022-08-31 06:18:18,536][train_tran.train_nn_models] [Validation] Epoch=127, nll=1217.2679, acc=0.1932
[ 2022-08-31 06:18:18,536][train_tran.train_nn_models] Found a better model at epoch 127.
[ 2022-08-31 06:18:19,718][train_tran.train_nn_models] [Training] Epoch=128, loss=1212.9797, nll=1212.9797, l2_reg=0.0000, acc=0.1927
[ 2022-08-31 06:18:19,718][train_tran.train_nn_models] [Validation] Epoch=128, nll=1217.1865, acc=0.1935
[ 2022-08-31 06:18:19,718][train_tran.train_nn_models] Found a better model at epoch 128.
[ 2022-08-31 06:18:20,939][train_tran.train_nn_models] [Training] Epoch=129, loss=1212.8994, nll=1212.8994, l2_reg=0.0000, acc=0.1928
[ 2022-08-31 06:18:20,940][train_tran.train_nn_models] [Validation] Epoch=129, nll=1217.1036, acc=0.1941
[ 2022-08-31 06:18:20,940][train_tran.train_nn_models] Found a better model at epoch 129.
[ 2022-08-31 06:18:22,150][train_tran.train_nn_models] [Training] Epoch=130, loss=1212.8184, nll=1212.8184, l2_reg=0.0000, acc=0.1929
[ 2022-08-31 06:18:22,150][train_tran.train_nn_models] [Validation] Epoch=130, nll=1217.0201, acc=0.1946
[ 2022-08-31 06:18:22,150][train_tran.train_nn_models] Found a better model at epoch 130.
[ 2022-08-31 06:18:23,331][train_tran.train_nn_models] [Training] Epoch=131, loss=1212.7373, nll=1212.7373, l2_reg=0.0000, acc=0.1929
[ 2022-08-31 06:18:23,331][train_tran.train_nn_models] [Validation] Epoch=131, nll=1216.9359, acc=0.1946
[ 2022-08-31 06:18:23,331][train_tran.train_nn_models] Found a better model at epoch 131.
[ 2022-08-31 06:18:24,442][train_tran.train_nn_models] [Training] Epoch=132, loss=1212.6556, nll=1212.6556, l2_reg=0.0000, acc=0.1932
[ 2022-08-31 06:18:24,443][train_tran.train_nn_models] [Validation] Epoch=132, nll=1216.8502, acc=0.1947
[ 2022-08-31 06:18:24,443][train_tran.train_nn_models] Found a better model at epoch 132.
[ 2022-08-31 06:18:25,685][train_tran.train_nn_models] [Training] Epoch=133, loss=1212.5732, nll=1212.5732, l2_reg=0.0000, acc=0.1934
[ 2022-08-31 06:18:25,685][train_tran.train_nn_models] [Validation] Epoch=133, nll=1216.7638, acc=0.1956
[ 2022-08-31 06:18:25,686][train_tran.train_nn_models] Found a better model at epoch 133.
[ 2022-08-31 06:18:26,988][train_tran.train_nn_models] [Training] Epoch=134, loss=1212.4905, nll=1212.4905, l2_reg=0.0000, acc=0.1933
[ 2022-08-31 06:18:26,988][train_tran.train_nn_models] [Validation] Epoch=134, nll=1216.6779, acc=0.1962
[ 2022-08-31 06:18:26,988][train_tran.train_nn_models] Found a better model at epoch 134.
[ 2022-08-31 06:18:28,287][train_tran.train_nn_models] [Training] Epoch=135, loss=1212.4073, nll=1212.4073, l2_reg=0.0000, acc=0.1934
[ 2022-08-31 06:18:28,287][train_tran.train_nn_models] [Validation] Epoch=135, nll=1216.5911, acc=0.1964
[ 2022-08-31 06:18:28,287][train_tran.train_nn_models] Found a better model at epoch 135.
[ 2022-08-31 06:18:29,518][train_tran.train_nn_models] [Training] Epoch=136, loss=1212.3234, nll=1212.3234, l2_reg=0.0000, acc=0.1936
[ 2022-08-31 06:18:29,519][train_tran.train_nn_models] [Validation] Epoch=136, nll=1216.5039, acc=0.1964
[ 2022-08-31 06:18:29,519][train_tran.train_nn_models] Found a better model at epoch 136.
[ 2022-08-31 06:18:30,655][train_tran.train_nn_models] [Training] Epoch=137, loss=1212.2395, nll=1212.2395, l2_reg=0.0000, acc=0.1935
[ 2022-08-31 06:18:30,655][train_tran.train_nn_models] [Validation] Epoch=137, nll=1216.4161, acc=0.1961
[ 2022-08-31 06:18:30,655][train_tran.train_nn_models] Found a better model at epoch 137.
[ 2022-08-31 06:18:31,797][train_tran.train_nn_models] [Training] Epoch=138, loss=1212.1548, nll=1212.1548, l2_reg=0.0000, acc=0.1935
[ 2022-08-31 06:18:31,797][train_tran.train_nn_models] [Validation] Epoch=138, nll=1216.3281, acc=0.1965
[ 2022-08-31 06:18:31,797][train_tran.train_nn_models] Found a better model at epoch 138.
[ 2022-08-31 06:18:32,928][train_tran.train_nn_models] [Training] Epoch=139, loss=1212.0703, nll=1212.0703, l2_reg=0.0000, acc=0.1935
[ 2022-08-31 06:18:32,928][train_tran.train_nn_models] [Validation] Epoch=139, nll=1216.2393, acc=0.1965
[ 2022-08-31 06:18:32,929][train_tran.train_nn_models] Found a better model at epoch 139.
[ 2022-08-31 06:18:34,066][train_tran.train_nn_models] [Training] Epoch=140, loss=1211.9854, nll=1211.9854, l2_reg=0.0000, acc=0.1936
[ 2022-08-31 06:18:34,066][train_tran.train_nn_models] [Validation] Epoch=140, nll=1216.1503, acc=0.1970
[ 2022-08-31 06:18:34,066][train_tran.train_nn_models] Found a better model at epoch 140.
[ 2022-08-31 06:18:35,190][train_tran.train_nn_models] [Training] Epoch=141, loss=1211.8997, nll=1211.8997, l2_reg=0.0000, acc=0.1938
[ 2022-08-31 06:18:35,190][train_tran.train_nn_models] [Validation] Epoch=141, nll=1216.0601, acc=0.1982
[ 2022-08-31 06:18:35,190][train_tran.train_nn_models] Found a better model at epoch 141.
[ 2022-08-31 06:18:36,378][train_tran.train_nn_models] [Training] Epoch=142, loss=1211.8136, nll=1211.8136, l2_reg=0.0000, acc=0.1941
[ 2022-08-31 06:18:36,379][train_tran.train_nn_models] [Validation] Epoch=142, nll=1215.9700, acc=0.1981
[ 2022-08-31 06:18:36,379][train_tran.train_nn_models] Found a better model at epoch 142.
[ 2022-08-31 06:18:37,500][train_tran.train_nn_models] [Training] Epoch=143, loss=1211.7272, nll=1211.7272, l2_reg=0.0000, acc=0.1944
[ 2022-08-31 06:18:37,500][train_tran.train_nn_models] [Validation] Epoch=143, nll=1215.8802, acc=0.1982
[ 2022-08-31 06:18:37,500][train_tran.train_nn_models] Found a better model at epoch 143.
[ 2022-08-31 06:18:38,757][train_tran.train_nn_models] [Training] Epoch=144, loss=1211.6403, nll=1211.6403, l2_reg=0.0000, acc=0.1945
[ 2022-08-31 06:18:38,757][train_tran.train_nn_models] [Validation] Epoch=144, nll=1215.7894, acc=0.1982
[ 2022-08-31 06:18:38,757][train_tran.train_nn_models] Found a better model at epoch 144.
[ 2022-08-31 06:18:39,906][train_tran.train_nn_models] [Training] Epoch=145, loss=1211.5527, nll=1211.5527, l2_reg=0.0000, acc=0.1948
[ 2022-08-31 06:18:39,907][train_tran.train_nn_models] [Validation] Epoch=145, nll=1215.6982, acc=0.1990
[ 2022-08-31 06:18:39,907][train_tran.train_nn_models] Found a better model at epoch 145.
[ 2022-08-31 06:18:41,091][train_tran.train_nn_models] [Training] Epoch=146, loss=1211.4640, nll=1211.4640, l2_reg=0.0000, acc=0.1950
[ 2022-08-31 06:18:41,092][train_tran.train_nn_models] [Validation] Epoch=146, nll=1215.6058, acc=0.1989
[ 2022-08-31 06:18:41,092][train_tran.train_nn_models] Found a better model at epoch 146.
[ 2022-08-31 06:18:42,241][train_tran.train_nn_models] [Training] Epoch=147, loss=1211.3738, nll=1211.3738, l2_reg=0.0000, acc=0.1952
[ 2022-08-31 06:18:42,242][train_tran.train_nn_models] [Validation] Epoch=147, nll=1215.5132, acc=0.1988
[ 2022-08-31 06:18:42,242][train_tran.train_nn_models] Found a better model at epoch 147.
[ 2022-08-31 06:18:43,394][train_tran.train_nn_models] [Training] Epoch=148, loss=1211.2828, nll=1211.2828, l2_reg=0.0000, acc=0.1954
[ 2022-08-31 06:18:43,394][train_tran.train_nn_models] [Validation] Epoch=148, nll=1215.4188, acc=0.1992
[ 2022-08-31 06:18:43,394][train_tran.train_nn_models] Found a better model at epoch 148.
[ 2022-08-31 06:18:44,506][train_tran.train_nn_models] [Training] Epoch=149, loss=1211.1906, nll=1211.1906, l2_reg=0.0000, acc=0.1953
[ 2022-08-31 06:18:44,507][train_tran.train_nn_models] [Validation] Epoch=149, nll=1215.3232, acc=0.1994
[ 2022-08-31 06:18:44,507][train_tran.train_nn_models] Found a better model at epoch 149.
[ 2022-08-31 06:18:45,641][train_tran.train_nn_models] [Training] Epoch=150, loss=1211.0967, nll=1211.0967, l2_reg=0.0000, acc=0.1956
[ 2022-08-31 06:18:45,641][train_tran.train_nn_models] [Validation] Epoch=150, nll=1215.2268, acc=0.1994
[ 2022-08-31 06:18:45,641][train_tran.train_nn_models] Found a better model at epoch 150.
[ 2022-08-31 06:18:46,785][train_tran.train_nn_models] [Training] Epoch=151, loss=1211.0013, nll=1211.0013, l2_reg=0.0000, acc=0.1960
[ 2022-08-31 06:18:46,785][train_tran.train_nn_models] [Validation] Epoch=151, nll=1215.1294, acc=0.1991
[ 2022-08-31 06:18:46,785][train_tran.train_nn_models] Found a better model at epoch 151.
[ 2022-08-31 06:18:47,905][train_tran.train_nn_models] [Training] Epoch=152, loss=1210.9044, nll=1210.9044, l2_reg=0.0000, acc=0.1962
[ 2022-08-31 06:18:47,905][train_tran.train_nn_models] [Validation] Epoch=152, nll=1215.0299, acc=0.1975
[ 2022-08-31 06:18:47,905][train_tran.train_nn_models] Found a better model at epoch 152.
[ 2022-08-31 06:18:49,085][train_tran.train_nn_models] [Training] Epoch=153, loss=1210.8052, nll=1210.8052, l2_reg=0.0000, acc=0.1966
[ 2022-08-31 06:18:49,086][train_tran.train_nn_models] [Validation] Epoch=153, nll=1214.9292, acc=0.1983
[ 2022-08-31 06:18:49,086][train_tran.train_nn_models] Found a better model at epoch 153.
[ 2022-08-31 06:18:50,282][train_tran.train_nn_models] [Training] Epoch=154, loss=1210.7035, nll=1210.7035, l2_reg=0.0000, acc=0.1968
[ 2022-08-31 06:18:50,282][train_tran.train_nn_models] [Validation] Epoch=154, nll=1214.8280, acc=0.1986
[ 2022-08-31 06:18:50,283][train_tran.train_nn_models] Found a better model at epoch 154.
[ 2022-08-31 06:18:51,433][train_tran.train_nn_models] [Training] Epoch=155, loss=1210.6007, nll=1210.6007, l2_reg=0.0000, acc=0.1970
[ 2022-08-31 06:18:51,434][train_tran.train_nn_models] [Validation] Epoch=155, nll=1214.7256, acc=0.1989
[ 2022-08-31 06:18:51,434][train_tran.train_nn_models] Found a better model at epoch 155.
[ 2022-08-31 06:18:52,592][train_tran.train_nn_models] [Training] Epoch=156, loss=1210.4951, nll=1210.4951, l2_reg=0.0000, acc=0.1972
[ 2022-08-31 06:18:52,593][train_tran.train_nn_models] [Validation] Epoch=156, nll=1214.6195, acc=0.1978
[ 2022-08-31 06:18:52,593][train_tran.train_nn_models] Found a better model at epoch 156.
[ 2022-08-31 06:18:53,724][train_tran.train_nn_models] [Training] Epoch=157, loss=1210.3865, nll=1210.3865, l2_reg=0.0000, acc=0.1978
[ 2022-08-31 06:18:53,724][train_tran.train_nn_models] [Validation] Epoch=157, nll=1214.5116, acc=0.1991
[ 2022-08-31 06:18:53,724][train_tran.train_nn_models] Found a better model at epoch 157.
[ 2022-08-31 06:18:54,868][train_tran.train_nn_models] [Training] Epoch=158, loss=1210.2743, nll=1210.2743, l2_reg=0.0000, acc=0.1979
[ 2022-08-31 06:18:54,868][train_tran.train_nn_models] [Validation] Epoch=158, nll=1214.4017, acc=0.1998
[ 2022-08-31 06:18:54,869][train_tran.train_nn_models] Found a better model at epoch 158.
[ 2022-08-31 06:18:56,020][train_tran.train_nn_models] [Training] Epoch=159, loss=1210.1592, nll=1210.1592, l2_reg=0.0000, acc=0.1986
[ 2022-08-31 06:18:56,020][train_tran.train_nn_models] [Validation] Epoch=159, nll=1214.2883, acc=0.2007
[ 2022-08-31 06:18:56,020][train_tran.train_nn_models] Found a better model at epoch 159.
[ 2022-08-31 06:18:57,215][train_tran.train_nn_models] [Training] Epoch=160, loss=1210.0397, nll=1210.0397, l2_reg=0.0000, acc=0.1989
[ 2022-08-31 06:18:57,216][train_tran.train_nn_models] [Validation] Epoch=160, nll=1214.1715, acc=0.2011
[ 2022-08-31 06:18:57,216][train_tran.train_nn_models] Found a better model at epoch 160.
[ 2022-08-31 06:18:58,390][train_tran.train_nn_models] [Training] Epoch=161, loss=1209.9160, nll=1209.9160, l2_reg=0.0000, acc=0.1989
[ 2022-08-31 06:18:58,391][train_tran.train_nn_models] [Validation] Epoch=161, nll=1214.0540, acc=0.2020
[ 2022-08-31 06:18:58,391][train_tran.train_nn_models] Found a better model at epoch 161.
[ 2022-08-31 06:18:59,534][train_tran.train_nn_models] [Training] Epoch=162, loss=1209.7887, nll=1209.7887, l2_reg=0.0000, acc=0.1989
[ 2022-08-31 06:18:59,534][train_tran.train_nn_models] [Validation] Epoch=162, nll=1213.9323, acc=0.2020
[ 2022-08-31 06:18:59,534][train_tran.train_nn_models] Found a better model at epoch 162.
[ 2022-08-31 06:19:00,653][train_tran.train_nn_models] [Training] Epoch=163, loss=1209.6564, nll=1209.6564, l2_reg=0.0000, acc=0.1993
[ 2022-08-31 06:19:00,653][train_tran.train_nn_models] [Validation] Epoch=163, nll=1213.8066, acc=0.2015
[ 2022-08-31 06:19:00,653][train_tran.train_nn_models] Found a better model at epoch 163.
[ 2022-08-31 06:19:01,796][train_tran.train_nn_models] [Training] Epoch=164, loss=1209.5190, nll=1209.5190, l2_reg=0.0000, acc=0.1997
[ 2022-08-31 06:19:01,796][train_tran.train_nn_models] [Validation] Epoch=164, nll=1213.6768, acc=0.2017
[ 2022-08-31 06:19:01,797][train_tran.train_nn_models] Found a better model at epoch 164.
[ 2022-08-31 06:19:02,926][train_tran.train_nn_models] [Training] Epoch=165, loss=1209.3745, nll=1209.3745, l2_reg=0.0000, acc=0.1999
[ 2022-08-31 06:19:02,926][train_tran.train_nn_models] [Validation] Epoch=165, nll=1213.5424, acc=0.2018
[ 2022-08-31 06:19:02,926][train_tran.train_nn_models] Found a better model at epoch 165.
[ 2022-08-31 06:19:04,042][train_tran.train_nn_models] [Training] Epoch=166, loss=1209.2236, nll=1209.2236, l2_reg=0.0000, acc=0.2003
[ 2022-08-31 06:19:04,042][train_tran.train_nn_models] [Validation] Epoch=166, nll=1213.4008, acc=0.2019
[ 2022-08-31 06:19:04,042][train_tran.train_nn_models] Found a better model at epoch 166.
[ 2022-08-31 06:19:05,151][train_tran.train_nn_models] [Training] Epoch=167, loss=1209.0658, nll=1209.0658, l2_reg=0.0000, acc=0.2007
[ 2022-08-31 06:19:05,152][train_tran.train_nn_models] [Validation] Epoch=167, nll=1213.2565, acc=0.2023
[ 2022-08-31 06:19:05,152][train_tran.train_nn_models] Found a better model at epoch 167.
[ 2022-08-31 06:19:06,287][train_tran.train_nn_models] [Training] Epoch=168, loss=1208.9003, nll=1208.9003, l2_reg=0.0000, acc=0.2010
[ 2022-08-31 06:19:06,288][train_tran.train_nn_models] [Validation] Epoch=168, nll=1213.1036, acc=0.2030
[ 2022-08-31 06:19:06,288][train_tran.train_nn_models] Found a better model at epoch 168.
[ 2022-08-31 06:19:07,463][train_tran.train_nn_models] [Training] Epoch=169, loss=1208.7257, nll=1208.7257, l2_reg=0.0000, acc=0.2012
[ 2022-08-31 06:19:07,464][train_tran.train_nn_models] [Validation] Epoch=169, nll=1212.9464, acc=0.2032
[ 2022-08-31 06:19:07,464][train_tran.train_nn_models] Found a better model at epoch 169.
[ 2022-08-31 06:19:08,603][train_tran.train_nn_models] [Training] Epoch=170, loss=1208.5431, nll=1208.5431, l2_reg=0.0000, acc=0.2014
[ 2022-08-31 06:19:08,604][train_tran.train_nn_models] [Validation] Epoch=170, nll=1212.7828, acc=0.2033
[ 2022-08-31 06:19:08,604][train_tran.train_nn_models] Found a better model at epoch 170.
[ 2022-08-31 06:19:09,763][train_tran.train_nn_models] [Training] Epoch=171, loss=1208.3521, nll=1208.3521, l2_reg=0.0000, acc=0.2017
[ 2022-08-31 06:19:09,763][train_tran.train_nn_models] [Validation] Epoch=171, nll=1212.6113, acc=0.2044
[ 2022-08-31 06:19:09,763][train_tran.train_nn_models] Found a better model at epoch 171.
[ 2022-08-31 06:19:10,865][train_tran.train_nn_models] [Training] Epoch=172, loss=1208.1522, nll=1208.1522, l2_reg=0.0000, acc=0.2018
[ 2022-08-31 06:19:10,865][train_tran.train_nn_models] [Validation] Epoch=172, nll=1212.4326, acc=0.2044
[ 2022-08-31 06:19:10,865][train_tran.train_nn_models] Found a better model at epoch 172.
[ 2022-08-31 06:19:12,000][train_tran.train_nn_models] [Training] Epoch=173, loss=1207.9462, nll=1207.9462, l2_reg=0.0000, acc=0.2021
[ 2022-08-31 06:19:12,000][train_tran.train_nn_models] [Validation] Epoch=173, nll=1212.2502, acc=0.2045
[ 2022-08-31 06:19:12,000][train_tran.train_nn_models] Found a better model at epoch 173.
[ 2022-08-31 06:19:13,216][train_tran.train_nn_models] [Training] Epoch=174, loss=1207.7351, nll=1207.7351, l2_reg=0.0000, acc=0.2023
[ 2022-08-31 06:19:13,216][train_tran.train_nn_models] [Validation] Epoch=174, nll=1212.0604, acc=0.2051
[ 2022-08-31 06:19:13,216][train_tran.train_nn_models] Found a better model at epoch 174.
[ 2022-08-31 06:19:14,353][train_tran.train_nn_models] [Training] Epoch=175, loss=1207.5193, nll=1207.5193, l2_reg=0.0000, acc=0.2025
[ 2022-08-31 06:19:14,354][train_tran.train_nn_models] [Validation] Epoch=175, nll=1211.8694, acc=0.2053
[ 2022-08-31 06:19:14,354][train_tran.train_nn_models] Found a better model at epoch 175.
[ 2022-08-31 06:19:15,461][train_tran.train_nn_models] [Training] Epoch=176, loss=1207.3004, nll=1207.3004, l2_reg=0.0000, acc=0.2030
[ 2022-08-31 06:19:15,461][train_tran.train_nn_models] [Validation] Epoch=176, nll=1211.6758, acc=0.2057
[ 2022-08-31 06:19:15,461][train_tran.train_nn_models] Found a better model at epoch 176.
[ 2022-08-31 06:19:16,654][train_tran.train_nn_models] [Training] Epoch=177, loss=1207.0808, nll=1207.0808, l2_reg=0.0000, acc=0.2035
[ 2022-08-31 06:19:16,654][train_tran.train_nn_models] [Validation] Epoch=177, nll=1211.4780, acc=0.2061
[ 2022-08-31 06:19:16,654][train_tran.train_nn_models] Found a better model at epoch 177.
[ 2022-08-31 06:19:17,825][train_tran.train_nn_models] [Training] Epoch=178, loss=1206.8593, nll=1206.8593, l2_reg=0.0000, acc=0.2037
[ 2022-08-31 06:19:17,826][train_tran.train_nn_models] [Validation] Epoch=178, nll=1211.2761, acc=0.2065
[ 2022-08-31 06:19:17,826][train_tran.train_nn_models] Found a better model at epoch 178.
[ 2022-08-31 06:19:18,972][train_tran.train_nn_models] [Training] Epoch=179, loss=1206.6339, nll=1206.6339, l2_reg=0.0000, acc=0.2040
[ 2022-08-31 06:19:18,973][train_tran.train_nn_models] [Validation] Epoch=179, nll=1211.0670, acc=0.2069
[ 2022-08-31 06:19:18,973][train_tran.train_nn_models] Found a better model at epoch 179.
[ 2022-08-31 06:19:20,171][train_tran.train_nn_models] [Training] Epoch=180, loss=1206.4062, nll=1206.4062, l2_reg=0.0000, acc=0.2041
[ 2022-08-31 06:19:20,171][train_tran.train_nn_models] [Validation] Epoch=180, nll=1210.8564, acc=0.2061
[ 2022-08-31 06:19:20,171][train_tran.train_nn_models] Found a better model at epoch 180.
[ 2022-08-31 06:19:21,335][train_tran.train_nn_models] [Training] Epoch=181, loss=1206.1833, nll=1206.1833, l2_reg=0.0000, acc=0.2040
[ 2022-08-31 06:19:21,335][train_tran.train_nn_models] [Validation] Epoch=181, nll=1210.6522, acc=0.2066
[ 2022-08-31 06:19:21,335][train_tran.train_nn_models] Found a better model at epoch 181.
[ 2022-08-31 06:19:22,496][train_tran.train_nn_models] [Training] Epoch=182, loss=1205.9637, nll=1205.9637, l2_reg=0.0000, acc=0.2041
[ 2022-08-31 06:19:22,496][train_tran.train_nn_models] [Validation] Epoch=182, nll=1210.4611, acc=0.2072
[ 2022-08-31 06:19:22,496][train_tran.train_nn_models] Found a better model at epoch 182.
[ 2022-08-31 06:19:23,674][train_tran.train_nn_models] [Training] Epoch=183, loss=1205.7483, nll=1205.7483, l2_reg=0.0000, acc=0.2043
[ 2022-08-31 06:19:23,674][train_tran.train_nn_models] [Validation] Epoch=183, nll=1210.2762, acc=0.2075
[ 2022-08-31 06:19:23,674][train_tran.train_nn_models] Found a better model at epoch 183.
[ 2022-08-31 06:19:24,808][train_tran.train_nn_models] [Training] Epoch=184, loss=1205.5347, nll=1205.5347, l2_reg=0.0000, acc=0.2046
[ 2022-08-31 06:19:24,808][train_tran.train_nn_models] [Validation] Epoch=184, nll=1210.0970, acc=0.2069
[ 2022-08-31 06:19:24,808][train_tran.train_nn_models] Found a better model at epoch 184.
[ 2022-08-31 06:19:25,934][train_tran.train_nn_models] [Training] Epoch=185, loss=1205.3202, nll=1205.3202, l2_reg=0.0000, acc=0.2045
[ 2022-08-31 06:19:25,934][train_tran.train_nn_models] [Validation] Epoch=185, nll=1209.9166, acc=0.2074
[ 2022-08-31 06:19:25,934][train_tran.train_nn_models] Found a better model at epoch 185.
[ 2022-08-31 06:19:27,092][train_tran.train_nn_models] [Training] Epoch=186, loss=1205.1078, nll=1205.1078, l2_reg=0.0000, acc=0.2047
[ 2022-08-31 06:19:27,093][train_tran.train_nn_models] [Validation] Epoch=186, nll=1209.7421, acc=0.2075
[ 2022-08-31 06:19:27,093][train_tran.train_nn_models] Found a better model at epoch 186.
[ 2022-08-31 06:19:28,286][train_tran.train_nn_models] [Training] Epoch=187, loss=1204.8967, nll=1204.8967, l2_reg=0.0000, acc=0.2050
[ 2022-08-31 06:19:28,286][train_tran.train_nn_models] [Validation] Epoch=187, nll=1209.5754, acc=0.2079
[ 2022-08-31 06:19:28,287][train_tran.train_nn_models] Found a better model at epoch 187.
[ 2022-08-31 06:19:29,458][train_tran.train_nn_models] [Training] Epoch=188, loss=1204.6902, nll=1204.6902, l2_reg=0.0000, acc=0.2053
[ 2022-08-31 06:19:29,459][train_tran.train_nn_models] [Validation] Epoch=188, nll=1209.4158, acc=0.2084
[ 2022-08-31 06:19:29,459][train_tran.train_nn_models] Found a better model at epoch 188.
[ 2022-08-31 06:19:30,608][train_tran.train_nn_models] [Training] Epoch=189, loss=1204.4866, nll=1204.4866, l2_reg=0.0000, acc=0.2057
[ 2022-08-31 06:19:30,609][train_tran.train_nn_models] [Validation] Epoch=189, nll=1209.2557, acc=0.2096
[ 2022-08-31 06:19:30,609][train_tran.train_nn_models] Found a better model at epoch 189.
[ 2022-08-31 06:19:31,755][train_tran.train_nn_models] [Training] Epoch=190, loss=1204.2878, nll=1204.2878, l2_reg=0.0000, acc=0.2059
[ 2022-08-31 06:19:31,755][train_tran.train_nn_models] [Validation] Epoch=190, nll=1209.1038, acc=0.2090
[ 2022-08-31 06:19:31,755][train_tran.train_nn_models] Found a better model at epoch 190.
[ 2022-08-31 06:19:32,893][train_tran.train_nn_models] [Training] Epoch=191, loss=1204.0944, nll=1204.0944, l2_reg=0.0000, acc=0.2063
[ 2022-08-31 06:19:32,894][train_tran.train_nn_models] [Validation] Epoch=191, nll=1208.9554, acc=0.2094
[ 2022-08-31 06:19:32,894][train_tran.train_nn_models] Found a better model at epoch 191.
[ 2022-08-31 06:19:34,042][train_tran.train_nn_models] [Training] Epoch=192, loss=1203.9078, nll=1203.9078, l2_reg=0.0000, acc=0.2068
[ 2022-08-31 06:19:34,042][train_tran.train_nn_models] [Validation] Epoch=192, nll=1208.8074, acc=0.2088
[ 2022-08-31 06:19:34,042][train_tran.train_nn_models] Found a better model at epoch 192.
[ 2022-08-31 06:19:35,170][train_tran.train_nn_models] [Training] Epoch=193, loss=1203.7239, nll=1203.7239, l2_reg=0.0000, acc=0.2071
[ 2022-08-31 06:19:35,170][train_tran.train_nn_models] [Validation] Epoch=193, nll=1208.6559, acc=0.2098
[ 2022-08-31 06:19:35,170][train_tran.train_nn_models] Found a better model at epoch 193.
[ 2022-08-31 06:19:36,283][train_tran.train_nn_models] [Training] Epoch=194, loss=1203.5422, nll=1203.5422, l2_reg=0.0000, acc=0.2072
[ 2022-08-31 06:19:36,284][train_tran.train_nn_models] [Validation] Epoch=194, nll=1208.5018, acc=0.2104
[ 2022-08-31 06:19:36,284][train_tran.train_nn_models] Found a better model at epoch 194.
[ 2022-08-31 06:19:37,454][train_tran.train_nn_models] [Training] Epoch=195, loss=1203.3639, nll=1203.3639, l2_reg=0.0000, acc=0.2075
[ 2022-08-31 06:19:37,454][train_tran.train_nn_models] [Validation] Epoch=195, nll=1208.3501, acc=0.2099
[ 2022-08-31 06:19:37,454][train_tran.train_nn_models] Found a better model at epoch 195.
[ 2022-08-31 06:19:38,603][train_tran.train_nn_models] [Training] Epoch=196, loss=1203.1860, nll=1203.1860, l2_reg=0.0000, acc=0.2078
[ 2022-08-31 06:19:38,604][train_tran.train_nn_models] [Validation] Epoch=196, nll=1208.2075, acc=0.2103
[ 2022-08-31 06:19:38,604][train_tran.train_nn_models] Found a better model at epoch 196.
[ 2022-08-31 06:19:39,737][train_tran.train_nn_models] [Training] Epoch=197, loss=1203.0165, nll=1203.0165, l2_reg=0.0000, acc=0.2085
[ 2022-08-31 06:19:39,737][train_tran.train_nn_models] [Validation] Epoch=197, nll=1208.0741, acc=0.2107
[ 2022-08-31 06:19:39,737][train_tran.train_nn_models] Found a better model at epoch 197.
[ 2022-08-31 06:19:40,907][train_tran.train_nn_models] [Training] Epoch=198, loss=1202.8516, nll=1202.8516, l2_reg=0.0000, acc=0.2089
[ 2022-08-31 06:19:40,907][train_tran.train_nn_models] [Validation] Epoch=198, nll=1207.9402, acc=0.2098
[ 2022-08-31 06:19:40,908][train_tran.train_nn_models] Found a better model at epoch 198.
[ 2022-08-31 06:19:42,089][train_tran.train_nn_models] [Training] Epoch=199, loss=1202.6854, nll=1202.6854, l2_reg=0.0000, acc=0.2096
[ 2022-08-31 06:19:42,089][train_tran.train_nn_models] [Validation] Epoch=199, nll=1207.8042, acc=0.2115
[ 2022-08-31 06:19:42,089][train_tran.train_nn_models] Found a better model at epoch 199.
[ 2022-08-31 06:19:43,198][train_tran.train_nn_models] [Training] Epoch=200, loss=1202.5228, nll=1202.5228, l2_reg=0.0000, acc=0.2101
[ 2022-08-31 06:19:43,198][train_tran.train_nn_models] [Validation] Epoch=200, nll=1207.6759, acc=0.2109
[ 2022-08-31 06:19:43,198][train_tran.train_nn_models] Found a better model at epoch 200.
[ 2022-08-31 06:19:44,326][train_tran.train_nn_models] [Training] Epoch=201, loss=1202.3638, nll=1202.3638, l2_reg=0.0000, acc=0.2106
[ 2022-08-31 06:19:44,327][train_tran.train_nn_models] [Validation] Epoch=201, nll=1207.5444, acc=0.2113
[ 2022-08-31 06:19:44,327][train_tran.train_nn_models] Found a better model at epoch 201.
[ 2022-08-31 06:19:45,520][train_tran.train_nn_models] [Training] Epoch=202, loss=1202.2079, nll=1202.2079, l2_reg=0.0000, acc=0.2112
[ 2022-08-31 06:19:45,520][train_tran.train_nn_models] [Validation] Epoch=202, nll=1207.4131, acc=0.2118
[ 2022-08-31 06:19:45,520][train_tran.train_nn_models] Found a better model at epoch 202.
[ 2022-08-31 06:19:46,663][train_tran.train_nn_models] [Training] Epoch=203, loss=1202.0576, nll=1202.0576, l2_reg=0.0000, acc=0.2116
[ 2022-08-31 06:19:46,664][train_tran.train_nn_models] [Validation] Epoch=203, nll=1207.2703, acc=0.2113
[ 2022-08-31 06:19:46,664][train_tran.train_nn_models] Found a better model at epoch 203.
[ 2022-08-31 06:19:47,819][train_tran.train_nn_models] [Training] Epoch=204, loss=1201.9076, nll=1201.9076, l2_reg=0.0000, acc=0.2121
[ 2022-08-31 06:19:47,819][train_tran.train_nn_models] [Validation] Epoch=204, nll=1207.1251, acc=0.2112
[ 2022-08-31 06:19:47,819][train_tran.train_nn_models] Found a better model at epoch 204.
[ 2022-08-31 06:19:48,965][train_tran.train_nn_models] [Training] Epoch=205, loss=1201.7611, nll=1201.7611, l2_reg=0.0000, acc=0.2127
[ 2022-08-31 06:19:48,965][train_tran.train_nn_models] [Validation] Epoch=205, nll=1206.9833, acc=0.2117
[ 2022-08-31 06:19:48,965][train_tran.train_nn_models] Found a better model at epoch 205.
[ 2022-08-31 06:19:50,091][train_tran.train_nn_models] [Training] Epoch=206, loss=1201.6150, nll=1201.6150, l2_reg=0.0000, acc=0.2133
[ 2022-08-31 06:19:50,091][train_tran.train_nn_models] [Validation] Epoch=206, nll=1206.8376, acc=0.2125
[ 2022-08-31 06:19:50,091][train_tran.train_nn_models] Found a better model at epoch 206.
[ 2022-08-31 06:19:51,226][train_tran.train_nn_models] [Training] Epoch=207, loss=1201.4708, nll=1201.4708, l2_reg=0.0000, acc=0.2138
[ 2022-08-31 06:19:51,226][train_tran.train_nn_models] [Validation] Epoch=207, nll=1206.6890, acc=0.2122
[ 2022-08-31 06:19:51,226][train_tran.train_nn_models] Found a better model at epoch 207.
[ 2022-08-31 06:19:52,379][train_tran.train_nn_models] [Training] Epoch=208, loss=1201.3224, nll=1201.3224, l2_reg=0.0000, acc=0.2140
[ 2022-08-31 06:19:52,380][train_tran.train_nn_models] [Validation] Epoch=208, nll=1206.5353, acc=0.2120
[ 2022-08-31 06:19:52,380][train_tran.train_nn_models] Found a better model at epoch 208.
[ 2022-08-31 06:19:53,573][train_tran.train_nn_models] [Training] Epoch=209, loss=1201.1736, nll=1201.1736, l2_reg=0.0000, acc=0.2145
[ 2022-08-31 06:19:53,573][train_tran.train_nn_models] [Validation] Epoch=209, nll=1206.3875, acc=0.2134
[ 2022-08-31 06:19:53,573][train_tran.train_nn_models] Found a better model at epoch 209.
[ 2022-08-31 06:19:54,678][train_tran.train_nn_models] [Training] Epoch=210, loss=1201.0243, nll=1201.0243, l2_reg=0.0000, acc=0.2152
[ 2022-08-31 06:19:54,679][train_tran.train_nn_models] [Validation] Epoch=210, nll=1206.2404, acc=0.2145
[ 2022-08-31 06:19:54,679][train_tran.train_nn_models] Found a better model at epoch 210.
[ 2022-08-31 06:19:55,853][train_tran.train_nn_models] [Training] Epoch=211, loss=1200.8765, nll=1200.8765, l2_reg=0.0000, acc=0.2159
[ 2022-08-31 06:19:55,853][train_tran.train_nn_models] [Validation] Epoch=211, nll=1206.0948, acc=0.2156
[ 2022-08-31 06:19:55,853][train_tran.train_nn_models] Found a better model at epoch 211.
[ 2022-08-31 06:19:57,017][train_tran.train_nn_models] [Training] Epoch=212, loss=1200.7292, nll=1200.7292, l2_reg=0.0000, acc=0.2163
[ 2022-08-31 06:19:57,017][train_tran.train_nn_models] [Validation] Epoch=212, nll=1205.9502, acc=0.2158
[ 2022-08-31 06:19:57,017][train_tran.train_nn_models] Found a better model at epoch 212.
[ 2022-08-31 06:19:58,136][train_tran.train_nn_models] [Training] Epoch=213, loss=1200.5781, nll=1200.5781, l2_reg=0.0000, acc=0.2171
[ 2022-08-31 06:19:58,137][train_tran.train_nn_models] [Validation] Epoch=213, nll=1205.8062, acc=0.2159
[ 2022-08-31 06:19:58,137][train_tran.train_nn_models] Found a better model at epoch 213.
[ 2022-08-31 06:19:59,278][train_tran.train_nn_models] [Training] Epoch=214, loss=1200.4246, nll=1200.4246, l2_reg=0.0000, acc=0.2177
[ 2022-08-31 06:19:59,278][train_tran.train_nn_models] [Validation] Epoch=214, nll=1205.6598, acc=0.2163
[ 2022-08-31 06:19:59,278][train_tran.train_nn_models] Found a better model at epoch 214.
[ 2022-08-31 06:20:00,500][train_tran.train_nn_models] [Training] Epoch=215, loss=1200.2709, nll=1200.2709, l2_reg=0.0000, acc=0.2183
[ 2022-08-31 06:20:00,501][train_tran.train_nn_models] [Validation] Epoch=215, nll=1205.5117, acc=0.2164
[ 2022-08-31 06:20:00,501][train_tran.train_nn_models] Found a better model at epoch 215.
[ 2022-08-31 06:20:01,772][train_tran.train_nn_models] [Training] Epoch=216, loss=1200.1151, nll=1200.1151, l2_reg=0.0000, acc=0.2189
[ 2022-08-31 06:20:01,772][train_tran.train_nn_models] [Validation] Epoch=216, nll=1205.3634, acc=0.2162
[ 2022-08-31 06:20:01,772][train_tran.train_nn_models] Found a better model at epoch 216.
[ 2022-08-31 06:20:03,126][train_tran.train_nn_models] [Training] Epoch=217, loss=1199.9574, nll=1199.9574, l2_reg=0.0000, acc=0.2193
[ 2022-08-31 06:20:03,127][train_tran.train_nn_models] [Validation] Epoch=217, nll=1205.2181, acc=0.2173
[ 2022-08-31 06:20:03,127][train_tran.train_nn_models] Found a better model at epoch 217.
[ 2022-08-31 06:20:04,291][train_tran.train_nn_models] [Training] Epoch=218, loss=1199.7970, nll=1199.7970, l2_reg=0.0000, acc=0.2198
[ 2022-08-31 06:20:04,292][train_tran.train_nn_models] [Validation] Epoch=218, nll=1205.0709, acc=0.2180
[ 2022-08-31 06:20:04,292][train_tran.train_nn_models] Found a better model at epoch 218.
[ 2022-08-31 06:20:05,485][train_tran.train_nn_models] [Training] Epoch=219, loss=1199.6323, nll=1199.6323, l2_reg=0.0000, acc=0.2209
[ 2022-08-31 06:20:05,485][train_tran.train_nn_models] [Validation] Epoch=219, nll=1204.9176, acc=0.2199
[ 2022-08-31 06:20:05,485][train_tran.train_nn_models] Found a better model at epoch 219.
[ 2022-08-31 06:20:06,672][train_tran.train_nn_models] [Training] Epoch=220, loss=1199.4633, nll=1199.4633, l2_reg=0.0000, acc=0.2215
[ 2022-08-31 06:20:06,672][train_tran.train_nn_models] [Validation] Epoch=220, nll=1204.7627, acc=0.2204
[ 2022-08-31 06:20:06,672][train_tran.train_nn_models] Found a better model at epoch 220.
[ 2022-08-31 06:20:07,862][train_tran.train_nn_models] [Training] Epoch=221, loss=1199.2931, nll=1199.2931, l2_reg=0.0000, acc=0.2223
[ 2022-08-31 06:20:07,862][train_tran.train_nn_models] [Validation] Epoch=221, nll=1204.6082, acc=0.2206
[ 2022-08-31 06:20:07,863][train_tran.train_nn_models] Found a better model at epoch 221.
[ 2022-08-31 06:20:09,058][train_tran.train_nn_models] [Training] Epoch=222, loss=1199.1193, nll=1199.1193, l2_reg=0.0000, acc=0.2226
[ 2022-08-31 06:20:09,058][train_tran.train_nn_models] [Validation] Epoch=222, nll=1204.4561, acc=0.2217
[ 2022-08-31 06:20:09,058][train_tran.train_nn_models] Found a better model at epoch 222.
[ 2022-08-31 06:20:10,259][train_tran.train_nn_models] [Training] Epoch=223, loss=1198.9465, nll=1198.9465, l2_reg=0.0000, acc=0.2230
[ 2022-08-31 06:20:10,260][train_tran.train_nn_models] [Validation] Epoch=223, nll=1204.3086, acc=0.2229
[ 2022-08-31 06:20:10,260][train_tran.train_nn_models] Found a better model at epoch 223.
[ 2022-08-31 06:20:11,483][train_tran.train_nn_models] [Training] Epoch=224, loss=1198.7747, nll=1198.7747, l2_reg=0.0000, acc=0.2236
[ 2022-08-31 06:20:11,484][train_tran.train_nn_models] [Validation] Epoch=224, nll=1204.1587, acc=0.2238
[ 2022-08-31 06:20:11,484][train_tran.train_nn_models] Found a better model at epoch 224.
[ 2022-08-31 06:20:12,688][train_tran.train_nn_models] [Training] Epoch=225, loss=1198.6018, nll=1198.6018, l2_reg=0.0000, acc=0.2239
[ 2022-08-31 06:20:12,688][train_tran.train_nn_models] [Validation] Epoch=225, nll=1204.0127, acc=0.2257
[ 2022-08-31 06:20:12,688][train_tran.train_nn_models] Found a better model at epoch 225.
[ 2022-08-31 06:20:13,885][train_tran.train_nn_models] [Training] Epoch=226, loss=1198.4329, nll=1198.4329, l2_reg=0.0000, acc=0.2249
[ 2022-08-31 06:20:13,885][train_tran.train_nn_models] [Validation] Epoch=226, nll=1203.8820, acc=0.2261
[ 2022-08-31 06:20:13,885][train_tran.train_nn_models] Found a better model at epoch 226.
[ 2022-08-31 06:20:15,077][train_tran.train_nn_models] [Training] Epoch=227, loss=1198.2667, nll=1198.2667, l2_reg=0.0000, acc=0.2253
[ 2022-08-31 06:20:15,078][train_tran.train_nn_models] [Validation] Epoch=227, nll=1203.7533, acc=0.2259
[ 2022-08-31 06:20:15,078][train_tran.train_nn_models] Found a better model at epoch 227.
[ 2022-08-31 06:20:16,294][train_tran.train_nn_models] [Training] Epoch=228, loss=1198.1029, nll=1198.1029, l2_reg=0.0000, acc=0.2255
[ 2022-08-31 06:20:16,294][train_tran.train_nn_models] [Validation] Epoch=228, nll=1203.6321, acc=0.2272
[ 2022-08-31 06:20:16,294][train_tran.train_nn_models] Found a better model at epoch 228.
[ 2022-08-31 06:20:17,464][train_tran.train_nn_models] [Training] Epoch=229, loss=1197.9446, nll=1197.9446, l2_reg=0.0000, acc=0.2265
[ 2022-08-31 06:20:17,465][train_tran.train_nn_models] [Validation] Epoch=229, nll=1203.5176, acc=0.2275
[ 2022-08-31 06:20:17,465][train_tran.train_nn_models] Found a better model at epoch 229.
[ 2022-08-31 06:20:18,708][train_tran.train_nn_models] [Training] Epoch=230, loss=1197.7900, nll=1197.7900, l2_reg=0.0000, acc=0.2271
[ 2022-08-31 06:20:18,708][train_tran.train_nn_models] [Validation] Epoch=230, nll=1203.4034, acc=0.2276
[ 2022-08-31 06:20:18,708][train_tran.train_nn_models] Found a better model at epoch 230.
[ 2022-08-31 06:20:19,927][train_tran.train_nn_models] [Training] Epoch=231, loss=1197.6379, nll=1197.6379, l2_reg=0.0000, acc=0.2277
[ 2022-08-31 06:20:19,927][train_tran.train_nn_models] [Validation] Epoch=231, nll=1203.2977, acc=0.2274
[ 2022-08-31 06:20:19,928][train_tran.train_nn_models] Found a better model at epoch 231.
[ 2022-08-31 06:20:21,119][train_tran.train_nn_models] [Training] Epoch=232, loss=1197.4951, nll=1197.4951, l2_reg=0.0000, acc=0.2285
[ 2022-08-31 06:20:21,119][train_tran.train_nn_models] [Validation] Epoch=232, nll=1203.1862, acc=0.2277
[ 2022-08-31 06:20:21,119][train_tran.train_nn_models] Found a better model at epoch 232.
[ 2022-08-31 06:20:22,368][train_tran.train_nn_models] [Training] Epoch=233, loss=1197.3561, nll=1197.3561, l2_reg=0.0000, acc=0.2291
[ 2022-08-31 06:20:22,368][train_tran.train_nn_models] [Validation] Epoch=233, nll=1203.0841, acc=0.2279
[ 2022-08-31 06:20:22,368][train_tran.train_nn_models] Found a better model at epoch 233.
[ 2022-08-31 06:20:23,658][train_tran.train_nn_models] [Training] Epoch=234, loss=1197.2250, nll=1197.2250, l2_reg=0.0000, acc=0.2298
[ 2022-08-31 06:20:23,659][train_tran.train_nn_models] [Validation] Epoch=234, nll=1202.9781, acc=0.2287
[ 2022-08-31 06:20:23,659][train_tran.train_nn_models] Found a better model at epoch 234.
[ 2022-08-31 06:20:24,884][train_tran.train_nn_models] [Training] Epoch=235, loss=1197.0895, nll=1197.0895, l2_reg=0.0000, acc=0.2303
[ 2022-08-31 06:20:24,884][train_tran.train_nn_models] [Validation] Epoch=235, nll=1202.8772, acc=0.2305
[ 2022-08-31 06:20:24,884][train_tran.train_nn_models] Found a better model at epoch 235.
[ 2022-08-31 06:20:26,096][train_tran.train_nn_models] [Training] Epoch=236, loss=1196.9572, nll=1196.9572, l2_reg=0.0000, acc=0.2308
[ 2022-08-31 06:20:26,097][train_tran.train_nn_models] [Validation] Epoch=236, nll=1202.7767, acc=0.2302
[ 2022-08-31 06:20:26,097][train_tran.train_nn_models] Found a better model at epoch 236.
[ 2022-08-31 06:20:27,347][train_tran.train_nn_models] [Training] Epoch=237, loss=1196.8257, nll=1196.8257, l2_reg=0.0000, acc=0.2311
[ 2022-08-31 06:20:27,347][train_tran.train_nn_models] [Validation] Epoch=237, nll=1202.6698, acc=0.2302
[ 2022-08-31 06:20:27,348][train_tran.train_nn_models] Found a better model at epoch 237.
[ 2022-08-31 06:20:28,639][train_tran.train_nn_models] [Training] Epoch=238, loss=1196.6975, nll=1196.6975, l2_reg=0.0000, acc=0.2317
[ 2022-08-31 06:20:28,640][train_tran.train_nn_models] [Validation] Epoch=238, nll=1202.5570, acc=0.2315
[ 2022-08-31 06:20:28,640][train_tran.train_nn_models] Found a better model at epoch 238.
[ 2022-08-31 06:20:29,847][train_tran.train_nn_models] [Training] Epoch=239, loss=1196.5712, nll=1196.5712, l2_reg=0.0000, acc=0.2322
[ 2022-08-31 06:20:29,848][train_tran.train_nn_models] [Validation] Epoch=239, nll=1202.4542, acc=0.2314
[ 2022-08-31 06:20:29,848][train_tran.train_nn_models] Found a better model at epoch 239.
[ 2022-08-31 06:20:31,015][train_tran.train_nn_models] [Training] Epoch=240, loss=1196.4479, nll=1196.4479, l2_reg=0.0000, acc=0.2327
[ 2022-08-31 06:20:31,015][train_tran.train_nn_models] [Validation] Epoch=240, nll=1202.3489, acc=0.2311
[ 2022-08-31 06:20:31,015][train_tran.train_nn_models] Found a better model at epoch 240.
[ 2022-08-31 06:20:32,225][train_tran.train_nn_models] [Training] Epoch=241, loss=1196.3271, nll=1196.3271, l2_reg=0.0000, acc=0.2329
[ 2022-08-31 06:20:32,225][train_tran.train_nn_models] [Validation] Epoch=241, nll=1202.2443, acc=0.2305
[ 2022-08-31 06:20:32,225][train_tran.train_nn_models] Found a better model at epoch 241.
[ 2022-08-31 06:20:33,366][train_tran.train_nn_models] [Training] Epoch=242, loss=1196.2124, nll=1196.2124, l2_reg=0.0000, acc=0.2329
[ 2022-08-31 06:20:33,366][train_tran.train_nn_models] [Validation] Epoch=242, nll=1202.1449, acc=0.2309
[ 2022-08-31 06:20:33,366][train_tran.train_nn_models] Found a better model at epoch 242.
[ 2022-08-31 06:20:34,530][train_tran.train_nn_models] [Training] Epoch=243, loss=1196.1052, nll=1196.1052, l2_reg=0.0000, acc=0.2332
[ 2022-08-31 06:20:34,530][train_tran.train_nn_models] [Validation] Epoch=243, nll=1202.0424, acc=0.2311
[ 2022-08-31 06:20:34,530][train_tran.train_nn_models] Found a better model at epoch 243.
[ 2022-08-31 06:20:35,719][train_tran.train_nn_models] [Training] Epoch=244, loss=1196.0018, nll=1196.0018, l2_reg=0.0000, acc=0.2335
[ 2022-08-31 06:20:35,719][train_tran.train_nn_models] [Validation] Epoch=244, nll=1201.9496, acc=0.2313
[ 2022-08-31 06:20:35,719][train_tran.train_nn_models] Found a better model at epoch 244.
[ 2022-08-31 06:20:36,877][train_tran.train_nn_models] [Training] Epoch=245, loss=1195.9045, nll=1195.9045, l2_reg=0.0000, acc=0.2338
[ 2022-08-31 06:20:36,877][train_tran.train_nn_models] [Validation] Epoch=245, nll=1201.8557, acc=0.2309
[ 2022-08-31 06:20:36,877][train_tran.train_nn_models] Found a better model at epoch 245.
[ 2022-08-31 06:20:38,050][train_tran.train_nn_models] [Training] Epoch=246, loss=1195.8102, nll=1195.8102, l2_reg=0.0000, acc=0.2340
[ 2022-08-31 06:20:38,050][train_tran.train_nn_models] [Validation] Epoch=246, nll=1201.7552, acc=0.2315
[ 2022-08-31 06:20:38,050][train_tran.train_nn_models] Found a better model at epoch 246.
[ 2022-08-31 06:20:39,226][train_tran.train_nn_models] [Training] Epoch=247, loss=1195.7194, nll=1195.7194, l2_reg=0.0000, acc=0.2338
[ 2022-08-31 06:20:39,226][train_tran.train_nn_models] [Validation] Epoch=247, nll=1201.6676, acc=0.2312
[ 2022-08-31 06:20:39,226][train_tran.train_nn_models] Found a better model at epoch 247.
[ 2022-08-31 06:20:40,411][train_tran.train_nn_models] [Training] Epoch=248, loss=1195.6388, nll=1195.6388, l2_reg=0.0000, acc=0.2339
[ 2022-08-31 06:20:40,412][train_tran.train_nn_models] [Validation] Epoch=248, nll=1201.5762, acc=0.2318
[ 2022-08-31 06:20:40,412][train_tran.train_nn_models] Found a better model at epoch 248.
[ 2022-08-31 06:20:41,540][train_tran.train_nn_models] [Training] Epoch=249, loss=1195.5576, nll=1195.5576, l2_reg=0.0000, acc=0.2340
[ 2022-08-31 06:20:41,540][train_tran.train_nn_models] [Validation] Epoch=249, nll=1201.4893, acc=0.2317
[ 2022-08-31 06:20:41,541][train_tran.train_nn_models] Found a better model at epoch 249.
[ 2022-08-31 06:20:41,705][train_tran.eval_nll] [Test]nll=1205.1246, acc=0.2315
[ 2022-08-31 06:30:30,103][train_tran.<module>]                    timestamp  ...                                             config
0 2022-08-31 06:30:30.083383  ...  {'model': 'Tran', 'dataset': 'pgem-1K-15', 'in...
1 2022-08-31 06:30:30.083383  ...  {'model': 'Tran', 'dataset': 'pgem-1K-15', 'in...
2 2022-08-31 06:30:30.083383  ...  {'model': 'Tran', 'dataset': 'pgem-1K-15', 'in...
3 2022-08-31 06:30:30.083383  ...  {'model': 'Tran', 'dataset': 'pgem-1K-15', 'in...
4 2022-08-31 06:30:30.083383  ...  {'model': 'Tran', 'dataset': 'pgem-1K-15', 'in...
5 2022-08-31 06:30:30.083383  ...  {'model': 'Tran', 'dataset': 'pgem-1K-15', 'in...

[6 rows x 7 columns]
