[ 2022-07-06 16:00:23,408][train.<module>] Namespace(batch_size=64, bucket_seqs=False, cuda=True, dataset='mhp-1K-10', embedding_dim=64, epochs=200, hidden_size=64, init_scale=50.0, input_dir='data/input', lr=0.001, model='RPPN', num_workers=0, optimizer='Adam', output_dir='data/output', rand_seed=0, skip_eval_infectivity=False, skip_pred_next_event=False, split_id=1, tune_metric='nll', verbose=False)
[ 2022-07-06 16:00:37,794][train.train_nn_models] [Training] Epoch=0, nll=6551.5596
[ 2022-07-06 16:00:37,794][train.train_nn_models] [Validation] Epoch=0, nll=3377.0825
[ 2022-07-06 16:00:41,648][train.train_nn_models] [Training] Epoch=1, nll=2486.9031
[ 2022-07-06 16:00:41,665][train.train_nn_models] [Validation] Epoch=1, nll=1751.9523
[ 2022-07-06 16:00:45,667][train.train_nn_models] [Training] Epoch=2, nll=1594.2600
[ 2022-07-06 16:00:45,668][train.train_nn_models] [Validation] Epoch=2, nll=1461.4257
[ 2022-07-06 16:00:49,638][train.train_nn_models] [Training] Epoch=3, nll=1433.1785
[ 2022-07-06 16:00:49,640][train.train_nn_models] [Validation] Epoch=3, nll=1398.2264
[ 2022-07-06 16:00:53,809][train.train_nn_models] [Training] Epoch=4, nll=1389.0203
[ 2022-07-06 16:00:53,810][train.train_nn_models] [Validation] Epoch=4, nll=1373.1082
[ 2022-07-06 16:00:58,003][train.train_nn_models] [Training] Epoch=5, nll=1368.1409
[ 2022-07-06 16:00:58,005][train.train_nn_models] [Validation] Epoch=5, nll=1358.4196
[ 2022-07-06 16:01:01,727][train.train_nn_models] [Training] Epoch=6, nll=1354.6066
[ 2022-07-06 16:01:01,750][train.train_nn_models] [Validation] Epoch=6, nll=1347.7821
[ 2022-07-06 16:01:05,597][train.train_nn_models] [Training] Epoch=7, nll=1344.2496
[ 2022-07-06 16:01:05,597][train.train_nn_models] [Validation] Epoch=7, nll=1339.1902
[ 2022-07-06 16:01:10,580][train.train_nn_models] [Training] Epoch=8, nll=1335.6492
[ 2022-07-06 16:01:10,596][train.train_nn_models] [Validation] Epoch=8, nll=1331.8649
[ 2022-07-06 16:01:15,979][train.train_nn_models] [Training] Epoch=9, nll=1328.2107
[ 2022-07-06 16:01:15,981][train.train_nn_models] [Validation] Epoch=9, nll=1325.4386
[ 2022-07-06 16:01:20,821][train.train_nn_models] [Training] Epoch=10, nll=1321.6326
[ 2022-07-06 16:01:20,862][train.train_nn_models] [Validation] Epoch=10, nll=1319.7026
[ 2022-07-06 16:01:25,436][train.train_nn_models] [Training] Epoch=11, nll=1315.7345
[ 2022-07-06 16:01:25,437][train.train_nn_models] [Validation] Epoch=11, nll=1314.5229
[ 2022-07-06 16:01:29,624][train.train_nn_models] [Training] Epoch=12, nll=1310.3942
[ 2022-07-06 16:01:29,625][train.train_nn_models] [Validation] Epoch=12, nll=1309.8009
[ 2022-07-06 16:01:33,761][train.train_nn_models] [Training] Epoch=13, nll=1305.5165
[ 2022-07-06 16:01:33,761][train.train_nn_models] [Validation] Epoch=13, nll=1305.4575
[ 2022-07-06 16:01:38,313][train.train_nn_models] [Training] Epoch=14, nll=1301.0215
[ 2022-07-06 16:01:38,317][train.train_nn_models] [Validation] Epoch=14, nll=1301.4268
[ 2022-07-06 16:01:42,827][train.train_nn_models] [Training] Epoch=15, nll=1296.8419
[ 2022-07-06 16:01:42,831][train.train_nn_models] [Validation] Epoch=15, nll=1297.6561
[ 2022-07-06 16:01:47,222][train.train_nn_models] [Training] Epoch=16, nll=1292.9248
[ 2022-07-06 16:01:47,228][train.train_nn_models] [Validation] Epoch=16, nll=1294.1034
[ 2022-07-06 16:01:51,771][train.train_nn_models] [Training] Epoch=17, nll=1289.2284
[ 2022-07-06 16:01:51,774][train.train_nn_models] [Validation] Epoch=17, nll=1290.7361
[ 2022-07-06 16:01:55,755][train.train_nn_models] [Training] Epoch=18, nll=1285.7201
[ 2022-07-06 16:01:55,759][train.train_nn_models] [Validation] Epoch=18, nll=1287.5280
[ 2022-07-06 16:01:59,631][train.train_nn_models] [Training] Epoch=19, nll=1282.3743
[ 2022-07-06 16:01:59,635][train.train_nn_models] [Validation] Epoch=19, nll=1284.4586
[ 2022-07-06 16:02:04,484][train.train_nn_models] [Training] Epoch=20, nll=1279.1696
[ 2022-07-06 16:02:04,488][train.train_nn_models] [Validation] Epoch=20, nll=1281.5101
[ 2022-07-06 16:02:08,208][train.train_nn_models] [Training] Epoch=21, nll=1276.0889
[ 2022-07-06 16:02:08,211][train.train_nn_models] [Validation] Epoch=21, nll=1278.6688
[ 2022-07-06 16:02:13,158][train.train_nn_models] [Training] Epoch=22, nll=1273.1176
[ 2022-07-06 16:02:13,162][train.train_nn_models] [Validation] Epoch=22, nll=1275.9222
[ 2022-07-06 16:02:19,413][train.train_nn_models] [Training] Epoch=23, nll=1270.2433
[ 2022-07-06 16:02:19,417][train.train_nn_models] [Validation] Epoch=23, nll=1273.2601
[ 2022-07-06 16:02:23,293][train.train_nn_models] [Training] Epoch=24, nll=1267.4556
[ 2022-07-06 16:02:23,296][train.train_nn_models] [Validation] Epoch=24, nll=1270.6738
[ 2022-07-06 16:02:27,791][train.train_nn_models] [Training] Epoch=25, nll=1264.7456
[ 2022-07-06 16:02:27,795][train.train_nn_models] [Validation] Epoch=25, nll=1268.1552
[ 2022-07-06 16:02:31,630][train.train_nn_models] [Training] Epoch=26, nll=1262.1055
[ 2022-07-06 16:02:31,634][train.train_nn_models] [Validation] Epoch=26, nll=1265.6980
[ 2022-07-06 16:02:35,801][train.train_nn_models] [Training] Epoch=27, nll=1259.5284
[ 2022-07-06 16:02:35,805][train.train_nn_models] [Validation] Epoch=27, nll=1263.2969
[ 2022-07-06 16:02:40,548][train.train_nn_models] [Training] Epoch=28, nll=1257.0089
[ 2022-07-06 16:02:40,602][train.train_nn_models] [Validation] Epoch=28, nll=1260.9467
[ 2022-07-06 16:02:44,916][train.train_nn_models] [Training] Epoch=29, nll=1254.5420
[ 2022-07-06 16:02:44,919][train.train_nn_models] [Validation] Epoch=29, nll=1258.6434
[ 2022-07-06 16:02:49,117][train.train_nn_models] [Training] Epoch=30, nll=1252.1233
[ 2022-07-06 16:02:49,120][train.train_nn_models] [Validation] Epoch=30, nll=1256.3834
[ 2022-07-06 16:02:54,056][train.train_nn_models] [Training] Epoch=31, nll=1249.7495
[ 2022-07-06 16:02:54,060][train.train_nn_models] [Validation] Epoch=31, nll=1254.1639
[ 2022-07-06 16:02:58,658][train.train_nn_models] [Training] Epoch=32, nll=1247.4174
[ 2022-07-06 16:02:58,662][train.train_nn_models] [Validation] Epoch=32, nll=1251.9824
[ 2022-07-06 16:03:03,919][train.train_nn_models] [Training] Epoch=33, nll=1245.1248
[ 2022-07-06 16:03:03,923][train.train_nn_models] [Validation] Epoch=33, nll=1249.8370
[ 2022-07-06 16:03:08,484][train.train_nn_models] [Training] Epoch=34, nll=1242.8694
[ 2022-07-06 16:03:08,487][train.train_nn_models] [Validation] Epoch=34, nll=1247.7258
[ 2022-07-06 16:03:13,600][train.train_nn_models] [Training] Epoch=35, nll=1240.6500
[ 2022-07-06 16:03:13,603][train.train_nn_models] [Validation] Epoch=35, nll=1245.6475
[ 2022-07-06 16:03:19,129][train.train_nn_models] [Training] Epoch=36, nll=1238.4645
[ 2022-07-06 16:03:19,132][train.train_nn_models] [Validation] Epoch=36, nll=1243.6008
[ 2022-07-06 16:03:23,736][train.train_nn_models] [Training] Epoch=37, nll=1236.3119
[ 2022-07-06 16:03:23,740][train.train_nn_models] [Validation] Epoch=37, nll=1241.5842
[ 2022-07-06 16:03:29,051][train.train_nn_models] [Training] Epoch=38, nll=1234.1906
[ 2022-07-06 16:03:29,055][train.train_nn_models] [Validation] Epoch=38, nll=1239.5967
[ 2022-07-06 16:03:33,321][train.train_nn_models] [Training] Epoch=39, nll=1232.0996
[ 2022-07-06 16:03:33,327][train.train_nn_models] [Validation] Epoch=39, nll=1237.6370
[ 2022-07-06 16:03:37,076][train.train_nn_models] [Training] Epoch=40, nll=1230.0377
[ 2022-07-06 16:03:37,080][train.train_nn_models] [Validation] Epoch=40, nll=1235.7043
[ 2022-07-06 16:03:42,701][train.train_nn_models] [Training] Epoch=41, nll=1228.0045
[ 2022-07-06 16:03:42,705][train.train_nn_models] [Validation] Epoch=41, nll=1233.7988
[ 2022-07-06 16:03:46,942][train.train_nn_models] [Training] Epoch=42, nll=1226.0001
[ 2022-07-06 16:03:46,945][train.train_nn_models] [Validation] Epoch=42, nll=1231.9207
[ 2022-07-06 16:03:50,971][train.train_nn_models] [Training] Epoch=43, nll=1224.0243
[ 2022-07-06 16:03:50,974][train.train_nn_models] [Validation] Epoch=43, nll=1230.0696
[ 2022-07-06 16:03:55,236][train.train_nn_models] [Training] Epoch=44, nll=1222.0773
[ 2022-07-06 16:03:55,240][train.train_nn_models] [Validation] Epoch=44, nll=1228.2457
[ 2022-07-06 16:03:59,074][train.train_nn_models] [Training] Epoch=45, nll=1220.1584
[ 2022-07-06 16:03:59,078][train.train_nn_models] [Validation] Epoch=45, nll=1226.4487
[ 2022-07-06 16:04:03,119][train.train_nn_models] [Training] Epoch=46, nll=1218.2675
[ 2022-07-06 16:04:03,122][train.train_nn_models] [Validation] Epoch=46, nll=1224.6775
[ 2022-07-06 16:04:08,665][train.train_nn_models] [Training] Epoch=47, nll=1216.4041
[ 2022-07-06 16:04:08,668][train.train_nn_models] [Validation] Epoch=47, nll=1222.9325
[ 2022-07-06 16:04:13,174][train.train_nn_models] [Training] Epoch=48, nll=1214.5682
[ 2022-07-06 16:04:13,176][train.train_nn_models] [Validation] Epoch=48, nll=1221.2135
[ 2022-07-06 16:04:18,361][train.train_nn_models] [Training] Epoch=49, nll=1212.7603
[ 2022-07-06 16:04:18,365][train.train_nn_models] [Validation] Epoch=49, nll=1219.5211
[ 2022-07-06 16:04:22,412][train.train_nn_models] [Training] Epoch=50, nll=1210.9812
[ 2022-07-06 16:04:22,423][train.train_nn_models] [Validation] Epoch=50, nll=1217.8573
[ 2022-07-06 16:04:28,251][train.train_nn_models] [Training] Epoch=51, nll=1209.2325
[ 2022-07-06 16:04:28,254][train.train_nn_models] [Validation] Epoch=51, nll=1216.2239
[ 2022-07-06 16:04:32,327][train.train_nn_models] [Training] Epoch=52, nll=1207.5159
[ 2022-07-06 16:04:32,329][train.train_nn_models] [Validation] Epoch=52, nll=1214.6227
[ 2022-07-06 16:04:37,851][train.train_nn_models] [Training] Epoch=53, nll=1205.8334
[ 2022-07-06 16:04:37,855][train.train_nn_models] [Validation] Epoch=53, nll=1213.0552
[ 2022-07-06 16:04:43,097][train.train_nn_models] [Training] Epoch=54, nll=1204.1864
[ 2022-07-06 16:04:43,100][train.train_nn_models] [Validation] Epoch=54, nll=1211.5228
[ 2022-07-06 16:04:47,820][train.train_nn_models] [Training] Epoch=55, nll=1202.5753
[ 2022-07-06 16:04:47,823][train.train_nn_models] [Validation] Epoch=55, nll=1210.0260
[ 2022-07-06 16:04:51,447][train.train_nn_models] [Training] Epoch=56, nll=1201.0007
[ 2022-07-06 16:04:51,450][train.train_nn_models] [Validation] Epoch=56, nll=1208.5646
[ 2022-07-06 16:04:56,724][train.train_nn_models] [Training] Epoch=57, nll=1199.4624
[ 2022-07-06 16:04:56,727][train.train_nn_models] [Validation] Epoch=57, nll=1207.1382
[ 2022-07-06 16:05:00,596][train.train_nn_models] [Training] Epoch=58, nll=1197.9600
[ 2022-07-06 16:05:00,599][train.train_nn_models] [Validation] Epoch=58, nll=1205.7460
[ 2022-07-06 16:05:04,929][train.train_nn_models] [Training] Epoch=59, nll=1196.4929
[ 2022-07-06 16:05:04,931][train.train_nn_models] [Validation] Epoch=59, nll=1204.3873
[ 2022-07-06 16:05:09,491][train.train_nn_models] [Training] Epoch=60, nll=1195.0604
[ 2022-07-06 16:05:09,494][train.train_nn_models] [Validation] Epoch=60, nll=1203.0614
[ 2022-07-06 16:05:14,039][train.train_nn_models] [Training] Epoch=61, nll=1193.6621
[ 2022-07-06 16:05:14,041][train.train_nn_models] [Validation] Epoch=61, nll=1201.7675
[ 2022-07-06 16:05:19,277][train.train_nn_models] [Training] Epoch=62, nll=1192.2970
[ 2022-07-06 16:05:19,280][train.train_nn_models] [Validation] Epoch=62, nll=1200.5051
[ 2022-07-06 16:05:23,671][train.train_nn_models] [Training] Epoch=63, nll=1190.9647
[ 2022-07-06 16:05:23,674][train.train_nn_models] [Validation] Epoch=63, nll=1199.2733
[ 2022-07-06 16:05:29,630][train.train_nn_models] [Training] Epoch=64, nll=1189.6647
[ 2022-07-06 16:05:29,633][train.train_nn_models] [Validation] Epoch=64, nll=1198.0717
[ 2022-07-06 16:05:34,640][train.train_nn_models] [Training] Epoch=65, nll=1188.3966
[ 2022-07-06 16:05:34,643][train.train_nn_models] [Validation] Epoch=65, nll=1196.8992
[ 2022-07-06 16:05:39,284][train.train_nn_models] [Training] Epoch=66, nll=1187.1599
[ 2022-07-06 16:05:39,287][train.train_nn_models] [Validation] Epoch=66, nll=1195.7559
[ 2022-07-06 16:05:43,848][train.train_nn_models] [Training] Epoch=67, nll=1185.9537
[ 2022-07-06 16:05:43,852][train.train_nn_models] [Validation] Epoch=67, nll=1194.6405
[ 2022-07-06 16:05:48,598][train.train_nn_models] [Training] Epoch=68, nll=1184.7778
[ 2022-07-06 16:05:48,601][train.train_nn_models] [Validation] Epoch=68, nll=1193.5530
[ 2022-07-06 16:05:53,175][train.train_nn_models] [Training] Epoch=69, nll=1183.6315
[ 2022-07-06 16:05:53,178][train.train_nn_models] [Validation] Epoch=69, nll=1192.4924
[ 2022-07-06 16:05:57,452][train.train_nn_models] [Training] Epoch=70, nll=1182.5143
[ 2022-07-06 16:05:57,455][train.train_nn_models] [Validation] Epoch=70, nll=1191.4587
[ 2022-07-06 16:06:02,246][train.train_nn_models] [Training] Epoch=71, nll=1181.4259
[ 2022-07-06 16:06:02,249][train.train_nn_models] [Validation] Epoch=71, nll=1190.4503
[ 2022-07-06 16:06:07,143][train.train_nn_models] [Training] Epoch=72, nll=1180.3651
[ 2022-07-06 16:06:07,146][train.train_nn_models] [Validation] Epoch=72, nll=1189.4674
[ 2022-07-06 16:06:11,559][train.train_nn_models] [Training] Epoch=73, nll=1179.3315
[ 2022-07-06 16:06:11,562][train.train_nn_models] [Validation] Epoch=73, nll=1188.5092
[ 2022-07-06 16:06:16,863][train.train_nn_models] [Training] Epoch=74, nll=1178.3248
[ 2022-07-06 16:06:16,879][train.train_nn_models] [Validation] Epoch=74, nll=1187.5748
[ 2022-07-06 16:06:21,615][train.train_nn_models] [Training] Epoch=75, nll=1177.3441
[ 2022-07-06 16:06:21,618][train.train_nn_models] [Validation] Epoch=75, nll=1186.6636
[ 2022-07-06 16:06:25,904][train.train_nn_models] [Training] Epoch=76, nll=1176.3882
[ 2022-07-06 16:06:25,907][train.train_nn_models] [Validation] Epoch=76, nll=1185.7748
[ 2022-07-06 16:06:29,801][train.train_nn_models] [Training] Epoch=77, nll=1175.4568
[ 2022-07-06 16:06:29,804][train.train_nn_models] [Validation] Epoch=77, nll=1184.9071
[ 2022-07-06 16:06:33,850][train.train_nn_models] [Training] Epoch=78, nll=1174.5486
[ 2022-07-06 16:06:33,852][train.train_nn_models] [Validation] Epoch=78, nll=1184.0596
[ 2022-07-06 16:06:38,866][train.train_nn_models] [Training] Epoch=79, nll=1173.6625
[ 2022-07-06 16:06:38,869][train.train_nn_models] [Validation] Epoch=79, nll=1183.2314
[ 2022-07-06 16:06:43,250][train.train_nn_models] [Training] Epoch=80, nll=1172.7979
[ 2022-07-06 16:06:43,252][train.train_nn_models] [Validation] Epoch=80, nll=1182.4207
[ 2022-07-06 16:06:48,233][train.train_nn_models] [Training] Epoch=81, nll=1171.9528
[ 2022-07-06 16:06:48,236][train.train_nn_models] [Validation] Epoch=81, nll=1181.6266
[ 2022-07-06 16:06:52,671][train.train_nn_models] [Training] Epoch=82, nll=1171.1265
[ 2022-07-06 16:06:52,674][train.train_nn_models] [Validation] Epoch=82, nll=1180.8480
[ 2022-07-06 16:06:57,036][train.train_nn_models] [Training] Epoch=83, nll=1170.3184
[ 2022-07-06 16:06:57,039][train.train_nn_models] [Validation] Epoch=83, nll=1180.0842
[ 2022-07-06 16:07:00,648][train.train_nn_models] [Training] Epoch=84, nll=1169.5272
[ 2022-07-06 16:07:00,651][train.train_nn_models] [Validation] Epoch=84, nll=1179.3337
[ 2022-07-06 16:07:05,213][train.train_nn_models] [Training] Epoch=85, nll=1168.7520
[ 2022-07-06 16:07:05,216][train.train_nn_models] [Validation] Epoch=85, nll=1178.5958
[ 2022-07-06 16:07:09,768][train.train_nn_models] [Training] Epoch=86, nll=1167.9913
[ 2022-07-06 16:07:09,771][train.train_nn_models] [Validation] Epoch=86, nll=1177.8679
[ 2022-07-06 16:07:14,387][train.train_nn_models] [Training] Epoch=87, nll=1167.2438
[ 2022-07-06 16:07:14,390][train.train_nn_models] [Validation] Epoch=87, nll=1177.1487
[ 2022-07-06 16:07:19,311][train.train_nn_models] [Training] Epoch=88, nll=1166.5076
[ 2022-07-06 16:07:19,313][train.train_nn_models] [Validation] Epoch=88, nll=1176.4363
[ 2022-07-06 16:07:23,458][train.train_nn_models] [Training] Epoch=89, nll=1165.7817
[ 2022-07-06 16:07:23,461][train.train_nn_models] [Validation] Epoch=89, nll=1175.7301
[ 2022-07-06 16:07:28,185][train.train_nn_models] [Training] Epoch=90, nll=1165.0654
[ 2022-07-06 16:07:28,189][train.train_nn_models] [Validation] Epoch=90, nll=1175.0297
[ 2022-07-06 16:07:32,309][train.train_nn_models] [Training] Epoch=91, nll=1164.3583
[ 2022-07-06 16:07:32,312][train.train_nn_models] [Validation] Epoch=91, nll=1174.3352
[ 2022-07-06 16:07:36,135][train.train_nn_models] [Training] Epoch=92, nll=1163.6604
[ 2022-07-06 16:07:36,138][train.train_nn_models] [Validation] Epoch=92, nll=1173.6461
[ 2022-07-06 16:07:40,494][train.train_nn_models] [Training] Epoch=93, nll=1162.9708
[ 2022-07-06 16:07:40,498][train.train_nn_models] [Validation] Epoch=93, nll=1172.9617
[ 2022-07-06 16:07:45,797][train.train_nn_models] [Training] Epoch=94, nll=1162.2886
[ 2022-07-06 16:07:45,800][train.train_nn_models] [Validation] Epoch=94, nll=1172.2804
[ 2022-07-06 16:07:52,650][train.train_nn_models] [Training] Epoch=95, nll=1161.6124
[ 2022-07-06 16:07:52,653][train.train_nn_models] [Validation] Epoch=95, nll=1171.6006
[ 2022-07-06 16:07:57,513][train.train_nn_models] [Training] Epoch=96, nll=1160.9406
[ 2022-07-06 16:07:57,516][train.train_nn_models] [Validation] Epoch=96, nll=1170.9207
[ 2022-07-06 16:08:02,303][train.train_nn_models] [Training] Epoch=97, nll=1160.2715
[ 2022-07-06 16:08:02,305][train.train_nn_models] [Validation] Epoch=97, nll=1170.2386
[ 2022-07-06 16:08:06,986][train.train_nn_models] [Training] Epoch=98, nll=1159.6027
[ 2022-07-06 16:08:06,989][train.train_nn_models] [Validation] Epoch=98, nll=1169.5521
[ 2022-07-06 16:08:10,613][train.train_nn_models] [Training] Epoch=99, nll=1158.9320
[ 2022-07-06 16:08:10,616][train.train_nn_models] [Validation] Epoch=99, nll=1168.8602
[ 2022-07-06 16:08:15,250][train.train_nn_models] [Training] Epoch=100, nll=1158.2582
[ 2022-07-06 16:08:15,254][train.train_nn_models] [Validation] Epoch=100, nll=1168.1648
[ 2022-07-06 16:08:19,144][train.train_nn_models] [Training] Epoch=101, nll=1157.5831
[ 2022-07-06 16:08:19,147][train.train_nn_models] [Validation] Epoch=101, nll=1167.4711
[ 2022-07-06 16:08:19,149][train.train_nn_models] Found a better model at epoch 101.
[ 2022-07-06 16:08:23,429][train.train_nn_models] [Training] Epoch=102, nll=1156.9132
[ 2022-07-06 16:08:23,430][train.train_nn_models] [Validation] Epoch=102, nll=1166.7853
[ 2022-07-06 16:08:23,433][train.train_nn_models] Found a better model at epoch 102.
[ 2022-07-06 16:08:28,737][train.train_nn_models] [Training] Epoch=103, nll=1156.2528
[ 2022-07-06 16:08:28,740][train.train_nn_models] [Validation] Epoch=103, nll=1166.1095
[ 2022-07-06 16:08:28,743][train.train_nn_models] Found a better model at epoch 103.
[ 2022-07-06 16:08:33,795][train.train_nn_models] [Training] Epoch=104, nll=1155.6038
[ 2022-07-06 16:08:33,798][train.train_nn_models] [Validation] Epoch=104, nll=1165.4432
[ 2022-07-06 16:08:33,801][train.train_nn_models] Found a better model at epoch 104.
[ 2022-07-06 16:08:37,959][train.train_nn_models] [Training] Epoch=105, nll=1154.9656
[ 2022-07-06 16:08:37,962][train.train_nn_models] [Validation] Epoch=105, nll=1164.7878
[ 2022-07-06 16:08:37,965][train.train_nn_models] Found a better model at epoch 105.
[ 2022-07-06 16:08:42,749][train.train_nn_models] [Training] Epoch=106, nll=1154.3392
[ 2022-07-06 16:08:42,752][train.train_nn_models] [Validation] Epoch=106, nll=1164.1450
[ 2022-07-06 16:08:42,773][train.train_nn_models] Found a better model at epoch 106.
[ 2022-07-06 16:08:47,415][train.train_nn_models] [Training] Epoch=107, nll=1153.7250
[ 2022-07-06 16:08:47,418][train.train_nn_models] [Validation] Epoch=107, nll=1163.5164
[ 2022-07-06 16:08:47,421][train.train_nn_models] Found a better model at epoch 107.
[ 2022-07-06 16:08:51,795][train.train_nn_models] [Training] Epoch=108, nll=1153.1239
[ 2022-07-06 16:08:51,798][train.train_nn_models] [Validation] Epoch=108, nll=1162.9026
[ 2022-07-06 16:08:51,800][train.train_nn_models] Found a better model at epoch 108.
[ 2022-07-06 16:08:56,208][train.train_nn_models] [Training] Epoch=109, nll=1152.5349
[ 2022-07-06 16:08:56,211][train.train_nn_models] [Validation] Epoch=109, nll=1162.3041
[ 2022-07-06 16:08:56,214][train.train_nn_models] Found a better model at epoch 109.
[ 2022-07-06 16:09:01,234][train.train_nn_models] [Training] Epoch=110, nll=1151.9581
[ 2022-07-06 16:09:01,237][train.train_nn_models] [Validation] Epoch=110, nll=1161.7200
[ 2022-07-06 16:09:01,240][train.train_nn_models] Found a better model at epoch 110.
[ 2022-07-06 16:09:05,154][train.train_nn_models] [Training] Epoch=111, nll=1151.3925
[ 2022-07-06 16:09:05,157][train.train_nn_models] [Validation] Epoch=111, nll=1161.1495
[ 2022-07-06 16:09:05,160][train.train_nn_models] Found a better model at epoch 111.
[ 2022-07-06 16:09:10,520][train.train_nn_models] [Training] Epoch=112, nll=1150.8379
[ 2022-07-06 16:09:10,523][train.train_nn_models] [Validation] Epoch=112, nll=1160.5923
[ 2022-07-06 16:09:10,526][train.train_nn_models] Found a better model at epoch 112.
[ 2022-07-06 16:09:14,244][train.train_nn_models] [Training] Epoch=113, nll=1150.2955
[ 2022-07-06 16:09:14,247][train.train_nn_models] [Validation] Epoch=113, nll=1160.0490
[ 2022-07-06 16:09:14,250][train.train_nn_models] Found a better model at epoch 113.
[ 2022-07-06 16:09:18,301][train.train_nn_models] [Training] Epoch=114, nll=1149.7666
[ 2022-07-06 16:09:18,304][train.train_nn_models] [Validation] Epoch=114, nll=1159.5179
[ 2022-07-06 16:09:18,307][train.train_nn_models] Found a better model at epoch 114.
[ 2022-07-06 16:09:23,980][train.train_nn_models] [Training] Epoch=115, nll=1149.2484
[ 2022-07-06 16:09:24,008][train.train_nn_models] [Validation] Epoch=115, nll=1158.9946
[ 2022-07-06 16:09:24,012][train.train_nn_models] Found a better model at epoch 115.
[ 2022-07-06 16:09:28,639][train.train_nn_models] [Training] Epoch=116, nll=1148.7369
[ 2022-07-06 16:09:28,642][train.train_nn_models] [Validation] Epoch=116, nll=1158.4745
[ 2022-07-06 16:09:28,645][train.train_nn_models] Found a better model at epoch 116.
[ 2022-07-06 16:09:33,360][train.train_nn_models] [Training] Epoch=117, nll=1148.2260
[ 2022-07-06 16:09:33,363][train.train_nn_models] [Validation] Epoch=117, nll=1157.9498
[ 2022-07-06 16:09:33,366][train.train_nn_models] Found a better model at epoch 117.
[ 2022-07-06 16:09:37,881][train.train_nn_models] [Training] Epoch=118, nll=1147.7064
[ 2022-07-06 16:09:37,884][train.train_nn_models] [Validation] Epoch=118, nll=1157.4108
[ 2022-07-06 16:09:37,887][train.train_nn_models] Found a better model at epoch 118.
[ 2022-07-06 16:09:41,802][train.train_nn_models] [Training] Epoch=119, nll=1147.1710
[ 2022-07-06 16:09:41,806][train.train_nn_models] [Validation] Epoch=119, nll=1156.8527
[ 2022-07-06 16:09:41,808][train.train_nn_models] Found a better model at epoch 119.
[ 2022-07-06 16:09:45,850][train.train_nn_models] [Training] Epoch=120, nll=1146.6229
[ 2022-07-06 16:09:45,853][train.train_nn_models] [Validation] Epoch=120, nll=1156.2924
[ 2022-07-06 16:09:45,856][train.train_nn_models] Found a better model at epoch 120.
[ 2022-07-06 16:09:50,976][train.train_nn_models] [Training] Epoch=121, nll=1146.0861
[ 2022-07-06 16:09:50,979][train.train_nn_models] [Validation] Epoch=121, nll=1155.7605
[ 2022-07-06 16:09:50,982][train.train_nn_models] Found a better model at epoch 121.
[ 2022-07-06 16:09:55,758][train.train_nn_models] [Training] Epoch=122, nll=1145.5828
[ 2022-07-06 16:09:55,760][train.train_nn_models] [Validation] Epoch=122, nll=1155.2683
[ 2022-07-06 16:09:55,763][train.train_nn_models] Found a better model at epoch 122.
[ 2022-07-06 16:10:02,129][train.train_nn_models] [Training] Epoch=123, nll=1145.1135
[ 2022-07-06 16:10:02,132][train.train_nn_models] [Validation] Epoch=123, nll=1154.8062
[ 2022-07-06 16:10:02,135][train.train_nn_models] Found a better model at epoch 123.
[ 2022-07-06 16:10:06,814][train.train_nn_models] [Training] Epoch=124, nll=1144.6675
[ 2022-07-06 16:10:06,819][train.train_nn_models] [Validation] Epoch=124, nll=1154.3638
[ 2022-07-06 16:10:06,822][train.train_nn_models] Found a better model at epoch 124.
[ 2022-07-06 16:10:10,958][train.train_nn_models] [Training] Epoch=125, nll=1144.2368
[ 2022-07-06 16:10:10,961][train.train_nn_models] [Validation] Epoch=125, nll=1153.9351
[ 2022-07-06 16:10:10,963][train.train_nn_models] Found a better model at epoch 125.
[ 2022-07-06 16:10:15,250][train.train_nn_models] [Training] Epoch=126, nll=1143.8174
[ 2022-07-06 16:10:15,253][train.train_nn_models] [Validation] Epoch=126, nll=1153.5173
[ 2022-07-06 16:10:15,255][train.train_nn_models] Found a better model at epoch 126.
[ 2022-07-06 16:10:19,953][train.train_nn_models] [Training] Epoch=127, nll=1143.4060
[ 2022-07-06 16:10:19,956][train.train_nn_models] [Validation] Epoch=127, nll=1153.1077
[ 2022-07-06 16:10:19,958][train.train_nn_models] Found a better model at epoch 127.
[ 2022-07-06 16:10:24,209][train.train_nn_models] [Training] Epoch=128, nll=1142.9996
[ 2022-07-06 16:10:24,212][train.train_nn_models] [Validation] Epoch=128, nll=1152.7014
[ 2022-07-06 16:10:24,215][train.train_nn_models] Found a better model at epoch 128.
[ 2022-07-06 16:10:28,880][train.train_nn_models] [Training] Epoch=129, nll=1142.5922
[ 2022-07-06 16:10:28,881][train.train_nn_models] [Validation] Epoch=129, nll=1152.2893
[ 2022-07-06 16:10:28,885][train.train_nn_models] Found a better model at epoch 129.
[ 2022-07-06 16:10:33,581][train.train_nn_models] [Training] Epoch=130, nll=1142.1736
[ 2022-07-06 16:10:33,584][train.train_nn_models] [Validation] Epoch=130, nll=1151.8573
[ 2022-07-06 16:10:33,587][train.train_nn_models] Found a better model at epoch 130.
[ 2022-07-06 16:10:38,343][train.train_nn_models] [Training] Epoch=131, nll=1141.7294
[ 2022-07-06 16:10:38,346][train.train_nn_models] [Validation] Epoch=131, nll=1151.3875
[ 2022-07-06 16:10:38,375][train.train_nn_models] Found a better model at epoch 131.
[ 2022-07-06 16:10:43,060][train.train_nn_models] [Training] Epoch=132, nll=1141.2526
[ 2022-07-06 16:10:43,063][train.train_nn_models] [Validation] Epoch=132, nll=1150.8864
[ 2022-07-06 16:10:43,066][train.train_nn_models] Found a better model at epoch 132.
[ 2022-07-06 16:10:47,395][train.train_nn_models] [Training] Epoch=133, nll=1140.7750
[ 2022-07-06 16:10:47,398][train.train_nn_models] [Validation] Epoch=133, nll=1150.4071
[ 2022-07-06 16:10:47,400][train.train_nn_models] Found a better model at epoch 133.
[ 2022-07-06 16:10:51,642][train.train_nn_models] [Training] Epoch=134, nll=1140.3315
[ 2022-07-06 16:10:51,645][train.train_nn_models] [Validation] Epoch=134, nll=1149.9700
[ 2022-07-06 16:10:51,648][train.train_nn_models] Found a better model at epoch 134.
[ 2022-07-06 16:10:55,606][train.train_nn_models] [Training] Epoch=135, nll=1139.9004
[ 2022-07-06 16:10:55,608][train.train_nn_models] [Validation] Epoch=135, nll=1149.5540
[ 2022-07-06 16:10:55,614][train.train_nn_models] Found a better model at epoch 135.
[ 2022-07-06 16:11:00,317][train.train_nn_models] [Training] Epoch=136, nll=1139.4607
[ 2022-07-06 16:11:00,319][train.train_nn_models] [Validation] Epoch=136, nll=1149.1495
[ 2022-07-06 16:11:00,322][train.train_nn_models] Found a better model at epoch 136.
[ 2022-07-06 16:11:05,643][train.train_nn_models] [Training] Epoch=137, nll=1139.0204
[ 2022-07-06 16:11:05,670][train.train_nn_models] [Validation] Epoch=137, nll=1148.7528
[ 2022-07-06 16:11:05,673][train.train_nn_models] Found a better model at epoch 137.
[ 2022-07-06 16:11:09,911][train.train_nn_models] [Training] Epoch=138, nll=1138.5923
[ 2022-07-06 16:11:09,914][train.train_nn_models] [Validation] Epoch=138, nll=1148.3497
[ 2022-07-06 16:11:09,917][train.train_nn_models] Found a better model at epoch 138.
[ 2022-07-06 16:11:15,435][train.train_nn_models] [Training] Epoch=139, nll=1138.1757
[ 2022-07-06 16:11:15,438][train.train_nn_models] [Validation] Epoch=139, nll=1147.9207
[ 2022-07-06 16:11:15,440][train.train_nn_models] Found a better model at epoch 139.
[ 2022-07-06 16:11:19,404][train.train_nn_models] [Training] Epoch=140, nll=1137.7599
[ 2022-07-06 16:11:19,407][train.train_nn_models] [Validation] Epoch=140, nll=1147.4547
[ 2022-07-06 16:11:19,410][train.train_nn_models] Found a better model at epoch 140.
[ 2022-07-06 16:11:23,457][train.train_nn_models] [Training] Epoch=141, nll=1137.3422
[ 2022-07-06 16:11:23,460][train.train_nn_models] [Validation] Epoch=141, nll=1146.9673
[ 2022-07-06 16:11:23,463][train.train_nn_models] Found a better model at epoch 141.
[ 2022-07-06 16:11:27,906][train.train_nn_models] [Training] Epoch=142, nll=1136.9346
[ 2022-07-06 16:11:27,909][train.train_nn_models] [Validation] Epoch=142, nll=1146.5127
[ 2022-07-06 16:11:27,912][train.train_nn_models] Found a better model at epoch 142.
[ 2022-07-06 16:11:32,773][train.train_nn_models] [Training] Epoch=143, nll=1136.5408
[ 2022-07-06 16:11:32,776][train.train_nn_models] [Validation] Epoch=143, nll=1146.1133
[ 2022-07-06 16:11:32,778][train.train_nn_models] Found a better model at epoch 143.
[ 2022-07-06 16:11:37,614][train.train_nn_models] [Training] Epoch=144, nll=1136.1449
[ 2022-07-06 16:11:37,617][train.train_nn_models] [Validation] Epoch=144, nll=1145.7448
[ 2022-07-06 16:11:37,620][train.train_nn_models] Found a better model at epoch 144.
[ 2022-07-06 16:11:42,464][train.train_nn_models] [Training] Epoch=145, nll=1135.7480
[ 2022-07-06 16:11:42,467][train.train_nn_models] [Validation] Epoch=145, nll=1145.3807
[ 2022-07-06 16:11:42,470][train.train_nn_models] Found a better model at epoch 145.
[ 2022-07-06 16:11:47,095][train.train_nn_models] [Training] Epoch=146, nll=1135.3514
[ 2022-07-06 16:11:47,098][train.train_nn_models] [Validation] Epoch=146, nll=1145.0090
[ 2022-07-06 16:11:47,101][train.train_nn_models] Found a better model at epoch 146.
[ 2022-07-06 16:11:51,842][train.train_nn_models] [Training] Epoch=147, nll=1134.9508
[ 2022-07-06 16:11:51,845][train.train_nn_models] [Validation] Epoch=147, nll=1144.6348
[ 2022-07-06 16:11:51,848][train.train_nn_models] Found a better model at epoch 147.
[ 2022-07-06 16:11:56,514][train.train_nn_models] [Training] Epoch=148, nll=1134.5476
[ 2022-07-06 16:11:56,516][train.train_nn_models] [Validation] Epoch=148, nll=1144.2705
[ 2022-07-06 16:11:56,519][train.train_nn_models] Found a better model at epoch 148.
[ 2022-07-06 16:12:01,713][train.train_nn_models] [Training] Epoch=149, nll=1134.1542
[ 2022-07-06 16:12:01,715][train.train_nn_models] [Validation] Epoch=149, nll=1143.9269
[ 2022-07-06 16:12:01,717][train.train_nn_models] Found a better model at epoch 149.
[ 2022-07-06 16:12:05,730][train.train_nn_models] [Training] Epoch=150, nll=1133.7844
[ 2022-07-06 16:12:05,733][train.train_nn_models] [Validation] Epoch=150, nll=1143.5939
[ 2022-07-06 16:12:05,736][train.train_nn_models] Found a better model at epoch 150.
[ 2022-07-06 16:12:11,296][train.train_nn_models] [Training] Epoch=151, nll=1133.4346
[ 2022-07-06 16:12:11,299][train.train_nn_models] [Validation] Epoch=151, nll=1143.2543
[ 2022-07-06 16:12:11,302][train.train_nn_models] Found a better model at epoch 151.
[ 2022-07-06 16:12:15,589][train.train_nn_models] [Training] Epoch=152, nll=1133.0913
[ 2022-07-06 16:12:15,592][train.train_nn_models] [Validation] Epoch=152, nll=1142.9136
[ 2022-07-06 16:12:15,595][train.train_nn_models] Found a better model at epoch 152.
[ 2022-07-06 16:12:20,457][train.train_nn_models] [Training] Epoch=153, nll=1132.7507
[ 2022-07-06 16:12:20,460][train.train_nn_models] [Validation] Epoch=153, nll=1142.5808
[ 2022-07-06 16:12:20,463][train.train_nn_models] Found a better model at epoch 153.
[ 2022-07-06 16:12:25,032][train.train_nn_models] [Training] Epoch=154, nll=1132.4115
[ 2022-07-06 16:12:25,035][train.train_nn_models] [Validation] Epoch=154, nll=1142.2576
[ 2022-07-06 16:12:25,074][train.train_nn_models] Found a better model at epoch 154.
[ 2022-07-06 16:12:29,225][train.train_nn_models] [Training] Epoch=155, nll=1132.0752
[ 2022-07-06 16:12:29,227][train.train_nn_models] [Validation] Epoch=155, nll=1141.9415
[ 2022-07-06 16:12:29,268][train.train_nn_models] Found a better model at epoch 155.
[ 2022-07-06 16:12:33,850][train.train_nn_models] [Training] Epoch=156, nll=1131.7452
[ 2022-07-06 16:12:33,852][train.train_nn_models] [Validation] Epoch=156, nll=1141.6324
[ 2022-07-06 16:12:33,855][train.train_nn_models] Found a better model at epoch 156.
[ 2022-07-06 16:12:37,761][train.train_nn_models] [Training] Epoch=157, nll=1131.4230
[ 2022-07-06 16:12:37,764][train.train_nn_models] [Validation] Epoch=157, nll=1141.3318
[ 2022-07-06 16:12:37,768][train.train_nn_models] Found a better model at epoch 157.
[ 2022-07-06 16:12:42,930][train.train_nn_models] [Training] Epoch=158, nll=1131.1091
[ 2022-07-06 16:12:42,933][train.train_nn_models] [Validation] Epoch=158, nll=1141.0406
[ 2022-07-06 16:12:42,936][train.train_nn_models] Found a better model at epoch 158.
[ 2022-07-06 16:12:47,274][train.train_nn_models] [Training] Epoch=159, nll=1130.8008
[ 2022-07-06 16:12:47,277][train.train_nn_models] [Validation] Epoch=159, nll=1140.7599
[ 2022-07-06 16:12:47,280][train.train_nn_models] Found a better model at epoch 159.
[ 2022-07-06 16:12:51,888][train.train_nn_models] [Training] Epoch=160, nll=1130.4962
[ 2022-07-06 16:12:51,891][train.train_nn_models] [Validation] Epoch=160, nll=1140.4894
[ 2022-07-06 16:12:51,893][train.train_nn_models] Found a better model at epoch 160.
[ 2022-07-06 16:12:56,115][train.train_nn_models] [Training] Epoch=161, nll=1130.1934
[ 2022-07-06 16:12:56,118][train.train_nn_models] [Validation] Epoch=161, nll=1140.2255
[ 2022-07-06 16:12:56,121][train.train_nn_models] Found a better model at epoch 161.
[ 2022-07-06 16:13:01,301][train.train_nn_models] [Training] Epoch=162, nll=1129.8905
[ 2022-07-06 16:13:01,304][train.train_nn_models] [Validation] Epoch=162, nll=1139.9646
[ 2022-07-06 16:13:01,306][train.train_nn_models] Found a better model at epoch 162.
[ 2022-07-06 16:13:06,384][train.train_nn_models] [Training] Epoch=163, nll=1129.5861
[ 2022-07-06 16:13:06,387][train.train_nn_models] [Validation] Epoch=163, nll=1139.7046
[ 2022-07-06 16:13:06,390][train.train_nn_models] Found a better model at epoch 163.
[ 2022-07-06 16:13:11,963][train.train_nn_models] [Training] Epoch=164, nll=1129.2797
[ 2022-07-06 16:13:11,965][train.train_nn_models] [Validation] Epoch=164, nll=1139.4438
[ 2022-07-06 16:13:11,968][train.train_nn_models] Found a better model at epoch 164.
[ 2022-07-06 16:13:16,124][train.train_nn_models] [Training] Epoch=165, nll=1128.9728
[ 2022-07-06 16:13:16,127][train.train_nn_models] [Validation] Epoch=165, nll=1139.1833
[ 2022-07-06 16:13:16,130][train.train_nn_models] Found a better model at epoch 165.
[ 2022-07-06 16:13:19,969][train.train_nn_models] [Training] Epoch=166, nll=1128.6675
[ 2022-07-06 16:13:19,972][train.train_nn_models] [Validation] Epoch=166, nll=1138.9240
[ 2022-07-06 16:13:19,976][train.train_nn_models] Found a better model at epoch 166.
[ 2022-07-06 16:13:25,767][train.train_nn_models] [Training] Epoch=167, nll=1128.3633
[ 2022-07-06 16:13:25,770][train.train_nn_models] [Validation] Epoch=167, nll=1138.6620
[ 2022-07-06 16:13:25,773][train.train_nn_models] Found a better model at epoch 167.
[ 2022-07-06 16:13:30,621][train.train_nn_models] [Training] Epoch=168, nll=1128.0597
[ 2022-07-06 16:13:30,624][train.train_nn_models] [Validation] Epoch=168, nll=1138.3959
[ 2022-07-06 16:13:30,627][train.train_nn_models] Found a better model at epoch 168.
[ 2022-07-06 16:13:34,699][train.train_nn_models] [Training] Epoch=169, nll=1127.7582
[ 2022-07-06 16:13:34,702][train.train_nn_models] [Validation] Epoch=169, nll=1138.1294
[ 2022-07-06 16:13:34,705][train.train_nn_models] Found a better model at epoch 169.
[ 2022-07-06 16:13:39,744][train.train_nn_models] [Training] Epoch=170, nll=1127.4607
[ 2022-07-06 16:13:39,747][train.train_nn_models] [Validation] Epoch=170, nll=1137.8662
[ 2022-07-06 16:13:39,750][train.train_nn_models] Found a better model at epoch 170.
[ 2022-07-06 16:13:44,863][train.train_nn_models] [Training] Epoch=171, nll=1127.1682
[ 2022-07-06 16:13:44,865][train.train_nn_models] [Validation] Epoch=171, nll=1137.6071
[ 2022-07-06 16:13:44,868][train.train_nn_models] Found a better model at epoch 171.
[ 2022-07-06 16:13:50,025][train.train_nn_models] [Training] Epoch=172, nll=1126.8799
[ 2022-07-06 16:13:50,028][train.train_nn_models] [Validation] Epoch=172, nll=1137.3513
[ 2022-07-06 16:13:50,031][train.train_nn_models] Found a better model at epoch 172.
[ 2022-07-06 16:13:54,937][train.train_nn_models] [Training] Epoch=173, nll=1126.5950
[ 2022-07-06 16:13:54,940][train.train_nn_models] [Validation] Epoch=173, nll=1137.0989
[ 2022-07-06 16:13:54,942][train.train_nn_models] Found a better model at epoch 173.
[ 2022-07-06 16:14:00,202][train.train_nn_models] [Training] Epoch=174, nll=1126.3130
[ 2022-07-06 16:14:00,223][train.train_nn_models] [Validation] Epoch=174, nll=1136.8502
[ 2022-07-06 16:14:00,226][train.train_nn_models] Found a better model at epoch 174.
[ 2022-07-06 16:14:05,771][train.train_nn_models] [Training] Epoch=175, nll=1126.0337
[ 2022-07-06 16:14:05,774][train.train_nn_models] [Validation] Epoch=175, nll=1136.6047
[ 2022-07-06 16:14:05,777][train.train_nn_models] Found a better model at epoch 175.
[ 2022-07-06 16:14:10,826][train.train_nn_models] [Training] Epoch=176, nll=1125.7560
[ 2022-07-06 16:14:10,829][train.train_nn_models] [Validation] Epoch=176, nll=1136.3629
[ 2022-07-06 16:14:10,832][train.train_nn_models] Found a better model at epoch 176.
[ 2022-07-06 16:14:15,191][train.train_nn_models] [Training] Epoch=177, nll=1125.4796
[ 2022-07-06 16:14:15,194][train.train_nn_models] [Validation] Epoch=177, nll=1136.1235
[ 2022-07-06 16:14:15,197][train.train_nn_models] Found a better model at epoch 177.
[ 2022-07-06 16:14:20,578][train.train_nn_models] [Training] Epoch=178, nll=1125.2039
[ 2022-07-06 16:14:20,581][train.train_nn_models] [Validation] Epoch=178, nll=1135.8860
[ 2022-07-06 16:14:20,584][train.train_nn_models] Found a better model at epoch 178.
[ 2022-07-06 16:14:24,830][train.train_nn_models] [Training] Epoch=179, nll=1124.9274
[ 2022-07-06 16:14:24,833][train.train_nn_models] [Validation] Epoch=179, nll=1135.6478
[ 2022-07-06 16:14:24,836][train.train_nn_models] Found a better model at epoch 179.
[ 2022-07-06 16:14:29,292][train.train_nn_models] [Training] Epoch=180, nll=1124.6490
[ 2022-07-06 16:14:29,295][train.train_nn_models] [Validation] Epoch=180, nll=1135.4075
[ 2022-07-06 16:14:29,297][train.train_nn_models] Found a better model at epoch 180.
[ 2022-07-06 16:14:33,403][train.train_nn_models] [Training] Epoch=181, nll=1124.3673
[ 2022-07-06 16:14:33,406][train.train_nn_models] [Validation] Epoch=181, nll=1135.1624
[ 2022-07-06 16:14:33,430][train.train_nn_models] Found a better model at epoch 181.
[ 2022-07-06 16:14:38,058][train.train_nn_models] [Training] Epoch=182, nll=1124.0807
[ 2022-07-06 16:14:38,062][train.train_nn_models] [Validation] Epoch=182, nll=1134.9124
[ 2022-07-06 16:14:38,065][train.train_nn_models] Found a better model at epoch 182.
[ 2022-07-06 16:14:42,648][train.train_nn_models] [Training] Epoch=183, nll=1123.7903
[ 2022-07-06 16:14:42,651][train.train_nn_models] [Validation] Epoch=183, nll=1134.6594
[ 2022-07-06 16:14:42,654][train.train_nn_models] Found a better model at epoch 183.
[ 2022-07-06 16:14:46,416][train.train_nn_models] [Training] Epoch=184, nll=1123.4990
[ 2022-07-06 16:14:46,419][train.train_nn_models] [Validation] Epoch=184, nll=1134.4091
[ 2022-07-06 16:14:46,421][train.train_nn_models] Found a better model at epoch 184.
[ 2022-07-06 16:14:51,191][train.train_nn_models] [Training] Epoch=185, nll=1123.2106
[ 2022-07-06 16:14:51,193][train.train_nn_models] [Validation] Epoch=185, nll=1134.1658
[ 2022-07-06 16:14:51,196][train.train_nn_models] Found a better model at epoch 185.
[ 2022-07-06 16:14:55,509][train.train_nn_models] [Training] Epoch=186, nll=1122.9271
[ 2022-07-06 16:14:55,512][train.train_nn_models] [Validation] Epoch=186, nll=1133.9315
[ 2022-07-06 16:14:55,514][train.train_nn_models] Found a better model at epoch 186.
[ 2022-07-06 16:15:01,547][train.train_nn_models] [Training] Epoch=187, nll=1122.6501
[ 2022-07-06 16:15:01,549][train.train_nn_models] [Validation] Epoch=187, nll=1133.7046
[ 2022-07-06 16:15:01,552][train.train_nn_models] Found a better model at epoch 187.
[ 2022-07-06 16:15:05,714][train.train_nn_models] [Training] Epoch=188, nll=1122.3796
[ 2022-07-06 16:15:05,716][train.train_nn_models] [Validation] Epoch=188, nll=1133.4829
[ 2022-07-06 16:15:05,718][train.train_nn_models] Found a better model at epoch 188.
[ 2022-07-06 16:15:11,477][train.train_nn_models] [Training] Epoch=189, nll=1122.1157
[ 2022-07-06 16:15:11,479][train.train_nn_models] [Validation] Epoch=189, nll=1133.2651
[ 2022-07-06 16:15:11,482][train.train_nn_models] Found a better model at epoch 189.
[ 2022-07-06 16:15:15,630][train.train_nn_models] [Training] Epoch=190, nll=1121.8572
[ 2022-07-06 16:15:15,633][train.train_nn_models] [Validation] Epoch=190, nll=1133.0508
[ 2022-07-06 16:15:15,636][train.train_nn_models] Found a better model at epoch 190.
[ 2022-07-06 16:15:19,620][train.train_nn_models] [Training] Epoch=191, nll=1121.6038
[ 2022-07-06 16:15:19,643][train.train_nn_models] [Validation] Epoch=191, nll=1132.8411
[ 2022-07-06 16:15:19,646][train.train_nn_models] Found a better model at epoch 191.
[ 2022-07-06 16:15:23,843][train.train_nn_models] [Training] Epoch=192, nll=1121.3551
[ 2022-07-06 16:15:23,846][train.train_nn_models] [Validation] Epoch=192, nll=1132.6371
[ 2022-07-06 16:15:23,849][train.train_nn_models] Found a better model at epoch 192.
[ 2022-07-06 16:15:27,788][train.train_nn_models] [Training] Epoch=193, nll=1121.1112
[ 2022-07-06 16:15:27,791][train.train_nn_models] [Validation] Epoch=193, nll=1132.4395
[ 2022-07-06 16:15:27,794][train.train_nn_models] Found a better model at epoch 193.
[ 2022-07-06 16:15:32,482][train.train_nn_models] [Training] Epoch=194, nll=1120.8726
[ 2022-07-06 16:15:32,484][train.train_nn_models] [Validation] Epoch=194, nll=1132.2491
[ 2022-07-06 16:15:32,487][train.train_nn_models] Found a better model at epoch 194.
[ 2022-07-06 16:15:36,230][train.train_nn_models] [Training] Epoch=195, nll=1120.6385
[ 2022-07-06 16:15:36,233][train.train_nn_models] [Validation] Epoch=195, nll=1132.0657
[ 2022-07-06 16:15:36,236][train.train_nn_models] Found a better model at epoch 195.
[ 2022-07-06 16:15:40,197][train.train_nn_models] [Training] Epoch=196, nll=1120.4087
[ 2022-07-06 16:15:40,199][train.train_nn_models] [Validation] Epoch=196, nll=1131.8888
[ 2022-07-06 16:15:40,201][train.train_nn_models] Found a better model at epoch 196.
[ 2022-07-06 16:15:43,861][train.train_nn_models] [Training] Epoch=197, nll=1120.1825
[ 2022-07-06 16:15:43,864][train.train_nn_models] [Validation] Epoch=197, nll=1131.7167
[ 2022-07-06 16:15:43,867][train.train_nn_models] Found a better model at epoch 197.
[ 2022-07-06 16:15:47,449][train.train_nn_models] [Training] Epoch=198, nll=1119.9596
[ 2022-07-06 16:15:47,452][train.train_nn_models] [Validation] Epoch=198, nll=1131.5492
[ 2022-07-06 16:15:47,455][train.train_nn_models] Found a better model at epoch 198.
[ 2022-07-06 16:15:51,028][train.train_nn_models] [Training] Epoch=199, nll=1119.7393
[ 2022-07-06 16:15:51,031][train.train_nn_models] [Validation] Epoch=199, nll=1131.3851
[ 2022-07-06 16:15:51,034][train.train_nn_models] Found a better model at epoch 199.
[ 2022-07-06 16:15:51,305][train.eval_nll] [Test]nll=1107.2998
[ 2022-07-06 16:15:52,863][train.<module>]                    timestamp  ...                                             config
0 2022-07-06 16:15:52.846787  ...  {'model': 'RPPN', 'dataset': 'mhp-1K-10', 'inp...
1 2022-07-06 16:15:52.846787  ...  {'model': 'RPPN', 'dataset': 'mhp-1K-10', 'inp...
2 2022-07-06 16:15:52.846787  ...  {'model': 'RPPN', 'dataset': 'mhp-1K-10', 'inp...
3 2022-07-06 16:15:52.846787  ...  {'model': 'RPPN', 'dataset': 'mhp-1K-10', 'inp...
4 2022-07-06 16:15:52.846787  ...  {'model': 'RPPN', 'dataset': 'mhp-1K-10', 'inp...
5 2022-07-06 16:15:52.846787  ...  {'model': 'RPPN', 'dataset': 'mhp-1K-10', 'inp...

[6 rows x 7 columns]
