[ 2022-08-31 18:30:22,878][train_tran.<module>] Namespace(attr_batch_size=0, basis_type='dyadic', batch_size=64, bucket_seqs=False, cuda=True, dataset='pgem-1K-15', dropout=0.0, embedding_dim=64, epochs=250, hidden_size=64, input_dir='data/input', l2_reg=0, lr=0.0008, max_mean=20.0, model='Tran', n_bases=7, num_workers=0, occurred_type_only=False, optimizer='Adam', output_dir='data/output', rand_seed=1, skip_eval_infectivity=False, skip_pred_next_event=False, split_id=3, steps=50, tran_head=1, tran_layer=4, tune_metric='nll', verbose=False)
[ 2022-08-31 18:30:25,772][train_tran.train_nn_models] [Training] Epoch=0, loss=22909.1914, nll=22909.1914, l2_reg=0.0000, acc=0.0410
[ 2022-08-31 18:30:25,773][train_tran.train_nn_models] [Validation] Epoch=0, nll=12536.4072, acc=0.0256
[ 2022-08-31 18:30:28,501][train_tran.train_nn_models] [Training] Epoch=1, loss=7475.1934, nll=7475.1934, l2_reg=0.0000, acc=0.0241
[ 2022-08-31 18:30:28,501][train_tran.train_nn_models] [Validation] Epoch=1, nll=2822.0613, acc=0.0230
[ 2022-08-31 18:30:31,146][train_tran.train_nn_models] [Training] Epoch=2, loss=1932.7305, nll=1932.7305, l2_reg=0.0000, acc=0.0245
[ 2022-08-31 18:30:31,146][train_tran.train_nn_models] [Validation] Epoch=2, nll=1426.4258, acc=0.0237
[ 2022-08-31 18:30:33,739][train_tran.train_nn_models] [Training] Epoch=3, loss=1388.7052, nll=1388.7052, l2_reg=0.0000, acc=0.1068
[ 2022-08-31 18:30:33,740][train_tran.train_nn_models] [Validation] Epoch=3, nll=1311.7301, acc=0.1615
[ 2022-08-31 18:30:36,276][train_tran.train_nn_models] [Training] Epoch=4, loss=1306.7318, nll=1306.7318, l2_reg=0.0000, acc=0.1712
[ 2022-08-31 18:30:36,276][train_tran.train_nn_models] [Validation] Epoch=4, nll=1266.8260, acc=0.1762
[ 2022-08-31 18:30:38,875][train_tran.train_nn_models] [Training] Epoch=5, loss=1263.0435, nll=1263.0435, l2_reg=0.0000, acc=0.1775
[ 2022-08-31 18:30:38,876][train_tran.train_nn_models] [Validation] Epoch=5, nll=1238.5472, acc=0.1865
[ 2022-08-31 18:30:41,496][train_tran.train_nn_models] [Training] Epoch=6, loss=1246.0604, nll=1246.0604, l2_reg=0.0000, acc=0.1869
[ 2022-08-31 18:30:41,497][train_tran.train_nn_models] [Validation] Epoch=6, nll=1229.5374, acc=0.1909
[ 2022-08-31 18:30:44,003][train_tran.train_nn_models] [Training] Epoch=7, loss=1239.3442, nll=1239.3442, l2_reg=0.0000, acc=0.1874
[ 2022-08-31 18:30:44,003][train_tran.train_nn_models] [Validation] Epoch=7, nll=1225.5006, acc=0.1868
[ 2022-08-31 18:30:46,724][train_tran.train_nn_models] [Training] Epoch=8, loss=1235.9202, nll=1235.9202, l2_reg=0.0000, acc=0.1863
[ 2022-08-31 18:30:46,724][train_tran.train_nn_models] [Validation] Epoch=8, nll=1222.8322, acc=0.1893
[ 2022-08-31 18:30:49,362][train_tran.train_nn_models] [Training] Epoch=9, loss=1233.5055, nll=1233.5055, l2_reg=0.0000, acc=0.1868
[ 2022-08-31 18:30:49,363][train_tran.train_nn_models] [Validation] Epoch=9, nll=1220.8153, acc=0.1914
[ 2022-08-31 18:30:51,997][train_tran.train_nn_models] [Training] Epoch=10, loss=1231.5367, nll=1231.5367, l2_reg=0.0000, acc=0.1868
[ 2022-08-31 18:30:51,998][train_tran.train_nn_models] [Validation] Epoch=10, nll=1219.0142, acc=0.1903
[ 2022-08-31 18:30:54,553][train_tran.train_nn_models] [Training] Epoch=11, loss=1229.8751, nll=1229.8751, l2_reg=0.0000, acc=0.1867
[ 2022-08-31 18:30:54,554][train_tran.train_nn_models] [Validation] Epoch=11, nll=1217.5492, acc=0.1914
[ 2022-08-31 18:30:57,069][train_tran.train_nn_models] [Training] Epoch=12, loss=1228.5614, nll=1228.5614, l2_reg=0.0000, acc=0.1866
[ 2022-08-31 18:30:57,069][train_tran.train_nn_models] [Validation] Epoch=12, nll=1216.3789, acc=0.1900
[ 2022-08-31 18:30:59,673][train_tran.train_nn_models] [Training] Epoch=13, loss=1227.5010, nll=1227.5010, l2_reg=0.0000, acc=0.1864
[ 2022-08-31 18:30:59,674][train_tran.train_nn_models] [Validation] Epoch=13, nll=1215.4418, acc=0.1906
[ 2022-08-31 18:31:02,229][train_tran.train_nn_models] [Training] Epoch=14, loss=1226.6753, nll=1226.6753, l2_reg=0.0000, acc=0.1865
[ 2022-08-31 18:31:02,230][train_tran.train_nn_models] [Validation] Epoch=14, nll=1214.7170, acc=0.1880
[ 2022-08-31 18:31:04,879][train_tran.train_nn_models] [Training] Epoch=15, loss=1226.0225, nll=1226.0225, l2_reg=0.0000, acc=0.1870
[ 2022-08-31 18:31:04,879][train_tran.train_nn_models] [Validation] Epoch=15, nll=1214.1254, acc=0.1873
[ 2022-08-31 18:31:07,443][train_tran.train_nn_models] [Training] Epoch=16, loss=1225.4891, nll=1225.4891, l2_reg=0.0000, acc=0.1868
[ 2022-08-31 18:31:07,443][train_tran.train_nn_models] [Validation] Epoch=16, nll=1213.6323, acc=0.1875
[ 2022-08-31 18:31:10,037][train_tran.train_nn_models] [Training] Epoch=17, loss=1225.0460, nll=1225.0460, l2_reg=0.0000, acc=0.1871
[ 2022-08-31 18:31:10,038][train_tran.train_nn_models] [Validation] Epoch=17, nll=1213.2162, acc=0.1882
[ 2022-08-31 18:31:12,683][train_tran.train_nn_models] [Training] Epoch=18, loss=1224.6730, nll=1224.6730, l2_reg=0.0000, acc=0.1867
[ 2022-08-31 18:31:12,683][train_tran.train_nn_models] [Validation] Epoch=18, nll=1212.8615, acc=0.1881
[ 2022-08-31 18:31:15,299][train_tran.train_nn_models] [Training] Epoch=19, loss=1224.3573, nll=1224.3573, l2_reg=0.0000, acc=0.1865
[ 2022-08-31 18:31:15,300][train_tran.train_nn_models] [Validation] Epoch=19, nll=1212.5609, acc=0.1878
[ 2022-08-31 18:31:17,851][train_tran.train_nn_models] [Training] Epoch=20, loss=1224.0917, nll=1224.0917, l2_reg=0.0000, acc=0.1867
[ 2022-08-31 18:31:17,852][train_tran.train_nn_models] [Validation] Epoch=20, nll=1212.3080, acc=0.1881
[ 2022-08-31 18:31:20,505][train_tran.train_nn_models] [Training] Epoch=21, loss=1223.8691, nll=1223.8691, l2_reg=0.0000, acc=0.1867
[ 2022-08-31 18:31:20,506][train_tran.train_nn_models] [Validation] Epoch=21, nll=1212.0973, acc=0.1877
[ 2022-08-31 18:31:23,148][train_tran.train_nn_models] [Training] Epoch=22, loss=1223.6836, nll=1223.6836, l2_reg=0.0000, acc=0.1872
[ 2022-08-31 18:31:23,148][train_tran.train_nn_models] [Validation] Epoch=22, nll=1211.9213, acc=0.1870
[ 2022-08-31 18:31:25,876][train_tran.train_nn_models] [Training] Epoch=23, loss=1223.5277, nll=1223.5277, l2_reg=0.0000, acc=0.1874
[ 2022-08-31 18:31:25,876][train_tran.train_nn_models] [Validation] Epoch=23, nll=1211.7727, acc=0.1864
[ 2022-08-31 18:31:28,461][train_tran.train_nn_models] [Training] Epoch=24, loss=1223.3953, nll=1223.3953, l2_reg=0.0000, acc=0.1871
[ 2022-08-31 18:31:28,462][train_tran.train_nn_models] [Validation] Epoch=24, nll=1211.6454, acc=0.1866
[ 2022-08-31 18:31:31,152][train_tran.train_nn_models] [Training] Epoch=25, loss=1223.2812, nll=1223.2812, l2_reg=0.0000, acc=0.1871
[ 2022-08-31 18:31:31,152][train_tran.train_nn_models] [Validation] Epoch=25, nll=1211.5356, acc=0.1864
[ 2022-08-31 18:31:33,832][train_tran.train_nn_models] [Training] Epoch=26, loss=1223.1816, nll=1223.1816, l2_reg=0.0000, acc=0.1869
[ 2022-08-31 18:31:33,832][train_tran.train_nn_models] [Validation] Epoch=26, nll=1211.4392, acc=0.1865
[ 2022-08-31 18:31:36,482][train_tran.train_nn_models] [Training] Epoch=27, loss=1223.0938, nll=1223.0938, l2_reg=0.0000, acc=0.1870
[ 2022-08-31 18:31:36,483][train_tran.train_nn_models] [Validation] Epoch=27, nll=1211.3539, acc=0.1858
[ 2022-08-31 18:31:39,182][train_tran.train_nn_models] [Training] Epoch=28, loss=1223.0151, nll=1223.0151, l2_reg=0.0000, acc=0.1871
[ 2022-08-31 18:31:39,183][train_tran.train_nn_models] [Validation] Epoch=28, nll=1211.2770, acc=0.1856
[ 2022-08-31 18:31:41,842][train_tran.train_nn_models] [Training] Epoch=29, loss=1222.9440, nll=1222.9440, l2_reg=0.0000, acc=0.1875
[ 2022-08-31 18:31:41,843][train_tran.train_nn_models] [Validation] Epoch=29, nll=1211.2074, acc=0.1856
[ 2022-08-31 18:31:44,500][train_tran.train_nn_models] [Training] Epoch=30, loss=1222.8787, nll=1222.8787, l2_reg=0.0000, acc=0.1876
[ 2022-08-31 18:31:44,500][train_tran.train_nn_models] [Validation] Epoch=30, nll=1211.1436, acc=0.1857
[ 2022-08-31 18:31:47,288][train_tran.train_nn_models] [Training] Epoch=31, loss=1222.8187, nll=1222.8187, l2_reg=0.0000, acc=0.1878
[ 2022-08-31 18:31:47,289][train_tran.train_nn_models] [Validation] Epoch=31, nll=1211.0848, acc=0.1860
[ 2022-08-31 18:31:50,018][train_tran.train_nn_models] [Training] Epoch=32, loss=1222.7631, nll=1222.7631, l2_reg=0.0000, acc=0.1878
[ 2022-08-31 18:31:50,019][train_tran.train_nn_models] [Validation] Epoch=32, nll=1211.0304, acc=0.1862
[ 2022-08-31 18:31:52,656][train_tran.train_nn_models] [Training] Epoch=33, loss=1222.7109, nll=1222.7109, l2_reg=0.0000, acc=0.1877
[ 2022-08-31 18:31:52,656][train_tran.train_nn_models] [Validation] Epoch=33, nll=1210.9792, acc=0.1864
[ 2022-08-31 18:31:55,370][train_tran.train_nn_models] [Training] Epoch=34, loss=1222.6622, nll=1222.6622, l2_reg=0.0000, acc=0.1876
[ 2022-08-31 18:31:55,370][train_tran.train_nn_models] [Validation] Epoch=34, nll=1210.9315, acc=0.1866
[ 2022-08-31 18:31:57,989][train_tran.train_nn_models] [Training] Epoch=35, loss=1222.6161, nll=1222.6161, l2_reg=0.0000, acc=0.1876
[ 2022-08-31 18:31:57,990][train_tran.train_nn_models] [Validation] Epoch=35, nll=1210.8866, acc=0.1870
[ 2022-08-31 18:32:00,706][train_tran.train_nn_models] [Training] Epoch=36, loss=1222.5721, nll=1222.5721, l2_reg=0.0000, acc=0.1875
[ 2022-08-31 18:32:00,707][train_tran.train_nn_models] [Validation] Epoch=36, nll=1210.8442, acc=0.1865
[ 2022-08-31 18:32:03,448][train_tran.train_nn_models] [Training] Epoch=37, loss=1222.5308, nll=1222.5308, l2_reg=0.0000, acc=0.1875
[ 2022-08-31 18:32:03,448][train_tran.train_nn_models] [Validation] Epoch=37, nll=1210.8042, acc=0.1867
[ 2022-08-31 18:32:06,111][train_tran.train_nn_models] [Training] Epoch=38, loss=1222.4911, nll=1222.4911, l2_reg=0.0000, acc=0.1871
[ 2022-08-31 18:32:06,112][train_tran.train_nn_models] [Validation] Epoch=38, nll=1210.7662, acc=0.1871
[ 2022-08-31 18:32:08,873][train_tran.train_nn_models] [Training] Epoch=39, loss=1222.4535, nll=1222.4535, l2_reg=0.0000, acc=0.1871
[ 2022-08-31 18:32:08,874][train_tran.train_nn_models] [Validation] Epoch=39, nll=1210.7302, acc=0.1870
[ 2022-08-31 18:32:11,549][train_tran.train_nn_models] [Training] Epoch=40, loss=1222.4175, nll=1222.4175, l2_reg=0.0000, acc=0.1871
[ 2022-08-31 18:32:11,549][train_tran.train_nn_models] [Validation] Epoch=40, nll=1210.6964, acc=0.1861
[ 2022-08-31 18:32:14,201][train_tran.train_nn_models] [Training] Epoch=41, loss=1222.3828, nll=1222.3828, l2_reg=0.0000, acc=0.1874
[ 2022-08-31 18:32:14,202][train_tran.train_nn_models] [Validation] Epoch=41, nll=1210.6642, acc=0.1853
[ 2022-08-31 18:32:16,902][train_tran.train_nn_models] [Training] Epoch=42, loss=1222.3497, nll=1222.3497, l2_reg=0.0000, acc=0.1874
[ 2022-08-31 18:32:16,902][train_tran.train_nn_models] [Validation] Epoch=42, nll=1210.6335, acc=0.1857
[ 2022-08-31 18:32:19,572][train_tran.train_nn_models] [Training] Epoch=43, loss=1222.3184, nll=1222.3184, l2_reg=0.0000, acc=0.1874
[ 2022-08-31 18:32:19,573][train_tran.train_nn_models] [Validation] Epoch=43, nll=1210.6050, acc=0.1862
[ 2022-08-31 18:32:22,239][train_tran.train_nn_models] [Training] Epoch=44, loss=1222.2878, nll=1222.2878, l2_reg=0.0000, acc=0.1875
[ 2022-08-31 18:32:22,239][train_tran.train_nn_models] [Validation] Epoch=44, nll=1210.5779, acc=0.1865
[ 2022-08-31 18:32:24,867][train_tran.train_nn_models] [Training] Epoch=45, loss=1222.2585, nll=1222.2585, l2_reg=0.0000, acc=0.1873
[ 2022-08-31 18:32:24,868][train_tran.train_nn_models] [Validation] Epoch=45, nll=1210.5520, acc=0.1862
[ 2022-08-31 18:32:27,543][train_tran.train_nn_models] [Training] Epoch=46, loss=1222.2303, nll=1222.2303, l2_reg=0.0000, acc=0.1872
[ 2022-08-31 18:32:27,543][train_tran.train_nn_models] [Validation] Epoch=46, nll=1210.5277, acc=0.1856
[ 2022-08-31 18:32:30,126][train_tran.train_nn_models] [Training] Epoch=47, loss=1222.2036, nll=1222.2036, l2_reg=0.0000, acc=0.1872
[ 2022-08-31 18:32:30,126][train_tran.train_nn_models] [Validation] Epoch=47, nll=1210.5052, acc=0.1864
[ 2022-08-31 18:32:32,765][train_tran.train_nn_models] [Training] Epoch=48, loss=1222.1776, nll=1222.1776, l2_reg=0.0000, acc=0.1871
[ 2022-08-31 18:32:32,766][train_tran.train_nn_models] [Validation] Epoch=48, nll=1210.4840, acc=0.1863
[ 2022-08-31 18:32:35,354][train_tran.train_nn_models] [Training] Epoch=49, loss=1222.1525, nll=1222.1525, l2_reg=0.0000, acc=0.1870
[ 2022-08-31 18:32:35,354][train_tran.train_nn_models] [Validation] Epoch=49, nll=1210.4636, acc=0.1863
[ 2022-08-31 18:32:38,032][train_tran.train_nn_models] [Training] Epoch=50, loss=1222.1283, nll=1222.1283, l2_reg=0.0000, acc=0.1869
[ 2022-08-31 18:32:38,034][train_tran.train_nn_models] [Validation] Epoch=50, nll=1210.4448, acc=0.1862
[ 2022-08-31 18:32:40,679][train_tran.train_nn_models] [Training] Epoch=51, loss=1222.1045, nll=1222.1045, l2_reg=0.0000, acc=0.1868
[ 2022-08-31 18:32:40,680][train_tran.train_nn_models] [Validation] Epoch=51, nll=1210.4271, acc=0.1864
[ 2022-08-31 18:32:43,333][train_tran.train_nn_models] [Training] Epoch=52, loss=1222.0818, nll=1222.0818, l2_reg=0.0000, acc=0.1869
[ 2022-08-31 18:32:43,333][train_tran.train_nn_models] [Validation] Epoch=52, nll=1210.4106, acc=0.1859
[ 2022-08-31 18:32:45,961][train_tran.train_nn_models] [Training] Epoch=53, loss=1222.0592, nll=1222.0592, l2_reg=0.0000, acc=0.1865
[ 2022-08-31 18:32:45,961][train_tran.train_nn_models] [Validation] Epoch=53, nll=1210.3953, acc=0.1864
[ 2022-08-31 18:32:48,541][train_tran.train_nn_models] [Training] Epoch=54, loss=1222.0375, nll=1222.0375, l2_reg=0.0000, acc=0.1866
[ 2022-08-31 18:32:48,541][train_tran.train_nn_models] [Validation] Epoch=54, nll=1210.3807, acc=0.1858
[ 2022-08-31 18:32:51,097][train_tran.train_nn_models] [Training] Epoch=55, loss=1222.0159, nll=1222.0159, l2_reg=0.0000, acc=0.1867
[ 2022-08-31 18:32:51,098][train_tran.train_nn_models] [Validation] Epoch=55, nll=1210.3677, acc=0.1854
[ 2022-08-31 18:32:53,690][train_tran.train_nn_models] [Training] Epoch=56, loss=1221.9951, nll=1221.9951, l2_reg=0.0000, acc=0.1864
[ 2022-08-31 18:32:53,690][train_tran.train_nn_models] [Validation] Epoch=56, nll=1210.3558, acc=0.1853
[ 2022-08-31 18:32:56,282][train_tran.train_nn_models] [Training] Epoch=57, loss=1221.9747, nll=1221.9747, l2_reg=0.0000, acc=0.1864
[ 2022-08-31 18:32:56,283][train_tran.train_nn_models] [Validation] Epoch=57, nll=1210.3451, acc=0.1845
[ 2022-08-31 18:32:58,796][train_tran.train_nn_models] [Training] Epoch=58, loss=1221.9550, nll=1221.9550, l2_reg=0.0000, acc=0.1864
[ 2022-08-31 18:32:58,797][train_tran.train_nn_models] [Validation] Epoch=58, nll=1210.3352, acc=0.1851
[ 2022-08-31 18:33:01,307][train_tran.train_nn_models] [Training] Epoch=59, loss=1221.9360, nll=1221.9360, l2_reg=0.0000, acc=0.1864
[ 2022-08-31 18:33:01,307][train_tran.train_nn_models] [Validation] Epoch=59, nll=1210.3264, acc=0.1851
[ 2022-08-31 18:33:03,965][train_tran.train_nn_models] [Training] Epoch=60, loss=1221.9180, nll=1221.9180, l2_reg=0.0000, acc=0.1866
[ 2022-08-31 18:33:03,965][train_tran.train_nn_models] [Validation] Epoch=60, nll=1210.3179, acc=0.1848
[ 2022-08-31 18:33:06,593][train_tran.train_nn_models] [Training] Epoch=61, loss=1221.9001, nll=1221.9001, l2_reg=0.0000, acc=0.1866
[ 2022-08-31 18:33:06,594][train_tran.train_nn_models] [Validation] Epoch=61, nll=1210.3098, acc=0.1848
[ 2022-08-31 18:33:09,277][train_tran.train_nn_models] [Training] Epoch=62, loss=1221.8832, nll=1221.8832, l2_reg=0.0000, acc=0.1867
[ 2022-08-31 18:33:09,277][train_tran.train_nn_models] [Validation] Epoch=62, nll=1210.3025, acc=0.1851
[ 2022-08-31 18:33:11,952][train_tran.train_nn_models] [Training] Epoch=63, loss=1221.8660, nll=1221.8660, l2_reg=0.0000, acc=0.1869
[ 2022-08-31 18:33:11,953][train_tran.train_nn_models] [Validation] Epoch=63, nll=1210.2959, acc=0.1851
[ 2022-08-31 18:33:14,641][train_tran.train_nn_models] [Training] Epoch=64, loss=1221.8488, nll=1221.8488, l2_reg=0.0000, acc=0.1869
[ 2022-08-31 18:33:14,642][train_tran.train_nn_models] [Validation] Epoch=64, nll=1210.2898, acc=0.1855
[ 2022-08-31 18:33:17,347][train_tran.train_nn_models] [Training] Epoch=65, loss=1221.8322, nll=1221.8322, l2_reg=0.0000, acc=0.1867
[ 2022-08-31 18:33:17,348][train_tran.train_nn_models] [Validation] Epoch=65, nll=1210.2845, acc=0.1855
[ 2022-08-31 18:33:19,972][train_tran.train_nn_models] [Training] Epoch=66, loss=1221.8152, nll=1221.8152, l2_reg=0.0000, acc=0.1867
[ 2022-08-31 18:33:19,973][train_tran.train_nn_models] [Validation] Epoch=66, nll=1210.2793, acc=0.1858
[ 2022-08-31 18:33:22,656][train_tran.train_nn_models] [Training] Epoch=67, loss=1221.7986, nll=1221.7986, l2_reg=0.0000, acc=0.1866
[ 2022-08-31 18:33:22,657][train_tran.train_nn_models] [Validation] Epoch=67, nll=1210.2749, acc=0.1859
[ 2022-08-31 18:33:25,365][train_tran.train_nn_models] [Training] Epoch=68, loss=1221.7819, nll=1221.7819, l2_reg=0.0000, acc=0.1865
[ 2022-08-31 18:33:25,366][train_tran.train_nn_models] [Validation] Epoch=68, nll=1210.2709, acc=0.1863
[ 2022-08-31 18:33:28,005][train_tran.train_nn_models] [Training] Epoch=69, loss=1221.7651, nll=1221.7651, l2_reg=0.0000, acc=0.1865
[ 2022-08-31 18:33:28,005][train_tran.train_nn_models] [Validation] Epoch=69, nll=1210.2673, acc=0.1865
[ 2022-08-31 18:33:30,641][train_tran.train_nn_models] [Training] Epoch=70, loss=1221.7484, nll=1221.7484, l2_reg=0.0000, acc=0.1864
[ 2022-08-31 18:33:30,641][train_tran.train_nn_models] [Validation] Epoch=70, nll=1210.2639, acc=0.1864
[ 2022-08-31 18:33:33,327][train_tran.train_nn_models] [Training] Epoch=71, loss=1221.7316, nll=1221.7316, l2_reg=0.0000, acc=0.1864
[ 2022-08-31 18:33:33,328][train_tran.train_nn_models] [Validation] Epoch=71, nll=1210.2611, acc=0.1865
[ 2022-08-31 18:33:35,943][train_tran.train_nn_models] [Training] Epoch=72, loss=1221.7147, nll=1221.7147, l2_reg=0.0000, acc=0.1866
[ 2022-08-31 18:33:35,944][train_tran.train_nn_models] [Validation] Epoch=72, nll=1210.2584, acc=0.1866
[ 2022-08-31 18:33:38,552][train_tran.train_nn_models] [Training] Epoch=73, loss=1221.6978, nll=1221.6978, l2_reg=0.0000, acc=0.1869
[ 2022-08-31 18:33:38,553][train_tran.train_nn_models] [Validation] Epoch=73, nll=1210.2560, acc=0.1866
[ 2022-08-31 18:33:41,160][train_tran.train_nn_models] [Training] Epoch=74, loss=1221.6808, nll=1221.6808, l2_reg=0.0000, acc=0.1871
[ 2022-08-31 18:33:41,161][train_tran.train_nn_models] [Validation] Epoch=74, nll=1210.2535, acc=0.1867
[ 2022-08-31 18:33:43,726][train_tran.train_nn_models] [Training] Epoch=75, loss=1221.6637, nll=1221.6637, l2_reg=0.0000, acc=0.1872
[ 2022-08-31 18:33:43,727][train_tran.train_nn_models] [Validation] Epoch=75, nll=1210.2515, acc=0.1867
[ 2022-08-31 18:33:46,339][train_tran.train_nn_models] [Training] Epoch=76, loss=1221.6462, nll=1221.6462, l2_reg=0.0000, acc=0.1871
[ 2022-08-31 18:33:46,340][train_tran.train_nn_models] [Validation] Epoch=76, nll=1210.2490, acc=0.1868
[ 2022-08-31 18:33:49,000][train_tran.train_nn_models] [Training] Epoch=77, loss=1221.6287, nll=1221.6287, l2_reg=0.0000, acc=0.1869
[ 2022-08-31 18:33:49,000][train_tran.train_nn_models] [Validation] Epoch=77, nll=1210.2467, acc=0.1868
[ 2022-08-31 18:33:51,734][train_tran.train_nn_models] [Training] Epoch=78, loss=1221.6108, nll=1221.6108, l2_reg=0.0000, acc=0.1867
[ 2022-08-31 18:33:51,735][train_tran.train_nn_models] [Validation] Epoch=78, nll=1210.2439, acc=0.1867
[ 2022-08-31 18:33:54,377][train_tran.train_nn_models] [Training] Epoch=79, loss=1221.5925, nll=1221.5925, l2_reg=0.0000, acc=0.1868
[ 2022-08-31 18:33:54,377][train_tran.train_nn_models] [Validation] Epoch=79, nll=1210.2407, acc=0.1868
[ 2022-08-31 18:33:57,008][train_tran.train_nn_models] [Training] Epoch=80, loss=1221.5742, nll=1221.5742, l2_reg=0.0000, acc=0.1869
[ 2022-08-31 18:33:57,009][train_tran.train_nn_models] [Validation] Epoch=80, nll=1210.2371, acc=0.1869
[ 2022-08-31 18:33:59,700][train_tran.train_nn_models] [Training] Epoch=81, loss=1221.5553, nll=1221.5553, l2_reg=0.0000, acc=0.1869
[ 2022-08-31 18:33:59,701][train_tran.train_nn_models] [Validation] Epoch=81, nll=1210.2328, acc=0.1868
[ 2022-08-31 18:34:02,347][train_tran.train_nn_models] [Training] Epoch=82, loss=1221.5364, nll=1221.5364, l2_reg=0.0000, acc=0.1869
[ 2022-08-31 18:34:02,348][train_tran.train_nn_models] [Validation] Epoch=82, nll=1210.2277, acc=0.1868
[ 2022-08-31 18:34:05,084][train_tran.train_nn_models] [Training] Epoch=83, loss=1221.5171, nll=1221.5171, l2_reg=0.0000, acc=0.1872
[ 2022-08-31 18:34:05,085][train_tran.train_nn_models] [Validation] Epoch=83, nll=1210.2216, acc=0.1868
[ 2022-08-31 18:34:07,730][train_tran.train_nn_models] [Training] Epoch=84, loss=1221.4971, nll=1221.4971, l2_reg=0.0000, acc=0.1871
[ 2022-08-31 18:34:07,731][train_tran.train_nn_models] [Validation] Epoch=84, nll=1210.2142, acc=0.1870
[ 2022-08-31 18:34:10,368][train_tran.train_nn_models] [Training] Epoch=85, loss=1221.4767, nll=1221.4767, l2_reg=0.0000, acc=0.1870
[ 2022-08-31 18:34:10,368][train_tran.train_nn_models] [Validation] Epoch=85, nll=1210.2056, acc=0.1870
[ 2022-08-31 18:34:12,983][train_tran.train_nn_models] [Training] Epoch=86, loss=1221.4557, nll=1221.4557, l2_reg=0.0000, acc=0.1873
[ 2022-08-31 18:34:12,984][train_tran.train_nn_models] [Validation] Epoch=86, nll=1210.1957, acc=0.1870
[ 2022-08-31 18:34:15,649][train_tran.train_nn_models] [Training] Epoch=87, loss=1221.4342, nll=1221.4342, l2_reg=0.0000, acc=0.1873
[ 2022-08-31 18:34:15,650][train_tran.train_nn_models] [Validation] Epoch=87, nll=1210.1838, acc=0.1869
[ 2022-08-31 18:34:18,319][train_tran.train_nn_models] [Training] Epoch=88, loss=1221.4120, nll=1221.4120, l2_reg=0.0000, acc=0.1874
[ 2022-08-31 18:34:18,320][train_tran.train_nn_models] [Validation] Epoch=88, nll=1210.1699, acc=0.1869
[ 2022-08-31 18:34:21,041][train_tran.train_nn_models] [Training] Epoch=89, loss=1221.3888, nll=1221.3888, l2_reg=0.0000, acc=0.1875
[ 2022-08-31 18:34:21,041][train_tran.train_nn_models] [Validation] Epoch=89, nll=1210.1536, acc=0.1869
[ 2022-08-31 18:34:23,652][train_tran.train_nn_models] [Training] Epoch=90, loss=1221.3647, nll=1221.3647, l2_reg=0.0000, acc=0.1874
[ 2022-08-31 18:34:23,653][train_tran.train_nn_models] [Validation] Epoch=90, nll=1210.1349, acc=0.1871
[ 2022-08-31 18:34:26,405][train_tran.train_nn_models] [Training] Epoch=91, loss=1221.3396, nll=1221.3396, l2_reg=0.0000, acc=0.1875
[ 2022-08-31 18:34:26,406][train_tran.train_nn_models] [Validation] Epoch=91, nll=1210.1134, acc=0.1868
[ 2022-08-31 18:34:29,091][train_tran.train_nn_models] [Training] Epoch=92, loss=1221.3134, nll=1221.3134, l2_reg=0.0000, acc=0.1875
[ 2022-08-31 18:34:29,092][train_tran.train_nn_models] [Validation] Epoch=92, nll=1210.0889, acc=0.1865
[ 2022-08-31 18:34:31,768][train_tran.train_nn_models] [Training] Epoch=93, loss=1221.2858, nll=1221.2858, l2_reg=0.0000, acc=0.1876
[ 2022-08-31 18:34:31,768][train_tran.train_nn_models] [Validation] Epoch=93, nll=1210.0604, acc=0.1868
[ 2022-08-31 18:34:34,373][train_tran.train_nn_models] [Training] Epoch=94, loss=1221.2567, nll=1221.2567, l2_reg=0.0000, acc=0.1872
[ 2022-08-31 18:34:34,373][train_tran.train_nn_models] [Validation] Epoch=94, nll=1210.0283, acc=0.1869
[ 2022-08-31 18:34:36,989][train_tran.train_nn_models] [Training] Epoch=95, loss=1221.2255, nll=1221.2255, l2_reg=0.0000, acc=0.1873
[ 2022-08-31 18:34:36,989][train_tran.train_nn_models] [Validation] Epoch=95, nll=1209.9912, acc=0.1868
[ 2022-08-31 18:34:39,674][train_tran.train_nn_models] [Training] Epoch=96, loss=1221.1923, nll=1221.1923, l2_reg=0.0000, acc=0.1874
[ 2022-08-31 18:34:39,675][train_tran.train_nn_models] [Validation] Epoch=96, nll=1209.9503, acc=0.1867
[ 2022-08-31 18:34:42,337][train_tran.train_nn_models] [Training] Epoch=97, loss=1221.1564, nll=1221.1564, l2_reg=0.0000, acc=0.1874
[ 2022-08-31 18:34:42,338][train_tran.train_nn_models] [Validation] Epoch=97, nll=1209.9034, acc=0.1864
[ 2022-08-31 18:34:44,957][train_tran.train_nn_models] [Training] Epoch=98, loss=1221.1173, nll=1221.1173, l2_reg=0.0000, acc=0.1874
[ 2022-08-31 18:34:44,957][train_tran.train_nn_models] [Validation] Epoch=98, nll=1209.8510, acc=0.1865
[ 2022-08-31 18:34:47,703][train_tran.train_nn_models] [Training] Epoch=99, loss=1221.0750, nll=1221.0750, l2_reg=0.0000, acc=0.1872
[ 2022-08-31 18:34:47,704][train_tran.train_nn_models] [Validation] Epoch=99, nll=1209.7920, acc=0.1863
[ 2022-08-31 18:34:50,345][train_tran.train_nn_models] [Training] Epoch=100, loss=1221.0281, nll=1221.0281, l2_reg=0.0000, acc=0.1873
[ 2022-08-31 18:34:50,345][train_tran.train_nn_models] [Validation] Epoch=100, nll=1209.7263, acc=0.1867
[ 2022-08-31 18:34:52,979][train_tran.train_nn_models] [Training] Epoch=101, loss=1220.9767, nll=1220.9767, l2_reg=0.0000, acc=0.1872
[ 2022-08-31 18:34:52,980][train_tran.train_nn_models] [Validation] Epoch=101, nll=1209.6533, acc=0.1871
[ 2022-08-31 18:34:55,688][train_tran.train_nn_models] [Training] Epoch=102, loss=1220.9199, nll=1220.9199, l2_reg=0.0000, acc=0.1875
[ 2022-08-31 18:34:55,689][train_tran.train_nn_models] [Validation] Epoch=102, nll=1209.5720, acc=0.1875
[ 2022-08-31 18:34:58,356][train_tran.train_nn_models] [Training] Epoch=103, loss=1220.8560, nll=1220.8560, l2_reg=0.0000, acc=0.1875
[ 2022-08-31 18:34:58,357][train_tran.train_nn_models] [Validation] Epoch=103, nll=1209.4821, acc=0.1881
[ 2022-08-31 18:35:00,958][train_tran.train_nn_models] [Training] Epoch=104, loss=1220.7847, nll=1220.7847, l2_reg=0.0000, acc=0.1873
[ 2022-08-31 18:35:00,959][train_tran.train_nn_models] [Validation] Epoch=104, nll=1209.3831, acc=0.1874
[ 2022-08-31 18:35:03,587][train_tran.train_nn_models] [Training] Epoch=105, loss=1220.7046, nll=1220.7046, l2_reg=0.0000, acc=0.1875
[ 2022-08-31 18:35:03,588][train_tran.train_nn_models] [Validation] Epoch=105, nll=1209.2751, acc=0.1885
[ 2022-08-31 18:35:06,285][train_tran.train_nn_models] [Training] Epoch=106, loss=1220.6144, nll=1220.6144, l2_reg=0.0000, acc=0.1878
[ 2022-08-31 18:35:06,285][train_tran.train_nn_models] [Validation] Epoch=106, nll=1209.1562, acc=0.1895
[ 2022-08-31 18:35:08,914][train_tran.train_nn_models] [Training] Epoch=107, loss=1220.5133, nll=1220.5133, l2_reg=0.0000, acc=0.1876
[ 2022-08-31 18:35:08,915][train_tran.train_nn_models] [Validation] Epoch=107, nll=1209.0298, acc=0.1894
[ 2022-08-31 18:35:11,597][train_tran.train_nn_models] [Training] Epoch=108, loss=1220.4006, nll=1220.4006, l2_reg=0.0000, acc=0.1882
[ 2022-08-31 18:35:11,597][train_tran.train_nn_models] [Validation] Epoch=108, nll=1208.8949, acc=0.1893
[ 2022-08-31 18:35:14,318][train_tran.train_nn_models] [Training] Epoch=109, loss=1220.2753, nll=1220.2753, l2_reg=0.0000, acc=0.1883
[ 2022-08-31 18:35:14,319][train_tran.train_nn_models] [Validation] Epoch=109, nll=1208.7490, acc=0.1879
[ 2022-08-31 18:35:16,998][train_tran.train_nn_models] [Training] Epoch=110, loss=1220.1351, nll=1220.1351, l2_reg=0.0000, acc=0.1884
[ 2022-08-31 18:35:16,999][train_tran.train_nn_models] [Validation] Epoch=110, nll=1208.5909, acc=0.1881
[ 2022-08-31 18:35:19,713][train_tran.train_nn_models] [Training] Epoch=111, loss=1219.9806, nll=1219.9806, l2_reg=0.0000, acc=0.1884
[ 2022-08-31 18:35:19,713][train_tran.train_nn_models] [Validation] Epoch=111, nll=1208.4202, acc=0.1882
[ 2022-08-31 18:35:22,441][train_tran.train_nn_models] [Training] Epoch=112, loss=1219.8108, nll=1219.8108, l2_reg=0.0000, acc=0.1882
[ 2022-08-31 18:35:22,442][train_tran.train_nn_models] [Validation] Epoch=112, nll=1208.2355, acc=0.1883
[ 2022-08-31 18:35:25,110][train_tran.train_nn_models] [Training] Epoch=113, loss=1219.6223, nll=1219.6223, l2_reg=0.0000, acc=0.1881
[ 2022-08-31 18:35:25,110][train_tran.train_nn_models] [Validation] Epoch=113, nll=1208.0332, acc=0.1882
[ 2022-08-31 18:35:27,795][train_tran.train_nn_models] [Training] Epoch=114, loss=1219.4147, nll=1219.4147, l2_reg=0.0000, acc=0.1880
[ 2022-08-31 18:35:27,795][train_tran.train_nn_models] [Validation] Epoch=114, nll=1207.8116, acc=0.1871
[ 2022-08-31 18:35:30,351][train_tran.train_nn_models] [Training] Epoch=115, loss=1219.1804, nll=1219.1804, l2_reg=0.0000, acc=0.1882
[ 2022-08-31 18:35:30,352][train_tran.train_nn_models] [Validation] Epoch=115, nll=1207.5621, acc=0.1871
[ 2022-08-31 18:35:33,011][train_tran.train_nn_models] [Training] Epoch=116, loss=1218.9131, nll=1218.9131, l2_reg=0.0000, acc=0.1886
[ 2022-08-31 18:35:33,012][train_tran.train_nn_models] [Validation] Epoch=116, nll=1207.2791, acc=0.1874
[ 2022-08-31 18:35:35,728][train_tran.train_nn_models] [Training] Epoch=117, loss=1218.6083, nll=1218.6083, l2_reg=0.0000, acc=0.1885
[ 2022-08-31 18:35:35,729][train_tran.train_nn_models] [Validation] Epoch=117, nll=1206.9559, acc=0.1877
[ 2022-08-31 18:35:38,394][train_tran.train_nn_models] [Training] Epoch=118, loss=1218.2621, nll=1218.2621, l2_reg=0.0000, acc=0.1885
[ 2022-08-31 18:35:38,395][train_tran.train_nn_models] [Validation] Epoch=118, nll=1206.5876, acc=0.1880
[ 2022-08-31 18:35:41,086][train_tran.train_nn_models] [Training] Epoch=119, loss=1217.8755, nll=1217.8755, l2_reg=0.0000, acc=0.1885
[ 2022-08-31 18:35:41,087][train_tran.train_nn_models] [Validation] Epoch=119, nll=1206.1708, acc=0.1878
[ 2022-08-31 18:35:43,768][train_tran.train_nn_models] [Training] Epoch=120, loss=1217.4508, nll=1217.4508, l2_reg=0.0000, acc=0.1886
[ 2022-08-31 18:35:43,768][train_tran.train_nn_models] [Validation] Epoch=120, nll=1205.7111, acc=0.1885
[ 2022-08-31 18:35:46,426][train_tran.train_nn_models] [Training] Epoch=121, loss=1216.9900, nll=1216.9900, l2_reg=0.0000, acc=0.1887
[ 2022-08-31 18:35:46,427][train_tran.train_nn_models] [Validation] Epoch=121, nll=1205.2092, acc=0.1882
[ 2022-08-31 18:35:49,032][train_tran.train_nn_models] [Training] Epoch=122, loss=1216.4823, nll=1216.4823, l2_reg=0.0000, acc=0.1890
[ 2022-08-31 18:35:49,033][train_tran.train_nn_models] [Validation] Epoch=122, nll=1204.6605, acc=0.1885
[ 2022-08-31 18:35:51,740][train_tran.train_nn_models] [Training] Epoch=123, loss=1215.9204, nll=1215.9204, l2_reg=0.0000, acc=0.1893
[ 2022-08-31 18:35:51,740][train_tran.train_nn_models] [Validation] Epoch=123, nll=1204.0686, acc=0.1893
[ 2022-08-31 18:35:54,374][train_tran.train_nn_models] [Training] Epoch=124, loss=1215.2734, nll=1215.2734, l2_reg=0.0000, acc=0.1899
[ 2022-08-31 18:35:54,374][train_tran.train_nn_models] [Validation] Epoch=124, nll=1203.4176, acc=0.1903
[ 2022-08-31 18:35:56,998][train_tran.train_nn_models] [Training] Epoch=125, loss=1214.4847, nll=1214.4847, l2_reg=0.0000, acc=0.1904
[ 2022-08-31 18:35:56,998][train_tran.train_nn_models] [Validation] Epoch=125, nll=1202.7167, acc=0.1908
[ 2022-08-31 18:35:59,644][train_tran.train_nn_models] [Training] Epoch=126, loss=1213.5583, nll=1213.5583, l2_reg=0.0000, acc=0.1913
[ 2022-08-31 18:35:59,645][train_tran.train_nn_models] [Validation] Epoch=126, nll=1201.9871, acc=0.1909
[ 2022-08-31 18:35:59,645][train_tran.train_nn_models] Found a better model at epoch 126.
[ 2022-08-31 18:36:02,178][train_tran.train_nn_models] [Training] Epoch=127, loss=1212.5789, nll=1212.5789, l2_reg=0.0000, acc=0.1930
[ 2022-08-31 18:36:02,179][train_tran.train_nn_models] [Validation] Epoch=127, nll=1201.2767, acc=0.1928
[ 2022-08-31 18:36:02,179][train_tran.train_nn_models] Found a better model at epoch 127.
[ 2022-08-31 18:36:04,779][train_tran.train_nn_models] [Training] Epoch=128, loss=1211.6487, nll=1211.6487, l2_reg=0.0000, acc=0.1944
[ 2022-08-31 18:36:04,780][train_tran.train_nn_models] [Validation] Epoch=128, nll=1200.6105, acc=0.1937
[ 2022-08-31 18:36:04,780][train_tran.train_nn_models] Found a better model at epoch 128.
[ 2022-08-31 18:36:07,431][train_tran.train_nn_models] [Training] Epoch=129, loss=1210.7750, nll=1210.7750, l2_reg=0.0000, acc=0.1954
[ 2022-08-31 18:36:07,432][train_tran.train_nn_models] [Validation] Epoch=129, nll=1200.0085, acc=0.1943
[ 2022-08-31 18:36:07,432][train_tran.train_nn_models] Found a better model at epoch 129.
[ 2022-08-31 18:36:10,214][train_tran.train_nn_models] [Training] Epoch=130, loss=1209.8375, nll=1209.8375, l2_reg=0.0000, acc=0.1969
[ 2022-08-31 18:36:10,215][train_tran.train_nn_models] [Validation] Epoch=130, nll=1199.2239, acc=0.1958
[ 2022-08-31 18:36:10,215][train_tran.train_nn_models] Found a better model at epoch 130.
[ 2022-08-31 18:36:12,889][train_tran.train_nn_models] [Training] Epoch=131, loss=1208.6643, nll=1208.6643, l2_reg=0.0000, acc=0.1993
[ 2022-08-31 18:36:12,890][train_tran.train_nn_models] [Validation] Epoch=131, nll=1198.2217, acc=0.1958
[ 2022-08-31 18:36:12,890][train_tran.train_nn_models] Found a better model at epoch 131.
[ 2022-08-31 18:36:15,466][train_tran.train_nn_models] [Training] Epoch=132, loss=1207.1515, nll=1207.1515, l2_reg=0.0000, acc=0.2016
[ 2022-08-31 18:36:15,466][train_tran.train_nn_models] [Validation] Epoch=132, nll=1196.6793, acc=0.1972
[ 2022-08-31 18:36:15,467][train_tran.train_nn_models] Found a better model at epoch 132.
[ 2022-08-31 18:36:18,127][train_tran.train_nn_models] [Training] Epoch=133, loss=1205.1503, nll=1205.1503, l2_reg=0.0000, acc=0.2041
[ 2022-08-31 18:36:18,128][train_tran.train_nn_models] [Validation] Epoch=133, nll=1194.1219, acc=0.2000
[ 2022-08-31 18:36:18,129][train_tran.train_nn_models] Found a better model at epoch 133.
[ 2022-08-31 18:36:20,779][train_tran.train_nn_models] [Training] Epoch=134, loss=1202.4731, nll=1202.4731, l2_reg=0.0000, acc=0.2066
[ 2022-08-31 18:36:20,780][train_tran.train_nn_models] [Validation] Epoch=134, nll=1191.6418, acc=0.2044
[ 2022-08-31 18:36:20,780][train_tran.train_nn_models] Found a better model at epoch 134.
[ 2022-08-31 18:36:23,414][train_tran.train_nn_models] [Training] Epoch=135, loss=1199.1650, nll=1199.1650, l2_reg=0.0000, acc=0.2118
[ 2022-08-31 18:36:23,415][train_tran.train_nn_models] [Validation] Epoch=135, nll=1189.0356, acc=0.2083
[ 2022-08-31 18:36:23,415][train_tran.train_nn_models] Found a better model at epoch 135.
[ 2022-08-31 18:36:26,105][train_tran.train_nn_models] [Training] Epoch=136, loss=1195.7943, nll=1195.7943, l2_reg=0.0000, acc=0.2174
[ 2022-08-31 18:36:26,105][train_tran.train_nn_models] [Validation] Epoch=136, nll=1185.5284, acc=0.2197
[ 2022-08-31 18:36:26,105][train_tran.train_nn_models] Found a better model at epoch 136.
[ 2022-08-31 18:36:28,844][train_tran.train_nn_models] [Training] Epoch=137, loss=1190.8833, nll=1190.8833, l2_reg=0.0000, acc=0.2259
[ 2022-08-31 18:36:28,845][train_tran.train_nn_models] [Validation] Epoch=137, nll=1183.5786, acc=0.2230
[ 2022-08-31 18:36:28,845][train_tran.train_nn_models] Found a better model at epoch 137.
[ 2022-08-31 18:36:31,625][train_tran.train_nn_models] [Training] Epoch=138, loss=1184.4467, nll=1184.4467, l2_reg=0.0000, acc=0.2387
[ 2022-08-31 18:36:31,625][train_tran.train_nn_models] [Validation] Epoch=138, nll=1176.7954, acc=0.2375
[ 2022-08-31 18:36:31,625][train_tran.train_nn_models] Found a better model at epoch 138.
[ 2022-08-31 18:36:34,251][train_tran.train_nn_models] [Training] Epoch=139, loss=1176.1185, nll=1176.1185, l2_reg=0.0000, acc=0.2534
[ 2022-08-31 18:36:34,252][train_tran.train_nn_models] [Validation] Epoch=139, nll=1181.6909, acc=0.2364
[ 2022-08-31 18:36:36,862][train_tran.train_nn_models] [Training] Epoch=140, loss=1178.2050, nll=1178.2050, l2_reg=0.0000, acc=0.2581
[ 2022-08-31 18:36:36,862][train_tran.train_nn_models] [Validation] Epoch=140, nll=1167.3285, acc=0.2465
[ 2022-08-31 18:36:36,862][train_tran.train_nn_models] Found a better model at epoch 140.
[ 2022-08-31 18:36:39,495][train_tran.train_nn_models] [Training] Epoch=141, loss=1165.2571, nll=1165.2571, l2_reg=0.0000, acc=0.2810
[ 2022-08-31 18:36:39,495][train_tran.train_nn_models] [Validation] Epoch=141, nll=1160.7921, acc=0.2745
[ 2022-08-31 18:36:39,496][train_tran.train_nn_models] Found a better model at epoch 141.
[ 2022-08-31 18:36:42,196][train_tran.train_nn_models] [Training] Epoch=142, loss=1149.0084, nll=1149.0084, l2_reg=0.0000, acc=0.3067
[ 2022-08-31 18:36:42,197][train_tran.train_nn_models] [Validation] Epoch=142, nll=1150.8533, acc=0.2895
[ 2022-08-31 18:36:42,197][train_tran.train_nn_models] Found a better model at epoch 142.
[ 2022-08-31 18:36:44,835][train_tran.train_nn_models] [Training] Epoch=143, loss=1138.4331, nll=1138.4331, l2_reg=0.0000, acc=0.3343
[ 2022-08-31 18:36:44,836][train_tran.train_nn_models] [Validation] Epoch=143, nll=1210.0558, acc=0.2227
[ 2022-08-31 18:36:47,469][train_tran.train_nn_models] [Training] Epoch=144, loss=1226.3827, nll=1226.3827, l2_reg=0.0000, acc=0.2081
[ 2022-08-31 18:36:47,471][train_tran.train_nn_models] [Validation] Epoch=144, nll=1201.0361, acc=0.2126
[ 2022-08-31 18:36:50,092][train_tran.train_nn_models] [Training] Epoch=145, loss=1206.7252, nll=1206.7252, l2_reg=0.0000, acc=0.2238
[ 2022-08-31 18:36:50,093][train_tran.train_nn_models] [Validation] Epoch=145, nll=1191.9463, acc=0.2274
[ 2022-08-31 18:36:52,787][train_tran.train_nn_models] [Training] Epoch=146, loss=1195.0618, nll=1195.0618, l2_reg=0.0000, acc=0.2525
[ 2022-08-31 18:36:52,788][train_tran.train_nn_models] [Validation] Epoch=146, nll=1181.7266, acc=0.2572
[ 2022-08-31 18:36:55,674][train_tran.train_nn_models] [Training] Epoch=147, loss=1179.7108, nll=1179.7108, l2_reg=0.0000, acc=0.2847
[ 2022-08-31 18:36:55,675][train_tran.train_nn_models] [Validation] Epoch=147, nll=1166.1958, acc=0.2906
[ 2022-08-31 18:36:58,556][train_tran.train_nn_models] [Training] Epoch=148, loss=1155.1804, nll=1155.1804, l2_reg=0.0000, acc=0.3306
[ 2022-08-31 18:36:58,556][train_tran.train_nn_models] [Validation] Epoch=148, nll=1142.2240, acc=0.3296
[ 2022-08-31 18:36:58,556][train_tran.train_nn_models] Found a better model at epoch 148.
[ 2022-08-31 18:37:01,453][train_tran.train_nn_models] [Training] Epoch=149, loss=1120.7836, nll=1120.7836, l2_reg=0.0000, acc=0.3885
[ 2022-08-31 18:37:01,454][train_tran.train_nn_models] [Validation] Epoch=149, nll=1116.2461, acc=0.3692
[ 2022-08-31 18:37:01,454][train_tran.train_nn_models] Found a better model at epoch 149.
[ 2022-08-31 18:37:04,522][train_tran.train_nn_models] [Training] Epoch=150, loss=1103.7467, nll=1103.7467, l2_reg=0.0000, acc=0.3928
[ 2022-08-31 18:37:04,522][train_tran.train_nn_models] [Validation] Epoch=150, nll=1106.1122, acc=0.3858
[ 2022-08-31 18:37:04,523][train_tran.train_nn_models] Found a better model at epoch 150.
[ 2022-08-31 18:37:07,536][train_tran.train_nn_models] [Training] Epoch=151, loss=1079.0328, nll=1079.0328, l2_reg=0.0000, acc=0.4320
[ 2022-08-31 18:37:07,536][train_tran.train_nn_models] [Validation] Epoch=151, nll=1081.2980, acc=0.4207
[ 2022-08-31 18:37:07,536][train_tran.train_nn_models] Found a better model at epoch 151.
[ 2022-08-31 18:37:10,476][train_tran.train_nn_models] [Training] Epoch=152, loss=1048.2103, nll=1048.2103, l2_reg=0.0000, acc=0.4844
[ 2022-08-31 18:37:10,476][train_tran.train_nn_models] [Validation] Epoch=152, nll=1065.7312, acc=0.4438
[ 2022-08-31 18:37:10,476][train_tran.train_nn_models] Found a better model at epoch 152.
[ 2022-08-31 18:37:13,294][train_tran.train_nn_models] [Training] Epoch=153, loss=1014.8019, nll=1014.8019, l2_reg=0.0000, acc=0.5287
[ 2022-08-31 18:37:13,295][train_tran.train_nn_models] [Validation] Epoch=153, nll=1046.9871, acc=0.4719
[ 2022-08-31 18:37:13,295][train_tran.train_nn_models] Found a better model at epoch 153.
[ 2022-08-31 18:37:16,272][train_tran.train_nn_models] [Training] Epoch=154, loss=1000.8784, nll=1000.8784, l2_reg=0.0000, acc=0.5402
[ 2022-08-31 18:37:16,272][train_tran.train_nn_models] [Validation] Epoch=154, nll=1049.3402, acc=0.4596
[ 2022-08-31 18:37:19,266][train_tran.train_nn_models] [Training] Epoch=155, loss=986.1238, nll=986.1238, l2_reg=0.0000, acc=0.5577
[ 2022-08-31 18:37:19,267][train_tran.train_nn_models] [Validation] Epoch=155, nll=1010.4001, acc=0.5117
[ 2022-08-31 18:37:19,267][train_tran.train_nn_models] Found a better model at epoch 155.
[ 2022-08-31 18:37:22,176][train_tran.train_nn_models] [Training] Epoch=156, loss=934.0443, nll=934.0443, l2_reg=0.0000, acc=0.6142
[ 2022-08-31 18:37:22,177][train_tran.train_nn_models] [Validation] Epoch=156, nll=990.8754, acc=0.5285
[ 2022-08-31 18:37:22,177][train_tran.train_nn_models] Found a better model at epoch 156.
[ 2022-08-31 18:37:25,097][train_tran.train_nn_models] [Training] Epoch=157, loss=929.7695, nll=929.7695, l2_reg=0.0000, acc=0.6174
[ 2022-08-31 18:37:25,098][train_tran.train_nn_models] [Validation] Epoch=157, nll=991.5769, acc=0.5256
[ 2022-08-31 18:37:28,045][train_tran.train_nn_models] [Training] Epoch=158, loss=915.2414, nll=915.2414, l2_reg=0.0000, acc=0.6328
[ 2022-08-31 18:37:28,045][train_tran.train_nn_models] [Validation] Epoch=158, nll=981.1150, acc=0.5365
[ 2022-08-31 18:37:28,045][train_tran.train_nn_models] Found a better model at epoch 158.
[ 2022-08-31 18:37:30,898][train_tran.train_nn_models] [Training] Epoch=159, loss=922.1802, nll=922.1802, l2_reg=0.0000, acc=0.6129
[ 2022-08-31 18:37:30,898][train_tran.train_nn_models] [Validation] Epoch=159, nll=1024.9706, acc=0.4853
[ 2022-08-31 18:37:33,862][train_tran.train_nn_models] [Training] Epoch=160, loss=932.5836, nll=932.5836, l2_reg=0.0000, acc=0.6051
[ 2022-08-31 18:37:33,863][train_tran.train_nn_models] [Validation] Epoch=160, nll=949.3766, acc=0.5690
[ 2022-08-31 18:37:33,863][train_tran.train_nn_models] Found a better model at epoch 160.
[ 2022-08-31 18:37:36,752][train_tran.train_nn_models] [Training] Epoch=161, loss=861.8898, nll=861.8898, l2_reg=0.0000, acc=0.6709
[ 2022-08-31 18:37:36,753][train_tran.train_nn_models] [Validation] Epoch=161, nll=940.1390, acc=0.5677
[ 2022-08-31 18:37:36,753][train_tran.train_nn_models] Found a better model at epoch 161.
[ 2022-08-31 18:37:39,642][train_tran.train_nn_models] [Training] Epoch=162, loss=832.8523, nll=832.8523, l2_reg=0.0000, acc=0.6891
[ 2022-08-31 18:37:39,642][train_tran.train_nn_models] [Validation] Epoch=162, nll=930.1169, acc=0.5700
[ 2022-08-31 18:37:39,642][train_tran.train_nn_models] Found a better model at epoch 162.
[ 2022-08-31 18:37:42,485][train_tran.train_nn_models] [Training] Epoch=163, loss=811.2546, nll=811.2546, l2_reg=0.0000, acc=0.6984
[ 2022-08-31 18:37:42,486][train_tran.train_nn_models] [Validation] Epoch=163, nll=918.0783, acc=0.5769
[ 2022-08-31 18:37:42,486][train_tran.train_nn_models] Found a better model at epoch 163.
[ 2022-08-31 18:37:45,330][train_tran.train_nn_models] [Training] Epoch=164, loss=796.5401, nll=796.5401, l2_reg=0.0000, acc=0.7093
[ 2022-08-31 18:37:45,331][train_tran.train_nn_models] [Validation] Epoch=164, nll=901.2979, acc=0.5889
[ 2022-08-31 18:37:45,331][train_tran.train_nn_models] Found a better model at epoch 164.
[ 2022-08-31 18:37:48,042][train_tran.train_nn_models] [Training] Epoch=165, loss=784.9227, nll=784.9227, l2_reg=0.0000, acc=0.7181
[ 2022-08-31 18:37:48,042][train_tran.train_nn_models] [Validation] Epoch=165, nll=878.6055, acc=0.6046
[ 2022-08-31 18:37:48,042][train_tran.train_nn_models] Found a better model at epoch 165.
[ 2022-08-31 18:37:50,893][train_tran.train_nn_models] [Training] Epoch=166, loss=753.8402, nll=753.8402, l2_reg=0.0000, acc=0.7432
[ 2022-08-31 18:37:50,894][train_tran.train_nn_models] [Validation] Epoch=166, nll=870.1740, acc=0.6110
[ 2022-08-31 18:37:50,894][train_tran.train_nn_models] Found a better model at epoch 166.
[ 2022-08-31 18:37:53,817][train_tran.train_nn_models] [Training] Epoch=167, loss=777.9497, nll=777.9497, l2_reg=0.0000, acc=0.7357
[ 2022-08-31 18:37:53,817][train_tran.train_nn_models] [Validation] Epoch=167, nll=870.6768, acc=0.6181
[ 2022-08-31 18:37:56,669][train_tran.train_nn_models] [Training] Epoch=168, loss=729.1858, nll=729.1858, l2_reg=0.0000, acc=0.7699
[ 2022-08-31 18:37:56,670][train_tran.train_nn_models] [Validation] Epoch=168, nll=840.0223, acc=0.6467
[ 2022-08-31 18:37:56,670][train_tran.train_nn_models] Found a better model at epoch 168.
[ 2022-08-31 18:37:59,695][train_tran.train_nn_models] [Training] Epoch=169, loss=694.7860, nll=694.7860, l2_reg=0.0000, acc=0.7993
[ 2022-08-31 18:37:59,696][train_tran.train_nn_models] [Validation] Epoch=169, nll=842.6612, acc=0.6434
[ 2022-08-31 18:38:02,615][train_tran.train_nn_models] [Training] Epoch=170, loss=709.9673, nll=709.9673, l2_reg=0.0000, acc=0.7930
[ 2022-08-31 18:38:02,615][train_tran.train_nn_models] [Validation] Epoch=170, nll=830.2402, acc=0.6606
[ 2022-08-31 18:38:02,615][train_tran.train_nn_models] Found a better model at epoch 170.
[ 2022-08-31 18:38:05,395][train_tran.train_nn_models] [Training] Epoch=171, loss=671.6444, nll=671.6444, l2_reg=0.0000, acc=0.8196
[ 2022-08-31 18:38:05,395][train_tran.train_nn_models] [Validation] Epoch=171, nll=809.9435, acc=0.6694
[ 2022-08-31 18:38:05,395][train_tran.train_nn_models] Found a better model at epoch 171.
[ 2022-08-31 18:38:08,286][train_tran.train_nn_models] [Training] Epoch=172, loss=690.3104, nll=690.3104, l2_reg=0.0000, acc=0.8161
[ 2022-08-31 18:38:08,287][train_tran.train_nn_models] [Validation] Epoch=172, nll=833.1424, acc=0.6623
[ 2022-08-31 18:38:11,207][train_tran.train_nn_models] [Training] Epoch=173, loss=687.5521, nll=687.5521, l2_reg=0.0000, acc=0.8117
[ 2022-08-31 18:38:11,208][train_tran.train_nn_models] [Validation] Epoch=173, nll=834.3755, acc=0.6640
[ 2022-08-31 18:38:14,122][train_tran.train_nn_models] [Training] Epoch=174, loss=820.7053, nll=820.7053, l2_reg=0.0000, acc=0.7215
[ 2022-08-31 18:38:14,122][train_tran.train_nn_models] [Validation] Epoch=174, nll=1020.4663, acc=0.4938
[ 2022-08-31 18:38:17,034][train_tran.train_nn_models] [Training] Epoch=175, loss=915.2225, nll=915.2225, l2_reg=0.0000, acc=0.6069
[ 2022-08-31 18:38:17,034][train_tran.train_nn_models] [Validation] Epoch=175, nll=864.4729, acc=0.6340
[ 2022-08-31 18:38:19,851][train_tran.train_nn_models] [Training] Epoch=176, loss=742.1917, nll=742.1917, l2_reg=0.0000, acc=0.7693
[ 2022-08-31 18:38:19,852][train_tran.train_nn_models] [Validation] Epoch=176, nll=816.0330, acc=0.6740
[ 2022-08-31 18:38:22,657][train_tran.train_nn_models] [Training] Epoch=177, loss=667.2761, nll=667.2761, l2_reg=0.0000, acc=0.8271
[ 2022-08-31 18:38:22,658][train_tran.train_nn_models] [Validation] Epoch=177, nll=781.6620, acc=0.7044
[ 2022-08-31 18:38:22,658][train_tran.train_nn_models] Found a better model at epoch 177.
[ 2022-08-31 18:38:25,521][train_tran.train_nn_models] [Training] Epoch=178, loss=628.2262, nll=628.2262, l2_reg=0.0000, acc=0.8533
[ 2022-08-31 18:38:25,522][train_tran.train_nn_models] [Validation] Epoch=178, nll=759.5671, acc=0.7191
[ 2022-08-31 18:38:25,522][train_tran.train_nn_models] Found a better model at epoch 178.
[ 2022-08-31 18:38:28,279][train_tran.train_nn_models] [Training] Epoch=179, loss=608.5272, nll=608.5272, l2_reg=0.0000, acc=0.8622
[ 2022-08-31 18:38:28,280][train_tran.train_nn_models] [Validation] Epoch=179, nll=754.7656, acc=0.7214
[ 2022-08-31 18:38:28,280][train_tran.train_nn_models] Found a better model at epoch 179.
[ 2022-08-31 18:38:31,003][train_tran.train_nn_models] [Training] Epoch=180, loss=598.3064, nll=598.3064, l2_reg=0.0000, acc=0.8676
[ 2022-08-31 18:38:31,004][train_tran.train_nn_models] [Validation] Epoch=180, nll=745.3137, acc=0.7279
[ 2022-08-31 18:38:31,004][train_tran.train_nn_models] Found a better model at epoch 180.
[ 2022-08-31 18:38:33,786][train_tran.train_nn_models] [Training] Epoch=181, loss=589.7571, nll=589.7571, l2_reg=0.0000, acc=0.8713
[ 2022-08-31 18:38:33,787][train_tran.train_nn_models] [Validation] Epoch=181, nll=740.6699, acc=0.7360
[ 2022-08-31 18:38:33,787][train_tran.train_nn_models] Found a better model at epoch 181.
[ 2022-08-31 18:38:36,715][train_tran.train_nn_models] [Training] Epoch=182, loss=580.6779, nll=580.6779, l2_reg=0.0000, acc=0.8787
[ 2022-08-31 18:38:36,716][train_tran.train_nn_models] [Validation] Epoch=182, nll=736.0567, acc=0.7425
[ 2022-08-31 18:38:36,716][train_tran.train_nn_models] Found a better model at epoch 182.
[ 2022-08-31 18:38:39,739][train_tran.train_nn_models] [Training] Epoch=183, loss=567.1666, nll=567.1666, l2_reg=0.0000, acc=0.8843
[ 2022-08-31 18:38:39,740][train_tran.train_nn_models] [Validation] Epoch=183, nll=728.8206, acc=0.7454
[ 2022-08-31 18:38:39,740][train_tran.train_nn_models] Found a better model at epoch 183.
[ 2022-08-31 18:38:42,627][train_tran.train_nn_models] [Training] Epoch=184, loss=558.8856, nll=558.8856, l2_reg=0.0000, acc=0.8895
[ 2022-08-31 18:38:42,628][train_tran.train_nn_models] [Validation] Epoch=184, nll=718.0680, acc=0.7524
[ 2022-08-31 18:38:42,628][train_tran.train_nn_models] Found a better model at epoch 184.
[ 2022-08-31 18:38:45,417][train_tran.train_nn_models] [Training] Epoch=185, loss=551.5491, nll=551.5491, l2_reg=0.0000, acc=0.8939
[ 2022-08-31 18:38:45,417][train_tran.train_nn_models] [Validation] Epoch=185, nll=710.0288, acc=0.7601
[ 2022-08-31 18:38:45,417][train_tran.train_nn_models] Found a better model at epoch 185.
[ 2022-08-31 18:38:48,209][train_tran.train_nn_models] [Training] Epoch=186, loss=549.7518, nll=549.7518, l2_reg=0.0000, acc=0.8972
[ 2022-08-31 18:38:48,209][train_tran.train_nn_models] [Validation] Epoch=186, nll=699.1171, acc=0.7690
[ 2022-08-31 18:38:48,209][train_tran.train_nn_models] Found a better model at epoch 186.
[ 2022-08-31 18:38:51,217][train_tran.train_nn_models] [Training] Epoch=187, loss=540.9166, nll=540.9166, l2_reg=0.0000, acc=0.9008
[ 2022-08-31 18:38:51,218][train_tran.train_nn_models] [Validation] Epoch=187, nll=698.7416, acc=0.7718
[ 2022-08-31 18:38:51,218][train_tran.train_nn_models] Found a better model at epoch 187.
[ 2022-08-31 18:38:54,196][train_tran.train_nn_models] [Training] Epoch=188, loss=548.7172, nll=548.7172, l2_reg=0.0000, acc=0.9016
[ 2022-08-31 18:38:54,196][train_tran.train_nn_models] [Validation] Epoch=188, nll=700.0042, acc=0.7652
[ 2022-08-31 18:38:57,085][train_tran.train_nn_models] [Training] Epoch=189, loss=537.2476, nll=537.2476, l2_reg=0.0000, acc=0.9035
[ 2022-08-31 18:38:57,086][train_tran.train_nn_models] [Validation] Epoch=189, nll=698.0319, acc=0.7697
[ 2022-08-31 18:38:57,086][train_tran.train_nn_models] Found a better model at epoch 189.
[ 2022-08-31 18:38:59,935][train_tran.train_nn_models] [Training] Epoch=190, loss=524.0353, nll=524.0353, l2_reg=0.0000, acc=0.9113
[ 2022-08-31 18:38:59,935][train_tran.train_nn_models] [Validation] Epoch=190, nll=674.1787, acc=0.7852
[ 2022-08-31 18:38:59,935][train_tran.train_nn_models] Found a better model at epoch 190.
[ 2022-08-31 18:39:02,924][train_tran.train_nn_models] [Training] Epoch=191, loss=520.0439, nll=520.0439, l2_reg=0.0000, acc=0.9156
[ 2022-08-31 18:39:02,924][train_tran.train_nn_models] [Validation] Epoch=191, nll=672.5952, acc=0.7917
[ 2022-08-31 18:39:02,924][train_tran.train_nn_models] Found a better model at epoch 191.
[ 2022-08-31 18:39:05,837][train_tran.train_nn_models] [Training] Epoch=192, loss=513.7067, nll=513.7067, l2_reg=0.0000, acc=0.9177
[ 2022-08-31 18:39:05,838][train_tran.train_nn_models] [Validation] Epoch=192, nll=655.0637, acc=0.8024
[ 2022-08-31 18:39:05,838][train_tran.train_nn_models] Found a better model at epoch 192.
[ 2022-08-31 18:39:08,809][train_tran.train_nn_models] [Training] Epoch=193, loss=506.9408, nll=506.9408, l2_reg=0.0000, acc=0.9223
[ 2022-08-31 18:39:08,810][train_tran.train_nn_models] [Validation] Epoch=193, nll=648.4863, acc=0.8036
[ 2022-08-31 18:39:08,810][train_tran.train_nn_models] Found a better model at epoch 193.
[ 2022-08-31 18:39:11,731][train_tran.train_nn_models] [Training] Epoch=194, loss=500.7701, nll=500.7701, l2_reg=0.0000, acc=0.9239
[ 2022-08-31 18:39:11,732][train_tran.train_nn_models] [Validation] Epoch=194, nll=639.7722, acc=0.8098
[ 2022-08-31 18:39:11,732][train_tran.train_nn_models] Found a better model at epoch 194.
[ 2022-08-31 18:39:14,751][train_tran.train_nn_models] [Training] Epoch=195, loss=497.0797, nll=497.0797, l2_reg=0.0000, acc=0.9272
[ 2022-08-31 18:39:14,751][train_tran.train_nn_models] [Validation] Epoch=195, nll=635.1294, acc=0.8146
[ 2022-08-31 18:39:14,751][train_tran.train_nn_models] Found a better model at epoch 195.
[ 2022-08-31 18:39:17,771][train_tran.train_nn_models] [Training] Epoch=196, loss=492.8246, nll=492.8246, l2_reg=0.0000, acc=0.9282
[ 2022-08-31 18:39:17,771][train_tran.train_nn_models] [Validation] Epoch=196, nll=639.6197, acc=0.8121
[ 2022-08-31 18:39:20,740][train_tran.train_nn_models] [Training] Epoch=197, loss=483.2035, nll=483.2035, l2_reg=0.0000, acc=0.9299
[ 2022-08-31 18:39:20,741][train_tran.train_nn_models] [Validation] Epoch=197, nll=635.1530, acc=0.8126
[ 2022-08-31 18:39:23,590][train_tran.train_nn_models] [Training] Epoch=198, loss=475.4731, nll=475.4731, l2_reg=0.0000, acc=0.9309
[ 2022-08-31 18:39:23,591][train_tran.train_nn_models] [Validation] Epoch=198, nll=624.8779, acc=0.8206
[ 2022-08-31 18:39:23,591][train_tran.train_nn_models] Found a better model at epoch 198.
[ 2022-08-31 18:39:26,531][train_tran.train_nn_models] [Training] Epoch=199, loss=476.3058, nll=476.3058, l2_reg=0.0000, acc=0.9324
[ 2022-08-31 18:39:26,532][train_tran.train_nn_models] [Validation] Epoch=199, nll=638.1096, acc=0.8153
[ 2022-08-31 18:39:29,452][train_tran.train_nn_models] [Training] Epoch=200, loss=473.9768, nll=473.9768, l2_reg=0.0000, acc=0.9317
[ 2022-08-31 18:39:29,452][train_tran.train_nn_models] [Validation] Epoch=200, nll=615.2313, acc=0.8194
[ 2022-08-31 18:39:29,452][train_tran.train_nn_models] Found a better model at epoch 200.
[ 2022-08-31 18:39:32,410][train_tran.train_nn_models] [Training] Epoch=201, loss=466.7642, nll=466.7642, l2_reg=0.0000, acc=0.9328
[ 2022-08-31 18:39:32,410][train_tran.train_nn_models] [Validation] Epoch=201, nll=618.8368, acc=0.8222
[ 2022-08-31 18:39:35,272][train_tran.train_nn_models] [Training] Epoch=202, loss=468.6582, nll=468.6582, l2_reg=0.0000, acc=0.9334
[ 2022-08-31 18:39:35,272][train_tran.train_nn_models] [Validation] Epoch=202, nll=618.2893, acc=0.8210
[ 2022-08-31 18:39:38,221][train_tran.train_nn_models] [Training] Epoch=203, loss=461.5006, nll=461.5006, l2_reg=0.0000, acc=0.9345
[ 2022-08-31 18:39:38,221][train_tran.train_nn_models] [Validation] Epoch=203, nll=602.0190, acc=0.8294
[ 2022-08-31 18:39:38,221][train_tran.train_nn_models] Found a better model at epoch 203.
[ 2022-08-31 18:39:41,274][train_tran.train_nn_models] [Training] Epoch=204, loss=452.0545, nll=452.0545, l2_reg=0.0000, acc=0.9392
[ 2022-08-31 18:39:41,274][train_tran.train_nn_models] [Validation] Epoch=204, nll=590.2905, acc=0.8360
[ 2022-08-31 18:39:41,274][train_tran.train_nn_models] Found a better model at epoch 204.
[ 2022-08-31 18:39:44,204][train_tran.train_nn_models] [Training] Epoch=205, loss=446.5435, nll=446.5435, l2_reg=0.0000, acc=0.9411
[ 2022-08-31 18:39:44,205][train_tran.train_nn_models] [Validation] Epoch=205, nll=587.3815, acc=0.8409
[ 2022-08-31 18:39:44,205][train_tran.train_nn_models] Found a better model at epoch 205.
[ 2022-08-31 18:39:47,280][train_tran.train_nn_models] [Training] Epoch=206, loss=442.6310, nll=442.6310, l2_reg=0.0000, acc=0.9424
[ 2022-08-31 18:39:47,280][train_tran.train_nn_models] [Validation] Epoch=206, nll=583.7720, acc=0.8428
[ 2022-08-31 18:39:47,280][train_tran.train_nn_models] Found a better model at epoch 206.
[ 2022-08-31 18:39:50,310][train_tran.train_nn_models] [Training] Epoch=207, loss=439.7695, nll=439.7695, l2_reg=0.0000, acc=0.9440
[ 2022-08-31 18:39:50,311][train_tran.train_nn_models] [Validation] Epoch=207, nll=585.6404, acc=0.8406
[ 2022-08-31 18:39:53,335][train_tran.train_nn_models] [Training] Epoch=208, loss=442.7281, nll=442.7281, l2_reg=0.0000, acc=0.9430
[ 2022-08-31 18:39:53,335][train_tran.train_nn_models] [Validation] Epoch=208, nll=595.6664, acc=0.8380
[ 2022-08-31 18:39:56,422][train_tran.train_nn_models] [Training] Epoch=209, loss=441.1500, nll=441.1500, l2_reg=0.0000, acc=0.9434
[ 2022-08-31 18:39:56,423][train_tran.train_nn_models] [Validation] Epoch=209, nll=590.7532, acc=0.8336
[ 2022-08-31 18:39:59,532][train_tran.train_nn_models] [Training] Epoch=210, loss=438.3811, nll=438.3811, l2_reg=0.0000, acc=0.9433
[ 2022-08-31 18:39:59,532][train_tran.train_nn_models] [Validation] Epoch=210, nll=592.5974, acc=0.8315
[ 2022-08-31 18:40:02,723][train_tran.train_nn_models] [Training] Epoch=211, loss=435.1622, nll=435.1622, l2_reg=0.0000, acc=0.9453
[ 2022-08-31 18:40:02,724][train_tran.train_nn_models] [Validation] Epoch=211, nll=583.1956, acc=0.8389
[ 2022-08-31 18:40:02,724][train_tran.train_nn_models] Found a better model at epoch 211.
[ 2022-08-31 18:40:05,947][train_tran.train_nn_models] [Training] Epoch=212, loss=434.2403, nll=434.2403, l2_reg=0.0000, acc=0.9458
[ 2022-08-31 18:40:05,948][train_tran.train_nn_models] [Validation] Epoch=212, nll=581.6284, acc=0.8411
[ 2022-08-31 18:40:05,948][train_tran.train_nn_models] Found a better model at epoch 212.
[ 2022-08-31 18:40:09,114][train_tran.train_nn_models] [Training] Epoch=213, loss=433.5822, nll=433.5822, l2_reg=0.0000, acc=0.9458
[ 2022-08-31 18:40:09,115][train_tran.train_nn_models] [Validation] Epoch=213, nll=564.2474, acc=0.8485
[ 2022-08-31 18:40:09,115][train_tran.train_nn_models] Found a better model at epoch 213.
[ 2022-08-31 18:40:12,495][train_tran.train_nn_models] [Training] Epoch=214, loss=430.5156, nll=430.5156, l2_reg=0.0000, acc=0.9463
[ 2022-08-31 18:40:12,495][train_tran.train_nn_models] [Validation] Epoch=214, nll=566.9673, acc=0.8472
[ 2022-08-31 18:40:15,847][train_tran.train_nn_models] [Training] Epoch=215, loss=426.6987, nll=426.6987, l2_reg=0.0000, acc=0.9474
[ 2022-08-31 18:40:15,847][train_tran.train_nn_models] [Validation] Epoch=215, nll=565.7095, acc=0.8520
[ 2022-08-31 18:40:19,073][train_tran.train_nn_models] [Training] Epoch=216, loss=428.2262, nll=428.2262, l2_reg=0.0000, acc=0.9486
[ 2022-08-31 18:40:19,073][train_tran.train_nn_models] [Validation] Epoch=216, nll=565.4180, acc=0.8509
[ 2022-08-31 18:40:22,271][train_tran.train_nn_models] [Training] Epoch=217, loss=423.1671, nll=423.1671, l2_reg=0.0000, acc=0.9491
[ 2022-08-31 18:40:22,272][train_tran.train_nn_models] [Validation] Epoch=217, nll=556.9645, acc=0.8535
[ 2022-08-31 18:40:22,272][train_tran.train_nn_models] Found a better model at epoch 217.
[ 2022-08-31 18:40:25,518][train_tran.train_nn_models] [Training] Epoch=218, loss=421.1445, nll=421.1445, l2_reg=0.0000, acc=0.9503
[ 2022-08-31 18:40:25,518][train_tran.train_nn_models] [Validation] Epoch=218, nll=550.1696, acc=0.8568
[ 2022-08-31 18:40:25,518][train_tran.train_nn_models] Found a better model at epoch 218.
[ 2022-08-31 18:40:28,653][train_tran.train_nn_models] [Training] Epoch=219, loss=420.1917, nll=420.1917, l2_reg=0.0000, acc=0.9504
[ 2022-08-31 18:40:28,654][train_tran.train_nn_models] [Validation] Epoch=219, nll=548.1334, acc=0.8571
[ 2022-08-31 18:40:28,654][train_tran.train_nn_models] Found a better model at epoch 219.
[ 2022-08-31 18:40:31,777][train_tran.train_nn_models] [Training] Epoch=220, loss=415.1978, nll=415.1978, l2_reg=0.0000, acc=0.9516
[ 2022-08-31 18:40:31,777][train_tran.train_nn_models] [Validation] Epoch=220, nll=544.7599, acc=0.8623
[ 2022-08-31 18:40:31,778][train_tran.train_nn_models] Found a better model at epoch 220.
[ 2022-08-31 18:40:35,185][train_tran.train_nn_models] [Training] Epoch=221, loss=417.9228, nll=417.9228, l2_reg=0.0000, acc=0.9519
[ 2022-08-31 18:40:35,186][train_tran.train_nn_models] [Validation] Epoch=221, nll=534.5766, acc=0.8708
[ 2022-08-31 18:40:35,186][train_tran.train_nn_models] Found a better model at epoch 221.
[ 2022-08-31 18:40:38,506][train_tran.train_nn_models] [Training] Epoch=222, loss=413.8727, nll=413.8727, l2_reg=0.0000, acc=0.9532
[ 2022-08-31 18:40:38,506][train_tran.train_nn_models] [Validation] Epoch=222, nll=536.1136, acc=0.8692
[ 2022-08-31 18:40:41,844][train_tran.train_nn_models] [Training] Epoch=223, loss=412.3198, nll=412.3198, l2_reg=0.0000, acc=0.9542
[ 2022-08-31 18:40:41,845][train_tran.train_nn_models] [Validation] Epoch=223, nll=518.4488, acc=0.8796
[ 2022-08-31 18:40:41,845][train_tran.train_nn_models] Found a better model at epoch 223.
[ 2022-08-31 18:40:45,012][train_tran.train_nn_models] [Training] Epoch=224, loss=407.8798, nll=407.8798, l2_reg=0.0000, acc=0.9553
[ 2022-08-31 18:40:45,013][train_tran.train_nn_models] [Validation] Epoch=224, nll=511.6022, acc=0.8872
[ 2022-08-31 18:40:45,013][train_tran.train_nn_models] Found a better model at epoch 224.
[ 2022-08-31 18:40:48,257][train_tran.train_nn_models] [Training] Epoch=225, loss=409.4470, nll=409.4470, l2_reg=0.0000, acc=0.9554
[ 2022-08-31 18:40:48,258][train_tran.train_nn_models] [Validation] Epoch=225, nll=514.4393, acc=0.8837
[ 2022-08-31 18:40:51,501][train_tran.train_nn_models] [Training] Epoch=226, loss=416.5450, nll=416.5450, l2_reg=0.0000, acc=0.9519
[ 2022-08-31 18:40:51,501][train_tran.train_nn_models] [Validation] Epoch=226, nll=523.6406, acc=0.8785
[ 2022-08-31 18:40:54,731][train_tran.train_nn_models] [Training] Epoch=227, loss=439.7866, nll=439.7866, l2_reg=0.0000, acc=0.9435
[ 2022-08-31 18:40:54,732][train_tran.train_nn_models] [Validation] Epoch=227, nll=530.9734, acc=0.8733
[ 2022-08-31 18:40:57,899][train_tran.train_nn_models] [Training] Epoch=228, loss=419.0571, nll=419.0571, l2_reg=0.0000, acc=0.9529
[ 2022-08-31 18:40:57,899][train_tran.train_nn_models] [Validation] Epoch=228, nll=514.9327, acc=0.8820
[ 2022-08-31 18:41:01,145][train_tran.train_nn_models] [Training] Epoch=229, loss=405.2858, nll=405.2858, l2_reg=0.0000, acc=0.9568
[ 2022-08-31 18:41:01,146][train_tran.train_nn_models] [Validation] Epoch=229, nll=516.5165, acc=0.8809
[ 2022-08-31 18:41:04,309][train_tran.train_nn_models] [Training] Epoch=230, loss=404.1831, nll=404.1831, l2_reg=0.0000, acc=0.9566
[ 2022-08-31 18:41:04,309][train_tran.train_nn_models] [Validation] Epoch=230, nll=507.3825, acc=0.8909
[ 2022-08-31 18:41:04,310][train_tran.train_nn_models] Found a better model at epoch 230.
[ 2022-08-31 18:41:07,573][train_tran.train_nn_models] [Training] Epoch=231, loss=400.5338, nll=400.5338, l2_reg=0.0000, acc=0.9583
[ 2022-08-31 18:41:07,574][train_tran.train_nn_models] [Validation] Epoch=231, nll=492.6063, acc=0.8943
[ 2022-08-31 18:41:07,574][train_tran.train_nn_models] Found a better model at epoch 231.
[ 2022-08-31 18:41:10,784][train_tran.train_nn_models] [Training] Epoch=232, loss=402.0551, nll=402.0551, l2_reg=0.0000, acc=0.9583
[ 2022-08-31 18:41:10,785][train_tran.train_nn_models] [Validation] Epoch=232, nll=507.6740, acc=0.8911
[ 2022-08-31 18:41:14,064][train_tran.train_nn_models] [Training] Epoch=233, loss=397.7673, nll=397.7673, l2_reg=0.0000, acc=0.9599
[ 2022-08-31 18:41:14,064][train_tran.train_nn_models] [Validation] Epoch=233, nll=480.1395, acc=0.9033
[ 2022-08-31 18:41:14,064][train_tran.train_nn_models] Found a better model at epoch 233.
[ 2022-08-31 18:41:17,452][train_tran.train_nn_models] [Training] Epoch=234, loss=385.7921, nll=385.7921, l2_reg=0.0000, acc=0.9655
[ 2022-08-31 18:41:17,453][train_tran.train_nn_models] [Validation] Epoch=234, nll=466.9672, acc=0.9125
[ 2022-08-31 18:41:17,453][train_tran.train_nn_models] Found a better model at epoch 234.
[ 2022-08-31 18:41:20,796][train_tran.train_nn_models] [Training] Epoch=235, loss=378.1304, nll=378.1304, l2_reg=0.0000, acc=0.9679
[ 2022-08-31 18:41:20,797][train_tran.train_nn_models] [Validation] Epoch=235, nll=461.7026, acc=0.9125
[ 2022-08-31 18:41:20,797][train_tran.train_nn_models] Found a better model at epoch 235.
[ 2022-08-31 18:41:24,159][train_tran.train_nn_models] [Training] Epoch=236, loss=372.8145, nll=372.8145, l2_reg=0.0000, acc=0.9696
[ 2022-08-31 18:41:24,160][train_tran.train_nn_models] [Validation] Epoch=236, nll=447.4680, acc=0.9201
[ 2022-08-31 18:41:24,160][train_tran.train_nn_models] Found a better model at epoch 236.
[ 2022-08-31 18:41:27,546][train_tran.train_nn_models] [Training] Epoch=237, loss=661.4713, nll=661.4713, l2_reg=0.0000, acc=0.8272
[ 2022-08-31 18:41:27,547][train_tran.train_nn_models] [Validation] Epoch=237, nll=798.8151, acc=0.7119
[ 2022-08-31 18:41:30,725][train_tran.train_nn_models] [Training] Epoch=238, loss=642.3681, nll=642.3681, l2_reg=0.0000, acc=0.8403
[ 2022-08-31 18:41:30,726][train_tran.train_nn_models] [Validation] Epoch=238, nll=705.6378, acc=0.7657
[ 2022-08-31 18:41:33,934][train_tran.train_nn_models] [Training] Epoch=239, loss=543.2958, nll=543.2958, l2_reg=0.0000, acc=0.8911
[ 2022-08-31 18:41:33,935][train_tran.train_nn_models] [Validation] Epoch=239, nll=672.4324, acc=0.7789
[ 2022-08-31 18:41:37,219][train_tran.train_nn_models] [Training] Epoch=240, loss=482.4988, nll=482.4988, l2_reg=0.0000, acc=0.9173
[ 2022-08-31 18:41:37,219][train_tran.train_nn_models] [Validation] Epoch=240, nll=600.4164, acc=0.8131
[ 2022-08-31 18:41:40,445][train_tran.train_nn_models] [Training] Epoch=241, loss=449.0929, nll=449.0929, l2_reg=0.0000, acc=0.9329
[ 2022-08-31 18:41:40,445][train_tran.train_nn_models] [Validation] Epoch=241, nll=563.8785, acc=0.8390
[ 2022-08-31 18:41:43,764][train_tran.train_nn_models] [Training] Epoch=242, loss=435.9361, nll=435.9361, l2_reg=0.0000, acc=0.9394
[ 2022-08-31 18:41:43,765][train_tran.train_nn_models] [Validation] Epoch=242, nll=557.1751, acc=0.8476
[ 2022-08-31 18:41:47,294][train_tran.train_nn_models] [Training] Epoch=243, loss=434.1254, nll=434.1254, l2_reg=0.0000, acc=0.9417
[ 2022-08-31 18:41:47,295][train_tran.train_nn_models] [Validation] Epoch=243, nll=568.3857, acc=0.8485
[ 2022-08-31 18:41:50,675][train_tran.train_nn_models] [Training] Epoch=244, loss=426.2650, nll=426.2650, l2_reg=0.0000, acc=0.9451
[ 2022-08-31 18:41:50,675][train_tran.train_nn_models] [Validation] Epoch=244, nll=561.4048, acc=0.8440
[ 2022-08-31 18:41:53,838][train_tran.train_nn_models] [Training] Epoch=245, loss=423.2423, nll=423.2423, l2_reg=0.0000, acc=0.9464
[ 2022-08-31 18:41:53,839][train_tran.train_nn_models] [Validation] Epoch=245, nll=560.4824, acc=0.8463
[ 2022-08-31 18:41:57,089][train_tran.train_nn_models] [Training] Epoch=246, loss=418.3021, nll=418.3021, l2_reg=0.0000, acc=0.9493
[ 2022-08-31 18:41:57,091][train_tran.train_nn_models] [Validation] Epoch=246, nll=546.7039, acc=0.8549
[ 2022-08-31 18:42:00,429][train_tran.train_nn_models] [Training] Epoch=247, loss=414.4236, nll=414.4236, l2_reg=0.0000, acc=0.9511
[ 2022-08-31 18:42:00,429][train_tran.train_nn_models] [Validation] Epoch=247, nll=548.2180, acc=0.8548
[ 2022-08-31 18:42:04,009][train_tran.train_nn_models] [Training] Epoch=248, loss=409.6064, nll=409.6064, l2_reg=0.0000, acc=0.9527
[ 2022-08-31 18:42:04,010][train_tran.train_nn_models] [Validation] Epoch=248, nll=533.3324, acc=0.8641
[ 2022-08-31 18:42:07,326][train_tran.train_nn_models] [Training] Epoch=249, loss=406.3235, nll=406.3235, l2_reg=0.0000, acc=0.9543
[ 2022-08-31 18:42:07,327][train_tran.train_nn_models] [Validation] Epoch=249, nll=527.9141, acc=0.8651
[ 2022-08-31 18:42:07,625][train_tran.eval_nll] [Test]nll=518.4920, acc=0.8738
[ 2022-08-31 20:08:27,112][train_tran.<module>]                    timestamp  ...                                             config
0 2022-08-31 20:08:27.096248  ...  {'model': 'Tran', 'dataset': 'pgem-1K-15', 'in...
1 2022-08-31 20:08:27.096248  ...  {'model': 'Tran', 'dataset': 'pgem-1K-15', 'in...
2 2022-08-31 20:08:27.096248  ...  {'model': 'Tran', 'dataset': 'pgem-1K-15', 'in...
3 2022-08-31 20:08:27.096248  ...  {'model': 'Tran', 'dataset': 'pgem-1K-15', 'in...
4 2022-08-31 20:08:27.096248  ...  {'model': 'Tran', 'dataset': 'pgem-1K-15', 'in...
5 2022-08-31 20:08:27.096248  ...  {'model': 'Tran', 'dataset': 'pgem-1K-15', 'in...

[6 rows x 7 columns]
