[ 2022-07-28 03:32:22,513][train.<module>] Namespace(attr_batch_size=0, basis_type='dyadic', batch_size=64, bucket_seqs=False, cuda=True, dataset='pgem-1K-10', dropout=0.0, embedding_dim=64, epochs=200, hidden_size=64, input_dir='data/input', l2_reg=0, lr=0.001, max_mean=20.0, model='Tran', n_bases=7, num_workers=0, occurred_type_only=False, optimizer='Adam', output_dir='data/output', rand_seed=0, skip_eval_infectivity=False, skip_pred_next_event=False, split_id=2, steps=50, tune_metric='nll', verbose=False)
[ 2022-07-28 03:32:24,542][train.train_nn_models] [Training] Epoch=0, loss=7587.5259, nll=7587.5259, l2_reg=0.0000, acc=0.1326
[ 2022-07-28 03:32:24,544][train.train_nn_models] [Validation] Epoch=0, nll=3547.5393, acc=0.1201
[ 2022-07-28 03:32:26,368][train.train_nn_models] [Training] Epoch=1, loss=2302.6724, nll=2302.6724, l2_reg=0.0000, acc=0.1602
[ 2022-07-28 03:32:26,369][train.train_nn_models] [Validation] Epoch=1, nll=1298.8627, acc=0.2054
[ 2022-07-28 03:32:28,180][train.train_nn_models] [Training] Epoch=2, loss=1010.7939, nll=1010.7939, l2_reg=0.0000, acc=0.2330
[ 2022-07-28 03:32:28,180][train.train_nn_models] [Validation] Epoch=2, nll=808.6163, acc=0.2363
[ 2022-07-28 03:32:29,982][train.train_nn_models] [Training] Epoch=3, loss=766.2197, nll=766.2197, l2_reg=0.0000, acc=0.2466
[ 2022-07-28 03:32:29,982][train.train_nn_models] [Validation] Epoch=3, nll=733.4850, acc=0.2577
[ 2022-07-28 03:32:31,793][train.train_nn_models] [Training] Epoch=4, loss=721.3335, nll=721.3335, l2_reg=0.0000, acc=0.2734
[ 2022-07-28 03:32:31,793][train.train_nn_models] [Validation] Epoch=4, nll=708.5853, acc=0.2741
[ 2022-07-28 03:32:33,601][train.train_nn_models] [Training] Epoch=5, loss=704.8683, nll=704.8683, l2_reg=0.0000, acc=0.2798
[ 2022-07-28 03:32:33,601][train.train_nn_models] [Validation] Epoch=5, nll=701.3196, acc=0.2814
[ 2022-07-28 03:32:35,418][train.train_nn_models] [Training] Epoch=6, loss=699.4042, nll=699.4042, l2_reg=0.0000, acc=0.2788
[ 2022-07-28 03:32:35,418][train.train_nn_models] [Validation] Epoch=6, nll=697.9657, acc=0.2769
[ 2022-07-28 03:32:37,239][train.train_nn_models] [Training] Epoch=7, loss=697.0154, nll=697.0154, l2_reg=0.0000, acc=0.2800
[ 2022-07-28 03:32:37,239][train.train_nn_models] [Validation] Epoch=7, nll=696.5915, acc=0.2764
[ 2022-07-28 03:32:39,053][train.train_nn_models] [Training] Epoch=8, loss=695.7666, nll=695.7666, l2_reg=0.0000, acc=0.2798
[ 2022-07-28 03:32:39,053][train.train_nn_models] [Validation] Epoch=8, nll=695.6077, acc=0.2765
[ 2022-07-28 03:32:40,861][train.train_nn_models] [Training] Epoch=9, loss=694.9162, nll=694.9162, l2_reg=0.0000, acc=0.2797
[ 2022-07-28 03:32:40,861][train.train_nn_models] [Validation] Epoch=9, nll=694.9455, acc=0.2782
[ 2022-07-28 03:32:42,655][train.train_nn_models] [Training] Epoch=10, loss=694.3331, nll=694.3331, l2_reg=0.0000, acc=0.2797
[ 2022-07-28 03:32:42,656][train.train_nn_models] [Validation] Epoch=10, nll=694.4869, acc=0.2768
[ 2022-07-28 03:32:44,460][train.train_nn_models] [Training] Epoch=11, loss=693.9116, nll=693.9116, l2_reg=0.0000, acc=0.2794
[ 2022-07-28 03:32:44,461][train.train_nn_models] [Validation] Epoch=11, nll=694.1265, acc=0.2783
[ 2022-07-28 03:32:46,272][train.train_nn_models] [Training] Epoch=12, loss=693.5770, nll=693.5770, l2_reg=0.0000, acc=0.2797
[ 2022-07-28 03:32:46,272][train.train_nn_models] [Validation] Epoch=12, nll=693.8313, acc=0.2790
[ 2022-07-28 03:32:48,078][train.train_nn_models] [Training] Epoch=13, loss=693.3076, nll=693.3076, l2_reg=0.0000, acc=0.2801
[ 2022-07-28 03:32:48,078][train.train_nn_models] [Validation] Epoch=13, nll=693.5911, acc=0.2788
[ 2022-07-28 03:32:49,877][train.train_nn_models] [Training] Epoch=14, loss=693.0857, nll=693.0857, l2_reg=0.0000, acc=0.2792
[ 2022-07-28 03:32:49,878][train.train_nn_models] [Validation] Epoch=14, nll=693.3893, acc=0.2793
[ 2022-07-28 03:32:51,686][train.train_nn_models] [Training] Epoch=15, loss=692.9027, nll=692.9027, l2_reg=0.0000, acc=0.2790
[ 2022-07-28 03:32:51,687][train.train_nn_models] [Validation] Epoch=15, nll=693.2198, acc=0.2784
[ 2022-07-28 03:32:53,495][train.train_nn_models] [Training] Epoch=16, loss=692.7551, nll=692.7551, l2_reg=0.0000, acc=0.2785
[ 2022-07-28 03:32:53,496][train.train_nn_models] [Validation] Epoch=16, nll=693.0832, acc=0.2788
[ 2022-07-28 03:32:55,322][train.train_nn_models] [Training] Epoch=17, loss=692.6385, nll=692.6385, l2_reg=0.0000, acc=0.2794
[ 2022-07-28 03:32:55,323][train.train_nn_models] [Validation] Epoch=17, nll=692.9779, acc=0.2798
[ 2022-07-28 03:32:57,203][train.train_nn_models] [Training] Epoch=18, loss=692.5481, nll=692.5481, l2_reg=0.0000, acc=0.2797
[ 2022-07-28 03:32:57,203][train.train_nn_models] [Validation] Epoch=18, nll=692.8994, acc=0.2801
[ 2022-07-28 03:32:59,067][train.train_nn_models] [Training] Epoch=19, loss=692.4771, nll=692.4771, l2_reg=0.0000, acc=0.2798
[ 2022-07-28 03:32:59,067][train.train_nn_models] [Validation] Epoch=19, nll=692.8402, acc=0.2804
[ 2022-07-28 03:33:00,913][train.train_nn_models] [Training] Epoch=20, loss=692.4195, nll=692.4195, l2_reg=0.0000, acc=0.2798
[ 2022-07-28 03:33:00,913][train.train_nn_models] [Validation] Epoch=20, nll=692.7937, acc=0.2809
[ 2022-07-28 03:33:02,739][train.train_nn_models] [Training] Epoch=21, loss=692.3720, nll=692.3720, l2_reg=0.0000, acc=0.2797
[ 2022-07-28 03:33:02,740][train.train_nn_models] [Validation] Epoch=21, nll=692.7554, acc=0.2808
[ 2022-07-28 03:33:04,556][train.train_nn_models] [Training] Epoch=22, loss=692.3321, nll=692.3321, l2_reg=0.0000, acc=0.2801
[ 2022-07-28 03:33:04,556][train.train_nn_models] [Validation] Epoch=22, nll=692.7229, acc=0.2805
[ 2022-07-28 03:33:06,378][train.train_nn_models] [Training] Epoch=23, loss=692.2980, nll=692.2980, l2_reg=0.0000, acc=0.2802
[ 2022-07-28 03:33:06,379][train.train_nn_models] [Validation] Epoch=23, nll=692.6952, acc=0.2805
[ 2022-07-28 03:33:08,189][train.train_nn_models] [Training] Epoch=24, loss=692.2684, nll=692.2684, l2_reg=0.0000, acc=0.2804
[ 2022-07-28 03:33:08,189][train.train_nn_models] [Validation] Epoch=24, nll=692.6718, acc=0.2804
[ 2022-07-28 03:33:10,008][train.train_nn_models] [Training] Epoch=25, loss=692.2425, nll=692.2425, l2_reg=0.0000, acc=0.2805
[ 2022-07-28 03:33:10,008][train.train_nn_models] [Validation] Epoch=25, nll=692.6519, acc=0.2797
[ 2022-07-28 03:33:11,832][train.train_nn_models] [Training] Epoch=26, loss=692.2195, nll=692.2195, l2_reg=0.0000, acc=0.2805
[ 2022-07-28 03:33:11,832][train.train_nn_models] [Validation] Epoch=26, nll=692.6348, acc=0.2797
[ 2022-07-28 03:33:13,691][train.train_nn_models] [Training] Epoch=27, loss=692.1987, nll=692.1987, l2_reg=0.0000, acc=0.2805
[ 2022-07-28 03:33:13,691][train.train_nn_models] [Validation] Epoch=27, nll=692.6201, acc=0.2795
[ 2022-07-28 03:33:15,525][train.train_nn_models] [Training] Epoch=28, loss=692.1802, nll=692.1802, l2_reg=0.0000, acc=0.2807
[ 2022-07-28 03:33:15,525][train.train_nn_models] [Validation] Epoch=28, nll=692.6074, acc=0.2787
[ 2022-07-28 03:33:17,361][train.train_nn_models] [Training] Epoch=29, loss=692.1631, nll=692.1631, l2_reg=0.0000, acc=0.2813
[ 2022-07-28 03:33:17,361][train.train_nn_models] [Validation] Epoch=29, nll=692.5965, acc=0.2787
[ 2022-07-28 03:33:19,199][train.train_nn_models] [Training] Epoch=30, loss=692.1474, nll=692.1474, l2_reg=0.0000, acc=0.2812
[ 2022-07-28 03:33:19,199][train.train_nn_models] [Validation] Epoch=30, nll=692.5869, acc=0.2782
[ 2022-07-28 03:33:21,005][train.train_nn_models] [Training] Epoch=31, loss=692.1329, nll=692.1329, l2_reg=0.0000, acc=0.2809
[ 2022-07-28 03:33:21,006][train.train_nn_models] [Validation] Epoch=31, nll=692.5785, acc=0.2785
[ 2022-07-28 03:33:22,822][train.train_nn_models] [Training] Epoch=32, loss=692.1191, nll=692.1191, l2_reg=0.0000, acc=0.2811
[ 2022-07-28 03:33:22,823][train.train_nn_models] [Validation] Epoch=32, nll=692.5713, acc=0.2780
[ 2022-07-28 03:33:24,642][train.train_nn_models] [Training] Epoch=33, loss=692.1061, nll=692.1061, l2_reg=0.0000, acc=0.2813
[ 2022-07-28 03:33:24,643][train.train_nn_models] [Validation] Epoch=33, nll=692.5650, acc=0.2780
[ 2022-07-28 03:33:26,445][train.train_nn_models] [Training] Epoch=34, loss=692.0936, nll=692.0936, l2_reg=0.0000, acc=0.2814
[ 2022-07-28 03:33:26,445][train.train_nn_models] [Validation] Epoch=34, nll=692.5590, acc=0.2773
[ 2022-07-28 03:33:28,242][train.train_nn_models] [Training] Epoch=35, loss=692.0812, nll=692.0812, l2_reg=0.0000, acc=0.2814
[ 2022-07-28 03:33:28,243][train.train_nn_models] [Validation] Epoch=35, nll=692.5536, acc=0.2778
[ 2022-07-28 03:33:30,061][train.train_nn_models] [Training] Epoch=36, loss=692.0693, nll=692.0693, l2_reg=0.0000, acc=0.2811
[ 2022-07-28 03:33:30,062][train.train_nn_models] [Validation] Epoch=36, nll=692.5471, acc=0.2780
[ 2022-07-28 03:33:31,888][train.train_nn_models] [Training] Epoch=37, loss=692.0588, nll=692.0588, l2_reg=0.0000, acc=0.2814
[ 2022-07-28 03:33:31,889][train.train_nn_models] [Validation] Epoch=37, nll=692.5438, acc=0.2771
[ 2022-07-28 03:33:33,700][train.train_nn_models] [Training] Epoch=38, loss=692.0487, nll=692.0487, l2_reg=0.0000, acc=0.2818
[ 2022-07-28 03:33:33,700][train.train_nn_models] [Validation] Epoch=38, nll=692.5412, acc=0.2778
[ 2022-07-28 03:33:35,498][train.train_nn_models] [Training] Epoch=39, loss=692.0386, nll=692.0386, l2_reg=0.0000, acc=0.2814
[ 2022-07-28 03:33:35,498][train.train_nn_models] [Validation] Epoch=39, nll=692.5358, acc=0.2773
[ 2022-07-28 03:33:37,296][train.train_nn_models] [Training] Epoch=40, loss=692.0311, nll=692.0311, l2_reg=0.0000, acc=0.2813
[ 2022-07-28 03:33:37,296][train.train_nn_models] [Validation] Epoch=40, nll=692.5326, acc=0.2761
[ 2022-07-28 03:33:39,100][train.train_nn_models] [Training] Epoch=41, loss=692.0198, nll=692.0198, l2_reg=0.0000, acc=0.2820
[ 2022-07-28 03:33:39,101][train.train_nn_models] [Validation] Epoch=41, nll=692.5333, acc=0.2773
[ 2022-07-28 03:33:40,904][train.train_nn_models] [Training] Epoch=42, loss=692.0114, nll=692.0114, l2_reg=0.0000, acc=0.2816
[ 2022-07-28 03:33:40,904][train.train_nn_models] [Validation] Epoch=42, nll=692.5289, acc=0.2774
[ 2022-07-28 03:33:42,702][train.train_nn_models] [Training] Epoch=43, loss=692.0032, nll=692.0032, l2_reg=0.0000, acc=0.2816
[ 2022-07-28 03:33:42,702][train.train_nn_models] [Validation] Epoch=43, nll=692.5282, acc=0.2761
[ 2022-07-28 03:33:44,498][train.train_nn_models] [Training] Epoch=44, loss=691.9949, nll=691.9949, l2_reg=0.0000, acc=0.2821
[ 2022-07-28 03:33:44,499][train.train_nn_models] [Validation] Epoch=44, nll=692.5287, acc=0.2756
[ 2022-07-28 03:33:46,289][train.train_nn_models] [Training] Epoch=45, loss=691.9871, nll=691.9871, l2_reg=0.0000, acc=0.2818
[ 2022-07-28 03:33:46,289][train.train_nn_models] [Validation] Epoch=45, nll=692.5268, acc=0.2765
[ 2022-07-28 03:33:48,087][train.train_nn_models] [Training] Epoch=46, loss=691.9785, nll=691.9785, l2_reg=0.0000, acc=0.2819
[ 2022-07-28 03:33:48,087][train.train_nn_models] [Validation] Epoch=46, nll=692.5234, acc=0.2772
[ 2022-07-28 03:33:49,884][train.train_nn_models] [Training] Epoch=47, loss=691.9739, nll=691.9739, l2_reg=0.0000, acc=0.2819
[ 2022-07-28 03:33:49,885][train.train_nn_models] [Validation] Epoch=47, nll=692.5219, acc=0.2771
[ 2022-07-28 03:33:51,680][train.train_nn_models] [Training] Epoch=48, loss=691.9631, nll=691.9631, l2_reg=0.0000, acc=0.2825
[ 2022-07-28 03:33:51,680][train.train_nn_models] [Validation] Epoch=48, nll=692.5262, acc=0.2767
[ 2022-07-28 03:33:53,471][train.train_nn_models] [Training] Epoch=49, loss=691.9570, nll=691.9570, l2_reg=0.0000, acc=0.2824
[ 2022-07-28 03:33:53,472][train.train_nn_models] [Validation] Epoch=49, nll=692.5248, acc=0.2771
[ 2022-07-28 03:33:55,287][train.train_nn_models] [Training] Epoch=50, loss=691.9508, nll=691.9508, l2_reg=0.0000, acc=0.2825
[ 2022-07-28 03:33:55,287][train.train_nn_models] [Validation] Epoch=50, nll=692.5256, acc=0.2761
[ 2022-07-28 03:33:57,079][train.train_nn_models] [Training] Epoch=51, loss=691.9445, nll=691.9445, l2_reg=0.0000, acc=0.2822
[ 2022-07-28 03:33:57,079][train.train_nn_models] [Validation] Epoch=51, nll=692.5288, acc=0.2761
[ 2022-07-28 03:33:58,885][train.train_nn_models] [Training] Epoch=52, loss=691.9384, nll=691.9384, l2_reg=0.0000, acc=0.2827
[ 2022-07-28 03:33:58,885][train.train_nn_models] [Validation] Epoch=52, nll=692.5293, acc=0.2765
[ 2022-07-28 03:34:00,702][train.train_nn_models] [Training] Epoch=53, loss=691.9316, nll=691.9316, l2_reg=0.0000, acc=0.2824
[ 2022-07-28 03:34:00,703][train.train_nn_models] [Validation] Epoch=53, nll=692.5273, acc=0.2776
[ 2022-07-28 03:34:02,516][train.train_nn_models] [Training] Epoch=54, loss=691.9274, nll=691.9274, l2_reg=0.0000, acc=0.2824
[ 2022-07-28 03:34:02,516][train.train_nn_models] [Validation] Epoch=54, nll=692.5296, acc=0.2772
[ 2022-07-28 03:34:04,315][train.train_nn_models] [Training] Epoch=55, loss=691.9216, nll=691.9216, l2_reg=0.0000, acc=0.2824
[ 2022-07-28 03:34:04,316][train.train_nn_models] [Validation] Epoch=55, nll=692.5327, acc=0.2775
[ 2022-07-28 03:34:06,122][train.train_nn_models] [Training] Epoch=56, loss=691.9152, nll=691.9152, l2_reg=0.0000, acc=0.2826
[ 2022-07-28 03:34:06,123][train.train_nn_models] [Validation] Epoch=56, nll=692.5325, acc=0.2765
[ 2022-07-28 03:34:07,924][train.train_nn_models] [Training] Epoch=57, loss=691.9117, nll=691.9117, l2_reg=0.0000, acc=0.2823
[ 2022-07-28 03:34:07,925][train.train_nn_models] [Validation] Epoch=57, nll=692.5338, acc=0.2762
[ 2022-07-28 03:34:09,729][train.train_nn_models] [Training] Epoch=58, loss=691.9073, nll=691.9073, l2_reg=0.0000, acc=0.2826
[ 2022-07-28 03:34:09,729][train.train_nn_models] [Validation] Epoch=58, nll=692.5362, acc=0.2767
[ 2022-07-28 03:34:11,579][train.train_nn_models] [Training] Epoch=59, loss=691.9017, nll=691.9017, l2_reg=0.0000, acc=0.2826
[ 2022-07-28 03:34:11,580][train.train_nn_models] [Validation] Epoch=59, nll=692.5371, acc=0.2768
[ 2022-07-28 03:34:13,430][train.train_nn_models] [Training] Epoch=60, loss=691.8970, nll=691.8970, l2_reg=0.0000, acc=0.2827
[ 2022-07-28 03:34:13,431][train.train_nn_models] [Validation] Epoch=60, nll=692.5344, acc=0.2766
[ 2022-07-28 03:34:15,229][train.train_nn_models] [Training] Epoch=61, loss=691.8934, nll=691.8934, l2_reg=0.0000, acc=0.2828
[ 2022-07-28 03:34:15,229][train.train_nn_models] [Validation] Epoch=61, nll=692.5369, acc=0.2763
[ 2022-07-28 03:34:17,030][train.train_nn_models] [Training] Epoch=62, loss=691.8903, nll=691.8903, l2_reg=0.0000, acc=0.2823
[ 2022-07-28 03:34:17,030][train.train_nn_models] [Validation] Epoch=62, nll=692.5379, acc=0.2762
[ 2022-07-28 03:34:18,830][train.train_nn_models] [Training] Epoch=63, loss=691.8846, nll=691.8846, l2_reg=0.0000, acc=0.2827
[ 2022-07-28 03:34:18,831][train.train_nn_models] [Validation] Epoch=63, nll=692.5381, acc=0.2761
[ 2022-07-28 03:34:20,624][train.train_nn_models] [Training] Epoch=64, loss=691.8806, nll=691.8806, l2_reg=0.0000, acc=0.2825
[ 2022-07-28 03:34:20,625][train.train_nn_models] [Validation] Epoch=64, nll=692.5346, acc=0.2756
[ 2022-07-28 03:34:22,422][train.train_nn_models] [Training] Epoch=65, loss=691.8777, nll=691.8777, l2_reg=0.0000, acc=0.2825
[ 2022-07-28 03:34:22,422][train.train_nn_models] [Validation] Epoch=65, nll=692.5363, acc=0.2752
[ 2022-07-28 03:34:24,217][train.train_nn_models] [Training] Epoch=66, loss=691.8747, nll=691.8747, l2_reg=0.0000, acc=0.2827
[ 2022-07-28 03:34:24,217][train.train_nn_models] [Validation] Epoch=66, nll=692.5368, acc=0.2752
[ 2022-07-28 03:34:26,014][train.train_nn_models] [Training] Epoch=67, loss=691.8693, nll=691.8693, l2_reg=0.0000, acc=0.2823
[ 2022-07-28 03:34:26,014][train.train_nn_models] [Validation] Epoch=67, nll=692.5366, acc=0.2748
[ 2022-07-28 03:34:27,817][train.train_nn_models] [Training] Epoch=68, loss=691.8656, nll=691.8656, l2_reg=0.0000, acc=0.2820
[ 2022-07-28 03:34:27,817][train.train_nn_models] [Validation] Epoch=68, nll=692.5313, acc=0.2756
[ 2022-07-28 03:34:29,633][train.train_nn_models] [Training] Epoch=69, loss=691.8657, nll=691.8657, l2_reg=0.0000, acc=0.2815
[ 2022-07-28 03:34:29,634][train.train_nn_models] [Validation] Epoch=69, nll=692.5285, acc=0.2769
[ 2022-07-28 03:34:31,423][train.train_nn_models] [Training] Epoch=70, loss=691.8624, nll=691.8624, l2_reg=0.0000, acc=0.2824
[ 2022-07-28 03:34:31,424][train.train_nn_models] [Validation] Epoch=70, nll=692.5309, acc=0.2781
[ 2022-07-28 03:34:33,231][train.train_nn_models] [Training] Epoch=71, loss=691.8558, nll=691.8558, l2_reg=0.0000, acc=0.2825
[ 2022-07-28 03:34:33,231][train.train_nn_models] [Validation] Epoch=71, nll=692.5324, acc=0.2744
[ 2022-07-28 03:34:35,030][train.train_nn_models] [Training] Epoch=72, loss=691.8499, nll=691.8499, l2_reg=0.0000, acc=0.2819
[ 2022-07-28 03:34:35,031][train.train_nn_models] [Validation] Epoch=72, nll=692.5294, acc=0.2746
[ 2022-07-28 03:34:36,845][train.train_nn_models] [Training] Epoch=73, loss=691.8491, nll=691.8491, l2_reg=0.0000, acc=0.2823
[ 2022-07-28 03:34:36,845][train.train_nn_models] [Validation] Epoch=73, nll=692.5286, acc=0.2740
[ 2022-07-28 03:34:38,653][train.train_nn_models] [Training] Epoch=74, loss=691.8471, nll=691.8471, l2_reg=0.0000, acc=0.2826
[ 2022-07-28 03:34:38,653][train.train_nn_models] [Validation] Epoch=74, nll=692.5268, acc=0.2739
[ 2022-07-28 03:34:40,454][train.train_nn_models] [Training] Epoch=75, loss=691.8408, nll=691.8408, l2_reg=0.0000, acc=0.2821
[ 2022-07-28 03:34:40,455][train.train_nn_models] [Validation] Epoch=75, nll=692.5254, acc=0.2734
[ 2022-07-28 03:34:42,255][train.train_nn_models] [Training] Epoch=76, loss=691.8382, nll=691.8382, l2_reg=0.0000, acc=0.2824
[ 2022-07-28 03:34:42,255][train.train_nn_models] [Validation] Epoch=76, nll=692.5212, acc=0.2741
[ 2022-07-28 03:34:44,070][train.train_nn_models] [Training] Epoch=77, loss=691.8348, nll=691.8348, l2_reg=0.0000, acc=0.2821
[ 2022-07-28 03:34:44,071][train.train_nn_models] [Validation] Epoch=77, nll=692.5190, acc=0.2744
[ 2022-07-28 03:34:45,883][train.train_nn_models] [Training] Epoch=78, loss=691.8311, nll=691.8311, l2_reg=0.0000, acc=0.2822
[ 2022-07-28 03:34:45,883][train.train_nn_models] [Validation] Epoch=78, nll=692.5172, acc=0.2737
[ 2022-07-28 03:34:47,704][train.train_nn_models] [Training] Epoch=79, loss=691.8286, nll=691.8286, l2_reg=0.0000, acc=0.2822
[ 2022-07-28 03:34:47,704][train.train_nn_models] [Validation] Epoch=79, nll=692.5138, acc=0.2743
[ 2022-07-28 03:34:49,525][train.train_nn_models] [Training] Epoch=80, loss=691.8250, nll=691.8250, l2_reg=0.0000, acc=0.2824
[ 2022-07-28 03:34:49,526][train.train_nn_models] [Validation] Epoch=80, nll=692.5120, acc=0.2737
[ 2022-07-28 03:34:51,326][train.train_nn_models] [Training] Epoch=81, loss=691.8221, nll=691.8221, l2_reg=0.0000, acc=0.2826
[ 2022-07-28 03:34:51,326][train.train_nn_models] [Validation] Epoch=81, nll=692.5085, acc=0.2743
[ 2022-07-28 03:34:53,118][train.train_nn_models] [Training] Epoch=82, loss=691.8188, nll=691.8188, l2_reg=0.0000, acc=0.2826
[ 2022-07-28 03:34:53,119][train.train_nn_models] [Validation] Epoch=82, nll=692.5054, acc=0.2742
[ 2022-07-28 03:34:54,938][train.train_nn_models] [Training] Epoch=83, loss=691.8155, nll=691.8155, l2_reg=0.0000, acc=0.2822
[ 2022-07-28 03:34:54,938][train.train_nn_models] [Validation] Epoch=83, nll=692.5035, acc=0.2734
[ 2022-07-28 03:34:56,745][train.train_nn_models] [Training] Epoch=84, loss=691.8128, nll=691.8128, l2_reg=0.0000, acc=0.2825
[ 2022-07-28 03:34:56,745][train.train_nn_models] [Validation] Epoch=84, nll=692.4994, acc=0.2743
[ 2022-07-28 03:34:58,548][train.train_nn_models] [Training] Epoch=85, loss=691.8094, nll=691.8094, l2_reg=0.0000, acc=0.2823
[ 2022-07-28 03:34:58,549][train.train_nn_models] [Validation] Epoch=85, nll=692.4967, acc=0.2742
[ 2022-07-28 03:35:00,341][train.train_nn_models] [Training] Epoch=86, loss=691.8068, nll=691.8068, l2_reg=0.0000, acc=0.2824
[ 2022-07-28 03:35:00,341][train.train_nn_models] [Validation] Epoch=86, nll=692.4927, acc=0.2749
[ 2022-07-28 03:35:02,136][train.train_nn_models] [Training] Epoch=87, loss=691.8035, nll=691.8035, l2_reg=0.0000, acc=0.2828
[ 2022-07-28 03:35:02,136][train.train_nn_models] [Validation] Epoch=87, nll=692.4898, acc=0.2747
[ 2022-07-28 03:35:03,943][train.train_nn_models] [Training] Epoch=88, loss=691.8004, nll=691.8004, l2_reg=0.0000, acc=0.2826
[ 2022-07-28 03:35:03,944][train.train_nn_models] [Validation] Epoch=88, nll=692.4860, acc=0.2746
[ 2022-07-28 03:35:05,741][train.train_nn_models] [Training] Epoch=89, loss=691.7972, nll=691.7972, l2_reg=0.0000, acc=0.2821
[ 2022-07-28 03:35:05,742][train.train_nn_models] [Validation] Epoch=89, nll=692.4832, acc=0.2746
[ 2022-07-28 03:35:07,544][train.train_nn_models] [Training] Epoch=90, loss=691.7944, nll=691.7944, l2_reg=0.0000, acc=0.2826
[ 2022-07-28 03:35:07,544][train.train_nn_models] [Validation] Epoch=90, nll=692.4781, acc=0.2759
[ 2022-07-28 03:35:09,347][train.train_nn_models] [Training] Epoch=91, loss=691.7916, nll=691.7916, l2_reg=0.0000, acc=0.2818
[ 2022-07-28 03:35:09,348][train.train_nn_models] [Validation] Epoch=91, nll=692.4788, acc=0.2741
[ 2022-07-28 03:35:11,141][train.train_nn_models] [Training] Epoch=92, loss=691.7925, nll=691.7925, l2_reg=0.0000, acc=0.2821
[ 2022-07-28 03:35:11,142][train.train_nn_models] [Validation] Epoch=92, nll=692.4742, acc=0.2753
[ 2022-07-28 03:35:12,943][train.train_nn_models] [Training] Epoch=93, loss=691.7858, nll=691.7858, l2_reg=0.0000, acc=0.2822
[ 2022-07-28 03:35:12,944][train.train_nn_models] [Validation] Epoch=93, nll=692.4688, acc=0.2744
[ 2022-07-28 03:35:14,758][train.train_nn_models] [Training] Epoch=94, loss=691.7822, nll=691.7822, l2_reg=0.0000, acc=0.2827
[ 2022-07-28 03:35:14,758][train.train_nn_models] [Validation] Epoch=94, nll=692.4631, acc=0.2761
[ 2022-07-28 03:35:16,570][train.train_nn_models] [Training] Epoch=95, loss=691.7792, nll=691.7792, l2_reg=0.0000, acc=0.2820
[ 2022-07-28 03:35:16,571][train.train_nn_models] [Validation] Epoch=95, nll=692.4633, acc=0.2744
[ 2022-07-28 03:35:18,380][train.train_nn_models] [Training] Epoch=96, loss=691.7787, nll=691.7787, l2_reg=0.0000, acc=0.2821
[ 2022-07-28 03:35:18,380][train.train_nn_models] [Validation] Epoch=96, nll=692.4570, acc=0.2765
[ 2022-07-28 03:35:20,196][train.train_nn_models] [Training] Epoch=97, loss=691.7733, nll=691.7733, l2_reg=0.0000, acc=0.2823
[ 2022-07-28 03:35:20,197][train.train_nn_models] [Validation] Epoch=97, nll=692.4519, acc=0.2760
[ 2022-07-28 03:35:21,999][train.train_nn_models] [Training] Epoch=98, loss=691.7703, nll=691.7703, l2_reg=0.0000, acc=0.2827
[ 2022-07-28 03:35:22,000][train.train_nn_models] [Validation] Epoch=98, nll=692.4465, acc=0.2758
[ 2022-07-28 03:35:23,799][train.train_nn_models] [Training] Epoch=99, loss=691.7722, nll=691.7722, l2_reg=0.0000, acc=0.2809
[ 2022-07-28 03:35:23,800][train.train_nn_models] [Validation] Epoch=99, nll=692.4432, acc=0.2766
[ 2022-07-28 03:35:25,614][train.train_nn_models] [Training] Epoch=100, loss=691.7775, nll=691.7775, l2_reg=0.0000, acc=0.2809
[ 2022-07-28 03:35:25,614][train.train_nn_models] [Validation] Epoch=100, nll=692.4431, acc=0.2760
[ 2022-07-28 03:35:27,431][train.train_nn_models] [Training] Epoch=101, loss=691.7683, nll=691.7683, l2_reg=0.0000, acc=0.2819
[ 2022-07-28 03:35:27,432][train.train_nn_models] [Validation] Epoch=101, nll=692.4360, acc=0.2763
[ 2022-07-28 03:35:27,432][train.train_nn_models] Found a better model at epoch 101.
[ 2022-07-28 03:35:29,264][train.train_nn_models] [Training] Epoch=102, loss=691.7551, nll=691.7551, l2_reg=0.0000, acc=0.2820
[ 2022-07-28 03:35:29,264][train.train_nn_models] [Validation] Epoch=102, nll=692.4296, acc=0.2761
[ 2022-07-28 03:35:29,264][train.train_nn_models] Found a better model at epoch 102.
[ 2022-07-28 03:35:31,076][train.train_nn_models] [Training] Epoch=103, loss=691.7545, nll=691.7545, l2_reg=0.0000, acc=0.2823
[ 2022-07-28 03:35:31,076][train.train_nn_models] [Validation] Epoch=103, nll=692.4265, acc=0.2763
[ 2022-07-28 03:35:31,076][train.train_nn_models] Found a better model at epoch 103.
[ 2022-07-28 03:35:32,881][train.train_nn_models] [Training] Epoch=104, loss=691.7523, nll=691.7523, l2_reg=0.0000, acc=0.2812
[ 2022-07-28 03:35:32,881][train.train_nn_models] [Validation] Epoch=104, nll=692.4277, acc=0.2753
[ 2022-07-28 03:35:34,675][train.train_nn_models] [Training] Epoch=105, loss=691.7533, nll=691.7533, l2_reg=0.0000, acc=0.2816
[ 2022-07-28 03:35:34,675][train.train_nn_models] [Validation] Epoch=105, nll=692.4218, acc=0.2761
[ 2022-07-28 03:35:34,675][train.train_nn_models] Found a better model at epoch 105.
[ 2022-07-28 03:35:36,486][train.train_nn_models] [Training] Epoch=106, loss=691.7461, nll=691.7461, l2_reg=0.0000, acc=0.2817
[ 2022-07-28 03:35:36,486][train.train_nn_models] [Validation] Epoch=106, nll=692.4113, acc=0.2779
[ 2022-07-28 03:35:36,486][train.train_nn_models] Found a better model at epoch 106.
[ 2022-07-28 03:35:38,291][train.train_nn_models] [Training] Epoch=107, loss=691.7455, nll=691.7455, l2_reg=0.0000, acc=0.2807
[ 2022-07-28 03:35:38,291][train.train_nn_models] [Validation] Epoch=107, nll=692.4119, acc=0.2764
[ 2022-07-28 03:35:40,083][train.train_nn_models] [Training] Epoch=108, loss=691.7484, nll=691.7484, l2_reg=0.0000, acc=0.2815
[ 2022-07-28 03:35:40,083][train.train_nn_models] [Validation] Epoch=108, nll=692.4065, acc=0.2758
[ 2022-07-28 03:35:40,083][train.train_nn_models] Found a better model at epoch 108.
[ 2022-07-28 03:35:41,894][train.train_nn_models] [Training] Epoch=109, loss=691.7360, nll=691.7360, l2_reg=0.0000, acc=0.2816
[ 2022-07-28 03:35:41,895][train.train_nn_models] [Validation] Epoch=109, nll=692.3977, acc=0.2760
[ 2022-07-28 03:35:41,895][train.train_nn_models] Found a better model at epoch 109.
[ 2022-07-28 03:35:43,701][train.train_nn_models] [Training] Epoch=110, loss=691.7327, nll=691.7327, l2_reg=0.0000, acc=0.2818
[ 2022-07-28 03:35:43,702][train.train_nn_models] [Validation] Epoch=110, nll=692.3935, acc=0.2774
[ 2022-07-28 03:35:43,702][train.train_nn_models] Found a better model at epoch 110.
[ 2022-07-28 03:35:45,519][train.train_nn_models] [Training] Epoch=111, loss=691.7295, nll=691.7295, l2_reg=0.0000, acc=0.2814
[ 2022-07-28 03:35:45,520][train.train_nn_models] [Validation] Epoch=111, nll=692.3899, acc=0.2759
[ 2022-07-28 03:35:45,520][train.train_nn_models] Found a better model at epoch 111.
[ 2022-07-28 03:35:47,320][train.train_nn_models] [Training] Epoch=112, loss=691.7271, nll=691.7271, l2_reg=0.0000, acc=0.2812
[ 2022-07-28 03:35:47,320][train.train_nn_models] [Validation] Epoch=112, nll=692.3834, acc=0.2767
[ 2022-07-28 03:35:47,320][train.train_nn_models] Found a better model at epoch 112.
[ 2022-07-28 03:35:49,109][train.train_nn_models] [Training] Epoch=113, loss=691.7255, nll=691.7255, l2_reg=0.0000, acc=0.2810
[ 2022-07-28 03:35:49,110][train.train_nn_models] [Validation] Epoch=113, nll=692.3845, acc=0.2770
[ 2022-07-28 03:35:50,899][train.train_nn_models] [Training] Epoch=114, loss=691.7295, nll=691.7295, l2_reg=0.0000, acc=0.2810
[ 2022-07-28 03:35:50,900][train.train_nn_models] [Validation] Epoch=114, nll=692.3774, acc=0.2744
[ 2022-07-28 03:35:50,900][train.train_nn_models] Found a better model at epoch 114.
[ 2022-07-28 03:35:52,697][train.train_nn_models] [Training] Epoch=115, loss=691.7177, nll=691.7177, l2_reg=0.0000, acc=0.2816
[ 2022-07-28 03:35:52,697][train.train_nn_models] [Validation] Epoch=115, nll=692.3687, acc=0.2759
[ 2022-07-28 03:35:52,697][train.train_nn_models] Found a better model at epoch 115.
[ 2022-07-28 03:35:54,493][train.train_nn_models] [Training] Epoch=116, loss=691.7124, nll=691.7124, l2_reg=0.0000, acc=0.2813
[ 2022-07-28 03:35:54,493][train.train_nn_models] [Validation] Epoch=116, nll=692.3596, acc=0.2771
[ 2022-07-28 03:35:54,493][train.train_nn_models] Found a better model at epoch 116.
[ 2022-07-28 03:35:56,293][train.train_nn_models] [Training] Epoch=117, loss=691.7118, nll=691.7118, l2_reg=0.0000, acc=0.2809
[ 2022-07-28 03:35:56,293][train.train_nn_models] [Validation] Epoch=117, nll=692.3602, acc=0.2765
[ 2022-07-28 03:35:58,091][train.train_nn_models] [Training] Epoch=118, loss=691.7167, nll=691.7167, l2_reg=0.0000, acc=0.2808
[ 2022-07-28 03:35:58,091][train.train_nn_models] [Validation] Epoch=118, nll=692.3538, acc=0.2757
[ 2022-07-28 03:35:58,091][train.train_nn_models] Found a better model at epoch 118.
[ 2022-07-28 03:35:59,889][train.train_nn_models] [Training] Epoch=119, loss=691.7006, nll=691.7006, l2_reg=0.0000, acc=0.2814
[ 2022-07-28 03:35:59,889][train.train_nn_models] [Validation] Epoch=119, nll=692.3426, acc=0.2762
[ 2022-07-28 03:35:59,889][train.train_nn_models] Found a better model at epoch 119.
[ 2022-07-28 03:36:01,687][train.train_nn_models] [Training] Epoch=120, loss=691.6957, nll=691.6957, l2_reg=0.0000, acc=0.2811
[ 2022-07-28 03:36:01,688][train.train_nn_models] [Validation] Epoch=120, nll=692.3355, acc=0.2761
[ 2022-07-28 03:36:01,688][train.train_nn_models] Found a better model at epoch 120.
[ 2022-07-28 03:36:03,486][train.train_nn_models] [Training] Epoch=121, loss=691.6896, nll=691.6896, l2_reg=0.0000, acc=0.2810
[ 2022-07-28 03:36:03,486][train.train_nn_models] [Validation] Epoch=121, nll=692.3303, acc=0.2765
[ 2022-07-28 03:36:03,486][train.train_nn_models] Found a better model at epoch 121.
[ 2022-07-28 03:36:05,286][train.train_nn_models] [Training] Epoch=122, loss=691.6871, nll=691.6871, l2_reg=0.0000, acc=0.2811
[ 2022-07-28 03:36:05,286][train.train_nn_models] [Validation] Epoch=122, nll=692.3220, acc=0.2766
[ 2022-07-28 03:36:05,286][train.train_nn_models] Found a better model at epoch 122.
[ 2022-07-28 03:36:07,076][train.train_nn_models] [Training] Epoch=123, loss=691.6815, nll=691.6815, l2_reg=0.0000, acc=0.2812
[ 2022-07-28 03:36:07,076][train.train_nn_models] [Validation] Epoch=123, nll=692.3145, acc=0.2766
[ 2022-07-28 03:36:07,076][train.train_nn_models] Found a better model at epoch 123.
[ 2022-07-28 03:36:08,879][train.train_nn_models] [Training] Epoch=124, loss=691.6763, nll=691.6763, l2_reg=0.0000, acc=0.2809
[ 2022-07-28 03:36:08,879][train.train_nn_models] [Validation] Epoch=124, nll=692.3046, acc=0.2766
[ 2022-07-28 03:36:08,879][train.train_nn_models] Found a better model at epoch 124.
[ 2022-07-28 03:36:10,682][train.train_nn_models] [Training] Epoch=125, loss=691.6696, nll=691.6696, l2_reg=0.0000, acc=0.2812
[ 2022-07-28 03:36:10,682][train.train_nn_models] [Validation] Epoch=125, nll=692.2982, acc=0.2754
[ 2022-07-28 03:36:10,682][train.train_nn_models] Found a better model at epoch 125.
[ 2022-07-28 03:36:12,499][train.train_nn_models] [Training] Epoch=126, loss=691.6650, nll=691.6650, l2_reg=0.0000, acc=0.2811
[ 2022-07-28 03:36:12,499][train.train_nn_models] [Validation] Epoch=126, nll=692.2878, acc=0.2754
[ 2022-07-28 03:36:12,499][train.train_nn_models] Found a better model at epoch 126.
[ 2022-07-28 03:36:14,320][train.train_nn_models] [Training] Epoch=127, loss=691.6566, nll=691.6566, l2_reg=0.0000, acc=0.2815
[ 2022-07-28 03:36:14,320][train.train_nn_models] [Validation] Epoch=127, nll=692.2742, acc=0.2770
[ 2022-07-28 03:36:14,320][train.train_nn_models] Found a better model at epoch 127.
[ 2022-07-28 03:36:16,112][train.train_nn_models] [Training] Epoch=128, loss=691.6473, nll=691.6473, l2_reg=0.0000, acc=0.2810
[ 2022-07-28 03:36:16,113][train.train_nn_models] [Validation] Epoch=128, nll=692.2713, acc=0.2771
[ 2022-07-28 03:36:16,113][train.train_nn_models] Found a better model at epoch 128.
[ 2022-07-28 03:36:17,908][train.train_nn_models] [Training] Epoch=129, loss=691.6448, nll=691.6448, l2_reg=0.0000, acc=0.2809
[ 2022-07-28 03:36:17,909][train.train_nn_models] [Validation] Epoch=129, nll=692.2571, acc=0.2765
[ 2022-07-28 03:36:17,909][train.train_nn_models] Found a better model at epoch 129.
[ 2022-07-28 03:36:19,702][train.train_nn_models] [Training] Epoch=130, loss=691.6309, nll=691.6309, l2_reg=0.0000, acc=0.2814
[ 2022-07-28 03:36:19,703][train.train_nn_models] [Validation] Epoch=130, nll=692.2401, acc=0.2755
[ 2022-07-28 03:36:19,703][train.train_nn_models] Found a better model at epoch 130.
[ 2022-07-28 03:36:21,494][train.train_nn_models] [Training] Epoch=131, loss=691.6171, nll=691.6171, l2_reg=0.0000, acc=0.2813
[ 2022-07-28 03:36:21,494][train.train_nn_models] [Validation] Epoch=131, nll=692.2246, acc=0.2754
[ 2022-07-28 03:36:21,494][train.train_nn_models] Found a better model at epoch 131.
[ 2022-07-28 03:36:23,285][train.train_nn_models] [Training] Epoch=132, loss=691.6027, nll=691.6027, l2_reg=0.0000, acc=0.2812
[ 2022-07-28 03:36:23,285][train.train_nn_models] [Validation] Epoch=132, nll=692.2062, acc=0.2753
[ 2022-07-28 03:36:23,285][train.train_nn_models] Found a better model at epoch 132.
[ 2022-07-28 03:36:25,075][train.train_nn_models] [Training] Epoch=133, loss=691.5865, nll=691.5865, l2_reg=0.0000, acc=0.2811
[ 2022-07-28 03:36:25,076][train.train_nn_models] [Validation] Epoch=133, nll=692.1835, acc=0.2745
[ 2022-07-28 03:36:25,076][train.train_nn_models] Found a better model at epoch 133.
[ 2022-07-28 03:36:26,868][train.train_nn_models] [Training] Epoch=134, loss=691.5687, nll=691.5687, l2_reg=0.0000, acc=0.2812
[ 2022-07-28 03:36:26,869][train.train_nn_models] [Validation] Epoch=134, nll=692.1577, acc=0.2751
[ 2022-07-28 03:36:26,869][train.train_nn_models] Found a better model at epoch 134.
[ 2022-07-28 03:36:28,672][train.train_nn_models] [Training] Epoch=135, loss=691.5471, nll=691.5471, l2_reg=0.0000, acc=0.2811
[ 2022-07-28 03:36:28,673][train.train_nn_models] [Validation] Epoch=135, nll=692.1246, acc=0.2751
[ 2022-07-28 03:36:28,673][train.train_nn_models] Found a better model at epoch 135.
[ 2022-07-28 03:36:30,473][train.train_nn_models] [Training] Epoch=136, loss=691.5218, nll=691.5218, l2_reg=0.0000, acc=0.2812
[ 2022-07-28 03:36:30,474][train.train_nn_models] [Validation] Epoch=136, nll=692.0848, acc=0.2747
[ 2022-07-28 03:36:30,474][train.train_nn_models] Found a better model at epoch 136.
[ 2022-07-28 03:36:32,280][train.train_nn_models] [Training] Epoch=137, loss=691.4918, nll=691.4918, l2_reg=0.0000, acc=0.2811
[ 2022-07-28 03:36:32,281][train.train_nn_models] [Validation] Epoch=137, nll=692.0360, acc=0.2782
[ 2022-07-28 03:36:32,281][train.train_nn_models] Found a better model at epoch 137.
[ 2022-07-28 03:36:34,086][train.train_nn_models] [Training] Epoch=138, loss=691.4558, nll=691.4558, l2_reg=0.0000, acc=0.2807
[ 2022-07-28 03:36:34,087][train.train_nn_models] [Validation] Epoch=138, nll=691.9938, acc=0.2751
[ 2022-07-28 03:36:34,087][train.train_nn_models] Found a better model at epoch 138.
[ 2022-07-28 03:36:35,912][train.train_nn_models] [Training] Epoch=139, loss=691.4267, nll=691.4267, l2_reg=0.0000, acc=0.2808
[ 2022-07-28 03:36:35,912][train.train_nn_models] [Validation] Epoch=139, nll=691.9288, acc=0.2752
[ 2022-07-28 03:36:35,912][train.train_nn_models] Found a better model at epoch 139.
[ 2022-07-28 03:36:37,706][train.train_nn_models] [Training] Epoch=140, loss=691.3718, nll=691.3718, l2_reg=0.0000, acc=0.2807
[ 2022-07-28 03:36:37,706][train.train_nn_models] [Validation] Epoch=140, nll=691.8607, acc=0.2743
[ 2022-07-28 03:36:37,706][train.train_nn_models] Found a better model at epoch 140.
[ 2022-07-28 03:36:39,505][train.train_nn_models] [Training] Epoch=141, loss=691.3121, nll=691.3121, l2_reg=0.0000, acc=0.2810
[ 2022-07-28 03:36:39,506][train.train_nn_models] [Validation] Epoch=141, nll=691.7913, acc=0.2744
[ 2022-07-28 03:36:39,506][train.train_nn_models] Found a better model at epoch 141.
[ 2022-07-28 03:36:41,303][train.train_nn_models] [Training] Epoch=142, loss=691.2379, nll=691.2379, l2_reg=0.0000, acc=0.2811
[ 2022-07-28 03:36:41,303][train.train_nn_models] [Validation] Epoch=142, nll=691.7080, acc=0.2756
[ 2022-07-28 03:36:41,304][train.train_nn_models] Found a better model at epoch 142.
[ 2022-07-28 03:36:43,098][train.train_nn_models] [Training] Epoch=143, loss=691.1507, nll=691.1507, l2_reg=0.0000, acc=0.2809
[ 2022-07-28 03:36:43,099][train.train_nn_models] [Validation] Epoch=143, nll=691.6029, acc=0.2758
[ 2022-07-28 03:36:43,099][train.train_nn_models] Found a better model at epoch 143.
[ 2022-07-28 03:36:44,903][train.train_nn_models] [Training] Epoch=144, loss=691.0463, nll=691.0463, l2_reg=0.0000, acc=0.2810
[ 2022-07-28 03:36:44,904][train.train_nn_models] [Validation] Epoch=144, nll=691.4667, acc=0.2753
[ 2022-07-28 03:36:44,904][train.train_nn_models] Found a better model at epoch 144.
[ 2022-07-28 03:36:46,690][train.train_nn_models] [Training] Epoch=145, loss=690.9332, nll=690.9332, l2_reg=0.0000, acc=0.2809
[ 2022-07-28 03:36:46,691][train.train_nn_models] [Validation] Epoch=145, nll=691.3211, acc=0.2741
[ 2022-07-28 03:36:46,691][train.train_nn_models] Found a better model at epoch 145.
[ 2022-07-28 03:36:48,489][train.train_nn_models] [Training] Epoch=146, loss=690.7966, nll=690.7966, l2_reg=0.0000, acc=0.2810
[ 2022-07-28 03:36:48,489][train.train_nn_models] [Validation] Epoch=146, nll=691.1633, acc=0.2739
[ 2022-07-28 03:36:48,489][train.train_nn_models] Found a better model at epoch 146.
[ 2022-07-28 03:36:50,281][train.train_nn_models] [Training] Epoch=147, loss=690.6533, nll=690.6533, l2_reg=0.0000, acc=0.2808
[ 2022-07-28 03:36:50,282][train.train_nn_models] [Validation] Epoch=147, nll=691.0193, acc=0.2743
[ 2022-07-28 03:36:50,282][train.train_nn_models] Found a better model at epoch 147.
[ 2022-07-28 03:36:52,071][train.train_nn_models] [Training] Epoch=148, loss=690.5332, nll=690.5332, l2_reg=0.0000, acc=0.2807
[ 2022-07-28 03:36:52,071][train.train_nn_models] [Validation] Epoch=148, nll=690.8926, acc=0.2756
[ 2022-07-28 03:36:52,071][train.train_nn_models] Found a better model at epoch 148.
[ 2022-07-28 03:36:53,868][train.train_nn_models] [Training] Epoch=149, loss=690.4149, nll=690.4149, l2_reg=0.0000, acc=0.2810
[ 2022-07-28 03:36:53,869][train.train_nn_models] [Validation] Epoch=149, nll=690.7626, acc=0.2743
[ 2022-07-28 03:36:53,869][train.train_nn_models] Found a better model at epoch 149.
[ 2022-07-28 03:36:55,671][train.train_nn_models] [Training] Epoch=150, loss=690.2878, nll=690.2878, l2_reg=0.0000, acc=0.2814
[ 2022-07-28 03:36:55,672][train.train_nn_models] [Validation] Epoch=150, nll=690.6065, acc=0.2745
[ 2022-07-28 03:36:55,672][train.train_nn_models] Found a better model at epoch 150.
[ 2022-07-28 03:36:57,464][train.train_nn_models] [Training] Epoch=151, loss=690.1372, nll=690.1372, l2_reg=0.0000, acc=0.2815
[ 2022-07-28 03:36:57,464][train.train_nn_models] [Validation] Epoch=151, nll=690.3828, acc=0.2758
[ 2022-07-28 03:36:57,464][train.train_nn_models] Found a better model at epoch 151.
[ 2022-07-28 03:36:59,260][train.train_nn_models] [Training] Epoch=152, loss=689.9690, nll=689.9690, l2_reg=0.0000, acc=0.2816
[ 2022-07-28 03:36:59,260][train.train_nn_models] [Validation] Epoch=152, nll=690.1534, acc=0.2758
[ 2022-07-28 03:36:59,260][train.train_nn_models] Found a better model at epoch 152.
[ 2022-07-28 03:37:01,057][train.train_nn_models] [Training] Epoch=153, loss=689.8036, nll=689.8036, l2_reg=0.0000, acc=0.2818
[ 2022-07-28 03:37:01,057][train.train_nn_models] [Validation] Epoch=153, nll=689.9454, acc=0.2756
[ 2022-07-28 03:37:01,058][train.train_nn_models] Found a better model at epoch 153.
[ 2022-07-28 03:37:02,853][train.train_nn_models] [Training] Epoch=154, loss=689.6277, nll=689.6277, l2_reg=0.0000, acc=0.2819
[ 2022-07-28 03:37:02,854][train.train_nn_models] [Validation] Epoch=154, nll=689.7610, acc=0.2762
[ 2022-07-28 03:37:02,854][train.train_nn_models] Found a better model at epoch 154.
[ 2022-07-28 03:37:04,641][train.train_nn_models] [Training] Epoch=155, loss=689.4037, nll=689.4037, l2_reg=0.0000, acc=0.2817
[ 2022-07-28 03:37:04,642][train.train_nn_models] [Validation] Epoch=155, nll=689.5146, acc=0.2760
[ 2022-07-28 03:37:04,642][train.train_nn_models] Found a better model at epoch 155.
[ 2022-07-28 03:37:06,441][train.train_nn_models] [Training] Epoch=156, loss=689.0596, nll=689.0596, l2_reg=0.0000, acc=0.2821
[ 2022-07-28 03:37:06,441][train.train_nn_models] [Validation] Epoch=156, nll=689.3231, acc=0.2780
[ 2022-07-28 03:37:06,441][train.train_nn_models] Found a better model at epoch 156.
[ 2022-07-28 03:37:08,230][train.train_nn_models] [Training] Epoch=157, loss=688.5618, nll=688.5618, l2_reg=0.0000, acc=0.2826
[ 2022-07-28 03:37:08,231][train.train_nn_models] [Validation] Epoch=157, nll=689.2458, acc=0.2785
[ 2022-07-28 03:37:08,231][train.train_nn_models] Found a better model at epoch 157.
[ 2022-07-28 03:37:10,017][train.train_nn_models] [Training] Epoch=158, loss=688.0875, nll=688.0875, l2_reg=0.0000, acc=0.2832
[ 2022-07-28 03:37:10,018][train.train_nn_models] [Validation] Epoch=158, nll=688.9110, acc=0.2783
[ 2022-07-28 03:37:10,018][train.train_nn_models] Found a better model at epoch 158.
[ 2022-07-28 03:37:11,807][train.train_nn_models] [Training] Epoch=159, loss=687.6389, nll=687.6389, l2_reg=0.0000, acc=0.2846
[ 2022-07-28 03:37:11,807][train.train_nn_models] [Validation] Epoch=159, nll=688.7502, acc=0.2783
[ 2022-07-28 03:37:11,807][train.train_nn_models] Found a better model at epoch 159.
[ 2022-07-28 03:37:13,596][train.train_nn_models] [Training] Epoch=160, loss=687.1887, nll=687.1887, l2_reg=0.0000, acc=0.2863
[ 2022-07-28 03:37:13,597][train.train_nn_models] [Validation] Epoch=160, nll=688.4745, acc=0.2800
[ 2022-07-28 03:37:13,597][train.train_nn_models] Found a better model at epoch 160.
[ 2022-07-28 03:37:15,382][train.train_nn_models] [Training] Epoch=161, loss=686.8763, nll=686.8763, l2_reg=0.0000, acc=0.2875
[ 2022-07-28 03:37:15,382][train.train_nn_models] [Validation] Epoch=161, nll=688.5468, acc=0.2821
[ 2022-07-28 03:37:17,184][train.train_nn_models] [Training] Epoch=162, loss=686.7056, nll=686.7056, l2_reg=0.0000, acc=0.2893
[ 2022-07-28 03:37:17,185][train.train_nn_models] [Validation] Epoch=162, nll=687.6446, acc=0.2896
[ 2022-07-28 03:37:17,185][train.train_nn_models] Found a better model at epoch 162.
[ 2022-07-28 03:37:18,981][train.train_nn_models] [Training] Epoch=163, loss=685.7848, nll=685.7848, l2_reg=0.0000, acc=0.2921
[ 2022-07-28 03:37:18,981][train.train_nn_models] [Validation] Epoch=163, nll=686.4808, acc=0.2885
[ 2022-07-28 03:37:18,981][train.train_nn_models] Found a better model at epoch 163.
[ 2022-07-28 03:37:20,774][train.train_nn_models] [Training] Epoch=164, loss=685.8191, nll=685.8191, l2_reg=0.0000, acc=0.2922
[ 2022-07-28 03:37:20,774][train.train_nn_models] [Validation] Epoch=164, nll=687.0679, acc=0.2945
[ 2022-07-28 03:37:22,557][train.train_nn_models] [Training] Epoch=165, loss=683.4730, nll=683.4730, l2_reg=0.0000, acc=0.3010
[ 2022-07-28 03:37:22,558][train.train_nn_models] [Validation] Epoch=165, nll=684.9318, acc=0.2950
[ 2022-07-28 03:37:22,558][train.train_nn_models] Found a better model at epoch 165.
[ 2022-07-28 03:37:24,340][train.train_nn_models] [Training] Epoch=166, loss=685.1411, nll=685.1411, l2_reg=0.0000, acc=0.2947
[ 2022-07-28 03:37:24,340][train.train_nn_models] [Validation] Epoch=166, nll=685.0315, acc=0.2928
[ 2022-07-28 03:37:26,121][train.train_nn_models] [Training] Epoch=167, loss=685.5812, nll=685.5812, l2_reg=0.0000, acc=0.2925
[ 2022-07-28 03:37:26,121][train.train_nn_models] [Validation] Epoch=167, nll=685.9995, acc=0.2862
[ 2022-07-28 03:37:27,904][train.train_nn_models] [Training] Epoch=168, loss=683.2773, nll=683.2773, l2_reg=0.0000, acc=0.2994
[ 2022-07-28 03:37:27,904][train.train_nn_models] [Validation] Epoch=168, nll=684.7273, acc=0.2960
[ 2022-07-28 03:37:27,904][train.train_nn_models] Found a better model at epoch 168.
[ 2022-07-28 03:37:29,695][train.train_nn_models] [Training] Epoch=169, loss=681.7588, nll=681.7588, l2_reg=0.0000, acc=0.3042
[ 2022-07-28 03:37:29,696][train.train_nn_models] [Validation] Epoch=169, nll=683.1353, acc=0.2975
[ 2022-07-28 03:37:29,696][train.train_nn_models] Found a better model at epoch 169.
[ 2022-07-28 03:37:31,484][train.train_nn_models] [Training] Epoch=170, loss=681.3052, nll=681.3052, l2_reg=0.0000, acc=0.3064
[ 2022-07-28 03:37:31,484][train.train_nn_models] [Validation] Epoch=170, nll=682.3848, acc=0.3030
[ 2022-07-28 03:37:31,484][train.train_nn_models] Found a better model at epoch 170.
[ 2022-07-28 03:37:33,266][train.train_nn_models] [Training] Epoch=171, loss=678.5884, nll=678.5884, l2_reg=0.0000, acc=0.3129
[ 2022-07-28 03:37:33,267][train.train_nn_models] [Validation] Epoch=171, nll=681.5986, acc=0.3083
[ 2022-07-28 03:37:33,267][train.train_nn_models] Found a better model at epoch 171.
[ 2022-07-28 03:37:35,056][train.train_nn_models] [Training] Epoch=172, loss=685.3909, nll=685.3909, l2_reg=0.0000, acc=0.2928
[ 2022-07-28 03:37:35,056][train.train_nn_models] [Validation] Epoch=172, nll=690.0674, acc=0.2850
[ 2022-07-28 03:37:36,832][train.train_nn_models] [Training] Epoch=173, loss=685.6699, nll=685.6699, l2_reg=0.0000, acc=0.2911
[ 2022-07-28 03:37:36,833][train.train_nn_models] [Validation] Epoch=173, nll=685.6199, acc=0.2866
[ 2022-07-28 03:37:38,612][train.train_nn_models] [Training] Epoch=174, loss=683.5490, nll=683.5490, l2_reg=0.0000, acc=0.2962
[ 2022-07-28 03:37:38,612][train.train_nn_models] [Validation] Epoch=174, nll=684.5007, acc=0.2976
[ 2022-07-28 03:37:40,385][train.train_nn_models] [Training] Epoch=175, loss=681.3702, nll=681.3702, l2_reg=0.0000, acc=0.3052
[ 2022-07-28 03:37:40,386][train.train_nn_models] [Validation] Epoch=175, nll=682.8549, acc=0.3065
[ 2022-07-28 03:37:42,167][train.train_nn_models] [Training] Epoch=176, loss=679.1802, nll=679.1802, l2_reg=0.0000, acc=0.3119
[ 2022-07-28 03:37:42,168][train.train_nn_models] [Validation] Epoch=176, nll=683.7880, acc=0.3029
[ 2022-07-28 03:37:43,943][train.train_nn_models] [Training] Epoch=177, loss=677.0817, nll=677.0817, l2_reg=0.0000, acc=0.3172
[ 2022-07-28 03:37:43,943][train.train_nn_models] [Validation] Epoch=177, nll=681.0933, acc=0.3155
[ 2022-07-28 03:37:43,944][train.train_nn_models] Found a better model at epoch 177.
[ 2022-07-28 03:37:45,728][train.train_nn_models] [Training] Epoch=178, loss=679.6246, nll=679.6246, l2_reg=0.0000, acc=0.3069
[ 2022-07-28 03:37:45,728][train.train_nn_models] [Validation] Epoch=178, nll=680.1179, acc=0.3070
[ 2022-07-28 03:37:45,728][train.train_nn_models] Found a better model at epoch 178.
[ 2022-07-28 03:37:47,507][train.train_nn_models] [Training] Epoch=179, loss=676.0803, nll=676.0803, l2_reg=0.0000, acc=0.3157
[ 2022-07-28 03:37:47,508][train.train_nn_models] [Validation] Epoch=179, nll=679.2961, acc=0.3183
[ 2022-07-28 03:37:47,508][train.train_nn_models] Found a better model at epoch 179.
[ 2022-07-28 03:37:49,282][train.train_nn_models] [Training] Epoch=180, loss=672.5691, nll=672.5691, l2_reg=0.0000, acc=0.3267
[ 2022-07-28 03:37:49,282][train.train_nn_models] [Validation] Epoch=180, nll=678.2512, acc=0.3189
[ 2022-07-28 03:37:49,282][train.train_nn_models] Found a better model at epoch 180.
[ 2022-07-28 03:37:51,064][train.train_nn_models] [Training] Epoch=181, loss=668.6738, nll=668.6738, l2_reg=0.0000, acc=0.3352
[ 2022-07-28 03:37:51,064][train.train_nn_models] [Validation] Epoch=181, nll=676.5910, acc=0.3219
[ 2022-07-28 03:37:51,064][train.train_nn_models] Found a better model at epoch 181.
[ 2022-07-28 03:37:52,846][train.train_nn_models] [Training] Epoch=182, loss=699.7144, nll=699.7144, l2_reg=0.0000, acc=0.2806
[ 2022-07-28 03:37:52,847][train.train_nn_models] [Validation] Epoch=182, nll=697.0034, acc=0.2871
[ 2022-07-28 03:37:54,626][train.train_nn_models] [Training] Epoch=183, loss=686.8600, nll=686.8600, l2_reg=0.0000, acc=0.2883
[ 2022-07-28 03:37:54,626][train.train_nn_models] [Validation] Epoch=183, nll=684.9565, acc=0.2874
[ 2022-07-28 03:37:56,404][train.train_nn_models] [Training] Epoch=184, loss=681.6070, nll=681.6070, l2_reg=0.0000, acc=0.2958
[ 2022-07-28 03:37:56,405][train.train_nn_models] [Validation] Epoch=184, nll=682.0259, acc=0.2957
[ 2022-07-28 03:37:58,196][train.train_nn_models] [Training] Epoch=185, loss=679.3488, nll=679.3488, l2_reg=0.0000, acc=0.3026
[ 2022-07-28 03:37:58,197][train.train_nn_models] [Validation] Epoch=185, nll=679.9412, acc=0.3009
[ 2022-07-28 03:37:59,976][train.train_nn_models] [Training] Epoch=186, loss=674.1185, nll=674.1185, l2_reg=0.0000, acc=0.3140
[ 2022-07-28 03:37:59,977][train.train_nn_models] [Validation] Epoch=186, nll=683.7940, acc=0.2942
[ 2022-07-28 03:38:01,765][train.train_nn_models] [Training] Epoch=187, loss=675.7306, nll=675.7306, l2_reg=0.0000, acc=0.3146
[ 2022-07-28 03:38:01,766][train.train_nn_models] [Validation] Epoch=187, nll=675.2795, acc=0.3123
[ 2022-07-28 03:38:01,766][train.train_nn_models] Found a better model at epoch 187.
[ 2022-07-28 03:38:03,554][train.train_nn_models] [Training] Epoch=188, loss=666.2539, nll=666.2539, l2_reg=0.0000, acc=0.3405
[ 2022-07-28 03:38:03,554][train.train_nn_models] [Validation] Epoch=188, nll=665.2151, acc=0.3439
[ 2022-07-28 03:38:03,554][train.train_nn_models] Found a better model at epoch 188.
[ 2022-07-28 03:38:05,335][train.train_nn_models] [Training] Epoch=189, loss=672.0132, nll=672.0132, l2_reg=0.0000, acc=0.3174
[ 2022-07-28 03:38:05,336][train.train_nn_models] [Validation] Epoch=189, nll=672.4573, acc=0.3119
[ 2022-07-28 03:38:07,119][train.train_nn_models] [Training] Epoch=190, loss=661.4236, nll=661.4236, l2_reg=0.0000, acc=0.3513
[ 2022-07-28 03:38:07,119][train.train_nn_models] [Validation] Epoch=190, nll=664.6859, acc=0.3333
[ 2022-07-28 03:38:07,119][train.train_nn_models] Found a better model at epoch 190.
[ 2022-07-28 03:38:08,913][train.train_nn_models] [Training] Epoch=191, loss=657.9698, nll=657.9698, l2_reg=0.0000, acc=0.3532
[ 2022-07-28 03:38:08,913][train.train_nn_models] [Validation] Epoch=191, nll=659.6306, acc=0.3472
[ 2022-07-28 03:38:08,913][train.train_nn_models] Found a better model at epoch 191.
[ 2022-07-28 03:38:10,710][train.train_nn_models] [Training] Epoch=192, loss=647.7590, nll=647.7590, l2_reg=0.0000, acc=0.3814
[ 2022-07-28 03:38:10,711][train.train_nn_models] [Validation] Epoch=192, nll=669.0208, acc=0.3412
[ 2022-07-28 03:38:12,499][train.train_nn_models] [Training] Epoch=193, loss=659.3264, nll=659.3264, l2_reg=0.0000, acc=0.3481
[ 2022-07-28 03:38:12,500][train.train_nn_models] [Validation] Epoch=193, nll=658.8199, acc=0.3528
[ 2022-07-28 03:38:12,500][train.train_nn_models] Found a better model at epoch 193.
[ 2022-07-28 03:38:14,288][train.train_nn_models] [Training] Epoch=194, loss=662.5923, nll=662.5923, l2_reg=0.0000, acc=0.3384
[ 2022-07-28 03:38:14,288][train.train_nn_models] [Validation] Epoch=194, nll=667.0022, acc=0.3157
[ 2022-07-28 03:38:16,072][train.train_nn_models] [Training] Epoch=195, loss=651.3224, nll=651.3224, l2_reg=0.0000, acc=0.3636
[ 2022-07-28 03:38:16,072][train.train_nn_models] [Validation] Epoch=195, nll=655.1212, acc=0.3643
[ 2022-07-28 03:38:16,072][train.train_nn_models] Found a better model at epoch 195.
[ 2022-07-28 03:38:17,865][train.train_nn_models] [Training] Epoch=196, loss=644.2764, nll=644.2764, l2_reg=0.0000, acc=0.3980
[ 2022-07-28 03:38:17,865][train.train_nn_models] [Validation] Epoch=196, nll=653.8052, acc=0.3681
[ 2022-07-28 03:38:17,865][train.train_nn_models] Found a better model at epoch 196.
[ 2022-07-28 03:38:19,644][train.train_nn_models] [Training] Epoch=197, loss=635.4256, nll=635.4256, l2_reg=0.0000, acc=0.4027
[ 2022-07-28 03:38:19,644][train.train_nn_models] [Validation] Epoch=197, nll=648.3727, acc=0.3733
[ 2022-07-28 03:38:19,644][train.train_nn_models] Found a better model at epoch 197.
[ 2022-07-28 03:38:21,428][train.train_nn_models] [Training] Epoch=198, loss=628.8740, nll=628.8740, l2_reg=0.0000, acc=0.4156
[ 2022-07-28 03:38:21,429][train.train_nn_models] [Validation] Epoch=198, nll=642.5380, acc=0.3837
[ 2022-07-28 03:38:21,429][train.train_nn_models] Found a better model at epoch 198.
[ 2022-07-28 03:38:23,236][train.train_nn_models] [Training] Epoch=199, loss=623.2648, nll=623.2648, l2_reg=0.0000, acc=0.4246
[ 2022-07-28 03:38:23,237][train.train_nn_models] [Validation] Epoch=199, nll=662.5605, acc=0.3331
[ 2022-07-28 03:38:23,423][train.eval_nll] [Test]nll=646.8893, acc=0.3714
[ 2022-07-28 03:50:45,634][train.<module>]                    timestamp  ...                                             config
0 2022-07-28 03:50:45.611602  ...  {'model': 'Tran', 'dataset': 'pgem-1K-10', 'in...
1 2022-07-28 03:50:45.611602  ...  {'model': 'Tran', 'dataset': 'pgem-1K-10', 'in...
2 2022-07-28 03:50:45.611602  ...  {'model': 'Tran', 'dataset': 'pgem-1K-10', 'in...
3 2022-07-28 03:50:45.611602  ...  {'model': 'Tran', 'dataset': 'pgem-1K-10', 'in...
4 2022-07-28 03:50:45.611602  ...  {'model': 'Tran', 'dataset': 'pgem-1K-10', 'in...
5 2022-07-28 03:50:45.611602  ...  {'model': 'Tran', 'dataset': 'pgem-1K-10', 'in...

[6 rows x 7 columns]
