[ 2022-08-31 13:05:22,145][train_tran.<module>] Namespace(attr_batch_size=0, basis_type='dyadic', batch_size=64, bucket_seqs=False, cuda=True, dataset='mhp-1K-10', dropout=0.0, embedding_dim=64, epochs=250, hidden_size=64, input_dir='data/input', l2_reg=0, lr=0.0008, max_mean=100, model='Tran', n_bases=7, num_workers=0, occurred_type_only=False, optimizer='Adam', output_dir='data/output', rand_seed=1, skip_eval_infectivity=False, skip_pred_next_event=False, split_id=3, steps=50, tran_head=1, tran_layer=1, tune_metric='nll', verbose=False)
[ 2022-08-31 13:05:35,748][train_tran.train_nn_models] [Training] Epoch=0, loss=37526.0117, nll=37526.0117, l2_reg=0.0000, acc=0.1209
[ 2022-08-31 13:05:35,748][train_tran.train_nn_models] [Validation] Epoch=0, nll=18396.1895, acc=0.1219
[ 2022-08-31 13:05:44,830][train_tran.train_nn_models] [Training] Epoch=1, loss=11166.4072, nll=11166.4072, l2_reg=0.0000, acc=0.1167
[ 2022-08-31 13:05:44,830][train_tran.train_nn_models] [Validation] Epoch=1, nll=4635.0049, acc=0.1038
[ 2022-08-31 13:05:53,657][train_tran.train_nn_models] [Training] Epoch=2, loss=3363.2483, nll=3363.2483, l2_reg=0.0000, acc=0.1001
[ 2022-08-31 13:05:53,657][train_tran.train_nn_models] [Validation] Epoch=2, nll=2681.8000, acc=0.1048
[ 2022-08-31 13:06:02,419][train_tran.train_nn_models] [Training] Epoch=3, loss=2676.2068, nll=2676.2068, l2_reg=0.0000, acc=0.1175
[ 2022-08-31 13:06:02,419][train_tran.train_nn_models] [Validation] Epoch=3, nll=2714.7891, acc=0.1304
[ 2022-08-31 13:06:11,503][train_tran.train_nn_models] [Training] Epoch=4, loss=2682.0232, nll=2682.0232, l2_reg=0.0000, acc=0.1624
[ 2022-08-31 13:06:11,503][train_tran.train_nn_models] [Validation] Epoch=4, nll=2648.8760, acc=0.1724
[ 2022-08-31 13:06:20,530][train_tran.train_nn_models] [Training] Epoch=5, loss=2601.5369, nll=2601.5369, l2_reg=0.0000, acc=0.1752
[ 2022-08-31 13:06:20,531][train_tran.train_nn_models] [Validation] Epoch=5, nll=2577.4746, acc=0.1781
[ 2022-08-31 13:06:29,052][train_tran.train_nn_models] [Training] Epoch=6, loss=2561.1292, nll=2561.1292, l2_reg=0.0000, acc=0.1810
[ 2022-08-31 13:06:29,052][train_tran.train_nn_models] [Validation] Epoch=6, nll=2562.4495, acc=0.1883
[ 2022-08-31 13:06:37,849][train_tran.train_nn_models] [Training] Epoch=7, loss=2552.8799, nll=2552.8799, l2_reg=0.0000, acc=0.1890
[ 2022-08-31 13:06:37,849][train_tran.train_nn_models] [Validation] Epoch=7, nll=2556.1265, acc=0.1901
[ 2022-08-31 13:06:46,619][train_tran.train_nn_models] [Training] Epoch=8, loss=2547.2324, nll=2547.2324, l2_reg=0.0000, acc=0.1899
[ 2022-08-31 13:06:46,620][train_tran.train_nn_models] [Validation] Epoch=8, nll=2552.6597, acc=0.1910
[ 2022-08-31 13:06:55,189][train_tran.train_nn_models] [Training] Epoch=9, loss=2543.9844, nll=2543.9844, l2_reg=0.0000, acc=0.1893
[ 2022-08-31 13:06:55,189][train_tran.train_nn_models] [Validation] Epoch=9, nll=2550.2358, acc=0.1879
[ 2022-08-31 13:07:04,222][train_tran.train_nn_models] [Training] Epoch=10, loss=2541.5352, nll=2541.5352, l2_reg=0.0000, acc=0.1889
[ 2022-08-31 13:07:04,222][train_tran.train_nn_models] [Validation] Epoch=10, nll=2547.9858, acc=0.1887
[ 2022-08-31 13:07:12,779][train_tran.train_nn_models] [Training] Epoch=11, loss=2539.4670, nll=2539.4670, l2_reg=0.0000, acc=0.1892
[ 2022-08-31 13:07:12,780][train_tran.train_nn_models] [Validation] Epoch=11, nll=2546.1401, acc=0.1899
[ 2022-08-31 13:07:21,421][train_tran.train_nn_models] [Training] Epoch=12, loss=2537.7000, nll=2537.7000, l2_reg=0.0000, acc=0.1903
[ 2022-08-31 13:07:21,421][train_tran.train_nn_models] [Validation] Epoch=12, nll=2544.5432, acc=0.1908
[ 2022-08-31 13:07:29,994][train_tran.train_nn_models] [Training] Epoch=13, loss=2536.1125, nll=2536.1125, l2_reg=0.0000, acc=0.1902
[ 2022-08-31 13:07:29,994][train_tran.train_nn_models] [Validation] Epoch=13, nll=2543.0684, acc=0.1900
[ 2022-08-31 13:07:38,771][train_tran.train_nn_models] [Training] Epoch=14, loss=2534.6948, nll=2534.6948, l2_reg=0.0000, acc=0.1905
[ 2022-08-31 13:07:38,771][train_tran.train_nn_models] [Validation] Epoch=14, nll=2541.7598, acc=0.1899
[ 2022-08-31 13:07:47,305][train_tran.train_nn_models] [Training] Epoch=15, loss=2533.4563, nll=2533.4563, l2_reg=0.0000, acc=0.1908
[ 2022-08-31 13:07:47,306][train_tran.train_nn_models] [Validation] Epoch=15, nll=2540.6028, acc=0.1906
[ 2022-08-31 13:07:55,976][train_tran.train_nn_models] [Training] Epoch=16, loss=2532.3564, nll=2532.3564, l2_reg=0.0000, acc=0.1908
[ 2022-08-31 13:07:55,976][train_tran.train_nn_models] [Validation] Epoch=16, nll=2539.5522, acc=0.1907
[ 2022-08-31 13:08:04,745][train_tran.train_nn_models] [Training] Epoch=17, loss=2531.3652, nll=2531.3652, l2_reg=0.0000, acc=0.1913
[ 2022-08-31 13:08:04,745][train_tran.train_nn_models] [Validation] Epoch=17, nll=2538.5730, acc=0.1919
[ 2022-08-31 13:08:13,008][train_tran.train_nn_models] [Training] Epoch=18, loss=2530.4521, nll=2530.4521, l2_reg=0.0000, acc=0.1917
[ 2022-08-31 13:08:13,008][train_tran.train_nn_models] [Validation] Epoch=18, nll=2537.6489, acc=0.1926
[ 2022-08-31 13:08:21,309][train_tran.train_nn_models] [Training] Epoch=19, loss=2529.5913, nll=2529.5913, l2_reg=0.0000, acc=0.1920
[ 2022-08-31 13:08:21,309][train_tran.train_nn_models] [Validation] Epoch=19, nll=2536.7605, acc=0.1933
[ 2022-08-31 13:08:29,592][train_tran.train_nn_models] [Training] Epoch=20, loss=2528.7659, nll=2528.7659, l2_reg=0.0000, acc=0.1920
[ 2022-08-31 13:08:29,592][train_tran.train_nn_models] [Validation] Epoch=20, nll=2535.8992, acc=0.1931
[ 2022-08-31 13:08:37,983][train_tran.train_nn_models] [Training] Epoch=21, loss=2527.9722, nll=2527.9722, l2_reg=0.0000, acc=0.1922
[ 2022-08-31 13:08:37,984][train_tran.train_nn_models] [Validation] Epoch=21, nll=2535.0842, acc=0.1940
[ 2022-08-31 13:08:47,012][train_tran.train_nn_models] [Training] Epoch=22, loss=2527.2302, nll=2527.2302, l2_reg=0.0000, acc=0.1923
[ 2022-08-31 13:08:47,012][train_tran.train_nn_models] [Validation] Epoch=22, nll=2534.3528, acc=0.1942
[ 2022-08-31 13:08:55,178][train_tran.train_nn_models] [Training] Epoch=23, loss=2526.5271, nll=2526.5271, l2_reg=0.0000, acc=0.1925
[ 2022-08-31 13:08:55,178][train_tran.train_nn_models] [Validation] Epoch=23, nll=2533.6604, acc=0.1942
[ 2022-08-31 13:09:03,212][train_tran.train_nn_models] [Training] Epoch=24, loss=2525.8462, nll=2525.8462, l2_reg=0.0000, acc=0.1925
[ 2022-08-31 13:09:03,212][train_tran.train_nn_models] [Validation] Epoch=24, nll=2532.9778, acc=0.1943
[ 2022-08-31 13:09:12,057][train_tran.train_nn_models] [Training] Epoch=25, loss=2525.1833, nll=2525.1833, l2_reg=0.0000, acc=0.1926
[ 2022-08-31 13:09:12,057][train_tran.train_nn_models] [Validation] Epoch=25, nll=2532.3040, acc=0.1944
[ 2022-08-31 13:09:20,834][train_tran.train_nn_models] [Training] Epoch=26, loss=2524.5369, nll=2524.5369, l2_reg=0.0000, acc=0.1927
[ 2022-08-31 13:09:20,835][train_tran.train_nn_models] [Validation] Epoch=26, nll=2531.6450, acc=0.1946
[ 2022-08-31 13:09:29,089][train_tran.train_nn_models] [Training] Epoch=27, loss=2523.9092, nll=2523.9092, l2_reg=0.0000, acc=0.1928
[ 2022-08-31 13:09:29,089][train_tran.train_nn_models] [Validation] Epoch=27, nll=2531.0007, acc=0.1946
[ 2022-08-31 13:09:37,736][train_tran.train_nn_models] [Training] Epoch=28, loss=2523.3000, nll=2523.3000, l2_reg=0.0000, acc=0.1929
[ 2022-08-31 13:09:37,736][train_tran.train_nn_models] [Validation] Epoch=28, nll=2530.3655, acc=0.1945
[ 2022-08-31 13:09:46,570][train_tran.train_nn_models] [Training] Epoch=29, loss=2522.7087, nll=2522.7087, l2_reg=0.0000, acc=0.1928
[ 2022-08-31 13:09:46,571][train_tran.train_nn_models] [Validation] Epoch=29, nll=2529.7366, acc=0.1947
[ 2022-08-31 13:09:55,106][train_tran.train_nn_models] [Training] Epoch=30, loss=2522.1306, nll=2522.1306, l2_reg=0.0000, acc=0.1930
[ 2022-08-31 13:09:55,107][train_tran.train_nn_models] [Validation] Epoch=30, nll=2529.1121, acc=0.1948
[ 2022-08-31 13:10:03,538][train_tran.train_nn_models] [Training] Epoch=31, loss=2521.5630, nll=2521.5630, l2_reg=0.0000, acc=0.1931
[ 2022-08-31 13:10:03,539][train_tran.train_nn_models] [Validation] Epoch=31, nll=2528.4927, acc=0.1946
[ 2022-08-31 13:10:12,231][train_tran.train_nn_models] [Training] Epoch=32, loss=2521.0056, nll=2521.0056, l2_reg=0.0000, acc=0.1931
[ 2022-08-31 13:10:12,231][train_tran.train_nn_models] [Validation] Epoch=32, nll=2527.8772, acc=0.1944
[ 2022-08-31 13:10:21,103][train_tran.train_nn_models] [Training] Epoch=33, loss=2520.4575, nll=2520.4575, l2_reg=0.0000, acc=0.1932
[ 2022-08-31 13:10:21,103][train_tran.train_nn_models] [Validation] Epoch=33, nll=2527.2698, acc=0.1944
[ 2022-08-31 13:10:29,552][train_tran.train_nn_models] [Training] Epoch=34, loss=2519.9207, nll=2519.9207, l2_reg=0.0000, acc=0.1933
[ 2022-08-31 13:10:29,552][train_tran.train_nn_models] [Validation] Epoch=34, nll=2526.6714, acc=0.1946
[ 2022-08-31 13:10:37,871][train_tran.train_nn_models] [Training] Epoch=35, loss=2519.3955, nll=2519.3955, l2_reg=0.0000, acc=0.1934
[ 2022-08-31 13:10:37,871][train_tran.train_nn_models] [Validation] Epoch=35, nll=2526.0835, acc=0.1946
[ 2022-08-31 13:10:46,257][train_tran.train_nn_models] [Training] Epoch=36, loss=2518.8816, nll=2518.8816, l2_reg=0.0000, acc=0.1935
[ 2022-08-31 13:10:46,257][train_tran.train_nn_models] [Validation] Epoch=36, nll=2525.5059, acc=0.1949
[ 2022-08-31 13:10:54,801][train_tran.train_nn_models] [Training] Epoch=37, loss=2518.3748, nll=2518.3748, l2_reg=0.0000, acc=0.1937
[ 2022-08-31 13:10:54,801][train_tran.train_nn_models] [Validation] Epoch=37, nll=2524.9524, acc=0.1946
[ 2022-08-31 13:11:03,301][train_tran.train_nn_models] [Training] Epoch=38, loss=2517.8879, nll=2517.8879, l2_reg=0.0000, acc=0.1939
[ 2022-08-31 13:11:03,301][train_tran.train_nn_models] [Validation] Epoch=38, nll=2524.3792, acc=0.1950
[ 2022-08-31 13:11:11,823][train_tran.train_nn_models] [Training] Epoch=39, loss=2517.3853, nll=2517.3853, l2_reg=0.0000, acc=0.1940
[ 2022-08-31 13:11:11,823][train_tran.train_nn_models] [Validation] Epoch=39, nll=2523.8047, acc=0.1954
[ 2022-08-31 13:11:20,532][train_tran.train_nn_models] [Training] Epoch=40, loss=2516.8792, nll=2516.8792, l2_reg=0.0000, acc=0.1942
[ 2022-08-31 13:11:20,533][train_tran.train_nn_models] [Validation] Epoch=40, nll=2523.2051, acc=0.1955
[ 2022-08-31 13:11:29,285][train_tran.train_nn_models] [Training] Epoch=41, loss=2516.3528, nll=2516.3528, l2_reg=0.0000, acc=0.1943
[ 2022-08-31 13:11:29,285][train_tran.train_nn_models] [Validation] Epoch=41, nll=2522.6160, acc=0.1955
[ 2022-08-31 13:11:37,973][train_tran.train_nn_models] [Training] Epoch=42, loss=2515.8232, nll=2515.8232, l2_reg=0.0000, acc=0.1946
[ 2022-08-31 13:11:37,974][train_tran.train_nn_models] [Validation] Epoch=42, nll=2522.0168, acc=0.1958
[ 2022-08-31 13:11:46,545][train_tran.train_nn_models] [Training] Epoch=43, loss=2515.2773, nll=2515.2773, l2_reg=0.0000, acc=0.1947
[ 2022-08-31 13:11:46,546][train_tran.train_nn_models] [Validation] Epoch=43, nll=2521.3992, acc=0.1964
[ 2022-08-31 13:11:55,264][train_tran.train_nn_models] [Training] Epoch=44, loss=2514.7134, nll=2514.7134, l2_reg=0.0000, acc=0.1951
[ 2022-08-31 13:11:55,264][train_tran.train_nn_models] [Validation] Epoch=44, nll=2520.7693, acc=0.1967
[ 2022-08-31 13:12:04,027][train_tran.train_nn_models] [Training] Epoch=45, loss=2514.1284, nll=2514.1284, l2_reg=0.0000, acc=0.1954
[ 2022-08-31 13:12:04,027][train_tran.train_nn_models] [Validation] Epoch=45, nll=2520.1196, acc=0.1969
[ 2022-08-31 13:12:12,172][train_tran.train_nn_models] [Training] Epoch=46, loss=2513.5225, nll=2513.5225, l2_reg=0.0000, acc=0.1958
[ 2022-08-31 13:12:12,172][train_tran.train_nn_models] [Validation] Epoch=46, nll=2519.4509, acc=0.1969
[ 2022-08-31 13:12:21,220][train_tran.train_nn_models] [Training] Epoch=47, loss=2512.8972, nll=2512.8972, l2_reg=0.0000, acc=0.1963
[ 2022-08-31 13:12:21,221][train_tran.train_nn_models] [Validation] Epoch=47, nll=2518.7764, acc=0.1969
[ 2022-08-31 13:12:29,611][train_tran.train_nn_models] [Training] Epoch=48, loss=2512.2583, nll=2512.2583, l2_reg=0.0000, acc=0.1968
[ 2022-08-31 13:12:29,611][train_tran.train_nn_models] [Validation] Epoch=48, nll=2518.0950, acc=0.1982
[ 2022-08-31 13:12:38,233][train_tran.train_nn_models] [Training] Epoch=49, loss=2511.6113, nll=2511.6113, l2_reg=0.0000, acc=0.1974
[ 2022-08-31 13:12:38,233][train_tran.train_nn_models] [Validation] Epoch=49, nll=2517.4021, acc=0.1990
[ 2022-08-31 13:12:47,034][train_tran.train_nn_models] [Training] Epoch=50, loss=2510.9561, nll=2510.9561, l2_reg=0.0000, acc=0.1980
[ 2022-08-31 13:12:47,035][train_tran.train_nn_models] [Validation] Epoch=50, nll=2516.7190, acc=0.2001
[ 2022-08-31 13:12:55,214][train_tran.train_nn_models] [Training] Epoch=51, loss=2510.3020, nll=2510.3020, l2_reg=0.0000, acc=0.1985
[ 2022-08-31 13:12:55,214][train_tran.train_nn_models] [Validation] Epoch=51, nll=2516.0623, acc=0.2005
[ 2022-08-31 13:13:03,222][train_tran.train_nn_models] [Training] Epoch=52, loss=2509.6619, nll=2509.6619, l2_reg=0.0000, acc=0.1989
[ 2022-08-31 13:13:03,223][train_tran.train_nn_models] [Validation] Epoch=52, nll=2515.4207, acc=0.2008
[ 2022-08-31 13:13:11,096][train_tran.train_nn_models] [Training] Epoch=53, loss=2509.0339, nll=2509.0339, l2_reg=0.0000, acc=0.1992
[ 2022-08-31 13:13:11,097][train_tran.train_nn_models] [Validation] Epoch=53, nll=2514.7988, acc=0.2015
[ 2022-08-31 13:13:18,862][train_tran.train_nn_models] [Training] Epoch=54, loss=2508.4211, nll=2508.4211, l2_reg=0.0000, acc=0.1996
[ 2022-08-31 13:13:18,863][train_tran.train_nn_models] [Validation] Epoch=54, nll=2514.1997, acc=0.2022
[ 2022-08-31 13:13:27,415][train_tran.train_nn_models] [Training] Epoch=55, loss=2507.8276, nll=2507.8276, l2_reg=0.0000, acc=0.1999
[ 2022-08-31 13:13:27,415][train_tran.train_nn_models] [Validation] Epoch=55, nll=2513.6335, acc=0.2029
[ 2022-08-31 13:13:35,341][train_tran.train_nn_models] [Training] Epoch=56, loss=2507.2559, nll=2507.2559, l2_reg=0.0000, acc=0.2005
[ 2022-08-31 13:13:35,341][train_tran.train_nn_models] [Validation] Epoch=56, nll=2513.2791, acc=0.2028
[ 2022-08-31 13:13:43,381][train_tran.train_nn_models] [Training] Epoch=57, loss=2506.7092, nll=2506.7092, l2_reg=0.0000, acc=0.2009
[ 2022-08-31 13:13:43,381][train_tran.train_nn_models] [Validation] Epoch=57, nll=2512.9558, acc=0.2031
[ 2022-08-31 13:13:51,518][train_tran.train_nn_models] [Training] Epoch=58, loss=2506.1919, nll=2506.1919, l2_reg=0.0000, acc=0.2012
[ 2022-08-31 13:13:51,518][train_tran.train_nn_models] [Validation] Epoch=58, nll=2512.2329, acc=0.2029
[ 2022-08-31 13:13:59,631][train_tran.train_nn_models] [Training] Epoch=59, loss=2505.6919, nll=2505.6919, l2_reg=0.0000, acc=0.2013
[ 2022-08-31 13:13:59,631][train_tran.train_nn_models] [Validation] Epoch=59, nll=2512.3379, acc=0.2031
[ 2022-08-31 13:14:07,909][train_tran.train_nn_models] [Training] Epoch=60, loss=2505.2231, nll=2505.2231, l2_reg=0.0000, acc=0.2015
[ 2022-08-31 13:14:07,910][train_tran.train_nn_models] [Validation] Epoch=60, nll=2511.1936, acc=0.2038
[ 2022-08-31 13:14:16,261][train_tran.train_nn_models] [Training] Epoch=61, loss=2504.7563, nll=2504.7563, l2_reg=0.0000, acc=0.2020
[ 2022-08-31 13:14:16,261][train_tran.train_nn_models] [Validation] Epoch=61, nll=2510.8064, acc=0.2041
[ 2022-08-31 13:14:24,624][train_tran.train_nn_models] [Training] Epoch=62, loss=2504.2947, nll=2504.2947, l2_reg=0.0000, acc=0.2022
[ 2022-08-31 13:14:24,625][train_tran.train_nn_models] [Validation] Epoch=62, nll=2511.1235, acc=0.2044
[ 2022-08-31 13:14:32,808][train_tran.train_nn_models] [Training] Epoch=63, loss=2503.8708, nll=2503.8708, l2_reg=0.0000, acc=0.2025
[ 2022-08-31 13:14:32,808][train_tran.train_nn_models] [Validation] Epoch=63, nll=2509.9233, acc=0.2051
[ 2022-08-31 13:14:41,007][train_tran.train_nn_models] [Training] Epoch=64, loss=2503.4395, nll=2503.4395, l2_reg=0.0000, acc=0.2027
[ 2022-08-31 13:14:41,007][train_tran.train_nn_models] [Validation] Epoch=64, nll=2509.5032, acc=0.2054
[ 2022-08-31 13:14:49,210][train_tran.train_nn_models] [Training] Epoch=65, loss=2502.9954, nll=2502.9954, l2_reg=0.0000, acc=0.2030
[ 2022-08-31 13:14:49,211][train_tran.train_nn_models] [Validation] Epoch=65, nll=2511.4595, acc=0.2055
[ 2022-08-31 13:14:57,997][train_tran.train_nn_models] [Training] Epoch=66, loss=2502.9697, nll=2502.9697, l2_reg=0.0000, acc=0.2030
[ 2022-08-31 13:14:57,997][train_tran.train_nn_models] [Validation] Epoch=66, nll=2509.3779, acc=0.2053
[ 2022-08-31 13:15:06,809][train_tran.train_nn_models] [Training] Epoch=67, loss=2502.8306, nll=2502.8306, l2_reg=0.0000, acc=0.2031
[ 2022-08-31 13:15:06,809][train_tran.train_nn_models] [Validation] Epoch=67, nll=2509.1763, acc=0.2054
[ 2022-08-31 13:15:14,533][train_tran.train_nn_models] [Training] Epoch=68, loss=2502.5007, nll=2502.5007, l2_reg=0.0000, acc=0.2034
[ 2022-08-31 13:15:14,534][train_tran.train_nn_models] [Validation] Epoch=68, nll=2508.7927, acc=0.2049
[ 2022-08-31 13:15:22,494][train_tran.train_nn_models] [Training] Epoch=69, loss=2502.0693, nll=2502.0693, l2_reg=0.0000, acc=0.2036
[ 2022-08-31 13:15:22,494][train_tran.train_nn_models] [Validation] Epoch=69, nll=2508.3621, acc=0.2055
[ 2022-08-31 13:15:30,429][train_tran.train_nn_models] [Training] Epoch=70, loss=2501.6123, nll=2501.6123, l2_reg=0.0000, acc=0.2041
[ 2022-08-31 13:15:30,430][train_tran.train_nn_models] [Validation] Epoch=70, nll=2507.9021, acc=0.2057
[ 2022-08-31 13:15:38,693][train_tran.train_nn_models] [Training] Epoch=71, loss=2501.1416, nll=2501.1416, l2_reg=0.0000, acc=0.2044
[ 2022-08-31 13:15:38,693][train_tran.train_nn_models] [Validation] Epoch=71, nll=2507.4255, acc=0.2060
[ 2022-08-31 13:15:46,821][train_tran.train_nn_models] [Training] Epoch=72, loss=2500.6611, nll=2500.6611, l2_reg=0.0000, acc=0.2048
[ 2022-08-31 13:15:46,821][train_tran.train_nn_models] [Validation] Epoch=72, nll=2506.9329, acc=0.2059
[ 2022-08-31 13:15:54,584][train_tran.train_nn_models] [Training] Epoch=73, loss=2500.1677, nll=2500.1677, l2_reg=0.0000, acc=0.2051
[ 2022-08-31 13:15:54,585][train_tran.train_nn_models] [Validation] Epoch=73, nll=2506.4163, acc=0.2063
[ 2022-08-31 13:16:02,414][train_tran.train_nn_models] [Training] Epoch=74, loss=2499.6543, nll=2499.6543, l2_reg=0.0000, acc=0.2056
[ 2022-08-31 13:16:02,415][train_tran.train_nn_models] [Validation] Epoch=74, nll=2505.8779, acc=0.2070
[ 2022-08-31 13:16:10,487][train_tran.train_nn_models] [Training] Epoch=75, loss=2499.1194, nll=2499.1194, l2_reg=0.0000, acc=0.2058
[ 2022-08-31 13:16:10,488][train_tran.train_nn_models] [Validation] Epoch=75, nll=2505.3196, acc=0.2076
[ 2022-08-31 13:16:18,789][train_tran.train_nn_models] [Training] Epoch=76, loss=2498.5896, nll=2498.5896, l2_reg=0.0000, acc=0.2062
[ 2022-08-31 13:16:18,790][train_tran.train_nn_models] [Validation] Epoch=76, nll=2504.7754, acc=0.2078
[ 2022-08-31 13:16:27,199][train_tran.train_nn_models] [Training] Epoch=77, loss=2498.0576, nll=2498.0576, l2_reg=0.0000, acc=0.2065
[ 2022-08-31 13:16:27,200][train_tran.train_nn_models] [Validation] Epoch=77, nll=2504.2219, acc=0.2077
[ 2022-08-31 13:16:34,828][train_tran.train_nn_models] [Training] Epoch=78, loss=2497.5115, nll=2497.5115, l2_reg=0.0000, acc=0.2069
[ 2022-08-31 13:16:34,828][train_tran.train_nn_models] [Validation] Epoch=78, nll=2503.6411, acc=0.2083
[ 2022-08-31 13:16:42,981][train_tran.train_nn_models] [Training] Epoch=79, loss=2496.9429, nll=2496.9429, l2_reg=0.0000, acc=0.2074
[ 2022-08-31 13:16:42,982][train_tran.train_nn_models] [Validation] Epoch=79, nll=2503.0393, acc=0.2086
[ 2022-08-31 13:16:50,605][train_tran.train_nn_models] [Training] Epoch=80, loss=2496.3516, nll=2496.3516, l2_reg=0.0000, acc=0.2078
[ 2022-08-31 13:16:50,605][train_tran.train_nn_models] [Validation] Epoch=80, nll=2502.4058, acc=0.2095
[ 2022-08-31 13:16:58,703][train_tran.train_nn_models] [Training] Epoch=81, loss=2495.7366, nll=2495.7366, l2_reg=0.0000, acc=0.2081
[ 2022-08-31 13:16:58,703][train_tran.train_nn_models] [Validation] Epoch=81, nll=2501.7324, acc=0.2104
[ 2022-08-31 13:17:07,198][train_tran.train_nn_models] [Training] Epoch=82, loss=2495.0933, nll=2495.0933, l2_reg=0.0000, acc=0.2087
[ 2022-08-31 13:17:07,198][train_tran.train_nn_models] [Validation] Epoch=82, nll=2501.0256, acc=0.2111
[ 2022-08-31 13:17:15,650][train_tran.train_nn_models] [Training] Epoch=83, loss=2494.4243, nll=2494.4243, l2_reg=0.0000, acc=0.2094
[ 2022-08-31 13:17:15,651][train_tran.train_nn_models] [Validation] Epoch=83, nll=2500.2949, acc=0.2122
[ 2022-08-31 13:17:24,157][train_tran.train_nn_models] [Training] Epoch=84, loss=2493.7393, nll=2493.7393, l2_reg=0.0000, acc=0.2100
[ 2022-08-31 13:17:24,157][train_tran.train_nn_models] [Validation] Epoch=84, nll=2499.5422, acc=0.2125
[ 2022-08-31 13:17:32,521][train_tran.train_nn_models] [Training] Epoch=85, loss=2493.0366, nll=2493.0366, l2_reg=0.0000, acc=0.2107
[ 2022-08-31 13:17:32,522][train_tran.train_nn_models] [Validation] Epoch=85, nll=2498.7734, acc=0.2128
[ 2022-08-31 13:17:40,513][train_tran.train_nn_models] [Training] Epoch=86, loss=2492.3191, nll=2492.3191, l2_reg=0.0000, acc=0.2117
[ 2022-08-31 13:17:40,514][train_tran.train_nn_models] [Validation] Epoch=86, nll=2497.9905, acc=0.2140
[ 2022-08-31 13:17:48,432][train_tran.train_nn_models] [Training] Epoch=87, loss=2491.5869, nll=2491.5869, l2_reg=0.0000, acc=0.2126
[ 2022-08-31 13:17:48,432][train_tran.train_nn_models] [Validation] Epoch=87, nll=2497.1873, acc=0.2157
[ 2022-08-31 13:17:56,933][train_tran.train_nn_models] [Training] Epoch=88, loss=2490.8494, nll=2490.8494, l2_reg=0.0000, acc=0.2137
[ 2022-08-31 13:17:56,933][train_tran.train_nn_models] [Validation] Epoch=88, nll=2496.4006, acc=0.2175
[ 2022-08-31 13:18:05,251][train_tran.train_nn_models] [Training] Epoch=89, loss=2490.1091, nll=2490.1091, l2_reg=0.0000, acc=0.2148
[ 2022-08-31 13:18:05,252][train_tran.train_nn_models] [Validation] Epoch=89, nll=2495.6030, acc=0.2192
[ 2022-08-31 13:18:13,764][train_tran.train_nn_models] [Training] Epoch=90, loss=2489.3701, nll=2489.3701, l2_reg=0.0000, acc=0.2162
[ 2022-08-31 13:18:13,764][train_tran.train_nn_models] [Validation] Epoch=90, nll=2494.8269, acc=0.2204
[ 2022-08-31 13:18:22,184][train_tran.train_nn_models] [Training] Epoch=91, loss=2488.6294, nll=2488.6294, l2_reg=0.0000, acc=0.2176
[ 2022-08-31 13:18:22,184][train_tran.train_nn_models] [Validation] Epoch=91, nll=2494.3828, acc=0.2215
[ 2022-08-31 13:18:30,257][train_tran.train_nn_models] [Training] Epoch=92, loss=2487.9163, nll=2487.9163, l2_reg=0.0000, acc=0.2193
[ 2022-08-31 13:18:30,257][train_tran.train_nn_models] [Validation] Epoch=92, nll=2493.6775, acc=0.2227
[ 2022-08-31 13:18:38,079][train_tran.train_nn_models] [Training] Epoch=93, loss=2487.2114, nll=2487.2114, l2_reg=0.0000, acc=0.2214
[ 2022-08-31 13:18:38,080][train_tran.train_nn_models] [Validation] Epoch=93, nll=2492.6265, acc=0.2249
[ 2022-08-31 13:18:46,018][train_tran.train_nn_models] [Training] Epoch=94, loss=2486.5088, nll=2486.5088, l2_reg=0.0000, acc=0.2236
[ 2022-08-31 13:18:46,018][train_tran.train_nn_models] [Validation] Epoch=94, nll=2491.8386, acc=0.2270
[ 2022-08-31 13:18:53,810][train_tran.train_nn_models] [Training] Epoch=95, loss=2485.8044, nll=2485.8044, l2_reg=0.0000, acc=0.2257
[ 2022-08-31 13:18:53,811][train_tran.train_nn_models] [Validation] Epoch=95, nll=2491.1304, acc=0.2284
[ 2022-08-31 13:19:01,877][train_tran.train_nn_models] [Training] Epoch=96, loss=2485.1082, nll=2485.1082, l2_reg=0.0000, acc=0.2272
[ 2022-08-31 13:19:01,877][train_tran.train_nn_models] [Validation] Epoch=96, nll=2490.3718, acc=0.2291
[ 2022-08-31 13:19:09,324][train_tran.train_nn_models] [Training] Epoch=97, loss=2484.4109, nll=2484.4109, l2_reg=0.0000, acc=0.2288
[ 2022-08-31 13:19:09,324][train_tran.train_nn_models] [Validation] Epoch=97, nll=2489.5972, acc=0.2294
[ 2022-08-31 13:19:17,772][train_tran.train_nn_models] [Training] Epoch=98, loss=2483.6772, nll=2483.6772, l2_reg=0.0000, acc=0.2300
[ 2022-08-31 13:19:17,772][train_tran.train_nn_models] [Validation] Epoch=98, nll=2488.8369, acc=0.2305
[ 2022-08-31 13:19:26,069][train_tran.train_nn_models] [Training] Epoch=99, loss=2482.9756, nll=2482.9756, l2_reg=0.0000, acc=0.2311
[ 2022-08-31 13:19:26,070][train_tran.train_nn_models] [Validation] Epoch=99, nll=2488.0728, acc=0.2316
[ 2022-08-31 13:19:34,828][train_tran.train_nn_models] [Training] Epoch=100, loss=2482.2507, nll=2482.2507, l2_reg=0.0000, acc=0.2321
[ 2022-08-31 13:19:34,828][train_tran.train_nn_models] [Validation] Epoch=100, nll=2487.3015, acc=0.2326
[ 2022-08-31 13:19:42,953][train_tran.train_nn_models] [Training] Epoch=101, loss=2481.5352, nll=2481.5352, l2_reg=0.0000, acc=0.2329
[ 2022-08-31 13:19:42,954][train_tran.train_nn_models] [Validation] Epoch=101, nll=2486.5093, acc=0.2334
[ 2022-08-31 13:19:50,857][train_tran.train_nn_models] [Training] Epoch=102, loss=2480.8223, nll=2480.8223, l2_reg=0.0000, acc=0.2336
[ 2022-08-31 13:19:50,857][train_tran.train_nn_models] [Validation] Epoch=102, nll=2485.7583, acc=0.2340
[ 2022-08-31 13:19:58,504][train_tran.train_nn_models] [Training] Epoch=103, loss=2480.1221, nll=2480.1221, l2_reg=0.0000, acc=0.2346
[ 2022-08-31 13:19:58,505][train_tran.train_nn_models] [Validation] Epoch=103, nll=2485.0049, acc=0.2341
[ 2022-08-31 13:20:06,414][train_tran.train_nn_models] [Training] Epoch=104, loss=2479.4353, nll=2479.4353, l2_reg=0.0000, acc=0.2352
[ 2022-08-31 13:20:06,414][train_tran.train_nn_models] [Validation] Epoch=104, nll=2484.2419, acc=0.2345
[ 2022-08-31 13:20:15,036][train_tran.train_nn_models] [Training] Epoch=105, loss=2478.7339, nll=2478.7339, l2_reg=0.0000, acc=0.2359
[ 2022-08-31 13:20:15,036][train_tran.train_nn_models] [Validation] Epoch=105, nll=2483.5771, acc=0.2352
[ 2022-08-31 13:20:23,261][train_tran.train_nn_models] [Training] Epoch=106, loss=2478.1477, nll=2478.1477, l2_reg=0.0000, acc=0.2365
[ 2022-08-31 13:20:23,261][train_tran.train_nn_models] [Validation] Epoch=106, nll=2482.9109, acc=0.2358
[ 2022-08-31 13:20:31,040][train_tran.train_nn_models] [Training] Epoch=107, loss=2477.4978, nll=2477.4978, l2_reg=0.0000, acc=0.2372
[ 2022-08-31 13:20:31,040][train_tran.train_nn_models] [Validation] Epoch=107, nll=2482.1975, acc=0.2369
[ 2022-08-31 13:20:38,663][train_tran.train_nn_models] [Training] Epoch=108, loss=2476.8105, nll=2476.8105, l2_reg=0.0000, acc=0.2377
[ 2022-08-31 13:20:38,663][train_tran.train_nn_models] [Validation] Epoch=108, nll=2481.5374, acc=0.2379
[ 2022-08-31 13:20:46,244][train_tran.train_nn_models] [Training] Epoch=109, loss=2476.2158, nll=2476.2158, l2_reg=0.0000, acc=0.2379
[ 2022-08-31 13:20:46,244][train_tran.train_nn_models] [Validation] Epoch=109, nll=2480.9417, acc=0.2383
[ 2022-08-31 13:20:54,352][train_tran.train_nn_models] [Training] Epoch=110, loss=2475.6270, nll=2475.6270, l2_reg=0.0000, acc=0.2382
[ 2022-08-31 13:20:54,353][train_tran.train_nn_models] [Validation] Epoch=110, nll=2480.3706, acc=0.2391
[ 2022-08-31 13:21:01,806][train_tran.train_nn_models] [Training] Epoch=111, loss=2475.0774, nll=2475.0774, l2_reg=0.0000, acc=0.2387
[ 2022-08-31 13:21:01,807][train_tran.train_nn_models] [Validation] Epoch=111, nll=2479.9841, acc=0.2396
[ 2022-08-31 13:21:09,544][train_tran.train_nn_models] [Training] Epoch=112, loss=2474.7437, nll=2474.7437, l2_reg=0.0000, acc=0.2390
[ 2022-08-31 13:21:09,544][train_tran.train_nn_models] [Validation] Epoch=112, nll=2479.6521, acc=0.2400
[ 2022-08-31 13:21:17,412][train_tran.train_nn_models] [Training] Epoch=113, loss=2474.3159, nll=2474.3159, l2_reg=0.0000, acc=0.2398
[ 2022-08-31 13:21:17,413][train_tran.train_nn_models] [Validation] Epoch=113, nll=2479.0671, acc=0.2411
[ 2022-08-31 13:21:25,193][train_tran.train_nn_models] [Training] Epoch=114, loss=2473.7468, nll=2473.7468, l2_reg=0.0000, acc=0.2404
[ 2022-08-31 13:21:25,194][train_tran.train_nn_models] [Validation] Epoch=114, nll=2478.5415, acc=0.2418
[ 2022-08-31 13:21:33,346][train_tran.train_nn_models] [Training] Epoch=115, loss=2473.2327, nll=2473.2327, l2_reg=0.0000, acc=0.2407
[ 2022-08-31 13:21:33,346][train_tran.train_nn_models] [Validation] Epoch=115, nll=2478.0227, acc=0.2418
[ 2022-08-31 13:21:41,446][train_tran.train_nn_models] [Training] Epoch=116, loss=2472.7114, nll=2472.7114, l2_reg=0.0000, acc=0.2409
[ 2022-08-31 13:21:41,447][train_tran.train_nn_models] [Validation] Epoch=116, nll=2477.5457, acc=0.2422
[ 2022-08-31 13:21:49,644][train_tran.train_nn_models] [Training] Epoch=117, loss=2472.2585, nll=2472.2585, l2_reg=0.0000, acc=0.2412
[ 2022-08-31 13:21:49,644][train_tran.train_nn_models] [Validation] Epoch=117, nll=2477.1104, acc=0.2422
[ 2022-08-31 13:21:57,513][train_tran.train_nn_models] [Training] Epoch=118, loss=2471.8108, nll=2471.8108, l2_reg=0.0000, acc=0.2414
[ 2022-08-31 13:21:57,513][train_tran.train_nn_models] [Validation] Epoch=118, nll=2476.7122, acc=0.2423
[ 2022-08-31 13:22:05,684][train_tran.train_nn_models] [Training] Epoch=119, loss=2471.4260, nll=2471.4260, l2_reg=0.0000, acc=0.2418
[ 2022-08-31 13:22:05,685][train_tran.train_nn_models] [Validation] Epoch=119, nll=2476.3479, acc=0.2430
[ 2022-08-31 13:22:13,460][train_tran.train_nn_models] [Training] Epoch=120, loss=2471.0518, nll=2471.0518, l2_reg=0.0000, acc=0.2421
[ 2022-08-31 13:22:13,460][train_tran.train_nn_models] [Validation] Epoch=120, nll=2475.9978, acc=0.2431
[ 2022-08-31 13:22:21,285][train_tran.train_nn_models] [Training] Epoch=121, loss=2470.6611, nll=2470.6611, l2_reg=0.0000, acc=0.2425
[ 2022-08-31 13:22:21,285][train_tran.train_nn_models] [Validation] Epoch=121, nll=2475.6025, acc=0.2438
[ 2022-08-31 13:22:29,399][train_tran.train_nn_models] [Training] Epoch=122, loss=2470.3103, nll=2470.3103, l2_reg=0.0000, acc=0.2428
[ 2022-08-31 13:22:29,400][train_tran.train_nn_models] [Validation] Epoch=122, nll=2475.2910, acc=0.2441
[ 2022-08-31 13:22:37,774][train_tran.train_nn_models] [Training] Epoch=123, loss=2469.9524, nll=2469.9524, l2_reg=0.0000, acc=0.2433
[ 2022-08-31 13:22:37,774][train_tran.train_nn_models] [Validation] Epoch=123, nll=2474.9866, acc=0.2450
[ 2022-08-31 13:22:46,337][train_tran.train_nn_models] [Training] Epoch=124, loss=2469.6150, nll=2469.6150, l2_reg=0.0000, acc=0.2437
[ 2022-08-31 13:22:46,337][train_tran.train_nn_models] [Validation] Epoch=124, nll=2474.6475, acc=0.2454
[ 2022-08-31 13:22:54,143][train_tran.train_nn_models] [Training] Epoch=125, loss=2469.2920, nll=2469.2920, l2_reg=0.0000, acc=0.2439
[ 2022-08-31 13:22:54,144][train_tran.train_nn_models] [Validation] Epoch=125, nll=2474.3547, acc=0.2458
[ 2022-08-31 13:23:02,266][train_tran.train_nn_models] [Training] Epoch=126, loss=2468.9746, nll=2468.9746, l2_reg=0.0000, acc=0.2441
[ 2022-08-31 13:23:02,266][train_tran.train_nn_models] [Validation] Epoch=126, nll=2474.0767, acc=0.2460
[ 2022-08-31 13:23:02,266][train_tran.train_nn_models] Found a better model at epoch 126.
[ 2022-08-31 13:23:10,474][train_tran.train_nn_models] [Training] Epoch=127, loss=2468.6755, nll=2468.6755, l2_reg=0.0000, acc=0.2444
[ 2022-08-31 13:23:10,475][train_tran.train_nn_models] [Validation] Epoch=127, nll=2473.7839, acc=0.2466
[ 2022-08-31 13:23:10,475][train_tran.train_nn_models] Found a better model at epoch 127.
[ 2022-08-31 13:23:18,767][train_tran.train_nn_models] [Training] Epoch=128, loss=2468.3711, nll=2468.3711, l2_reg=0.0000, acc=0.2446
[ 2022-08-31 13:23:18,767][train_tran.train_nn_models] [Validation] Epoch=128, nll=2473.5264, acc=0.2471
[ 2022-08-31 13:23:18,768][train_tran.train_nn_models] Found a better model at epoch 128.
[ 2022-08-31 13:23:27,477][train_tran.train_nn_models] [Training] Epoch=129, loss=2468.0959, nll=2468.0959, l2_reg=0.0000, acc=0.2448
[ 2022-08-31 13:23:27,477][train_tran.train_nn_models] [Validation] Epoch=129, nll=2473.2666, acc=0.2476
[ 2022-08-31 13:23:27,477][train_tran.train_nn_models] Found a better model at epoch 129.
[ 2022-08-31 13:23:35,736][train_tran.train_nn_models] [Training] Epoch=130, loss=2467.8145, nll=2467.8145, l2_reg=0.0000, acc=0.2450
[ 2022-08-31 13:23:35,736][train_tran.train_nn_models] [Validation] Epoch=130, nll=2473.0203, acc=0.2482
[ 2022-08-31 13:23:35,736][train_tran.train_nn_models] Found a better model at epoch 130.
[ 2022-08-31 13:23:43,531][train_tran.train_nn_models] [Training] Epoch=131, loss=2467.5549, nll=2467.5549, l2_reg=0.0000, acc=0.2452
[ 2022-08-31 13:23:43,531][train_tran.train_nn_models] [Validation] Epoch=131, nll=2472.7805, acc=0.2486
[ 2022-08-31 13:23:43,531][train_tran.train_nn_models] Found a better model at epoch 131.
[ 2022-08-31 13:23:51,706][train_tran.train_nn_models] [Training] Epoch=132, loss=2467.2874, nll=2467.2874, l2_reg=0.0000, acc=0.2456
[ 2022-08-31 13:23:51,706][train_tran.train_nn_models] [Validation] Epoch=132, nll=2472.5217, acc=0.2489
[ 2022-08-31 13:23:51,706][train_tran.train_nn_models] Found a better model at epoch 132.
[ 2022-08-31 13:23:59,589][train_tran.train_nn_models] [Training] Epoch=133, loss=2467.0293, nll=2467.0293, l2_reg=0.0000, acc=0.2458
[ 2022-08-31 13:23:59,590][train_tran.train_nn_models] [Validation] Epoch=133, nll=2472.2759, acc=0.2491
[ 2022-08-31 13:23:59,590][train_tran.train_nn_models] Found a better model at epoch 133.
[ 2022-08-31 13:24:07,623][train_tran.train_nn_models] [Training] Epoch=134, loss=2466.7830, nll=2466.7830, l2_reg=0.0000, acc=0.2459
[ 2022-08-31 13:24:07,623][train_tran.train_nn_models] [Validation] Epoch=134, nll=2472.0740, acc=0.2492
[ 2022-08-31 13:24:07,624][train_tran.train_nn_models] Found a better model at epoch 134.
[ 2022-08-31 13:24:15,663][train_tran.train_nn_models] [Training] Epoch=135, loss=2466.5757, nll=2466.5757, l2_reg=0.0000, acc=0.2460
[ 2022-08-31 13:24:15,663][train_tran.train_nn_models] [Validation] Epoch=135, nll=2471.9233, acc=0.2495
[ 2022-08-31 13:24:15,663][train_tran.train_nn_models] Found a better model at epoch 135.
[ 2022-08-31 13:24:24,026][train_tran.train_nn_models] [Training] Epoch=136, loss=2466.3647, nll=2466.3647, l2_reg=0.0000, acc=0.2463
[ 2022-08-31 13:24:24,027][train_tran.train_nn_models] [Validation] Epoch=136, nll=2471.6741, acc=0.2499
[ 2022-08-31 13:24:24,027][train_tran.train_nn_models] Found a better model at epoch 136.
[ 2022-08-31 13:24:31,756][train_tran.train_nn_models] [Training] Epoch=137, loss=2466.1221, nll=2466.1221, l2_reg=0.0000, acc=0.2465
[ 2022-08-31 13:24:31,757][train_tran.train_nn_models] [Validation] Epoch=137, nll=2471.4307, acc=0.2506
[ 2022-08-31 13:24:31,757][train_tran.train_nn_models] Found a better model at epoch 137.
[ 2022-08-31 13:24:39,424][train_tran.train_nn_models] [Training] Epoch=138, loss=2465.8904, nll=2465.8904, l2_reg=0.0000, acc=0.2467
[ 2022-08-31 13:24:39,424][train_tran.train_nn_models] [Validation] Epoch=138, nll=2471.1812, acc=0.2508
[ 2022-08-31 13:24:39,425][train_tran.train_nn_models] Found a better model at epoch 138.
[ 2022-08-31 13:24:47,279][train_tran.train_nn_models] [Training] Epoch=139, loss=2465.6489, nll=2465.6489, l2_reg=0.0000, acc=0.2469
[ 2022-08-31 13:24:47,279][train_tran.train_nn_models] [Validation] Epoch=139, nll=2470.9634, acc=0.2509
[ 2022-08-31 13:24:47,279][train_tran.train_nn_models] Found a better model at epoch 139.
[ 2022-08-31 13:24:55,096][train_tran.train_nn_models] [Training] Epoch=140, loss=2465.4338, nll=2465.4338, l2_reg=0.0000, acc=0.2471
[ 2022-08-31 13:24:55,096][train_tran.train_nn_models] [Validation] Epoch=140, nll=2470.7661, acc=0.2512
[ 2022-08-31 13:24:55,096][train_tran.train_nn_models] Found a better model at epoch 140.
[ 2022-08-31 13:25:03,415][train_tran.train_nn_models] [Training] Epoch=141, loss=2465.2170, nll=2465.2170, l2_reg=0.0000, acc=0.2472
[ 2022-08-31 13:25:03,415][train_tran.train_nn_models] [Validation] Epoch=141, nll=2470.5693, acc=0.2511
[ 2022-08-31 13:25:03,415][train_tran.train_nn_models] Found a better model at epoch 141.
[ 2022-08-31 13:25:11,182][train_tran.train_nn_models] [Training] Epoch=142, loss=2465.0120, nll=2465.0120, l2_reg=0.0000, acc=0.2475
[ 2022-08-31 13:25:11,183][train_tran.train_nn_models] [Validation] Epoch=142, nll=2470.3579, acc=0.2510
[ 2022-08-31 13:25:11,183][train_tran.train_nn_models] Found a better model at epoch 142.
[ 2022-08-31 13:25:19,281][train_tran.train_nn_models] [Training] Epoch=143, loss=2464.7949, nll=2464.7949, l2_reg=0.0000, acc=0.2476
[ 2022-08-31 13:25:19,281][train_tran.train_nn_models] [Validation] Epoch=143, nll=2470.1650, acc=0.2514
[ 2022-08-31 13:25:19,281][train_tran.train_nn_models] Found a better model at epoch 143.
[ 2022-08-31 13:25:27,196][train_tran.train_nn_models] [Training] Epoch=144, loss=2464.5967, nll=2464.5967, l2_reg=0.0000, acc=0.2480
[ 2022-08-31 13:25:27,196][train_tran.train_nn_models] [Validation] Epoch=144, nll=2469.9688, acc=0.2516
[ 2022-08-31 13:25:27,196][train_tran.train_nn_models] Found a better model at epoch 144.
[ 2022-08-31 13:25:34,986][train_tran.train_nn_models] [Training] Epoch=145, loss=2464.3984, nll=2464.3984, l2_reg=0.0000, acc=0.2481
[ 2022-08-31 13:25:34,987][train_tran.train_nn_models] [Validation] Epoch=145, nll=2469.8081, acc=0.2521
[ 2022-08-31 13:25:34,987][train_tran.train_nn_models] Found a better model at epoch 145.
[ 2022-08-31 13:25:42,637][train_tran.train_nn_models] [Training] Epoch=146, loss=2464.2131, nll=2464.2131, l2_reg=0.0000, acc=0.2483
[ 2022-08-31 13:25:42,638][train_tran.train_nn_models] [Validation] Epoch=146, nll=2469.6123, acc=0.2526
[ 2022-08-31 13:25:42,638][train_tran.train_nn_models] Found a better model at epoch 146.
[ 2022-08-31 13:25:50,568][train_tran.train_nn_models] [Training] Epoch=147, loss=2464.0144, nll=2464.0144, l2_reg=0.0000, acc=0.2486
[ 2022-08-31 13:25:50,568][train_tran.train_nn_models] [Validation] Epoch=147, nll=2469.4312, acc=0.2531
[ 2022-08-31 13:25:50,568][train_tran.train_nn_models] Found a better model at epoch 147.
[ 2022-08-31 13:25:58,366][train_tran.train_nn_models] [Training] Epoch=148, loss=2463.8269, nll=2463.8269, l2_reg=0.0000, acc=0.2489
[ 2022-08-31 13:25:58,366][train_tran.train_nn_models] [Validation] Epoch=148, nll=2469.2534, acc=0.2532
[ 2022-08-31 13:25:58,366][train_tran.train_nn_models] Found a better model at epoch 148.
[ 2022-08-31 13:26:06,114][train_tran.train_nn_models] [Training] Epoch=149, loss=2463.6470, nll=2463.6470, l2_reg=0.0000, acc=0.2491
[ 2022-08-31 13:26:06,114][train_tran.train_nn_models] [Validation] Epoch=149, nll=2469.0942, acc=0.2533
[ 2022-08-31 13:26:06,114][train_tran.train_nn_models] Found a better model at epoch 149.
[ 2022-08-31 13:26:13,693][train_tran.train_nn_models] [Training] Epoch=150, loss=2463.4812, nll=2463.4812, l2_reg=0.0000, acc=0.2494
[ 2022-08-31 13:26:13,694][train_tran.train_nn_models] [Validation] Epoch=150, nll=2468.9792, acc=0.2536
[ 2022-08-31 13:26:13,694][train_tran.train_nn_models] Found a better model at epoch 150.
[ 2022-08-31 13:26:21,835][train_tran.train_nn_models] [Training] Epoch=151, loss=2463.3115, nll=2463.3115, l2_reg=0.0000, acc=0.2497
[ 2022-08-31 13:26:21,836][train_tran.train_nn_models] [Validation] Epoch=151, nll=2468.7949, acc=0.2539
[ 2022-08-31 13:26:21,836][train_tran.train_nn_models] Found a better model at epoch 151.
[ 2022-08-31 13:26:29,125][train_tran.train_nn_models] [Training] Epoch=152, loss=2463.1296, nll=2463.1296, l2_reg=0.0000, acc=0.2499
[ 2022-08-31 13:26:29,125][train_tran.train_nn_models] [Validation] Epoch=152, nll=2468.6023, acc=0.2537
[ 2022-08-31 13:26:29,125][train_tran.train_nn_models] Found a better model at epoch 152.
[ 2022-08-31 13:26:37,525][train_tran.train_nn_models] [Training] Epoch=153, loss=2462.9487, nll=2462.9487, l2_reg=0.0000, acc=0.2502
[ 2022-08-31 13:26:37,526][train_tran.train_nn_models] [Validation] Epoch=153, nll=2468.4248, acc=0.2540
[ 2022-08-31 13:26:37,526][train_tran.train_nn_models] Found a better model at epoch 153.
[ 2022-08-31 13:26:46,176][train_tran.train_nn_models] [Training] Epoch=154, loss=2462.7720, nll=2462.7720, l2_reg=0.0000, acc=0.2505
[ 2022-08-31 13:26:46,176][train_tran.train_nn_models] [Validation] Epoch=154, nll=2468.2546, acc=0.2540
[ 2022-08-31 13:26:46,177][train_tran.train_nn_models] Found a better model at epoch 154.
[ 2022-08-31 13:26:54,265][train_tran.train_nn_models] [Training] Epoch=155, loss=2462.5984, nll=2462.5984, l2_reg=0.0000, acc=0.2507
[ 2022-08-31 13:26:54,265][train_tran.train_nn_models] [Validation] Epoch=155, nll=2468.0791, acc=0.2540
[ 2022-08-31 13:26:54,265][train_tran.train_nn_models] Found a better model at epoch 155.
[ 2022-08-31 13:27:02,071][train_tran.train_nn_models] [Training] Epoch=156, loss=2462.4231, nll=2462.4231, l2_reg=0.0000, acc=0.2509
[ 2022-08-31 13:27:02,071][train_tran.train_nn_models] [Validation] Epoch=156, nll=2467.9146, acc=0.2541
[ 2022-08-31 13:27:02,071][train_tran.train_nn_models] Found a better model at epoch 156.
[ 2022-08-31 13:27:09,993][train_tran.train_nn_models] [Training] Epoch=157, loss=2462.2554, nll=2462.2554, l2_reg=0.0000, acc=0.2510
[ 2022-08-31 13:27:09,994][train_tran.train_nn_models] [Validation] Epoch=157, nll=2467.7441, acc=0.2542
[ 2022-08-31 13:27:09,994][train_tran.train_nn_models] Found a better model at epoch 157.
[ 2022-08-31 13:27:18,074][train_tran.train_nn_models] [Training] Epoch=158, loss=2462.0901, nll=2462.0901, l2_reg=0.0000, acc=0.2512
[ 2022-08-31 13:27:18,074][train_tran.train_nn_models] [Validation] Epoch=158, nll=2467.5723, acc=0.2545
[ 2022-08-31 13:27:18,074][train_tran.train_nn_models] Found a better model at epoch 158.
[ 2022-08-31 13:27:25,932][train_tran.train_nn_models] [Training] Epoch=159, loss=2461.9280, nll=2461.9280, l2_reg=0.0000, acc=0.2513
[ 2022-08-31 13:27:25,932][train_tran.train_nn_models] [Validation] Epoch=159, nll=2467.4182, acc=0.2546
[ 2022-08-31 13:27:25,932][train_tran.train_nn_models] Found a better model at epoch 159.
[ 2022-08-31 13:27:33,943][train_tran.train_nn_models] [Training] Epoch=160, loss=2461.7690, nll=2461.7690, l2_reg=0.0000, acc=0.2515
[ 2022-08-31 13:27:33,943][train_tran.train_nn_models] [Validation] Epoch=160, nll=2467.2678, acc=0.2547
[ 2022-08-31 13:27:33,943][train_tran.train_nn_models] Found a better model at epoch 160.
[ 2022-08-31 13:27:42,260][train_tran.train_nn_models] [Training] Epoch=161, loss=2461.6118, nll=2461.6118, l2_reg=0.0000, acc=0.2516
[ 2022-08-31 13:27:42,261][train_tran.train_nn_models] [Validation] Epoch=161, nll=2467.1099, acc=0.2550
[ 2022-08-31 13:27:42,261][train_tran.train_nn_models] Found a better model at epoch 161.
[ 2022-08-31 13:27:49,944][train_tran.train_nn_models] [Training] Epoch=162, loss=2461.4541, nll=2461.4541, l2_reg=0.0000, acc=0.2518
[ 2022-08-31 13:27:49,944][train_tran.train_nn_models] [Validation] Epoch=162, nll=2466.9666, acc=0.2555
[ 2022-08-31 13:27:49,944][train_tran.train_nn_models] Found a better model at epoch 162.
[ 2022-08-31 13:27:58,007][train_tran.train_nn_models] [Training] Epoch=163, loss=2461.3081, nll=2461.3081, l2_reg=0.0000, acc=0.2520
[ 2022-08-31 13:27:58,007][train_tran.train_nn_models] [Validation] Epoch=163, nll=2466.8354, acc=0.2555
[ 2022-08-31 13:27:58,007][train_tran.train_nn_models] Found a better model at epoch 163.
[ 2022-08-31 13:28:05,636][train_tran.train_nn_models] [Training] Epoch=164, loss=2461.1702, nll=2461.1702, l2_reg=0.0000, acc=0.2521
[ 2022-08-31 13:28:05,636][train_tran.train_nn_models] [Validation] Epoch=164, nll=2466.7349, acc=0.2559
[ 2022-08-31 13:28:05,636][train_tran.train_nn_models] Found a better model at epoch 164.
[ 2022-08-31 13:28:13,743][train_tran.train_nn_models] [Training] Epoch=165, loss=2461.0273, nll=2461.0273, l2_reg=0.0000, acc=0.2522
[ 2022-08-31 13:28:13,743][train_tran.train_nn_models] [Validation] Epoch=165, nll=2466.5847, acc=0.2558
[ 2022-08-31 13:28:13,744][train_tran.train_nn_models] Found a better model at epoch 165.
[ 2022-08-31 13:28:21,988][train_tran.train_nn_models] [Training] Epoch=166, loss=2460.8765, nll=2460.8765, l2_reg=0.0000, acc=0.2524
[ 2022-08-31 13:28:21,989][train_tran.train_nn_models] [Validation] Epoch=166, nll=2466.4373, acc=0.2560
[ 2022-08-31 13:28:21,989][train_tran.train_nn_models] Found a better model at epoch 166.
[ 2022-08-31 13:28:30,570][train_tran.train_nn_models] [Training] Epoch=167, loss=2460.7278, nll=2460.7278, l2_reg=0.0000, acc=0.2526
[ 2022-08-31 13:28:30,571][train_tran.train_nn_models] [Validation] Epoch=167, nll=2466.2830, acc=0.2561
[ 2022-08-31 13:28:30,571][train_tran.train_nn_models] Found a better model at epoch 167.
[ 2022-08-31 13:28:38,667][train_tran.train_nn_models] [Training] Epoch=168, loss=2460.5828, nll=2460.5828, l2_reg=0.0000, acc=0.2527
[ 2022-08-31 13:28:38,668][train_tran.train_nn_models] [Validation] Epoch=168, nll=2466.1340, acc=0.2561
[ 2022-08-31 13:28:38,668][train_tran.train_nn_models] Found a better model at epoch 168.
[ 2022-08-31 13:28:46,084][train_tran.train_nn_models] [Training] Epoch=169, loss=2460.4358, nll=2460.4358, l2_reg=0.0000, acc=0.2528
[ 2022-08-31 13:28:46,085][train_tran.train_nn_models] [Validation] Epoch=169, nll=2465.9983, acc=0.2563
[ 2022-08-31 13:28:46,085][train_tran.train_nn_models] Found a better model at epoch 169.
[ 2022-08-31 13:28:54,370][train_tran.train_nn_models] [Training] Epoch=170, loss=2460.2969, nll=2460.2969, l2_reg=0.0000, acc=0.2530
[ 2022-08-31 13:28:54,370][train_tran.train_nn_models] [Validation] Epoch=170, nll=2465.8621, acc=0.2564
[ 2022-08-31 13:28:54,370][train_tran.train_nn_models] Found a better model at epoch 170.
[ 2022-08-31 13:29:02,216][train_tran.train_nn_models] [Training] Epoch=171, loss=2460.1589, nll=2460.1589, l2_reg=0.0000, acc=0.2531
[ 2022-08-31 13:29:02,216][train_tran.train_nn_models] [Validation] Epoch=171, nll=2465.7444, acc=0.2566
[ 2022-08-31 13:29:02,216][train_tran.train_nn_models] Found a better model at epoch 171.
[ 2022-08-31 13:29:10,032][train_tran.train_nn_models] [Training] Epoch=172, loss=2460.0237, nll=2460.0237, l2_reg=0.0000, acc=0.2531
[ 2022-08-31 13:29:10,033][train_tran.train_nn_models] [Validation] Epoch=172, nll=2465.6177, acc=0.2567
[ 2022-08-31 13:29:10,033][train_tran.train_nn_models] Found a better model at epoch 172.
[ 2022-08-31 13:29:17,981][train_tran.train_nn_models] [Training] Epoch=173, loss=2459.8879, nll=2459.8879, l2_reg=0.0000, acc=0.2533
[ 2022-08-31 13:29:17,981][train_tran.train_nn_models] [Validation] Epoch=173, nll=2465.4829, acc=0.2571
[ 2022-08-31 13:29:17,981][train_tran.train_nn_models] Found a better model at epoch 173.
[ 2022-08-31 13:29:26,129][train_tran.train_nn_models] [Training] Epoch=174, loss=2459.7522, nll=2459.7522, l2_reg=0.0000, acc=0.2535
[ 2022-08-31 13:29:26,129][train_tran.train_nn_models] [Validation] Epoch=174, nll=2465.3506, acc=0.2573
[ 2022-08-31 13:29:26,129][train_tran.train_nn_models] Found a better model at epoch 174.
[ 2022-08-31 13:29:33,888][train_tran.train_nn_models] [Training] Epoch=175, loss=2459.6152, nll=2459.6152, l2_reg=0.0000, acc=0.2537
[ 2022-08-31 13:29:33,889][train_tran.train_nn_models] [Validation] Epoch=175, nll=2465.2163, acc=0.2574
[ 2022-08-31 13:29:33,889][train_tran.train_nn_models] Found a better model at epoch 175.
[ 2022-08-31 13:29:41,588][train_tran.train_nn_models] [Training] Epoch=176, loss=2459.4846, nll=2459.4846, l2_reg=0.0000, acc=0.2537
[ 2022-08-31 13:29:41,588][train_tran.train_nn_models] [Validation] Epoch=176, nll=2465.0842, acc=0.2575
[ 2022-08-31 13:29:41,588][train_tran.train_nn_models] Found a better model at epoch 176.
[ 2022-08-31 13:29:49,053][train_tran.train_nn_models] [Training] Epoch=177, loss=2459.3533, nll=2459.3533, l2_reg=0.0000, acc=0.2539
[ 2022-08-31 13:29:49,054][train_tran.train_nn_models] [Validation] Epoch=177, nll=2464.9521, acc=0.2578
[ 2022-08-31 13:29:49,054][train_tran.train_nn_models] Found a better model at epoch 177.
[ 2022-08-31 13:29:56,932][train_tran.train_nn_models] [Training] Epoch=178, loss=2459.2231, nll=2459.2231, l2_reg=0.0000, acc=0.2539
[ 2022-08-31 13:29:56,933][train_tran.train_nn_models] [Validation] Epoch=178, nll=2464.8279, acc=0.2579
[ 2022-08-31 13:29:56,933][train_tran.train_nn_models] Found a better model at epoch 178.
[ 2022-08-31 13:30:04,587][train_tran.train_nn_models] [Training] Epoch=179, loss=2459.0950, nll=2459.0950, l2_reg=0.0000, acc=0.2540
[ 2022-08-31 13:30:04,587][train_tran.train_nn_models] [Validation] Epoch=179, nll=2464.7043, acc=0.2578
[ 2022-08-31 13:30:04,587][train_tran.train_nn_models] Found a better model at epoch 179.
[ 2022-08-31 13:30:12,726][train_tran.train_nn_models] [Training] Epoch=180, loss=2458.9658, nll=2458.9658, l2_reg=0.0000, acc=0.2541
[ 2022-08-31 13:30:12,726][train_tran.train_nn_models] [Validation] Epoch=180, nll=2464.5752, acc=0.2578
[ 2022-08-31 13:30:12,726][train_tran.train_nn_models] Found a better model at epoch 180.
[ 2022-08-31 13:30:20,629][train_tran.train_nn_models] [Training] Epoch=181, loss=2458.8389, nll=2458.8389, l2_reg=0.0000, acc=0.2543
[ 2022-08-31 13:30:20,629][train_tran.train_nn_models] [Validation] Epoch=181, nll=2464.4395, acc=0.2583
[ 2022-08-31 13:30:20,629][train_tran.train_nn_models] Found a better model at epoch 181.
[ 2022-08-31 13:30:28,852][train_tran.train_nn_models] [Training] Epoch=182, loss=2458.7097, nll=2458.7097, l2_reg=0.0000, acc=0.2544
[ 2022-08-31 13:30:28,852][train_tran.train_nn_models] [Validation] Epoch=182, nll=2464.3179, acc=0.2584
[ 2022-08-31 13:30:28,852][train_tran.train_nn_models] Found a better model at epoch 182.
[ 2022-08-31 13:30:36,661][train_tran.train_nn_models] [Training] Epoch=183, loss=2458.5830, nll=2458.5830, l2_reg=0.0000, acc=0.2545
[ 2022-08-31 13:30:36,662][train_tran.train_nn_models] [Validation] Epoch=183, nll=2464.1917, acc=0.2584
[ 2022-08-31 13:30:36,662][train_tran.train_nn_models] Found a better model at epoch 183.
[ 2022-08-31 13:30:45,156][train_tran.train_nn_models] [Training] Epoch=184, loss=2458.4558, nll=2458.4558, l2_reg=0.0000, acc=0.2547
[ 2022-08-31 13:30:45,157][train_tran.train_nn_models] [Validation] Epoch=184, nll=2464.0596, acc=0.2584
[ 2022-08-31 13:30:45,157][train_tran.train_nn_models] Found a better model at epoch 184.
[ 2022-08-31 13:30:52,821][train_tran.train_nn_models] [Training] Epoch=185, loss=2458.3274, nll=2458.3274, l2_reg=0.0000, acc=0.2548
[ 2022-08-31 13:30:52,821][train_tran.train_nn_models] [Validation] Epoch=185, nll=2463.9392, acc=0.2583
[ 2022-08-31 13:30:52,821][train_tran.train_nn_models] Found a better model at epoch 185.
[ 2022-08-31 13:31:00,989][train_tran.train_nn_models] [Training] Epoch=186, loss=2458.2012, nll=2458.2012, l2_reg=0.0000, acc=0.2547
[ 2022-08-31 13:31:00,989][train_tran.train_nn_models] [Validation] Epoch=186, nll=2463.8169, acc=0.2584
[ 2022-08-31 13:31:00,989][train_tran.train_nn_models] Found a better model at epoch 186.
[ 2022-08-31 13:31:08,926][train_tran.train_nn_models] [Training] Epoch=187, loss=2458.0769, nll=2458.0769, l2_reg=0.0000, acc=0.2549
[ 2022-08-31 13:31:08,926][train_tran.train_nn_models] [Validation] Epoch=187, nll=2463.6851, acc=0.2585
[ 2022-08-31 13:31:08,926][train_tran.train_nn_models] Found a better model at epoch 187.
[ 2022-08-31 13:31:16,739][train_tran.train_nn_models] [Training] Epoch=188, loss=2457.9583, nll=2457.9583, l2_reg=0.0000, acc=0.2550
[ 2022-08-31 13:31:16,740][train_tran.train_nn_models] [Validation] Epoch=188, nll=2463.5625, acc=0.2587
[ 2022-08-31 13:31:16,740][train_tran.train_nn_models] Found a better model at epoch 188.
[ 2022-08-31 13:31:24,930][train_tran.train_nn_models] [Training] Epoch=189, loss=2457.8345, nll=2457.8345, l2_reg=0.0000, acc=0.2551
[ 2022-08-31 13:31:24,931][train_tran.train_nn_models] [Validation] Epoch=189, nll=2463.4231, acc=0.2587
[ 2022-08-31 13:31:24,931][train_tran.train_nn_models] Found a better model at epoch 189.
[ 2022-08-31 13:31:33,025][train_tran.train_nn_models] [Training] Epoch=190, loss=2457.7075, nll=2457.7075, l2_reg=0.0000, acc=0.2552
[ 2022-08-31 13:31:33,025][train_tran.train_nn_models] [Validation] Epoch=190, nll=2463.2961, acc=0.2587
[ 2022-08-31 13:31:33,025][train_tran.train_nn_models] Found a better model at epoch 190.
[ 2022-08-31 13:31:40,995][train_tran.train_nn_models] [Training] Epoch=191, loss=2457.5833, nll=2457.5833, l2_reg=0.0000, acc=0.2553
[ 2022-08-31 13:31:40,996][train_tran.train_nn_models] [Validation] Epoch=191, nll=2463.1658, acc=0.2588
[ 2022-08-31 13:31:40,996][train_tran.train_nn_models] Found a better model at epoch 191.
[ 2022-08-31 13:31:48,644][train_tran.train_nn_models] [Training] Epoch=192, loss=2457.4585, nll=2457.4585, l2_reg=0.0000, acc=0.2555
[ 2022-08-31 13:31:48,645][train_tran.train_nn_models] [Validation] Epoch=192, nll=2463.0442, acc=0.2589
[ 2022-08-31 13:31:48,645][train_tran.train_nn_models] Found a better model at epoch 192.
[ 2022-08-31 13:31:56,280][train_tran.train_nn_models] [Training] Epoch=193, loss=2457.3364, nll=2457.3364, l2_reg=0.0000, acc=0.2555
[ 2022-08-31 13:31:56,281][train_tran.train_nn_models] [Validation] Epoch=193, nll=2462.9158, acc=0.2588
[ 2022-08-31 13:31:56,281][train_tran.train_nn_models] Found a better model at epoch 193.
[ 2022-08-31 13:32:04,285][train_tran.train_nn_models] [Training] Epoch=194, loss=2457.2139, nll=2457.2139, l2_reg=0.0000, acc=0.2557
[ 2022-08-31 13:32:04,286][train_tran.train_nn_models] [Validation] Epoch=194, nll=2462.7903, acc=0.2591
[ 2022-08-31 13:32:04,286][train_tran.train_nn_models] Found a better model at epoch 194.
[ 2022-08-31 13:32:12,443][train_tran.train_nn_models] [Training] Epoch=195, loss=2457.0884, nll=2457.0884, l2_reg=0.0000, acc=0.2558
[ 2022-08-31 13:32:12,444][train_tran.train_nn_models] [Validation] Epoch=195, nll=2462.6628, acc=0.2593
[ 2022-08-31 13:32:12,444][train_tran.train_nn_models] Found a better model at epoch 195.
[ 2022-08-31 13:32:20,394][train_tran.train_nn_models] [Training] Epoch=196, loss=2456.9639, nll=2456.9639, l2_reg=0.0000, acc=0.2560
[ 2022-08-31 13:32:20,394][train_tran.train_nn_models] [Validation] Epoch=196, nll=2462.5435, acc=0.2593
[ 2022-08-31 13:32:20,394][train_tran.train_nn_models] Found a better model at epoch 196.
[ 2022-08-31 13:32:28,050][train_tran.train_nn_models] [Training] Epoch=197, loss=2456.8372, nll=2456.8372, l2_reg=0.0000, acc=0.2561
[ 2022-08-31 13:32:28,051][train_tran.train_nn_models] [Validation] Epoch=197, nll=2462.4185, acc=0.2595
[ 2022-08-31 13:32:28,051][train_tran.train_nn_models] Found a better model at epoch 197.
[ 2022-08-31 13:32:36,263][train_tran.train_nn_models] [Training] Epoch=198, loss=2456.7180, nll=2456.7180, l2_reg=0.0000, acc=0.2562
[ 2022-08-31 13:32:36,264][train_tran.train_nn_models] [Validation] Epoch=198, nll=2462.2915, acc=0.2595
[ 2022-08-31 13:32:36,264][train_tran.train_nn_models] Found a better model at epoch 198.
[ 2022-08-31 13:32:44,460][train_tran.train_nn_models] [Training] Epoch=199, loss=2456.5940, nll=2456.5940, l2_reg=0.0000, acc=0.2563
[ 2022-08-31 13:32:44,460][train_tran.train_nn_models] [Validation] Epoch=199, nll=2462.1428, acc=0.2600
[ 2022-08-31 13:32:44,460][train_tran.train_nn_models] Found a better model at epoch 199.
[ 2022-08-31 13:32:52,646][train_tran.train_nn_models] [Training] Epoch=200, loss=2456.4653, nll=2456.4653, l2_reg=0.0000, acc=0.2564
[ 2022-08-31 13:32:52,646][train_tran.train_nn_models] [Validation] Epoch=200, nll=2462.0073, acc=0.2598
[ 2022-08-31 13:32:52,646][train_tran.train_nn_models] Found a better model at epoch 200.
[ 2022-08-31 13:33:00,857][train_tran.train_nn_models] [Training] Epoch=201, loss=2456.3362, nll=2456.3362, l2_reg=0.0000, acc=0.2565
[ 2022-08-31 13:33:00,857][train_tran.train_nn_models] [Validation] Epoch=201, nll=2461.8779, acc=0.2601
[ 2022-08-31 13:33:00,857][train_tran.train_nn_models] Found a better model at epoch 201.
[ 2022-08-31 13:33:08,811][train_tran.train_nn_models] [Training] Epoch=202, loss=2456.2151, nll=2456.2151, l2_reg=0.0000, acc=0.2566
[ 2022-08-31 13:33:08,811][train_tran.train_nn_models] [Validation] Epoch=202, nll=2461.7463, acc=0.2603
[ 2022-08-31 13:33:08,811][train_tran.train_nn_models] Found a better model at epoch 202.
[ 2022-08-31 13:33:16,906][train_tran.train_nn_models] [Training] Epoch=203, loss=2456.1030, nll=2456.1030, l2_reg=0.0000, acc=0.2567
[ 2022-08-31 13:33:16,906][train_tran.train_nn_models] [Validation] Epoch=203, nll=2461.6240, acc=0.2601
[ 2022-08-31 13:33:16,906][train_tran.train_nn_models] Found a better model at epoch 203.
[ 2022-08-31 13:33:24,972][train_tran.train_nn_models] [Training] Epoch=204, loss=2455.9795, nll=2455.9795, l2_reg=0.0000, acc=0.2568
[ 2022-08-31 13:33:24,972][train_tran.train_nn_models] [Validation] Epoch=204, nll=2461.4690, acc=0.2601
[ 2022-08-31 13:33:24,972][train_tran.train_nn_models] Found a better model at epoch 204.
[ 2022-08-31 13:33:33,186][train_tran.train_nn_models] [Training] Epoch=205, loss=2455.8552, nll=2455.8552, l2_reg=0.0000, acc=0.2568
[ 2022-08-31 13:33:33,187][train_tran.train_nn_models] [Validation] Epoch=205, nll=2461.3442, acc=0.2599
[ 2022-08-31 13:33:33,187][train_tran.train_nn_models] Found a better model at epoch 205.
[ 2022-08-31 13:33:41,434][train_tran.train_nn_models] [Training] Epoch=206, loss=2455.7292, nll=2455.7292, l2_reg=0.0000, acc=0.2570
[ 2022-08-31 13:33:41,434][train_tran.train_nn_models] [Validation] Epoch=206, nll=2461.2007, acc=0.2601
[ 2022-08-31 13:33:41,434][train_tran.train_nn_models] Found a better model at epoch 206.
[ 2022-08-31 13:33:49,237][train_tran.train_nn_models] [Training] Epoch=207, loss=2455.6045, nll=2455.6045, l2_reg=0.0000, acc=0.2570
[ 2022-08-31 13:33:49,237][train_tran.train_nn_models] [Validation] Epoch=207, nll=2461.0637, acc=0.2601
[ 2022-08-31 13:33:49,238][train_tran.train_nn_models] Found a better model at epoch 207.
[ 2022-08-31 13:33:56,989][train_tran.train_nn_models] [Training] Epoch=208, loss=2455.4805, nll=2455.4805, l2_reg=0.0000, acc=0.2571
[ 2022-08-31 13:33:56,989][train_tran.train_nn_models] [Validation] Epoch=208, nll=2460.9277, acc=0.2602
[ 2022-08-31 13:33:56,989][train_tran.train_nn_models] Found a better model at epoch 208.
[ 2022-08-31 13:34:04,893][train_tran.train_nn_models] [Training] Epoch=209, loss=2455.3596, nll=2455.3596, l2_reg=0.0000, acc=0.2573
[ 2022-08-31 13:34:04,893][train_tran.train_nn_models] [Validation] Epoch=209, nll=2460.7947, acc=0.2602
[ 2022-08-31 13:34:04,893][train_tran.train_nn_models] Found a better model at epoch 209.
[ 2022-08-31 13:34:12,794][train_tran.train_nn_models] [Training] Epoch=210, loss=2455.2397, nll=2455.2397, l2_reg=0.0000, acc=0.2575
[ 2022-08-31 13:34:12,794][train_tran.train_nn_models] [Validation] Epoch=210, nll=2460.6592, acc=0.2601
[ 2022-08-31 13:34:12,794][train_tran.train_nn_models] Found a better model at epoch 210.
[ 2022-08-31 13:34:20,613][train_tran.train_nn_models] [Training] Epoch=211, loss=2455.1199, nll=2455.1199, l2_reg=0.0000, acc=0.2577
[ 2022-08-31 13:34:20,613][train_tran.train_nn_models] [Validation] Epoch=211, nll=2460.5256, acc=0.2602
[ 2022-08-31 13:34:20,613][train_tran.train_nn_models] Found a better model at epoch 211.
[ 2022-08-31 13:34:28,138][train_tran.train_nn_models] [Training] Epoch=212, loss=2455.0002, nll=2455.0002, l2_reg=0.0000, acc=0.2577
[ 2022-08-31 13:34:28,139][train_tran.train_nn_models] [Validation] Epoch=212, nll=2460.3865, acc=0.2605
[ 2022-08-31 13:34:28,139][train_tran.train_nn_models] Found a better model at epoch 212.
[ 2022-08-31 13:34:36,290][train_tran.train_nn_models] [Training] Epoch=213, loss=2454.8792, nll=2454.8792, l2_reg=0.0000, acc=0.2578
[ 2022-08-31 13:34:36,290][train_tran.train_nn_models] [Validation] Epoch=213, nll=2460.2507, acc=0.2607
[ 2022-08-31 13:34:36,290][train_tran.train_nn_models] Found a better model at epoch 213.
[ 2022-08-31 13:34:44,332][train_tran.train_nn_models] [Training] Epoch=214, loss=2454.7573, nll=2454.7573, l2_reg=0.0000, acc=0.2578
[ 2022-08-31 13:34:44,333][train_tran.train_nn_models] [Validation] Epoch=214, nll=2460.1113, acc=0.2607
[ 2022-08-31 13:34:44,333][train_tran.train_nn_models] Found a better model at epoch 214.
[ 2022-08-31 13:34:52,003][train_tran.train_nn_models] [Training] Epoch=215, loss=2454.6343, nll=2454.6343, l2_reg=0.0000, acc=0.2579
[ 2022-08-31 13:34:52,003][train_tran.train_nn_models] [Validation] Epoch=215, nll=2459.9717, acc=0.2608
[ 2022-08-31 13:34:52,003][train_tran.train_nn_models] Found a better model at epoch 215.
[ 2022-08-31 13:34:59,966][train_tran.train_nn_models] [Training] Epoch=216, loss=2454.5200, nll=2454.5200, l2_reg=0.0000, acc=0.2580
[ 2022-08-31 13:34:59,967][train_tran.train_nn_models] [Validation] Epoch=216, nll=2459.8416, acc=0.2610
[ 2022-08-31 13:34:59,967][train_tran.train_nn_models] Found a better model at epoch 216.
[ 2022-08-31 13:35:07,499][train_tran.train_nn_models] [Training] Epoch=217, loss=2454.4187, nll=2454.4187, l2_reg=0.0000, acc=0.2580
[ 2022-08-31 13:35:07,499][train_tran.train_nn_models] [Validation] Epoch=217, nll=2459.7139, acc=0.2611
[ 2022-08-31 13:35:07,499][train_tran.train_nn_models] Found a better model at epoch 217.
[ 2022-08-31 13:35:15,719][train_tran.train_nn_models] [Training] Epoch=218, loss=2454.2893, nll=2454.2893, l2_reg=0.0000, acc=0.2581
[ 2022-08-31 13:35:15,719][train_tran.train_nn_models] [Validation] Epoch=218, nll=2459.5615, acc=0.2612
[ 2022-08-31 13:35:15,720][train_tran.train_nn_models] Found a better model at epoch 218.
[ 2022-08-31 13:35:23,705][train_tran.train_nn_models] [Training] Epoch=219, loss=2454.1643, nll=2454.1643, l2_reg=0.0000, acc=0.2582
[ 2022-08-31 13:35:23,706][train_tran.train_nn_models] [Validation] Epoch=219, nll=2459.4368, acc=0.2613
[ 2022-08-31 13:35:23,706][train_tran.train_nn_models] Found a better model at epoch 219.
[ 2022-08-31 13:35:31,837][train_tran.train_nn_models] [Training] Epoch=220, loss=2454.0425, nll=2454.0425, l2_reg=0.0000, acc=0.2584
[ 2022-08-31 13:35:31,838][train_tran.train_nn_models] [Validation] Epoch=220, nll=2459.3062, acc=0.2612
[ 2022-08-31 13:35:31,838][train_tran.train_nn_models] Found a better model at epoch 220.
[ 2022-08-31 13:35:39,805][train_tran.train_nn_models] [Training] Epoch=221, loss=2453.9192, nll=2453.9192, l2_reg=0.0000, acc=0.2584
[ 2022-08-31 13:35:39,806][train_tran.train_nn_models] [Validation] Epoch=221, nll=2459.1880, acc=0.2614
[ 2022-08-31 13:35:39,806][train_tran.train_nn_models] Found a better model at epoch 221.
[ 2022-08-31 13:35:48,183][train_tran.train_nn_models] [Training] Epoch=222, loss=2453.7949, nll=2453.7949, l2_reg=0.0000, acc=0.2586
[ 2022-08-31 13:35:48,183][train_tran.train_nn_models] [Validation] Epoch=222, nll=2459.0654, acc=0.2617
[ 2022-08-31 13:35:48,183][train_tran.train_nn_models] Found a better model at epoch 222.
[ 2022-08-31 13:35:56,314][train_tran.train_nn_models] [Training] Epoch=223, loss=2453.6763, nll=2453.6763, l2_reg=0.0000, acc=0.2585
[ 2022-08-31 13:35:56,314][train_tran.train_nn_models] [Validation] Epoch=223, nll=2458.9478, acc=0.2617
[ 2022-08-31 13:35:56,314][train_tran.train_nn_models] Found a better model at epoch 223.
[ 2022-08-31 13:36:04,392][train_tran.train_nn_models] [Training] Epoch=224, loss=2453.5591, nll=2453.5591, l2_reg=0.0000, acc=0.2587
[ 2022-08-31 13:36:04,392][train_tran.train_nn_models] [Validation] Epoch=224, nll=2458.8267, acc=0.2619
[ 2022-08-31 13:36:04,392][train_tran.train_nn_models] Found a better model at epoch 224.
[ 2022-08-31 13:36:12,369][train_tran.train_nn_models] [Training] Epoch=225, loss=2453.4368, nll=2453.4368, l2_reg=0.0000, acc=0.2587
[ 2022-08-31 13:36:12,370][train_tran.train_nn_models] [Validation] Epoch=225, nll=2458.7095, acc=0.2619
[ 2022-08-31 13:36:12,370][train_tran.train_nn_models] Found a better model at epoch 225.
[ 2022-08-31 13:36:20,163][train_tran.train_nn_models] [Training] Epoch=226, loss=2453.3103, nll=2453.3103, l2_reg=0.0000, acc=0.2588
[ 2022-08-31 13:36:20,163][train_tran.train_nn_models] [Validation] Epoch=226, nll=2458.5933, acc=0.2619
[ 2022-08-31 13:36:20,163][train_tran.train_nn_models] Found a better model at epoch 226.
[ 2022-08-31 13:36:28,165][train_tran.train_nn_models] [Training] Epoch=227, loss=2453.1855, nll=2453.1855, l2_reg=0.0000, acc=0.2589
[ 2022-08-31 13:36:28,165][train_tran.train_nn_models] [Validation] Epoch=227, nll=2458.4807, acc=0.2620
[ 2022-08-31 13:36:28,165][train_tran.train_nn_models] Found a better model at epoch 227.
[ 2022-08-31 13:36:36,399][train_tran.train_nn_models] [Training] Epoch=228, loss=2453.0613, nll=2453.0613, l2_reg=0.0000, acc=0.2590
[ 2022-08-31 13:36:36,399][train_tran.train_nn_models] [Validation] Epoch=228, nll=2458.3645, acc=0.2621
[ 2022-08-31 13:36:36,399][train_tran.train_nn_models] Found a better model at epoch 228.
[ 2022-08-31 13:36:44,145][train_tran.train_nn_models] [Training] Epoch=229, loss=2452.9375, nll=2452.9375, l2_reg=0.0000, acc=0.2591
[ 2022-08-31 13:36:44,146][train_tran.train_nn_models] [Validation] Epoch=229, nll=2458.2515, acc=0.2619
[ 2022-08-31 13:36:44,146][train_tran.train_nn_models] Found a better model at epoch 229.
[ 2022-08-31 13:36:52,415][train_tran.train_nn_models] [Training] Epoch=230, loss=2452.8162, nll=2452.8162, l2_reg=0.0000, acc=0.2591
[ 2022-08-31 13:36:52,416][train_tran.train_nn_models] [Validation] Epoch=230, nll=2458.1438, acc=0.2620
[ 2022-08-31 13:36:52,416][train_tran.train_nn_models] Found a better model at epoch 230.
[ 2022-08-31 13:37:00,120][train_tran.train_nn_models] [Training] Epoch=231, loss=2452.6875, nll=2452.6875, l2_reg=0.0000, acc=0.2592
[ 2022-08-31 13:37:00,121][train_tran.train_nn_models] [Validation] Epoch=231, nll=2458.0330, acc=0.2619
[ 2022-08-31 13:37:00,121][train_tran.train_nn_models] Found a better model at epoch 231.
[ 2022-08-31 13:37:08,036][train_tran.train_nn_models] [Training] Epoch=232, loss=2452.5537, nll=2452.5537, l2_reg=0.0000, acc=0.2593
[ 2022-08-31 13:37:08,036][train_tran.train_nn_models] [Validation] Epoch=232, nll=2457.9333, acc=0.2619
[ 2022-08-31 13:37:08,036][train_tran.train_nn_models] Found a better model at epoch 232.
[ 2022-08-31 13:37:15,727][train_tran.train_nn_models] [Training] Epoch=233, loss=2452.4451, nll=2452.4451, l2_reg=0.0000, acc=0.2594
[ 2022-08-31 13:37:15,727][train_tran.train_nn_models] [Validation] Epoch=233, nll=2457.8181, acc=0.2623
[ 2022-08-31 13:37:15,727][train_tran.train_nn_models] Found a better model at epoch 233.
[ 2022-08-31 13:37:24,392][train_tran.train_nn_models] [Training] Epoch=234, loss=2452.3135, nll=2452.3135, l2_reg=0.0000, acc=0.2596
[ 2022-08-31 13:37:24,392][train_tran.train_nn_models] [Validation] Epoch=234, nll=2457.7107, acc=0.2620
[ 2022-08-31 13:37:24,392][train_tran.train_nn_models] Found a better model at epoch 234.
[ 2022-08-31 13:37:32,348][train_tran.train_nn_models] [Training] Epoch=235, loss=2452.2114, nll=2452.2114, l2_reg=0.0000, acc=0.2597
[ 2022-08-31 13:37:32,348][train_tran.train_nn_models] [Validation] Epoch=235, nll=2457.6453, acc=0.2618
[ 2022-08-31 13:37:32,348][train_tran.train_nn_models] Found a better model at epoch 235.
[ 2022-08-31 13:37:40,060][train_tran.train_nn_models] [Training] Epoch=236, loss=2452.2151, nll=2452.2151, l2_reg=0.0000, acc=0.2598
[ 2022-08-31 13:37:40,060][train_tran.train_nn_models] [Validation] Epoch=236, nll=2457.6213, acc=0.2625
[ 2022-08-31 13:37:40,061][train_tran.train_nn_models] Found a better model at epoch 236.
[ 2022-08-31 13:37:48,181][train_tran.train_nn_models] [Training] Epoch=237, loss=2452.0559, nll=2452.0559, l2_reg=0.0000, acc=0.2599
[ 2022-08-31 13:37:48,181][train_tran.train_nn_models] [Validation] Epoch=237, nll=2457.4470, acc=0.2627
[ 2022-08-31 13:37:48,182][train_tran.train_nn_models] Found a better model at epoch 237.
[ 2022-08-31 13:37:56,127][train_tran.train_nn_models] [Training] Epoch=238, loss=2451.8877, nll=2451.8877, l2_reg=0.0000, acc=0.2600
[ 2022-08-31 13:37:56,128][train_tran.train_nn_models] [Validation] Epoch=238, nll=2457.3223, acc=0.2622
[ 2022-08-31 13:37:56,128][train_tran.train_nn_models] Found a better model at epoch 238.
[ 2022-08-31 13:38:04,803][train_tran.train_nn_models] [Training] Epoch=239, loss=2451.7522, nll=2451.7522, l2_reg=0.0000, acc=0.2600
[ 2022-08-31 13:38:04,803][train_tran.train_nn_models] [Validation] Epoch=239, nll=2457.2000, acc=0.2626
[ 2022-08-31 13:38:04,804][train_tran.train_nn_models] Found a better model at epoch 239.
[ 2022-08-31 13:38:13,560][train_tran.train_nn_models] [Training] Epoch=240, loss=2451.6108, nll=2451.6108, l2_reg=0.0000, acc=0.2601
[ 2022-08-31 13:38:13,560][train_tran.train_nn_models] [Validation] Epoch=240, nll=2457.0972, acc=0.2624
[ 2022-08-31 13:38:13,561][train_tran.train_nn_models] Found a better model at epoch 240.
[ 2022-08-31 13:38:21,951][train_tran.train_nn_models] [Training] Epoch=241, loss=2451.4719, nll=2451.4719, l2_reg=0.0000, acc=0.2602
[ 2022-08-31 13:38:21,952][train_tran.train_nn_models] [Validation] Epoch=241, nll=2456.9839, acc=0.2626
[ 2022-08-31 13:38:21,952][train_tran.train_nn_models] Found a better model at epoch 241.
[ 2022-08-31 13:38:30,254][train_tran.train_nn_models] [Training] Epoch=242, loss=2451.3491, nll=2451.3491, l2_reg=0.0000, acc=0.2603
[ 2022-08-31 13:38:30,254][train_tran.train_nn_models] [Validation] Epoch=242, nll=2456.8848, acc=0.2627
[ 2022-08-31 13:38:30,254][train_tran.train_nn_models] Found a better model at epoch 242.
[ 2022-08-31 13:38:38,018][train_tran.train_nn_models] [Training] Epoch=243, loss=2451.2271, nll=2451.2271, l2_reg=0.0000, acc=0.2604
[ 2022-08-31 13:38:38,019][train_tran.train_nn_models] [Validation] Epoch=243, nll=2456.7827, acc=0.2629
[ 2022-08-31 13:38:38,019][train_tran.train_nn_models] Found a better model at epoch 243.
[ 2022-08-31 13:38:46,103][train_tran.train_nn_models] [Training] Epoch=244, loss=2451.1077, nll=2451.1077, l2_reg=0.0000, acc=0.2604
[ 2022-08-31 13:38:46,103][train_tran.train_nn_models] [Validation] Epoch=244, nll=2456.6790, acc=0.2631
[ 2022-08-31 13:38:46,103][train_tran.train_nn_models] Found a better model at epoch 244.
[ 2022-08-31 13:38:54,747][train_tran.train_nn_models] [Training] Epoch=245, loss=2450.9905, nll=2450.9905, l2_reg=0.0000, acc=0.2605
[ 2022-08-31 13:38:54,747][train_tran.train_nn_models] [Validation] Epoch=245, nll=2456.5784, acc=0.2633
[ 2022-08-31 13:38:54,747][train_tran.train_nn_models] Found a better model at epoch 245.
[ 2022-08-31 13:39:02,996][train_tran.train_nn_models] [Training] Epoch=246, loss=2450.8767, nll=2450.8767, l2_reg=0.0000, acc=0.2607
[ 2022-08-31 13:39:02,996][train_tran.train_nn_models] [Validation] Epoch=246, nll=2456.4792, acc=0.2630
[ 2022-08-31 13:39:02,996][train_tran.train_nn_models] Found a better model at epoch 246.
[ 2022-08-31 13:39:09,103][train_tran.train_nn_models] [Training] Epoch=247, loss=2450.7656, nll=2450.7656, l2_reg=0.0000, acc=0.2608
[ 2022-08-31 13:39:09,104][train_tran.train_nn_models] [Validation] Epoch=247, nll=2456.3877, acc=0.2628
[ 2022-08-31 13:39:09,104][train_tran.train_nn_models] Found a better model at epoch 247.
[ 2022-08-31 13:39:15,611][train_tran.train_nn_models] [Training] Epoch=248, loss=2450.6567, nll=2450.6567, l2_reg=0.0000, acc=0.2610
[ 2022-08-31 13:39:15,611][train_tran.train_nn_models] [Validation] Epoch=248, nll=2456.2898, acc=0.2628
[ 2022-08-31 13:39:15,611][train_tran.train_nn_models] Found a better model at epoch 248.
[ 2022-08-31 13:39:26,533][train_tran.train_nn_models] [Training] Epoch=249, loss=2450.5427, nll=2450.5427, l2_reg=0.0000, acc=0.2611
[ 2022-08-31 13:39:26,534][train_tran.train_nn_models] [Validation] Epoch=249, nll=2456.1938, acc=0.2631
[ 2022-08-31 13:39:26,534][train_tran.train_nn_models] Found a better model at epoch 249.
[ 2022-08-31 13:39:27,722][train_tran.eval_nll] [Test]nll=2443.4651, acc=0.2620
[ 2022-08-31 14:16:37,835][train_tran.<module>]                    timestamp  ...                                             config
0 2022-08-31 14:16:37.807652  ...  {'model': 'Tran', 'dataset': 'mhp-1K-10', 'inp...
1 2022-08-31 14:16:37.807652  ...  {'model': 'Tran', 'dataset': 'mhp-1K-10', 'inp...
2 2022-08-31 14:16:37.807652  ...  {'model': 'Tran', 'dataset': 'mhp-1K-10', 'inp...
3 2022-08-31 14:16:37.807652  ...  {'model': 'Tran', 'dataset': 'mhp-1K-10', 'inp...
4 2022-08-31 14:16:37.807652  ...  {'model': 'Tran', 'dataset': 'mhp-1K-10', 'inp...
5 2022-08-31 14:16:37.807652  ...  {'model': 'Tran', 'dataset': 'mhp-1K-10', 'inp...

[6 rows x 7 columns]
