[ 2022-08-31 08:14:35,798][train_tran.<module>] Namespace(attr_batch_size=0, basis_type='dyadic', batch_size=64, bucket_seqs=False, cuda=True, dataset='pgem-1K-15', dropout=0.0, embedding_dim=64, epochs=250, hidden_size=64, input_dir='data/input', l2_reg=0, lr=0.0008, max_mean=20.0, model='Tran', n_bases=7, num_workers=0, occurred_type_only=False, optimizer='Adam', output_dir='data/output', rand_seed=1, skip_eval_infectivity=False, skip_pred_next_event=False, split_id=2, steps=50, tran_head=1, tran_layer=2, tune_metric='nll', verbose=False)
[ 2022-08-31 08:14:37,848][train_tran.train_nn_models] [Training] Epoch=0, loss=24536.0703, nll=24536.0703, l2_reg=0.0000, acc=0.0494
[ 2022-08-31 08:14:37,848][train_tran.train_nn_models] [Validation] Epoch=0, nll=14217.2910, acc=0.0238
[ 2022-08-31 08:14:39,692][train_tran.train_nn_models] [Training] Epoch=1, loss=8481.7998, nll=8481.7998, l2_reg=0.0000, acc=0.0235
[ 2022-08-31 08:14:39,693][train_tran.train_nn_models] [Validation] Epoch=1, nll=3154.0527, acc=0.0234
[ 2022-08-31 08:14:41,431][train_tran.train_nn_models] [Training] Epoch=2, loss=2041.0247, nll=2041.0247, l2_reg=0.0000, acc=0.0260
[ 2022-08-31 08:14:41,431][train_tran.train_nn_models] [Validation] Epoch=2, nll=1449.6085, acc=0.0298
[ 2022-08-31 08:14:43,170][train_tran.train_nn_models] [Training] Epoch=3, loss=1401.0714, nll=1401.0714, l2_reg=0.0000, acc=0.0922
[ 2022-08-31 08:14:43,170][train_tran.train_nn_models] [Validation] Epoch=3, nll=1347.5164, acc=0.1762
[ 2022-08-31 08:14:44,982][train_tran.train_nn_models] [Training] Epoch=4, loss=1306.3855, nll=1306.3855, l2_reg=0.0000, acc=0.1791
[ 2022-08-31 08:14:44,982][train_tran.train_nn_models] [Validation] Epoch=4, nll=1268.5688, acc=0.1844
[ 2022-08-31 08:14:46,763][train_tran.train_nn_models] [Training] Epoch=5, loss=1255.3127, nll=1255.3127, l2_reg=0.0000, acc=0.1854
[ 2022-08-31 08:14:46,764][train_tran.train_nn_models] [Validation] Epoch=5, nll=1245.7090, acc=0.1878
[ 2022-08-31 08:14:48,420][train_tran.train_nn_models] [Training] Epoch=6, loss=1240.9469, nll=1240.9469, l2_reg=0.0000, acc=0.1864
[ 2022-08-31 08:14:48,421][train_tran.train_nn_models] [Validation] Epoch=6, nll=1240.5006, acc=0.1873
[ 2022-08-31 08:14:50,114][train_tran.train_nn_models] [Training] Epoch=7, loss=1235.3716, nll=1235.3716, l2_reg=0.0000, acc=0.1866
[ 2022-08-31 08:14:50,115][train_tran.train_nn_models] [Validation] Epoch=7, nll=1236.1143, acc=0.1885
[ 2022-08-31 08:14:51,862][train_tran.train_nn_models] [Training] Epoch=8, loss=1232.5486, nll=1232.5486, l2_reg=0.0000, acc=0.1862
[ 2022-08-31 08:14:51,862][train_tran.train_nn_models] [Validation] Epoch=8, nll=1233.8438, acc=0.1891
[ 2022-08-31 08:14:53,602][train_tran.train_nn_models] [Training] Epoch=9, loss=1230.6260, nll=1230.6260, l2_reg=0.0000, acc=0.1864
[ 2022-08-31 08:14:53,602][train_tran.train_nn_models] [Validation] Epoch=9, nll=1232.4525, acc=0.1870
[ 2022-08-31 08:14:55,333][train_tran.train_nn_models] [Training] Epoch=10, loss=1229.1342, nll=1229.1342, l2_reg=0.0000, acc=0.1871
[ 2022-08-31 08:14:55,334][train_tran.train_nn_models] [Validation] Epoch=10, nll=1231.2192, acc=0.1874
[ 2022-08-31 08:14:57,062][train_tran.train_nn_models] [Training] Epoch=11, loss=1227.9895, nll=1227.9895, l2_reg=0.0000, acc=0.1866
[ 2022-08-31 08:14:57,063][train_tran.train_nn_models] [Validation] Epoch=11, nll=1230.1993, acc=0.1872
[ 2022-08-31 08:14:58,699][train_tran.train_nn_models] [Training] Epoch=12, loss=1227.1047, nll=1227.1047, l2_reg=0.0000, acc=0.1869
[ 2022-08-31 08:14:58,700][train_tran.train_nn_models] [Validation] Epoch=12, nll=1229.4952, acc=0.1866
[ 2022-08-31 08:15:00,374][train_tran.train_nn_models] [Training] Epoch=13, loss=1226.4399, nll=1226.4399, l2_reg=0.0000, acc=0.1871
[ 2022-08-31 08:15:00,374][train_tran.train_nn_models] [Validation] Epoch=13, nll=1228.9235, acc=0.1868
[ 2022-08-31 08:15:02,045][train_tran.train_nn_models] [Training] Epoch=14, loss=1225.9093, nll=1225.9093, l2_reg=0.0000, acc=0.1875
[ 2022-08-31 08:15:02,045][train_tran.train_nn_models] [Validation] Epoch=14, nll=1228.4427, acc=0.1856
[ 2022-08-31 08:15:03,770][train_tran.train_nn_models] [Training] Epoch=15, loss=1225.4650, nll=1225.4650, l2_reg=0.0000, acc=0.1878
[ 2022-08-31 08:15:03,770][train_tran.train_nn_models] [Validation] Epoch=15, nll=1228.0490, acc=0.1858
[ 2022-08-31 08:15:05,528][train_tran.train_nn_models] [Training] Epoch=16, loss=1225.0859, nll=1225.0859, l2_reg=0.0000, acc=0.1877
[ 2022-08-31 08:15:05,528][train_tran.train_nn_models] [Validation] Epoch=16, nll=1227.7090, acc=0.1852
[ 2022-08-31 08:15:07,319][train_tran.train_nn_models] [Training] Epoch=17, loss=1224.7543, nll=1224.7543, l2_reg=0.0000, acc=0.1877
[ 2022-08-31 08:15:07,319][train_tran.train_nn_models] [Validation] Epoch=17, nll=1227.4138, acc=0.1849
[ 2022-08-31 08:15:09,048][train_tran.train_nn_models] [Training] Epoch=18, loss=1224.4585, nll=1224.4585, l2_reg=0.0000, acc=0.1873
[ 2022-08-31 08:15:09,048][train_tran.train_nn_models] [Validation] Epoch=18, nll=1227.1530, acc=0.1847
[ 2022-08-31 08:15:10,739][train_tran.train_nn_models] [Training] Epoch=19, loss=1224.1896, nll=1224.1896, l2_reg=0.0000, acc=0.1874
[ 2022-08-31 08:15:10,739][train_tran.train_nn_models] [Validation] Epoch=19, nll=1226.9174, acc=0.1850
[ 2022-08-31 08:15:12,531][train_tran.train_nn_models] [Training] Epoch=20, loss=1223.9414, nll=1223.9414, l2_reg=0.0000, acc=0.1872
[ 2022-08-31 08:15:12,531][train_tran.train_nn_models] [Validation] Epoch=20, nll=1226.7032, acc=0.1841
[ 2022-08-31 08:15:14,379][train_tran.train_nn_models] [Training] Epoch=21, loss=1223.7103, nll=1223.7103, l2_reg=0.0000, acc=0.1873
[ 2022-08-31 08:15:14,380][train_tran.train_nn_models] [Validation] Epoch=21, nll=1226.5068, acc=0.1849
[ 2022-08-31 08:15:16,137][train_tran.train_nn_models] [Training] Epoch=22, loss=1223.4951, nll=1223.4951, l2_reg=0.0000, acc=0.1878
[ 2022-08-31 08:15:16,138][train_tran.train_nn_models] [Validation] Epoch=22, nll=1226.3280, acc=0.1847
[ 2022-08-31 08:15:17,859][train_tran.train_nn_models] [Training] Epoch=23, loss=1223.2974, nll=1223.2974, l2_reg=0.0000, acc=0.1879
[ 2022-08-31 08:15:17,860][train_tran.train_nn_models] [Validation] Epoch=23, nll=1226.1670, acc=0.1854
[ 2022-08-31 08:15:19,699][train_tran.train_nn_models] [Training] Epoch=24, loss=1223.1196, nll=1223.1196, l2_reg=0.0000, acc=0.1879
[ 2022-08-31 08:15:19,699][train_tran.train_nn_models] [Validation] Epoch=24, nll=1226.0250, acc=0.1836
[ 2022-08-31 08:15:21,451][train_tran.train_nn_models] [Training] Epoch=25, loss=1222.9642, nll=1222.9642, l2_reg=0.0000, acc=0.1879
[ 2022-08-31 08:15:21,452][train_tran.train_nn_models] [Validation] Epoch=25, nll=1225.9019, acc=0.1843
[ 2022-08-31 08:15:23,249][train_tran.train_nn_models] [Training] Epoch=26, loss=1222.8306, nll=1222.8306, l2_reg=0.0000, acc=0.1877
[ 2022-08-31 08:15:23,249][train_tran.train_nn_models] [Validation] Epoch=26, nll=1225.7957, acc=0.1848
[ 2022-08-31 08:15:24,935][train_tran.train_nn_models] [Training] Epoch=27, loss=1222.7166, nll=1222.7166, l2_reg=0.0000, acc=0.1876
[ 2022-08-31 08:15:24,935][train_tran.train_nn_models] [Validation] Epoch=27, nll=1225.7046, acc=0.1849
[ 2022-08-31 08:15:26,641][train_tran.train_nn_models] [Training] Epoch=28, loss=1222.6187, nll=1222.6187, l2_reg=0.0000, acc=0.1877
[ 2022-08-31 08:15:26,641][train_tran.train_nn_models] [Validation] Epoch=28, nll=1225.6257, acc=0.1851
[ 2022-08-31 08:15:28,372][train_tran.train_nn_models] [Training] Epoch=29, loss=1222.5339, nll=1222.5339, l2_reg=0.0000, acc=0.1877
[ 2022-08-31 08:15:28,373][train_tran.train_nn_models] [Validation] Epoch=29, nll=1225.5570, acc=0.1856
[ 2022-08-31 08:15:30,081][train_tran.train_nn_models] [Training] Epoch=30, loss=1222.4592, nll=1222.4592, l2_reg=0.0000, acc=0.1875
[ 2022-08-31 08:15:30,081][train_tran.train_nn_models] [Validation] Epoch=30, nll=1225.4961, acc=0.1853
[ 2022-08-31 08:15:31,821][train_tran.train_nn_models] [Training] Epoch=31, loss=1222.3926, nll=1222.3926, l2_reg=0.0000, acc=0.1873
[ 2022-08-31 08:15:31,821][train_tran.train_nn_models] [Validation] Epoch=31, nll=1225.4413, acc=0.1851
[ 2022-08-31 08:15:33,547][train_tran.train_nn_models] [Training] Epoch=32, loss=1222.3318, nll=1222.3318, l2_reg=0.0000, acc=0.1874
[ 2022-08-31 08:15:33,547][train_tran.train_nn_models] [Validation] Epoch=32, nll=1225.3915, acc=0.1840
[ 2022-08-31 08:15:35,233][train_tran.train_nn_models] [Training] Epoch=33, loss=1222.2762, nll=1222.2762, l2_reg=0.0000, acc=0.1874
[ 2022-08-31 08:15:35,233][train_tran.train_nn_models] [Validation] Epoch=33, nll=1225.3455, acc=0.1841
[ 2022-08-31 08:15:36,929][train_tran.train_nn_models] [Training] Epoch=34, loss=1222.2245, nll=1222.2245, l2_reg=0.0000, acc=0.1877
[ 2022-08-31 08:15:36,930][train_tran.train_nn_models] [Validation] Epoch=34, nll=1225.3030, acc=0.1839
[ 2022-08-31 08:15:38,664][train_tran.train_nn_models] [Training] Epoch=35, loss=1222.1758, nll=1222.1758, l2_reg=0.0000, acc=0.1875
[ 2022-08-31 08:15:38,665][train_tran.train_nn_models] [Validation] Epoch=35, nll=1225.2633, acc=0.1846
[ 2022-08-31 08:15:40,392][train_tran.train_nn_models] [Training] Epoch=36, loss=1222.1296, nll=1222.1296, l2_reg=0.0000, acc=0.1876
[ 2022-08-31 08:15:40,392][train_tran.train_nn_models] [Validation] Epoch=36, nll=1225.2256, acc=0.1842
[ 2022-08-31 08:15:42,144][train_tran.train_nn_models] [Training] Epoch=37, loss=1222.0853, nll=1222.0853, l2_reg=0.0000, acc=0.1877
[ 2022-08-31 08:15:42,144][train_tran.train_nn_models] [Validation] Epoch=37, nll=1225.1898, acc=0.1847
[ 2022-08-31 08:15:43,848][train_tran.train_nn_models] [Training] Epoch=38, loss=1222.0426, nll=1222.0426, l2_reg=0.0000, acc=0.1879
[ 2022-08-31 08:15:43,849][train_tran.train_nn_models] [Validation] Epoch=38, nll=1225.1558, acc=0.1851
[ 2022-08-31 08:15:45,627][train_tran.train_nn_models] [Training] Epoch=39, loss=1222.0011, nll=1222.0011, l2_reg=0.0000, acc=0.1878
[ 2022-08-31 08:15:45,627][train_tran.train_nn_models] [Validation] Epoch=39, nll=1225.1233, acc=0.1852
[ 2022-08-31 08:15:47,434][train_tran.train_nn_models] [Training] Epoch=40, loss=1221.9611, nll=1221.9611, l2_reg=0.0000, acc=0.1874
[ 2022-08-31 08:15:47,435][train_tran.train_nn_models] [Validation] Epoch=40, nll=1225.0919, acc=0.1847
[ 2022-08-31 08:15:49,182][train_tran.train_nn_models] [Training] Epoch=41, loss=1221.9215, nll=1221.9215, l2_reg=0.0000, acc=0.1873
[ 2022-08-31 08:15:49,183][train_tran.train_nn_models] [Validation] Epoch=41, nll=1225.0614, acc=0.1844
[ 2022-08-31 08:15:50,900][train_tran.train_nn_models] [Training] Epoch=42, loss=1221.8827, nll=1221.8827, l2_reg=0.0000, acc=0.1876
[ 2022-08-31 08:15:50,900][train_tran.train_nn_models] [Validation] Epoch=42, nll=1225.0314, acc=0.1844
[ 2022-08-31 08:15:52,574][train_tran.train_nn_models] [Training] Epoch=43, loss=1221.8444, nll=1221.8444, l2_reg=0.0000, acc=0.1875
[ 2022-08-31 08:15:52,575][train_tran.train_nn_models] [Validation] Epoch=43, nll=1225.0024, acc=0.1840
[ 2022-08-31 08:15:54,314][train_tran.train_nn_models] [Training] Epoch=44, loss=1221.8065, nll=1221.8065, l2_reg=0.0000, acc=0.1877
[ 2022-08-31 08:15:54,315][train_tran.train_nn_models] [Validation] Epoch=44, nll=1224.9744, acc=0.1847
[ 2022-08-31 08:15:56,130][train_tran.train_nn_models] [Training] Epoch=45, loss=1221.7693, nll=1221.7693, l2_reg=0.0000, acc=0.1881
[ 2022-08-31 08:15:56,130][train_tran.train_nn_models] [Validation] Epoch=45, nll=1224.9468, acc=0.1850
[ 2022-08-31 08:15:57,885][train_tran.train_nn_models] [Training] Epoch=46, loss=1221.7322, nll=1221.7322, l2_reg=0.0000, acc=0.1879
[ 2022-08-31 08:15:57,885][train_tran.train_nn_models] [Validation] Epoch=46, nll=1224.9199, acc=0.1843
[ 2022-08-31 08:15:59,582][train_tran.train_nn_models] [Training] Epoch=47, loss=1221.6956, nll=1221.6956, l2_reg=0.0000, acc=0.1880
[ 2022-08-31 08:15:59,583][train_tran.train_nn_models] [Validation] Epoch=47, nll=1224.8933, acc=0.1847
[ 2022-08-31 08:16:01,266][train_tran.train_nn_models] [Training] Epoch=48, loss=1221.6588, nll=1221.6588, l2_reg=0.0000, acc=0.1880
[ 2022-08-31 08:16:01,266][train_tran.train_nn_models] [Validation] Epoch=48, nll=1224.8668, acc=0.1848
[ 2022-08-31 08:16:02,934][train_tran.train_nn_models] [Training] Epoch=49, loss=1221.6223, nll=1221.6223, l2_reg=0.0000, acc=0.1880
[ 2022-08-31 08:16:02,934][train_tran.train_nn_models] [Validation] Epoch=49, nll=1224.8408, acc=0.1851
[ 2022-08-31 08:16:04,616][train_tran.train_nn_models] [Training] Epoch=50, loss=1221.5858, nll=1221.5858, l2_reg=0.0000, acc=0.1880
[ 2022-08-31 08:16:04,616][train_tran.train_nn_models] [Validation] Epoch=50, nll=1224.8143, acc=0.1854
[ 2022-08-31 08:16:06,386][train_tran.train_nn_models] [Training] Epoch=51, loss=1221.5492, nll=1221.5492, l2_reg=0.0000, acc=0.1883
[ 2022-08-31 08:16:06,386][train_tran.train_nn_models] [Validation] Epoch=51, nll=1224.7877, acc=0.1852
[ 2022-08-31 08:16:08,420][train_tran.train_nn_models] [Training] Epoch=52, loss=1221.5125, nll=1221.5125, l2_reg=0.0000, acc=0.1879
[ 2022-08-31 08:16:08,421][train_tran.train_nn_models] [Validation] Epoch=52, nll=1224.7610, acc=0.1851
[ 2022-08-31 08:16:10,097][train_tran.train_nn_models] [Training] Epoch=53, loss=1221.4753, nll=1221.4753, l2_reg=0.0000, acc=0.1881
[ 2022-08-31 08:16:10,097][train_tran.train_nn_models] [Validation] Epoch=53, nll=1224.7340, acc=0.1842
[ 2022-08-31 08:16:11,761][train_tran.train_nn_models] [Training] Epoch=54, loss=1221.4380, nll=1221.4380, l2_reg=0.0000, acc=0.1881
[ 2022-08-31 08:16:11,762][train_tran.train_nn_models] [Validation] Epoch=54, nll=1224.7063, acc=0.1845
[ 2022-08-31 08:16:13,571][train_tran.train_nn_models] [Training] Epoch=55, loss=1221.4000, nll=1221.4000, l2_reg=0.0000, acc=0.1882
[ 2022-08-31 08:16:13,571][train_tran.train_nn_models] [Validation] Epoch=55, nll=1224.6782, acc=0.1852
[ 2022-08-31 08:16:15,324][train_tran.train_nn_models] [Training] Epoch=56, loss=1221.3622, nll=1221.3622, l2_reg=0.0000, acc=0.1881
[ 2022-08-31 08:16:15,324][train_tran.train_nn_models] [Validation] Epoch=56, nll=1224.6505, acc=0.1855
[ 2022-08-31 08:16:17,010][train_tran.train_nn_models] [Training] Epoch=57, loss=1221.3250, nll=1221.3250, l2_reg=0.0000, acc=0.1881
[ 2022-08-31 08:16:17,011][train_tran.train_nn_models] [Validation] Epoch=57, nll=1224.6233, acc=0.1857
[ 2022-08-31 08:16:18,698][train_tran.train_nn_models] [Training] Epoch=58, loss=1221.2881, nll=1221.2881, l2_reg=0.0000, acc=0.1882
[ 2022-08-31 08:16:18,699][train_tran.train_nn_models] [Validation] Epoch=58, nll=1224.5964, acc=0.1853
[ 2022-08-31 08:16:20,371][train_tran.train_nn_models] [Training] Epoch=59, loss=1221.2510, nll=1221.2510, l2_reg=0.0000, acc=0.1881
[ 2022-08-31 08:16:20,371][train_tran.train_nn_models] [Validation] Epoch=59, nll=1224.5690, acc=0.1854
[ 2022-08-31 08:16:22,054][train_tran.train_nn_models] [Training] Epoch=60, loss=1221.2140, nll=1221.2140, l2_reg=0.0000, acc=0.1883
[ 2022-08-31 08:16:22,054][train_tran.train_nn_models] [Validation] Epoch=60, nll=1224.5419, acc=0.1856
[ 2022-08-31 08:16:23,879][train_tran.train_nn_models] [Training] Epoch=61, loss=1221.1766, nll=1221.1766, l2_reg=0.0000, acc=0.1885
[ 2022-08-31 08:16:23,879][train_tran.train_nn_models] [Validation] Epoch=61, nll=1224.5144, acc=0.1860
[ 2022-08-31 08:16:25,561][train_tran.train_nn_models] [Training] Epoch=62, loss=1221.1389, nll=1221.1389, l2_reg=0.0000, acc=0.1882
[ 2022-08-31 08:16:25,562][train_tran.train_nn_models] [Validation] Epoch=62, nll=1224.4871, acc=0.1861
[ 2022-08-31 08:16:27,303][train_tran.train_nn_models] [Training] Epoch=63, loss=1221.1007, nll=1221.1007, l2_reg=0.0000, acc=0.1884
[ 2022-08-31 08:16:27,303][train_tran.train_nn_models] [Validation] Epoch=63, nll=1224.4592, acc=0.1855
[ 2022-08-31 08:16:28,974][train_tran.train_nn_models] [Training] Epoch=64, loss=1221.0620, nll=1221.0620, l2_reg=0.0000, acc=0.1886
[ 2022-08-31 08:16:28,975][train_tran.train_nn_models] [Validation] Epoch=64, nll=1224.4310, acc=0.1855
[ 2022-08-31 08:16:30,653][train_tran.train_nn_models] [Training] Epoch=65, loss=1221.0234, nll=1221.0234, l2_reg=0.0000, acc=0.1888
[ 2022-08-31 08:16:30,654][train_tran.train_nn_models] [Validation] Epoch=65, nll=1224.4032, acc=0.1855
[ 2022-08-31 08:16:32,420][train_tran.train_nn_models] [Training] Epoch=66, loss=1220.9846, nll=1220.9846, l2_reg=0.0000, acc=0.1887
[ 2022-08-31 08:16:32,420][train_tran.train_nn_models] [Validation] Epoch=66, nll=1224.3750, acc=0.1857
[ 2022-08-31 08:16:34,221][train_tran.train_nn_models] [Training] Epoch=67, loss=1220.9456, nll=1220.9456, l2_reg=0.0000, acc=0.1886
[ 2022-08-31 08:16:34,222][train_tran.train_nn_models] [Validation] Epoch=67, nll=1224.3470, acc=0.1858
[ 2022-08-31 08:16:35,959][train_tran.train_nn_models] [Training] Epoch=68, loss=1220.9069, nll=1220.9069, l2_reg=0.0000, acc=0.1889
[ 2022-08-31 08:16:35,960][train_tran.train_nn_models] [Validation] Epoch=68, nll=1224.3197, acc=0.1854
[ 2022-08-31 08:16:37,671][train_tran.train_nn_models] [Training] Epoch=69, loss=1220.8680, nll=1220.8680, l2_reg=0.0000, acc=0.1890
[ 2022-08-31 08:16:37,671][train_tran.train_nn_models] [Validation] Epoch=69, nll=1224.2922, acc=0.1854
[ 2022-08-31 08:16:39,398][train_tran.train_nn_models] [Training] Epoch=70, loss=1220.8295, nll=1220.8295, l2_reg=0.0000, acc=0.1890
[ 2022-08-31 08:16:39,398][train_tran.train_nn_models] [Validation] Epoch=70, nll=1224.2656, acc=0.1848
[ 2022-08-31 08:16:41,088][train_tran.train_nn_models] [Training] Epoch=71, loss=1220.7913, nll=1220.7913, l2_reg=0.0000, acc=0.1892
[ 2022-08-31 08:16:41,089][train_tran.train_nn_models] [Validation] Epoch=71, nll=1224.2395, acc=0.1848
[ 2022-08-31 08:16:42,823][train_tran.train_nn_models] [Training] Epoch=72, loss=1220.7532, nll=1220.7532, l2_reg=0.0000, acc=0.1893
[ 2022-08-31 08:16:42,823][train_tran.train_nn_models] [Validation] Epoch=72, nll=1224.2140, acc=0.1858
[ 2022-08-31 08:16:44,520][train_tran.train_nn_models] [Training] Epoch=73, loss=1220.7155, nll=1220.7155, l2_reg=0.0000, acc=0.1893
[ 2022-08-31 08:16:44,520][train_tran.train_nn_models] [Validation] Epoch=73, nll=1224.1892, acc=0.1860
[ 2022-08-31 08:16:46,264][train_tran.train_nn_models] [Training] Epoch=74, loss=1220.6781, nll=1220.6781, l2_reg=0.0000, acc=0.1895
[ 2022-08-31 08:16:46,264][train_tran.train_nn_models] [Validation] Epoch=74, nll=1224.1648, acc=0.1862
[ 2022-08-31 08:16:47,940][train_tran.train_nn_models] [Training] Epoch=75, loss=1220.6406, nll=1220.6406, l2_reg=0.0000, acc=0.1896
[ 2022-08-31 08:16:47,940][train_tran.train_nn_models] [Validation] Epoch=75, nll=1224.1410, acc=0.1867
[ 2022-08-31 08:16:49,619][train_tran.train_nn_models] [Training] Epoch=76, loss=1220.6029, nll=1220.6029, l2_reg=0.0000, acc=0.1897
[ 2022-08-31 08:16:49,619][train_tran.train_nn_models] [Validation] Epoch=76, nll=1224.1173, acc=0.1869
[ 2022-08-31 08:16:51,267][train_tran.train_nn_models] [Training] Epoch=77, loss=1220.5652, nll=1220.5652, l2_reg=0.0000, acc=0.1897
[ 2022-08-31 08:16:51,267][train_tran.train_nn_models] [Validation] Epoch=77, nll=1224.0936, acc=0.1868
[ 2022-08-31 08:16:52,985][train_tran.train_nn_models] [Training] Epoch=78, loss=1220.5272, nll=1220.5272, l2_reg=0.0000, acc=0.1895
[ 2022-08-31 08:16:52,985][train_tran.train_nn_models] [Validation] Epoch=78, nll=1224.0702, acc=0.1869
[ 2022-08-31 08:16:54,695][train_tran.train_nn_models] [Training] Epoch=79, loss=1220.4888, nll=1220.4888, l2_reg=0.0000, acc=0.1895
[ 2022-08-31 08:16:54,695][train_tran.train_nn_models] [Validation] Epoch=79, nll=1224.0461, acc=0.1869
[ 2022-08-31 08:16:56,406][train_tran.train_nn_models] [Training] Epoch=80, loss=1220.4492, nll=1220.4492, l2_reg=0.0000, acc=0.1894
[ 2022-08-31 08:16:56,406][train_tran.train_nn_models] [Validation] Epoch=80, nll=1224.0217, acc=0.1866
[ 2022-08-31 08:16:58,133][train_tran.train_nn_models] [Training] Epoch=81, loss=1220.4091, nll=1220.4091, l2_reg=0.0000, acc=0.1893
[ 2022-08-31 08:16:58,133][train_tran.train_nn_models] [Validation] Epoch=81, nll=1223.9961, acc=0.1862
[ 2022-08-31 08:16:59,860][train_tran.train_nn_models] [Training] Epoch=82, loss=1220.3679, nll=1220.3679, l2_reg=0.0000, acc=0.1894
[ 2022-08-31 08:16:59,860][train_tran.train_nn_models] [Validation] Epoch=82, nll=1223.9692, acc=0.1862
[ 2022-08-31 08:17:01,544][train_tran.train_nn_models] [Training] Epoch=83, loss=1220.3254, nll=1220.3254, l2_reg=0.0000, acc=0.1897
[ 2022-08-31 08:17:01,545][train_tran.train_nn_models] [Validation] Epoch=83, nll=1223.9414, acc=0.1863
[ 2022-08-31 08:17:03,336][train_tran.train_nn_models] [Training] Epoch=84, loss=1220.2815, nll=1220.2815, l2_reg=0.0000, acc=0.1899
[ 2022-08-31 08:17:03,336][train_tran.train_nn_models] [Validation] Epoch=84, nll=1223.9117, acc=0.1864
[ 2022-08-31 08:17:04,968][train_tran.train_nn_models] [Training] Epoch=85, loss=1220.2356, nll=1220.2356, l2_reg=0.0000, acc=0.1898
[ 2022-08-31 08:17:04,968][train_tran.train_nn_models] [Validation] Epoch=85, nll=1223.8811, acc=0.1862
[ 2022-08-31 08:17:06,692][train_tran.train_nn_models] [Training] Epoch=86, loss=1220.1880, nll=1220.1880, l2_reg=0.0000, acc=0.1900
[ 2022-08-31 08:17:06,692][train_tran.train_nn_models] [Validation] Epoch=86, nll=1223.8499, acc=0.1867
[ 2022-08-31 08:17:08,387][train_tran.train_nn_models] [Training] Epoch=87, loss=1220.1390, nll=1220.1390, l2_reg=0.0000, acc=0.1897
[ 2022-08-31 08:17:08,387][train_tran.train_nn_models] [Validation] Epoch=87, nll=1223.8168, acc=0.1866
[ 2022-08-31 08:17:10,081][train_tran.train_nn_models] [Training] Epoch=88, loss=1220.0895, nll=1220.0895, l2_reg=0.0000, acc=0.1899
[ 2022-08-31 08:17:10,082][train_tran.train_nn_models] [Validation] Epoch=88, nll=1223.7799, acc=0.1868
[ 2022-08-31 08:17:11,832][train_tran.train_nn_models] [Training] Epoch=89, loss=1220.0385, nll=1220.0385, l2_reg=0.0000, acc=0.1897
[ 2022-08-31 08:17:11,832][train_tran.train_nn_models] [Validation] Epoch=89, nll=1223.7394, acc=0.1868
[ 2022-08-31 08:17:13,583][train_tran.train_nn_models] [Training] Epoch=90, loss=1219.9858, nll=1219.9858, l2_reg=0.0000, acc=0.1899
[ 2022-08-31 08:17:13,583][train_tran.train_nn_models] [Validation] Epoch=90, nll=1223.6954, acc=0.1865
[ 2022-08-31 08:17:15,341][train_tran.train_nn_models] [Training] Epoch=91, loss=1219.9312, nll=1219.9312, l2_reg=0.0000, acc=0.1901
[ 2022-08-31 08:17:15,341][train_tran.train_nn_models] [Validation] Epoch=91, nll=1223.6475, acc=0.1863
[ 2022-08-31 08:17:17,068][train_tran.train_nn_models] [Training] Epoch=92, loss=1219.8746, nll=1219.8746, l2_reg=0.0000, acc=0.1901
[ 2022-08-31 08:17:17,068][train_tran.train_nn_models] [Validation] Epoch=92, nll=1223.5958, acc=0.1866
[ 2022-08-31 08:17:18,815][train_tran.train_nn_models] [Training] Epoch=93, loss=1219.8158, nll=1219.8158, l2_reg=0.0000, acc=0.1903
[ 2022-08-31 08:17:18,816][train_tran.train_nn_models] [Validation] Epoch=93, nll=1223.5396, acc=0.1862
[ 2022-08-31 08:17:20,584][train_tran.train_nn_models] [Training] Epoch=94, loss=1219.7546, nll=1219.7546, l2_reg=0.0000, acc=0.1903
[ 2022-08-31 08:17:20,584][train_tran.train_nn_models] [Validation] Epoch=94, nll=1223.4789, acc=0.1863
[ 2022-08-31 08:17:22,392][train_tran.train_nn_models] [Training] Epoch=95, loss=1219.6913, nll=1219.6913, l2_reg=0.0000, acc=0.1904
[ 2022-08-31 08:17:22,393][train_tran.train_nn_models] [Validation] Epoch=95, nll=1223.4133, acc=0.1862
[ 2022-08-31 08:17:24,181][train_tran.train_nn_models] [Training] Epoch=96, loss=1219.6255, nll=1219.6255, l2_reg=0.0000, acc=0.1903
[ 2022-08-31 08:17:24,182][train_tran.train_nn_models] [Validation] Epoch=96, nll=1223.3425, acc=0.1856
[ 2022-08-31 08:17:25,852][train_tran.train_nn_models] [Training] Epoch=97, loss=1219.5566, nll=1219.5566, l2_reg=0.0000, acc=0.1902
[ 2022-08-31 08:17:25,852][train_tran.train_nn_models] [Validation] Epoch=97, nll=1223.2670, acc=0.1856
[ 2022-08-31 08:17:27,544][train_tran.train_nn_models] [Training] Epoch=98, loss=1219.4851, nll=1219.4851, l2_reg=0.0000, acc=0.1905
[ 2022-08-31 08:17:27,545][train_tran.train_nn_models] [Validation] Epoch=98, nll=1223.1855, acc=0.1860
[ 2022-08-31 08:17:29,319][train_tran.train_nn_models] [Training] Epoch=99, loss=1219.4097, nll=1219.4097, l2_reg=0.0000, acc=0.1905
[ 2022-08-31 08:17:29,320][train_tran.train_nn_models] [Validation] Epoch=99, nll=1223.0981, acc=0.1866
[ 2022-08-31 08:17:31,106][train_tran.train_nn_models] [Training] Epoch=100, loss=1219.3301, nll=1219.3301, l2_reg=0.0000, acc=0.1906
[ 2022-08-31 08:17:31,106][train_tran.train_nn_models] [Validation] Epoch=100, nll=1223.0033, acc=0.1868
[ 2022-08-31 08:17:32,847][train_tran.train_nn_models] [Training] Epoch=101, loss=1219.2458, nll=1219.2458, l2_reg=0.0000, acc=0.1909
[ 2022-08-31 08:17:32,848][train_tran.train_nn_models] [Validation] Epoch=101, nll=1222.9014, acc=0.1877
[ 2022-08-31 08:17:34,541][train_tran.train_nn_models] [Training] Epoch=102, loss=1219.1564, nll=1219.1564, l2_reg=0.0000, acc=0.1906
[ 2022-08-31 08:17:34,542][train_tran.train_nn_models] [Validation] Epoch=102, nll=1222.7911, acc=0.1879
[ 2022-08-31 08:17:36,282][train_tran.train_nn_models] [Training] Epoch=103, loss=1219.0601, nll=1219.0601, l2_reg=0.0000, acc=0.1906
[ 2022-08-31 08:17:36,282][train_tran.train_nn_models] [Validation] Epoch=103, nll=1222.6714, acc=0.1882
[ 2022-08-31 08:17:38,052][train_tran.train_nn_models] [Training] Epoch=104, loss=1218.9557, nll=1218.9557, l2_reg=0.0000, acc=0.1908
[ 2022-08-31 08:17:38,053][train_tran.train_nn_models] [Validation] Epoch=104, nll=1222.5416, acc=0.1880
[ 2022-08-31 08:17:39,831][train_tran.train_nn_models] [Training] Epoch=105, loss=1218.8425, nll=1218.8425, l2_reg=0.0000, acc=0.1912
[ 2022-08-31 08:17:39,831][train_tran.train_nn_models] [Validation] Epoch=105, nll=1222.4039, acc=0.1878
[ 2022-08-31 08:17:41,568][train_tran.train_nn_models] [Training] Epoch=106, loss=1218.7213, nll=1218.7213, l2_reg=0.0000, acc=0.1913
[ 2022-08-31 08:17:41,569][train_tran.train_nn_models] [Validation] Epoch=106, nll=1222.2584, acc=0.1886
[ 2022-08-31 08:17:43,242][train_tran.train_nn_models] [Training] Epoch=107, loss=1218.5909, nll=1218.5909, l2_reg=0.0000, acc=0.1912
[ 2022-08-31 08:17:43,242][train_tran.train_nn_models] [Validation] Epoch=107, nll=1222.1062, acc=0.1879
[ 2022-08-31 08:17:44,903][train_tran.train_nn_models] [Training] Epoch=108, loss=1218.4512, nll=1218.4512, l2_reg=0.0000, acc=0.1917
[ 2022-08-31 08:17:44,904][train_tran.train_nn_models] [Validation] Epoch=108, nll=1221.9473, acc=0.1894
[ 2022-08-31 08:17:46,659][train_tran.train_nn_models] [Training] Epoch=109, loss=1218.3029, nll=1218.3029, l2_reg=0.0000, acc=0.1917
[ 2022-08-31 08:17:46,660][train_tran.train_nn_models] [Validation] Epoch=109, nll=1221.7832, acc=0.1895
[ 2022-08-31 08:17:48,457][train_tran.train_nn_models] [Training] Epoch=110, loss=1218.1456, nll=1218.1456, l2_reg=0.0000, acc=0.1918
[ 2022-08-31 08:17:48,457][train_tran.train_nn_models] [Validation] Epoch=110, nll=1221.6171, acc=0.1910
[ 2022-08-31 08:17:50,188][train_tran.train_nn_models] [Training] Epoch=111, loss=1217.9807, nll=1217.9807, l2_reg=0.0000, acc=0.1919
[ 2022-08-31 08:17:50,188][train_tran.train_nn_models] [Validation] Epoch=111, nll=1221.4515, acc=0.1907
[ 2022-08-31 08:17:51,883][train_tran.train_nn_models] [Training] Epoch=112, loss=1217.8082, nll=1217.8082, l2_reg=0.0000, acc=0.1921
[ 2022-08-31 08:17:51,883][train_tran.train_nn_models] [Validation] Epoch=112, nll=1221.2858, acc=0.1902
[ 2022-08-31 08:17:53,714][train_tran.train_nn_models] [Training] Epoch=113, loss=1217.6287, nll=1217.6287, l2_reg=0.0000, acc=0.1921
[ 2022-08-31 08:17:53,714][train_tran.train_nn_models] [Validation] Epoch=113, nll=1221.1180, acc=0.1909
[ 2022-08-31 08:17:55,342][train_tran.train_nn_models] [Training] Epoch=114, loss=1217.4364, nll=1217.4364, l2_reg=0.0000, acc=0.1920
[ 2022-08-31 08:17:55,342][train_tran.train_nn_models] [Validation] Epoch=114, nll=1220.9210, acc=0.1914
[ 2022-08-31 08:17:57,028][train_tran.train_nn_models] [Training] Epoch=115, loss=1217.2281, nll=1217.2281, l2_reg=0.0000, acc=0.1917
[ 2022-08-31 08:17:57,028][train_tran.train_nn_models] [Validation] Epoch=115, nll=1220.7379, acc=0.1897
[ 2022-08-31 08:17:58,763][train_tran.train_nn_models] [Training] Epoch=116, loss=1217.0331, nll=1217.0331, l2_reg=0.0000, acc=0.1920
[ 2022-08-31 08:17:58,764][train_tran.train_nn_models] [Validation] Epoch=116, nll=1220.5637, acc=0.1890
[ 2022-08-31 08:18:00,465][train_tran.train_nn_models] [Training] Epoch=117, loss=1216.8306, nll=1216.8306, l2_reg=0.0000, acc=0.1920
[ 2022-08-31 08:18:00,466][train_tran.train_nn_models] [Validation] Epoch=117, nll=1220.3684, acc=0.1887
[ 2022-08-31 08:18:02,279][train_tran.train_nn_models] [Training] Epoch=118, loss=1216.6265, nll=1216.6265, l2_reg=0.0000, acc=0.1921
[ 2022-08-31 08:18:02,280][train_tran.train_nn_models] [Validation] Epoch=118, nll=1220.1776, acc=0.1893
[ 2022-08-31 08:18:04,003][train_tran.train_nn_models] [Training] Epoch=119, loss=1216.4170, nll=1216.4170, l2_reg=0.0000, acc=0.1924
[ 2022-08-31 08:18:04,003][train_tran.train_nn_models] [Validation] Epoch=119, nll=1219.9832, acc=0.1913
[ 2022-08-31 08:18:05,862][train_tran.train_nn_models] [Training] Epoch=120, loss=1216.2067, nll=1216.2067, l2_reg=0.0000, acc=0.1924
[ 2022-08-31 08:18:05,863][train_tran.train_nn_models] [Validation] Epoch=120, nll=1219.7928, acc=0.1904
[ 2022-08-31 08:18:07,606][train_tran.train_nn_models] [Training] Epoch=121, loss=1215.9961, nll=1215.9961, l2_reg=0.0000, acc=0.1925
[ 2022-08-31 08:18:07,606][train_tran.train_nn_models] [Validation] Epoch=121, nll=1219.6031, acc=0.1906
[ 2022-08-31 08:18:09,430][train_tran.train_nn_models] [Training] Epoch=122, loss=1215.7863, nll=1215.7863, l2_reg=0.0000, acc=0.1929
[ 2022-08-31 08:18:09,430][train_tran.train_nn_models] [Validation] Epoch=122, nll=1219.4139, acc=0.1896
[ 2022-08-31 08:18:11,177][train_tran.train_nn_models] [Training] Epoch=123, loss=1215.5764, nll=1215.5764, l2_reg=0.0000, acc=0.1931
[ 2022-08-31 08:18:11,177][train_tran.train_nn_models] [Validation] Epoch=123, nll=1219.2234, acc=0.1902
[ 2022-08-31 08:18:12,977][train_tran.train_nn_models] [Training] Epoch=124, loss=1215.3657, nll=1215.3657, l2_reg=0.0000, acc=0.1937
[ 2022-08-31 08:18:12,978][train_tran.train_nn_models] [Validation] Epoch=124, nll=1219.0260, acc=0.1909
[ 2022-08-31 08:18:14,742][train_tran.train_nn_models] [Training] Epoch=125, loss=1215.1525, nll=1215.1525, l2_reg=0.0000, acc=0.1937
[ 2022-08-31 08:18:14,743][train_tran.train_nn_models] [Validation] Epoch=125, nll=1218.8220, acc=0.1919
[ 2022-08-31 08:18:16,728][train_tran.train_nn_models] [Training] Epoch=126, loss=1214.9366, nll=1214.9366, l2_reg=0.0000, acc=0.1939
[ 2022-08-31 08:18:16,728][train_tran.train_nn_models] [Validation] Epoch=126, nll=1218.6117, acc=0.1919
[ 2022-08-31 08:18:16,728][train_tran.train_nn_models] Found a better model at epoch 126.
[ 2022-08-31 08:18:18,411][train_tran.train_nn_models] [Training] Epoch=127, loss=1214.7112, nll=1214.7112, l2_reg=0.0000, acc=0.1946
[ 2022-08-31 08:18:18,412][train_tran.train_nn_models] [Validation] Epoch=127, nll=1218.3862, acc=0.1925
[ 2022-08-31 08:18:18,412][train_tran.train_nn_models] Found a better model at epoch 127.
[ 2022-08-31 08:18:20,153][train_tran.train_nn_models] [Training] Epoch=128, loss=1214.4757, nll=1214.4757, l2_reg=0.0000, acc=0.1947
[ 2022-08-31 08:18:20,153][train_tran.train_nn_models] [Validation] Epoch=128, nll=1218.1439, acc=0.1927
[ 2022-08-31 08:18:20,153][train_tran.train_nn_models] Found a better model at epoch 128.
[ 2022-08-31 08:18:21,884][train_tran.train_nn_models] [Training] Epoch=129, loss=1214.2238, nll=1214.2238, l2_reg=0.0000, acc=0.1953
[ 2022-08-31 08:18:21,885][train_tran.train_nn_models] [Validation] Epoch=129, nll=1217.8798, acc=0.1935
[ 2022-08-31 08:18:21,885][train_tran.train_nn_models] Found a better model at epoch 129.
[ 2022-08-31 08:18:23,586][train_tran.train_nn_models] [Training] Epoch=130, loss=1213.9508, nll=1213.9508, l2_reg=0.0000, acc=0.1957
[ 2022-08-31 08:18:23,587][train_tran.train_nn_models] [Validation] Epoch=130, nll=1217.5986, acc=0.1934
[ 2022-08-31 08:18:23,587][train_tran.train_nn_models] Found a better model at epoch 130.
[ 2022-08-31 08:18:25,321][train_tran.train_nn_models] [Training] Epoch=131, loss=1213.6571, nll=1213.6571, l2_reg=0.0000, acc=0.1961
[ 2022-08-31 08:18:25,322][train_tran.train_nn_models] [Validation] Epoch=131, nll=1217.3016, acc=0.1950
[ 2022-08-31 08:18:25,322][train_tran.train_nn_models] Found a better model at epoch 131.
[ 2022-08-31 08:18:26,980][train_tran.train_nn_models] [Training] Epoch=132, loss=1213.3354, nll=1213.3354, l2_reg=0.0000, acc=0.1968
[ 2022-08-31 08:18:26,980][train_tran.train_nn_models] [Validation] Epoch=132, nll=1216.9817, acc=0.1960
[ 2022-08-31 08:18:26,980][train_tran.train_nn_models] Found a better model at epoch 132.
[ 2022-08-31 08:18:28,734][train_tran.train_nn_models] [Training] Epoch=133, loss=1212.9827, nll=1212.9827, l2_reg=0.0000, acc=0.1974
[ 2022-08-31 08:18:28,735][train_tran.train_nn_models] [Validation] Epoch=133, nll=1216.6307, acc=0.1977
[ 2022-08-31 08:18:28,735][train_tran.train_nn_models] Found a better model at epoch 133.
[ 2022-08-31 08:18:30,448][train_tran.train_nn_models] [Training] Epoch=134, loss=1212.5964, nll=1212.5964, l2_reg=0.0000, acc=0.1983
[ 2022-08-31 08:18:30,448][train_tran.train_nn_models] [Validation] Epoch=134, nll=1216.2461, acc=0.1985
[ 2022-08-31 08:18:30,448][train_tran.train_nn_models] Found a better model at epoch 134.
[ 2022-08-31 08:18:32,141][train_tran.train_nn_models] [Training] Epoch=135, loss=1212.1765, nll=1212.1765, l2_reg=0.0000, acc=0.1989
[ 2022-08-31 08:18:32,141][train_tran.train_nn_models] [Validation] Epoch=135, nll=1215.8273, acc=0.1984
[ 2022-08-31 08:18:32,141][train_tran.train_nn_models] Found a better model at epoch 135.
[ 2022-08-31 08:18:33,892][train_tran.train_nn_models] [Training] Epoch=136, loss=1211.7218, nll=1211.7218, l2_reg=0.0000, acc=0.1999
[ 2022-08-31 08:18:33,893][train_tran.train_nn_models] [Validation] Epoch=136, nll=1215.3810, acc=0.1987
[ 2022-08-31 08:18:33,893][train_tran.train_nn_models] Found a better model at epoch 136.
[ 2022-08-31 08:18:35,602][train_tran.train_nn_models] [Training] Epoch=137, loss=1211.2303, nll=1211.2303, l2_reg=0.0000, acc=0.2008
[ 2022-08-31 08:18:35,603][train_tran.train_nn_models] [Validation] Epoch=137, nll=1214.9048, acc=0.2000
[ 2022-08-31 08:18:35,603][train_tran.train_nn_models] Found a better model at epoch 137.
[ 2022-08-31 08:18:37,308][train_tran.train_nn_models] [Training] Epoch=138, loss=1210.6914, nll=1210.6914, l2_reg=0.0000, acc=0.2015
[ 2022-08-31 08:18:37,308][train_tran.train_nn_models] [Validation] Epoch=138, nll=1214.4008, acc=0.1994
[ 2022-08-31 08:18:37,308][train_tran.train_nn_models] Found a better model at epoch 138.
[ 2022-08-31 08:18:38,978][train_tran.train_nn_models] [Training] Epoch=139, loss=1210.0953, nll=1210.0953, l2_reg=0.0000, acc=0.2025
[ 2022-08-31 08:18:38,979][train_tran.train_nn_models] [Validation] Epoch=139, nll=1213.8472, acc=0.1992
[ 2022-08-31 08:18:38,979][train_tran.train_nn_models] Found a better model at epoch 139.
[ 2022-08-31 08:18:40,744][train_tran.train_nn_models] [Training] Epoch=140, loss=1209.4272, nll=1209.4272, l2_reg=0.0000, acc=0.2033
[ 2022-08-31 08:18:40,745][train_tran.train_nn_models] [Validation] Epoch=140, nll=1213.1738, acc=0.2002
[ 2022-08-31 08:18:40,745][train_tran.train_nn_models] Found a better model at epoch 140.
[ 2022-08-31 08:18:42,488][train_tran.train_nn_models] [Training] Epoch=141, loss=1208.6541, nll=1208.6541, l2_reg=0.0000, acc=0.2040
[ 2022-08-31 08:18:42,489][train_tran.train_nn_models] [Validation] Epoch=141, nll=1212.4003, acc=0.2009
[ 2022-08-31 08:18:42,489][train_tran.train_nn_models] Found a better model at epoch 141.
[ 2022-08-31 08:18:44,302][train_tran.train_nn_models] [Training] Epoch=142, loss=1207.7733, nll=1207.7733, l2_reg=0.0000, acc=0.2050
[ 2022-08-31 08:18:44,303][train_tran.train_nn_models] [Validation] Epoch=142, nll=1211.6145, acc=0.2017
[ 2022-08-31 08:18:44,303][train_tran.train_nn_models] Found a better model at epoch 142.
[ 2022-08-31 08:18:45,955][train_tran.train_nn_models] [Training] Epoch=143, loss=1206.8030, nll=1206.8030, l2_reg=0.0000, acc=0.2067
[ 2022-08-31 08:18:45,956][train_tran.train_nn_models] [Validation] Epoch=143, nll=1210.7920, acc=0.2018
[ 2022-08-31 08:18:45,956][train_tran.train_nn_models] Found a better model at epoch 143.
[ 2022-08-31 08:18:47,774][train_tran.train_nn_models] [Training] Epoch=144, loss=1205.7675, nll=1205.7675, l2_reg=0.0000, acc=0.2086
[ 2022-08-31 08:18:47,775][train_tran.train_nn_models] [Validation] Epoch=144, nll=1209.8492, acc=0.2033
[ 2022-08-31 08:18:47,775][train_tran.train_nn_models] Found a better model at epoch 144.
[ 2022-08-31 08:18:49,458][train_tran.train_nn_models] [Training] Epoch=145, loss=1204.6261, nll=1204.6261, l2_reg=0.0000, acc=0.2102
[ 2022-08-31 08:18:49,459][train_tran.train_nn_models] [Validation] Epoch=145, nll=1208.9448, acc=0.2037
[ 2022-08-31 08:18:49,459][train_tran.train_nn_models] Found a better model at epoch 145.
[ 2022-08-31 08:18:51,178][train_tran.train_nn_models] [Training] Epoch=146, loss=1203.4292, nll=1203.4292, l2_reg=0.0000, acc=0.2118
[ 2022-08-31 08:18:51,178][train_tran.train_nn_models] [Validation] Epoch=146, nll=1208.0388, acc=0.2077
[ 2022-08-31 08:18:51,179][train_tran.train_nn_models] Found a better model at epoch 146.
[ 2022-08-31 08:18:52,841][train_tran.train_nn_models] [Training] Epoch=147, loss=1202.1642, nll=1202.1642, l2_reg=0.0000, acc=0.2140
[ 2022-08-31 08:18:52,842][train_tran.train_nn_models] [Validation] Epoch=147, nll=1207.0068, acc=0.2110
[ 2022-08-31 08:18:52,842][train_tran.train_nn_models] Found a better model at epoch 147.
[ 2022-08-31 08:18:54,500][train_tran.train_nn_models] [Training] Epoch=148, loss=1200.8104, nll=1200.8104, l2_reg=0.0000, acc=0.2167
[ 2022-08-31 08:18:54,501][train_tran.train_nn_models] [Validation] Epoch=148, nll=1205.8434, acc=0.2125
[ 2022-08-31 08:18:54,501][train_tran.train_nn_models] Found a better model at epoch 148.
[ 2022-08-31 08:18:56,277][train_tran.train_nn_models] [Training] Epoch=149, loss=1199.3574, nll=1199.3574, l2_reg=0.0000, acc=0.2199
[ 2022-08-31 08:18:56,278][train_tran.train_nn_models] [Validation] Epoch=149, nll=1204.6144, acc=0.2150
[ 2022-08-31 08:18:56,278][train_tran.train_nn_models] Found a better model at epoch 149.
[ 2022-08-31 08:18:58,044][train_tran.train_nn_models] [Training] Epoch=150, loss=1197.7711, nll=1197.7711, l2_reg=0.0000, acc=0.2238
[ 2022-08-31 08:18:58,044][train_tran.train_nn_models] [Validation] Epoch=150, nll=1203.0857, acc=0.2185
[ 2022-08-31 08:18:58,044][train_tran.train_nn_models] Found a better model at epoch 150.
[ 2022-08-31 08:18:59,872][train_tran.train_nn_models] [Training] Epoch=151, loss=1195.9379, nll=1195.9379, l2_reg=0.0000, acc=0.2286
[ 2022-08-31 08:18:59,872][train_tran.train_nn_models] [Validation] Epoch=151, nll=1201.5653, acc=0.2222
[ 2022-08-31 08:18:59,873][train_tran.train_nn_models] Found a better model at epoch 151.
[ 2022-08-31 08:19:01,579][train_tran.train_nn_models] [Training] Epoch=152, loss=1193.8796, nll=1193.8796, l2_reg=0.0000, acc=0.2343
[ 2022-08-31 08:19:01,580][train_tran.train_nn_models] [Validation] Epoch=152, nll=1200.4182, acc=0.2268
[ 2022-08-31 08:19:01,580][train_tran.train_nn_models] Found a better model at epoch 152.
[ 2022-08-31 08:19:03,316][train_tran.train_nn_models] [Training] Epoch=153, loss=1191.8453, nll=1191.8453, l2_reg=0.0000, acc=0.2397
[ 2022-08-31 08:19:03,316][train_tran.train_nn_models] [Validation] Epoch=153, nll=1199.1008, acc=0.2301
[ 2022-08-31 08:19:03,316][train_tran.train_nn_models] Found a better model at epoch 153.
[ 2022-08-31 08:19:04,990][train_tran.train_nn_models] [Training] Epoch=154, loss=1189.6344, nll=1189.6344, l2_reg=0.0000, acc=0.2459
[ 2022-08-31 08:19:04,990][train_tran.train_nn_models] [Validation] Epoch=154, nll=1196.9498, acc=0.2378
[ 2022-08-31 08:19:04,990][train_tran.train_nn_models] Found a better model at epoch 154.
[ 2022-08-31 08:19:06,671][train_tran.train_nn_models] [Training] Epoch=155, loss=1186.6389, nll=1186.6389, l2_reg=0.0000, acc=0.2534
[ 2022-08-31 08:19:06,671][train_tran.train_nn_models] [Validation] Epoch=155, nll=1193.3843, acc=0.2476
[ 2022-08-31 08:19:06,671][train_tran.train_nn_models] Found a better model at epoch 155.
[ 2022-08-31 08:19:08,362][train_tran.train_nn_models] [Training] Epoch=156, loss=1182.3447, nll=1182.3447, l2_reg=0.0000, acc=0.2633
[ 2022-08-31 08:19:08,362][train_tran.train_nn_models] [Validation] Epoch=156, nll=1191.6982, acc=0.2578
[ 2022-08-31 08:19:08,363][train_tran.train_nn_models] Found a better model at epoch 156.
[ 2022-08-31 08:19:10,019][train_tran.train_nn_models] [Training] Epoch=157, loss=1178.2202, nll=1178.2202, l2_reg=0.0000, acc=0.2740
[ 2022-08-31 08:19:10,019][train_tran.train_nn_models] [Validation] Epoch=157, nll=1188.3859, acc=0.2671
[ 2022-08-31 08:19:10,019][train_tran.train_nn_models] Found a better model at epoch 157.
[ 2022-08-31 08:19:11,728][train_tran.train_nn_models] [Training] Epoch=158, loss=1172.3551, nll=1172.3551, l2_reg=0.0000, acc=0.2863
[ 2022-08-31 08:19:11,728][train_tran.train_nn_models] [Validation] Epoch=158, nll=1181.2136, acc=0.2800
[ 2022-08-31 08:19:11,728][train_tran.train_nn_models] Found a better model at epoch 158.
[ 2022-08-31 08:19:13,507][train_tran.train_nn_models] [Training] Epoch=159, loss=1166.4917, nll=1166.4917, l2_reg=0.0000, acc=0.2994
[ 2022-08-31 08:19:13,507][train_tran.train_nn_models] [Validation] Epoch=159, nll=1178.1335, acc=0.2884
[ 2022-08-31 08:19:13,507][train_tran.train_nn_models] Found a better model at epoch 159.
[ 2022-08-31 08:19:15,205][train_tran.train_nn_models] [Training] Epoch=160, loss=1159.1838, nll=1159.1838, l2_reg=0.0000, acc=0.3120
[ 2022-08-31 08:19:15,206][train_tran.train_nn_models] [Validation] Epoch=160, nll=1172.2839, acc=0.3002
[ 2022-08-31 08:19:15,206][train_tran.train_nn_models] Found a better model at epoch 160.
[ 2022-08-31 08:19:16,934][train_tran.train_nn_models] [Training] Epoch=161, loss=1183.4701, nll=1183.4701, l2_reg=0.0000, acc=0.3096
[ 2022-08-31 08:19:16,934][train_tran.train_nn_models] [Validation] Epoch=161, nll=1195.9343, acc=0.2772
[ 2022-08-31 08:19:18,660][train_tran.train_nn_models] [Training] Epoch=162, loss=1175.2994, nll=1175.2994, l2_reg=0.0000, acc=0.2903
[ 2022-08-31 08:19:18,660][train_tran.train_nn_models] [Validation] Epoch=162, nll=1181.3708, acc=0.2939
[ 2022-08-31 08:19:20,311][train_tran.train_nn_models] [Training] Epoch=163, loss=1159.1111, nll=1159.1111, l2_reg=0.0000, acc=0.3254
[ 2022-08-31 08:19:20,312][train_tran.train_nn_models] [Validation] Epoch=163, nll=1169.2306, acc=0.3134
[ 2022-08-31 08:19:20,312][train_tran.train_nn_models] Found a better model at epoch 163.
[ 2022-08-31 08:19:22,070][train_tran.train_nn_models] [Training] Epoch=164, loss=1166.2953, nll=1166.2953, l2_reg=0.0000, acc=0.3233
[ 2022-08-31 08:19:22,070][train_tran.train_nn_models] [Validation] Epoch=164, nll=1183.6566, acc=0.2904
[ 2022-08-31 08:19:23,797][train_tran.train_nn_models] [Training] Epoch=165, loss=1176.9708, nll=1176.9708, l2_reg=0.0000, acc=0.2950
[ 2022-08-31 08:19:23,797][train_tran.train_nn_models] [Validation] Epoch=165, nll=1177.8414, acc=0.2988
[ 2022-08-31 08:19:25,532][train_tran.train_nn_models] [Training] Epoch=166, loss=1160.1024, nll=1160.1024, l2_reg=0.0000, acc=0.3279
[ 2022-08-31 08:19:25,532][train_tran.train_nn_models] [Validation] Epoch=166, nll=1167.5500, acc=0.3187
[ 2022-08-31 08:19:25,532][train_tran.train_nn_models] Found a better model at epoch 166.
[ 2022-08-31 08:19:27,271][train_tran.train_nn_models] [Training] Epoch=167, loss=1142.9974, nll=1142.9974, l2_reg=0.0000, acc=0.3614
[ 2022-08-31 08:19:27,272][train_tran.train_nn_models] [Validation] Epoch=167, nll=1154.6136, acc=0.3468
[ 2022-08-31 08:19:27,272][train_tran.train_nn_models] Found a better model at epoch 167.
[ 2022-08-31 08:19:28,998][train_tran.train_nn_models] [Training] Epoch=168, loss=1123.8296, nll=1123.8296, l2_reg=0.0000, acc=0.3897
[ 2022-08-31 08:19:28,998][train_tran.train_nn_models] [Validation] Epoch=168, nll=1143.0507, acc=0.3712
[ 2022-08-31 08:19:28,998][train_tran.train_nn_models] Found a better model at epoch 168.
[ 2022-08-31 08:19:30,700][train_tran.train_nn_models] [Training] Epoch=169, loss=1131.9872, nll=1131.9872, l2_reg=0.0000, acc=0.3790
[ 2022-08-31 08:19:30,700][train_tran.train_nn_models] [Validation] Epoch=169, nll=1187.4176, acc=0.2982
[ 2022-08-31 08:19:32,540][train_tran.train_nn_models] [Training] Epoch=170, loss=1151.1244, nll=1151.1244, l2_reg=0.0000, acc=0.3457
[ 2022-08-31 08:19:32,540][train_tran.train_nn_models] [Validation] Epoch=170, nll=1156.4335, acc=0.3262
[ 2022-08-31 08:19:34,322][train_tran.train_nn_models] [Training] Epoch=171, loss=1113.3309, nll=1113.3309, l2_reg=0.0000, acc=0.4037
[ 2022-08-31 08:19:34,323][train_tran.train_nn_models] [Validation] Epoch=171, nll=1129.3074, acc=0.3868
[ 2022-08-31 08:19:34,323][train_tran.train_nn_models] Found a better model at epoch 171.
[ 2022-08-31 08:19:36,103][train_tran.train_nn_models] [Training] Epoch=172, loss=1082.3074, nll=1082.3074, l2_reg=0.0000, acc=0.4470
[ 2022-08-31 08:19:36,103][train_tran.train_nn_models] [Validation] Epoch=172, nll=1111.3057, acc=0.4102
[ 2022-08-31 08:19:36,103][train_tran.train_nn_models] Found a better model at epoch 172.
[ 2022-08-31 08:19:38,168][train_tran.train_nn_models] [Training] Epoch=173, loss=1097.3781, nll=1097.3781, l2_reg=0.0000, acc=0.4350
[ 2022-08-31 08:19:38,168][train_tran.train_nn_models] [Validation] Epoch=173, nll=1128.5055, acc=0.3767
[ 2022-08-31 08:19:40,424][train_tran.train_nn_models] [Training] Epoch=174, loss=1080.6166, nll=1080.6166, l2_reg=0.0000, acc=0.4478
[ 2022-08-31 08:19:40,424][train_tran.train_nn_models] [Validation] Epoch=174, nll=1120.2941, acc=0.4035
[ 2022-08-31 08:19:42,491][train_tran.train_nn_models] [Training] Epoch=175, loss=1084.2953, nll=1084.2953, l2_reg=0.0000, acc=0.4340
[ 2022-08-31 08:19:42,492][train_tran.train_nn_models] [Validation] Epoch=175, nll=1119.3517, acc=0.4011
[ 2022-08-31 08:19:44,779][train_tran.train_nn_models] [Training] Epoch=176, loss=1086.1687, nll=1086.1687, l2_reg=0.0000, acc=0.4455
[ 2022-08-31 08:19:44,780][train_tran.train_nn_models] [Validation] Epoch=176, nll=1119.2039, acc=0.4088
[ 2022-08-31 08:19:46,981][train_tran.train_nn_models] [Training] Epoch=177, loss=1062.9615, nll=1062.9615, l2_reg=0.0000, acc=0.4772
[ 2022-08-31 08:19:46,981][train_tran.train_nn_models] [Validation] Epoch=177, nll=1112.0549, acc=0.4110
[ 2022-08-31 08:19:49,083][train_tran.train_nn_models] [Training] Epoch=178, loss=1051.0265, nll=1051.0265, l2_reg=0.0000, acc=0.4870
[ 2022-08-31 08:19:49,083][train_tran.train_nn_models] [Validation] Epoch=178, nll=1113.6404, acc=0.4130
[ 2022-08-31 08:19:51,458][train_tran.train_nn_models] [Training] Epoch=179, loss=1047.3386, nll=1047.3386, l2_reg=0.0000, acc=0.4932
[ 2022-08-31 08:19:51,459][train_tran.train_nn_models] [Validation] Epoch=179, nll=1105.6647, acc=0.4045
[ 2022-08-31 08:19:51,459][train_tran.train_nn_models] Found a better model at epoch 179.
[ 2022-08-31 08:19:53,745][train_tran.train_nn_models] [Training] Epoch=180, loss=1030.1123, nll=1030.1123, l2_reg=0.0000, acc=0.5064
[ 2022-08-31 08:19:53,745][train_tran.train_nn_models] [Validation] Epoch=180, nll=1081.4677, acc=0.4473
[ 2022-08-31 08:19:53,745][train_tran.train_nn_models] Found a better model at epoch 180.
[ 2022-08-31 08:19:55,991][train_tran.train_nn_models] [Training] Epoch=181, loss=1023.1746, nll=1023.1746, l2_reg=0.0000, acc=0.5140
[ 2022-08-31 08:19:55,991][train_tran.train_nn_models] [Validation] Epoch=181, nll=1088.1774, acc=0.4291
[ 2022-08-31 08:19:58,188][train_tran.train_nn_models] [Training] Epoch=182, loss=1008.5499, nll=1008.5499, l2_reg=0.0000, acc=0.5269
[ 2022-08-31 08:19:58,189][train_tran.train_nn_models] [Validation] Epoch=182, nll=1063.9091, acc=0.4609
[ 2022-08-31 08:19:58,189][train_tran.train_nn_models] Found a better model at epoch 182.
[ 2022-08-31 08:20:00,346][train_tran.train_nn_models] [Training] Epoch=183, loss=1133.0382, nll=1133.0382, l2_reg=0.0000, acc=0.4461
[ 2022-08-31 08:20:00,347][train_tran.train_nn_models] [Validation] Epoch=183, nll=1260.5914, acc=0.2574
[ 2022-08-31 08:20:02,542][train_tran.train_nn_models] [Training] Epoch=184, loss=1253.8987, nll=1253.8987, l2_reg=0.0000, acc=0.2243
[ 2022-08-31 08:20:02,542][train_tran.train_nn_models] [Validation] Epoch=184, nll=1217.3130, acc=0.2338
[ 2022-08-31 08:20:04,676][train_tran.train_nn_models] [Training] Epoch=185, loss=1211.8235, nll=1211.8235, l2_reg=0.0000, acc=0.2251
[ 2022-08-31 08:20:04,677][train_tran.train_nn_models] [Validation] Epoch=185, nll=1209.1417, acc=0.2383
[ 2022-08-31 08:20:06,835][train_tran.train_nn_models] [Training] Epoch=186, loss=1206.5193, nll=1206.5193, l2_reg=0.0000, acc=0.2275
[ 2022-08-31 08:20:06,836][train_tran.train_nn_models] [Validation] Epoch=186, nll=1204.8425, acc=0.2396
[ 2022-08-31 08:20:09,010][train_tran.train_nn_models] [Training] Epoch=187, loss=1202.8416, nll=1202.8416, l2_reg=0.0000, acc=0.2339
[ 2022-08-31 08:20:09,011][train_tran.train_nn_models] [Validation] Epoch=187, nll=1201.8298, acc=0.2455
[ 2022-08-31 08:20:11,191][train_tran.train_nn_models] [Training] Epoch=188, loss=1199.4138, nll=1199.4138, l2_reg=0.0000, acc=0.2415
[ 2022-08-31 08:20:11,191][train_tran.train_nn_models] [Validation] Epoch=188, nll=1198.1877, acc=0.2526
[ 2022-08-31 08:20:13,410][train_tran.train_nn_models] [Training] Epoch=189, loss=1195.5282, nll=1195.5282, l2_reg=0.0000, acc=0.2501
[ 2022-08-31 08:20:13,411][train_tran.train_nn_models] [Validation] Epoch=189, nll=1193.7880, acc=0.2598
[ 2022-08-31 08:20:15,719][train_tran.train_nn_models] [Training] Epoch=190, loss=1190.7631, nll=1190.7631, l2_reg=0.0000, acc=0.2581
[ 2022-08-31 08:20:15,719][train_tran.train_nn_models] [Validation] Epoch=190, nll=1188.4164, acc=0.2680
[ 2022-08-31 08:20:17,983][train_tran.train_nn_models] [Training] Epoch=191, loss=1184.8344, nll=1184.8344, l2_reg=0.0000, acc=0.2677
[ 2022-08-31 08:20:17,984][train_tran.train_nn_models] [Validation] Epoch=191, nll=1183.2786, acc=0.2777
[ 2022-08-31 08:20:20,372][train_tran.train_nn_models] [Training] Epoch=192, loss=1178.6005, nll=1178.6005, l2_reg=0.0000, acc=0.2803
[ 2022-08-31 08:20:20,372][train_tran.train_nn_models] [Validation] Epoch=192, nll=1178.7555, acc=0.2902
[ 2022-08-31 08:20:22,702][train_tran.train_nn_models] [Training] Epoch=193, loss=1171.5449, nll=1171.5449, l2_reg=0.0000, acc=0.2945
[ 2022-08-31 08:20:22,702][train_tran.train_nn_models] [Validation] Epoch=193, nll=1173.4363, acc=0.2971
[ 2022-08-31 08:20:25,249][train_tran.train_nn_models] [Training] Epoch=194, loss=1163.8562, nll=1163.8562, l2_reg=0.0000, acc=0.3102
[ 2022-08-31 08:20:25,249][train_tran.train_nn_models] [Validation] Epoch=194, nll=1167.2219, acc=0.3089
[ 2022-08-31 08:20:27,739][train_tran.train_nn_models] [Training] Epoch=195, loss=1154.7977, nll=1154.7977, l2_reg=0.0000, acc=0.3270
[ 2022-08-31 08:20:27,740][train_tran.train_nn_models] [Validation] Epoch=195, nll=1161.2083, acc=0.3238
[ 2022-08-31 08:20:30,334][train_tran.train_nn_models] [Training] Epoch=196, loss=1144.5488, nll=1144.5488, l2_reg=0.0000, acc=0.3448
[ 2022-08-31 08:20:30,335][train_tran.train_nn_models] [Validation] Epoch=196, nll=1153.6903, acc=0.3377
[ 2022-08-31 08:20:32,740][train_tran.train_nn_models] [Training] Epoch=197, loss=1132.8618, nll=1132.8618, l2_reg=0.0000, acc=0.3662
[ 2022-08-31 08:20:32,741][train_tran.train_nn_models] [Validation] Epoch=197, nll=1146.1097, acc=0.3482
[ 2022-08-31 08:20:35,122][train_tran.train_nn_models] [Training] Epoch=198, loss=1120.2272, nll=1120.2272, l2_reg=0.0000, acc=0.3880
[ 2022-08-31 08:20:35,123][train_tran.train_nn_models] [Validation] Epoch=198, nll=1140.0817, acc=0.3622
[ 2022-08-31 08:20:37,504][train_tran.train_nn_models] [Training] Epoch=199, loss=1107.1550, nll=1107.1550, l2_reg=0.0000, acc=0.4109
[ 2022-08-31 08:20:37,504][train_tran.train_nn_models] [Validation] Epoch=199, nll=1132.4261, acc=0.3763
[ 2022-08-31 08:20:39,555][train_tran.train_nn_models] [Training] Epoch=200, loss=1092.7948, nll=1092.7948, l2_reg=0.0000, acc=0.4338
[ 2022-08-31 08:20:39,555][train_tran.train_nn_models] [Validation] Epoch=200, nll=1123.6074, acc=0.3932
[ 2022-08-31 08:20:41,765][train_tran.train_nn_models] [Training] Epoch=201, loss=1076.6780, nll=1076.6780, l2_reg=0.0000, acc=0.4572
[ 2022-08-31 08:20:41,766][train_tran.train_nn_models] [Validation] Epoch=201, nll=1112.7759, acc=0.4079
[ 2022-08-31 08:20:43,912][train_tran.train_nn_models] [Training] Epoch=202, loss=1058.0714, nll=1058.0714, l2_reg=0.0000, acc=0.4812
[ 2022-08-31 08:20:43,912][train_tran.train_nn_models] [Validation] Epoch=202, nll=1100.0366, acc=0.4238
[ 2022-08-31 08:20:45,949][train_tran.train_nn_models] [Training] Epoch=203, loss=1037.3643, nll=1037.3643, l2_reg=0.0000, acc=0.5062
[ 2022-08-31 08:20:45,950][train_tran.train_nn_models] [Validation] Epoch=203, nll=1085.3381, acc=0.4408
[ 2022-08-31 08:20:48,013][train_tran.train_nn_models] [Training] Epoch=204, loss=1015.2565, nll=1015.2565, l2_reg=0.0000, acc=0.5299
[ 2022-08-31 08:20:48,014][train_tran.train_nn_models] [Validation] Epoch=204, nll=1075.7556, acc=0.4533
[ 2022-08-31 08:20:50,189][train_tran.train_nn_models] [Training] Epoch=205, loss=996.7202, nll=996.7202, l2_reg=0.0000, acc=0.5442
[ 2022-08-31 08:20:50,189][train_tran.train_nn_models] [Validation] Epoch=205, nll=1066.9574, acc=0.4620
[ 2022-08-31 08:20:52,397][train_tran.train_nn_models] [Training] Epoch=206, loss=989.3261, nll=989.3261, l2_reg=0.0000, acc=0.5485
[ 2022-08-31 08:20:52,397][train_tran.train_nn_models] [Validation] Epoch=206, nll=1085.6539, acc=0.4339
[ 2022-08-31 08:20:54,542][train_tran.train_nn_models] [Training] Epoch=207, loss=992.1092, nll=992.1092, l2_reg=0.0000, acc=0.5334
[ 2022-08-31 08:20:54,543][train_tran.train_nn_models] [Validation] Epoch=207, nll=1051.8851, acc=0.4688
[ 2022-08-31 08:20:54,543][train_tran.train_nn_models] Found a better model at epoch 207.
[ 2022-08-31 08:20:56,696][train_tran.train_nn_models] [Training] Epoch=208, loss=960.5132, nll=960.5132, l2_reg=0.0000, acc=0.5656
[ 2022-08-31 08:20:56,697][train_tran.train_nn_models] [Validation] Epoch=208, nll=1036.7579, acc=0.4893
[ 2022-08-31 08:20:56,697][train_tran.train_nn_models] Found a better model at epoch 208.
[ 2022-08-31 08:20:58,953][train_tran.train_nn_models] [Training] Epoch=209, loss=965.3890, nll=965.3890, l2_reg=0.0000, acc=0.5581
[ 2022-08-31 08:20:58,953][train_tran.train_nn_models] [Validation] Epoch=209, nll=1070.2837, acc=0.4328
[ 2022-08-31 08:21:01,103][train_tran.train_nn_models] [Training] Epoch=210, loss=961.5134, nll=961.5134, l2_reg=0.0000, acc=0.5610
[ 2022-08-31 08:21:01,103][train_tran.train_nn_models] [Validation] Epoch=210, nll=1048.9706, acc=0.4672
[ 2022-08-31 08:21:03,258][train_tran.train_nn_models] [Training] Epoch=211, loss=945.1041, nll=945.1041, l2_reg=0.0000, acc=0.5802
[ 2022-08-31 08:21:03,259][train_tran.train_nn_models] [Validation] Epoch=211, nll=1029.4805, acc=0.4770
[ 2022-08-31 08:21:03,259][train_tran.train_nn_models] Found a better model at epoch 211.
[ 2022-08-31 08:21:05,456][train_tran.train_nn_models] [Training] Epoch=212, loss=926.2941, nll=926.2941, l2_reg=0.0000, acc=0.5979
[ 2022-08-31 08:21:05,456][train_tran.train_nn_models] [Validation] Epoch=212, nll=1039.8198, acc=0.4812
[ 2022-08-31 08:21:07,648][train_tran.train_nn_models] [Training] Epoch=213, loss=963.6274, nll=963.6274, l2_reg=0.0000, acc=0.5757
[ 2022-08-31 08:21:07,648][train_tran.train_nn_models] [Validation] Epoch=213, nll=1046.0272, acc=0.4820
[ 2022-08-31 08:21:09,923][train_tran.train_nn_models] [Training] Epoch=214, loss=932.3328, nll=932.3328, l2_reg=0.0000, acc=0.5918
[ 2022-08-31 08:21:09,923][train_tran.train_nn_models] [Validation] Epoch=214, nll=1017.7529, acc=0.4939
[ 2022-08-31 08:21:09,923][train_tran.train_nn_models] Found a better model at epoch 214.
[ 2022-08-31 08:21:12,089][train_tran.train_nn_models] [Training] Epoch=215, loss=907.5851, nll=907.5851, l2_reg=0.0000, acc=0.6094
[ 2022-08-31 08:21:12,089][train_tran.train_nn_models] [Validation] Epoch=215, nll=1032.2299, acc=0.4833
[ 2022-08-31 08:21:14,338][train_tran.train_nn_models] [Training] Epoch=216, loss=948.5988, nll=948.5988, l2_reg=0.0000, acc=0.5740
[ 2022-08-31 08:21:14,338][train_tran.train_nn_models] [Validation] Epoch=216, nll=1041.5574, acc=0.4676
[ 2022-08-31 08:21:16,540][train_tran.train_nn_models] [Training] Epoch=217, loss=928.1909, nll=928.1909, l2_reg=0.0000, acc=0.5827
[ 2022-08-31 08:21:16,540][train_tran.train_nn_models] [Validation] Epoch=217, nll=1005.5447, acc=0.5078
[ 2022-08-31 08:21:16,541][train_tran.train_nn_models] Found a better model at epoch 217.
[ 2022-08-31 08:21:18,787][train_tran.train_nn_models] [Training] Epoch=218, loss=897.8109, nll=897.8109, l2_reg=0.0000, acc=0.6196
[ 2022-08-31 08:21:18,787][train_tran.train_nn_models] [Validation] Epoch=218, nll=1016.0413, acc=0.4974
[ 2022-08-31 08:21:21,086][train_tran.train_nn_models] [Training] Epoch=219, loss=887.1344, nll=887.1344, l2_reg=0.0000, acc=0.6366
[ 2022-08-31 08:21:21,087][train_tran.train_nn_models] [Validation] Epoch=219, nll=997.2905, acc=0.5225
[ 2022-08-31 08:21:21,087][train_tran.train_nn_models] Found a better model at epoch 219.
[ 2022-08-31 08:21:23,242][train_tran.train_nn_models] [Training] Epoch=220, loss=883.1921, nll=883.1921, l2_reg=0.0000, acc=0.6447
[ 2022-08-31 08:21:23,242][train_tran.train_nn_models] [Validation] Epoch=220, nll=1019.1981, acc=0.5067
[ 2022-08-31 08:21:25,574][train_tran.train_nn_models] [Training] Epoch=221, loss=903.8432, nll=903.8432, l2_reg=0.0000, acc=0.6281
[ 2022-08-31 08:21:25,574][train_tran.train_nn_models] [Validation] Epoch=221, nll=990.6230, acc=0.5315
[ 2022-08-31 08:21:25,574][train_tran.train_nn_models] Found a better model at epoch 221.
[ 2022-08-31 08:21:27,860][train_tran.train_nn_models] [Training] Epoch=222, loss=853.9373, nll=853.9373, l2_reg=0.0000, acc=0.6710
[ 2022-08-31 08:21:27,861][train_tran.train_nn_models] [Validation] Epoch=222, nll=987.3663, acc=0.5205
[ 2022-08-31 08:21:27,861][train_tran.train_nn_models] Found a better model at epoch 222.
[ 2022-08-31 08:21:30,200][train_tran.train_nn_models] [Training] Epoch=223, loss=872.1783, nll=872.1783, l2_reg=0.0000, acc=0.6531
[ 2022-08-31 08:21:30,201][train_tran.train_nn_models] [Validation] Epoch=223, nll=999.2346, acc=0.5069
[ 2022-08-31 08:21:32,329][train_tran.train_nn_models] [Training] Epoch=224, loss=881.0591, nll=881.0591, l2_reg=0.0000, acc=0.6373
[ 2022-08-31 08:21:32,329][train_tran.train_nn_models] [Validation] Epoch=224, nll=976.5884, acc=0.5332
[ 2022-08-31 08:21:32,329][train_tran.train_nn_models] Found a better model at epoch 224.
[ 2022-08-31 08:21:34,511][train_tran.train_nn_models] [Training] Epoch=225, loss=860.9551, nll=860.9551, l2_reg=0.0000, acc=0.6626
[ 2022-08-31 08:21:34,511][train_tran.train_nn_models] [Validation] Epoch=225, nll=971.9355, acc=0.5436
[ 2022-08-31 08:21:34,512][train_tran.train_nn_models] Found a better model at epoch 225.
[ 2022-08-31 08:21:36,811][train_tran.train_nn_models] [Training] Epoch=226, loss=849.3920, nll=849.3920, l2_reg=0.0000, acc=0.6756
[ 2022-08-31 08:21:36,812][train_tran.train_nn_models] [Validation] Epoch=226, nll=978.3218, acc=0.5412
[ 2022-08-31 08:21:38,965][train_tran.train_nn_models] [Training] Epoch=227, loss=837.5882, nll=837.5882, l2_reg=0.0000, acc=0.6882
[ 2022-08-31 08:21:38,965][train_tran.train_nn_models] [Validation] Epoch=227, nll=966.3045, acc=0.5545
[ 2022-08-31 08:21:38,965][train_tran.train_nn_models] Found a better model at epoch 227.
[ 2022-08-31 08:21:41,187][train_tran.train_nn_models] [Training] Epoch=228, loss=836.9968, nll=836.9968, l2_reg=0.0000, acc=0.6901
[ 2022-08-31 08:21:41,187][train_tran.train_nn_models] [Validation] Epoch=228, nll=973.4060, acc=0.5530
[ 2022-08-31 08:21:43,299][train_tran.train_nn_models] [Training] Epoch=229, loss=856.8451, nll=856.8451, l2_reg=0.0000, acc=0.6796
[ 2022-08-31 08:21:43,300][train_tran.train_nn_models] [Validation] Epoch=229, nll=959.1851, acc=0.5606
[ 2022-08-31 08:21:43,300][train_tran.train_nn_models] Found a better model at epoch 229.
[ 2022-08-31 08:21:45,497][train_tran.train_nn_models] [Training] Epoch=230, loss=838.8668, nll=838.8668, l2_reg=0.0000, acc=0.6902
[ 2022-08-31 08:21:45,497][train_tran.train_nn_models] [Validation] Epoch=230, nll=966.5574, acc=0.5486
[ 2022-08-31 08:21:47,643][train_tran.train_nn_models] [Training] Epoch=231, loss=826.1911, nll=826.1911, l2_reg=0.0000, acc=0.7034
[ 2022-08-31 08:21:47,644][train_tran.train_nn_models] [Validation] Epoch=231, nll=966.7495, acc=0.5540
[ 2022-08-31 08:21:49,790][train_tran.train_nn_models] [Training] Epoch=232, loss=833.7043, nll=833.7043, l2_reg=0.0000, acc=0.6987
[ 2022-08-31 08:21:49,790][train_tran.train_nn_models] [Validation] Epoch=232, nll=956.7529, acc=0.5629
[ 2022-08-31 08:21:49,790][train_tran.train_nn_models] Found a better model at epoch 232.
[ 2022-08-31 08:21:52,116][train_tran.train_nn_models] [Training] Epoch=233, loss=806.8360, nll=806.8360, l2_reg=0.0000, acc=0.7220
[ 2022-08-31 08:21:52,116][train_tran.train_nn_models] [Validation] Epoch=233, nll=961.5373, acc=0.5569
[ 2022-08-31 08:21:54,334][train_tran.train_nn_models] [Training] Epoch=234, loss=833.2290, nll=833.2290, l2_reg=0.0000, acc=0.7016
[ 2022-08-31 08:21:54,334][train_tran.train_nn_models] [Validation] Epoch=234, nll=979.6899, acc=0.5475
[ 2022-08-31 08:21:56,612][train_tran.train_nn_models] [Training] Epoch=235, loss=845.8199, nll=845.8199, l2_reg=0.0000, acc=0.6871
[ 2022-08-31 08:21:56,613][train_tran.train_nn_models] [Validation] Epoch=235, nll=989.1638, acc=0.5344
[ 2022-08-31 08:21:58,815][train_tran.train_nn_models] [Training] Epoch=236, loss=844.7831, nll=844.7831, l2_reg=0.0000, acc=0.6888
[ 2022-08-31 08:21:58,816][train_tran.train_nn_models] [Validation] Epoch=236, nll=1002.8023, acc=0.5301
[ 2022-08-31 08:22:01,054][train_tran.train_nn_models] [Training] Epoch=237, loss=849.8586, nll=849.8586, l2_reg=0.0000, acc=0.6836
[ 2022-08-31 08:22:01,054][train_tran.train_nn_models] [Validation] Epoch=237, nll=971.6545, acc=0.5431
[ 2022-08-31 08:22:03,159][train_tran.train_nn_models] [Training] Epoch=238, loss=818.0918, nll=818.0918, l2_reg=0.0000, acc=0.7054
[ 2022-08-31 08:22:03,159][train_tran.train_nn_models] [Validation] Epoch=238, nll=957.1226, acc=0.5495
[ 2022-08-31 08:22:05,388][train_tran.train_nn_models] [Training] Epoch=239, loss=814.3303, nll=814.3303, l2_reg=0.0000, acc=0.7059
[ 2022-08-31 08:22:05,388][train_tran.train_nn_models] [Validation] Epoch=239, nll=955.4145, acc=0.5555
[ 2022-08-31 08:22:05,389][train_tran.train_nn_models] Found a better model at epoch 239.
[ 2022-08-31 08:22:07,530][train_tran.train_nn_models] [Training] Epoch=240, loss=794.7234, nll=794.7234, l2_reg=0.0000, acc=0.7217
[ 2022-08-31 08:22:07,530][train_tran.train_nn_models] [Validation] Epoch=240, nll=956.9908, acc=0.5549
[ 2022-08-31 08:22:09,693][train_tran.train_nn_models] [Training] Epoch=241, loss=799.6574, nll=799.6574, l2_reg=0.0000, acc=0.7144
[ 2022-08-31 08:22:09,693][train_tran.train_nn_models] [Validation] Epoch=241, nll=952.2296, acc=0.5658
[ 2022-08-31 08:22:09,693][train_tran.train_nn_models] Found a better model at epoch 241.
[ 2022-08-31 08:22:11,817][train_tran.train_nn_models] [Training] Epoch=242, loss=786.5005, nll=786.5005, l2_reg=0.0000, acc=0.7321
[ 2022-08-31 08:22:11,817][train_tran.train_nn_models] [Validation] Epoch=242, nll=950.7793, acc=0.5674
[ 2022-08-31 08:22:11,817][train_tran.train_nn_models] Found a better model at epoch 242.
[ 2022-08-31 08:22:14,074][train_tran.train_nn_models] [Training] Epoch=243, loss=793.2037, nll=793.2037, l2_reg=0.0000, acc=0.7262
[ 2022-08-31 08:22:14,075][train_tran.train_nn_models] [Validation] Epoch=243, nll=945.0438, acc=0.5744
[ 2022-08-31 08:22:14,075][train_tran.train_nn_models] Found a better model at epoch 243.
[ 2022-08-31 08:22:16,341][train_tran.train_nn_models] [Training] Epoch=244, loss=771.4434, nll=771.4434, l2_reg=0.0000, acc=0.7416
[ 2022-08-31 08:22:16,341][train_tran.train_nn_models] [Validation] Epoch=244, nll=940.0720, acc=0.5804
[ 2022-08-31 08:22:16,342][train_tran.train_nn_models] Found a better model at epoch 244.
[ 2022-08-31 08:22:18,440][train_tran.train_nn_models] [Training] Epoch=245, loss=773.1728, nll=773.1728, l2_reg=0.0000, acc=0.7424
[ 2022-08-31 08:22:18,441][train_tran.train_nn_models] [Validation] Epoch=245, nll=938.8538, acc=0.5900
[ 2022-08-31 08:22:18,442][train_tran.train_nn_models] Found a better model at epoch 245.
[ 2022-08-31 08:22:20,549][train_tran.train_nn_models] [Training] Epoch=246, loss=828.8330, nll=828.8330, l2_reg=0.0000, acc=0.7079
[ 2022-08-31 08:22:20,550][train_tran.train_nn_models] [Validation] Epoch=246, nll=1089.8671, acc=0.4959
[ 2022-08-31 08:22:22,833][train_tran.train_nn_models] [Training] Epoch=247, loss=888.3864, nll=888.3864, l2_reg=0.0000, acc=0.6669
[ 2022-08-31 08:22:22,833][train_tran.train_nn_models] [Validation] Epoch=247, nll=955.4635, acc=0.5790
[ 2022-08-31 08:22:24,904][train_tran.train_nn_models] [Training] Epoch=248, loss=821.5938, nll=821.5938, l2_reg=0.0000, acc=0.7127
[ 2022-08-31 08:22:24,904][train_tran.train_nn_models] [Validation] Epoch=248, nll=937.0892, acc=0.5854
[ 2022-08-31 08:22:24,905][train_tran.train_nn_models] Found a better model at epoch 248.
[ 2022-08-31 08:22:27,126][train_tran.train_nn_models] [Training] Epoch=249, loss=778.2378, nll=778.2378, l2_reg=0.0000, acc=0.7482
[ 2022-08-31 08:22:27,126][train_tran.train_nn_models] [Validation] Epoch=249, nll=928.9263, acc=0.5984
[ 2022-08-31 08:22:27,126][train_tran.train_nn_models] Found a better model at epoch 249.
[ 2022-08-31 08:22:27,367][train_tran.eval_nll] [Test]nll=1060.4912, acc=0.4455
[ 2022-08-31 08:41:29,801][train_tran.<module>]                    timestamp  ...                                             config
0 2022-08-31 08:41:29.783191  ...  {'model': 'Tran', 'dataset': 'pgem-1K-15', 'in...
1 2022-08-31 08:41:29.783191  ...  {'model': 'Tran', 'dataset': 'pgem-1K-15', 'in...
2 2022-08-31 08:41:29.783191  ...  {'model': 'Tran', 'dataset': 'pgem-1K-15', 'in...
3 2022-08-31 08:41:29.783191  ...  {'model': 'Tran', 'dataset': 'pgem-1K-15', 'in...
4 2022-08-31 08:41:29.783191  ...  {'model': 'Tran', 'dataset': 'pgem-1K-15', 'in...
5 2022-08-31 08:41:29.783191  ...  {'model': 'Tran', 'dataset': 'pgem-1K-15', 'in...

[6 rows x 7 columns]
