[ 2022-08-31 12:06:47,512][train_tran.<module>] Namespace(attr_batch_size=0, basis_type='dyadic', batch_size=64, bucket_seqs=False, cuda=True, dataset='pgem-1K-15', dropout=0.0, embedding_dim=64, epochs=250, hidden_size=64, input_dir='data/input', l2_reg=0, lr=0.0008, max_mean=20.0, model='Tran', n_bases=7, num_workers=0, occurred_type_only=False, optimizer='Adam', output_dir='data/output', rand_seed=1, skip_eval_infectivity=False, skip_pred_next_event=False, split_id=4, steps=50, tran_head=1, tran_layer=3, tune_metric='nll', verbose=False)
[ 2022-08-31 12:06:50,266][train_tran.train_nn_models] [Training] Epoch=0, loss=23749.2656, nll=23749.2656, l2_reg=0.0000, acc=0.0453
[ 2022-08-31 12:06:50,266][train_tran.train_nn_models] [Validation] Epoch=0, nll=13311.1836, acc=0.0257
[ 2022-08-31 12:06:52,950][train_tran.train_nn_models] [Training] Epoch=1, loss=7968.7300, nll=7968.7300, l2_reg=0.0000, acc=0.0245
[ 2022-08-31 12:06:52,951][train_tran.train_nn_models] [Validation] Epoch=1, nll=2948.2756, acc=0.0219
[ 2022-08-31 12:06:55,418][train_tran.train_nn_models] [Training] Epoch=2, loss=1961.4945, nll=1961.4945, l2_reg=0.0000, acc=0.0229
[ 2022-08-31 12:06:55,419][train_tran.train_nn_models] [Validation] Epoch=2, nll=1413.0946, acc=0.0494
[ 2022-08-31 12:06:57,774][train_tran.train_nn_models] [Training] Epoch=3, loss=1377.8528, nll=1377.8528, l2_reg=0.0000, acc=0.1188
[ 2022-08-31 12:06:57,774][train_tran.train_nn_models] [Validation] Epoch=3, nll=1309.0186, acc=0.1798
[ 2022-08-31 12:07:00,121][train_tran.train_nn_models] [Training] Epoch=4, loss=1302.4502, nll=1302.4502, l2_reg=0.0000, acc=0.1756
[ 2022-08-31 12:07:00,121][train_tran.train_nn_models] [Validation] Epoch=4, nll=1261.3254, acc=0.1840
[ 2022-08-31 12:07:02,464][train_tran.train_nn_models] [Training] Epoch=5, loss=1258.7150, nll=1258.7150, l2_reg=0.0000, acc=0.1821
[ 2022-08-31 12:07:02,464][train_tran.train_nn_models] [Validation] Epoch=5, nll=1231.9296, acc=0.1874
[ 2022-08-31 12:07:04,852][train_tran.train_nn_models] [Training] Epoch=6, loss=1240.1593, nll=1240.1593, l2_reg=0.0000, acc=0.1876
[ 2022-08-31 12:07:04,853][train_tran.train_nn_models] [Validation] Epoch=6, nll=1224.8484, acc=0.1898
[ 2022-08-31 12:07:07,302][train_tran.train_nn_models] [Training] Epoch=7, loss=1234.7690, nll=1234.7690, l2_reg=0.0000, acc=0.1874
[ 2022-08-31 12:07:07,302][train_tran.train_nn_models] [Validation] Epoch=7, nll=1220.9536, acc=0.1872
[ 2022-08-31 12:07:09,964][train_tran.train_nn_models] [Training] Epoch=8, loss=1231.6194, nll=1231.6194, l2_reg=0.0000, acc=0.1869
[ 2022-08-31 12:07:09,965][train_tran.train_nn_models] [Validation] Epoch=8, nll=1218.6686, acc=0.1877
[ 2022-08-31 12:07:12,479][train_tran.train_nn_models] [Training] Epoch=9, loss=1229.6056, nll=1229.6056, l2_reg=0.0000, acc=0.1874
[ 2022-08-31 12:07:12,479][train_tran.train_nn_models] [Validation] Epoch=9, nll=1216.9897, acc=0.1886
[ 2022-08-31 12:07:15,070][train_tran.train_nn_models] [Training] Epoch=10, loss=1227.9950, nll=1227.9950, l2_reg=0.0000, acc=0.1874
[ 2022-08-31 12:07:15,070][train_tran.train_nn_models] [Validation] Epoch=10, nll=1215.7556, acc=0.1897
[ 2022-08-31 12:07:17,448][train_tran.train_nn_models] [Training] Epoch=11, loss=1226.7711, nll=1226.7711, l2_reg=0.0000, acc=0.1873
[ 2022-08-31 12:07:17,449][train_tran.train_nn_models] [Validation] Epoch=11, nll=1214.8094, acc=0.1896
[ 2022-08-31 12:07:19,904][train_tran.train_nn_models] [Training] Epoch=12, loss=1225.8462, nll=1225.8462, l2_reg=0.0000, acc=0.1870
[ 2022-08-31 12:07:19,904][train_tran.train_nn_models] [Validation] Epoch=12, nll=1213.9987, acc=0.1900
[ 2022-08-31 12:07:22,180][train_tran.train_nn_models] [Training] Epoch=13, loss=1225.0862, nll=1225.0862, l2_reg=0.0000, acc=0.1873
[ 2022-08-31 12:07:22,181][train_tran.train_nn_models] [Validation] Epoch=13, nll=1213.3350, acc=0.1882
[ 2022-08-31 12:07:24,653][train_tran.train_nn_models] [Training] Epoch=14, loss=1224.4568, nll=1224.4568, l2_reg=0.0000, acc=0.1876
[ 2022-08-31 12:07:24,653][train_tran.train_nn_models] [Validation] Epoch=14, nll=1212.7898, acc=0.1876
[ 2022-08-31 12:07:27,064][train_tran.train_nn_models] [Training] Epoch=15, loss=1223.9313, nll=1223.9313, l2_reg=0.0000, acc=0.1879
[ 2022-08-31 12:07:27,064][train_tran.train_nn_models] [Validation] Epoch=15, nll=1212.3301, acc=0.1884
[ 2022-08-31 12:07:29,583][train_tran.train_nn_models] [Training] Epoch=16, loss=1223.4951, nll=1223.4951, l2_reg=0.0000, acc=0.1878
[ 2022-08-31 12:07:29,584][train_tran.train_nn_models] [Validation] Epoch=16, nll=1211.9694, acc=0.1886
[ 2022-08-31 12:07:32,031][train_tran.train_nn_models] [Training] Epoch=17, loss=1223.1395, nll=1223.1395, l2_reg=0.0000, acc=0.1883
[ 2022-08-31 12:07:32,031][train_tran.train_nn_models] [Validation] Epoch=17, nll=1211.6676, acc=0.1891
[ 2022-08-31 12:07:34,539][train_tran.train_nn_models] [Training] Epoch=18, loss=1222.8428, nll=1222.8428, l2_reg=0.0000, acc=0.1882
[ 2022-08-31 12:07:34,540][train_tran.train_nn_models] [Validation] Epoch=18, nll=1211.4170, acc=0.1893
[ 2022-08-31 12:07:37,056][train_tran.train_nn_models] [Training] Epoch=19, loss=1222.5989, nll=1222.5989, l2_reg=0.0000, acc=0.1882
[ 2022-08-31 12:07:37,057][train_tran.train_nn_models] [Validation] Epoch=19, nll=1211.2126, acc=0.1894
[ 2022-08-31 12:07:39,454][train_tran.train_nn_models] [Training] Epoch=20, loss=1222.3970, nll=1222.3970, l2_reg=0.0000, acc=0.1885
[ 2022-08-31 12:07:39,455][train_tran.train_nn_models] [Validation] Epoch=20, nll=1211.0433, acc=0.1890
[ 2022-08-31 12:07:41,888][train_tran.train_nn_models] [Training] Epoch=21, loss=1222.2292, nll=1222.2292, l2_reg=0.0000, acc=0.1889
[ 2022-08-31 12:07:41,888][train_tran.train_nn_models] [Validation] Epoch=21, nll=1210.9008, acc=0.1889
[ 2022-08-31 12:07:44,297][train_tran.train_nn_models] [Training] Epoch=22, loss=1222.0876, nll=1222.0876, l2_reg=0.0000, acc=0.1888
[ 2022-08-31 12:07:44,297][train_tran.train_nn_models] [Validation] Epoch=22, nll=1210.7793, acc=0.1891
[ 2022-08-31 12:07:46,773][train_tran.train_nn_models] [Training] Epoch=23, loss=1221.9672, nll=1221.9672, l2_reg=0.0000, acc=0.1882
[ 2022-08-31 12:07:46,773][train_tran.train_nn_models] [Validation] Epoch=23, nll=1210.6740, acc=0.1882
[ 2022-08-31 12:07:49,413][train_tran.train_nn_models] [Training] Epoch=24, loss=1221.8625, nll=1221.8625, l2_reg=0.0000, acc=0.1879
[ 2022-08-31 12:07:49,413][train_tran.train_nn_models] [Validation] Epoch=24, nll=1210.5811, acc=0.1890
[ 2022-08-31 12:07:51,782][train_tran.train_nn_models] [Training] Epoch=25, loss=1221.7697, nll=1221.7697, l2_reg=0.0000, acc=0.1879
[ 2022-08-31 12:07:51,783][train_tran.train_nn_models] [Validation] Epoch=25, nll=1210.4989, acc=0.1888
[ 2022-08-31 12:07:54,370][train_tran.train_nn_models] [Training] Epoch=26, loss=1221.6854, nll=1221.6854, l2_reg=0.0000, acc=0.1879
[ 2022-08-31 12:07:54,370][train_tran.train_nn_models] [Validation] Epoch=26, nll=1210.4259, acc=0.1877
[ 2022-08-31 12:07:56,689][train_tran.train_nn_models] [Training] Epoch=27, loss=1221.6082, nll=1221.6082, l2_reg=0.0000, acc=0.1881
[ 2022-08-31 12:07:56,689][train_tran.train_nn_models] [Validation] Epoch=27, nll=1210.3639, acc=0.1891
[ 2022-08-31 12:07:59,122][train_tran.train_nn_models] [Training] Epoch=28, loss=1221.5404, nll=1221.5404, l2_reg=0.0000, acc=0.1882
[ 2022-08-31 12:07:59,122][train_tran.train_nn_models] [Validation] Epoch=28, nll=1210.3130, acc=0.1889
[ 2022-08-31 12:08:01,466][train_tran.train_nn_models] [Training] Epoch=29, loss=1221.4834, nll=1221.4834, l2_reg=0.0000, acc=0.1881
[ 2022-08-31 12:08:01,466][train_tran.train_nn_models] [Validation] Epoch=29, nll=1210.2632, acc=0.1895
[ 2022-08-31 12:08:03,955][train_tran.train_nn_models] [Training] Epoch=30, loss=1221.4320, nll=1221.4320, l2_reg=0.0000, acc=0.1878
[ 2022-08-31 12:08:03,956][train_tran.train_nn_models] [Validation] Epoch=30, nll=1210.2115, acc=0.1898
[ 2022-08-31 12:08:06,429][train_tran.train_nn_models] [Training] Epoch=31, loss=1221.3838, nll=1221.3838, l2_reg=0.0000, acc=0.1883
[ 2022-08-31 12:08:06,430][train_tran.train_nn_models] [Validation] Epoch=31, nll=1210.1649, acc=0.1902
[ 2022-08-31 12:08:08,996][train_tran.train_nn_models] [Training] Epoch=32, loss=1221.3398, nll=1221.3398, l2_reg=0.0000, acc=0.1882
[ 2022-08-31 12:08:08,996][train_tran.train_nn_models] [Validation] Epoch=32, nll=1210.1217, acc=0.1902
[ 2022-08-31 12:08:11,326][train_tran.train_nn_models] [Training] Epoch=33, loss=1221.2986, nll=1221.2986, l2_reg=0.0000, acc=0.1879
[ 2022-08-31 12:08:11,326][train_tran.train_nn_models] [Validation] Epoch=33, nll=1210.0790, acc=0.1903
[ 2022-08-31 12:08:13,637][train_tran.train_nn_models] [Training] Epoch=34, loss=1221.2587, nll=1221.2587, l2_reg=0.0000, acc=0.1879
[ 2022-08-31 12:08:13,638][train_tran.train_nn_models] [Validation] Epoch=34, nll=1210.0370, acc=0.1903
[ 2022-08-31 12:08:16,091][train_tran.train_nn_models] [Training] Epoch=35, loss=1221.2198, nll=1221.2198, l2_reg=0.0000, acc=0.1877
[ 2022-08-31 12:08:16,091][train_tran.train_nn_models] [Validation] Epoch=35, nll=1209.9965, acc=0.1895
[ 2022-08-31 12:08:18,481][train_tran.train_nn_models] [Training] Epoch=36, loss=1221.1824, nll=1221.1824, l2_reg=0.0000, acc=0.1879
[ 2022-08-31 12:08:18,482][train_tran.train_nn_models] [Validation] Epoch=36, nll=1209.9572, acc=0.1894
[ 2022-08-31 12:08:20,853][train_tran.train_nn_models] [Training] Epoch=37, loss=1221.1456, nll=1221.1456, l2_reg=0.0000, acc=0.1879
[ 2022-08-31 12:08:20,853][train_tran.train_nn_models] [Validation] Epoch=37, nll=1209.9182, acc=0.1900
[ 2022-08-31 12:08:23,199][train_tran.train_nn_models] [Training] Epoch=38, loss=1221.1097, nll=1221.1097, l2_reg=0.0000, acc=0.1881
[ 2022-08-31 12:08:23,200][train_tran.train_nn_models] [Validation] Epoch=38, nll=1209.8798, acc=0.1897
[ 2022-08-31 12:08:25,693][train_tran.train_nn_models] [Training] Epoch=39, loss=1221.0745, nll=1221.0745, l2_reg=0.0000, acc=0.1883
[ 2022-08-31 12:08:25,693][train_tran.train_nn_models] [Validation] Epoch=39, nll=1209.8424, acc=0.1891
[ 2022-08-31 12:08:28,064][train_tran.train_nn_models] [Training] Epoch=40, loss=1221.0397, nll=1221.0397, l2_reg=0.0000, acc=0.1880
[ 2022-08-31 12:08:28,065][train_tran.train_nn_models] [Validation] Epoch=40, nll=1209.8053, acc=0.1900
[ 2022-08-31 12:08:30,387][train_tran.train_nn_models] [Training] Epoch=41, loss=1221.0056, nll=1221.0056, l2_reg=0.0000, acc=0.1878
[ 2022-08-31 12:08:30,388][train_tran.train_nn_models] [Validation] Epoch=41, nll=1209.7686, acc=0.1896
[ 2022-08-31 12:08:32,887][train_tran.train_nn_models] [Training] Epoch=42, loss=1220.9717, nll=1220.9717, l2_reg=0.0000, acc=0.1878
[ 2022-08-31 12:08:32,887][train_tran.train_nn_models] [Validation] Epoch=42, nll=1209.7324, acc=0.1885
[ 2022-08-31 12:08:35,290][train_tran.train_nn_models] [Training] Epoch=43, loss=1220.9382, nll=1220.9382, l2_reg=0.0000, acc=0.1877
[ 2022-08-31 12:08:35,291][train_tran.train_nn_models] [Validation] Epoch=43, nll=1209.6967, acc=0.1894
[ 2022-08-31 12:08:37,722][train_tran.train_nn_models] [Training] Epoch=44, loss=1220.9053, nll=1220.9053, l2_reg=0.0000, acc=0.1879
[ 2022-08-31 12:08:37,722][train_tran.train_nn_models] [Validation] Epoch=44, nll=1209.6610, acc=0.1890
[ 2022-08-31 12:08:40,160][train_tran.train_nn_models] [Training] Epoch=45, loss=1220.8728, nll=1220.8728, l2_reg=0.0000, acc=0.1881
[ 2022-08-31 12:08:40,161][train_tran.train_nn_models] [Validation] Epoch=45, nll=1209.6263, acc=0.1896
[ 2022-08-31 12:08:42,595][train_tran.train_nn_models] [Training] Epoch=46, loss=1220.8409, nll=1220.8409, l2_reg=0.0000, acc=0.1881
[ 2022-08-31 12:08:42,596][train_tran.train_nn_models] [Validation] Epoch=46, nll=1209.5922, acc=0.1895
[ 2022-08-31 12:08:44,981][train_tran.train_nn_models] [Training] Epoch=47, loss=1220.8097, nll=1220.8097, l2_reg=0.0000, acc=0.1881
[ 2022-08-31 12:08:44,981][train_tran.train_nn_models] [Validation] Epoch=47, nll=1209.5586, acc=0.1901
[ 2022-08-31 12:08:47,426][train_tran.train_nn_models] [Training] Epoch=48, loss=1220.7792, nll=1220.7792, l2_reg=0.0000, acc=0.1879
[ 2022-08-31 12:08:47,426][train_tran.train_nn_models] [Validation] Epoch=48, nll=1209.5259, acc=0.1904
[ 2022-08-31 12:08:49,784][train_tran.train_nn_models] [Training] Epoch=49, loss=1220.7493, nll=1220.7493, l2_reg=0.0000, acc=0.1882
[ 2022-08-31 12:08:49,785][train_tran.train_nn_models] [Validation] Epoch=49, nll=1209.4940, acc=0.1906
[ 2022-08-31 12:08:52,260][train_tran.train_nn_models] [Training] Epoch=50, loss=1220.7206, nll=1220.7206, l2_reg=0.0000, acc=0.1884
[ 2022-08-31 12:08:52,260][train_tran.train_nn_models] [Validation] Epoch=50, nll=1209.4633, acc=0.1902
[ 2022-08-31 12:08:54,623][train_tran.train_nn_models] [Training] Epoch=51, loss=1220.6924, nll=1220.6924, l2_reg=0.0000, acc=0.1883
[ 2022-08-31 12:08:54,624][train_tran.train_nn_models] [Validation] Epoch=51, nll=1209.4336, acc=0.1908
[ 2022-08-31 12:08:57,150][train_tran.train_nn_models] [Training] Epoch=52, loss=1220.6654, nll=1220.6654, l2_reg=0.0000, acc=0.1883
[ 2022-08-31 12:08:57,150][train_tran.train_nn_models] [Validation] Epoch=52, nll=1209.4052, acc=0.1907
[ 2022-08-31 12:08:59,579][train_tran.train_nn_models] [Training] Epoch=53, loss=1220.6394, nll=1220.6394, l2_reg=0.0000, acc=0.1884
[ 2022-08-31 12:08:59,579][train_tran.train_nn_models] [Validation] Epoch=53, nll=1209.3782, acc=0.1907
[ 2022-08-31 12:09:01,963][train_tran.train_nn_models] [Training] Epoch=54, loss=1220.6141, nll=1220.6141, l2_reg=0.0000, acc=0.1884
[ 2022-08-31 12:09:01,963][train_tran.train_nn_models] [Validation] Epoch=54, nll=1209.3523, acc=0.1903
[ 2022-08-31 12:09:04,364][train_tran.train_nn_models] [Training] Epoch=55, loss=1220.5900, nll=1220.5900, l2_reg=0.0000, acc=0.1884
[ 2022-08-31 12:09:04,364][train_tran.train_nn_models] [Validation] Epoch=55, nll=1209.3280, acc=0.1907
[ 2022-08-31 12:09:06,751][train_tran.train_nn_models] [Training] Epoch=56, loss=1220.5668, nll=1220.5668, l2_reg=0.0000, acc=0.1884
[ 2022-08-31 12:09:06,751][train_tran.train_nn_models] [Validation] Epoch=56, nll=1209.3047, acc=0.1908
[ 2022-08-31 12:09:09,123][train_tran.train_nn_models] [Training] Epoch=57, loss=1220.5443, nll=1220.5443, l2_reg=0.0000, acc=0.1885
[ 2022-08-31 12:09:09,124][train_tran.train_nn_models] [Validation] Epoch=57, nll=1209.2827, acc=0.1909
[ 2022-08-31 12:09:11,453][train_tran.train_nn_models] [Training] Epoch=58, loss=1220.5225, nll=1220.5225, l2_reg=0.0000, acc=0.1886
[ 2022-08-31 12:09:11,453][train_tran.train_nn_models] [Validation] Epoch=58, nll=1209.2621, acc=0.1901
[ 2022-08-31 12:09:13,957][train_tran.train_nn_models] [Training] Epoch=59, loss=1220.5013, nll=1220.5013, l2_reg=0.0000, acc=0.1885
[ 2022-08-31 12:09:13,957][train_tran.train_nn_models] [Validation] Epoch=59, nll=1209.2424, acc=0.1893
[ 2022-08-31 12:09:16,416][train_tran.train_nn_models] [Training] Epoch=60, loss=1220.4808, nll=1220.4808, l2_reg=0.0000, acc=0.1883
[ 2022-08-31 12:09:16,416][train_tran.train_nn_models] [Validation] Epoch=60, nll=1209.2241, acc=0.1892
[ 2022-08-31 12:09:18,892][train_tran.train_nn_models] [Training] Epoch=61, loss=1220.4606, nll=1220.4606, l2_reg=0.0000, acc=0.1884
[ 2022-08-31 12:09:18,892][train_tran.train_nn_models] [Validation] Epoch=61, nll=1209.2064, acc=0.1889
[ 2022-08-31 12:09:21,273][train_tran.train_nn_models] [Training] Epoch=62, loss=1220.4409, nll=1220.4409, l2_reg=0.0000, acc=0.1882
[ 2022-08-31 12:09:21,274][train_tran.train_nn_models] [Validation] Epoch=62, nll=1209.1899, acc=0.1889
[ 2022-08-31 12:09:23,621][train_tran.train_nn_models] [Training] Epoch=63, loss=1220.4214, nll=1220.4214, l2_reg=0.0000, acc=0.1881
[ 2022-08-31 12:09:23,623][train_tran.train_nn_models] [Validation] Epoch=63, nll=1209.1743, acc=0.1892
[ 2022-08-31 12:09:25,961][train_tran.train_nn_models] [Training] Epoch=64, loss=1220.4022, nll=1220.4022, l2_reg=0.0000, acc=0.1881
[ 2022-08-31 12:09:25,961][train_tran.train_nn_models] [Validation] Epoch=64, nll=1209.1598, acc=0.1887
[ 2022-08-31 12:09:28,383][train_tran.train_nn_models] [Training] Epoch=65, loss=1220.3831, nll=1220.3831, l2_reg=0.0000, acc=0.1880
[ 2022-08-31 12:09:28,383][train_tran.train_nn_models] [Validation] Epoch=65, nll=1209.1461, acc=0.1886
[ 2022-08-31 12:09:30,789][train_tran.train_nn_models] [Training] Epoch=66, loss=1220.3643, nll=1220.3643, l2_reg=0.0000, acc=0.1880
[ 2022-08-31 12:09:30,790][train_tran.train_nn_models] [Validation] Epoch=66, nll=1209.1333, acc=0.1889
[ 2022-08-31 12:09:33,188][train_tran.train_nn_models] [Training] Epoch=67, loss=1220.3452, nll=1220.3452, l2_reg=0.0000, acc=0.1879
[ 2022-08-31 12:09:33,188][train_tran.train_nn_models] [Validation] Epoch=67, nll=1209.1208, acc=0.1893
[ 2022-08-31 12:09:35,485][train_tran.train_nn_models] [Training] Epoch=68, loss=1220.3263, nll=1220.3263, l2_reg=0.0000, acc=0.1879
[ 2022-08-31 12:09:35,486][train_tran.train_nn_models] [Validation] Epoch=68, nll=1209.1095, acc=0.1888
[ 2022-08-31 12:09:37,984][train_tran.train_nn_models] [Training] Epoch=69, loss=1220.3076, nll=1220.3076, l2_reg=0.0000, acc=0.1877
[ 2022-08-31 12:09:37,985][train_tran.train_nn_models] [Validation] Epoch=69, nll=1209.0988, acc=0.1888
[ 2022-08-31 12:09:40,654][train_tran.train_nn_models] [Training] Epoch=70, loss=1220.2886, nll=1220.2886, l2_reg=0.0000, acc=0.1877
[ 2022-08-31 12:09:40,655][train_tran.train_nn_models] [Validation] Epoch=70, nll=1209.0890, acc=0.1890
[ 2022-08-31 12:09:43,029][train_tran.train_nn_models] [Training] Epoch=71, loss=1220.2697, nll=1220.2697, l2_reg=0.0000, acc=0.1878
[ 2022-08-31 12:09:43,029][train_tran.train_nn_models] [Validation] Epoch=71, nll=1209.0797, acc=0.1894
[ 2022-08-31 12:09:45,389][train_tran.train_nn_models] [Training] Epoch=72, loss=1220.2504, nll=1220.2504, l2_reg=0.0000, acc=0.1878
[ 2022-08-31 12:09:45,389][train_tran.train_nn_models] [Validation] Epoch=72, nll=1209.0710, acc=0.1895
[ 2022-08-31 12:09:47,830][train_tran.train_nn_models] [Training] Epoch=73, loss=1220.2310, nll=1220.2310, l2_reg=0.0000, acc=0.1878
[ 2022-08-31 12:09:47,831][train_tran.train_nn_models] [Validation] Epoch=73, nll=1209.0632, acc=0.1898
[ 2022-08-31 12:09:50,292][train_tran.train_nn_models] [Training] Epoch=74, loss=1220.2114, nll=1220.2114, l2_reg=0.0000, acc=0.1876
[ 2022-08-31 12:09:50,292][train_tran.train_nn_models] [Validation] Epoch=74, nll=1209.0558, acc=0.1897
[ 2022-08-31 12:09:52,732][train_tran.train_nn_models] [Training] Epoch=75, loss=1220.1914, nll=1220.1914, l2_reg=0.0000, acc=0.1876
[ 2022-08-31 12:09:52,732][train_tran.train_nn_models] [Validation] Epoch=75, nll=1209.0487, acc=0.1897
[ 2022-08-31 12:09:55,091][train_tran.train_nn_models] [Training] Epoch=76, loss=1220.1714, nll=1220.1714, l2_reg=0.0000, acc=0.1876
[ 2022-08-31 12:09:55,092][train_tran.train_nn_models] [Validation] Epoch=76, nll=1209.0424, acc=0.1897
[ 2022-08-31 12:09:57,588][train_tran.train_nn_models] [Training] Epoch=77, loss=1220.1509, nll=1220.1509, l2_reg=0.0000, acc=0.1875
[ 2022-08-31 12:09:57,589][train_tran.train_nn_models] [Validation] Epoch=77, nll=1209.0363, acc=0.1898
[ 2022-08-31 12:09:59,965][train_tran.train_nn_models] [Training] Epoch=78, loss=1220.1301, nll=1220.1301, l2_reg=0.0000, acc=0.1875
[ 2022-08-31 12:09:59,966][train_tran.train_nn_models] [Validation] Epoch=78, nll=1209.0304, acc=0.1904
[ 2022-08-31 12:10:02,295][train_tran.train_nn_models] [Training] Epoch=79, loss=1220.1093, nll=1220.1093, l2_reg=0.0000, acc=0.1876
[ 2022-08-31 12:10:02,296][train_tran.train_nn_models] [Validation] Epoch=79, nll=1209.0245, acc=0.1905
[ 2022-08-31 12:10:04,675][train_tran.train_nn_models] [Training] Epoch=80, loss=1220.0878, nll=1220.0878, l2_reg=0.0000, acc=0.1876
[ 2022-08-31 12:10:04,675][train_tran.train_nn_models] [Validation] Epoch=80, nll=1209.0184, acc=0.1905
[ 2022-08-31 12:10:07,062][train_tran.train_nn_models] [Training] Epoch=81, loss=1220.0659, nll=1220.0659, l2_reg=0.0000, acc=0.1876
[ 2022-08-31 12:10:07,063][train_tran.train_nn_models] [Validation] Epoch=81, nll=1209.0123, acc=0.1902
[ 2022-08-31 12:10:09,567][train_tran.train_nn_models] [Training] Epoch=82, loss=1220.0435, nll=1220.0435, l2_reg=0.0000, acc=0.1877
[ 2022-08-31 12:10:09,568][train_tran.train_nn_models] [Validation] Epoch=82, nll=1209.0057, acc=0.1899
[ 2022-08-31 12:10:11,987][train_tran.train_nn_models] [Training] Epoch=83, loss=1220.0209, nll=1220.0209, l2_reg=0.0000, acc=0.1877
[ 2022-08-31 12:10:11,988][train_tran.train_nn_models] [Validation] Epoch=83, nll=1208.9985, acc=0.1898
[ 2022-08-31 12:10:14,423][train_tran.train_nn_models] [Training] Epoch=84, loss=1219.9977, nll=1219.9977, l2_reg=0.0000, acc=0.1878
[ 2022-08-31 12:10:14,423][train_tran.train_nn_models] [Validation] Epoch=84, nll=1208.9905, acc=0.1900
[ 2022-08-31 12:10:16,856][train_tran.train_nn_models] [Training] Epoch=85, loss=1219.9738, nll=1219.9738, l2_reg=0.0000, acc=0.1879
[ 2022-08-31 12:10:16,857][train_tran.train_nn_models] [Validation] Epoch=85, nll=1208.9808, acc=0.1897
[ 2022-08-31 12:10:19,373][train_tran.train_nn_models] [Training] Epoch=86, loss=1219.9492, nll=1219.9492, l2_reg=0.0000, acc=0.1879
[ 2022-08-31 12:10:19,373][train_tran.train_nn_models] [Validation] Epoch=86, nll=1208.9702, acc=0.1898
[ 2022-08-31 12:10:21,810][train_tran.train_nn_models] [Training] Epoch=87, loss=1219.9238, nll=1219.9238, l2_reg=0.0000, acc=0.1879
[ 2022-08-31 12:10:21,810][train_tran.train_nn_models] [Validation] Epoch=87, nll=1208.9575, acc=0.1899
[ 2022-08-31 12:10:24,319][train_tran.train_nn_models] [Training] Epoch=88, loss=1219.8975, nll=1219.8975, l2_reg=0.0000, acc=0.1881
[ 2022-08-31 12:10:24,320][train_tran.train_nn_models] [Validation] Epoch=88, nll=1208.9427, acc=0.1900
[ 2022-08-31 12:10:26,851][train_tran.train_nn_models] [Training] Epoch=89, loss=1219.8700, nll=1219.8700, l2_reg=0.0000, acc=0.1881
[ 2022-08-31 12:10:26,851][train_tran.train_nn_models] [Validation] Epoch=89, nll=1208.9259, acc=0.1897
[ 2022-08-31 12:10:29,447][train_tran.train_nn_models] [Training] Epoch=90, loss=1219.8412, nll=1219.8412, l2_reg=0.0000, acc=0.1880
[ 2022-08-31 12:10:29,447][train_tran.train_nn_models] [Validation] Epoch=90, nll=1208.9066, acc=0.1900
[ 2022-08-31 12:10:31,796][train_tran.train_nn_models] [Training] Epoch=91, loss=1219.8114, nll=1219.8114, l2_reg=0.0000, acc=0.1881
[ 2022-08-31 12:10:31,797][train_tran.train_nn_models] [Validation] Epoch=91, nll=1208.8846, acc=0.1903
[ 2022-08-31 12:10:34,119][train_tran.train_nn_models] [Training] Epoch=92, loss=1219.7798, nll=1219.7798, l2_reg=0.0000, acc=0.1881
[ 2022-08-31 12:10:34,119][train_tran.train_nn_models] [Validation] Epoch=92, nll=1208.8597, acc=0.1904
[ 2022-08-31 12:10:36,483][train_tran.train_nn_models] [Training] Epoch=93, loss=1219.7467, nll=1219.7467, l2_reg=0.0000, acc=0.1881
[ 2022-08-31 12:10:36,484][train_tran.train_nn_models] [Validation] Epoch=93, nll=1208.8318, acc=0.1901
[ 2022-08-31 12:10:38,990][train_tran.train_nn_models] [Training] Epoch=94, loss=1219.7112, nll=1219.7112, l2_reg=0.0000, acc=0.1882
[ 2022-08-31 12:10:38,991][train_tran.train_nn_models] [Validation] Epoch=94, nll=1208.8004, acc=0.1909
[ 2022-08-31 12:10:41,490][train_tran.train_nn_models] [Training] Epoch=95, loss=1219.6737, nll=1219.6737, l2_reg=0.0000, acc=0.1880
[ 2022-08-31 12:10:41,491][train_tran.train_nn_models] [Validation] Epoch=95, nll=1208.7654, acc=0.1911
[ 2022-08-31 12:10:44,159][train_tran.train_nn_models] [Training] Epoch=96, loss=1219.6337, nll=1219.6337, l2_reg=0.0000, acc=0.1880
[ 2022-08-31 12:10:44,159][train_tran.train_nn_models] [Validation] Epoch=96, nll=1208.7263, acc=0.1909
[ 2022-08-31 12:10:46,611][train_tran.train_nn_models] [Training] Epoch=97, loss=1219.5907, nll=1219.5907, l2_reg=0.0000, acc=0.1881
[ 2022-08-31 12:10:46,611][train_tran.train_nn_models] [Validation] Epoch=97, nll=1208.6823, acc=0.1911
[ 2022-08-31 12:10:49,018][train_tran.train_nn_models] [Training] Epoch=98, loss=1219.5448, nll=1219.5448, l2_reg=0.0000, acc=0.1880
[ 2022-08-31 12:10:49,019][train_tran.train_nn_models] [Validation] Epoch=98, nll=1208.6327, acc=0.1905
[ 2022-08-31 12:10:51,553][train_tran.train_nn_models] [Training] Epoch=99, loss=1219.4956, nll=1219.4956, l2_reg=0.0000, acc=0.1880
[ 2022-08-31 12:10:51,554][train_tran.train_nn_models] [Validation] Epoch=99, nll=1208.5787, acc=0.1905
[ 2022-08-31 12:10:54,022][train_tran.train_nn_models] [Training] Epoch=100, loss=1219.4423, nll=1219.4423, l2_reg=0.0000, acc=0.1881
[ 2022-08-31 12:10:54,023][train_tran.train_nn_models] [Validation] Epoch=100, nll=1208.5179, acc=0.1906
[ 2022-08-31 12:10:56,667][train_tran.train_nn_models] [Training] Epoch=101, loss=1219.3844, nll=1219.3844, l2_reg=0.0000, acc=0.1882
[ 2022-08-31 12:10:56,667][train_tran.train_nn_models] [Validation] Epoch=101, nll=1208.4502, acc=0.1908
[ 2022-08-31 12:10:59,110][train_tran.train_nn_models] [Training] Epoch=102, loss=1219.3208, nll=1219.3208, l2_reg=0.0000, acc=0.1882
[ 2022-08-31 12:10:59,111][train_tran.train_nn_models] [Validation] Epoch=102, nll=1208.3756, acc=0.1911
[ 2022-08-31 12:11:01,464][train_tran.train_nn_models] [Training] Epoch=103, loss=1219.2429, nll=1219.2429, l2_reg=0.0000, acc=0.1882
[ 2022-08-31 12:11:01,465][train_tran.train_nn_models] [Validation] Epoch=103, nll=1208.2942, acc=0.1912
[ 2022-08-31 12:11:03,854][train_tran.train_nn_models] [Training] Epoch=104, loss=1219.1611, nll=1219.1611, l2_reg=0.0000, acc=0.1878
[ 2022-08-31 12:11:03,854][train_tran.train_nn_models] [Validation] Epoch=104, nll=1208.2021, acc=0.1894
[ 2022-08-31 12:11:06,338][train_tran.train_nn_models] [Training] Epoch=105, loss=1219.0713, nll=1219.0713, l2_reg=0.0000, acc=0.1876
[ 2022-08-31 12:11:06,338][train_tran.train_nn_models] [Validation] Epoch=105, nll=1208.0813, acc=0.1908
[ 2022-08-31 12:11:08,904][train_tran.train_nn_models] [Training] Epoch=106, loss=1218.9838, nll=1218.9838, l2_reg=0.0000, acc=0.1880
[ 2022-08-31 12:11:08,905][train_tran.train_nn_models] [Validation] Epoch=106, nll=1208.0072, acc=0.1927
[ 2022-08-31 12:11:11,251][train_tran.train_nn_models] [Training] Epoch=107, loss=1218.8845, nll=1218.8845, l2_reg=0.0000, acc=0.1878
[ 2022-08-31 12:11:11,251][train_tran.train_nn_models] [Validation] Epoch=107, nll=1207.9004, acc=0.1926
[ 2022-08-31 12:11:13,612][train_tran.train_nn_models] [Training] Epoch=108, loss=1218.7717, nll=1218.7717, l2_reg=0.0000, acc=0.1877
[ 2022-08-31 12:11:13,612][train_tran.train_nn_models] [Validation] Epoch=108, nll=1207.7614, acc=0.1917
[ 2022-08-31 12:11:16,146][train_tran.train_nn_models] [Training] Epoch=109, loss=1218.6527, nll=1218.6527, l2_reg=0.0000, acc=0.1876
[ 2022-08-31 12:11:16,146][train_tran.train_nn_models] [Validation] Epoch=109, nll=1207.6193, acc=0.1918
[ 2022-08-31 12:11:18,590][train_tran.train_nn_models] [Training] Epoch=110, loss=1218.5234, nll=1218.5234, l2_reg=0.0000, acc=0.1879
[ 2022-08-31 12:11:18,590][train_tran.train_nn_models] [Validation] Epoch=110, nll=1207.4668, acc=0.1926
[ 2022-08-31 12:11:21,044][train_tran.train_nn_models] [Training] Epoch=111, loss=1218.3817, nll=1218.3817, l2_reg=0.0000, acc=0.1878
[ 2022-08-31 12:11:21,045][train_tran.train_nn_models] [Validation] Epoch=111, nll=1207.3004, acc=0.1922
[ 2022-08-31 12:11:23,347][train_tran.train_nn_models] [Training] Epoch=112, loss=1218.2251, nll=1218.2251, l2_reg=0.0000, acc=0.1879
[ 2022-08-31 12:11:23,347][train_tran.train_nn_models] [Validation] Epoch=112, nll=1207.1078, acc=0.1923
[ 2022-08-31 12:11:25,642][train_tran.train_nn_models] [Training] Epoch=113, loss=1218.0520, nll=1218.0520, l2_reg=0.0000, acc=0.1878
[ 2022-08-31 12:11:25,643][train_tran.train_nn_models] [Validation] Epoch=113, nll=1206.8905, acc=0.1909
[ 2022-08-31 12:11:28,027][train_tran.train_nn_models] [Training] Epoch=114, loss=1217.8623, nll=1217.8623, l2_reg=0.0000, acc=0.1877
[ 2022-08-31 12:11:28,028][train_tran.train_nn_models] [Validation] Epoch=114, nll=1206.6982, acc=0.1903
[ 2022-08-31 12:11:30,379][train_tran.train_nn_models] [Training] Epoch=115, loss=1217.6447, nll=1217.6447, l2_reg=0.0000, acc=0.1878
[ 2022-08-31 12:11:30,380][train_tran.train_nn_models] [Validation] Epoch=115, nll=1206.4380, acc=0.1914
[ 2022-08-31 12:11:32,817][train_tran.train_nn_models] [Training] Epoch=116, loss=1217.4191, nll=1217.4191, l2_reg=0.0000, acc=0.1877
[ 2022-08-31 12:11:32,817][train_tran.train_nn_models] [Validation] Epoch=116, nll=1206.2244, acc=0.1906
[ 2022-08-31 12:11:35,210][train_tran.train_nn_models] [Training] Epoch=117, loss=1217.1578, nll=1217.1578, l2_reg=0.0000, acc=0.1878
[ 2022-08-31 12:11:35,210][train_tran.train_nn_models] [Validation] Epoch=117, nll=1205.9181, acc=0.1914
[ 2022-08-31 12:11:37,665][train_tran.train_nn_models] [Training] Epoch=118, loss=1216.8833, nll=1216.8833, l2_reg=0.0000, acc=0.1882
[ 2022-08-31 12:11:37,665][train_tran.train_nn_models] [Validation] Epoch=118, nll=1205.6116, acc=0.1914
[ 2022-08-31 12:11:40,100][train_tran.train_nn_models] [Training] Epoch=119, loss=1216.5779, nll=1216.5779, l2_reg=0.0000, acc=0.1883
[ 2022-08-31 12:11:40,101][train_tran.train_nn_models] [Validation] Epoch=119, nll=1205.2524, acc=0.1900
[ 2022-08-31 12:11:42,561][train_tran.train_nn_models] [Training] Epoch=120, loss=1216.2408, nll=1216.2408, l2_reg=0.0000, acc=0.1887
[ 2022-08-31 12:11:42,561][train_tran.train_nn_models] [Validation] Epoch=120, nll=1204.8596, acc=0.1898
[ 2022-08-31 12:11:44,984][train_tran.train_nn_models] [Training] Epoch=121, loss=1215.8722, nll=1215.8722, l2_reg=0.0000, acc=0.1887
[ 2022-08-31 12:11:44,985][train_tran.train_nn_models] [Validation] Epoch=121, nll=1204.4403, acc=0.1910
[ 2022-08-31 12:11:47,444][train_tran.train_nn_models] [Training] Epoch=122, loss=1215.4647, nll=1215.4647, l2_reg=0.0000, acc=0.1892
[ 2022-08-31 12:11:47,444][train_tran.train_nn_models] [Validation] Epoch=122, nll=1204.0132, acc=0.1906
[ 2022-08-31 12:11:49,839][train_tran.train_nn_models] [Training] Epoch=123, loss=1215.0233, nll=1215.0233, l2_reg=0.0000, acc=0.1898
[ 2022-08-31 12:11:49,840][train_tran.train_nn_models] [Validation] Epoch=123, nll=1203.5830, acc=0.1915
[ 2022-08-31 12:11:52,364][train_tran.train_nn_models] [Training] Epoch=124, loss=1214.5635, nll=1214.5635, l2_reg=0.0000, acc=0.1903
[ 2022-08-31 12:11:52,365][train_tran.train_nn_models] [Validation] Epoch=124, nll=1203.1517, acc=0.1920
[ 2022-08-31 12:11:54,725][train_tran.train_nn_models] [Training] Epoch=125, loss=1214.0966, nll=1214.0966, l2_reg=0.0000, acc=0.1909
[ 2022-08-31 12:11:54,725][train_tran.train_nn_models] [Validation] Epoch=125, nll=1202.7437, acc=0.1943
[ 2022-08-31 12:11:57,387][train_tran.train_nn_models] [Training] Epoch=126, loss=1213.6252, nll=1213.6252, l2_reg=0.0000, acc=0.1918
[ 2022-08-31 12:11:57,388][train_tran.train_nn_models] [Validation] Epoch=126, nll=1202.3408, acc=0.1956
[ 2022-08-31 12:11:57,388][train_tran.train_nn_models] Found a better model at epoch 126.
[ 2022-08-31 12:12:00,450][train_tran.train_nn_models] [Training] Epoch=127, loss=1213.1481, nll=1213.1481, l2_reg=0.0000, acc=0.1921
[ 2022-08-31 12:12:00,451][train_tran.train_nn_models] [Validation] Epoch=127, nll=1201.9519, acc=0.1960
[ 2022-08-31 12:12:00,451][train_tran.train_nn_models] Found a better model at epoch 127.
[ 2022-08-31 12:12:03,475][train_tran.train_nn_models] [Training] Epoch=128, loss=1212.6475, nll=1212.6475, l2_reg=0.0000, acc=0.1931
[ 2022-08-31 12:12:03,476][train_tran.train_nn_models] [Validation] Epoch=128, nll=1201.5602, acc=0.1976
[ 2022-08-31 12:12:03,476][train_tran.train_nn_models] Found a better model at epoch 128.
[ 2022-08-31 12:12:06,513][train_tran.train_nn_models] [Training] Epoch=129, loss=1212.1138, nll=1212.1138, l2_reg=0.0000, acc=0.1940
[ 2022-08-31 12:12:06,514][train_tran.train_nn_models] [Validation] Epoch=129, nll=1201.1451, acc=0.1992
[ 2022-08-31 12:12:06,514][train_tran.train_nn_models] Found a better model at epoch 129.
[ 2022-08-31 12:12:09,533][train_tran.train_nn_models] [Training] Epoch=130, loss=1211.5303, nll=1211.5303, l2_reg=0.0000, acc=0.1943
[ 2022-08-31 12:12:09,534][train_tran.train_nn_models] [Validation] Epoch=130, nll=1200.6964, acc=0.2012
[ 2022-08-31 12:12:09,534][train_tran.train_nn_models] Found a better model at epoch 130.
[ 2022-08-31 12:12:12,589][train_tran.train_nn_models] [Training] Epoch=131, loss=1210.8766, nll=1210.8766, l2_reg=0.0000, acc=0.1957
[ 2022-08-31 12:12:12,590][train_tran.train_nn_models] [Validation] Epoch=131, nll=1200.1896, acc=0.2018
[ 2022-08-31 12:12:12,590][train_tran.train_nn_models] Found a better model at epoch 131.
[ 2022-08-31 12:12:15,633][train_tran.train_nn_models] [Training] Epoch=132, loss=1210.1365, nll=1210.1365, l2_reg=0.0000, acc=0.1972
[ 2022-08-31 12:12:15,633][train_tran.train_nn_models] [Validation] Epoch=132, nll=1199.5768, acc=0.2038
[ 2022-08-31 12:12:15,633][train_tran.train_nn_models] Found a better model at epoch 132.
[ 2022-08-31 12:12:18,701][train_tran.train_nn_models] [Training] Epoch=133, loss=1209.2872, nll=1209.2872, l2_reg=0.0000, acc=0.1984
[ 2022-08-31 12:12:18,702][train_tran.train_nn_models] [Validation] Epoch=133, nll=1198.8193, acc=0.2047
[ 2022-08-31 12:12:18,702][train_tran.train_nn_models] Found a better model at epoch 133.
[ 2022-08-31 12:12:21,796][train_tran.train_nn_models] [Training] Epoch=134, loss=1208.2731, nll=1208.2731, l2_reg=0.0000, acc=0.1997
[ 2022-08-31 12:12:21,797][train_tran.train_nn_models] [Validation] Epoch=134, nll=1197.9246, acc=0.2062
[ 2022-08-31 12:12:21,797][train_tran.train_nn_models] Found a better model at epoch 134.
[ 2022-08-31 12:12:24,907][train_tran.train_nn_models] [Training] Epoch=135, loss=1207.0547, nll=1207.0547, l2_reg=0.0000, acc=0.2017
[ 2022-08-31 12:12:24,908][train_tran.train_nn_models] [Validation] Epoch=135, nll=1197.1329, acc=0.2078
[ 2022-08-31 12:12:24,908][train_tran.train_nn_models] Found a better model at epoch 135.
[ 2022-08-31 12:12:27,957][train_tran.train_nn_models] [Training] Epoch=136, loss=1205.6033, nll=1205.6033, l2_reg=0.0000, acc=0.2035
[ 2022-08-31 12:12:27,958][train_tran.train_nn_models] [Validation] Epoch=136, nll=1196.0587, acc=0.2082
[ 2022-08-31 12:12:27,958][train_tran.train_nn_models] Found a better model at epoch 136.
[ 2022-08-31 12:12:31,009][train_tran.train_nn_models] [Training] Epoch=137, loss=1203.9897, nll=1203.9897, l2_reg=0.0000, acc=0.2062
[ 2022-08-31 12:12:31,010][train_tran.train_nn_models] [Validation] Epoch=137, nll=1194.5637, acc=0.2087
[ 2022-08-31 12:12:31,010][train_tran.train_nn_models] Found a better model at epoch 137.
[ 2022-08-31 12:12:34,039][train_tran.train_nn_models] [Training] Epoch=138, loss=1201.9603, nll=1201.9603, l2_reg=0.0000, acc=0.2099
[ 2022-08-31 12:12:34,039][train_tran.train_nn_models] [Validation] Epoch=138, nll=1193.0450, acc=0.2094
[ 2022-08-31 12:12:34,039][train_tran.train_nn_models] Found a better model at epoch 138.
[ 2022-08-31 12:12:36,777][train_tran.train_nn_models] [Training] Epoch=139, loss=1199.4004, nll=1199.4004, l2_reg=0.0000, acc=0.2151
[ 2022-08-31 12:12:36,778][train_tran.train_nn_models] [Validation] Epoch=139, nll=1191.0292, acc=0.2151
[ 2022-08-31 12:12:36,778][train_tran.train_nn_models] Found a better model at epoch 139.
[ 2022-08-31 12:12:39,341][train_tran.train_nn_models] [Training] Epoch=140, loss=1195.9862, nll=1195.9862, l2_reg=0.0000, acc=0.2211
[ 2022-08-31 12:12:39,342][train_tran.train_nn_models] [Validation] Epoch=140, nll=1188.5325, acc=0.2204
[ 2022-08-31 12:12:39,342][train_tran.train_nn_models] Found a better model at epoch 140.
[ 2022-08-31 12:12:41,766][train_tran.train_nn_models] [Training] Epoch=141, loss=1191.4022, nll=1191.4022, l2_reg=0.0000, acc=0.2282
[ 2022-08-31 12:12:41,766][train_tran.train_nn_models] [Validation] Epoch=141, nll=1189.2905, acc=0.2260
[ 2022-08-31 12:12:44,374][train_tran.train_nn_models] [Training] Epoch=142, loss=1187.6614, nll=1187.6614, l2_reg=0.0000, acc=0.2356
[ 2022-08-31 12:12:44,375][train_tran.train_nn_models] [Validation] Epoch=142, nll=1182.4933, acc=0.2317
[ 2022-08-31 12:12:44,375][train_tran.train_nn_models] Found a better model at epoch 142.
[ 2022-08-31 12:12:46,884][train_tran.train_nn_models] [Training] Epoch=143, loss=1179.8645, nll=1179.8645, l2_reg=0.0000, acc=0.2497
[ 2022-08-31 12:12:46,885][train_tran.train_nn_models] [Validation] Epoch=143, nll=1181.1986, acc=0.2331
[ 2022-08-31 12:12:46,885][train_tran.train_nn_models] Found a better model at epoch 143.
[ 2022-08-31 12:12:49,312][train_tran.train_nn_models] [Training] Epoch=144, loss=1192.3210, nll=1192.3210, l2_reg=0.0000, acc=0.2436
[ 2022-08-31 12:12:49,312][train_tran.train_nn_models] [Validation] Epoch=144, nll=1183.7760, acc=0.2483
[ 2022-08-31 12:12:52,036][train_tran.train_nn_models] [Training] Epoch=145, loss=1178.1132, nll=1178.1132, l2_reg=0.0000, acc=0.2597
[ 2022-08-31 12:12:52,037][train_tran.train_nn_models] [Validation] Epoch=145, nll=1178.5759, acc=0.2488
[ 2022-08-31 12:12:52,037][train_tran.train_nn_models] Found a better model at epoch 145.
[ 2022-08-31 12:12:54,413][train_tran.train_nn_models] [Training] Epoch=146, loss=1172.8267, nll=1172.8267, l2_reg=0.0000, acc=0.2653
[ 2022-08-31 12:12:54,413][train_tran.train_nn_models] [Validation] Epoch=146, nll=1176.5391, acc=0.2604
[ 2022-08-31 12:12:54,413][train_tran.train_nn_models] Found a better model at epoch 146.
[ 2022-08-31 12:12:56,803][train_tran.train_nn_models] [Training] Epoch=147, loss=1169.0878, nll=1169.0878, l2_reg=0.0000, acc=0.2811
[ 2022-08-31 12:12:56,804][train_tran.train_nn_models] [Validation] Epoch=147, nll=1172.8491, acc=0.2587
[ 2022-08-31 12:12:56,804][train_tran.train_nn_models] Found a better model at epoch 147.
[ 2022-08-31 12:12:59,204][train_tran.train_nn_models] [Training] Epoch=148, loss=1153.1677, nll=1153.1677, l2_reg=0.0000, acc=0.2949
[ 2022-08-31 12:12:59,204][train_tran.train_nn_models] [Validation] Epoch=148, nll=1166.2521, acc=0.2718
[ 2022-08-31 12:12:59,204][train_tran.train_nn_models] Found a better model at epoch 148.
[ 2022-08-31 12:13:01,549][train_tran.train_nn_models] [Training] Epoch=149, loss=1140.5833, nll=1140.5833, l2_reg=0.0000, acc=0.3176
[ 2022-08-31 12:13:01,550][train_tran.train_nn_models] [Validation] Epoch=149, nll=1158.7170, acc=0.2836
[ 2022-08-31 12:13:01,550][train_tran.train_nn_models] Found a better model at epoch 149.
[ 2022-08-31 12:13:03,978][train_tran.train_nn_models] [Training] Epoch=150, loss=1159.9912, nll=1159.9912, l2_reg=0.0000, acc=0.3111
[ 2022-08-31 12:13:03,979][train_tran.train_nn_models] [Validation] Epoch=150, nll=1167.9807, acc=0.2749
[ 2022-08-31 12:13:06,457][train_tran.train_nn_models] [Training] Epoch=151, loss=1153.7953, nll=1153.7953, l2_reg=0.0000, acc=0.3010
[ 2022-08-31 12:13:06,458][train_tran.train_nn_models] [Validation] Epoch=151, nll=1169.1747, acc=0.2712
[ 2022-08-31 12:13:09,005][train_tran.train_nn_models] [Training] Epoch=152, loss=1137.5713, nll=1137.5713, l2_reg=0.0000, acc=0.3367
[ 2022-08-31 12:13:09,006][train_tran.train_nn_models] [Validation] Epoch=152, nll=1150.0269, acc=0.2974
[ 2022-08-31 12:13:09,006][train_tran.train_nn_models] Found a better model at epoch 152.
[ 2022-08-31 12:13:11,537][train_tran.train_nn_models] [Training] Epoch=153, loss=1113.1204, nll=1113.1204, l2_reg=0.0000, acc=0.3752
[ 2022-08-31 12:13:11,538][train_tran.train_nn_models] [Validation] Epoch=153, nll=1136.3237, acc=0.3297
[ 2022-08-31 12:13:11,538][train_tran.train_nn_models] Found a better model at epoch 153.
[ 2022-08-31 12:13:14,261][train_tran.train_nn_models] [Training] Epoch=154, loss=1095.4960, nll=1095.4960, l2_reg=0.0000, acc=0.4070
[ 2022-08-31 12:13:14,262][train_tran.train_nn_models] [Validation] Epoch=154, nll=1150.9979, acc=0.3284
[ 2022-08-31 12:13:17,151][train_tran.train_nn_models] [Training] Epoch=155, loss=1123.2916, nll=1123.2916, l2_reg=0.0000, acc=0.3771
[ 2022-08-31 12:13:17,152][train_tran.train_nn_models] [Validation] Epoch=155, nll=1148.0320, acc=0.3197
[ 2022-08-31 12:13:20,068][train_tran.train_nn_models] [Training] Epoch=156, loss=1121.3732, nll=1121.3732, l2_reg=0.0000, acc=0.3827
[ 2022-08-31 12:13:20,069][train_tran.train_nn_models] [Validation] Epoch=156, nll=1161.7802, acc=0.2823
[ 2022-08-31 12:13:23,302][train_tran.train_nn_models] [Training] Epoch=157, loss=1155.6167, nll=1155.6167, l2_reg=0.0000, acc=0.3245
[ 2022-08-31 12:13:23,303][train_tran.train_nn_models] [Validation] Epoch=157, nll=1158.0642, acc=0.3033
[ 2022-08-31 12:13:26,421][train_tran.train_nn_models] [Training] Epoch=158, loss=1120.9299, nll=1120.9299, l2_reg=0.0000, acc=0.3798
[ 2022-08-31 12:13:26,422][train_tran.train_nn_models] [Validation] Epoch=158, nll=1128.6495, acc=0.3533
[ 2022-08-31 12:13:26,422][train_tran.train_nn_models] Found a better model at epoch 158.
[ 2022-08-31 12:13:29,201][train_tran.train_nn_models] [Training] Epoch=159, loss=1087.0006, nll=1087.0006, l2_reg=0.0000, acc=0.4356
[ 2022-08-31 12:13:29,202][train_tran.train_nn_models] [Validation] Epoch=159, nll=1121.3983, acc=0.3724
[ 2022-08-31 12:13:29,202][train_tran.train_nn_models] Found a better model at epoch 159.
[ 2022-08-31 12:13:32,027][train_tran.train_nn_models] [Training] Epoch=160, loss=1069.7711, nll=1069.7711, l2_reg=0.0000, acc=0.4480
[ 2022-08-31 12:13:32,028][train_tran.train_nn_models] [Validation] Epoch=160, nll=1117.0442, acc=0.3733
[ 2022-08-31 12:13:32,028][train_tran.train_nn_models] Found a better model at epoch 160.
[ 2022-08-31 12:13:35,199][train_tran.train_nn_models] [Training] Epoch=161, loss=1084.2395, nll=1084.2395, l2_reg=0.0000, acc=0.4140
[ 2022-08-31 12:13:35,199][train_tran.train_nn_models] [Validation] Epoch=161, nll=1125.5441, acc=0.3358
[ 2022-08-31 12:13:37,981][train_tran.train_nn_models] [Training] Epoch=162, loss=1049.3931, nll=1049.3931, l2_reg=0.0000, acc=0.4799
[ 2022-08-31 12:13:37,982][train_tran.train_nn_models] [Validation] Epoch=162, nll=1095.3458, acc=0.4163
[ 2022-08-31 12:13:37,982][train_tran.train_nn_models] Found a better model at epoch 162.
[ 2022-08-31 12:13:40,698][train_tran.train_nn_models] [Training] Epoch=163, loss=1091.7883, nll=1091.7883, l2_reg=0.0000, acc=0.4357
[ 2022-08-31 12:13:40,699][train_tran.train_nn_models] [Validation] Epoch=163, nll=1160.5493, acc=0.2934
[ 2022-08-31 12:13:43,401][train_tran.train_nn_models] [Training] Epoch=164, loss=1085.3639, nll=1085.3639, l2_reg=0.0000, acc=0.4156
[ 2022-08-31 12:13:43,402][train_tran.train_nn_models] [Validation] Epoch=164, nll=1091.5120, acc=0.3953
[ 2022-08-31 12:13:43,402][train_tran.train_nn_models] Found a better model at epoch 164.
[ 2022-08-31 12:13:46,322][train_tran.train_nn_models] [Training] Epoch=165, loss=1033.6562, nll=1033.6562, l2_reg=0.0000, acc=0.5035
[ 2022-08-31 12:13:46,323][train_tran.train_nn_models] [Validation] Epoch=165, nll=1080.9645, acc=0.4287
[ 2022-08-31 12:13:46,323][train_tran.train_nn_models] Found a better model at epoch 165.
[ 2022-08-31 12:13:49,059][train_tran.train_nn_models] [Training] Epoch=166, loss=996.5006, nll=996.5006, l2_reg=0.0000, acc=0.5562
[ 2022-08-31 12:13:49,060][train_tran.train_nn_models] [Validation] Epoch=166, nll=1089.2455, acc=0.4296
[ 2022-08-31 12:13:51,677][train_tran.train_nn_models] [Training] Epoch=167, loss=978.5555, nll=978.5555, l2_reg=0.0000, acc=0.5703
[ 2022-08-31 12:13:51,677][train_tran.train_nn_models] [Validation] Epoch=167, nll=1101.8330, acc=0.3959
[ 2022-08-31 12:13:54,332][train_tran.train_nn_models] [Training] Epoch=168, loss=996.6694, nll=996.6694, l2_reg=0.0000, acc=0.5305
[ 2022-08-31 12:13:54,332][train_tran.train_nn_models] [Validation] Epoch=168, nll=1049.2185, acc=0.4691
[ 2022-08-31 12:13:54,333][train_tran.train_nn_models] Found a better model at epoch 168.
[ 2022-08-31 12:13:57,205][train_tran.train_nn_models] [Training] Epoch=169, loss=977.4517, nll=977.4517, l2_reg=0.0000, acc=0.5623
[ 2022-08-31 12:13:57,206][train_tran.train_nn_models] [Validation] Epoch=169, nll=1078.0983, acc=0.4217
[ 2022-08-31 12:13:59,942][train_tran.train_nn_models] [Training] Epoch=170, loss=945.6849, nll=945.6849, l2_reg=0.0000, acc=0.5997
[ 2022-08-31 12:13:59,942][train_tran.train_nn_models] [Validation] Epoch=170, nll=1052.7936, acc=0.4558
[ 2022-08-31 12:14:02,612][train_tran.train_nn_models] [Training] Epoch=171, loss=936.7230, nll=936.7230, l2_reg=0.0000, acc=0.6106
[ 2022-08-31 12:14:02,613][train_tran.train_nn_models] [Validation] Epoch=171, nll=1044.8364, acc=0.4633
[ 2022-08-31 12:14:02,613][train_tran.train_nn_models] Found a better model at epoch 171.
[ 2022-08-31 12:14:05,485][train_tran.train_nn_models] [Training] Epoch=172, loss=915.0719, nll=915.0719, l2_reg=0.0000, acc=0.6310
[ 2022-08-31 12:14:05,485][train_tran.train_nn_models] [Validation] Epoch=172, nll=1061.1495, acc=0.4588
[ 2022-08-31 12:14:08,260][train_tran.train_nn_models] [Training] Epoch=173, loss=907.9771, nll=907.9771, l2_reg=0.0000, acc=0.6409
[ 2022-08-31 12:14:08,261][train_tran.train_nn_models] [Validation] Epoch=173, nll=1034.4357, acc=0.4809
[ 2022-08-31 12:14:08,261][train_tran.train_nn_models] Found a better model at epoch 173.
[ 2022-08-31 12:14:10,932][train_tran.train_nn_models] [Training] Epoch=174, loss=880.7665, nll=880.7665, l2_reg=0.0000, acc=0.6594
[ 2022-08-31 12:14:10,932][train_tran.train_nn_models] [Validation] Epoch=174, nll=1018.9852, acc=0.4911
[ 2022-08-31 12:14:10,932][train_tran.train_nn_models] Found a better model at epoch 174.
[ 2022-08-31 12:14:13,565][train_tran.train_nn_models] [Training] Epoch=175, loss=860.5072, nll=860.5072, l2_reg=0.0000, acc=0.6701
[ 2022-08-31 12:14:13,565][train_tran.train_nn_models] [Validation] Epoch=175, nll=1008.8220, acc=0.4921
[ 2022-08-31 12:14:13,565][train_tran.train_nn_models] Found a better model at epoch 175.
[ 2022-08-31 12:14:16,285][train_tran.train_nn_models] [Training] Epoch=176, loss=862.4800, nll=862.4800, l2_reg=0.0000, acc=0.6639
[ 2022-08-31 12:14:16,285][train_tran.train_nn_models] [Validation] Epoch=176, nll=1035.0961, acc=0.4727
[ 2022-08-31 12:14:19,082][train_tran.train_nn_models] [Training] Epoch=177, loss=897.3123, nll=897.3123, l2_reg=0.0000, acc=0.6396
[ 2022-08-31 12:14:19,083][train_tran.train_nn_models] [Validation] Epoch=177, nll=1014.3351, acc=0.5114
[ 2022-08-31 12:14:21,827][train_tran.train_nn_models] [Training] Epoch=178, loss=847.9551, nll=847.9551, l2_reg=0.0000, acc=0.6771
[ 2022-08-31 12:14:21,828][train_tran.train_nn_models] [Validation] Epoch=178, nll=1004.9904, acc=0.4938
[ 2022-08-31 12:14:21,828][train_tran.train_nn_models] Found a better model at epoch 178.
[ 2022-08-31 12:14:24,443][train_tran.train_nn_models] [Training] Epoch=179, loss=814.8112, nll=814.8112, l2_reg=0.0000, acc=0.6965
[ 2022-08-31 12:14:24,444][train_tran.train_nn_models] [Validation] Epoch=179, nll=983.1282, acc=0.5099
[ 2022-08-31 12:14:24,444][train_tran.train_nn_models] Found a better model at epoch 179.
[ 2022-08-31 12:14:27,194][train_tran.train_nn_models] [Training] Epoch=180, loss=798.6935, nll=798.6935, l2_reg=0.0000, acc=0.7085
[ 2022-08-31 12:14:27,195][train_tran.train_nn_models] [Validation] Epoch=180, nll=1003.7010, acc=0.4922
[ 2022-08-31 12:14:29,954][train_tran.train_nn_models] [Training] Epoch=181, loss=830.3515, nll=830.3515, l2_reg=0.0000, acc=0.6874
[ 2022-08-31 12:14:29,955][train_tran.train_nn_models] [Validation] Epoch=181, nll=1076.7776, acc=0.4437
[ 2022-08-31 12:14:32,667][train_tran.train_nn_models] [Training] Epoch=182, loss=855.7870, nll=855.7870, l2_reg=0.0000, acc=0.6701
[ 2022-08-31 12:14:32,667][train_tran.train_nn_models] [Validation] Epoch=182, nll=1017.0787, acc=0.4837
[ 2022-08-31 12:14:35,499][train_tran.train_nn_models] [Training] Epoch=183, loss=797.6752, nll=797.6752, l2_reg=0.0000, acc=0.7161
[ 2022-08-31 12:14:35,499][train_tran.train_nn_models] [Validation] Epoch=183, nll=983.6058, acc=0.5057
[ 2022-08-31 12:14:38,222][train_tran.train_nn_models] [Training] Epoch=184, loss=769.8394, nll=769.8394, l2_reg=0.0000, acc=0.7329
[ 2022-08-31 12:14:38,222][train_tran.train_nn_models] [Validation] Epoch=184, nll=974.1769, acc=0.5171
[ 2022-08-31 12:14:38,223][train_tran.train_nn_models] Found a better model at epoch 184.
[ 2022-08-31 12:14:41,009][train_tran.train_nn_models] [Training] Epoch=185, loss=752.3347, nll=752.3347, l2_reg=0.0000, acc=0.7526
[ 2022-08-31 12:14:41,009][train_tran.train_nn_models] [Validation] Epoch=185, nll=968.3508, acc=0.5352
[ 2022-08-31 12:14:41,009][train_tran.train_nn_models] Found a better model at epoch 185.
[ 2022-08-31 12:14:43,752][train_tran.train_nn_models] [Training] Epoch=186, loss=748.2589, nll=748.2589, l2_reg=0.0000, acc=0.7556
[ 2022-08-31 12:14:43,753][train_tran.train_nn_models] [Validation] Epoch=186, nll=961.1805, acc=0.5381
[ 2022-08-31 12:14:43,753][train_tran.train_nn_models] Found a better model at epoch 186.
[ 2022-08-31 12:14:46,598][train_tran.train_nn_models] [Training] Epoch=187, loss=768.0004, nll=768.0004, l2_reg=0.0000, acc=0.7487
[ 2022-08-31 12:14:46,598][train_tran.train_nn_models] [Validation] Epoch=187, nll=1048.7959, acc=0.4665
[ 2022-08-31 12:14:49,175][train_tran.train_nn_models] [Training] Epoch=188, loss=803.6500, nll=803.6500, l2_reg=0.0000, acc=0.7293
[ 2022-08-31 12:14:49,176][train_tran.train_nn_models] [Validation] Epoch=188, nll=1013.9585, acc=0.4873
[ 2022-08-31 12:14:51,902][train_tran.train_nn_models] [Training] Epoch=189, loss=749.7266, nll=749.7266, l2_reg=0.0000, acc=0.7629
[ 2022-08-31 12:14:51,903][train_tran.train_nn_models] [Validation] Epoch=189, nll=966.6057, acc=0.5359
[ 2022-08-31 12:14:54,568][train_tran.train_nn_models] [Training] Epoch=190, loss=723.7013, nll=723.7013, l2_reg=0.0000, acc=0.7827
[ 2022-08-31 12:14:54,569][train_tran.train_nn_models] [Validation] Epoch=190, nll=964.7523, acc=0.5337
[ 2022-08-31 12:14:57,218][train_tran.train_nn_models] [Training] Epoch=191, loss=712.0871, nll=712.0871, l2_reg=0.0000, acc=0.7874
[ 2022-08-31 12:14:57,219][train_tran.train_nn_models] [Validation] Epoch=191, nll=963.5943, acc=0.5414
[ 2022-08-31 12:14:59,922][train_tran.train_nn_models] [Training] Epoch=192, loss=708.1500, nll=708.1500, l2_reg=0.0000, acc=0.7953
[ 2022-08-31 12:14:59,923][train_tran.train_nn_models] [Validation] Epoch=192, nll=969.2238, acc=0.5450
[ 2022-08-31 12:15:02,651][train_tran.train_nn_models] [Training] Epoch=193, loss=715.6074, nll=715.6074, l2_reg=0.0000, acc=0.7923
[ 2022-08-31 12:15:02,651][train_tran.train_nn_models] [Validation] Epoch=193, nll=952.7904, acc=0.5497
[ 2022-08-31 12:15:02,652][train_tran.train_nn_models] Found a better model at epoch 193.
[ 2022-08-31 12:15:05,359][train_tran.train_nn_models] [Training] Epoch=194, loss=705.2756, nll=705.2756, l2_reg=0.0000, acc=0.8003
[ 2022-08-31 12:15:05,360][train_tran.train_nn_models] [Validation] Epoch=194, nll=957.4944, acc=0.5592
[ 2022-08-31 12:15:08,042][train_tran.train_nn_models] [Training] Epoch=195, loss=696.1619, nll=696.1619, l2_reg=0.0000, acc=0.8073
[ 2022-08-31 12:15:08,043][train_tran.train_nn_models] [Validation] Epoch=195, nll=956.9911, acc=0.5630
[ 2022-08-31 12:15:11,047][train_tran.train_nn_models] [Training] Epoch=196, loss=714.1345, nll=714.1345, l2_reg=0.0000, acc=0.7939
[ 2022-08-31 12:15:11,048][train_tran.train_nn_models] [Validation] Epoch=196, nll=958.5769, acc=0.5529
[ 2022-08-31 12:15:13,733][train_tran.train_nn_models] [Training] Epoch=197, loss=701.9132, nll=701.9132, l2_reg=0.0000, acc=0.8001
[ 2022-08-31 12:15:13,734][train_tran.train_nn_models] [Validation] Epoch=197, nll=960.2114, acc=0.5445
[ 2022-08-31 12:15:16,555][train_tran.train_nn_models] [Training] Epoch=198, loss=688.1964, nll=688.1964, l2_reg=0.0000, acc=0.8083
[ 2022-08-31 12:15:16,555][train_tran.train_nn_models] [Validation] Epoch=198, nll=949.8167, acc=0.5564
[ 2022-08-31 12:15:16,556][train_tran.train_nn_models] Found a better model at epoch 198.
[ 2022-08-31 12:15:19,238][train_tran.train_nn_models] [Training] Epoch=199, loss=680.2034, nll=680.2034, l2_reg=0.0000, acc=0.8164
[ 2022-08-31 12:15:19,239][train_tran.train_nn_models] [Validation] Epoch=199, nll=949.5855, acc=0.5631
[ 2022-08-31 12:15:19,239][train_tran.train_nn_models] Found a better model at epoch 199.
[ 2022-08-31 12:15:21,922][train_tran.train_nn_models] [Training] Epoch=200, loss=673.3268, nll=673.3268, l2_reg=0.0000, acc=0.8245
[ 2022-08-31 12:15:21,923][train_tran.train_nn_models] [Validation] Epoch=200, nll=962.0731, acc=0.5729
[ 2022-08-31 12:15:24,899][train_tran.train_nn_models] [Training] Epoch=201, loss=668.1541, nll=668.1541, l2_reg=0.0000, acc=0.8291
[ 2022-08-31 12:15:24,899][train_tran.train_nn_models] [Validation] Epoch=201, nll=962.6962, acc=0.5648
[ 2022-08-31 12:15:27,627][train_tran.train_nn_models] [Training] Epoch=202, loss=693.2398, nll=693.2398, l2_reg=0.0000, acc=0.8148
[ 2022-08-31 12:15:27,628][train_tran.train_nn_models] [Validation] Epoch=202, nll=968.4793, acc=0.5460
[ 2022-08-31 12:15:30,308][train_tran.train_nn_models] [Training] Epoch=203, loss=685.8699, nll=685.8699, l2_reg=0.0000, acc=0.8165
[ 2022-08-31 12:15:30,309][train_tran.train_nn_models] [Validation] Epoch=203, nll=974.5583, acc=0.5456
[ 2022-08-31 12:15:33,046][train_tran.train_nn_models] [Training] Epoch=204, loss=673.4819, nll=673.4819, l2_reg=0.0000, acc=0.8293
[ 2022-08-31 12:15:33,047][train_tran.train_nn_models] [Validation] Epoch=204, nll=975.5975, acc=0.5504
[ 2022-08-31 12:15:35,736][train_tran.train_nn_models] [Training] Epoch=205, loss=654.7210, nll=654.7210, l2_reg=0.0000, acc=0.8394
[ 2022-08-31 12:15:35,737][train_tran.train_nn_models] [Validation] Epoch=205, nll=934.9265, acc=0.5771
[ 2022-08-31 12:15:35,737][train_tran.train_nn_models] Found a better model at epoch 205.
[ 2022-08-31 12:15:38,364][train_tran.train_nn_models] [Training] Epoch=206, loss=647.8813, nll=647.8813, l2_reg=0.0000, acc=0.8450
[ 2022-08-31 12:15:38,364][train_tran.train_nn_models] [Validation] Epoch=206, nll=941.9293, acc=0.5801
[ 2022-08-31 12:15:41,074][train_tran.train_nn_models] [Training] Epoch=207, loss=643.2945, nll=643.2945, l2_reg=0.0000, acc=0.8463
[ 2022-08-31 12:15:41,074][train_tran.train_nn_models] [Validation] Epoch=207, nll=939.6651, acc=0.5779
[ 2022-08-31 12:15:43,820][train_tran.train_nn_models] [Training] Epoch=208, loss=637.6888, nll=637.6888, l2_reg=0.0000, acc=0.8496
[ 2022-08-31 12:15:43,821][train_tran.train_nn_models] [Validation] Epoch=208, nll=934.0978, acc=0.5820
[ 2022-08-31 12:15:43,821][train_tran.train_nn_models] Found a better model at epoch 208.
[ 2022-08-31 12:15:46,484][train_tran.train_nn_models] [Training] Epoch=209, loss=640.2599, nll=640.2599, l2_reg=0.0000, acc=0.8479
[ 2022-08-31 12:15:46,484][train_tran.train_nn_models] [Validation] Epoch=209, nll=944.9207, acc=0.5756
[ 2022-08-31 12:15:49,122][train_tran.train_nn_models] [Training] Epoch=210, loss=654.0775, nll=654.0775, l2_reg=0.0000, acc=0.8389
[ 2022-08-31 12:15:49,122][train_tran.train_nn_models] [Validation] Epoch=210, nll=956.7592, acc=0.5624
[ 2022-08-31 12:15:51,786][train_tran.train_nn_models] [Training] Epoch=211, loss=712.9004, nll=712.9004, l2_reg=0.0000, acc=0.8010
[ 2022-08-31 12:15:51,786][train_tran.train_nn_models] [Validation] Epoch=211, nll=954.3512, acc=0.5513
[ 2022-08-31 12:15:54,485][train_tran.train_nn_models] [Training] Epoch=212, loss=662.9337, nll=662.9337, l2_reg=0.0000, acc=0.8350
[ 2022-08-31 12:15:54,485][train_tran.train_nn_models] [Validation] Epoch=212, nll=941.0908, acc=0.5693
[ 2022-08-31 12:15:57,185][train_tran.train_nn_models] [Training] Epoch=213, loss=635.1243, nll=635.1243, l2_reg=0.0000, acc=0.8553
[ 2022-08-31 12:15:57,185][train_tran.train_nn_models] [Validation] Epoch=213, nll=948.6482, acc=0.5643
[ 2022-08-31 12:15:59,861][train_tran.train_nn_models] [Training] Epoch=214, loss=627.0654, nll=627.0654, l2_reg=0.0000, acc=0.8588
[ 2022-08-31 12:15:59,861][train_tran.train_nn_models] [Validation] Epoch=214, nll=936.4661, acc=0.5810
[ 2022-08-31 12:16:02,608][train_tran.train_nn_models] [Training] Epoch=215, loss=624.0465, nll=624.0465, l2_reg=0.0000, acc=0.8592
[ 2022-08-31 12:16:02,609][train_tran.train_nn_models] [Validation] Epoch=215, nll=932.3217, acc=0.5849
[ 2022-08-31 12:16:02,609][train_tran.train_nn_models] Found a better model at epoch 215.
[ 2022-08-31 12:16:05,273][train_tran.train_nn_models] [Training] Epoch=216, loss=621.6381, nll=621.6381, l2_reg=0.0000, acc=0.8608
[ 2022-08-31 12:16:05,274][train_tran.train_nn_models] [Validation] Epoch=216, nll=925.1302, acc=0.5905
[ 2022-08-31 12:16:05,274][train_tran.train_nn_models] Found a better model at epoch 216.
[ 2022-08-31 12:16:08,061][train_tran.train_nn_models] [Training] Epoch=217, loss=620.5741, nll=620.5741, l2_reg=0.0000, acc=0.8609
[ 2022-08-31 12:16:08,061][train_tran.train_nn_models] [Validation] Epoch=217, nll=928.7380, acc=0.5901
[ 2022-08-31 12:16:10,726][train_tran.train_nn_models] [Training] Epoch=218, loss=617.7249, nll=617.7249, l2_reg=0.0000, acc=0.8614
[ 2022-08-31 12:16:10,727][train_tran.train_nn_models] [Validation] Epoch=218, nll=930.0174, acc=0.5892
[ 2022-08-31 12:16:13,530][train_tran.train_nn_models] [Training] Epoch=219, loss=619.7292, nll=619.7292, l2_reg=0.0000, acc=0.8611
[ 2022-08-31 12:16:13,531][train_tran.train_nn_models] [Validation] Epoch=219, nll=938.9812, acc=0.5765
[ 2022-08-31 12:16:16,402][train_tran.train_nn_models] [Training] Epoch=220, loss=666.1661, nll=666.1661, l2_reg=0.0000, acc=0.8423
[ 2022-08-31 12:16:16,403][train_tran.train_nn_models] [Validation] Epoch=220, nll=1030.0928, acc=0.5307
[ 2022-08-31 12:16:19,081][train_tran.train_nn_models] [Training] Epoch=221, loss=701.2114, nll=701.2114, l2_reg=0.0000, acc=0.8060
[ 2022-08-31 12:16:19,082][train_tran.train_nn_models] [Validation] Epoch=221, nll=954.8892, acc=0.5612
[ 2022-08-31 12:16:21,764][train_tran.train_nn_models] [Training] Epoch=222, loss=645.6812, nll=645.6812, l2_reg=0.0000, acc=0.8504
[ 2022-08-31 12:16:21,766][train_tran.train_nn_models] [Validation] Epoch=222, nll=926.4301, acc=0.5794
[ 2022-08-31 12:16:24,588][train_tran.train_nn_models] [Training] Epoch=223, loss=620.5186, nll=620.5186, l2_reg=0.0000, acc=0.8618
[ 2022-08-31 12:16:24,589][train_tran.train_nn_models] [Validation] Epoch=223, nll=924.1651, acc=0.5898
[ 2022-08-31 12:16:24,589][train_tran.train_nn_models] Found a better model at epoch 223.
[ 2022-08-31 12:16:27,421][train_tran.train_nn_models] [Training] Epoch=224, loss=614.4227, nll=614.4227, l2_reg=0.0000, acc=0.8638
[ 2022-08-31 12:16:27,421][train_tran.train_nn_models] [Validation] Epoch=224, nll=943.4716, acc=0.5852
[ 2022-08-31 12:16:30,171][train_tran.train_nn_models] [Training] Epoch=225, loss=612.1761, nll=612.1761, l2_reg=0.0000, acc=0.8658
[ 2022-08-31 12:16:30,172][train_tran.train_nn_models] [Validation] Epoch=225, nll=932.0034, acc=0.5840
[ 2022-08-31 12:16:32,779][train_tran.train_nn_models] [Training] Epoch=226, loss=610.5348, nll=610.5348, l2_reg=0.0000, acc=0.8685
[ 2022-08-31 12:16:32,779][train_tran.train_nn_models] [Validation] Epoch=226, nll=924.4714, acc=0.5856
[ 2022-08-31 12:16:35,504][train_tran.train_nn_models] [Training] Epoch=227, loss=609.6307, nll=609.6307, l2_reg=0.0000, acc=0.8670
[ 2022-08-31 12:16:35,505][train_tran.train_nn_models] [Validation] Epoch=227, nll=935.8564, acc=0.5794
[ 2022-08-31 12:16:38,213][train_tran.train_nn_models] [Training] Epoch=228, loss=613.9329, nll=613.9329, l2_reg=0.0000, acc=0.8644
[ 2022-08-31 12:16:38,213][train_tran.train_nn_models] [Validation] Epoch=228, nll=908.1258, acc=0.6003
[ 2022-08-31 12:16:38,213][train_tran.train_nn_models] Found a better model at epoch 228.
[ 2022-08-31 12:16:40,933][train_tran.train_nn_models] [Training] Epoch=229, loss=626.9565, nll=626.9565, l2_reg=0.0000, acc=0.8577
[ 2022-08-31 12:16:40,934][train_tran.train_nn_models] [Validation] Epoch=229, nll=914.0276, acc=0.5866
[ 2022-08-31 12:16:43,616][train_tran.train_nn_models] [Training] Epoch=230, loss=620.8866, nll=620.8866, l2_reg=0.0000, acc=0.8595
[ 2022-08-31 12:16:43,617][train_tran.train_nn_models] [Validation] Epoch=230, nll=923.1849, acc=0.5860
[ 2022-08-31 12:16:46,201][train_tran.train_nn_models] [Training] Epoch=231, loss=606.8349, nll=606.8349, l2_reg=0.0000, acc=0.8663
[ 2022-08-31 12:16:46,202][train_tran.train_nn_models] [Validation] Epoch=231, nll=913.1771, acc=0.5922
[ 2022-08-31 12:16:48,852][train_tran.train_nn_models] [Training] Epoch=232, loss=601.5182, nll=601.5182, l2_reg=0.0000, acc=0.8686
[ 2022-08-31 12:16:48,852][train_tran.train_nn_models] [Validation] Epoch=232, nll=913.6859, acc=0.5916
[ 2022-08-31 12:16:51,505][train_tran.train_nn_models] [Training] Epoch=233, loss=598.8173, nll=598.8173, l2_reg=0.0000, acc=0.8700
[ 2022-08-31 12:16:51,506][train_tran.train_nn_models] [Validation] Epoch=233, nll=910.8661, acc=0.5964
[ 2022-08-31 12:16:54,216][train_tran.train_nn_models] [Training] Epoch=234, loss=604.2961, nll=604.2961, l2_reg=0.0000, acc=0.8665
[ 2022-08-31 12:16:54,217][train_tran.train_nn_models] [Validation] Epoch=234, nll=872.7180, acc=0.6243
[ 2022-08-31 12:16:54,218][train_tran.train_nn_models] Found a better model at epoch 234.
[ 2022-08-31 12:16:57,028][train_tran.train_nn_models] [Training] Epoch=235, loss=623.7420, nll=623.7420, l2_reg=0.0000, acc=0.8583
[ 2022-08-31 12:16:57,029][train_tran.train_nn_models] [Validation] Epoch=235, nll=897.6174, acc=0.6011
[ 2022-08-31 12:16:59,639][train_tran.train_nn_models] [Training] Epoch=236, loss=613.9861, nll=613.9861, l2_reg=0.0000, acc=0.8614
[ 2022-08-31 12:16:59,639][train_tran.train_nn_models] [Validation] Epoch=236, nll=929.5240, acc=0.5799
[ 2022-08-31 12:17:02,489][train_tran.train_nn_models] [Training] Epoch=237, loss=620.4958, nll=620.4958, l2_reg=0.0000, acc=0.8589
[ 2022-08-31 12:17:02,490][train_tran.train_nn_models] [Validation] Epoch=237, nll=929.6020, acc=0.5791
[ 2022-08-31 12:17:05,086][train_tran.train_nn_models] [Training] Epoch=238, loss=630.2870, nll=630.2870, l2_reg=0.0000, acc=0.8575
[ 2022-08-31 12:17:05,087][train_tran.train_nn_models] [Validation] Epoch=238, nll=919.7198, acc=0.5785
[ 2022-08-31 12:17:07,679][train_tran.train_nn_models] [Training] Epoch=239, loss=615.3010, nll=615.3010, l2_reg=0.0000, acc=0.8590
[ 2022-08-31 12:17:07,680][train_tran.train_nn_models] [Validation] Epoch=239, nll=943.6354, acc=0.5637
[ 2022-08-31 12:17:10,257][train_tran.train_nn_models] [Training] Epoch=240, loss=605.2876, nll=605.2876, l2_reg=0.0000, acc=0.8666
[ 2022-08-31 12:17:10,258][train_tran.train_nn_models] [Validation] Epoch=240, nll=911.7482, acc=0.5964
[ 2022-08-31 12:17:13,077][train_tran.train_nn_models] [Training] Epoch=241, loss=596.1051, nll=596.1051, l2_reg=0.0000, acc=0.8714
[ 2022-08-31 12:17:13,077][train_tran.train_nn_models] [Validation] Epoch=241, nll=898.1478, acc=0.6034
[ 2022-08-31 12:17:15,736][train_tran.train_nn_models] [Training] Epoch=242, loss=593.3842, nll=593.3842, l2_reg=0.0000, acc=0.8718
[ 2022-08-31 12:17:15,737][train_tran.train_nn_models] [Validation] Epoch=242, nll=900.5806, acc=0.5978
[ 2022-08-31 12:17:18,355][train_tran.train_nn_models] [Training] Epoch=243, loss=591.0912, nll=591.0912, l2_reg=0.0000, acc=0.8740
[ 2022-08-31 12:17:18,356][train_tran.train_nn_models] [Validation] Epoch=243, nll=900.2858, acc=0.6010
[ 2022-08-31 12:17:21,098][train_tran.train_nn_models] [Training] Epoch=244, loss=605.3428, nll=605.3428, l2_reg=0.0000, acc=0.8678
[ 2022-08-31 12:17:21,098][train_tran.train_nn_models] [Validation] Epoch=244, nll=906.4333, acc=0.5942
[ 2022-08-31 12:17:23,908][train_tran.train_nn_models] [Training] Epoch=245, loss=607.8487, nll=607.8487, l2_reg=0.0000, acc=0.8645
[ 2022-08-31 12:17:23,909][train_tran.train_nn_models] [Validation] Epoch=245, nll=919.7791, acc=0.5819
[ 2022-08-31 12:17:26,615][train_tran.train_nn_models] [Training] Epoch=246, loss=612.4052, nll=612.4052, l2_reg=0.0000, acc=0.8663
[ 2022-08-31 12:17:26,616][train_tran.train_nn_models] [Validation] Epoch=246, nll=896.3527, acc=0.5938
[ 2022-08-31 12:17:29,332][train_tran.train_nn_models] [Training] Epoch=247, loss=602.0530, nll=602.0530, l2_reg=0.0000, acc=0.8690
[ 2022-08-31 12:17:29,332][train_tran.train_nn_models] [Validation] Epoch=247, nll=905.8177, acc=0.5914
[ 2022-08-31 12:17:32,030][train_tran.train_nn_models] [Training] Epoch=248, loss=591.7881, nll=591.7881, l2_reg=0.0000, acc=0.8715
[ 2022-08-31 12:17:32,030][train_tran.train_nn_models] [Validation] Epoch=248, nll=901.8656, acc=0.5987
[ 2022-08-31 12:17:34,732][train_tran.train_nn_models] [Training] Epoch=249, loss=589.1006, nll=589.1006, l2_reg=0.0000, acc=0.8771
[ 2022-08-31 12:17:34,733][train_tran.train_nn_models] [Validation] Epoch=249, nll=905.3607, acc=0.5984
[ 2022-08-31 12:17:35,027][train_tran.eval_nll] [Test]nll=1042.7321, acc=0.5047
[ 2022-08-31 12:44:14,585][train_tran.<module>]                    timestamp  ...                                             config
0 2022-08-31 12:44:14.552263  ...  {'model': 'Tran', 'dataset': 'pgem-1K-15', 'in...
1 2022-08-31 12:44:14.552263  ...  {'model': 'Tran', 'dataset': 'pgem-1K-15', 'in...
2 2022-08-31 12:44:14.552263  ...  {'model': 'Tran', 'dataset': 'pgem-1K-15', 'in...
3 2022-08-31 12:44:14.552263  ...  {'model': 'Tran', 'dataset': 'pgem-1K-15', 'in...
4 2022-08-31 12:44:14.552263  ...  {'model': 'Tran', 'dataset': 'pgem-1K-15', 'in...
5 2022-08-31 12:44:14.552263  ...  {'model': 'Tran', 'dataset': 'pgem-1K-15', 'in...

[6 rows x 7 columns]
