[ 2022-08-31 16:18:54,428][train_tran.<module>] Namespace(attr_batch_size=0, basis_type='dyadic', batch_size=64, bucket_seqs=False, cuda=True, dataset='mhp-1K-10', dropout=0.0, embedding_dim=64, epochs=250, hidden_size=64, input_dir='data/input', l2_reg=0, lr=0.0008, max_mean=100, model='Tran', n_bases=7, num_workers=0, occurred_type_only=False, optimizer='Adam', output_dir='data/output', rand_seed=1, skip_eval_infectivity=False, skip_pred_next_event=False, split_id=4, steps=50, tran_head=1, tran_layer=3, tune_metric='nll', verbose=False)
[ 2022-08-31 16:19:19,460][train_tran.train_nn_models] [Training] Epoch=0, loss=34246.7148, nll=34246.7148, l2_reg=0.0000, acc=0.1151
[ 2022-08-31 16:19:19,460][train_tran.train_nn_models] [Validation] Epoch=0, nll=16749.4590, acc=0.1037
[ 2022-08-31 16:19:36,787][train_tran.train_nn_models] [Training] Epoch=1, loss=10473.8506, nll=10473.8506, l2_reg=0.0000, acc=0.1167
[ 2022-08-31 16:19:36,788][train_tran.train_nn_models] [Validation] Epoch=1, nll=4394.7905, acc=0.1152
[ 2022-08-31 16:19:54,659][train_tran.train_nn_models] [Training] Epoch=2, loss=3290.1511, nll=3290.1511, l2_reg=0.0000, acc=0.1202
[ 2022-08-31 16:19:54,660][train_tran.train_nn_models] [Validation] Epoch=2, nll=2638.5947, acc=0.1215
[ 2022-08-31 16:20:12,861][train_tran.train_nn_models] [Training] Epoch=3, loss=2671.5967, nll=2671.5967, l2_reg=0.0000, acc=0.1247
[ 2022-08-31 16:20:12,862][train_tran.train_nn_models] [Validation] Epoch=3, nll=2674.5010, acc=0.1363
[ 2022-08-31 16:20:31,439][train_tran.train_nn_models] [Training] Epoch=4, loss=2671.1484, nll=2671.1484, l2_reg=0.0000, acc=0.1671
[ 2022-08-31 16:20:31,439][train_tran.train_nn_models] [Validation] Epoch=4, nll=2597.8933, acc=0.1729
[ 2022-08-31 16:20:49,548][train_tran.train_nn_models] [Training] Epoch=5, loss=2589.2981, nll=2589.2981, l2_reg=0.0000, acc=0.1722
[ 2022-08-31 16:20:49,549][train_tran.train_nn_models] [Validation] Epoch=5, nll=2538.0442, acc=0.1730
[ 2022-08-31 16:21:06,747][train_tran.train_nn_models] [Training] Epoch=6, loss=2560.3127, nll=2560.3127, l2_reg=0.0000, acc=0.1755
[ 2022-08-31 16:21:06,747][train_tran.train_nn_models] [Validation] Epoch=6, nll=2527.9126, acc=0.1878
[ 2022-08-31 16:21:24,705][train_tran.train_nn_models] [Training] Epoch=7, loss=2553.0469, nll=2553.0469, l2_reg=0.0000, acc=0.1871
[ 2022-08-31 16:21:24,706][train_tran.train_nn_models] [Validation] Epoch=7, nll=2522.6072, acc=0.1876
[ 2022-08-31 16:21:42,024][train_tran.train_nn_models] [Training] Epoch=8, loss=2548.5242, nll=2548.5242, l2_reg=0.0000, acc=0.1874
[ 2022-08-31 16:21:42,024][train_tran.train_nn_models] [Validation] Epoch=8, nll=2520.0007, acc=0.1890
[ 2022-08-31 16:21:59,554][train_tran.train_nn_models] [Training] Epoch=9, loss=2545.7903, nll=2545.7903, l2_reg=0.0000, acc=0.1883
[ 2022-08-31 16:21:59,555][train_tran.train_nn_models] [Validation] Epoch=9, nll=2517.1985, acc=0.1933
[ 2022-08-31 16:22:17,183][train_tran.train_nn_models] [Training] Epoch=10, loss=2543.5273, nll=2543.5273, l2_reg=0.0000, acc=0.1905
[ 2022-08-31 16:22:17,183][train_tran.train_nn_models] [Validation] Epoch=10, nll=2515.2129, acc=0.1948
[ 2022-08-31 16:22:35,711][train_tran.train_nn_models] [Training] Epoch=11, loss=2541.7874, nll=2541.7874, l2_reg=0.0000, acc=0.1930
[ 2022-08-31 16:22:35,712][train_tran.train_nn_models] [Validation] Epoch=11, nll=2513.7732, acc=0.1951
[ 2022-08-31 16:22:54,345][train_tran.train_nn_models] [Training] Epoch=12, loss=2540.3464, nll=2540.3464, l2_reg=0.0000, acc=0.1934
[ 2022-08-31 16:22:54,346][train_tran.train_nn_models] [Validation] Epoch=12, nll=2512.5046, acc=0.1951
[ 2022-08-31 16:23:11,609][train_tran.train_nn_models] [Training] Epoch=13, loss=2539.0996, nll=2539.0996, l2_reg=0.0000, acc=0.1936
[ 2022-08-31 16:23:11,610][train_tran.train_nn_models] [Validation] Epoch=13, nll=2511.2974, acc=0.1960
[ 2022-08-31 16:23:29,652][train_tran.train_nn_models] [Training] Epoch=14, loss=2537.9922, nll=2537.9922, l2_reg=0.0000, acc=0.1937
[ 2022-08-31 16:23:29,652][train_tran.train_nn_models] [Validation] Epoch=14, nll=2510.2373, acc=0.1963
[ 2022-08-31 16:23:47,922][train_tran.train_nn_models] [Training] Epoch=15, loss=2537.0266, nll=2537.0266, l2_reg=0.0000, acc=0.1937
[ 2022-08-31 16:23:47,923][train_tran.train_nn_models] [Validation] Epoch=15, nll=2509.3213, acc=0.1961
[ 2022-08-31 16:24:06,107][train_tran.train_nn_models] [Training] Epoch=16, loss=2536.1938, nll=2536.1938, l2_reg=0.0000, acc=0.1939
[ 2022-08-31 16:24:06,108][train_tran.train_nn_models] [Validation] Epoch=16, nll=2508.5232, acc=0.1964
[ 2022-08-31 16:24:24,426][train_tran.train_nn_models] [Training] Epoch=17, loss=2535.4675, nll=2535.4675, l2_reg=0.0000, acc=0.1938
[ 2022-08-31 16:24:24,426][train_tran.train_nn_models] [Validation] Epoch=17, nll=2507.8235, acc=0.1971
[ 2022-08-31 16:24:43,219][train_tran.train_nn_models] [Training] Epoch=18, loss=2534.8213, nll=2534.8213, l2_reg=0.0000, acc=0.1938
[ 2022-08-31 16:24:43,219][train_tran.train_nn_models] [Validation] Epoch=18, nll=2507.1960, acc=0.1971
[ 2022-08-31 16:25:01,589][train_tran.train_nn_models] [Training] Epoch=19, loss=2534.2402, nll=2534.2402, l2_reg=0.0000, acc=0.1940
[ 2022-08-31 16:25:01,589][train_tran.train_nn_models] [Validation] Epoch=19, nll=2506.6340, acc=0.1970
[ 2022-08-31 16:25:19,037][train_tran.train_nn_models] [Training] Epoch=20, loss=2533.7227, nll=2533.7227, l2_reg=0.0000, acc=0.1939
[ 2022-08-31 16:25:19,038][train_tran.train_nn_models] [Validation] Epoch=20, nll=2506.1467, acc=0.1968
[ 2022-08-31 16:25:36,898][train_tran.train_nn_models] [Training] Epoch=21, loss=2533.2642, nll=2533.2642, l2_reg=0.0000, acc=0.1939
[ 2022-08-31 16:25:36,899][train_tran.train_nn_models] [Validation] Epoch=21, nll=2505.7302, acc=0.1966
[ 2022-08-31 16:25:54,487][train_tran.train_nn_models] [Training] Epoch=22, loss=2532.8533, nll=2532.8533, l2_reg=0.0000, acc=0.1939
[ 2022-08-31 16:25:54,488][train_tran.train_nn_models] [Validation] Epoch=22, nll=2505.3606, acc=0.1966
[ 2022-08-31 16:26:11,948][train_tran.train_nn_models] [Training] Epoch=23, loss=2532.4707, nll=2532.4707, l2_reg=0.0000, acc=0.1939
[ 2022-08-31 16:26:11,949][train_tran.train_nn_models] [Validation] Epoch=23, nll=2505.0134, acc=0.1967
[ 2022-08-31 16:26:29,899][train_tran.train_nn_models] [Training] Epoch=24, loss=2532.1050, nll=2532.1050, l2_reg=0.0000, acc=0.1940
[ 2022-08-31 16:26:29,899][train_tran.train_nn_models] [Validation] Epoch=24, nll=2504.6794, acc=0.1966
[ 2022-08-31 16:26:47,882][train_tran.train_nn_models] [Training] Epoch=25, loss=2531.7488, nll=2531.7488, l2_reg=0.0000, acc=0.1939
[ 2022-08-31 16:26:47,883][train_tran.train_nn_models] [Validation] Epoch=25, nll=2504.3530, acc=0.1970
[ 2022-08-31 16:27:06,015][train_tran.train_nn_models] [Training] Epoch=26, loss=2531.3933, nll=2531.3933, l2_reg=0.0000, acc=0.1940
[ 2022-08-31 16:27:06,015][train_tran.train_nn_models] [Validation] Epoch=26, nll=2504.0286, acc=0.1971
[ 2022-08-31 16:27:23,547][train_tran.train_nn_models] [Training] Epoch=27, loss=2531.0305, nll=2531.0305, l2_reg=0.0000, acc=0.1941
[ 2022-08-31 16:27:23,547][train_tran.train_nn_models] [Validation] Epoch=27, nll=2503.6985, acc=0.1970
[ 2022-08-31 16:27:41,330][train_tran.train_nn_models] [Training] Epoch=28, loss=2530.6536, nll=2530.6536, l2_reg=0.0000, acc=0.1940
[ 2022-08-31 16:27:41,331][train_tran.train_nn_models] [Validation] Epoch=28, nll=2503.3552, acc=0.1973
[ 2022-08-31 16:28:00,299][train_tran.train_nn_models] [Training] Epoch=29, loss=2530.2549, nll=2530.2549, l2_reg=0.0000, acc=0.1941
[ 2022-08-31 16:28:00,300][train_tran.train_nn_models] [Validation] Epoch=29, nll=2502.9939, acc=0.1975
[ 2022-08-31 16:28:18,248][train_tran.train_nn_models] [Training] Epoch=30, loss=2529.8286, nll=2529.8286, l2_reg=0.0000, acc=0.1940
[ 2022-08-31 16:28:18,248][train_tran.train_nn_models] [Validation] Epoch=30, nll=2502.6072, acc=0.1975
[ 2022-08-31 16:28:36,846][train_tran.train_nn_models] [Training] Epoch=31, loss=2529.3708, nll=2529.3708, l2_reg=0.0000, acc=0.1940
[ 2022-08-31 16:28:36,847][train_tran.train_nn_models] [Validation] Epoch=31, nll=2502.1973, acc=0.1976
[ 2022-08-31 16:28:54,677][train_tran.train_nn_models] [Training] Epoch=32, loss=2528.8784, nll=2528.8784, l2_reg=0.0000, acc=0.1940
[ 2022-08-31 16:28:54,677][train_tran.train_nn_models] [Validation] Epoch=32, nll=2501.7554, acc=0.1975
[ 2022-08-31 16:29:13,065][train_tran.train_nn_models] [Training] Epoch=33, loss=2528.3396, nll=2528.3396, l2_reg=0.0000, acc=0.1940
[ 2022-08-31 16:29:13,067][train_tran.train_nn_models] [Validation] Epoch=33, nll=2501.2671, acc=0.1974
[ 2022-08-31 16:29:30,845][train_tran.train_nn_models] [Training] Epoch=34, loss=2527.7485, nll=2527.7485, l2_reg=0.0000, acc=0.1940
[ 2022-08-31 16:29:30,846][train_tran.train_nn_models] [Validation] Epoch=34, nll=2500.7324, acc=0.1974
[ 2022-08-31 16:29:49,257][train_tran.train_nn_models] [Training] Epoch=35, loss=2527.0991, nll=2527.0991, l2_reg=0.0000, acc=0.1940
[ 2022-08-31 16:29:49,257][train_tran.train_nn_models] [Validation] Epoch=35, nll=2500.1428, acc=0.1976
[ 2022-08-31 16:30:06,664][train_tran.train_nn_models] [Training] Epoch=36, loss=2526.3867, nll=2526.3867, l2_reg=0.0000, acc=0.1940
[ 2022-08-31 16:30:06,664][train_tran.train_nn_models] [Validation] Epoch=36, nll=2499.4919, acc=0.1974
[ 2022-08-31 16:30:24,836][train_tran.train_nn_models] [Training] Epoch=37, loss=2525.6108, nll=2525.6108, l2_reg=0.0000, acc=0.1939
[ 2022-08-31 16:30:24,837][train_tran.train_nn_models] [Validation] Epoch=37, nll=2498.7747, acc=0.1972
[ 2022-08-31 16:30:42,629][train_tran.train_nn_models] [Training] Epoch=38, loss=2524.7776, nll=2524.7776, l2_reg=0.0000, acc=0.1939
[ 2022-08-31 16:30:42,630][train_tran.train_nn_models] [Validation] Epoch=38, nll=2497.9946, acc=0.1968
[ 2022-08-31 16:30:59,910][train_tran.train_nn_models] [Training] Epoch=39, loss=2523.8999, nll=2523.8999, l2_reg=0.0000, acc=0.1940
[ 2022-08-31 16:30:59,910][train_tran.train_nn_models] [Validation] Epoch=39, nll=2497.1516, acc=0.1965
[ 2022-08-31 16:31:18,299][train_tran.train_nn_models] [Training] Epoch=40, loss=2522.9958, nll=2522.9958, l2_reg=0.0000, acc=0.1940
[ 2022-08-31 16:31:18,299][train_tran.train_nn_models] [Validation] Epoch=40, nll=2496.2522, acc=0.1964
[ 2022-08-31 16:31:36,419][train_tran.train_nn_models] [Training] Epoch=41, loss=2522.0833, nll=2522.0833, l2_reg=0.0000, acc=0.1941
[ 2022-08-31 16:31:36,419][train_tran.train_nn_models] [Validation] Epoch=41, nll=2495.3003, acc=0.1964
[ 2022-08-31 16:31:55,115][train_tran.train_nn_models] [Training] Epoch=42, loss=2521.1724, nll=2521.1724, l2_reg=0.0000, acc=0.1940
[ 2022-08-31 16:31:55,116][train_tran.train_nn_models] [Validation] Epoch=42, nll=2494.3035, acc=0.1965
[ 2022-08-31 16:32:13,210][train_tran.train_nn_models] [Training] Epoch=43, loss=2520.2637, nll=2520.2637, l2_reg=0.0000, acc=0.1938
[ 2022-08-31 16:32:13,211][train_tran.train_nn_models] [Validation] Epoch=43, nll=2493.2695, acc=0.1964
[ 2022-08-31 16:32:30,810][train_tran.train_nn_models] [Training] Epoch=44, loss=2519.3528, nll=2519.3528, l2_reg=0.0000, acc=0.1939
[ 2022-08-31 16:32:30,811][train_tran.train_nn_models] [Validation] Epoch=44, nll=2492.2087, acc=0.1962
[ 2022-08-31 16:32:49,257][train_tran.train_nn_models] [Training] Epoch=45, loss=2518.4370, nll=2518.4370, l2_reg=0.0000, acc=0.1937
[ 2022-08-31 16:32:49,258][train_tran.train_nn_models] [Validation] Epoch=45, nll=2491.1328, acc=0.1962
[ 2022-08-31 16:33:06,731][train_tran.train_nn_models] [Training] Epoch=46, loss=2517.5178, nll=2517.5178, l2_reg=0.0000, acc=0.1937
[ 2022-08-31 16:33:06,731][train_tran.train_nn_models] [Validation] Epoch=46, nll=2490.0579, acc=0.1960
[ 2022-08-31 16:33:25,487][train_tran.train_nn_models] [Training] Epoch=47, loss=2516.6089, nll=2516.6089, l2_reg=0.0000, acc=0.1934
[ 2022-08-31 16:33:25,488][train_tran.train_nn_models] [Validation] Epoch=47, nll=2489.0271, acc=0.1955
[ 2022-08-31 16:33:43,082][train_tran.train_nn_models] [Training] Epoch=48, loss=2515.7449, nll=2515.7449, l2_reg=0.0000, acc=0.1932
[ 2022-08-31 16:33:43,082][train_tran.train_nn_models] [Validation] Epoch=48, nll=2488.0532, acc=0.1955
[ 2022-08-31 16:34:01,361][train_tran.train_nn_models] [Training] Epoch=49, loss=2514.8916, nll=2514.8916, l2_reg=0.0000, acc=0.1931
[ 2022-08-31 16:34:01,362][train_tran.train_nn_models] [Validation] Epoch=49, nll=2487.1333, acc=0.1953
[ 2022-08-31 16:34:19,167][train_tran.train_nn_models] [Training] Epoch=50, loss=2514.1016, nll=2514.1016, l2_reg=0.0000, acc=0.1931
[ 2022-08-31 16:34:19,167][train_tran.train_nn_models] [Validation] Epoch=50, nll=2486.3494, acc=0.1949
[ 2022-08-31 16:34:36,546][train_tran.train_nn_models] [Training] Epoch=51, loss=2513.3730, nll=2513.3730, l2_reg=0.0000, acc=0.1930
[ 2022-08-31 16:34:36,547][train_tran.train_nn_models] [Validation] Epoch=51, nll=2485.6089, acc=0.1946
[ 2022-08-31 16:34:54,101][train_tran.train_nn_models] [Training] Epoch=52, loss=2512.6660, nll=2512.6660, l2_reg=0.0000, acc=0.1929
[ 2022-08-31 16:34:54,101][train_tran.train_nn_models] [Validation] Epoch=52, nll=2484.8884, acc=0.1949
[ 2022-08-31 16:35:11,090][train_tran.train_nn_models] [Training] Epoch=53, loss=2511.9783, nll=2511.9783, l2_reg=0.0000, acc=0.1930
[ 2022-08-31 16:35:11,091][train_tran.train_nn_models] [Validation] Epoch=53, nll=2484.2227, acc=0.1951
[ 2022-08-31 16:35:29,265][train_tran.train_nn_models] [Training] Epoch=54, loss=2511.3079, nll=2511.3079, l2_reg=0.0000, acc=0.1931
[ 2022-08-31 16:35:29,266][train_tran.train_nn_models] [Validation] Epoch=54, nll=2483.3792, acc=0.1958
[ 2022-08-31 16:35:46,578][train_tran.train_nn_models] [Training] Epoch=55, loss=2510.6228, nll=2510.6228, l2_reg=0.0000, acc=0.1935
[ 2022-08-31 16:35:46,578][train_tran.train_nn_models] [Validation] Epoch=55, nll=2482.5984, acc=0.1954
[ 2022-08-31 16:36:04,082][train_tran.train_nn_models] [Training] Epoch=56, loss=2509.9980, nll=2509.9980, l2_reg=0.0000, acc=0.1932
[ 2022-08-31 16:36:04,083][train_tran.train_nn_models] [Validation] Epoch=56, nll=2481.8389, acc=0.1952
[ 2022-08-31 16:36:21,311][train_tran.train_nn_models] [Training] Epoch=57, loss=2509.3777, nll=2509.3777, l2_reg=0.0000, acc=0.1934
[ 2022-08-31 16:36:21,312][train_tran.train_nn_models] [Validation] Epoch=57, nll=2481.1001, acc=0.1960
[ 2022-08-31 16:36:38,639][train_tran.train_nn_models] [Training] Epoch=58, loss=2508.7742, nll=2508.7742, l2_reg=0.0000, acc=0.1936
[ 2022-08-31 16:36:38,640][train_tran.train_nn_models] [Validation] Epoch=58, nll=2480.4512, acc=0.1958
[ 2022-08-31 16:36:55,863][train_tran.train_nn_models] [Training] Epoch=59, loss=2508.1824, nll=2508.1824, l2_reg=0.0000, acc=0.1936
[ 2022-08-31 16:36:55,863][train_tran.train_nn_models] [Validation] Epoch=59, nll=2479.8367, acc=0.1961
[ 2022-08-31 16:37:12,749][train_tran.train_nn_models] [Training] Epoch=60, loss=2507.5920, nll=2507.5920, l2_reg=0.0000, acc=0.1938
[ 2022-08-31 16:37:12,749][train_tran.train_nn_models] [Validation] Epoch=60, nll=2479.2261, acc=0.1963
[ 2022-08-31 16:37:30,525][train_tran.train_nn_models] [Training] Epoch=61, loss=2506.9866, nll=2506.9866, l2_reg=0.0000, acc=0.1939
[ 2022-08-31 16:37:30,526][train_tran.train_nn_models] [Validation] Epoch=61, nll=2478.5852, acc=0.1964
[ 2022-08-31 16:37:48,463][train_tran.train_nn_models] [Training] Epoch=62, loss=2506.3596, nll=2506.3596, l2_reg=0.0000, acc=0.1940
[ 2022-08-31 16:37:48,464][train_tran.train_nn_models] [Validation] Epoch=62, nll=2477.9333, acc=0.1967
[ 2022-08-31 16:38:06,607][train_tran.train_nn_models] [Training] Epoch=63, loss=2505.7222, nll=2505.7222, l2_reg=0.0000, acc=0.1942
[ 2022-08-31 16:38:06,608][train_tran.train_nn_models] [Validation] Epoch=63, nll=2477.2805, acc=0.1970
[ 2022-08-31 16:38:23,925][train_tran.train_nn_models] [Training] Epoch=64, loss=2505.0723, nll=2505.0723, l2_reg=0.0000, acc=0.1944
[ 2022-08-31 16:38:23,926][train_tran.train_nn_models] [Validation] Epoch=64, nll=2476.6145, acc=0.1970
[ 2022-08-31 16:38:41,488][train_tran.train_nn_models] [Training] Epoch=65, loss=2504.4019, nll=2504.4019, l2_reg=0.0000, acc=0.1944
[ 2022-08-31 16:38:41,488][train_tran.train_nn_models] [Validation] Epoch=65, nll=2475.9275, acc=0.1973
[ 2022-08-31 16:38:59,962][train_tran.train_nn_models] [Training] Epoch=66, loss=2503.7043, nll=2503.7043, l2_reg=0.0000, acc=0.1946
[ 2022-08-31 16:38:59,962][train_tran.train_nn_models] [Validation] Epoch=66, nll=2475.2168, acc=0.1973
[ 2022-08-31 16:39:17,225][train_tran.train_nn_models] [Training] Epoch=67, loss=2502.9741, nll=2502.9741, l2_reg=0.0000, acc=0.1949
[ 2022-08-31 16:39:17,225][train_tran.train_nn_models] [Validation] Epoch=67, nll=2474.4697, acc=0.1976
[ 2022-08-31 16:39:34,356][train_tran.train_nn_models] [Training] Epoch=68, loss=2502.2039, nll=2502.2039, l2_reg=0.0000, acc=0.1952
[ 2022-08-31 16:39:34,356][train_tran.train_nn_models] [Validation] Epoch=68, nll=2473.6853, acc=0.1978
[ 2022-08-31 16:39:52,141][train_tran.train_nn_models] [Training] Epoch=69, loss=2501.3889, nll=2501.3889, l2_reg=0.0000, acc=0.1953
[ 2022-08-31 16:39:52,142][train_tran.train_nn_models] [Validation] Epoch=69, nll=2472.8516, acc=0.1980
[ 2022-08-31 16:40:10,371][train_tran.train_nn_models] [Training] Epoch=70, loss=2500.5166, nll=2500.5166, l2_reg=0.0000, acc=0.1957
[ 2022-08-31 16:40:10,371][train_tran.train_nn_models] [Validation] Epoch=70, nll=2471.9529, acc=0.1980
[ 2022-08-31 16:40:29,427][train_tran.train_nn_models] [Training] Epoch=71, loss=2499.5757, nll=2499.5757, l2_reg=0.0000, acc=0.1962
[ 2022-08-31 16:40:29,428][train_tran.train_nn_models] [Validation] Epoch=71, nll=2470.9841, acc=0.1987
[ 2022-08-31 16:40:47,615][train_tran.train_nn_models] [Training] Epoch=72, loss=2498.5513, nll=2498.5513, l2_reg=0.0000, acc=0.1966
[ 2022-08-31 16:40:47,616][train_tran.train_nn_models] [Validation] Epoch=72, nll=2469.9260, acc=0.1990
[ 2022-08-31 16:41:06,401][train_tran.train_nn_models] [Training] Epoch=73, loss=2497.4331, nll=2497.4331, l2_reg=0.0000, acc=0.1972
[ 2022-08-31 16:41:06,402][train_tran.train_nn_models] [Validation] Epoch=73, nll=2468.7712, acc=0.1990
[ 2022-08-31 16:41:24,842][train_tran.train_nn_models] [Training] Epoch=74, loss=2496.2139, nll=2496.2139, l2_reg=0.0000, acc=0.1979
[ 2022-08-31 16:41:24,842][train_tran.train_nn_models] [Validation] Epoch=74, nll=2467.5186, acc=0.1994
[ 2022-08-31 16:41:42,395][train_tran.train_nn_models] [Training] Epoch=75, loss=2494.8870, nll=2494.8870, l2_reg=0.0000, acc=0.1984
[ 2022-08-31 16:41:42,395][train_tran.train_nn_models] [Validation] Epoch=75, nll=2466.1626, acc=0.2006
[ 2022-08-31 16:42:00,051][train_tran.train_nn_models] [Training] Epoch=76, loss=2493.4426, nll=2493.4426, l2_reg=0.0000, acc=0.1992
[ 2022-08-31 16:42:00,051][train_tran.train_nn_models] [Validation] Epoch=76, nll=2464.7085, acc=0.2012
[ 2022-08-31 16:42:17,482][train_tran.train_nn_models] [Training] Epoch=77, loss=2491.8730, nll=2491.8730, l2_reg=0.0000, acc=0.2002
[ 2022-08-31 16:42:17,483][train_tran.train_nn_models] [Validation] Epoch=77, nll=2463.1643, acc=0.2023
[ 2022-08-31 16:42:34,339][train_tran.train_nn_models] [Training] Epoch=78, loss=2490.1980, nll=2490.1980, l2_reg=0.0000, acc=0.2014
[ 2022-08-31 16:42:34,339][train_tran.train_nn_models] [Validation] Epoch=78, nll=2461.5505, acc=0.2030
[ 2022-08-31 16:42:51,710][train_tran.train_nn_models] [Training] Epoch=79, loss=2488.4563, nll=2488.4563, l2_reg=0.0000, acc=0.2028
[ 2022-08-31 16:42:51,711][train_tran.train_nn_models] [Validation] Epoch=79, nll=2459.8696, acc=0.2047
[ 2022-08-31 16:43:09,312][train_tran.train_nn_models] [Training] Epoch=80, loss=2486.7085, nll=2486.7085, l2_reg=0.0000, acc=0.2045
[ 2022-08-31 16:43:09,313][train_tran.train_nn_models] [Validation] Epoch=80, nll=2458.1475, acc=0.2068
[ 2022-08-31 16:43:26,300][train_tran.train_nn_models] [Training] Epoch=81, loss=2485.0334, nll=2485.0334, l2_reg=0.0000, acc=0.2059
[ 2022-08-31 16:43:26,301][train_tran.train_nn_models] [Validation] Epoch=81, nll=2456.4270, acc=0.2080
[ 2022-08-31 16:43:44,854][train_tran.train_nn_models] [Training] Epoch=82, loss=2483.4290, nll=2483.4290, l2_reg=0.0000, acc=0.2070
[ 2022-08-31 16:43:44,854][train_tran.train_nn_models] [Validation] Epoch=82, nll=2454.7698, acc=0.2092
[ 2022-08-31 16:44:03,327][train_tran.train_nn_models] [Training] Epoch=83, loss=2481.7961, nll=2481.7961, l2_reg=0.0000, acc=0.2080
[ 2022-08-31 16:44:03,328][train_tran.train_nn_models] [Validation] Epoch=83, nll=2453.1338, acc=0.2103
[ 2022-08-31 16:44:21,530][train_tran.train_nn_models] [Training] Epoch=84, loss=2480.0503, nll=2480.0503, l2_reg=0.0000, acc=0.2095
[ 2022-08-31 16:44:21,531][train_tran.train_nn_models] [Validation] Epoch=84, nll=2451.4258, acc=0.2108
[ 2022-08-31 16:44:39,246][train_tran.train_nn_models] [Training] Epoch=85, loss=2478.1296, nll=2478.1296, l2_reg=0.0000, acc=0.2112
[ 2022-08-31 16:44:39,247][train_tran.train_nn_models] [Validation] Epoch=85, nll=2449.5737, acc=0.2123
[ 2022-08-31 16:44:57,035][train_tran.train_nn_models] [Training] Epoch=86, loss=2476.0845, nll=2476.0845, l2_reg=0.0000, acc=0.2138
[ 2022-08-31 16:44:57,035][train_tran.train_nn_models] [Validation] Epoch=86, nll=2447.6226, acc=0.2151
[ 2022-08-31 16:45:14,472][train_tran.train_nn_models] [Training] Epoch=87, loss=2473.9468, nll=2473.9468, l2_reg=0.0000, acc=0.2171
[ 2022-08-31 16:45:14,472][train_tran.train_nn_models] [Validation] Epoch=87, nll=2445.6292, acc=0.2199
[ 2022-08-31 16:45:31,791][train_tran.train_nn_models] [Training] Epoch=88, loss=2471.8259, nll=2471.8259, l2_reg=0.0000, acc=0.2214
[ 2022-08-31 16:45:31,792][train_tran.train_nn_models] [Validation] Epoch=88, nll=2443.6992, acc=0.2255
[ 2022-08-31 16:45:50,078][train_tran.train_nn_models] [Training] Epoch=89, loss=2469.7715, nll=2469.7715, l2_reg=0.0000, acc=0.2264
[ 2022-08-31 16:45:50,078][train_tran.train_nn_models] [Validation] Epoch=89, nll=2442.0596, acc=0.2295
[ 2022-08-31 16:46:08,167][train_tran.train_nn_models] [Training] Epoch=90, loss=2467.8054, nll=2467.8054, l2_reg=0.0000, acc=0.2300
[ 2022-08-31 16:46:08,167][train_tran.train_nn_models] [Validation] Epoch=90, nll=2440.5435, acc=0.2314
[ 2022-08-31 16:46:25,027][train_tran.train_nn_models] [Training] Epoch=91, loss=2465.9331, nll=2465.9331, l2_reg=0.0000, acc=0.2320
[ 2022-08-31 16:46:25,027][train_tran.train_nn_models] [Validation] Epoch=91, nll=2438.7795, acc=0.2331
[ 2022-08-31 16:46:42,277][train_tran.train_nn_models] [Training] Epoch=92, loss=2464.1045, nll=2464.1045, l2_reg=0.0000, acc=0.2333
[ 2022-08-31 16:46:42,277][train_tran.train_nn_models] [Validation] Epoch=92, nll=2437.0872, acc=0.2343
[ 2022-08-31 16:46:59,710][train_tran.train_nn_models] [Training] Epoch=93, loss=2462.2598, nll=2462.2598, l2_reg=0.0000, acc=0.2349
[ 2022-08-31 16:46:59,710][train_tran.train_nn_models] [Validation] Epoch=93, nll=2435.5876, acc=0.2361
[ 2022-08-31 16:47:17,284][train_tran.train_nn_models] [Training] Epoch=94, loss=2460.4287, nll=2460.4287, l2_reg=0.0000, acc=0.2360
[ 2022-08-31 16:47:17,284][train_tran.train_nn_models] [Validation] Epoch=94, nll=2434.1372, acc=0.2378
[ 2022-08-31 16:47:34,269][train_tran.train_nn_models] [Training] Epoch=95, loss=2458.6758, nll=2458.6758, l2_reg=0.0000, acc=0.2373
[ 2022-08-31 16:47:34,270][train_tran.train_nn_models] [Validation] Epoch=95, nll=2432.9058, acc=0.2384
[ 2022-08-31 16:47:51,527][train_tran.train_nn_models] [Training] Epoch=96, loss=2456.9758, nll=2456.9758, l2_reg=0.0000, acc=0.2384
[ 2022-08-31 16:47:51,527][train_tran.train_nn_models] [Validation] Epoch=96, nll=2431.8560, acc=0.2394
[ 2022-08-31 16:48:09,630][train_tran.train_nn_models] [Training] Epoch=97, loss=2455.2769, nll=2455.2769, l2_reg=0.0000, acc=0.2393
[ 2022-08-31 16:48:09,630][train_tran.train_nn_models] [Validation] Epoch=97, nll=2431.0215, acc=0.2396
[ 2022-08-31 16:48:26,934][train_tran.train_nn_models] [Training] Epoch=98, loss=2453.4866, nll=2453.4866, l2_reg=0.0000, acc=0.2403
[ 2022-08-31 16:48:26,934][train_tran.train_nn_models] [Validation] Epoch=98, nll=2430.0220, acc=0.2402
[ 2022-08-31 16:48:45,686][train_tran.train_nn_models] [Training] Epoch=99, loss=2451.5654, nll=2451.5654, l2_reg=0.0000, acc=0.2415
[ 2022-08-31 16:48:45,686][train_tran.train_nn_models] [Validation] Epoch=99, nll=2429.0042, acc=0.2406
[ 2022-08-31 16:49:03,167][train_tran.train_nn_models] [Training] Epoch=100, loss=2449.6748, nll=2449.6748, l2_reg=0.0000, acc=0.2426
[ 2022-08-31 16:49:03,167][train_tran.train_nn_models] [Validation] Epoch=100, nll=2427.9167, acc=0.2414
[ 2022-08-31 16:49:22,050][train_tran.train_nn_models] [Training] Epoch=101, loss=2447.7317, nll=2447.7317, l2_reg=0.0000, acc=0.2435
[ 2022-08-31 16:49:22,050][train_tran.train_nn_models] [Validation] Epoch=101, nll=2426.4653, acc=0.2424
[ 2022-08-31 16:49:39,198][train_tran.train_nn_models] [Training] Epoch=102, loss=2445.8171, nll=2445.8171, l2_reg=0.0000, acc=0.2443
[ 2022-08-31 16:49:39,198][train_tran.train_nn_models] [Validation] Epoch=102, nll=2425.0972, acc=0.2440
[ 2022-08-31 16:49:57,327][train_tran.train_nn_models] [Training] Epoch=103, loss=2444.2014, nll=2444.2014, l2_reg=0.0000, acc=0.2450
[ 2022-08-31 16:49:57,327][train_tran.train_nn_models] [Validation] Epoch=103, nll=2424.6707, acc=0.2444
[ 2022-08-31 16:50:15,830][train_tran.train_nn_models] [Training] Epoch=104, loss=2442.3840, nll=2442.3840, l2_reg=0.0000, acc=0.2460
[ 2022-08-31 16:50:15,831][train_tran.train_nn_models] [Validation] Epoch=104, nll=2423.1072, acc=0.2453
[ 2022-08-31 16:50:34,127][train_tran.train_nn_models] [Training] Epoch=105, loss=2440.7432, nll=2440.7432, l2_reg=0.0000, acc=0.2468
[ 2022-08-31 16:50:34,128][train_tran.train_nn_models] [Validation] Epoch=105, nll=2422.8264, acc=0.2448
[ 2022-08-31 16:50:51,425][train_tran.train_nn_models] [Training] Epoch=106, loss=2439.2317, nll=2439.2317, l2_reg=0.0000, acc=0.2477
[ 2022-08-31 16:50:51,426][train_tran.train_nn_models] [Validation] Epoch=106, nll=2422.1226, acc=0.2458
[ 2022-08-31 16:51:09,569][train_tran.train_nn_models] [Training] Epoch=107, loss=2464.5640, nll=2464.5640, l2_reg=0.0000, acc=0.2402
[ 2022-08-31 16:51:09,570][train_tran.train_nn_models] [Validation] Epoch=107, nll=2458.4277, acc=0.2279
[ 2022-08-31 16:51:27,732][train_tran.train_nn_models] [Training] Epoch=108, loss=2491.4106, nll=2491.4106, l2_reg=0.0000, acc=0.2263
[ 2022-08-31 16:51:27,733][train_tran.train_nn_models] [Validation] Epoch=108, nll=2460.6392, acc=0.2313
[ 2022-08-31 16:51:45,354][train_tran.train_nn_models] [Training] Epoch=109, loss=2483.8105, nll=2483.8105, l2_reg=0.0000, acc=0.2309
[ 2022-08-31 16:51:45,355][train_tran.train_nn_models] [Validation] Epoch=109, nll=2454.1360, acc=0.2312
[ 2022-08-31 16:52:03,100][train_tran.train_nn_models] [Training] Epoch=110, loss=2477.7153, nll=2477.7153, l2_reg=0.0000, acc=0.2336
[ 2022-08-31 16:52:03,100][train_tran.train_nn_models] [Validation] Epoch=110, nll=2447.7705, acc=0.2371
[ 2022-08-31 16:52:20,089][train_tran.train_nn_models] [Training] Epoch=111, loss=2472.4712, nll=2472.4712, l2_reg=0.0000, acc=0.2374
[ 2022-08-31 16:52:20,089][train_tran.train_nn_models] [Validation] Epoch=111, nll=2443.5940, acc=0.2383
[ 2022-08-31 16:52:37,911][train_tran.train_nn_models] [Training] Epoch=112, loss=2467.8555, nll=2467.8555, l2_reg=0.0000, acc=0.2391
[ 2022-08-31 16:52:37,912][train_tran.train_nn_models] [Validation] Epoch=112, nll=2438.6404, acc=0.2390
[ 2022-08-31 16:52:55,836][train_tran.train_nn_models] [Training] Epoch=113, loss=2463.0115, nll=2463.0115, l2_reg=0.0000, acc=0.2403
[ 2022-08-31 16:52:55,837][train_tran.train_nn_models] [Validation] Epoch=113, nll=2436.0896, acc=0.2428
[ 2022-08-31 16:53:13,545][train_tran.train_nn_models] [Training] Epoch=114, loss=2458.2544, nll=2458.2544, l2_reg=0.0000, acc=0.2428
[ 2022-08-31 16:53:13,545][train_tran.train_nn_models] [Validation] Epoch=114, nll=2432.7729, acc=0.2418
[ 2022-08-31 16:53:32,089][train_tran.train_nn_models] [Training] Epoch=115, loss=2453.5239, nll=2453.5239, l2_reg=0.0000, acc=0.2442
[ 2022-08-31 16:53:32,090][train_tran.train_nn_models] [Validation] Epoch=115, nll=2426.7949, acc=0.2441
[ 2022-08-31 16:53:49,435][train_tran.train_nn_models] [Training] Epoch=116, loss=2448.6108, nll=2448.6108, l2_reg=0.0000, acc=0.2463
[ 2022-08-31 16:53:49,435][train_tran.train_nn_models] [Validation] Epoch=116, nll=2422.9441, acc=0.2460
[ 2022-08-31 16:54:06,921][train_tran.train_nn_models] [Training] Epoch=117, loss=2444.5576, nll=2444.5576, l2_reg=0.0000, acc=0.2475
[ 2022-08-31 16:54:06,922][train_tran.train_nn_models] [Validation] Epoch=117, nll=2418.5342, acc=0.2488
[ 2022-08-31 16:54:24,802][train_tran.train_nn_models] [Training] Epoch=118, loss=2440.5254, nll=2440.5254, l2_reg=0.0000, acc=0.2495
[ 2022-08-31 16:54:24,802][train_tran.train_nn_models] [Validation] Epoch=118, nll=2415.0923, acc=0.2510
[ 2022-08-31 16:54:42,014][train_tran.train_nn_models] [Training] Epoch=119, loss=2436.4902, nll=2436.4902, l2_reg=0.0000, acc=0.2519
[ 2022-08-31 16:54:42,015][train_tran.train_nn_models] [Validation] Epoch=119, nll=2412.9912, acc=0.2530
[ 2022-08-31 16:55:00,070][train_tran.train_nn_models] [Training] Epoch=120, loss=2435.8904, nll=2435.8904, l2_reg=0.0000, acc=0.2541
[ 2022-08-31 16:55:00,074][train_tran.train_nn_models] [Validation] Epoch=120, nll=2413.5264, acc=0.2529
[ 2022-08-31 16:55:18,633][train_tran.train_nn_models] [Training] Epoch=121, loss=2431.3245, nll=2431.3245, l2_reg=0.0000, acc=0.2559
[ 2022-08-31 16:55:18,634][train_tran.train_nn_models] [Validation] Epoch=121, nll=2409.5845, acc=0.2565
[ 2022-08-31 16:55:37,101][train_tran.train_nn_models] [Training] Epoch=122, loss=2425.5820, nll=2425.5820, l2_reg=0.0000, acc=0.2591
[ 2022-08-31 16:55:37,101][train_tran.train_nn_models] [Validation] Epoch=122, nll=2407.1238, acc=0.2581
[ 2022-08-31 16:55:54,614][train_tran.train_nn_models] [Training] Epoch=123, loss=2425.3130, nll=2425.3130, l2_reg=0.0000, acc=0.2615
[ 2022-08-31 16:55:54,615][train_tran.train_nn_models] [Validation] Epoch=123, nll=2405.4778, acc=0.2607
[ 2022-08-31 16:56:12,736][train_tran.train_nn_models] [Training] Epoch=124, loss=2419.3806, nll=2419.3806, l2_reg=0.0000, acc=0.2639
[ 2022-08-31 16:56:12,737][train_tran.train_nn_models] [Validation] Epoch=124, nll=2406.4299, acc=0.2617
[ 2022-08-31 16:56:30,873][train_tran.train_nn_models] [Training] Epoch=125, loss=2414.8108, nll=2414.8108, l2_reg=0.0000, acc=0.2665
[ 2022-08-31 16:56:30,873][train_tran.train_nn_models] [Validation] Epoch=125, nll=2410.0334, acc=0.2558
[ 2022-08-31 16:56:48,304][train_tran.train_nn_models] [Training] Epoch=126, loss=2414.3955, nll=2414.3955, l2_reg=0.0000, acc=0.2646
[ 2022-08-31 16:56:48,304][train_tran.train_nn_models] [Validation] Epoch=126, nll=2406.0198, acc=0.2634
[ 2022-08-31 16:57:06,097][train_tran.train_nn_models] [Training] Epoch=127, loss=2410.2693, nll=2410.2693, l2_reg=0.0000, acc=0.2697
[ 2022-08-31 16:57:06,098][train_tran.train_nn_models] [Validation] Epoch=127, nll=2395.1677, acc=0.2666
[ 2022-08-31 16:57:06,098][train_tran.train_nn_models] Found a better model at epoch 127.
[ 2022-08-31 16:57:24,068][train_tran.train_nn_models] [Training] Epoch=128, loss=2406.6895, nll=2406.6895, l2_reg=0.0000, acc=0.2735
[ 2022-08-31 16:57:24,068][train_tran.train_nn_models] [Validation] Epoch=128, nll=2394.9084, acc=0.2657
[ 2022-08-31 16:57:24,068][train_tran.train_nn_models] Found a better model at epoch 128.
[ 2022-08-31 16:57:42,078][train_tran.train_nn_models] [Training] Epoch=129, loss=2398.9985, nll=2398.9985, l2_reg=0.0000, acc=0.2748
[ 2022-08-31 16:57:42,078][train_tran.train_nn_models] [Validation] Epoch=129, nll=2419.5361, acc=0.2594
[ 2022-08-31 16:58:00,185][train_tran.train_nn_models] [Training] Epoch=130, loss=2454.7981, nll=2454.7981, l2_reg=0.0000, acc=0.2471
[ 2022-08-31 16:58:00,186][train_tran.train_nn_models] [Validation] Epoch=130, nll=2419.0811, acc=0.2555
[ 2022-08-31 16:58:18,963][train_tran.train_nn_models] [Training] Epoch=131, loss=2425.1436, nll=2425.1436, l2_reg=0.0000, acc=0.2618
[ 2022-08-31 16:58:18,963][train_tran.train_nn_models] [Validation] Epoch=131, nll=2402.6665, acc=0.2604
[ 2022-08-31 16:58:38,440][train_tran.train_nn_models] [Training] Epoch=132, loss=2409.5574, nll=2409.5574, l2_reg=0.0000, acc=0.2683
[ 2022-08-31 16:58:38,441][train_tran.train_nn_models] [Validation] Epoch=132, nll=2402.7522, acc=0.2635
[ 2022-08-31 16:58:57,447][train_tran.train_nn_models] [Training] Epoch=133, loss=2451.8804, nll=2451.8804, l2_reg=0.0000, acc=0.2507
[ 2022-08-31 16:58:57,448][train_tran.train_nn_models] [Validation] Epoch=133, nll=2432.7510, acc=0.2470
[ 2022-08-31 16:59:15,436][train_tran.train_nn_models] [Training] Epoch=134, loss=2452.3491, nll=2452.3491, l2_reg=0.0000, acc=0.2503
[ 2022-08-31 16:59:15,437][train_tran.train_nn_models] [Validation] Epoch=134, nll=2423.1387, acc=0.2494
[ 2022-08-31 16:59:34,408][train_tran.train_nn_models] [Training] Epoch=135, loss=2439.4033, nll=2439.4033, l2_reg=0.0000, acc=0.2547
[ 2022-08-31 16:59:34,408][train_tran.train_nn_models] [Validation] Epoch=135, nll=2414.4558, acc=0.2530
[ 2022-08-31 16:59:53,566][train_tran.train_nn_models] [Training] Epoch=136, loss=2428.1479, nll=2428.1479, l2_reg=0.0000, acc=0.2618
[ 2022-08-31 16:59:53,566][train_tran.train_nn_models] [Validation] Epoch=136, nll=2405.8484, acc=0.2571
[ 2022-08-31 17:00:12,101][train_tran.train_nn_models] [Training] Epoch=137, loss=2417.2737, nll=2417.2737, l2_reg=0.0000, acc=0.2677
[ 2022-08-31 17:00:12,102][train_tran.train_nn_models] [Validation] Epoch=137, nll=2401.0427, acc=0.2545
[ 2022-08-31 17:00:31,235][train_tran.train_nn_models] [Training] Epoch=138, loss=2409.1687, nll=2409.1687, l2_reg=0.0000, acc=0.2696
[ 2022-08-31 17:00:31,235][train_tran.train_nn_models] [Validation] Epoch=138, nll=2408.9648, acc=0.2469
[ 2022-08-31 17:00:51,852][train_tran.train_nn_models] [Training] Epoch=139, loss=2413.6799, nll=2413.6799, l2_reg=0.0000, acc=0.2660
[ 2022-08-31 17:00:51,853][train_tran.train_nn_models] [Validation] Epoch=139, nll=2392.3979, acc=0.2674
[ 2022-08-31 17:00:51,853][train_tran.train_nn_models] Found a better model at epoch 139.
[ 2022-08-31 17:01:11,121][train_tran.train_nn_models] [Training] Epoch=140, loss=2416.4690, nll=2416.4690, l2_reg=0.0000, acc=0.2681
[ 2022-08-31 17:01:11,122][train_tran.train_nn_models] [Validation] Epoch=140, nll=2415.6804, acc=0.2539
[ 2022-08-31 17:01:31,372][train_tran.train_nn_models] [Training] Epoch=141, loss=2423.1001, nll=2423.1001, l2_reg=0.0000, acc=0.2589
[ 2022-08-31 17:01:31,372][train_tran.train_nn_models] [Validation] Epoch=141, nll=2401.3054, acc=0.2618
[ 2022-08-31 17:01:51,232][train_tran.train_nn_models] [Training] Epoch=142, loss=2404.1218, nll=2404.1218, l2_reg=0.0000, acc=0.2719
[ 2022-08-31 17:01:51,232][train_tran.train_nn_models] [Validation] Epoch=142, nll=2385.4299, acc=0.2724
[ 2022-08-31 17:01:51,232][train_tran.train_nn_models] Found a better model at epoch 142.
[ 2022-08-31 17:02:11,290][train_tran.train_nn_models] [Training] Epoch=143, loss=2392.2686, nll=2392.2686, l2_reg=0.0000, acc=0.2809
[ 2022-08-31 17:02:11,291][train_tran.train_nn_models] [Validation] Epoch=143, nll=2378.0984, acc=0.2776
[ 2022-08-31 17:02:11,291][train_tran.train_nn_models] Found a better model at epoch 143.
[ 2022-08-31 17:02:32,600][train_tran.train_nn_models] [Training] Epoch=144, loss=2374.2810, nll=2374.2810, l2_reg=0.0000, acc=0.2953
[ 2022-08-31 17:02:32,600][train_tran.train_nn_models] [Validation] Epoch=144, nll=2398.7507, acc=0.2783
[ 2022-08-31 17:02:52,640][train_tran.train_nn_models] [Training] Epoch=145, loss=2374.9539, nll=2374.9539, l2_reg=0.0000, acc=0.2974
[ 2022-08-31 17:02:52,640][train_tran.train_nn_models] [Validation] Epoch=145, nll=2381.3689, acc=0.2922
[ 2022-08-31 17:03:12,058][train_tran.train_nn_models] [Training] Epoch=146, loss=2368.5505, nll=2368.5505, l2_reg=0.0000, acc=0.3010
[ 2022-08-31 17:03:12,059][train_tran.train_nn_models] [Validation] Epoch=146, nll=2369.4746, acc=0.2952
[ 2022-08-31 17:03:12,059][train_tran.train_nn_models] Found a better model at epoch 146.
[ 2022-08-31 17:03:31,931][train_tran.train_nn_models] [Training] Epoch=147, loss=2344.7903, nll=2344.7903, l2_reg=0.0000, acc=0.3148
[ 2022-08-31 17:03:31,932][train_tran.train_nn_models] [Validation] Epoch=147, nll=2372.7913, acc=0.3036
[ 2022-08-31 17:03:51,645][train_tran.train_nn_models] [Training] Epoch=148, loss=2376.6511, nll=2376.6511, l2_reg=0.0000, acc=0.3051
[ 2022-08-31 17:03:51,646][train_tran.train_nn_models] [Validation] Epoch=148, nll=2361.1423, acc=0.2953
[ 2022-08-31 17:03:51,646][train_tran.train_nn_models] Found a better model at epoch 148.
[ 2022-08-31 17:04:13,326][train_tran.train_nn_models] [Training] Epoch=149, loss=2329.1021, nll=2329.1021, l2_reg=0.0000, acc=0.3253
[ 2022-08-31 17:04:13,326][train_tran.train_nn_models] [Validation] Epoch=149, nll=2351.9912, acc=0.3067
[ 2022-08-31 17:04:13,327][train_tran.train_nn_models] Found a better model at epoch 149.
[ 2022-08-31 17:04:33,569][train_tran.train_nn_models] [Training] Epoch=150, loss=2456.5500, nll=2456.5500, l2_reg=0.0000, acc=0.2721
[ 2022-08-31 17:04:33,570][train_tran.train_nn_models] [Validation] Epoch=150, nll=2451.1826, acc=0.2348
[ 2022-08-31 17:04:54,414][train_tran.train_nn_models] [Training] Epoch=151, loss=2471.2966, nll=2471.2966, l2_reg=0.0000, acc=0.2372
[ 2022-08-31 17:04:54,415][train_tran.train_nn_models] [Validation] Epoch=151, nll=2441.4375, acc=0.2387
[ 2022-08-31 17:05:14,708][train_tran.train_nn_models] [Training] Epoch=152, loss=2453.7122, nll=2453.7122, l2_reg=0.0000, acc=0.2490
[ 2022-08-31 17:05:14,709][train_tran.train_nn_models] [Validation] Epoch=152, nll=2423.9456, acc=0.2520
[ 2022-08-31 17:05:35,592][train_tran.train_nn_models] [Training] Epoch=153, loss=2437.4338, nll=2437.4338, l2_reg=0.0000, acc=0.2604
[ 2022-08-31 17:05:35,592][train_tran.train_nn_models] [Validation] Epoch=153, nll=2413.4512, acc=0.2586
[ 2022-08-31 17:05:55,880][train_tran.train_nn_models] [Training] Epoch=154, loss=2423.0974, nll=2423.0974, l2_reg=0.0000, acc=0.2692
[ 2022-08-31 17:05:55,880][train_tran.train_nn_models] [Validation] Epoch=154, nll=2405.5471, acc=0.2677
[ 2022-08-31 17:06:16,592][train_tran.train_nn_models] [Training] Epoch=155, loss=2407.4272, nll=2407.4272, l2_reg=0.0000, acc=0.2801
[ 2022-08-31 17:06:16,593][train_tran.train_nn_models] [Validation] Epoch=155, nll=2403.4946, acc=0.2745
[ 2022-08-31 17:06:36,481][train_tran.train_nn_models] [Training] Epoch=156, loss=2397.2236, nll=2397.2236, l2_reg=0.0000, acc=0.2856
[ 2022-08-31 17:06:36,481][train_tran.train_nn_models] [Validation] Epoch=156, nll=2390.9939, acc=0.2755
[ 2022-08-31 17:06:56,100][train_tran.train_nn_models] [Training] Epoch=157, loss=2372.9382, nll=2372.9382, l2_reg=0.0000, acc=0.2974
[ 2022-08-31 17:06:56,101][train_tran.train_nn_models] [Validation] Epoch=157, nll=2378.7646, acc=0.2865
[ 2022-08-31 17:07:18,299][train_tran.train_nn_models] [Training] Epoch=158, loss=2343.7700, nll=2343.7700, l2_reg=0.0000, acc=0.3153
[ 2022-08-31 17:07:18,300][train_tran.train_nn_models] [Validation] Epoch=158, nll=2447.4507, acc=0.2764
[ 2022-08-31 17:07:38,710][train_tran.train_nn_models] [Training] Epoch=159, loss=2398.5579, nll=2398.5579, l2_reg=0.0000, acc=0.2950
[ 2022-08-31 17:07:38,711][train_tran.train_nn_models] [Validation] Epoch=159, nll=2379.2788, acc=0.2914
[ 2022-08-31 17:07:58,884][train_tran.train_nn_models] [Training] Epoch=160, loss=2359.9888, nll=2359.9888, l2_reg=0.0000, acc=0.3144
[ 2022-08-31 17:07:58,885][train_tran.train_nn_models] [Validation] Epoch=160, nll=2393.1472, acc=0.2719
[ 2022-08-31 17:08:20,438][train_tran.train_nn_models] [Training] Epoch=161, loss=2381.2031, nll=2381.2031, l2_reg=0.0000, acc=0.2943
[ 2022-08-31 17:08:20,439][train_tran.train_nn_models] [Validation] Epoch=161, nll=2392.3069, acc=0.2705
[ 2022-08-31 17:08:40,573][train_tran.train_nn_models] [Training] Epoch=162, loss=2357.6187, nll=2357.6187, l2_reg=0.0000, acc=0.3085
[ 2022-08-31 17:08:40,573][train_tran.train_nn_models] [Validation] Epoch=162, nll=2418.8926, acc=0.2698
[ 2022-08-31 17:09:01,022][train_tran.train_nn_models] [Training] Epoch=163, loss=2343.7222, nll=2343.7222, l2_reg=0.0000, acc=0.3119
[ 2022-08-31 17:09:01,022][train_tran.train_nn_models] [Validation] Epoch=163, nll=2361.8271, acc=0.3071
[ 2022-08-31 17:09:21,487][train_tran.train_nn_models] [Training] Epoch=164, loss=2308.2454, nll=2308.2454, l2_reg=0.0000, acc=0.3362
[ 2022-08-31 17:09:21,487][train_tran.train_nn_models] [Validation] Epoch=164, nll=2378.7578, acc=0.2916
[ 2022-08-31 17:09:41,703][train_tran.train_nn_models] [Training] Epoch=165, loss=2337.0120, nll=2337.0120, l2_reg=0.0000, acc=0.3229
[ 2022-08-31 17:09:41,703][train_tran.train_nn_models] [Validation] Epoch=165, nll=2345.5547, acc=0.3030
[ 2022-08-31 17:09:41,704][train_tran.train_nn_models] Found a better model at epoch 165.
[ 2022-08-31 17:10:03,059][train_tran.train_nn_models] [Training] Epoch=166, loss=2298.1323, nll=2298.1323, l2_reg=0.0000, acc=0.3434
[ 2022-08-31 17:10:03,059][train_tran.train_nn_models] [Validation] Epoch=166, nll=2335.3818, acc=0.3139
[ 2022-08-31 17:10:03,059][train_tran.train_nn_models] Found a better model at epoch 166.
[ 2022-08-31 17:10:24,007][train_tran.train_nn_models] [Training] Epoch=167, loss=2355.2207, nll=2355.2207, l2_reg=0.0000, acc=0.3133
[ 2022-08-31 17:10:24,008][train_tran.train_nn_models] [Validation] Epoch=167, nll=2368.2751, acc=0.2957
[ 2022-08-31 17:10:44,832][train_tran.train_nn_models] [Training] Epoch=168, loss=2299.3484, nll=2299.3484, l2_reg=0.0000, acc=0.3456
[ 2022-08-31 17:10:44,832][train_tran.train_nn_models] [Validation] Epoch=168, nll=2800.3740, acc=0.1749
[ 2022-08-31 17:11:07,826][train_tran.train_nn_models] [Training] Epoch=169, loss=2676.3716, nll=2676.3716, l2_reg=0.0000, acc=0.1807
[ 2022-08-31 17:11:07,827][train_tran.train_nn_models] [Validation] Epoch=169, nll=2539.9160, acc=0.1890
[ 2022-08-31 17:11:27,917][train_tran.train_nn_models] [Training] Epoch=170, loss=2543.6938, nll=2543.6938, l2_reg=0.0000, acc=0.1887
[ 2022-08-31 17:11:27,918][train_tran.train_nn_models] [Validation] Epoch=170, nll=2509.7290, acc=0.1945
[ 2022-08-31 17:11:47,812][train_tran.train_nn_models] [Training] Epoch=171, loss=2534.0623, nll=2534.0623, l2_reg=0.0000, acc=0.1930
[ 2022-08-31 17:11:47,813][train_tran.train_nn_models] [Validation] Epoch=171, nll=2505.4980, acc=0.1968
[ 2022-08-31 17:12:08,301][train_tran.train_nn_models] [Training] Epoch=172, loss=2531.7324, nll=2531.7324, l2_reg=0.0000, acc=0.1952
[ 2022-08-31 17:12:08,301][train_tran.train_nn_models] [Validation] Epoch=172, nll=2504.5586, acc=0.1981
[ 2022-08-31 17:12:28,188][train_tran.train_nn_models] [Training] Epoch=173, loss=2531.1643, nll=2531.1643, l2_reg=0.0000, acc=0.1941
[ 2022-08-31 17:12:28,188][train_tran.train_nn_models] [Validation] Epoch=173, nll=2503.7798, acc=0.1980
[ 2022-08-31 17:12:48,455][train_tran.train_nn_models] [Training] Epoch=174, loss=2530.5452, nll=2530.5452, l2_reg=0.0000, acc=0.1953
[ 2022-08-31 17:12:48,461][train_tran.train_nn_models] [Validation] Epoch=174, nll=2502.8835, acc=0.1991
[ 2022-08-31 17:13:08,713][train_tran.train_nn_models] [Training] Epoch=175, loss=2529.9219, nll=2529.9219, l2_reg=0.0000, acc=0.1959
[ 2022-08-31 17:13:08,713][train_tran.train_nn_models] [Validation] Epoch=175, nll=2502.1248, acc=0.1987
[ 2022-08-31 17:13:28,845][train_tran.train_nn_models] [Training] Epoch=176, loss=2529.3706, nll=2529.3706, l2_reg=0.0000, acc=0.1956
[ 2022-08-31 17:13:28,846][train_tran.train_nn_models] [Validation] Epoch=176, nll=2501.5742, acc=0.1990
[ 2022-08-31 17:13:48,658][train_tran.train_nn_models] [Training] Epoch=177, loss=2528.9131, nll=2528.9131, l2_reg=0.0000, acc=0.1959
[ 2022-08-31 17:13:48,659][train_tran.train_nn_models] [Validation] Epoch=177, nll=2501.1870, acc=0.1992
[ 2022-08-31 17:14:07,822][train_tran.train_nn_models] [Training] Epoch=178, loss=2528.5542, nll=2528.5542, l2_reg=0.0000, acc=0.1960
[ 2022-08-31 17:14:07,823][train_tran.train_nn_models] [Validation] Epoch=178, nll=2500.8428, acc=0.1991
[ 2022-08-31 17:14:26,972][train_tran.train_nn_models] [Training] Epoch=179, loss=2528.1865, nll=2528.1865, l2_reg=0.0000, acc=0.1962
[ 2022-08-31 17:14:26,972][train_tran.train_nn_models] [Validation] Epoch=179, nll=2500.4277, acc=0.1993
[ 2022-08-31 17:14:46,698][train_tran.train_nn_models] [Training] Epoch=180, loss=2527.8191, nll=2527.8191, l2_reg=0.0000, acc=0.1963
[ 2022-08-31 17:14:46,699][train_tran.train_nn_models] [Validation] Epoch=180, nll=2499.9634, acc=0.1993
[ 2022-08-31 17:15:06,901][train_tran.train_nn_models] [Training] Epoch=181, loss=2527.4585, nll=2527.4585, l2_reg=0.0000, acc=0.1965
[ 2022-08-31 17:15:06,902][train_tran.train_nn_models] [Validation] Epoch=181, nll=2499.4329, acc=0.1996
[ 2022-08-31 17:15:26,127][train_tran.train_nn_models] [Training] Epoch=182, loss=2527.1084, nll=2527.1084, l2_reg=0.0000, acc=0.1967
[ 2022-08-31 17:15:26,127][train_tran.train_nn_models] [Validation] Epoch=182, nll=2499.1128, acc=0.2006
[ 2022-08-31 17:15:45,597][train_tran.train_nn_models] [Training] Epoch=183, loss=2526.7581, nll=2526.7581, l2_reg=0.0000, acc=0.1969
[ 2022-08-31 17:15:45,598][train_tran.train_nn_models] [Validation] Epoch=183, nll=2498.8342, acc=0.2002
[ 2022-08-31 17:16:05,280][train_tran.train_nn_models] [Training] Epoch=184, loss=2526.3979, nll=2526.3979, l2_reg=0.0000, acc=0.1971
[ 2022-08-31 17:16:05,281][train_tran.train_nn_models] [Validation] Epoch=184, nll=2498.5640, acc=0.2011
[ 2022-08-31 17:16:25,495][train_tran.train_nn_models] [Training] Epoch=185, loss=2525.9688, nll=2525.9688, l2_reg=0.0000, acc=0.1972
[ 2022-08-31 17:16:25,495][train_tran.train_nn_models] [Validation] Epoch=185, nll=2498.4199, acc=0.2003
[ 2022-08-31 17:16:46,244][train_tran.train_nn_models] [Training] Epoch=186, loss=2525.5645, nll=2525.5645, l2_reg=0.0000, acc=0.1974
[ 2022-08-31 17:16:46,245][train_tran.train_nn_models] [Validation] Epoch=186, nll=2498.2700, acc=0.2002
[ 2022-08-31 17:17:06,587][train_tran.train_nn_models] [Training] Epoch=187, loss=2525.1997, nll=2525.1997, l2_reg=0.0000, acc=0.1976
[ 2022-08-31 17:17:06,587][train_tran.train_nn_models] [Validation] Epoch=187, nll=2498.2534, acc=0.2000
[ 2022-08-31 17:17:27,095][train_tran.train_nn_models] [Training] Epoch=188, loss=2524.7952, nll=2524.7952, l2_reg=0.0000, acc=0.1977
[ 2022-08-31 17:17:27,095][train_tran.train_nn_models] [Validation] Epoch=188, nll=2498.2610, acc=0.2005
[ 2022-08-31 17:17:47,340][train_tran.train_nn_models] [Training] Epoch=189, loss=2524.3682, nll=2524.3682, l2_reg=0.0000, acc=0.1976
[ 2022-08-31 17:17:47,341][train_tran.train_nn_models] [Validation] Epoch=189, nll=2498.3186, acc=0.2006
[ 2022-08-31 17:18:07,659][train_tran.train_nn_models] [Training] Epoch=190, loss=2523.8877, nll=2523.8877, l2_reg=0.0000, acc=0.1977
[ 2022-08-31 17:18:07,660][train_tran.train_nn_models] [Validation] Epoch=190, nll=2498.3999, acc=0.2018
[ 2022-08-31 17:18:27,527][train_tran.train_nn_models] [Training] Epoch=191, loss=2523.3438, nll=2523.3438, l2_reg=0.0000, acc=0.1986
[ 2022-08-31 17:18:27,528][train_tran.train_nn_models] [Validation] Epoch=191, nll=2499.2148, acc=0.1984
[ 2022-08-31 17:18:47,711][train_tran.train_nn_models] [Training] Epoch=192, loss=2522.3608, nll=2522.3608, l2_reg=0.0000, acc=0.2020
[ 2022-08-31 17:18:47,712][train_tran.train_nn_models] [Validation] Epoch=192, nll=2495.0967, acc=0.2035
[ 2022-08-31 17:19:06,917][train_tran.train_nn_models] [Training] Epoch=193, loss=2520.8557, nll=2520.8557, l2_reg=0.0000, acc=0.2031
[ 2022-08-31 17:19:06,918][train_tran.train_nn_models] [Validation] Epoch=193, nll=2494.5735, acc=0.2033
[ 2022-08-31 17:19:26,832][train_tran.train_nn_models] [Training] Epoch=194, loss=2520.2869, nll=2520.2869, l2_reg=0.0000, acc=0.2036
[ 2022-08-31 17:19:26,833][train_tran.train_nn_models] [Validation] Epoch=194, nll=2493.7229, acc=0.2039
[ 2022-08-31 17:19:47,103][train_tran.train_nn_models] [Training] Epoch=195, loss=2519.2676, nll=2519.2676, l2_reg=0.0000, acc=0.2039
[ 2022-08-31 17:19:47,104][train_tran.train_nn_models] [Validation] Epoch=195, nll=2493.1106, acc=0.2053
[ 2022-08-31 17:20:06,673][train_tran.train_nn_models] [Training] Epoch=196, loss=2518.6724, nll=2518.6724, l2_reg=0.0000, acc=0.2042
[ 2022-08-31 17:20:06,673][train_tran.train_nn_models] [Validation] Epoch=196, nll=2491.9761, acc=0.2056
[ 2022-08-31 17:20:26,313][train_tran.train_nn_models] [Training] Epoch=197, loss=2517.8081, nll=2517.8081, l2_reg=0.0000, acc=0.2049
[ 2022-08-31 17:20:26,315][train_tran.train_nn_models] [Validation] Epoch=197, nll=2491.2041, acc=0.2058
[ 2022-08-31 17:20:45,932][train_tran.train_nn_models] [Training] Epoch=198, loss=2517.1255, nll=2517.1255, l2_reg=0.0000, acc=0.2056
[ 2022-08-31 17:20:45,932][train_tran.train_nn_models] [Validation] Epoch=198, nll=2490.5388, acc=0.2066
[ 2022-08-31 17:21:05,911][train_tran.train_nn_models] [Training] Epoch=199, loss=2516.5129, nll=2516.5129, l2_reg=0.0000, acc=0.2059
[ 2022-08-31 17:21:05,911][train_tran.train_nn_models] [Validation] Epoch=199, nll=2490.2959, acc=0.2073
[ 2022-08-31 17:21:24,568][train_tran.train_nn_models] [Training] Epoch=200, loss=2516.1917, nll=2516.1917, l2_reg=0.0000, acc=0.2063
[ 2022-08-31 17:21:24,569][train_tran.train_nn_models] [Validation] Epoch=200, nll=2489.1814, acc=0.2082
[ 2022-08-31 17:21:44,393][train_tran.train_nn_models] [Training] Epoch=201, loss=2515.6316, nll=2515.6316, l2_reg=0.0000, acc=0.2070
[ 2022-08-31 17:21:44,394][train_tran.train_nn_models] [Validation] Epoch=201, nll=2488.7534, acc=0.2085
[ 2022-08-31 17:22:03,843][train_tran.train_nn_models] [Training] Epoch=202, loss=2514.9807, nll=2514.9807, l2_reg=0.0000, acc=0.2076
[ 2022-08-31 17:22:03,844][train_tran.train_nn_models] [Validation] Epoch=202, nll=2487.7939, acc=0.2088
[ 2022-08-31 17:22:24,417][train_tran.train_nn_models] [Training] Epoch=203, loss=2514.4395, nll=2514.4395, l2_reg=0.0000, acc=0.2082
[ 2022-08-31 17:22:24,417][train_tran.train_nn_models] [Validation] Epoch=203, nll=2487.2727, acc=0.2095
[ 2022-08-31 17:22:43,413][train_tran.train_nn_models] [Training] Epoch=204, loss=2513.6882, nll=2513.6882, l2_reg=0.0000, acc=0.2088
[ 2022-08-31 17:22:43,413][train_tran.train_nn_models] [Validation] Epoch=204, nll=2486.6235, acc=0.2103
[ 2022-08-31 17:23:03,014][train_tran.train_nn_models] [Training] Epoch=205, loss=2512.9731, nll=2512.9731, l2_reg=0.0000, acc=0.2090
[ 2022-08-31 17:23:03,015][train_tran.train_nn_models] [Validation] Epoch=205, nll=2485.8093, acc=0.2100
[ 2022-08-31 17:23:22,568][train_tran.train_nn_models] [Training] Epoch=206, loss=2512.2751, nll=2512.2751, l2_reg=0.0000, acc=0.2094
[ 2022-08-31 17:23:22,568][train_tran.train_nn_models] [Validation] Epoch=206, nll=2485.2278, acc=0.2101
[ 2022-08-31 17:23:42,340][train_tran.train_nn_models] [Training] Epoch=207, loss=2511.9448, nll=2511.9448, l2_reg=0.0000, acc=0.2096
[ 2022-08-31 17:23:42,341][train_tran.train_nn_models] [Validation] Epoch=207, nll=2484.9607, acc=0.2104
[ 2022-08-31 17:24:01,993][train_tran.train_nn_models] [Training] Epoch=208, loss=2511.4761, nll=2511.4761, l2_reg=0.0000, acc=0.2098
[ 2022-08-31 17:24:01,993][train_tran.train_nn_models] [Validation] Epoch=208, nll=2484.4841, acc=0.2107
[ 2022-08-31 17:24:21,154][train_tran.train_nn_models] [Training] Epoch=209, loss=2510.7695, nll=2510.7695, l2_reg=0.0000, acc=0.2102
[ 2022-08-31 17:24:21,155][train_tran.train_nn_models] [Validation] Epoch=209, nll=2483.7410, acc=0.2102
[ 2022-08-31 17:24:40,993][train_tran.train_nn_models] [Training] Epoch=210, loss=2509.9866, nll=2509.9866, l2_reg=0.0000, acc=0.2103
[ 2022-08-31 17:24:40,994][train_tran.train_nn_models] [Validation] Epoch=210, nll=2483.0242, acc=0.2109
[ 2022-08-31 17:25:00,631][train_tran.train_nn_models] [Training] Epoch=211, loss=2509.2429, nll=2509.2429, l2_reg=0.0000, acc=0.2103
[ 2022-08-31 17:25:00,631][train_tran.train_nn_models] [Validation] Epoch=211, nll=2482.9109, acc=0.2105
[ 2022-08-31 17:25:20,672][train_tran.train_nn_models] [Training] Epoch=212, loss=2508.3645, nll=2508.3645, l2_reg=0.0000, acc=0.2105
[ 2022-08-31 17:25:20,673][train_tran.train_nn_models] [Validation] Epoch=212, nll=2481.7012, acc=0.2116
[ 2022-08-31 17:25:39,883][train_tran.train_nn_models] [Training] Epoch=213, loss=2507.7036, nll=2507.7036, l2_reg=0.0000, acc=0.2107
[ 2022-08-31 17:25:39,884][train_tran.train_nn_models] [Validation] Epoch=213, nll=2482.0188, acc=0.2105
[ 2022-08-31 17:25:59,726][train_tran.train_nn_models] [Training] Epoch=214, loss=2507.2207, nll=2507.2207, l2_reg=0.0000, acc=0.2111
[ 2022-08-31 17:25:59,726][train_tran.train_nn_models] [Validation] Epoch=214, nll=2480.9836, acc=0.2111
[ 2022-08-31 17:26:18,482][train_tran.train_nn_models] [Training] Epoch=215, loss=2506.5525, nll=2506.5525, l2_reg=0.0000, acc=0.2111
[ 2022-08-31 17:26:18,482][train_tran.train_nn_models] [Validation] Epoch=215, nll=2480.9883, acc=0.2100
[ 2022-08-31 17:26:38,059][train_tran.train_nn_models] [Training] Epoch=216, loss=2505.8535, nll=2505.8535, l2_reg=0.0000, acc=0.2116
[ 2022-08-31 17:26:38,060][train_tran.train_nn_models] [Validation] Epoch=216, nll=2479.8979, acc=0.2124
[ 2022-08-31 17:26:57,483][train_tran.train_nn_models] [Training] Epoch=217, loss=2505.3018, nll=2505.3018, l2_reg=0.0000, acc=0.2117
[ 2022-08-31 17:26:57,483][train_tran.train_nn_models] [Validation] Epoch=217, nll=2479.8164, acc=0.2127
[ 2022-08-31 17:27:17,292][train_tran.train_nn_models] [Training] Epoch=218, loss=2505.1621, nll=2505.1621, l2_reg=0.0000, acc=0.2121
[ 2022-08-31 17:27:17,293][train_tran.train_nn_models] [Validation] Epoch=218, nll=2480.3625, acc=0.2120
[ 2022-08-31 17:27:36,617][train_tran.train_nn_models] [Training] Epoch=219, loss=2505.4451, nll=2505.4451, l2_reg=0.0000, acc=0.2123
[ 2022-08-31 17:27:36,618][train_tran.train_nn_models] [Validation] Epoch=219, nll=2480.0452, acc=0.2111
[ 2022-08-31 17:27:56,470][train_tran.train_nn_models] [Training] Epoch=220, loss=2505.0586, nll=2505.0586, l2_reg=0.0000, acc=0.2124
[ 2022-08-31 17:27:56,470][train_tran.train_nn_models] [Validation] Epoch=220, nll=2479.6104, acc=0.2123
[ 2022-08-31 17:28:15,939][train_tran.train_nn_models] [Training] Epoch=221, loss=2504.6245, nll=2504.6245, l2_reg=0.0000, acc=0.2131
[ 2022-08-31 17:28:15,940][train_tran.train_nn_models] [Validation] Epoch=221, nll=2488.6223, acc=0.2055
[ 2022-08-31 17:28:36,814][train_tran.train_nn_models] [Training] Epoch=222, loss=2511.9871, nll=2511.9871, l2_reg=0.0000, acc=0.2081
[ 2022-08-31 17:28:36,814][train_tran.train_nn_models] [Validation] Epoch=222, nll=2485.3479, acc=0.2092
[ 2022-08-31 17:28:57,032][train_tran.train_nn_models] [Training] Epoch=223, loss=2511.1218, nll=2511.1218, l2_reg=0.0000, acc=0.2095
[ 2022-08-31 17:28:57,032][train_tran.train_nn_models] [Validation] Epoch=223, nll=2485.2651, acc=0.2116
[ 2022-08-31 17:29:18,795][train_tran.train_nn_models] [Training] Epoch=224, loss=2508.1433, nll=2508.1433, l2_reg=0.0000, acc=0.2108
[ 2022-08-31 17:29:18,795][train_tran.train_nn_models] [Validation] Epoch=224, nll=2481.0344, acc=0.2152
[ 2022-08-31 17:29:40,905][train_tran.train_nn_models] [Training] Epoch=225, loss=2506.2627, nll=2506.2627, l2_reg=0.0000, acc=0.2147
[ 2022-08-31 17:29:40,906][train_tran.train_nn_models] [Validation] Epoch=225, nll=2479.4204, acc=0.2176
[ 2022-08-31 17:30:01,528][train_tran.train_nn_models] [Training] Epoch=226, loss=2504.1775, nll=2504.1775, l2_reg=0.0000, acc=0.2176
[ 2022-08-31 17:30:01,528][train_tran.train_nn_models] [Validation] Epoch=226, nll=2477.5149, acc=0.2198
[ 2022-08-31 17:30:21,244][train_tran.train_nn_models] [Training] Epoch=227, loss=2501.6914, nll=2501.6914, l2_reg=0.0000, acc=0.2205
[ 2022-08-31 17:30:21,244][train_tran.train_nn_models] [Validation] Epoch=227, nll=2475.5847, acc=0.2202
[ 2022-08-31 17:30:41,476][train_tran.train_nn_models] [Training] Epoch=228, loss=2499.4778, nll=2499.4778, l2_reg=0.0000, acc=0.2239
[ 2022-08-31 17:30:41,477][train_tran.train_nn_models] [Validation] Epoch=228, nll=2474.7168, acc=0.2253
[ 2022-08-31 17:31:01,893][train_tran.train_nn_models] [Training] Epoch=229, loss=2496.5354, nll=2496.5354, l2_reg=0.0000, acc=0.2270
[ 2022-08-31 17:31:01,894][train_tran.train_nn_models] [Validation] Epoch=229, nll=2473.5291, acc=0.2287
[ 2022-08-31 17:31:22,996][train_tran.train_nn_models] [Training] Epoch=230, loss=2493.3521, nll=2493.3521, l2_reg=0.0000, acc=0.2311
[ 2022-08-31 17:31:22,997][train_tran.train_nn_models] [Validation] Epoch=230, nll=2472.2458, acc=0.2336
[ 2022-08-31 17:31:43,895][train_tran.train_nn_models] [Training] Epoch=231, loss=2490.4998, nll=2490.4998, l2_reg=0.0000, acc=0.2370
[ 2022-08-31 17:31:43,896][train_tran.train_nn_models] [Validation] Epoch=231, nll=2468.8760, acc=0.2398
[ 2022-08-31 17:32:03,406][train_tran.train_nn_models] [Training] Epoch=232, loss=2487.2419, nll=2487.2419, l2_reg=0.0000, acc=0.2441
[ 2022-08-31 17:32:03,406][train_tran.train_nn_models] [Validation] Epoch=232, nll=2466.6565, acc=0.2436
[ 2022-08-31 17:32:23,671][train_tran.train_nn_models] [Training] Epoch=233, loss=2483.9890, nll=2483.9890, l2_reg=0.0000, acc=0.2505
[ 2022-08-31 17:32:23,672][train_tran.train_nn_models] [Validation] Epoch=233, nll=2465.0007, acc=0.2497
[ 2022-08-31 17:32:44,792][train_tran.train_nn_models] [Training] Epoch=234, loss=2480.5093, nll=2480.5093, l2_reg=0.0000, acc=0.2562
[ 2022-08-31 17:32:44,792][train_tran.train_nn_models] [Validation] Epoch=234, nll=2463.4150, acc=0.2526
[ 2022-08-31 17:33:05,292][train_tran.train_nn_models] [Training] Epoch=235, loss=2476.5952, nll=2476.5952, l2_reg=0.0000, acc=0.2609
[ 2022-08-31 17:33:05,293][train_tran.train_nn_models] [Validation] Epoch=235, nll=2462.5991, acc=0.2576
[ 2022-08-31 17:33:25,420][train_tran.train_nn_models] [Training] Epoch=236, loss=2472.9080, nll=2472.9080, l2_reg=0.0000, acc=0.2652
[ 2022-08-31 17:33:25,421][train_tran.train_nn_models] [Validation] Epoch=236, nll=2467.9626, acc=0.2537
[ 2022-08-31 17:33:46,257][train_tran.train_nn_models] [Training] Epoch=237, loss=2470.8652, nll=2470.8652, l2_reg=0.0000, acc=0.2680
[ 2022-08-31 17:33:46,257][train_tran.train_nn_models] [Validation] Epoch=237, nll=2464.4961, acc=0.2603
[ 2022-08-31 17:34:06,577][train_tran.train_nn_models] [Training] Epoch=238, loss=2472.8396, nll=2472.8396, l2_reg=0.0000, acc=0.2681
[ 2022-08-31 17:34:06,578][train_tran.train_nn_models] [Validation] Epoch=238, nll=2457.9805, acc=0.2642
[ 2022-08-31 17:34:27,293][train_tran.train_nn_models] [Training] Epoch=239, loss=2464.1768, nll=2464.1768, l2_reg=0.0000, acc=0.2754
[ 2022-08-31 17:34:27,294][train_tran.train_nn_models] [Validation] Epoch=239, nll=2457.4209, acc=0.2684
[ 2022-08-31 17:34:47,753][train_tran.train_nn_models] [Training] Epoch=240, loss=2473.0725, nll=2473.0725, l2_reg=0.0000, acc=0.2686
[ 2022-08-31 17:34:47,754][train_tran.train_nn_models] [Validation] Epoch=240, nll=2462.4880, acc=0.2515
[ 2022-08-31 17:35:08,875][train_tran.train_nn_models] [Training] Epoch=241, loss=2468.8628, nll=2468.8628, l2_reg=0.0000, acc=0.2717
[ 2022-08-31 17:35:08,875][train_tran.train_nn_models] [Validation] Epoch=241, nll=2455.7131, acc=0.2629
[ 2022-08-31 17:35:30,137][train_tran.train_nn_models] [Training] Epoch=242, loss=2461.3247, nll=2461.3247, l2_reg=0.0000, acc=0.2822
[ 2022-08-31 17:35:30,138][train_tran.train_nn_models] [Validation] Epoch=242, nll=2449.0835, acc=0.2758
[ 2022-08-31 17:35:51,877][train_tran.train_nn_models] [Training] Epoch=243, loss=2456.3853, nll=2456.3853, l2_reg=0.0000, acc=0.2864
[ 2022-08-31 17:35:51,878][train_tran.train_nn_models] [Validation] Epoch=243, nll=2450.5474, acc=0.2708
[ 2022-08-31 17:36:14,002][train_tran.train_nn_models] [Training] Epoch=244, loss=2451.5876, nll=2451.5876, l2_reg=0.0000, acc=0.2923
[ 2022-08-31 17:36:14,003][train_tran.train_nn_models] [Validation] Epoch=244, nll=2439.6089, acc=0.2833
[ 2022-08-31 17:36:35,394][train_tran.train_nn_models] [Training] Epoch=245, loss=2449.9175, nll=2449.9175, l2_reg=0.0000, acc=0.2924
[ 2022-08-31 17:36:35,395][train_tran.train_nn_models] [Validation] Epoch=245, nll=2444.1775, acc=0.2779
[ 2022-08-31 17:36:56,915][train_tran.train_nn_models] [Training] Epoch=246, loss=2443.5474, nll=2443.5474, l2_reg=0.0000, acc=0.2993
[ 2022-08-31 17:36:56,916][train_tran.train_nn_models] [Validation] Epoch=246, nll=2436.8679, acc=0.2850
[ 2022-08-31 17:37:19,056][train_tran.train_nn_models] [Training] Epoch=247, loss=2437.8755, nll=2437.8755, l2_reg=0.0000, acc=0.3042
[ 2022-08-31 17:37:19,057][train_tran.train_nn_models] [Validation] Epoch=247, nll=2431.7966, acc=0.2877
[ 2022-08-31 17:37:40,365][train_tran.train_nn_models] [Training] Epoch=248, loss=2435.7056, nll=2435.7056, l2_reg=0.0000, acc=0.3058
[ 2022-08-31 17:37:40,365][train_tran.train_nn_models] [Validation] Epoch=248, nll=2424.7798, acc=0.2960
[ 2022-08-31 17:38:01,757][train_tran.train_nn_models] [Training] Epoch=249, loss=2440.2617, nll=2440.2617, l2_reg=0.0000, acc=0.3019
[ 2022-08-31 17:38:01,758][train_tran.train_nn_models] [Validation] Epoch=249, nll=2431.1653, acc=0.2783
[ 2022-08-31 17:38:03,780][train_tran.eval_nll] [Test]nll=2390.1621, acc=0.2975
[ 2022-08-31 19:10:55,062][train_tran.<module>]                    timestamp  ...                                             config
0 2022-08-31 19:10:54.965175  ...  {'model': 'Tran', 'dataset': 'mhp-1K-10', 'inp...
1 2022-08-31 19:10:54.965175  ...  {'model': 'Tran', 'dataset': 'mhp-1K-10', 'inp...
2 2022-08-31 19:10:54.965175  ...  {'model': 'Tran', 'dataset': 'mhp-1K-10', 'inp...
3 2022-08-31 19:10:54.965175  ...  {'model': 'Tran', 'dataset': 'mhp-1K-10', 'inp...
4 2022-08-31 19:10:54.965175  ...  {'model': 'Tran', 'dataset': 'mhp-1K-10', 'inp...
5 2022-08-31 19:10:54.965175  ...  {'model': 'Tran', 'dataset': 'mhp-1K-10', 'inp...

[6 rows x 7 columns]
