[ 2022-08-29 18:18:49,719][train.<module>] Namespace(batch_size=64, bucket_seqs=False, cuda=True, dataset='mhp-1K-10', embedding_dim=64, epochs=200, hidden_size=64, init_scale=50.0, input_dir='data/input', lr=0.001, model='RPPN', num_workers=0, optimizer='Adam', output_dir='data/output', rand_seed=1, skip_eval_infectivity=False, skip_pred_next_event=False, split_id=4, tune_metric='nll', verbose=False)
[ 2022-08-29 18:19:17,900][train.train_nn_models] [Training] Epoch=0, nll=23068.9609
[ 2022-08-29 18:19:17,900][train.train_nn_models] [Validation] Epoch=0, nll=10500.9590
[ 2022-08-29 18:19:25,215][train.train_nn_models] [Training] Epoch=1, nll=7266.2256
[ 2022-08-29 18:19:25,217][train.train_nn_models] [Validation] Epoch=1, nll=4969.1489
[ 2022-08-29 18:19:32,821][train.train_nn_models] [Training] Epoch=2, nll=4274.6426
[ 2022-08-29 18:19:32,823][train.train_nn_models] [Validation] Epoch=2, nll=3814.0713
[ 2022-08-29 18:19:40,534][train.train_nn_models] [Training] Epoch=3, nll=3606.5764
[ 2022-08-29 18:19:40,535][train.train_nn_models] [Validation] Epoch=3, nll=3488.1272
[ 2022-08-29 18:19:48,014][train.train_nn_models] [Training] Epoch=4, nll=3391.0576
[ 2022-08-29 18:19:48,015][train.train_nn_models] [Validation] Epoch=4, nll=3350.3083
[ 2022-08-29 18:19:55,545][train.train_nn_models] [Training] Epoch=5, nll=3288.4663
[ 2022-08-29 18:19:55,546][train.train_nn_models] [Validation] Epoch=5, nll=3270.9768
[ 2022-08-29 18:20:02,745][train.train_nn_models] [Training] Epoch=6, nll=3224.7239
[ 2022-08-29 18:20:02,745][train.train_nn_models] [Validation] Epoch=6, nll=3216.1531
[ 2022-08-29 18:20:10,340][train.train_nn_models] [Training] Epoch=7, nll=3178.8162
[ 2022-08-29 18:20:10,341][train.train_nn_models] [Validation] Epoch=7, nll=3174.3391
[ 2022-08-29 18:20:17,528][train.train_nn_models] [Training] Epoch=8, nll=3142.8960
[ 2022-08-29 18:20:17,528][train.train_nn_models] [Validation] Epoch=8, nll=3140.4839
[ 2022-08-29 18:20:25,122][train.train_nn_models] [Training] Epoch=9, nll=3113.3682
[ 2022-08-29 18:20:25,123][train.train_nn_models] [Validation] Epoch=9, nll=3112.1650
[ 2022-08-29 18:20:32,670][train.train_nn_models] [Training] Epoch=10, nll=3088.4946
[ 2022-08-29 18:20:32,671][train.train_nn_models] [Validation] Epoch=10, nll=3088.1392
[ 2022-08-29 18:20:40,151][train.train_nn_models] [Training] Epoch=11, nll=3067.2925
[ 2022-08-29 18:20:40,152][train.train_nn_models] [Validation] Epoch=11, nll=3067.5447
[ 2022-08-29 18:20:47,863][train.train_nn_models] [Training] Epoch=12, nll=3049.0081
[ 2022-08-29 18:20:47,865][train.train_nn_models] [Validation] Epoch=12, nll=3049.6489
[ 2022-08-29 18:20:55,317][train.train_nn_models] [Training] Epoch=13, nll=3033.0095
[ 2022-08-29 18:20:55,322][train.train_nn_models] [Validation] Epoch=13, nll=3033.8572
[ 2022-08-29 18:21:03,453][train.train_nn_models] [Training] Epoch=14, nll=3018.8093
[ 2022-08-29 18:21:03,456][train.train_nn_models] [Validation] Epoch=14, nll=3019.7275
[ 2022-08-29 18:21:11,330][train.train_nn_models] [Training] Epoch=15, nll=3006.0657
[ 2022-08-29 18:21:11,332][train.train_nn_models] [Validation] Epoch=15, nll=3006.9866
[ 2022-08-29 18:21:18,597][train.train_nn_models] [Training] Epoch=16, nll=2994.5583
[ 2022-08-29 18:21:18,601][train.train_nn_models] [Validation] Epoch=16, nll=2995.4685
[ 2022-08-29 18:21:26,083][train.train_nn_models] [Training] Epoch=17, nll=2984.1296
[ 2022-08-29 18:21:26,085][train.train_nn_models] [Validation] Epoch=17, nll=2985.0210
[ 2022-08-29 18:21:33,576][train.train_nn_models] [Training] Epoch=18, nll=2974.6235
[ 2022-08-29 18:21:33,580][train.train_nn_models] [Validation] Epoch=18, nll=2975.4641
[ 2022-08-29 18:21:41,157][train.train_nn_models] [Training] Epoch=19, nll=2965.8792
[ 2022-08-29 18:21:41,160][train.train_nn_models] [Validation] Epoch=19, nll=2966.6394
[ 2022-08-29 18:21:48,751][train.train_nn_models] [Training] Epoch=20, nll=2957.7668
[ 2022-08-29 18:21:48,754][train.train_nn_models] [Validation] Epoch=20, nll=2958.4233
[ 2022-08-29 18:21:56,351][train.train_nn_models] [Training] Epoch=21, nll=2950.1855
[ 2022-08-29 18:21:56,355][train.train_nn_models] [Validation] Epoch=21, nll=2950.7258
[ 2022-08-29 18:22:04,519][train.train_nn_models] [Training] Epoch=22, nll=2943.0601
[ 2022-08-29 18:22:04,523][train.train_nn_models] [Validation] Epoch=22, nll=2943.4775
[ 2022-08-29 18:22:12,680][train.train_nn_models] [Training] Epoch=23, nll=2936.3291
[ 2022-08-29 18:22:12,684][train.train_nn_models] [Validation] Epoch=23, nll=2936.6221
[ 2022-08-29 18:22:20,348][train.train_nn_models] [Training] Epoch=24, nll=2929.9456
[ 2022-08-29 18:22:20,351][train.train_nn_models] [Validation] Epoch=24, nll=2930.1140
[ 2022-08-29 18:22:27,907][train.train_nn_models] [Training] Epoch=25, nll=2923.8699
[ 2022-08-29 18:22:27,911][train.train_nn_models] [Validation] Epoch=25, nll=2923.9160
[ 2022-08-29 18:22:35,243][train.train_nn_models] [Training] Epoch=26, nll=2918.0676
[ 2022-08-29 18:22:35,246][train.train_nn_models] [Validation] Epoch=26, nll=2917.9966
[ 2022-08-29 18:22:42,779][train.train_nn_models] [Training] Epoch=27, nll=2912.5100
[ 2022-08-29 18:22:42,783][train.train_nn_models] [Validation] Epoch=27, nll=2912.3257
[ 2022-08-29 18:22:50,426][train.train_nn_models] [Training] Epoch=28, nll=2907.1726
[ 2022-08-29 18:22:50,429][train.train_nn_models] [Validation] Epoch=28, nll=2906.8804
[ 2022-08-29 18:22:57,861][train.train_nn_models] [Training] Epoch=29, nll=2902.0325
[ 2022-08-29 18:22:57,863][train.train_nn_models] [Validation] Epoch=29, nll=2901.6377
[ 2022-08-29 18:23:05,313][train.train_nn_models] [Training] Epoch=30, nll=2897.0703
[ 2022-08-29 18:23:05,316][train.train_nn_models] [Validation] Epoch=30, nll=2896.5796
[ 2022-08-29 18:23:13,236][train.train_nn_models] [Training] Epoch=31, nll=2892.2690
[ 2022-08-29 18:23:13,239][train.train_nn_models] [Validation] Epoch=31, nll=2891.6890
[ 2022-08-29 18:23:20,496][train.train_nn_models] [Training] Epoch=32, nll=2887.6147
[ 2022-08-29 18:23:20,499][train.train_nn_models] [Validation] Epoch=32, nll=2886.9524
[ 2022-08-29 18:23:28,284][train.train_nn_models] [Training] Epoch=33, nll=2883.0940
[ 2022-08-29 18:23:28,287][train.train_nn_models] [Validation] Epoch=33, nll=2882.3560
[ 2022-08-29 18:23:35,888][train.train_nn_models] [Training] Epoch=34, nll=2878.6963
[ 2022-08-29 18:23:35,891][train.train_nn_models] [Validation] Epoch=34, nll=2877.8894
[ 2022-08-29 18:23:43,416][train.train_nn_models] [Training] Epoch=35, nll=2874.4109
[ 2022-08-29 18:23:43,419][train.train_nn_models] [Validation] Epoch=35, nll=2873.5422
[ 2022-08-29 18:23:51,116][train.train_nn_models] [Training] Epoch=36, nll=2870.2297
[ 2022-08-29 18:23:51,119][train.train_nn_models] [Validation] Epoch=36, nll=2869.3069
[ 2022-08-29 18:23:58,386][train.train_nn_models] [Training] Epoch=37, nll=2866.1455
[ 2022-08-29 18:23:58,389][train.train_nn_models] [Validation] Epoch=37, nll=2865.1746
[ 2022-08-29 18:24:06,052][train.train_nn_models] [Training] Epoch=38, nll=2862.1511
[ 2022-08-29 18:24:06,055][train.train_nn_models] [Validation] Epoch=38, nll=2861.1396
[ 2022-08-29 18:24:13,426][train.train_nn_models] [Training] Epoch=39, nll=2858.2407
[ 2022-08-29 18:24:13,428][train.train_nn_models] [Validation] Epoch=39, nll=2857.1956
[ 2022-08-29 18:24:21,226][train.train_nn_models] [Training] Epoch=40, nll=2854.4084
[ 2022-08-29 18:24:21,229][train.train_nn_models] [Validation] Epoch=40, nll=2853.3362
[ 2022-08-29 18:24:28,772][train.train_nn_models] [Training] Epoch=41, nll=2850.6499
[ 2022-08-29 18:24:28,775][train.train_nn_models] [Validation] Epoch=41, nll=2849.5566
[ 2022-08-29 18:24:36,424][train.train_nn_models] [Training] Epoch=42, nll=2846.9602
[ 2022-08-29 18:24:36,427][train.train_nn_models] [Validation] Epoch=42, nll=2845.8523
[ 2022-08-29 18:24:43,992][train.train_nn_models] [Training] Epoch=43, nll=2843.3357
[ 2022-08-29 18:24:43,994][train.train_nn_models] [Validation] Epoch=43, nll=2842.2180
[ 2022-08-29 18:24:51,519][train.train_nn_models] [Training] Epoch=44, nll=2839.7722
[ 2022-08-29 18:24:51,522][train.train_nn_models] [Validation] Epoch=44, nll=2838.6509
[ 2022-08-29 18:24:59,186][train.train_nn_models] [Training] Epoch=45, nll=2836.2668
[ 2022-08-29 18:24:59,189][train.train_nn_models] [Validation] Epoch=45, nll=2835.1467
[ 2022-08-29 18:25:06,642][train.train_nn_models] [Training] Epoch=46, nll=2832.8167
[ 2022-08-29 18:25:06,645][train.train_nn_models] [Validation] Epoch=46, nll=2831.7029
[ 2022-08-29 18:25:14,045][train.train_nn_models] [Training] Epoch=47, nll=2829.4185
[ 2022-08-29 18:25:14,048][train.train_nn_models] [Validation] Epoch=47, nll=2828.3157
[ 2022-08-29 18:25:21,681][train.train_nn_models] [Training] Epoch=48, nll=2826.0701
[ 2022-08-29 18:25:21,684][train.train_nn_models] [Validation] Epoch=48, nll=2824.9827
[ 2022-08-29 18:25:29,000][train.train_nn_models] [Training] Epoch=49, nll=2822.7690
[ 2022-08-29 18:25:29,003][train.train_nn_models] [Validation] Epoch=49, nll=2821.7017
[ 2022-08-29 18:25:36,404][train.train_nn_models] [Training] Epoch=50, nll=2819.5127
[ 2022-08-29 18:25:36,407][train.train_nn_models] [Validation] Epoch=50, nll=2818.4700
[ 2022-08-29 18:25:43,801][train.train_nn_models] [Training] Epoch=51, nll=2816.3010
[ 2022-08-29 18:25:43,804][train.train_nn_models] [Validation] Epoch=51, nll=2815.2852
[ 2022-08-29 18:25:51,652][train.train_nn_models] [Training] Epoch=52, nll=2813.1304
[ 2022-08-29 18:25:51,661][train.train_nn_models] [Validation] Epoch=52, nll=2812.1460
[ 2022-08-29 18:25:59,394][train.train_nn_models] [Training] Epoch=53, nll=2810.0000
[ 2022-08-29 18:25:59,397][train.train_nn_models] [Validation] Epoch=53, nll=2809.0510
[ 2022-08-29 18:26:07,612][train.train_nn_models] [Training] Epoch=54, nll=2806.9082
[ 2022-08-29 18:26:07,616][train.train_nn_models] [Validation] Epoch=54, nll=2805.9978
[ 2022-08-29 18:26:15,258][train.train_nn_models] [Training] Epoch=55, nll=2803.8540
[ 2022-08-29 18:26:15,261][train.train_nn_models] [Validation] Epoch=55, nll=2802.9856
[ 2022-08-29 18:26:22,751][train.train_nn_models] [Training] Epoch=56, nll=2800.8357
[ 2022-08-29 18:26:22,754][train.train_nn_models] [Validation] Epoch=56, nll=2800.0122
[ 2022-08-29 18:26:30,354][train.train_nn_models] [Training] Epoch=57, nll=2797.8528
[ 2022-08-29 18:26:30,356][train.train_nn_models] [Validation] Epoch=57, nll=2797.0779
[ 2022-08-29 18:26:37,784][train.train_nn_models] [Training] Epoch=58, nll=2794.9041
[ 2022-08-29 18:26:37,787][train.train_nn_models] [Validation] Epoch=58, nll=2794.1804
[ 2022-08-29 18:26:45,609][train.train_nn_models] [Training] Epoch=59, nll=2791.9890
[ 2022-08-29 18:26:45,612][train.train_nn_models] [Validation] Epoch=59, nll=2791.3179
[ 2022-08-29 18:26:53,187][train.train_nn_models] [Training] Epoch=60, nll=2789.1060
[ 2022-08-29 18:26:53,190][train.train_nn_models] [Validation] Epoch=60, nll=2788.4912
[ 2022-08-29 18:27:00,435][train.train_nn_models] [Training] Epoch=61, nll=2786.2546
[ 2022-08-29 18:27:00,438][train.train_nn_models] [Validation] Epoch=61, nll=2785.6985
[ 2022-08-29 18:27:08,016][train.train_nn_models] [Training] Epoch=62, nll=2783.4351
[ 2022-08-29 18:27:08,019][train.train_nn_models] [Validation] Epoch=62, nll=2782.9392
[ 2022-08-29 18:27:15,586][train.train_nn_models] [Training] Epoch=63, nll=2780.6455
[ 2022-08-29 18:27:15,589][train.train_nn_models] [Validation] Epoch=63, nll=2780.2122
[ 2022-08-29 18:27:23,012][train.train_nn_models] [Training] Epoch=64, nll=2777.8862
[ 2022-08-29 18:27:23,015][train.train_nn_models] [Validation] Epoch=64, nll=2777.5183
[ 2022-08-29 18:27:30,549][train.train_nn_models] [Training] Epoch=65, nll=2775.1562
[ 2022-08-29 18:27:30,552][train.train_nn_models] [Validation] Epoch=65, nll=2774.8552
[ 2022-08-29 18:27:37,873][train.train_nn_models] [Training] Epoch=66, nll=2772.4561
[ 2022-08-29 18:27:37,876][train.train_nn_models] [Validation] Epoch=66, nll=2772.2234
[ 2022-08-29 18:27:45,102][train.train_nn_models] [Training] Epoch=67, nll=2769.7844
[ 2022-08-29 18:27:45,105][train.train_nn_models] [Validation] Epoch=67, nll=2769.6218
[ 2022-08-29 18:27:52,325][train.train_nn_models] [Training] Epoch=68, nll=2767.1416
[ 2022-08-29 18:27:52,327][train.train_nn_models] [Validation] Epoch=68, nll=2767.0510
[ 2022-08-29 18:27:59,801][train.train_nn_models] [Training] Epoch=69, nll=2764.5266
[ 2022-08-29 18:27:59,804][train.train_nn_models] [Validation] Epoch=69, nll=2764.5098
[ 2022-08-29 18:28:07,066][train.train_nn_models] [Training] Epoch=70, nll=2761.9399
[ 2022-08-29 18:28:07,069][train.train_nn_models] [Validation] Epoch=70, nll=2761.9983
[ 2022-08-29 18:28:14,594][train.train_nn_models] [Training] Epoch=71, nll=2759.3816
[ 2022-08-29 18:28:14,597][train.train_nn_models] [Validation] Epoch=71, nll=2759.5159
[ 2022-08-29 18:28:22,200][train.train_nn_models] [Training] Epoch=72, nll=2756.8516
[ 2022-08-29 18:28:22,203][train.train_nn_models] [Validation] Epoch=72, nll=2757.0625
[ 2022-08-29 18:28:29,652][train.train_nn_models] [Training] Epoch=73, nll=2754.3489
[ 2022-08-29 18:28:29,653][train.train_nn_models] [Validation] Epoch=73, nll=2754.6379
[ 2022-08-29 18:28:37,008][train.train_nn_models] [Training] Epoch=74, nll=2751.8740
[ 2022-08-29 18:28:37,011][train.train_nn_models] [Validation] Epoch=74, nll=2752.2422
[ 2022-08-29 18:28:44,637][train.train_nn_models] [Training] Epoch=75, nll=2749.4268
[ 2022-08-29 18:28:44,640][train.train_nn_models] [Validation] Epoch=75, nll=2749.8757
[ 2022-08-29 18:28:52,133][train.train_nn_models] [Training] Epoch=76, nll=2747.0078
[ 2022-08-29 18:28:52,136][train.train_nn_models] [Validation] Epoch=76, nll=2747.5376
[ 2022-08-29 18:28:59,482][train.train_nn_models] [Training] Epoch=77, nll=2744.6165
[ 2022-08-29 18:28:59,484][train.train_nn_models] [Validation] Epoch=77, nll=2745.2278
[ 2022-08-29 18:29:06,876][train.train_nn_models] [Training] Epoch=78, nll=2742.2529
[ 2022-08-29 18:29:06,879][train.train_nn_models] [Validation] Epoch=78, nll=2742.9465
[ 2022-08-29 18:29:14,378][train.train_nn_models] [Training] Epoch=79, nll=2739.9175
[ 2022-08-29 18:29:14,381][train.train_nn_models] [Validation] Epoch=79, nll=2740.6938
[ 2022-08-29 18:29:21,917][train.train_nn_models] [Training] Epoch=80, nll=2737.6096
[ 2022-08-29 18:29:21,919][train.train_nn_models] [Validation] Epoch=80, nll=2738.4697
[ 2022-08-29 18:29:29,623][train.train_nn_models] [Training] Epoch=81, nll=2735.3303
[ 2022-08-29 18:29:29,626][train.train_nn_models] [Validation] Epoch=81, nll=2736.2734
[ 2022-08-29 18:29:37,113][train.train_nn_models] [Training] Epoch=82, nll=2733.0789
[ 2022-08-29 18:29:37,116][train.train_nn_models] [Validation] Epoch=82, nll=2734.1064
[ 2022-08-29 18:29:44,789][train.train_nn_models] [Training] Epoch=83, nll=2730.8560
[ 2022-08-29 18:29:44,792][train.train_nn_models] [Validation] Epoch=83, nll=2731.9678
[ 2022-08-29 18:29:52,181][train.train_nn_models] [Training] Epoch=84, nll=2728.6611
[ 2022-08-29 18:29:52,184][train.train_nn_models] [Validation] Epoch=84, nll=2729.8569
[ 2022-08-29 18:29:59,681][train.train_nn_models] [Training] Epoch=85, nll=2726.4949
[ 2022-08-29 18:29:59,683][train.train_nn_models] [Validation] Epoch=85, nll=2727.7749
[ 2022-08-29 18:30:07,086][train.train_nn_models] [Training] Epoch=86, nll=2724.3569
[ 2022-08-29 18:30:07,089][train.train_nn_models] [Validation] Epoch=86, nll=2725.7217
[ 2022-08-29 18:30:14,602][train.train_nn_models] [Training] Epoch=87, nll=2722.2476
[ 2022-08-29 18:30:14,604][train.train_nn_models] [Validation] Epoch=87, nll=2723.6965
[ 2022-08-29 18:30:21,882][train.train_nn_models] [Training] Epoch=88, nll=2720.1667
[ 2022-08-29 18:30:21,885][train.train_nn_models] [Validation] Epoch=88, nll=2721.7004
[ 2022-08-29 18:30:29,595][train.train_nn_models] [Training] Epoch=89, nll=2718.1152
[ 2022-08-29 18:30:29,598][train.train_nn_models] [Validation] Epoch=89, nll=2719.7329
[ 2022-08-29 18:30:37,151][train.train_nn_models] [Training] Epoch=90, nll=2716.0920
[ 2022-08-29 18:30:37,154][train.train_nn_models] [Validation] Epoch=90, nll=2717.7932
[ 2022-08-29 18:30:44,947][train.train_nn_models] [Training] Epoch=91, nll=2714.0977
[ 2022-08-29 18:30:44,950][train.train_nn_models] [Validation] Epoch=91, nll=2715.8821
[ 2022-08-29 18:30:52,542][train.train_nn_models] [Training] Epoch=92, nll=2712.1321
[ 2022-08-29 18:30:52,546][train.train_nn_models] [Validation] Epoch=92, nll=2713.9990
[ 2022-08-29 18:31:00,181][train.train_nn_models] [Training] Epoch=93, nll=2710.1956
[ 2022-08-29 18:31:00,184][train.train_nn_models] [Validation] Epoch=93, nll=2712.1450
[ 2022-08-29 18:31:07,930][train.train_nn_models] [Training] Epoch=94, nll=2708.2878
[ 2022-08-29 18:31:07,932][train.train_nn_models] [Validation] Epoch=94, nll=2710.3179
[ 2022-08-29 18:31:15,311][train.train_nn_models] [Training] Epoch=95, nll=2706.4080
[ 2022-08-29 18:31:15,314][train.train_nn_models] [Validation] Epoch=95, nll=2708.5200
[ 2022-08-29 18:31:22,667][train.train_nn_models] [Training] Epoch=96, nll=2704.5571
[ 2022-08-29 18:31:22,670][train.train_nn_models] [Validation] Epoch=96, nll=2706.7498
[ 2022-08-29 18:31:30,268][train.train_nn_models] [Training] Epoch=97, nll=2702.7349
[ 2022-08-29 18:31:30,270][train.train_nn_models] [Validation] Epoch=97, nll=2705.0071
[ 2022-08-29 18:31:38,502][train.train_nn_models] [Training] Epoch=98, nll=2700.9412
[ 2022-08-29 18:31:38,505][train.train_nn_models] [Validation] Epoch=98, nll=2703.2930
[ 2022-08-29 18:31:46,820][train.train_nn_models] [Training] Epoch=99, nll=2699.1760
[ 2022-08-29 18:31:46,822][train.train_nn_models] [Validation] Epoch=99, nll=2701.6052
[ 2022-08-29 18:31:54,691][train.train_nn_models] [Training] Epoch=100, nll=2697.4382
[ 2022-08-29 18:31:54,694][train.train_nn_models] [Validation] Epoch=100, nll=2699.9460
[ 2022-08-29 18:32:02,242][train.train_nn_models] [Training] Epoch=101, nll=2695.7292
[ 2022-08-29 18:32:02,244][train.train_nn_models] [Validation] Epoch=101, nll=2698.3125
[ 2022-08-29 18:32:02,247][train.train_nn_models] Found a better model at epoch 101.
[ 2022-08-29 18:32:09,914][train.train_nn_models] [Training] Epoch=102, nll=2694.0476
[ 2022-08-29 18:32:09,916][train.train_nn_models] [Validation] Epoch=102, nll=2696.7073
[ 2022-08-29 18:32:09,919][train.train_nn_models] Found a better model at epoch 102.
[ 2022-08-29 18:32:17,432][train.train_nn_models] [Training] Epoch=103, nll=2692.3936
[ 2022-08-29 18:32:17,435][train.train_nn_models] [Validation] Epoch=103, nll=2695.1284
[ 2022-08-29 18:32:17,438][train.train_nn_models] Found a better model at epoch 103.
[ 2022-08-29 18:32:25,110][train.train_nn_models] [Training] Epoch=104, nll=2690.7673
[ 2022-08-29 18:32:25,113][train.train_nn_models] [Validation] Epoch=104, nll=2693.5754
[ 2022-08-29 18:32:25,115][train.train_nn_models] Found a better model at epoch 104.
[ 2022-08-29 18:32:32,968][train.train_nn_models] [Training] Epoch=105, nll=2689.1677
[ 2022-08-29 18:32:32,971][train.train_nn_models] [Validation] Epoch=105, nll=2692.0488
[ 2022-08-29 18:32:32,974][train.train_nn_models] Found a better model at epoch 105.
[ 2022-08-29 18:32:40,565][train.train_nn_models] [Training] Epoch=106, nll=2687.5955
[ 2022-08-29 18:32:40,568][train.train_nn_models] [Validation] Epoch=106, nll=2690.5483
[ 2022-08-29 18:32:40,571][train.train_nn_models] Found a better model at epoch 106.
[ 2022-08-29 18:32:48,586][train.train_nn_models] [Training] Epoch=107, nll=2686.0493
[ 2022-08-29 18:32:48,589][train.train_nn_models] [Validation] Epoch=107, nll=2689.0730
[ 2022-08-29 18:32:48,592][train.train_nn_models] Found a better model at epoch 107.
[ 2022-08-29 18:32:56,139][train.train_nn_models] [Training] Epoch=108, nll=2684.5305
[ 2022-08-29 18:32:56,142][train.train_nn_models] [Validation] Epoch=108, nll=2687.6235
[ 2022-08-29 18:32:56,145][train.train_nn_models] Found a better model at epoch 108.
[ 2022-08-29 18:33:03,645][train.train_nn_models] [Training] Epoch=109, nll=2683.0369
[ 2022-08-29 18:33:03,647][train.train_nn_models] [Validation] Epoch=109, nll=2686.1992
[ 2022-08-29 18:33:03,650][train.train_nn_models] Found a better model at epoch 109.
[ 2022-08-29 18:33:11,117][train.train_nn_models] [Training] Epoch=110, nll=2681.5693
[ 2022-08-29 18:33:11,118][train.train_nn_models] [Validation] Epoch=110, nll=2684.7996
[ 2022-08-29 18:33:11,121][train.train_nn_models] Found a better model at epoch 110.
[ 2022-08-29 18:33:18,433][train.train_nn_models] [Training] Epoch=111, nll=2680.1274
[ 2022-08-29 18:33:18,436][train.train_nn_models] [Validation] Epoch=111, nll=2683.4241
[ 2022-08-29 18:33:18,439][train.train_nn_models] Found a better model at epoch 111.
[ 2022-08-29 18:33:25,860][train.train_nn_models] [Training] Epoch=112, nll=2678.7107
[ 2022-08-29 18:33:25,863][train.train_nn_models] [Validation] Epoch=112, nll=2682.0728
[ 2022-08-29 18:33:25,866][train.train_nn_models] Found a better model at epoch 112.
[ 2022-08-29 18:33:33,398][train.train_nn_models] [Training] Epoch=113, nll=2677.3184
[ 2022-08-29 18:33:33,401][train.train_nn_models] [Validation] Epoch=113, nll=2680.7454
[ 2022-08-29 18:33:33,404][train.train_nn_models] Found a better model at epoch 113.
[ 2022-08-29 18:33:40,826][train.train_nn_models] [Training] Epoch=114, nll=2675.9507
[ 2022-08-29 18:33:40,829][train.train_nn_models] [Validation] Epoch=114, nll=2679.4417
[ 2022-08-29 18:33:40,832][train.train_nn_models] Found a better model at epoch 114.
[ 2022-08-29 18:33:48,412][train.train_nn_models] [Training] Epoch=115, nll=2674.6079
[ 2022-08-29 18:33:48,415][train.train_nn_models] [Validation] Epoch=115, nll=2678.1609
[ 2022-08-29 18:33:48,417][train.train_nn_models] Found a better model at epoch 115.
[ 2022-08-29 18:33:55,818][train.train_nn_models] [Training] Epoch=116, nll=2673.2881
[ 2022-08-29 18:33:55,821][train.train_nn_models] [Validation] Epoch=116, nll=2676.9031
[ 2022-08-29 18:33:55,824][train.train_nn_models] Found a better model at epoch 116.
[ 2022-08-29 18:34:03,162][train.train_nn_models] [Training] Epoch=117, nll=2671.9919
[ 2022-08-29 18:34:03,165][train.train_nn_models] [Validation] Epoch=117, nll=2675.6672
[ 2022-08-29 18:34:03,168][train.train_nn_models] Found a better model at epoch 117.
[ 2022-08-29 18:34:10,802][train.train_nn_models] [Training] Epoch=118, nll=2670.7192
[ 2022-08-29 18:34:10,805][train.train_nn_models] [Validation] Epoch=118, nll=2674.4536
[ 2022-08-29 18:34:10,808][train.train_nn_models] Found a better model at epoch 118.
[ 2022-08-29 18:34:18,643][train.train_nn_models] [Training] Epoch=119, nll=2669.4695
[ 2022-08-29 18:34:18,646][train.train_nn_models] [Validation] Epoch=119, nll=2673.2617
[ 2022-08-29 18:34:18,649][train.train_nn_models] Found a better model at epoch 119.
[ 2022-08-29 18:34:26,319][train.train_nn_models] [Training] Epoch=120, nll=2668.2417
[ 2022-08-29 18:34:26,321][train.train_nn_models] [Validation] Epoch=120, nll=2672.0916
[ 2022-08-29 18:34:26,324][train.train_nn_models] Found a better model at epoch 120.
[ 2022-08-29 18:34:33,861][train.train_nn_models] [Training] Epoch=121, nll=2667.0359
[ 2022-08-29 18:34:33,864][train.train_nn_models] [Validation] Epoch=121, nll=2670.9424
[ 2022-08-29 18:34:33,866][train.train_nn_models] Found a better model at epoch 121.
[ 2022-08-29 18:34:41,293][train.train_nn_models] [Training] Epoch=122, nll=2665.8528
[ 2022-08-29 18:34:41,296][train.train_nn_models] [Validation] Epoch=122, nll=2669.8135
[ 2022-08-29 18:34:41,300][train.train_nn_models] Found a better model at epoch 122.
[ 2022-08-29 18:34:48,767][train.train_nn_models] [Training] Epoch=123, nll=2664.6904
[ 2022-08-29 18:34:48,770][train.train_nn_models] [Validation] Epoch=123, nll=2668.7053
[ 2022-08-29 18:34:48,773][train.train_nn_models] Found a better model at epoch 123.
[ 2022-08-29 18:34:56,316][train.train_nn_models] [Training] Epoch=124, nll=2663.5491
[ 2022-08-29 18:34:56,319][train.train_nn_models] [Validation] Epoch=124, nll=2667.6177
[ 2022-08-29 18:34:56,322][train.train_nn_models] Found a better model at epoch 124.
[ 2022-08-29 18:35:03,947][train.train_nn_models] [Training] Epoch=125, nll=2662.4282
[ 2022-08-29 18:35:03,950][train.train_nn_models] [Validation] Epoch=125, nll=2666.5481
[ 2022-08-29 18:35:03,953][train.train_nn_models] Found a better model at epoch 125.
[ 2022-08-29 18:35:11,529][train.train_nn_models] [Training] Epoch=126, nll=2661.3274
[ 2022-08-29 18:35:11,531][train.train_nn_models] [Validation] Epoch=126, nll=2665.4990
[ 2022-08-29 18:35:11,534][train.train_nn_models] Found a better model at epoch 126.
[ 2022-08-29 18:35:19,302][train.train_nn_models] [Training] Epoch=127, nll=2660.2471
[ 2022-08-29 18:35:19,305][train.train_nn_models] [Validation] Epoch=127, nll=2664.4685
[ 2022-08-29 18:35:19,308][train.train_nn_models] Found a better model at epoch 127.
[ 2022-08-29 18:35:27,156][train.train_nn_models] [Training] Epoch=128, nll=2659.1863
[ 2022-08-29 18:35:27,158][train.train_nn_models] [Validation] Epoch=128, nll=2663.4565
[ 2022-08-29 18:35:27,161][train.train_nn_models] Found a better model at epoch 128.
[ 2022-08-29 18:35:34,700][train.train_nn_models] [Training] Epoch=129, nll=2658.1445
[ 2022-08-29 18:35:34,703][train.train_nn_models] [Validation] Epoch=129, nll=2662.4631
[ 2022-08-29 18:35:34,706][train.train_nn_models] Found a better model at epoch 129.
[ 2022-08-29 18:35:42,078][train.train_nn_models] [Training] Epoch=130, nll=2657.1216
[ 2022-08-29 18:35:42,081][train.train_nn_models] [Validation] Epoch=130, nll=2661.4871
[ 2022-08-29 18:35:42,084][train.train_nn_models] Found a better model at epoch 130.
[ 2022-08-29 18:35:49,494][train.train_nn_models] [Training] Epoch=131, nll=2656.1174
[ 2022-08-29 18:35:49,495][train.train_nn_models] [Validation] Epoch=131, nll=2660.5291
[ 2022-08-29 18:35:49,498][train.train_nn_models] Found a better model at epoch 131.
[ 2022-08-29 18:35:56,823][train.train_nn_models] [Training] Epoch=132, nll=2655.1311
[ 2022-08-29 18:35:56,826][train.train_nn_models] [Validation] Epoch=132, nll=2659.5884
[ 2022-08-29 18:35:56,829][train.train_nn_models] Found a better model at epoch 132.
[ 2022-08-29 18:36:04,514][train.train_nn_models] [Training] Epoch=133, nll=2654.1626
[ 2022-08-29 18:36:04,517][train.train_nn_models] [Validation] Epoch=133, nll=2658.6643
[ 2022-08-29 18:36:04,519][train.train_nn_models] Found a better model at epoch 133.
[ 2022-08-29 18:36:12,266][train.train_nn_models] [Training] Epoch=134, nll=2653.2124
[ 2022-08-29 18:36:12,270][train.train_nn_models] [Validation] Epoch=134, nll=2657.7571
[ 2022-08-29 18:36:12,273][train.train_nn_models] Found a better model at epoch 134.
[ 2022-08-29 18:36:20,012][train.train_nn_models] [Training] Epoch=135, nll=2652.2786
[ 2022-08-29 18:36:20,015][train.train_nn_models] [Validation] Epoch=135, nll=2656.8662
[ 2022-08-29 18:36:20,018][train.train_nn_models] Found a better model at epoch 135.
[ 2022-08-29 18:36:27,493][train.train_nn_models] [Training] Epoch=136, nll=2651.3616
[ 2022-08-29 18:36:27,496][train.train_nn_models] [Validation] Epoch=136, nll=2655.9910
[ 2022-08-29 18:36:27,499][train.train_nn_models] Found a better model at epoch 136.
[ 2022-08-29 18:36:35,249][train.train_nn_models] [Training] Epoch=137, nll=2650.4614
[ 2022-08-29 18:36:35,251][train.train_nn_models] [Validation] Epoch=137, nll=2655.1316
[ 2022-08-29 18:36:35,254][train.train_nn_models] Found a better model at epoch 137.
[ 2022-08-29 18:36:43,039][train.train_nn_models] [Training] Epoch=138, nll=2649.5776
[ 2022-08-29 18:36:43,042][train.train_nn_models] [Validation] Epoch=138, nll=2654.2878
[ 2022-08-29 18:36:43,045][train.train_nn_models] Found a better model at epoch 138.
[ 2022-08-29 18:36:51,340][train.train_nn_models] [Training] Epoch=139, nll=2648.7090
[ 2022-08-29 18:36:51,340][train.train_nn_models] [Validation] Epoch=139, nll=2653.4587
[ 2022-08-29 18:36:51,343][train.train_nn_models] Found a better model at epoch 139.
[ 2022-08-29 18:36:59,324][train.train_nn_models] [Training] Epoch=140, nll=2647.8562
[ 2022-08-29 18:36:59,327][train.train_nn_models] [Validation] Epoch=140, nll=2652.6445
[ 2022-08-29 18:36:59,330][train.train_nn_models] Found a better model at epoch 140.
[ 2022-08-29 18:37:06,803][train.train_nn_models] [Training] Epoch=141, nll=2647.0188
[ 2022-08-29 18:37:06,806][train.train_nn_models] [Validation] Epoch=141, nll=2651.8447
[ 2022-08-29 18:37:06,809][train.train_nn_models] Found a better model at epoch 141.
[ 2022-08-29 18:37:14,280][train.train_nn_models] [Training] Epoch=142, nll=2646.1965
[ 2022-08-29 18:37:14,283][train.train_nn_models] [Validation] Epoch=142, nll=2651.0591
[ 2022-08-29 18:37:14,286][train.train_nn_models] Found a better model at epoch 142.
[ 2022-08-29 18:37:21,958][train.train_nn_models] [Training] Epoch=143, nll=2645.3884
[ 2022-08-29 18:37:21,961][train.train_nn_models] [Validation] Epoch=143, nll=2650.2869
[ 2022-08-29 18:37:21,964][train.train_nn_models] Found a better model at epoch 143.
[ 2022-08-29 18:37:29,437][train.train_nn_models] [Training] Epoch=144, nll=2644.5952
[ 2022-08-29 18:37:29,440][train.train_nn_models] [Validation] Epoch=144, nll=2649.5288
[ 2022-08-29 18:37:29,443][train.train_nn_models] Found a better model at epoch 144.
[ 2022-08-29 18:37:37,004][train.train_nn_models] [Training] Epoch=145, nll=2643.8159
[ 2022-08-29 18:37:37,007][train.train_nn_models] [Validation] Epoch=145, nll=2648.7842
[ 2022-08-29 18:37:37,009][train.train_nn_models] Found a better model at epoch 145.
[ 2022-08-29 18:37:44,613][train.train_nn_models] [Training] Epoch=146, nll=2643.0500
[ 2022-08-29 18:37:44,616][train.train_nn_models] [Validation] Epoch=146, nll=2648.0520
[ 2022-08-29 18:37:44,619][train.train_nn_models] Found a better model at epoch 146.
[ 2022-08-29 18:37:52,262][train.train_nn_models] [Training] Epoch=147, nll=2642.2981
[ 2022-08-29 18:37:52,265][train.train_nn_models] [Validation] Epoch=147, nll=2647.3333
[ 2022-08-29 18:37:52,268][train.train_nn_models] Found a better model at epoch 147.
[ 2022-08-29 18:37:59,821][train.train_nn_models] [Training] Epoch=148, nll=2641.5588
[ 2022-08-29 18:37:59,824][train.train_nn_models] [Validation] Epoch=148, nll=2646.6270
[ 2022-08-29 18:37:59,827][train.train_nn_models] Found a better model at epoch 148.
[ 2022-08-29 18:38:07,395][train.train_nn_models] [Training] Epoch=149, nll=2640.8333
[ 2022-08-29 18:38:07,398][train.train_nn_models] [Validation] Epoch=149, nll=2645.9321
[ 2022-08-29 18:38:07,401][train.train_nn_models] Found a better model at epoch 149.
[ 2022-08-29 18:38:14,933][train.train_nn_models] [Training] Epoch=150, nll=2640.1196
[ 2022-08-29 18:38:14,935][train.train_nn_models] [Validation] Epoch=150, nll=2645.2502
[ 2022-08-29 18:38:14,938][train.train_nn_models] Found a better model at epoch 150.
[ 2022-08-29 18:38:22,936][train.train_nn_models] [Training] Epoch=151, nll=2639.4189
[ 2022-08-29 18:38:22,940][train.train_nn_models] [Validation] Epoch=151, nll=2644.5803
[ 2022-08-29 18:38:22,943][train.train_nn_models] Found a better model at epoch 151.
[ 2022-08-29 18:38:30,422][train.train_nn_models] [Training] Epoch=152, nll=2638.7305
[ 2022-08-29 18:38:30,424][train.train_nn_models] [Validation] Epoch=152, nll=2643.9219
[ 2022-08-29 18:38:30,427][train.train_nn_models] Found a better model at epoch 152.
[ 2022-08-29 18:38:38,065][train.train_nn_models] [Training] Epoch=153, nll=2638.0537
[ 2022-08-29 18:38:38,068][train.train_nn_models] [Validation] Epoch=153, nll=2643.2742
[ 2022-08-29 18:38:38,071][train.train_nn_models] Found a better model at epoch 153.
[ 2022-08-29 18:38:45,710][train.train_nn_models] [Training] Epoch=154, nll=2637.3884
[ 2022-08-29 18:38:45,712][train.train_nn_models] [Validation] Epoch=154, nll=2642.6377
[ 2022-08-29 18:38:45,715][train.train_nn_models] Found a better model at epoch 154.
[ 2022-08-29 18:38:53,137][train.train_nn_models] [Training] Epoch=155, nll=2636.7354
[ 2022-08-29 18:38:53,139][train.train_nn_models] [Validation] Epoch=155, nll=2642.0127
[ 2022-08-29 18:38:53,141][train.train_nn_models] Found a better model at epoch 155.
[ 2022-08-29 18:39:00,525][train.train_nn_models] [Training] Epoch=156, nll=2636.0928
[ 2022-08-29 18:39:00,528][train.train_nn_models] [Validation] Epoch=156, nll=2641.3982
[ 2022-08-29 18:39:00,531][train.train_nn_models] Found a better model at epoch 156.
[ 2022-08-29 18:39:08,101][train.train_nn_models] [Training] Epoch=157, nll=2635.4617
[ 2022-08-29 18:39:08,104][train.train_nn_models] [Validation] Epoch=157, nll=2640.7932
[ 2022-08-29 18:39:08,107][train.train_nn_models] Found a better model at epoch 157.
[ 2022-08-29 18:39:15,862][train.train_nn_models] [Training] Epoch=158, nll=2634.8408
[ 2022-08-29 18:39:15,865][train.train_nn_models] [Validation] Epoch=158, nll=2640.1995
[ 2022-08-29 18:39:15,868][train.train_nn_models] Found a better model at epoch 158.
[ 2022-08-29 18:39:23,361][train.train_nn_models] [Training] Epoch=159, nll=2634.2310
[ 2022-08-29 18:39:23,364][train.train_nn_models] [Validation] Epoch=159, nll=2639.6152
[ 2022-08-29 18:39:23,367][train.train_nn_models] Found a better model at epoch 159.
[ 2022-08-29 18:39:30,970][train.train_nn_models] [Training] Epoch=160, nll=2633.6316
[ 2022-08-29 18:39:30,973][train.train_nn_models] [Validation] Epoch=160, nll=2639.0408
[ 2022-08-29 18:39:30,977][train.train_nn_models] Found a better model at epoch 160.
[ 2022-08-29 18:39:38,965][train.train_nn_models] [Training] Epoch=161, nll=2633.0420
[ 2022-08-29 18:39:38,967][train.train_nn_models] [Validation] Epoch=161, nll=2638.4758
[ 2022-08-29 18:39:38,970][train.train_nn_models] Found a better model at epoch 161.
[ 2022-08-29 18:39:46,574][train.train_nn_models] [Training] Epoch=162, nll=2632.4624
[ 2022-08-29 18:39:46,577][train.train_nn_models] [Validation] Epoch=162, nll=2637.9207
[ 2022-08-29 18:39:46,580][train.train_nn_models] Found a better model at epoch 162.
[ 2022-08-29 18:39:54,268][train.train_nn_models] [Training] Epoch=163, nll=2631.8921
[ 2022-08-29 18:39:54,271][train.train_nn_models] [Validation] Epoch=163, nll=2637.3743
[ 2022-08-29 18:39:54,274][train.train_nn_models] Found a better model at epoch 163.
[ 2022-08-29 18:40:02,122][train.train_nn_models] [Training] Epoch=164, nll=2631.3320
[ 2022-08-29 18:40:02,125][train.train_nn_models] [Validation] Epoch=164, nll=2636.8372
[ 2022-08-29 18:40:02,128][train.train_nn_models] Found a better model at epoch 164.
[ 2022-08-29 18:40:09,565][train.train_nn_models] [Training] Epoch=165, nll=2630.7810
[ 2022-08-29 18:40:09,568][train.train_nn_models] [Validation] Epoch=165, nll=2636.3091
[ 2022-08-29 18:40:09,569][train.train_nn_models] Found a better model at epoch 165.
[ 2022-08-29 18:40:17,112][train.train_nn_models] [Training] Epoch=166, nll=2630.2393
[ 2022-08-29 18:40:17,115][train.train_nn_models] [Validation] Epoch=166, nll=2635.7896
[ 2022-08-29 18:40:17,118][train.train_nn_models] Found a better model at epoch 166.
[ 2022-08-29 18:40:24,754][train.train_nn_models] [Training] Epoch=167, nll=2629.7063
[ 2022-08-29 18:40:24,757][train.train_nn_models] [Validation] Epoch=167, nll=2635.2783
[ 2022-08-29 18:40:24,760][train.train_nn_models] Found a better model at epoch 167.
[ 2022-08-29 18:40:32,607][train.train_nn_models] [Training] Epoch=168, nll=2629.1821
[ 2022-08-29 18:40:32,610][train.train_nn_models] [Validation] Epoch=168, nll=2634.7754
[ 2022-08-29 18:40:32,613][train.train_nn_models] Found a better model at epoch 168.
[ 2022-08-29 18:40:40,310][train.train_nn_models] [Training] Epoch=169, nll=2628.6667
[ 2022-08-29 18:40:40,312][train.train_nn_models] [Validation] Epoch=169, nll=2634.2805
[ 2022-08-29 18:40:40,315][train.train_nn_models] Found a better model at epoch 169.
[ 2022-08-29 18:40:47,985][train.train_nn_models] [Training] Epoch=170, nll=2628.1592
[ 2022-08-29 18:40:47,988][train.train_nn_models] [Validation] Epoch=170, nll=2633.7939
[ 2022-08-29 18:40:47,991][train.train_nn_models] Found a better model at epoch 170.
[ 2022-08-29 18:40:55,565][train.train_nn_models] [Training] Epoch=171, nll=2627.6604
[ 2022-08-29 18:40:55,568][train.train_nn_models] [Validation] Epoch=171, nll=2633.3152
[ 2022-08-29 18:40:55,571][train.train_nn_models] Found a better model at epoch 171.
[ 2022-08-29 18:41:02,845][train.train_nn_models] [Training] Epoch=172, nll=2627.1697
[ 2022-08-29 18:41:02,848][train.train_nn_models] [Validation] Epoch=172, nll=2632.8440
[ 2022-08-29 18:41:02,851][train.train_nn_models] Found a better model at epoch 172.
[ 2022-08-29 18:41:10,513][train.train_nn_models] [Training] Epoch=173, nll=2626.6868
[ 2022-08-29 18:41:10,516][train.train_nn_models] [Validation] Epoch=173, nll=2632.3806
[ 2022-08-29 18:41:10,519][train.train_nn_models] Found a better model at epoch 173.
[ 2022-08-29 18:41:18,472][train.train_nn_models] [Training] Epoch=174, nll=2626.2114
[ 2022-08-29 18:41:18,475][train.train_nn_models] [Validation] Epoch=174, nll=2631.9238
[ 2022-08-29 18:41:18,478][train.train_nn_models] Found a better model at epoch 174.
[ 2022-08-29 18:41:26,049][train.train_nn_models] [Training] Epoch=175, nll=2625.7439
[ 2022-08-29 18:41:26,050][train.train_nn_models] [Validation] Epoch=175, nll=2631.4746
[ 2022-08-29 18:41:26,053][train.train_nn_models] Found a better model at epoch 175.
[ 2022-08-29 18:41:33,640][train.train_nn_models] [Training] Epoch=176, nll=2625.2837
[ 2022-08-29 18:41:33,642][train.train_nn_models] [Validation] Epoch=176, nll=2631.0327
[ 2022-08-29 18:41:33,645][train.train_nn_models] Found a better model at epoch 176.
[ 2022-08-29 18:41:41,376][train.train_nn_models] [Training] Epoch=177, nll=2624.8306
[ 2022-08-29 18:41:41,379][train.train_nn_models] [Validation] Epoch=177, nll=2630.5979
[ 2022-08-29 18:41:41,382][train.train_nn_models] Found a better model at epoch 177.
[ 2022-08-29 18:41:49,056][train.train_nn_models] [Training] Epoch=178, nll=2624.3850
[ 2022-08-29 18:41:49,059][train.train_nn_models] [Validation] Epoch=178, nll=2630.1689
[ 2022-08-29 18:41:49,061][train.train_nn_models] Found a better model at epoch 178.
[ 2022-08-29 18:41:56,801][train.train_nn_models] [Training] Epoch=179, nll=2623.9463
[ 2022-08-29 18:41:56,802][train.train_nn_models] [Validation] Epoch=179, nll=2629.7478
[ 2022-08-29 18:41:56,805][train.train_nn_models] Found a better model at epoch 179.
[ 2022-08-29 18:42:04,880][train.train_nn_models] [Training] Epoch=180, nll=2623.5144
[ 2022-08-29 18:42:04,883][train.train_nn_models] [Validation] Epoch=180, nll=2629.3330
[ 2022-08-29 18:42:04,886][train.train_nn_models] Found a better model at epoch 180.
[ 2022-08-29 18:42:12,813][train.train_nn_models] [Training] Epoch=181, nll=2623.0896
[ 2022-08-29 18:42:12,815][train.train_nn_models] [Validation] Epoch=181, nll=2628.9241
[ 2022-08-29 18:42:12,818][train.train_nn_models] Found a better model at epoch 181.
[ 2022-08-29 18:42:20,393][train.train_nn_models] [Training] Epoch=182, nll=2622.6707
[ 2022-08-29 18:42:20,395][train.train_nn_models] [Validation] Epoch=182, nll=2628.5217
[ 2022-08-29 18:42:20,398][train.train_nn_models] Found a better model at epoch 182.
[ 2022-08-29 18:42:27,952][train.train_nn_models] [Training] Epoch=183, nll=2622.2590
[ 2022-08-29 18:42:27,955][train.train_nn_models] [Validation] Epoch=183, nll=2628.1255
[ 2022-08-29 18:42:27,958][train.train_nn_models] Found a better model at epoch 183.
[ 2022-08-29 18:42:35,704][train.train_nn_models] [Training] Epoch=184, nll=2621.8535
[ 2022-08-29 18:42:35,707][train.train_nn_models] [Validation] Epoch=184, nll=2627.7356
[ 2022-08-29 18:42:35,710][train.train_nn_models] Found a better model at epoch 184.
[ 2022-08-29 18:42:43,294][train.train_nn_models] [Training] Epoch=185, nll=2621.4539
[ 2022-08-29 18:42:43,296][train.train_nn_models] [Validation] Epoch=185, nll=2627.3508
[ 2022-08-29 18:42:43,299][train.train_nn_models] Found a better model at epoch 185.
[ 2022-08-29 18:42:50,876][train.train_nn_models] [Training] Epoch=186, nll=2621.0605
[ 2022-08-29 18:42:50,879][train.train_nn_models] [Validation] Epoch=186, nll=2626.9727
[ 2022-08-29 18:42:50,881][train.train_nn_models] Found a better model at epoch 186.
[ 2022-08-29 18:42:58,401][train.train_nn_models] [Training] Epoch=187, nll=2620.6736
[ 2022-08-29 18:42:58,404][train.train_nn_models] [Validation] Epoch=187, nll=2626.5996
[ 2022-08-29 18:42:58,407][train.train_nn_models] Found a better model at epoch 187.
[ 2022-08-29 18:43:06,168][train.train_nn_models] [Training] Epoch=188, nll=2620.2920
[ 2022-08-29 18:43:06,171][train.train_nn_models] [Validation] Epoch=188, nll=2626.2324
[ 2022-08-29 18:43:06,173][train.train_nn_models] Found a better model at epoch 188.
[ 2022-08-29 18:43:13,766][train.train_nn_models] [Training] Epoch=189, nll=2619.9163
[ 2022-08-29 18:43:13,767][train.train_nn_models] [Validation] Epoch=189, nll=2625.8704
[ 2022-08-29 18:43:13,770][train.train_nn_models] Found a better model at epoch 189.
[ 2022-08-29 18:43:21,112][train.train_nn_models] [Training] Epoch=190, nll=2619.5466
[ 2022-08-29 18:43:21,115][train.train_nn_models] [Validation] Epoch=190, nll=2625.5137
[ 2022-08-29 18:43:21,118][train.train_nn_models] Found a better model at epoch 190.
[ 2022-08-29 18:43:28,740][train.train_nn_models] [Training] Epoch=191, nll=2619.1816
[ 2022-08-29 18:43:28,743][train.train_nn_models] [Validation] Epoch=191, nll=2625.1624
[ 2022-08-29 18:43:28,746][train.train_nn_models] Found a better model at epoch 191.
[ 2022-08-29 18:43:36,387][train.train_nn_models] [Training] Epoch=192, nll=2618.8228
[ 2022-08-29 18:43:36,390][train.train_nn_models] [Validation] Epoch=192, nll=2624.8167
[ 2022-08-29 18:43:36,393][train.train_nn_models] Found a better model at epoch 192.
[ 2022-08-29 18:43:44,108][train.train_nn_models] [Training] Epoch=193, nll=2618.4690
[ 2022-08-29 18:43:44,110][train.train_nn_models] [Validation] Epoch=193, nll=2624.4751
[ 2022-08-29 18:43:44,112][train.train_nn_models] Found a better model at epoch 193.
[ 2022-08-29 18:43:51,622][train.train_nn_models] [Training] Epoch=194, nll=2618.1204
[ 2022-08-29 18:43:51,625][train.train_nn_models] [Validation] Epoch=194, nll=2624.1394
[ 2022-08-29 18:43:51,628][train.train_nn_models] Found a better model at epoch 194.
[ 2022-08-29 18:43:59,761][train.train_nn_models] [Training] Epoch=195, nll=2617.7766
[ 2022-08-29 18:43:59,764][train.train_nn_models] [Validation] Epoch=195, nll=2623.8086
[ 2022-08-29 18:43:59,767][train.train_nn_models] Found a better model at epoch 195.
[ 2022-08-29 18:44:07,874][train.train_nn_models] [Training] Epoch=196, nll=2617.4385
[ 2022-08-29 18:44:07,876][train.train_nn_models] [Validation] Epoch=196, nll=2623.4827
[ 2022-08-29 18:44:07,879][train.train_nn_models] Found a better model at epoch 196.
[ 2022-08-29 18:44:15,572][train.train_nn_models] [Training] Epoch=197, nll=2617.1050
[ 2022-08-29 18:44:15,575][train.train_nn_models] [Validation] Epoch=197, nll=2623.1609
[ 2022-08-29 18:44:15,578][train.train_nn_models] Found a better model at epoch 197.
[ 2022-08-29 18:44:23,550][train.train_nn_models] [Training] Epoch=198, nll=2616.7764
[ 2022-08-29 18:44:23,552][train.train_nn_models] [Validation] Epoch=198, nll=2622.8440
[ 2022-08-29 18:44:23,555][train.train_nn_models] Found a better model at epoch 198.
[ 2022-08-29 18:44:30,214][train.train_nn_models] [Training] Epoch=199, nll=2616.4526
[ 2022-08-29 18:44:30,217][train.train_nn_models] [Validation] Epoch=199, nll=2622.5315
[ 2022-08-29 18:44:30,219][train.train_nn_models] Found a better model at epoch 199.
[ 2022-08-29 18:44:30,717][train.eval_nll] [Test]nll=2625.9341
[ 2022-08-29 18:44:33,566][train.<module>]                    timestamp  ...                                             config
0 2022-08-29 18:44:33.549350  ...  {'model': 'RPPN', 'dataset': 'mhp-1K-10', 'inp...
1 2022-08-29 18:44:33.549350  ...  {'model': 'RPPN', 'dataset': 'mhp-1K-10', 'inp...
2 2022-08-29 18:44:33.549350  ...  {'model': 'RPPN', 'dataset': 'mhp-1K-10', 'inp...
3 2022-08-29 18:44:33.549350  ...  {'model': 'RPPN', 'dataset': 'mhp-1K-10', 'inp...
4 2022-08-29 18:44:33.549350  ...  {'model': 'RPPN', 'dataset': 'mhp-1K-10', 'inp...
5 2022-08-29 18:44:33.549350  ...  {'model': 'RPPN', 'dataset': 'mhp-1K-10', 'inp...

[6 rows x 7 columns]
