[ 2022-07-28 02:54:46,823][train.<module>] Namespace(attr_batch_size=0, basis_type='dyadic', batch_size=64, bucket_seqs=False, cuda=True, dataset='pgem-1K-10', dropout=0.0, embedding_dim=64, epochs=200, hidden_size=64, input_dir='data/input', l2_reg=0, lr=0.001, max_mean=20.0, model='Tran', n_bases=7, num_workers=0, occurred_type_only=False, optimizer='Adam', output_dir='data/output', rand_seed=0, skip_eval_infectivity=False, skip_pred_next_event=False, split_id=0, steps=50, tune_metric='nll', verbose=False)
[ 2022-07-28 02:54:49,102][train.train_nn_models] [Training] Epoch=0, loss=7557.1201, nll=7557.1201, l2_reg=0.0000, acc=0.1308
[ 2022-07-28 02:54:49,102][train.train_nn_models] [Validation] Epoch=0, nll=3599.4790, acc=0.1202
[ 2022-07-28 02:54:50,975][train.train_nn_models] [Training] Epoch=1, loss=2299.5947, nll=2299.5947, l2_reg=0.0000, acc=0.1584
[ 2022-07-28 02:54:50,975][train.train_nn_models] [Validation] Epoch=1, nll=1309.5493, acc=0.2073
[ 2022-07-28 02:54:52,817][train.train_nn_models] [Training] Epoch=2, loss=1012.5775, nll=1012.5775, l2_reg=0.0000, acc=0.2322
[ 2022-07-28 02:54:52,817][train.train_nn_models] [Validation] Epoch=2, nll=811.9705, acc=0.2426
[ 2022-07-28 02:54:54,659][train.train_nn_models] [Training] Epoch=3, loss=767.5292, nll=767.5292, l2_reg=0.0000, acc=0.2470
[ 2022-07-28 02:54:54,659][train.train_nn_models] [Validation] Epoch=3, nll=735.0383, acc=0.2626
[ 2022-07-28 02:54:56,502][train.train_nn_models] [Training] Epoch=4, loss=722.0521, nll=722.0521, l2_reg=0.0000, acc=0.2735
[ 2022-07-28 02:54:56,502][train.train_nn_models] [Validation] Epoch=4, nll=709.9033, acc=0.2787
[ 2022-07-28 02:54:58,335][train.train_nn_models] [Training] Epoch=5, loss=705.9030, nll=705.9030, l2_reg=0.0000, acc=0.2811
[ 2022-07-28 02:54:58,335][train.train_nn_models] [Validation] Epoch=5, nll=702.4582, acc=0.2808
[ 2022-07-28 02:55:00,168][train.train_nn_models] [Training] Epoch=6, loss=700.5505, nll=700.5505, l2_reg=0.0000, acc=0.2802
[ 2022-07-28 02:55:00,168][train.train_nn_models] [Validation] Epoch=6, nll=699.0364, acc=0.2794
[ 2022-07-28 02:55:01,988][train.train_nn_models] [Training] Epoch=7, loss=698.0599, nll=698.0599, l2_reg=0.0000, acc=0.2804
[ 2022-07-28 02:55:01,990][train.train_nn_models] [Validation] Epoch=7, nll=697.4651, acc=0.2801
[ 2022-07-28 02:55:03,823][train.train_nn_models] [Training] Epoch=8, loss=696.6929, nll=696.6929, l2_reg=0.0000, acc=0.2810
[ 2022-07-28 02:55:03,826][train.train_nn_models] [Validation] Epoch=8, nll=696.3918, acc=0.2805
[ 2022-07-28 02:55:05,664][train.train_nn_models] [Training] Epoch=9, loss=695.8005, nll=695.8005, l2_reg=0.0000, acc=0.2810
[ 2022-07-28 02:55:05,664][train.train_nn_models] [Validation] Epoch=9, nll=695.7151, acc=0.2814
[ 2022-07-28 02:55:07,485][train.train_nn_models] [Training] Epoch=10, loss=695.1901, nll=695.1901, l2_reg=0.0000, acc=0.2811
[ 2022-07-28 02:55:07,485][train.train_nn_models] [Validation] Epoch=10, nll=695.2629, acc=0.2821
[ 2022-07-28 02:55:09,314][train.train_nn_models] [Training] Epoch=11, loss=694.7523, nll=694.7523, l2_reg=0.0000, acc=0.2805
[ 2022-07-28 02:55:09,314][train.train_nn_models] [Validation] Epoch=11, nll=694.9159, acc=0.2834
[ 2022-07-28 02:55:11,142][train.train_nn_models] [Training] Epoch=12, loss=694.4112, nll=694.4112, l2_reg=0.0000, acc=0.2804
[ 2022-07-28 02:55:11,142][train.train_nn_models] [Validation] Epoch=12, nll=694.6529, acc=0.2837
[ 2022-07-28 02:55:12,981][train.train_nn_models] [Training] Epoch=13, loss=694.1383, nll=694.1383, l2_reg=0.0000, acc=0.2805
[ 2022-07-28 02:55:12,981][train.train_nn_models] [Validation] Epoch=13, nll=694.4545, acc=0.2834
[ 2022-07-28 02:55:14,805][train.train_nn_models] [Training] Epoch=14, loss=693.9163, nll=693.9163, l2_reg=0.0000, acc=0.2808
[ 2022-07-28 02:55:14,805][train.train_nn_models] [Validation] Epoch=14, nll=694.2973, acc=0.2836
[ 2022-07-28 02:55:16,652][train.train_nn_models] [Training] Epoch=15, loss=693.7352, nll=693.7352, l2_reg=0.0000, acc=0.2810
[ 2022-07-28 02:55:16,652][train.train_nn_models] [Validation] Epoch=15, nll=694.1705, acc=0.2841
[ 2022-07-28 02:55:18,483][train.train_nn_models] [Training] Epoch=16, loss=693.5891, nll=693.5891, l2_reg=0.0000, acc=0.2807
[ 2022-07-28 02:55:18,485][train.train_nn_models] [Validation] Epoch=16, nll=694.0645, acc=0.2823
[ 2022-07-28 02:55:20,313][train.train_nn_models] [Training] Epoch=17, loss=693.4722, nll=693.4722, l2_reg=0.0000, acc=0.2807
[ 2022-07-28 02:55:20,313][train.train_nn_models] [Validation] Epoch=17, nll=693.9760, acc=0.2821
[ 2022-07-28 02:55:22,152][train.train_nn_models] [Training] Epoch=18, loss=693.3799, nll=693.3799, l2_reg=0.0000, acc=0.2803
[ 2022-07-28 02:55:22,153][train.train_nn_models] [Validation] Epoch=18, nll=693.9039, acc=0.2826
[ 2022-07-28 02:55:23,975][train.train_nn_models] [Training] Epoch=19, loss=693.3074, nll=693.3074, l2_reg=0.0000, acc=0.2802
[ 2022-07-28 02:55:23,976][train.train_nn_models] [Validation] Epoch=19, nll=693.8455, acc=0.2817
[ 2022-07-28 02:55:25,801][train.train_nn_models] [Training] Epoch=20, loss=693.2495, nll=693.2495, l2_reg=0.0000, acc=0.2802
[ 2022-07-28 02:55:25,801][train.train_nn_models] [Validation] Epoch=20, nll=693.7963, acc=0.2820
[ 2022-07-28 02:55:27,629][train.train_nn_models] [Training] Epoch=21, loss=693.2017, nll=693.2017, l2_reg=0.0000, acc=0.2801
[ 2022-07-28 02:55:27,629][train.train_nn_models] [Validation] Epoch=21, nll=693.7528, acc=0.2820
[ 2022-07-28 02:55:29,448][train.train_nn_models] [Training] Epoch=22, loss=693.1611, nll=693.1611, l2_reg=0.0000, acc=0.2799
[ 2022-07-28 02:55:29,449][train.train_nn_models] [Validation] Epoch=22, nll=693.7141, acc=0.2839
[ 2022-07-28 02:55:31,332][train.train_nn_models] [Training] Epoch=23, loss=693.1262, nll=693.1262, l2_reg=0.0000, acc=0.2797
[ 2022-07-28 02:55:31,333][train.train_nn_models] [Validation] Epoch=23, nll=693.6794, acc=0.2834
[ 2022-07-28 02:55:33,160][train.train_nn_models] [Training] Epoch=24, loss=693.0955, nll=693.0955, l2_reg=0.0000, acc=0.2797
[ 2022-07-28 02:55:33,160][train.train_nn_models] [Validation] Epoch=24, nll=693.6487, acc=0.2830
[ 2022-07-28 02:55:34,994][train.train_nn_models] [Training] Epoch=25, loss=693.0685, nll=693.0685, l2_reg=0.0000, acc=0.2795
[ 2022-07-28 02:55:34,995][train.train_nn_models] [Validation] Epoch=25, nll=693.6218, acc=0.2839
[ 2022-07-28 02:55:36,820][train.train_nn_models] [Training] Epoch=26, loss=693.0446, nll=693.0446, l2_reg=0.0000, acc=0.2801
[ 2022-07-28 02:55:36,821][train.train_nn_models] [Validation] Epoch=26, nll=693.5980, acc=0.2843
[ 2022-07-28 02:55:38,641][train.train_nn_models] [Training] Epoch=27, loss=693.0231, nll=693.0231, l2_reg=0.0000, acc=0.2803
[ 2022-07-28 02:55:38,641][train.train_nn_models] [Validation] Epoch=27, nll=693.5771, acc=0.2835
[ 2022-07-28 02:55:40,470][train.train_nn_models] [Training] Epoch=28, loss=693.0038, nll=693.0038, l2_reg=0.0000, acc=0.2804
[ 2022-07-28 02:55:40,470][train.train_nn_models] [Validation] Epoch=28, nll=693.5588, acc=0.2834
[ 2022-07-28 02:55:42,310][train.train_nn_models] [Training] Epoch=29, loss=692.9861, nll=692.9861, l2_reg=0.0000, acc=0.2804
[ 2022-07-28 02:55:42,310][train.train_nn_models] [Validation] Epoch=29, nll=693.5426, acc=0.2831
[ 2022-07-28 02:55:44,134][train.train_nn_models] [Training] Epoch=30, loss=692.9698, nll=692.9698, l2_reg=0.0000, acc=0.2805
[ 2022-07-28 02:55:44,134][train.train_nn_models] [Validation] Epoch=30, nll=693.5284, acc=0.2829
[ 2022-07-28 02:55:45,951][train.train_nn_models] [Training] Epoch=31, loss=692.9548, nll=692.9548, l2_reg=0.0000, acc=0.2808
[ 2022-07-28 02:55:45,951][train.train_nn_models] [Validation] Epoch=31, nll=693.5158, acc=0.2827
[ 2022-07-28 02:55:47,771][train.train_nn_models] [Training] Epoch=32, loss=692.9409, nll=692.9409, l2_reg=0.0000, acc=0.2807
[ 2022-07-28 02:55:47,772][train.train_nn_models] [Validation] Epoch=32, nll=693.5046, acc=0.2835
[ 2022-07-28 02:55:49,594][train.train_nn_models] [Training] Epoch=33, loss=692.9279, nll=692.9279, l2_reg=0.0000, acc=0.2806
[ 2022-07-28 02:55:49,596][train.train_nn_models] [Validation] Epoch=33, nll=693.4946, acc=0.2838
[ 2022-07-28 02:55:51,446][train.train_nn_models] [Training] Epoch=34, loss=692.9153, nll=692.9153, l2_reg=0.0000, acc=0.2803
[ 2022-07-28 02:55:51,447][train.train_nn_models] [Validation] Epoch=34, nll=693.4858, acc=0.2840
[ 2022-07-28 02:55:53,262][train.train_nn_models] [Training] Epoch=35, loss=692.9036, nll=692.9036, l2_reg=0.0000, acc=0.2802
[ 2022-07-28 02:55:53,263][train.train_nn_models] [Validation] Epoch=35, nll=693.4780, acc=0.2838
[ 2022-07-28 02:55:55,071][train.train_nn_models] [Training] Epoch=36, loss=692.8925, nll=692.8925, l2_reg=0.0000, acc=0.2804
[ 2022-07-28 02:55:55,071][train.train_nn_models] [Validation] Epoch=36, nll=693.4710, acc=0.2836
[ 2022-07-28 02:55:56,883][train.train_nn_models] [Training] Epoch=37, loss=692.8817, nll=692.8817, l2_reg=0.0000, acc=0.2806
[ 2022-07-28 02:55:56,884][train.train_nn_models] [Validation] Epoch=37, nll=693.4651, acc=0.2835
[ 2022-07-28 02:55:58,730][train.train_nn_models] [Training] Epoch=38, loss=692.8715, nll=692.8715, l2_reg=0.0000, acc=0.2804
[ 2022-07-28 02:55:58,730][train.train_nn_models] [Validation] Epoch=38, nll=693.4601, acc=0.2835
[ 2022-07-28 02:56:00,572][train.train_nn_models] [Training] Epoch=39, loss=692.8618, nll=692.8618, l2_reg=0.0000, acc=0.2805
[ 2022-07-28 02:56:00,572][train.train_nn_models] [Validation] Epoch=39, nll=693.4548, acc=0.2834
[ 2022-07-28 02:56:02,383][train.train_nn_models] [Training] Epoch=40, loss=692.8522, nll=692.8522, l2_reg=0.0000, acc=0.2807
[ 2022-07-28 02:56:02,384][train.train_nn_models] [Validation] Epoch=40, nll=693.4507, acc=0.2831
[ 2022-07-28 02:56:04,212][train.train_nn_models] [Training] Epoch=41, loss=692.8430, nll=692.8430, l2_reg=0.0000, acc=0.2809
[ 2022-07-28 02:56:04,212][train.train_nn_models] [Validation] Epoch=41, nll=693.4470, acc=0.2832
[ 2022-07-28 02:56:06,021][train.train_nn_models] [Training] Epoch=42, loss=692.8342, nll=692.8342, l2_reg=0.0000, acc=0.2807
[ 2022-07-28 02:56:06,021][train.train_nn_models] [Validation] Epoch=42, nll=693.4432, acc=0.2830
[ 2022-07-28 02:56:07,853][train.train_nn_models] [Training] Epoch=43, loss=692.8254, nll=692.8254, l2_reg=0.0000, acc=0.2809
[ 2022-07-28 02:56:07,854][train.train_nn_models] [Validation] Epoch=43, nll=693.4391, acc=0.2823
[ 2022-07-28 02:56:09,695][train.train_nn_models] [Training] Epoch=44, loss=692.8168, nll=692.8168, l2_reg=0.0000, acc=0.2807
[ 2022-07-28 02:56:09,696][train.train_nn_models] [Validation] Epoch=44, nll=693.4344, acc=0.2826
[ 2022-07-28 02:56:11,510][train.train_nn_models] [Training] Epoch=45, loss=692.8085, nll=692.8085, l2_reg=0.0000, acc=0.2808
[ 2022-07-28 02:56:11,511][train.train_nn_models] [Validation] Epoch=45, nll=693.4301, acc=0.2822
[ 2022-07-28 02:56:13,335][train.train_nn_models] [Training] Epoch=46, loss=692.8007, nll=692.8007, l2_reg=0.0000, acc=0.2811
[ 2022-07-28 02:56:13,335][train.train_nn_models] [Validation] Epoch=46, nll=693.4276, acc=0.2817
[ 2022-07-28 02:56:15,167][train.train_nn_models] [Training] Epoch=47, loss=692.7928, nll=692.7928, l2_reg=0.0000, acc=0.2810
[ 2022-07-28 02:56:15,168][train.train_nn_models] [Validation] Epoch=47, nll=693.4300, acc=0.2817
[ 2022-07-28 02:56:17,013][train.train_nn_models] [Training] Epoch=48, loss=692.7856, nll=692.7856, l2_reg=0.0000, acc=0.2810
[ 2022-07-28 02:56:17,014][train.train_nn_models] [Validation] Epoch=48, nll=693.4277, acc=0.2819
[ 2022-07-28 02:56:18,827][train.train_nn_models] [Training] Epoch=49, loss=692.7783, nll=692.7783, l2_reg=0.0000, acc=0.2811
[ 2022-07-28 02:56:18,827][train.train_nn_models] [Validation] Epoch=49, nll=693.4254, acc=0.2808
[ 2022-07-28 02:56:20,658][train.train_nn_models] [Training] Epoch=50, loss=692.7714, nll=692.7714, l2_reg=0.0000, acc=0.2808
[ 2022-07-28 02:56:20,658][train.train_nn_models] [Validation] Epoch=50, nll=693.4249, acc=0.2802
[ 2022-07-28 02:56:22,482][train.train_nn_models] [Training] Epoch=51, loss=692.7646, nll=692.7646, l2_reg=0.0000, acc=0.2814
[ 2022-07-28 02:56:22,483][train.train_nn_models] [Validation] Epoch=51, nll=693.4241, acc=0.2797
[ 2022-07-28 02:56:24,320][train.train_nn_models] [Training] Epoch=52, loss=692.7589, nll=692.7589, l2_reg=0.0000, acc=0.2808
[ 2022-07-28 02:56:24,321][train.train_nn_models] [Validation] Epoch=52, nll=693.4319, acc=0.2798
[ 2022-07-28 02:56:26,175][train.train_nn_models] [Training] Epoch=53, loss=692.7522, nll=692.7522, l2_reg=0.0000, acc=0.2800
[ 2022-07-28 02:56:26,176][train.train_nn_models] [Validation] Epoch=53, nll=693.4308, acc=0.2799
[ 2022-07-28 02:56:28,001][train.train_nn_models] [Training] Epoch=54, loss=692.7458, nll=692.7458, l2_reg=0.0000, acc=0.2801
[ 2022-07-28 02:56:28,001][train.train_nn_models] [Validation] Epoch=54, nll=693.4285, acc=0.2797
[ 2022-07-28 02:56:29,824][train.train_nn_models] [Training] Epoch=55, loss=692.7401, nll=692.7401, l2_reg=0.0000, acc=0.2804
[ 2022-07-28 02:56:29,825][train.train_nn_models] [Validation] Epoch=55, nll=693.4235, acc=0.2794
[ 2022-07-28 02:56:31,659][train.train_nn_models] [Training] Epoch=56, loss=692.7334, nll=692.7334, l2_reg=0.0000, acc=0.2806
[ 2022-07-28 02:56:31,660][train.train_nn_models] [Validation] Epoch=56, nll=693.4218, acc=0.2785
[ 2022-07-28 02:56:33,470][train.train_nn_models] [Training] Epoch=57, loss=692.7306, nll=692.7306, l2_reg=0.0000, acc=0.2810
[ 2022-07-28 02:56:33,471][train.train_nn_models] [Validation] Epoch=57, nll=693.4296, acc=0.2791
[ 2022-07-28 02:56:35,295][train.train_nn_models] [Training] Epoch=58, loss=692.7226, nll=692.7226, l2_reg=0.0000, acc=0.2804
[ 2022-07-28 02:56:35,296][train.train_nn_models] [Validation] Epoch=58, nll=693.4299, acc=0.2805
[ 2022-07-28 02:56:37,110][train.train_nn_models] [Training] Epoch=59, loss=692.7170, nll=692.7170, l2_reg=0.0000, acc=0.2802
[ 2022-07-28 02:56:37,111][train.train_nn_models] [Validation] Epoch=59, nll=693.4267, acc=0.2797
[ 2022-07-28 02:56:38,928][train.train_nn_models] [Training] Epoch=60, loss=692.7123, nll=692.7123, l2_reg=0.0000, acc=0.2808
[ 2022-07-28 02:56:38,928][train.train_nn_models] [Validation] Epoch=60, nll=693.4225, acc=0.2795
[ 2022-07-28 02:56:40,753][train.train_nn_models] [Training] Epoch=61, loss=692.7067, nll=692.7067, l2_reg=0.0000, acc=0.2807
[ 2022-07-28 02:56:40,754][train.train_nn_models] [Validation] Epoch=61, nll=693.4307, acc=0.2801
[ 2022-07-28 02:56:42,589][train.train_nn_models] [Training] Epoch=62, loss=692.7026, nll=692.7026, l2_reg=0.0000, acc=0.2807
[ 2022-07-28 02:56:42,590][train.train_nn_models] [Validation] Epoch=62, nll=693.4274, acc=0.2800
[ 2022-07-28 02:56:44,408][train.train_nn_models] [Training] Epoch=63, loss=692.6970, nll=692.6970, l2_reg=0.0000, acc=0.2809
[ 2022-07-28 02:56:44,408][train.train_nn_models] [Validation] Epoch=63, nll=693.4271, acc=0.2795
[ 2022-07-28 02:56:46,251][train.train_nn_models] [Training] Epoch=64, loss=692.6931, nll=692.6931, l2_reg=0.0000, acc=0.2814
[ 2022-07-28 02:56:46,251][train.train_nn_models] [Validation] Epoch=64, nll=693.4217, acc=0.2786
[ 2022-07-28 02:56:48,086][train.train_nn_models] [Training] Epoch=65, loss=692.6876, nll=692.6876, l2_reg=0.0000, acc=0.2814
[ 2022-07-28 02:56:48,087][train.train_nn_models] [Validation] Epoch=65, nll=693.4285, acc=0.2789
[ 2022-07-28 02:56:49,915][train.train_nn_models] [Training] Epoch=66, loss=692.6837, nll=692.6837, l2_reg=0.0000, acc=0.2817
[ 2022-07-28 02:56:49,915][train.train_nn_models] [Validation] Epoch=66, nll=693.4263, acc=0.2793
[ 2022-07-28 02:56:51,751][train.train_nn_models] [Training] Epoch=67, loss=692.6789, nll=692.6789, l2_reg=0.0000, acc=0.2813
[ 2022-07-28 02:56:51,752][train.train_nn_models] [Validation] Epoch=67, nll=693.4226, acc=0.2784
[ 2022-07-28 02:56:53,575][train.train_nn_models] [Training] Epoch=68, loss=692.6742, nll=692.6742, l2_reg=0.0000, acc=0.2814
[ 2022-07-28 02:56:53,575][train.train_nn_models] [Validation] Epoch=68, nll=693.4183, acc=0.2781
[ 2022-07-28 02:56:55,394][train.train_nn_models] [Training] Epoch=69, loss=692.6695, nll=692.6695, l2_reg=0.0000, acc=0.2816
[ 2022-07-28 02:56:55,394][train.train_nn_models] [Validation] Epoch=69, nll=693.4207, acc=0.2773
[ 2022-07-28 02:56:57,215][train.train_nn_models] [Training] Epoch=70, loss=692.6652, nll=692.6652, l2_reg=0.0000, acc=0.2814
[ 2022-07-28 02:56:57,216][train.train_nn_models] [Validation] Epoch=70, nll=693.4155, acc=0.2775
[ 2022-07-28 02:56:59,066][train.train_nn_models] [Training] Epoch=71, loss=692.6605, nll=692.6605, l2_reg=0.0000, acc=0.2814
[ 2022-07-28 02:56:59,067][train.train_nn_models] [Validation] Epoch=71, nll=693.4096, acc=0.2807
[ 2022-07-28 02:57:00,901][train.train_nn_models] [Training] Epoch=72, loss=692.6599, nll=692.6599, l2_reg=0.0000, acc=0.2817
[ 2022-07-28 02:57:00,901][train.train_nn_models] [Validation] Epoch=72, nll=693.4164, acc=0.2763
[ 2022-07-28 02:57:02,721][train.train_nn_models] [Training] Epoch=73, loss=692.6530, nll=692.6530, l2_reg=0.0000, acc=0.2809
[ 2022-07-28 02:57:02,723][train.train_nn_models] [Validation] Epoch=73, nll=693.4110, acc=0.2774
[ 2022-07-28 02:57:04,548][train.train_nn_models] [Training] Epoch=74, loss=692.6463, nll=692.6463, l2_reg=0.0000, acc=0.2810
[ 2022-07-28 02:57:04,550][train.train_nn_models] [Validation] Epoch=74, nll=693.4022, acc=0.2804
[ 2022-07-28 02:57:06,378][train.train_nn_models] [Training] Epoch=75, loss=692.6469, nll=692.6469, l2_reg=0.0000, acc=0.2818
[ 2022-07-28 02:57:06,381][train.train_nn_models] [Validation] Epoch=75, nll=693.4091, acc=0.2769
[ 2022-07-28 02:57:08,207][train.train_nn_models] [Training] Epoch=76, loss=692.6401, nll=692.6401, l2_reg=0.0000, acc=0.2808
[ 2022-07-28 02:57:08,207][train.train_nn_models] [Validation] Epoch=76, nll=693.4043, acc=0.2770
[ 2022-07-28 02:57:10,033][train.train_nn_models] [Training] Epoch=77, loss=692.6328, nll=692.6328, l2_reg=0.0000, acc=0.2813
[ 2022-07-28 02:57:10,034][train.train_nn_models] [Validation] Epoch=77, nll=693.3964, acc=0.2799
[ 2022-07-28 02:57:11,873][train.train_nn_models] [Training] Epoch=78, loss=692.6335, nll=692.6335, l2_reg=0.0000, acc=0.2820
[ 2022-07-28 02:57:11,874][train.train_nn_models] [Validation] Epoch=78, nll=693.4039, acc=0.2768
[ 2022-07-28 02:57:13,702][train.train_nn_models] [Training] Epoch=79, loss=692.6271, nll=692.6271, l2_reg=0.0000, acc=0.2808
[ 2022-07-28 02:57:13,704][train.train_nn_models] [Validation] Epoch=79, nll=693.4020, acc=0.2759
[ 2022-07-28 02:57:15,527][train.train_nn_models] [Training] Epoch=80, loss=692.6210, nll=692.6210, l2_reg=0.0000, acc=0.2815
[ 2022-07-28 02:57:15,527][train.train_nn_models] [Validation] Epoch=80, nll=693.3931, acc=0.2785
[ 2022-07-28 02:57:17,345][train.train_nn_models] [Training] Epoch=81, loss=692.6168, nll=692.6168, l2_reg=0.0000, acc=0.2811
[ 2022-07-28 02:57:17,345][train.train_nn_models] [Validation] Epoch=81, nll=693.3878, acc=0.2785
[ 2022-07-28 02:57:19,150][train.train_nn_models] [Training] Epoch=82, loss=692.6138, nll=692.6138, l2_reg=0.0000, acc=0.2813
[ 2022-07-28 02:57:19,151][train.train_nn_models] [Validation] Epoch=82, nll=693.3974, acc=0.2763
[ 2022-07-28 02:57:20,965][train.train_nn_models] [Training] Epoch=83, loss=692.6095, nll=692.6095, l2_reg=0.0000, acc=0.2812
[ 2022-07-28 02:57:20,966][train.train_nn_models] [Validation] Epoch=83, nll=693.3948, acc=0.2762
[ 2022-07-28 02:57:22,808][train.train_nn_models] [Training] Epoch=84, loss=692.6044, nll=692.6044, l2_reg=0.0000, acc=0.2813
[ 2022-07-28 02:57:22,809][train.train_nn_models] [Validation] Epoch=84, nll=693.3876, acc=0.2761
[ 2022-07-28 02:57:24,687][train.train_nn_models] [Training] Epoch=85, loss=692.6000, nll=692.6000, l2_reg=0.0000, acc=0.2813
[ 2022-07-28 02:57:24,687][train.train_nn_models] [Validation] Epoch=85, nll=693.3828, acc=0.2767
[ 2022-07-28 02:57:26,506][train.train_nn_models] [Training] Epoch=86, loss=692.5956, nll=692.5956, l2_reg=0.0000, acc=0.2810
[ 2022-07-28 02:57:26,506][train.train_nn_models] [Validation] Epoch=86, nll=693.3759, acc=0.2760
[ 2022-07-28 02:57:28,341][train.train_nn_models] [Training] Epoch=87, loss=692.5908, nll=692.5908, l2_reg=0.0000, acc=0.2811
[ 2022-07-28 02:57:28,342][train.train_nn_models] [Validation] Epoch=87, nll=693.3821, acc=0.2759
[ 2022-07-28 02:57:30,176][train.train_nn_models] [Training] Epoch=88, loss=692.5869, nll=692.5869, l2_reg=0.0000, acc=0.2809
[ 2022-07-28 02:57:30,177][train.train_nn_models] [Validation] Epoch=88, nll=693.3795, acc=0.2762
[ 2022-07-28 02:57:32,007][train.train_nn_models] [Training] Epoch=89, loss=692.5820, nll=692.5820, l2_reg=0.0000, acc=0.2811
[ 2022-07-28 02:57:32,008][train.train_nn_models] [Validation] Epoch=89, nll=693.3737, acc=0.2764
[ 2022-07-28 02:57:33,837][train.train_nn_models] [Training] Epoch=90, loss=692.5771, nll=692.5771, l2_reg=0.0000, acc=0.2808
[ 2022-07-28 02:57:33,837][train.train_nn_models] [Validation] Epoch=90, nll=693.3667, acc=0.2769
[ 2022-07-28 02:57:35,658][train.train_nn_models] [Training] Epoch=91, loss=692.5723, nll=692.5723, l2_reg=0.0000, acc=0.2810
[ 2022-07-28 02:57:35,658][train.train_nn_models] [Validation] Epoch=91, nll=693.3670, acc=0.2779
[ 2022-07-28 02:57:37,468][train.train_nn_models] [Training] Epoch=92, loss=692.5674, nll=692.5674, l2_reg=0.0000, acc=0.2808
[ 2022-07-28 02:57:37,469][train.train_nn_models] [Validation] Epoch=92, nll=693.3627, acc=0.2765
[ 2022-07-28 02:57:39,290][train.train_nn_models] [Training] Epoch=93, loss=692.5624, nll=692.5624, l2_reg=0.0000, acc=0.2810
[ 2022-07-28 02:57:39,291][train.train_nn_models] [Validation] Epoch=93, nll=693.3651, acc=0.2769
[ 2022-07-28 02:57:41,133][train.train_nn_models] [Training] Epoch=94, loss=692.5576, nll=692.5576, l2_reg=0.0000, acc=0.2808
[ 2022-07-28 02:57:41,133][train.train_nn_models] [Validation] Epoch=94, nll=693.3603, acc=0.2772
[ 2022-07-28 02:57:42,942][train.train_nn_models] [Training] Epoch=95, loss=692.5518, nll=692.5518, l2_reg=0.0000, acc=0.2808
[ 2022-07-28 02:57:42,943][train.train_nn_models] [Validation] Epoch=95, nll=693.3520, acc=0.2773
[ 2022-07-28 02:57:44,760][train.train_nn_models] [Training] Epoch=96, loss=692.5469, nll=692.5469, l2_reg=0.0000, acc=0.2809
[ 2022-07-28 02:57:44,760][train.train_nn_models] [Validation] Epoch=96, nll=693.3538, acc=0.2783
[ 2022-07-28 02:57:46,572][train.train_nn_models] [Training] Epoch=97, loss=692.5408, nll=692.5408, l2_reg=0.0000, acc=0.2807
[ 2022-07-28 02:57:46,573][train.train_nn_models] [Validation] Epoch=97, nll=693.3484, acc=0.2771
[ 2022-07-28 02:57:48,390][train.train_nn_models] [Training] Epoch=98, loss=692.5345, nll=692.5345, l2_reg=0.0000, acc=0.2811
[ 2022-07-28 02:57:48,391][train.train_nn_models] [Validation] Epoch=98, nll=693.3392, acc=0.2795
[ 2022-07-28 02:57:50,228][train.train_nn_models] [Training] Epoch=99, loss=692.5340, nll=692.5340, l2_reg=0.0000, acc=0.2810
[ 2022-07-28 02:57:50,228][train.train_nn_models] [Validation] Epoch=99, nll=693.3477, acc=0.2797
[ 2022-07-28 02:57:52,044][train.train_nn_models] [Training] Epoch=100, loss=692.5255, nll=692.5255, l2_reg=0.0000, acc=0.2811
[ 2022-07-28 02:57:52,047][train.train_nn_models] [Validation] Epoch=100, nll=693.3480, acc=0.2787
[ 2022-07-28 02:57:53,865][train.train_nn_models] [Training] Epoch=101, loss=692.5164, nll=692.5164, l2_reg=0.0000, acc=0.2811
[ 2022-07-28 02:57:53,865][train.train_nn_models] [Validation] Epoch=101, nll=693.3394, acc=0.2792
[ 2022-07-28 02:57:55,694][train.train_nn_models] [Training] Epoch=102, loss=692.5106, nll=692.5106, l2_reg=0.0000, acc=0.2811
[ 2022-07-28 02:57:55,694][train.train_nn_models] [Validation] Epoch=102, nll=693.3300, acc=0.2783
[ 2022-07-28 02:57:55,694][train.train_nn_models] Found a better model at epoch 102.
[ 2022-07-28 02:57:57,514][train.train_nn_models] [Training] Epoch=103, loss=692.5038, nll=692.5038, l2_reg=0.0000, acc=0.2814
[ 2022-07-28 02:57:57,514][train.train_nn_models] [Validation] Epoch=103, nll=693.3188, acc=0.2777
[ 2022-07-28 02:57:57,514][train.train_nn_models] Found a better model at epoch 103.
[ 2022-07-28 02:57:59,341][train.train_nn_models] [Training] Epoch=104, loss=692.5023, nll=692.5023, l2_reg=0.0000, acc=0.2812
[ 2022-07-28 02:57:59,341][train.train_nn_models] [Validation] Epoch=104, nll=693.3309, acc=0.2794
[ 2022-07-28 02:58:01,173][train.train_nn_models] [Training] Epoch=105, loss=692.4932, nll=692.4932, l2_reg=0.0000, acc=0.2809
[ 2022-07-28 02:58:01,174][train.train_nn_models] [Validation] Epoch=105, nll=693.3301, acc=0.2802
[ 2022-07-28 02:58:03,007][train.train_nn_models] [Training] Epoch=106, loss=692.4821, nll=692.4821, l2_reg=0.0000, acc=0.2811
[ 2022-07-28 02:58:03,007][train.train_nn_models] [Validation] Epoch=106, nll=693.3220, acc=0.2798
[ 2022-07-28 02:58:04,827][train.train_nn_models] [Training] Epoch=107, loss=692.4732, nll=692.4732, l2_reg=0.0000, acc=0.2814
[ 2022-07-28 02:58:04,827][train.train_nn_models] [Validation] Epoch=107, nll=693.3130, acc=0.2794
[ 2022-07-28 02:58:04,827][train.train_nn_models] Found a better model at epoch 107.
[ 2022-07-28 02:58:06,656][train.train_nn_models] [Training] Epoch=108, loss=692.4655, nll=692.4655, l2_reg=0.0000, acc=0.2811
[ 2022-07-28 02:58:06,657][train.train_nn_models] [Validation] Epoch=108, nll=693.3049, acc=0.2790
[ 2022-07-28 02:58:06,657][train.train_nn_models] Found a better model at epoch 108.
[ 2022-07-28 02:58:08,481][train.train_nn_models] [Training] Epoch=109, loss=692.4575, nll=692.4575, l2_reg=0.0000, acc=0.2811
[ 2022-07-28 02:58:08,482][train.train_nn_models] [Validation] Epoch=109, nll=693.2960, acc=0.2802
[ 2022-07-28 02:58:08,482][train.train_nn_models] Found a better model at epoch 109.
[ 2022-07-28 02:58:10,309][train.train_nn_models] [Training] Epoch=110, loss=692.4471, nll=692.4471, l2_reg=0.0000, acc=0.2811
[ 2022-07-28 02:58:10,310][train.train_nn_models] [Validation] Epoch=110, nll=693.2916, acc=0.2804
[ 2022-07-28 02:58:10,310][train.train_nn_models] Found a better model at epoch 110.
[ 2022-07-28 02:58:12,142][train.train_nn_models] [Training] Epoch=111, loss=692.4377, nll=692.4377, l2_reg=0.0000, acc=0.2814
[ 2022-07-28 02:58:12,144][train.train_nn_models] [Validation] Epoch=111, nll=693.2814, acc=0.2802
[ 2022-07-28 02:58:12,144][train.train_nn_models] Found a better model at epoch 111.
[ 2022-07-28 02:58:13,966][train.train_nn_models] [Training] Epoch=112, loss=692.4277, nll=692.4277, l2_reg=0.0000, acc=0.2815
[ 2022-07-28 02:58:13,967][train.train_nn_models] [Validation] Epoch=112, nll=693.2874, acc=0.2797
[ 2022-07-28 02:58:15,798][train.train_nn_models] [Training] Epoch=113, loss=692.4184, nll=692.4184, l2_reg=0.0000, acc=0.2815
[ 2022-07-28 02:58:15,799][train.train_nn_models] [Validation] Epoch=113, nll=693.2802, acc=0.2798
[ 2022-07-28 02:58:15,799][train.train_nn_models] Found a better model at epoch 113.
[ 2022-07-28 02:58:17,621][train.train_nn_models] [Training] Epoch=114, loss=692.4072, nll=692.4072, l2_reg=0.0000, acc=0.2815
[ 2022-07-28 02:58:17,622][train.train_nn_models] [Validation] Epoch=114, nll=693.2709, acc=0.2803
[ 2022-07-28 02:58:17,622][train.train_nn_models] Found a better model at epoch 114.
[ 2022-07-28 02:58:19,481][train.train_nn_models] [Training] Epoch=115, loss=692.3964, nll=692.3964, l2_reg=0.0000, acc=0.2817
[ 2022-07-28 02:58:19,481][train.train_nn_models] [Validation] Epoch=115, nll=693.2599, acc=0.2808
[ 2022-07-28 02:58:19,481][train.train_nn_models] Found a better model at epoch 115.
[ 2022-07-28 02:58:21,316][train.train_nn_models] [Training] Epoch=116, loss=692.3864, nll=692.3864, l2_reg=0.0000, acc=0.2818
[ 2022-07-28 02:58:21,316][train.train_nn_models] [Validation] Epoch=116, nll=693.2473, acc=0.2810
[ 2022-07-28 02:58:21,317][train.train_nn_models] Found a better model at epoch 116.
[ 2022-07-28 02:58:23,140][train.train_nn_models] [Training] Epoch=117, loss=692.3715, nll=692.3715, l2_reg=0.0000, acc=0.2815
[ 2022-07-28 02:58:23,141][train.train_nn_models] [Validation] Epoch=117, nll=693.2359, acc=0.2807
[ 2022-07-28 02:58:23,141][train.train_nn_models] Found a better model at epoch 117.
[ 2022-07-28 02:58:24,966][train.train_nn_models] [Training] Epoch=118, loss=692.3553, nll=692.3553, l2_reg=0.0000, acc=0.2815
[ 2022-07-28 02:58:24,967][train.train_nn_models] [Validation] Epoch=118, nll=693.2216, acc=0.2797
[ 2022-07-28 02:58:24,967][train.train_nn_models] Found a better model at epoch 118.
[ 2022-07-28 02:58:26,763][train.train_nn_models] [Training] Epoch=119, loss=692.3377, nll=692.3377, l2_reg=0.0000, acc=0.2812
[ 2022-07-28 02:58:26,764][train.train_nn_models] [Validation] Epoch=119, nll=693.2000, acc=0.2802
[ 2022-07-28 02:58:26,764][train.train_nn_models] Found a better model at epoch 119.
[ 2022-07-28 02:58:28,556][train.train_nn_models] [Training] Epoch=120, loss=692.3195, nll=692.3195, l2_reg=0.0000, acc=0.2812
[ 2022-07-28 02:58:28,556][train.train_nn_models] [Validation] Epoch=120, nll=693.1865, acc=0.2794
[ 2022-07-28 02:58:28,556][train.train_nn_models] Found a better model at epoch 120.
[ 2022-07-28 02:58:30,354][train.train_nn_models] [Training] Epoch=121, loss=692.2912, nll=692.2912, l2_reg=0.0000, acc=0.2815
[ 2022-07-28 02:58:30,354][train.train_nn_models] [Validation] Epoch=121, nll=693.1590, acc=0.2794
[ 2022-07-28 02:58:30,354][train.train_nn_models] Found a better model at epoch 121.
[ 2022-07-28 02:58:32,153][train.train_nn_models] [Training] Epoch=122, loss=692.2592, nll=692.2592, l2_reg=0.0000, acc=0.2814
[ 2022-07-28 02:58:32,153][train.train_nn_models] [Validation] Epoch=122, nll=693.1262, acc=0.2788
[ 2022-07-28 02:58:32,153][train.train_nn_models] Found a better model at epoch 122.
[ 2022-07-28 02:58:33,946][train.train_nn_models] [Training] Epoch=123, loss=692.2224, nll=692.2224, l2_reg=0.0000, acc=0.2813
[ 2022-07-28 02:58:33,947][train.train_nn_models] [Validation] Epoch=123, nll=693.0911, acc=0.2790
[ 2022-07-28 02:58:33,947][train.train_nn_models] Found a better model at epoch 123.
[ 2022-07-28 02:58:35,735][train.train_nn_models] [Training] Epoch=124, loss=692.1763, nll=692.1763, l2_reg=0.0000, acc=0.2812
[ 2022-07-28 02:58:35,736][train.train_nn_models] [Validation] Epoch=124, nll=693.0523, acc=0.2789
[ 2022-07-28 02:58:35,736][train.train_nn_models] Found a better model at epoch 124.
[ 2022-07-28 02:58:37,531][train.train_nn_models] [Training] Epoch=125, loss=692.1194, nll=692.1194, l2_reg=0.0000, acc=0.2809
[ 2022-07-28 02:58:37,532][train.train_nn_models] [Validation] Epoch=125, nll=693.0041, acc=0.2785
[ 2022-07-28 02:58:37,532][train.train_nn_models] Found a better model at epoch 125.
[ 2022-07-28 02:58:39,340][train.train_nn_models] [Training] Epoch=126, loss=692.0436, nll=692.0436, l2_reg=0.0000, acc=0.2807
[ 2022-07-28 02:58:39,340][train.train_nn_models] [Validation] Epoch=126, nll=692.9402, acc=0.2785
[ 2022-07-28 02:58:39,340][train.train_nn_models] Found a better model at epoch 126.
[ 2022-07-28 02:58:41,137][train.train_nn_models] [Training] Epoch=127, loss=691.9507, nll=691.9507, l2_reg=0.0000, acc=0.2806
[ 2022-07-28 02:58:41,137][train.train_nn_models] [Validation] Epoch=127, nll=692.8477, acc=0.2816
[ 2022-07-28 02:58:41,137][train.train_nn_models] Found a better model at epoch 127.
[ 2022-07-28 02:58:42,951][train.train_nn_models] [Training] Epoch=128, loss=691.8577, nll=691.8577, l2_reg=0.0000, acc=0.2805
[ 2022-07-28 02:58:42,952][train.train_nn_models] [Validation] Epoch=128, nll=692.7311, acc=0.2800
[ 2022-07-28 02:58:42,952][train.train_nn_models] Found a better model at epoch 128.
[ 2022-07-28 02:58:44,744][train.train_nn_models] [Training] Epoch=129, loss=691.7578, nll=691.7578, l2_reg=0.0000, acc=0.2804
[ 2022-07-28 02:58:44,744][train.train_nn_models] [Validation] Epoch=129, nll=692.6287, acc=0.2801
[ 2022-07-28 02:58:44,744][train.train_nn_models] Found a better model at epoch 129.
[ 2022-07-28 02:58:46,537][train.train_nn_models] [Training] Epoch=130, loss=691.6631, nll=691.6631, l2_reg=0.0000, acc=0.2803
[ 2022-07-28 02:58:46,538][train.train_nn_models] [Validation] Epoch=130, nll=692.5601, acc=0.2797
[ 2022-07-28 02:58:46,538][train.train_nn_models] Found a better model at epoch 130.
[ 2022-07-28 02:58:48,338][train.train_nn_models] [Training] Epoch=131, loss=691.5939, nll=691.5939, l2_reg=0.0000, acc=0.2802
[ 2022-07-28 02:58:48,338][train.train_nn_models] [Validation] Epoch=131, nll=692.4987, acc=0.2795
[ 2022-07-28 02:58:48,338][train.train_nn_models] Found a better model at epoch 131.
[ 2022-07-28 02:58:50,125][train.train_nn_models] [Training] Epoch=132, loss=691.5375, nll=691.5375, l2_reg=0.0000, acc=0.2803
[ 2022-07-28 02:58:50,125][train.train_nn_models] [Validation] Epoch=132, nll=692.4431, acc=0.2795
[ 2022-07-28 02:58:50,125][train.train_nn_models] Found a better model at epoch 132.
[ 2022-07-28 02:58:51,923][train.train_nn_models] [Training] Epoch=133, loss=691.4902, nll=691.4902, l2_reg=0.0000, acc=0.2802
[ 2022-07-28 02:58:51,924][train.train_nn_models] [Validation] Epoch=133, nll=692.3979, acc=0.2800
[ 2022-07-28 02:58:51,924][train.train_nn_models] Found a better model at epoch 133.
[ 2022-07-28 02:58:53,722][train.train_nn_models] [Training] Epoch=134, loss=691.4446, nll=691.4446, l2_reg=0.0000, acc=0.2803
[ 2022-07-28 02:58:53,722][train.train_nn_models] [Validation] Epoch=134, nll=692.3431, acc=0.2804
[ 2022-07-28 02:58:53,722][train.train_nn_models] Found a better model at epoch 134.
[ 2022-07-28 02:58:55,517][train.train_nn_models] [Training] Epoch=135, loss=691.3990, nll=691.3990, l2_reg=0.0000, acc=0.2807
[ 2022-07-28 02:58:55,517][train.train_nn_models] [Validation] Epoch=135, nll=692.2763, acc=0.2782
[ 2022-07-28 02:58:55,518][train.train_nn_models] Found a better model at epoch 135.
[ 2022-07-28 02:58:57,305][train.train_nn_models] [Training] Epoch=136, loss=691.3430, nll=691.3430, l2_reg=0.0000, acc=0.2807
[ 2022-07-28 02:58:57,305][train.train_nn_models] [Validation] Epoch=136, nll=692.1975, acc=0.2792
[ 2022-07-28 02:58:57,305][train.train_nn_models] Found a better model at epoch 136.
[ 2022-07-28 02:58:59,088][train.train_nn_models] [Training] Epoch=137, loss=691.2744, nll=691.2744, l2_reg=0.0000, acc=0.2805
[ 2022-07-28 02:58:59,090][train.train_nn_models] [Validation] Epoch=137, nll=692.1130, acc=0.2812
[ 2022-07-28 02:58:59,090][train.train_nn_models] Found a better model at epoch 137.
[ 2022-07-28 02:59:00,889][train.train_nn_models] [Training] Epoch=138, loss=691.1982, nll=691.1982, l2_reg=0.0000, acc=0.2803
[ 2022-07-28 02:59:00,892][train.train_nn_models] [Validation] Epoch=138, nll=692.0407, acc=0.2812
[ 2022-07-28 02:59:00,893][train.train_nn_models] Found a better model at epoch 138.
[ 2022-07-28 02:59:02,673][train.train_nn_models] [Training] Epoch=139, loss=691.1125, nll=691.1125, l2_reg=0.0000, acc=0.2806
[ 2022-07-28 02:59:02,674][train.train_nn_models] [Validation] Epoch=139, nll=691.9313, acc=0.2797
[ 2022-07-28 02:59:02,674][train.train_nn_models] Found a better model at epoch 139.
[ 2022-07-28 02:59:04,454][train.train_nn_models] [Training] Epoch=140, loss=690.9857, nll=690.9857, l2_reg=0.0000, acc=0.2807
[ 2022-07-28 02:59:04,455][train.train_nn_models] [Validation] Epoch=140, nll=691.8127, acc=0.2788
[ 2022-07-28 02:59:04,455][train.train_nn_models] Found a better model at epoch 140.
[ 2022-07-28 02:59:06,241][train.train_nn_models] [Training] Epoch=141, loss=690.8569, nll=690.8569, l2_reg=0.0000, acc=0.2805
[ 2022-07-28 02:59:06,242][train.train_nn_models] [Validation] Epoch=141, nll=691.7712, acc=0.2808
[ 2022-07-28 02:59:06,242][train.train_nn_models] Found a better model at epoch 141.
[ 2022-07-28 02:59:08,049][train.train_nn_models] [Training] Epoch=142, loss=690.7338, nll=690.7338, l2_reg=0.0000, acc=0.2801
[ 2022-07-28 02:59:08,049][train.train_nn_models] [Validation] Epoch=142, nll=691.7415, acc=0.2787
[ 2022-07-28 02:59:08,049][train.train_nn_models] Found a better model at epoch 142.
[ 2022-07-28 02:59:09,876][train.train_nn_models] [Training] Epoch=143, loss=690.6022, nll=690.6022, l2_reg=0.0000, acc=0.2804
[ 2022-07-28 02:59:09,876][train.train_nn_models] [Validation] Epoch=143, nll=691.7798, acc=0.2817
[ 2022-07-28 02:59:11,691][train.train_nn_models] [Training] Epoch=144, loss=690.4357, nll=690.4357, l2_reg=0.0000, acc=0.2801
[ 2022-07-28 02:59:11,691][train.train_nn_models] [Validation] Epoch=144, nll=691.8058, acc=0.2846
[ 2022-07-28 02:59:13,499][train.train_nn_models] [Training] Epoch=145, loss=690.1815, nll=690.1815, l2_reg=0.0000, acc=0.2814
[ 2022-07-28 02:59:13,500][train.train_nn_models] [Validation] Epoch=145, nll=691.6786, acc=0.2907
[ 2022-07-28 02:59:13,500][train.train_nn_models] Found a better model at epoch 145.
[ 2022-07-28 02:59:15,360][train.train_nn_models] [Training] Epoch=146, loss=689.9261, nll=689.9261, l2_reg=0.0000, acc=0.2833
[ 2022-07-28 02:59:15,360][train.train_nn_models] [Validation] Epoch=146, nll=691.6651, acc=0.2911
[ 2022-07-28 02:59:15,360][train.train_nn_models] Found a better model at epoch 146.
[ 2022-07-28 02:59:17,178][train.train_nn_models] [Training] Epoch=147, loss=689.7072, nll=689.7072, l2_reg=0.0000, acc=0.2833
[ 2022-07-28 02:59:17,180][train.train_nn_models] [Validation] Epoch=147, nll=691.4854, acc=0.2905
[ 2022-07-28 02:59:17,180][train.train_nn_models] Found a better model at epoch 147.
[ 2022-07-28 02:59:18,994][train.train_nn_models] [Training] Epoch=148, loss=689.5323, nll=689.5323, l2_reg=0.0000, acc=0.2839
[ 2022-07-28 02:59:18,997][train.train_nn_models] [Validation] Epoch=148, nll=691.3232, acc=0.2892
[ 2022-07-28 02:59:18,997][train.train_nn_models] Found a better model at epoch 148.
[ 2022-07-28 02:59:20,839][train.train_nn_models] [Training] Epoch=149, loss=689.3783, nll=689.3783, l2_reg=0.0000, acc=0.2837
[ 2022-07-28 02:59:20,839][train.train_nn_models] [Validation] Epoch=149, nll=691.4503, acc=0.2899
[ 2022-07-28 02:59:22,655][train.train_nn_models] [Training] Epoch=150, loss=689.0976, nll=689.0976, l2_reg=0.0000, acc=0.2842
[ 2022-07-28 02:59:22,656][train.train_nn_models] [Validation] Epoch=150, nll=691.0334, acc=0.2905
[ 2022-07-28 02:59:22,656][train.train_nn_models] Found a better model at epoch 150.
[ 2022-07-28 02:59:24,473][train.train_nn_models] [Training] Epoch=151, loss=688.8679, nll=688.8679, l2_reg=0.0000, acc=0.2848
[ 2022-07-28 02:59:24,474][train.train_nn_models] [Validation] Epoch=151, nll=690.8027, acc=0.2895
[ 2022-07-28 02:59:24,474][train.train_nn_models] Found a better model at epoch 151.
[ 2022-07-28 02:59:26,287][train.train_nn_models] [Training] Epoch=152, loss=688.6543, nll=688.6543, l2_reg=0.0000, acc=0.2857
[ 2022-07-28 02:59:26,288][train.train_nn_models] [Validation] Epoch=152, nll=690.4537, acc=0.2898
[ 2022-07-28 02:59:26,288][train.train_nn_models] Found a better model at epoch 152.
[ 2022-07-28 02:59:28,101][train.train_nn_models] [Training] Epoch=153, loss=688.4487, nll=688.4487, l2_reg=0.0000, acc=0.2858
[ 2022-07-28 02:59:28,102][train.train_nn_models] [Validation] Epoch=153, nll=690.2088, acc=0.2906
[ 2022-07-28 02:59:28,102][train.train_nn_models] Found a better model at epoch 153.
[ 2022-07-28 02:59:29,928][train.train_nn_models] [Training] Epoch=154, loss=688.1819, nll=688.1819, l2_reg=0.0000, acc=0.2864
[ 2022-07-28 02:59:29,929][train.train_nn_models] [Validation] Epoch=154, nll=689.8407, acc=0.2906
[ 2022-07-28 02:59:29,929][train.train_nn_models] Found a better model at epoch 154.
[ 2022-07-28 02:59:31,737][train.train_nn_models] [Training] Epoch=155, loss=687.9536, nll=687.9536, l2_reg=0.0000, acc=0.2870
[ 2022-07-28 02:59:31,738][train.train_nn_models] [Validation] Epoch=155, nll=689.5910, acc=0.2917
[ 2022-07-28 02:59:31,738][train.train_nn_models] Found a better model at epoch 155.
[ 2022-07-28 02:59:33,565][train.train_nn_models] [Training] Epoch=156, loss=687.5739, nll=687.5739, l2_reg=0.0000, acc=0.2881
[ 2022-07-28 02:59:33,565][train.train_nn_models] [Validation] Epoch=156, nll=689.1254, acc=0.2912
[ 2022-07-28 02:59:33,565][train.train_nn_models] Found a better model at epoch 156.
[ 2022-07-28 02:59:35,398][train.train_nn_models] [Training] Epoch=157, loss=687.2213, nll=687.2213, l2_reg=0.0000, acc=0.2893
[ 2022-07-28 02:59:35,399][train.train_nn_models] [Validation] Epoch=157, nll=688.6476, acc=0.2928
[ 2022-07-28 02:59:35,399][train.train_nn_models] Found a better model at epoch 157.
[ 2022-07-28 02:59:37,227][train.train_nn_models] [Training] Epoch=158, loss=686.5770, nll=686.5770, l2_reg=0.0000, acc=0.2904
[ 2022-07-28 02:59:37,228][train.train_nn_models] [Validation] Epoch=158, nll=687.9357, acc=0.2927
[ 2022-07-28 02:59:37,228][train.train_nn_models] Found a better model at epoch 158.
[ 2022-07-28 02:59:39,051][train.train_nn_models] [Training] Epoch=159, loss=685.8534, nll=685.8534, l2_reg=0.0000, acc=0.2927
[ 2022-07-28 02:59:39,051][train.train_nn_models] [Validation] Epoch=159, nll=687.1725, acc=0.2951
[ 2022-07-28 02:59:39,051][train.train_nn_models] Found a better model at epoch 159.
[ 2022-07-28 02:59:40,872][train.train_nn_models] [Training] Epoch=160, loss=685.0127, nll=685.0127, l2_reg=0.0000, acc=0.2957
[ 2022-07-28 02:59:40,872][train.train_nn_models] [Validation] Epoch=160, nll=686.2578, acc=0.2984
[ 2022-07-28 02:59:40,872][train.train_nn_models] Found a better model at epoch 160.
[ 2022-07-28 02:59:42,684][train.train_nn_models] [Training] Epoch=161, loss=684.1687, nll=684.1687, l2_reg=0.0000, acc=0.2997
[ 2022-07-28 02:59:42,685][train.train_nn_models] [Validation] Epoch=161, nll=686.2222, acc=0.3030
[ 2022-07-28 02:59:42,685][train.train_nn_models] Found a better model at epoch 161.
[ 2022-07-28 02:59:44,505][train.train_nn_models] [Training] Epoch=162, loss=683.6070, nll=683.6070, l2_reg=0.0000, acc=0.3038
[ 2022-07-28 02:59:44,505][train.train_nn_models] [Validation] Epoch=162, nll=686.0660, acc=0.2977
[ 2022-07-28 02:59:44,505][train.train_nn_models] Found a better model at epoch 162.
[ 2022-07-28 02:59:46,325][train.train_nn_models] [Training] Epoch=163, loss=682.2767, nll=682.2767, l2_reg=0.0000, acc=0.3085
[ 2022-07-28 02:59:46,325][train.train_nn_models] [Validation] Epoch=163, nll=684.6545, acc=0.3065
[ 2022-07-28 02:59:46,325][train.train_nn_models] Found a better model at epoch 163.
[ 2022-07-28 02:59:48,145][train.train_nn_models] [Training] Epoch=164, loss=680.8626, nll=680.8626, l2_reg=0.0000, acc=0.3159
[ 2022-07-28 02:59:48,146][train.train_nn_models] [Validation] Epoch=164, nll=683.3840, acc=0.3123
[ 2022-07-28 02:59:48,146][train.train_nn_models] Found a better model at epoch 164.
[ 2022-07-28 02:59:50,058][train.train_nn_models] [Training] Epoch=165, loss=679.8922, nll=679.8922, l2_reg=0.0000, acc=0.3198
[ 2022-07-28 02:59:50,059][train.train_nn_models] [Validation] Epoch=165, nll=682.8339, acc=0.3078
[ 2022-07-28 02:59:50,059][train.train_nn_models] Found a better model at epoch 165.
[ 2022-07-28 02:59:51,882][train.train_nn_models] [Training] Epoch=166, loss=678.0255, nll=678.0255, l2_reg=0.0000, acc=0.3189
[ 2022-07-28 02:59:51,882][train.train_nn_models] [Validation] Epoch=166, nll=681.2593, acc=0.3138
[ 2022-07-28 02:59:51,882][train.train_nn_models] Found a better model at epoch 166.
[ 2022-07-28 02:59:53,696][train.train_nn_models] [Training] Epoch=167, loss=674.5063, nll=674.5063, l2_reg=0.0000, acc=0.3318
[ 2022-07-28 02:59:53,696][train.train_nn_models] [Validation] Epoch=167, nll=681.7242, acc=0.3072
[ 2022-07-28 02:59:55,500][train.train_nn_models] [Training] Epoch=168, loss=678.5536, nll=678.5536, l2_reg=0.0000, acc=0.3210
[ 2022-07-28 02:59:55,500][train.train_nn_models] [Validation] Epoch=168, nll=687.7858, acc=0.3029
[ 2022-07-28 02:59:57,305][train.train_nn_models] [Training] Epoch=169, loss=680.6562, nll=680.6562, l2_reg=0.0000, acc=0.3081
[ 2022-07-28 02:59:57,306][train.train_nn_models] [Validation] Epoch=169, nll=678.1635, acc=0.3141
[ 2022-07-28 02:59:57,306][train.train_nn_models] Found a better model at epoch 169.
[ 2022-07-28 02:59:59,472][train.train_nn_models] [Training] Epoch=170, loss=670.5120, nll=670.5120, l2_reg=0.0000, acc=0.3368
[ 2022-07-28 02:59:59,473][train.train_nn_models] [Validation] Epoch=170, nll=674.5967, acc=0.3246
[ 2022-07-28 02:59:59,473][train.train_nn_models] Found a better model at epoch 170.
[ 2022-07-28 03:00:01,442][train.train_nn_models] [Training] Epoch=171, loss=665.1269, nll=665.1269, l2_reg=0.0000, acc=0.3530
[ 2022-07-28 03:00:01,443][train.train_nn_models] [Validation] Epoch=171, nll=673.9014, acc=0.3270
[ 2022-07-28 03:00:01,443][train.train_nn_models] Found a better model at epoch 171.
[ 2022-07-28 03:00:03,258][train.train_nn_models] [Training] Epoch=172, loss=665.0478, nll=665.0478, l2_reg=0.0000, acc=0.3479
[ 2022-07-28 03:00:03,258][train.train_nn_models] [Validation] Epoch=172, nll=675.9430, acc=0.3200
[ 2022-07-28 03:00:05,070][train.train_nn_models] [Training] Epoch=173, loss=660.7687, nll=660.7687, l2_reg=0.0000, acc=0.3619
[ 2022-07-28 03:00:05,070][train.train_nn_models] [Validation] Epoch=173, nll=672.9464, acc=0.3526
[ 2022-07-28 03:00:05,071][train.train_nn_models] Found a better model at epoch 173.
[ 2022-07-28 03:00:06,885][train.train_nn_models] [Training] Epoch=174, loss=676.2871, nll=676.2871, l2_reg=0.0000, acc=0.3193
[ 2022-07-28 03:00:06,886][train.train_nn_models] [Validation] Epoch=174, nll=675.6414, acc=0.3224
[ 2022-07-28 03:00:08,693][train.train_nn_models] [Training] Epoch=175, loss=658.5486, nll=658.5486, l2_reg=0.0000, acc=0.3712
[ 2022-07-28 03:00:08,693][train.train_nn_models] [Validation] Epoch=175, nll=667.1021, acc=0.3543
[ 2022-07-28 03:00:08,693][train.train_nn_models] Found a better model at epoch 175.
[ 2022-07-28 03:00:10,544][train.train_nn_models] [Training] Epoch=176, loss=649.9444, nll=649.9444, l2_reg=0.0000, acc=0.3931
[ 2022-07-28 03:00:10,544][train.train_nn_models] [Validation] Epoch=176, nll=669.8256, acc=0.3448
[ 2022-07-28 03:00:12,418][train.train_nn_models] [Training] Epoch=177, loss=648.8789, nll=648.8789, l2_reg=0.0000, acc=0.3920
[ 2022-07-28 03:00:12,419][train.train_nn_models] [Validation] Epoch=177, nll=662.8566, acc=0.3678
[ 2022-07-28 03:00:12,419][train.train_nn_models] Found a better model at epoch 177.
[ 2022-07-28 03:00:14,266][train.train_nn_models] [Training] Epoch=178, loss=651.2691, nll=651.2691, l2_reg=0.0000, acc=0.3817
[ 2022-07-28 03:00:14,267][train.train_nn_models] [Validation] Epoch=178, nll=665.3762, acc=0.3642
[ 2022-07-28 03:00:16,111][train.train_nn_models] [Training] Epoch=179, loss=642.7183, nll=642.7183, l2_reg=0.0000, acc=0.4052
[ 2022-07-28 03:00:16,112][train.train_nn_models] [Validation] Epoch=179, nll=657.7122, acc=0.3713
[ 2022-07-28 03:00:16,112][train.train_nn_models] Found a better model at epoch 179.
[ 2022-07-28 03:00:17,954][train.train_nn_models] [Training] Epoch=180, loss=640.0728, nll=640.0728, l2_reg=0.0000, acc=0.4118
[ 2022-07-28 03:00:17,955][train.train_nn_models] [Validation] Epoch=180, nll=656.3091, acc=0.3826
[ 2022-07-28 03:00:17,955][train.train_nn_models] Found a better model at epoch 180.
[ 2022-07-28 03:00:19,785][train.train_nn_models] [Training] Epoch=181, loss=640.8027, nll=640.8027, l2_reg=0.0000, acc=0.4099
[ 2022-07-28 03:00:19,786][train.train_nn_models] [Validation] Epoch=181, nll=660.6058, acc=0.3799
[ 2022-07-28 03:00:21,625][train.train_nn_models] [Training] Epoch=182, loss=632.9084, nll=632.9084, l2_reg=0.0000, acc=0.4306
[ 2022-07-28 03:00:21,626][train.train_nn_models] [Validation] Epoch=182, nll=658.8922, acc=0.3777
[ 2022-07-28 03:00:23,464][train.train_nn_models] [Training] Epoch=183, loss=630.4949, nll=630.4949, l2_reg=0.0000, acc=0.4366
[ 2022-07-28 03:00:23,465][train.train_nn_models] [Validation] Epoch=183, nll=659.2618, acc=0.3729
[ 2022-07-28 03:00:25,309][train.train_nn_models] [Training] Epoch=184, loss=637.9473, nll=637.9473, l2_reg=0.0000, acc=0.4153
[ 2022-07-28 03:00:25,309][train.train_nn_models] [Validation] Epoch=184, nll=658.1063, acc=0.3796
[ 2022-07-28 03:00:27,150][train.train_nn_models] [Training] Epoch=185, loss=632.2730, nll=632.2730, l2_reg=0.0000, acc=0.4267
[ 2022-07-28 03:00:27,150][train.train_nn_models] [Validation] Epoch=185, nll=666.6077, acc=0.3575
[ 2022-07-28 03:00:29,003][train.train_nn_models] [Training] Epoch=186, loss=629.5648, nll=629.5648, l2_reg=0.0000, acc=0.4423
[ 2022-07-28 03:00:29,004][train.train_nn_models] [Validation] Epoch=186, nll=660.6997, acc=0.3740
[ 2022-07-28 03:00:30,841][train.train_nn_models] [Training] Epoch=187, loss=646.4135, nll=646.4135, l2_reg=0.0000, acc=0.3925
[ 2022-07-28 03:00:30,842][train.train_nn_models] [Validation] Epoch=187, nll=652.0453, acc=0.3816
[ 2022-07-28 03:00:30,842][train.train_nn_models] Found a better model at epoch 187.
[ 2022-07-28 03:00:32,692][train.train_nn_models] [Training] Epoch=188, loss=632.4032, nll=632.4032, l2_reg=0.0000, acc=0.4328
[ 2022-07-28 03:00:32,693][train.train_nn_models] [Validation] Epoch=188, nll=650.9568, acc=0.3789
[ 2022-07-28 03:00:32,693][train.train_nn_models] Found a better model at epoch 188.
[ 2022-07-28 03:00:34,566][train.train_nn_models] [Training] Epoch=189, loss=622.7014, nll=622.7014, l2_reg=0.0000, acc=0.4538
[ 2022-07-28 03:00:34,567][train.train_nn_models] [Validation] Epoch=189, nll=645.7225, acc=0.3974
[ 2022-07-28 03:00:34,567][train.train_nn_models] Found a better model at epoch 189.
[ 2022-07-28 03:00:36,430][train.train_nn_models] [Training] Epoch=190, loss=622.5907, nll=622.5907, l2_reg=0.0000, acc=0.4508
[ 2022-07-28 03:00:36,430][train.train_nn_models] [Validation] Epoch=190, nll=651.8545, acc=0.3894
[ 2022-07-28 03:00:38,297][train.train_nn_models] [Training] Epoch=191, loss=636.1064, nll=636.1064, l2_reg=0.0000, acc=0.4163
[ 2022-07-28 03:00:38,298][train.train_nn_models] [Validation] Epoch=191, nll=648.0213, acc=0.3827
[ 2022-07-28 03:00:40,171][train.train_nn_models] [Training] Epoch=192, loss=623.5546, nll=623.5546, l2_reg=0.0000, acc=0.4528
[ 2022-07-28 03:00:40,171][train.train_nn_models] [Validation] Epoch=192, nll=649.0947, acc=0.3808
[ 2022-07-28 03:00:42,035][train.train_nn_models] [Training] Epoch=193, loss=617.1684, nll=617.1684, l2_reg=0.0000, acc=0.4607
[ 2022-07-28 03:00:42,035][train.train_nn_models] [Validation] Epoch=193, nll=640.7112, acc=0.4081
[ 2022-07-28 03:00:42,035][train.train_nn_models] Found a better model at epoch 193.
[ 2022-07-28 03:00:43,921][train.train_nn_models] [Training] Epoch=194, loss=623.4461, nll=623.4461, l2_reg=0.0000, acc=0.4450
[ 2022-07-28 03:00:43,921][train.train_nn_models] [Validation] Epoch=194, nll=642.4154, acc=0.4069
[ 2022-07-28 03:00:45,805][train.train_nn_models] [Training] Epoch=195, loss=610.8473, nll=610.8473, l2_reg=0.0000, acc=0.4771
[ 2022-07-28 03:00:45,806][train.train_nn_models] [Validation] Epoch=195, nll=640.5093, acc=0.4125
[ 2022-07-28 03:00:45,806][train.train_nn_models] Found a better model at epoch 195.
[ 2022-07-28 03:00:47,678][train.train_nn_models] [Training] Epoch=196, loss=614.9065, nll=614.9065, l2_reg=0.0000, acc=0.4680
[ 2022-07-28 03:00:47,678][train.train_nn_models] [Validation] Epoch=196, nll=642.3154, acc=0.4106
[ 2022-07-28 03:00:49,557][train.train_nn_models] [Training] Epoch=197, loss=614.5823, nll=614.5823, l2_reg=0.0000, acc=0.4649
[ 2022-07-28 03:00:49,557][train.train_nn_models] [Validation] Epoch=197, nll=635.5511, acc=0.4167
[ 2022-07-28 03:00:49,557][train.train_nn_models] Found a better model at epoch 197.
[ 2022-07-28 03:00:51,435][train.train_nn_models] [Training] Epoch=198, loss=609.8588, nll=609.8588, l2_reg=0.0000, acc=0.4735
[ 2022-07-28 03:00:51,435][train.train_nn_models] [Validation] Epoch=198, nll=638.9598, acc=0.4156
[ 2022-07-28 03:00:53,304][train.train_nn_models] [Training] Epoch=199, loss=606.3182, nll=606.3182, l2_reg=0.0000, acc=0.4813
[ 2022-07-28 03:00:53,305][train.train_nn_models] [Validation] Epoch=199, nll=636.9093, acc=0.4144
[ 2022-07-28 03:00:53,492][train.eval_nll] [Test]nll=639.3146, acc=0.3992
[ 2022-07-28 03:13:25,456][train.<module>]                    timestamp  ...                                             config
0 2022-07-28 03:13:25.399220  ...  {'model': 'Tran', 'dataset': 'pgem-1K-10', 'in...
1 2022-07-28 03:13:25.399220  ...  {'model': 'Tran', 'dataset': 'pgem-1K-10', 'in...
2 2022-07-28 03:13:25.399220  ...  {'model': 'Tran', 'dataset': 'pgem-1K-10', 'in...
3 2022-07-28 03:13:25.399220  ...  {'model': 'Tran', 'dataset': 'pgem-1K-10', 'in...
4 2022-07-28 03:13:25.399220  ...  {'model': 'Tran', 'dataset': 'pgem-1K-10', 'in...
5 2022-07-28 03:13:25.399220  ...  {'model': 'Tran', 'dataset': 'pgem-1K-10', 'in...

[6 rows x 7 columns]
