[ 2022-08-25 13:54:54,100][train.<module>] Namespace(attr_batch_size=0, basis_type='dyadic', batch_size=64, bucket_seqs=False, cuda=True, dataset='pgem-1K-15', dropout=0.0, embedding_dim=64, epochs=200, hidden_size=64, input_dir='data/input', l2_reg=0, lr=0.001, max_mean=20.0, model='Tran', n_bases=7, num_workers=0, occurred_type_only=False, optimizer='Adam', output_dir='data/output', rand_seed=0, skip_eval_infectivity=False, skip_pred_next_event=False, split_id=2, steps=50, tune_metric='nll', verbose=False)
[ 2022-08-25 13:54:54,761][train.train_nn_models] [Training] Epoch=0, loss=19663.3906, nll=19663.3906, l2_reg=0.0000, acc=0.0957
[ 2022-08-25 13:54:54,761][train.train_nn_models] [Validation] Epoch=0, nll=16682.3652, acc=0.0703
[ 2022-08-25 13:54:55,097][train.train_nn_models] [Training] Epoch=1, loss=15796.3643, nll=15796.3643, l2_reg=0.0000, acc=0.0704
[ 2022-08-25 13:54:55,097][train.train_nn_models] [Validation] Epoch=1, nll=13295.4209, acc=0.0582
[ 2022-08-25 13:54:55,443][train.train_nn_models] [Training] Epoch=2, loss=12247.3428, nll=12247.3428, l2_reg=0.0000, acc=0.0567
[ 2022-08-25 13:54:55,443][train.train_nn_models] [Validation] Epoch=2, nll=9744.7979, acc=0.0473
[ 2022-08-25 13:54:55,784][train.train_nn_models] [Training] Epoch=3, loss=8611.7070, nll=8611.7070, l2_reg=0.0000, acc=0.0523
[ 2022-08-25 13:54:55,785][train.train_nn_models] [Validation] Epoch=3, nll=6560.8057, acc=0.0520
[ 2022-08-25 13:54:56,191][train.train_nn_models] [Training] Epoch=4, loss=5509.6958, nll=5509.6958, l2_reg=0.0000, acc=0.0591
[ 2022-08-25 13:54:56,191][train.train_nn_models] [Validation] Epoch=4, nll=4217.8882, acc=0.0600
[ 2022-08-25 13:54:56,529][train.train_nn_models] [Training] Epoch=5, loss=3349.2163, nll=3349.2163, l2_reg=0.0000, acc=0.0709
[ 2022-08-25 13:54:56,529][train.train_nn_models] [Validation] Epoch=5, nll=2717.0305, acc=0.0762
[ 2022-08-25 13:54:56,880][train.train_nn_models] [Training] Epoch=6, loss=2091.8655, nll=2091.8655, l2_reg=0.0000, acc=0.0814
[ 2022-08-25 13:54:56,880][train.train_nn_models] [Validation] Epoch=6, nll=1846.2556, acc=0.0850
[ 2022-08-25 13:54:57,226][train.train_nn_models] [Training] Epoch=7, loss=1487.6748, nll=1487.6748, l2_reg=0.0000, acc=0.0874
[ 2022-08-25 13:54:57,227][train.train_nn_models] [Validation] Epoch=7, nll=1419.9497, acc=0.0944
[ 2022-08-25 13:54:57,570][train.train_nn_models] [Training] Epoch=8, loss=1273.9564, nll=1273.9564, l2_reg=0.0000, acc=0.0968
[ 2022-08-25 13:54:57,570][train.train_nn_models] [Validation] Epoch=8, nll=1281.2489, acc=0.1358
[ 2022-08-25 13:54:58,031][train.train_nn_models] [Training] Epoch=9, loss=1239.2632, nll=1239.2632, l2_reg=0.0000, acc=0.1420
[ 2022-08-25 13:54:58,031][train.train_nn_models] [Validation] Epoch=9, nll=1257.1077, acc=0.1539
[ 2022-08-25 13:54:58,424][train.train_nn_models] [Training] Epoch=10, loss=1248.3209, nll=1248.3209, l2_reg=0.0000, acc=0.1531
[ 2022-08-25 13:54:58,424][train.train_nn_models] [Validation] Epoch=10, nll=1246.0533, acc=0.1565
[ 2022-08-25 13:54:58,794][train.train_nn_models] [Training] Epoch=11, loss=1242.6390, nll=1242.6390, l2_reg=0.0000, acc=0.1636
[ 2022-08-25 13:54:58,794][train.train_nn_models] [Validation] Epoch=11, nll=1217.0958, acc=0.1729
[ 2022-08-25 13:54:59,186][train.train_nn_models] [Training] Epoch=12, loss=1212.3206, nll=1212.3206, l2_reg=0.0000, acc=0.1746
[ 2022-08-25 13:54:59,187][train.train_nn_models] [Validation] Epoch=12, nll=1176.4391, acc=0.1764
[ 2022-08-25 13:54:59,630][train.train_nn_models] [Training] Epoch=13, loss=1172.6523, nll=1172.6523, l2_reg=0.0000, acc=0.1766
[ 2022-08-25 13:54:59,630][train.train_nn_models] [Validation] Epoch=13, nll=1148.0007, acc=0.1801
[ 2022-08-25 13:55:00,025][train.train_nn_models] [Training] Epoch=14, loss=1148.0321, nll=1148.0321, l2_reg=0.0000, acc=0.1821
[ 2022-08-25 13:55:00,025][train.train_nn_models] [Validation] Epoch=14, nll=1135.4155, acc=0.1895
[ 2022-08-25 13:55:00,410][train.train_nn_models] [Training] Epoch=15, loss=1134.3246, nll=1134.3246, l2_reg=0.0000, acc=0.1850
[ 2022-08-25 13:55:00,410][train.train_nn_models] [Validation] Epoch=15, nll=1115.1074, acc=0.1914
[ 2022-08-25 13:55:00,852][train.train_nn_models] [Training] Epoch=16, loss=1111.1018, nll=1111.1018, l2_reg=0.0000, acc=0.1875
[ 2022-08-25 13:55:00,853][train.train_nn_models] [Validation] Epoch=16, nll=1091.7190, acc=0.1905
[ 2022-08-25 13:55:01,298][train.train_nn_models] [Training] Epoch=17, loss=1088.5343, nll=1088.5343, l2_reg=0.0000, acc=0.1869
[ 2022-08-25 13:55:01,299][train.train_nn_models] [Validation] Epoch=17, nll=1078.2970, acc=0.1887
[ 2022-08-25 13:55:01,662][train.train_nn_models] [Training] Epoch=18, loss=1076.3430, nll=1076.3430, l2_reg=0.0000, acc=0.1864
[ 2022-08-25 13:55:01,662][train.train_nn_models] [Validation] Epoch=18, nll=1073.1947, acc=0.1893
[ 2022-08-25 13:55:02,036][train.train_nn_models] [Training] Epoch=19, loss=1071.6309, nll=1071.6309, l2_reg=0.0000, acc=0.1877
[ 2022-08-25 13:55:02,036][train.train_nn_models] [Validation] Epoch=19, nll=1071.4579, acc=0.1899
[ 2022-08-25 13:55:02,430][train.train_nn_models] [Training] Epoch=20, loss=1069.7240, nll=1069.7240, l2_reg=0.0000, acc=0.1869
[ 2022-08-25 13:55:02,431][train.train_nn_models] [Validation] Epoch=20, nll=1069.9800, acc=0.1875
[ 2022-08-25 13:55:02,851][train.train_nn_models] [Training] Epoch=21, loss=1067.9852, nll=1067.9852, l2_reg=0.0000, acc=0.1873
[ 2022-08-25 13:55:02,851][train.train_nn_models] [Validation] Epoch=21, nll=1067.7593, acc=0.1889
[ 2022-08-25 13:55:03,246][train.train_nn_models] [Training] Epoch=22, loss=1065.6427, nll=1065.6427, l2_reg=0.0000, acc=0.1870
[ 2022-08-25 13:55:03,246][train.train_nn_models] [Validation] Epoch=22, nll=1064.9839, acc=0.1871
[ 2022-08-25 13:55:03,612][train.train_nn_models] [Training] Epoch=23, loss=1062.9847, nll=1062.9847, l2_reg=0.0000, acc=0.1883
[ 2022-08-25 13:55:03,612][train.train_nn_models] [Validation] Epoch=23, nll=1062.3287, acc=0.1838
[ 2022-08-25 13:55:03,991][train.train_nn_models] [Training] Epoch=24, loss=1060.6464, nll=1060.6464, l2_reg=0.0000, acc=0.1875
[ 2022-08-25 13:55:03,991][train.train_nn_models] [Validation] Epoch=24, nll=1060.2939, acc=0.1852
[ 2022-08-25 13:55:04,368][train.train_nn_models] [Training] Epoch=25, loss=1058.9998, nll=1058.9998, l2_reg=0.0000, acc=0.1875
[ 2022-08-25 13:55:04,369][train.train_nn_models] [Validation] Epoch=25, nll=1058.9541, acc=0.1848
[ 2022-08-25 13:55:04,819][train.train_nn_models] [Training] Epoch=26, loss=1058.0087, nll=1058.0087, l2_reg=0.0000, acc=0.1864
[ 2022-08-25 13:55:04,819][train.train_nn_models] [Validation] Epoch=26, nll=1058.1263, acc=0.1832
[ 2022-08-25 13:55:05,200][train.train_nn_models] [Training] Epoch=27, loss=1057.4342, nll=1057.4342, l2_reg=0.0000, acc=0.1855
[ 2022-08-25 13:55:05,200][train.train_nn_models] [Validation] Epoch=27, nll=1057.5881, acc=0.1827
[ 2022-08-25 13:55:05,541][train.train_nn_models] [Training] Epoch=28, loss=1057.0312, nll=1057.0312, l2_reg=0.0000, acc=0.1852
[ 2022-08-25 13:55:05,541][train.train_nn_models] [Validation] Epoch=28, nll=1057.1603, acc=0.1836
[ 2022-08-25 13:55:05,889][train.train_nn_models] [Training] Epoch=29, loss=1056.6338, nll=1056.6338, l2_reg=0.0000, acc=0.1847
[ 2022-08-25 13:55:05,889][train.train_nn_models] [Validation] Epoch=29, nll=1056.7643, acc=0.1836
[ 2022-08-25 13:55:06,237][train.train_nn_models] [Training] Epoch=30, loss=1056.2048, nll=1056.2048, l2_reg=0.0000, acc=0.1846
[ 2022-08-25 13:55:06,237][train.train_nn_models] [Validation] Epoch=30, nll=1056.4054, acc=0.1862
[ 2022-08-25 13:55:06,583][train.train_nn_models] [Training] Epoch=31, loss=1055.7859, nll=1055.7859, l2_reg=0.0000, acc=0.1855
[ 2022-08-25 13:55:06,583][train.train_nn_models] [Validation] Epoch=31, nll=1056.0995, acc=0.1860
[ 2022-08-25 13:55:06,907][train.train_nn_models] [Training] Epoch=32, loss=1055.4148, nll=1055.4148, l2_reg=0.0000, acc=0.1859
[ 2022-08-25 13:55:06,907][train.train_nn_models] [Validation] Epoch=32, nll=1055.8492, acc=0.1868
[ 2022-08-25 13:55:07,261][train.train_nn_models] [Training] Epoch=33, loss=1055.1074, nll=1055.1074, l2_reg=0.0000, acc=0.1871
[ 2022-08-25 13:55:07,262][train.train_nn_models] [Validation] Epoch=33, nll=1055.6498, acc=0.1866
[ 2022-08-25 13:55:07,611][train.train_nn_models] [Training] Epoch=34, loss=1054.8623, nll=1054.8623, l2_reg=0.0000, acc=0.1871
[ 2022-08-25 13:55:07,612][train.train_nn_models] [Validation] Epoch=34, nll=1055.4894, acc=0.1875
[ 2022-08-25 13:55:07,973][train.train_nn_models] [Training] Epoch=35, loss=1054.6675, nll=1054.6675, l2_reg=0.0000, acc=0.1880
[ 2022-08-25 13:55:07,973][train.train_nn_models] [Validation] Epoch=35, nll=1055.3556, acc=0.1901
[ 2022-08-25 13:55:08,341][train.train_nn_models] [Training] Epoch=36, loss=1054.5072, nll=1054.5072, l2_reg=0.0000, acc=0.1869
[ 2022-08-25 13:55:08,342][train.train_nn_models] [Validation] Epoch=36, nll=1055.2388, acc=0.1903
[ 2022-08-25 13:55:08,804][train.train_nn_models] [Training] Epoch=37, loss=1054.3696, nll=1054.3696, l2_reg=0.0000, acc=0.1862
[ 2022-08-25 13:55:08,804][train.train_nn_models] [Validation] Epoch=37, nll=1055.1324, acc=0.1922
[ 2022-08-25 13:55:09,172][train.train_nn_models] [Training] Epoch=38, loss=1054.2472, nll=1054.2472, l2_reg=0.0000, acc=0.1866
[ 2022-08-25 13:55:09,172][train.train_nn_models] [Validation] Epoch=38, nll=1055.0308, acc=0.1918
[ 2022-08-25 13:55:09,501][train.train_nn_models] [Training] Epoch=39, loss=1054.1337, nll=1054.1337, l2_reg=0.0000, acc=0.1870
[ 2022-08-25 13:55:09,501][train.train_nn_models] [Validation] Epoch=39, nll=1054.9292, acc=0.1895
[ 2022-08-25 13:55:09,876][train.train_nn_models] [Training] Epoch=40, loss=1054.0255, nll=1054.0255, l2_reg=0.0000, acc=0.1871
[ 2022-08-25 13:55:09,876][train.train_nn_models] [Validation] Epoch=40, nll=1054.8247, acc=0.1895
[ 2022-08-25 13:55:10,254][train.train_nn_models] [Training] Epoch=41, loss=1053.9210, nll=1053.9210, l2_reg=0.0000, acc=0.1873
[ 2022-08-25 13:55:10,254][train.train_nn_models] [Validation] Epoch=41, nll=1054.7180, acc=0.1899
[ 2022-08-25 13:55:10,596][train.train_nn_models] [Training] Epoch=42, loss=1053.8203, nll=1053.8203, l2_reg=0.0000, acc=0.1872
[ 2022-08-25 13:55:10,596][train.train_nn_models] [Validation] Epoch=42, nll=1054.6138, acc=0.1893
[ 2022-08-25 13:55:10,968][train.train_nn_models] [Training] Epoch=43, loss=1053.7258, nll=1053.7258, l2_reg=0.0000, acc=0.1876
[ 2022-08-25 13:55:10,968][train.train_nn_models] [Validation] Epoch=43, nll=1054.5170, acc=0.1891
[ 2022-08-25 13:55:11,321][train.train_nn_models] [Training] Epoch=44, loss=1053.6389, nll=1053.6389, l2_reg=0.0000, acc=0.1871
[ 2022-08-25 13:55:11,321][train.train_nn_models] [Validation] Epoch=44, nll=1054.4296, acc=0.1899
[ 2022-08-25 13:55:11,663][train.train_nn_models] [Training] Epoch=45, loss=1053.5597, nll=1053.5597, l2_reg=0.0000, acc=0.1868
[ 2022-08-25 13:55:11,663][train.train_nn_models] [Validation] Epoch=45, nll=1054.3534, acc=0.1895
[ 2022-08-25 13:55:12,088][train.train_nn_models] [Training] Epoch=46, loss=1053.4872, nll=1053.4872, l2_reg=0.0000, acc=0.1868
[ 2022-08-25 13:55:12,089][train.train_nn_models] [Validation] Epoch=46, nll=1054.2881, acc=0.1897
[ 2022-08-25 13:55:12,464][train.train_nn_models] [Training] Epoch=47, loss=1053.4210, nll=1053.4210, l2_reg=0.0000, acc=0.1868
[ 2022-08-25 13:55:12,464][train.train_nn_models] [Validation] Epoch=47, nll=1054.2325, acc=0.1891
[ 2022-08-25 13:55:12,808][train.train_nn_models] [Training] Epoch=48, loss=1053.3602, nll=1053.3602, l2_reg=0.0000, acc=0.1864
[ 2022-08-25 13:55:12,808][train.train_nn_models] [Validation] Epoch=48, nll=1054.1855, acc=0.1883
[ 2022-08-25 13:55:13,146][train.train_nn_models] [Training] Epoch=49, loss=1053.3053, nll=1053.3053, l2_reg=0.0000, acc=0.1864
[ 2022-08-25 13:55:13,146][train.train_nn_models] [Validation] Epoch=49, nll=1054.1449, acc=0.1885
[ 2022-08-25 13:55:13,559][train.train_nn_models] [Training] Epoch=50, loss=1053.2550, nll=1053.2550, l2_reg=0.0000, acc=0.1866
[ 2022-08-25 13:55:13,560][train.train_nn_models] [Validation] Epoch=50, nll=1054.1083, acc=0.1877
[ 2022-08-25 13:55:14,041][train.train_nn_models] [Training] Epoch=51, loss=1053.2079, nll=1053.2079, l2_reg=0.0000, acc=0.1866
[ 2022-08-25 13:55:14,042][train.train_nn_models] [Validation] Epoch=51, nll=1054.0739, acc=0.1875
[ 2022-08-25 13:55:14,389][train.train_nn_models] [Training] Epoch=52, loss=1053.1630, nll=1053.1630, l2_reg=0.0000, acc=0.1867
[ 2022-08-25 13:55:14,389][train.train_nn_models] [Validation] Epoch=52, nll=1054.0402, acc=0.1885
[ 2022-08-25 13:55:14,738][train.train_nn_models] [Training] Epoch=53, loss=1053.1191, nll=1053.1191, l2_reg=0.0000, acc=0.1870
[ 2022-08-25 13:55:14,739][train.train_nn_models] [Validation] Epoch=53, nll=1054.0065, acc=0.1881
[ 2022-08-25 13:55:15,087][train.train_nn_models] [Training] Epoch=54, loss=1053.0760, nll=1053.0760, l2_reg=0.0000, acc=0.1863
[ 2022-08-25 13:55:15,087][train.train_nn_models] [Validation] Epoch=54, nll=1053.9722, acc=0.1875
[ 2022-08-25 13:55:15,438][train.train_nn_models] [Training] Epoch=55, loss=1053.0337, nll=1053.0337, l2_reg=0.0000, acc=0.1864
[ 2022-08-25 13:55:15,439][train.train_nn_models] [Validation] Epoch=55, nll=1053.9382, acc=0.1879
[ 2022-08-25 13:55:15,828][train.train_nn_models] [Training] Epoch=56, loss=1052.9918, nll=1052.9918, l2_reg=0.0000, acc=0.1865
[ 2022-08-25 13:55:15,828][train.train_nn_models] [Validation] Epoch=56, nll=1053.9053, acc=0.1875
[ 2022-08-25 13:55:16,190][train.train_nn_models] [Training] Epoch=57, loss=1052.9512, nll=1052.9512, l2_reg=0.0000, acc=0.1863
[ 2022-08-25 13:55:16,191][train.train_nn_models] [Validation] Epoch=57, nll=1053.8735, acc=0.1875
[ 2022-08-25 13:55:16,622][train.train_nn_models] [Training] Epoch=58, loss=1052.9114, nll=1052.9114, l2_reg=0.0000, acc=0.1860
[ 2022-08-25 13:55:16,623][train.train_nn_models] [Validation] Epoch=58, nll=1053.8425, acc=0.1864
[ 2022-08-25 13:55:16,978][train.train_nn_models] [Training] Epoch=59, loss=1052.8733, nll=1052.8733, l2_reg=0.0000, acc=0.1861
[ 2022-08-25 13:55:16,978][train.train_nn_models] [Validation] Epoch=59, nll=1053.8137, acc=0.1868
[ 2022-08-25 13:55:17,314][train.train_nn_models] [Training] Epoch=60, loss=1052.8372, nll=1052.8372, l2_reg=0.0000, acc=0.1863
[ 2022-08-25 13:55:17,315][train.train_nn_models] [Validation] Epoch=60, nll=1053.7869, acc=0.1883
[ 2022-08-25 13:55:17,641][train.train_nn_models] [Training] Epoch=61, loss=1052.8027, nll=1052.8027, l2_reg=0.0000, acc=0.1863
[ 2022-08-25 13:55:17,641][train.train_nn_models] [Validation] Epoch=61, nll=1053.7622, acc=0.1871
[ 2022-08-25 13:55:18,004][train.train_nn_models] [Training] Epoch=62, loss=1052.7695, nll=1052.7695, l2_reg=0.0000, acc=0.1867
[ 2022-08-25 13:55:18,004][train.train_nn_models] [Validation] Epoch=62, nll=1053.7399, acc=0.1879
[ 2022-08-25 13:55:18,321][train.train_nn_models] [Training] Epoch=63, loss=1052.7383, nll=1052.7383, l2_reg=0.0000, acc=0.1867
[ 2022-08-25 13:55:18,321][train.train_nn_models] [Validation] Epoch=63, nll=1053.7194, acc=0.1873
[ 2022-08-25 13:55:18,681][train.train_nn_models] [Training] Epoch=64, loss=1052.7087, nll=1052.7087, l2_reg=0.0000, acc=0.1868
[ 2022-08-25 13:55:18,682][train.train_nn_models] [Validation] Epoch=64, nll=1053.7012, acc=0.1868
[ 2022-08-25 13:55:19,049][train.train_nn_models] [Training] Epoch=65, loss=1052.6805, nll=1052.6805, l2_reg=0.0000, acc=0.1867
[ 2022-08-25 13:55:19,049][train.train_nn_models] [Validation] Epoch=65, nll=1053.6833, acc=0.1866
[ 2022-08-25 13:55:19,582][train.train_nn_models] [Training] Epoch=66, loss=1052.6533, nll=1052.6533, l2_reg=0.0000, acc=0.1869
[ 2022-08-25 13:55:19,582][train.train_nn_models] [Validation] Epoch=66, nll=1053.6666, acc=0.1868
[ 2022-08-25 13:55:19,946][train.train_nn_models] [Training] Epoch=67, loss=1052.6271, nll=1052.6271, l2_reg=0.0000, acc=0.1872
[ 2022-08-25 13:55:19,946][train.train_nn_models] [Validation] Epoch=67, nll=1053.6509, acc=0.1866
[ 2022-08-25 13:55:20,291][train.train_nn_models] [Training] Epoch=68, loss=1052.6019, nll=1052.6019, l2_reg=0.0000, acc=0.1871
[ 2022-08-25 13:55:20,291][train.train_nn_models] [Validation] Epoch=68, nll=1053.6359, acc=0.1875
[ 2022-08-25 13:55:20,651][train.train_nn_models] [Training] Epoch=69, loss=1052.5775, nll=1052.5775, l2_reg=0.0000, acc=0.1874
[ 2022-08-25 13:55:20,651][train.train_nn_models] [Validation] Epoch=69, nll=1053.6222, acc=0.1871
[ 2022-08-25 13:55:21,074][train.train_nn_models] [Training] Epoch=70, loss=1052.5541, nll=1052.5541, l2_reg=0.0000, acc=0.1873
[ 2022-08-25 13:55:21,074][train.train_nn_models] [Validation] Epoch=70, nll=1053.6091, acc=0.1866
[ 2022-08-25 13:55:21,404][train.train_nn_models] [Training] Epoch=71, loss=1052.5317, nll=1052.5317, l2_reg=0.0000, acc=0.1874
[ 2022-08-25 13:55:21,405][train.train_nn_models] [Validation] Epoch=71, nll=1053.5977, acc=0.1868
[ 2022-08-25 13:55:21,794][train.train_nn_models] [Training] Epoch=72, loss=1052.5101, nll=1052.5101, l2_reg=0.0000, acc=0.1877
[ 2022-08-25 13:55:21,794][train.train_nn_models] [Validation] Epoch=72, nll=1053.5869, acc=0.1856
[ 2022-08-25 13:55:22,140][train.train_nn_models] [Training] Epoch=73, loss=1052.4896, nll=1052.4896, l2_reg=0.0000, acc=0.1878
[ 2022-08-25 13:55:22,140][train.train_nn_models] [Validation] Epoch=73, nll=1053.5774, acc=0.1854
[ 2022-08-25 13:55:22,505][train.train_nn_models] [Training] Epoch=74, loss=1052.4702, nll=1052.4702, l2_reg=0.0000, acc=0.1876
[ 2022-08-25 13:55:22,505][train.train_nn_models] [Validation] Epoch=74, nll=1053.5688, acc=0.1854
[ 2022-08-25 13:55:22,852][train.train_nn_models] [Training] Epoch=75, loss=1052.4514, nll=1052.4514, l2_reg=0.0000, acc=0.1876
[ 2022-08-25 13:55:22,853][train.train_nn_models] [Validation] Epoch=75, nll=1053.5608, acc=0.1848
[ 2022-08-25 13:55:23,181][train.train_nn_models] [Training] Epoch=76, loss=1052.4333, nll=1052.4333, l2_reg=0.0000, acc=0.1879
[ 2022-08-25 13:55:23,181][train.train_nn_models] [Validation] Epoch=76, nll=1053.5532, acc=0.1838
[ 2022-08-25 13:55:23,587][train.train_nn_models] [Training] Epoch=77, loss=1052.4159, nll=1052.4159, l2_reg=0.0000, acc=0.1880
[ 2022-08-25 13:55:23,587][train.train_nn_models] [Validation] Epoch=77, nll=1053.5464, acc=0.1830
[ 2022-08-25 13:55:23,929][train.train_nn_models] [Training] Epoch=78, loss=1052.3993, nll=1052.3993, l2_reg=0.0000, acc=0.1882
[ 2022-08-25 13:55:23,929][train.train_nn_models] [Validation] Epoch=78, nll=1053.5397, acc=0.1834
[ 2022-08-25 13:55:24,264][train.train_nn_models] [Training] Epoch=79, loss=1052.3831, nll=1052.3831, l2_reg=0.0000, acc=0.1881
[ 2022-08-25 13:55:24,264][train.train_nn_models] [Validation] Epoch=79, nll=1053.5336, acc=0.1832
[ 2022-08-25 13:55:24,790][train.train_nn_models] [Training] Epoch=80, loss=1052.3674, nll=1052.3674, l2_reg=0.0000, acc=0.1880
[ 2022-08-25 13:55:24,790][train.train_nn_models] [Validation] Epoch=80, nll=1053.5272, acc=0.1825
[ 2022-08-25 13:55:25,152][train.train_nn_models] [Training] Epoch=81, loss=1052.3522, nll=1052.3522, l2_reg=0.0000, acc=0.1876
[ 2022-08-25 13:55:25,152][train.train_nn_models] [Validation] Epoch=81, nll=1053.5211, acc=0.1819
[ 2022-08-25 13:55:25,494][train.train_nn_models] [Training] Epoch=82, loss=1052.3375, nll=1052.3375, l2_reg=0.0000, acc=0.1876
[ 2022-08-25 13:55:25,494][train.train_nn_models] [Validation] Epoch=82, nll=1053.5151, acc=0.1817
[ 2022-08-25 13:55:25,805][train.train_nn_models] [Training] Epoch=83, loss=1052.3231, nll=1052.3231, l2_reg=0.0000, acc=0.1877
[ 2022-08-25 13:55:25,806][train.train_nn_models] [Validation] Epoch=83, nll=1053.5092, acc=0.1819
[ 2022-08-25 13:55:26,128][train.train_nn_models] [Training] Epoch=84, loss=1052.3093, nll=1052.3093, l2_reg=0.0000, acc=0.1878
[ 2022-08-25 13:55:26,128][train.train_nn_models] [Validation] Epoch=84, nll=1053.5032, acc=0.1827
[ 2022-08-25 13:55:26,482][train.train_nn_models] [Training] Epoch=85, loss=1052.2958, nll=1052.2958, l2_reg=0.0000, acc=0.1879
[ 2022-08-25 13:55:26,483][train.train_nn_models] [Validation] Epoch=85, nll=1053.4971, acc=0.1834
[ 2022-08-25 13:55:26,821][train.train_nn_models] [Training] Epoch=86, loss=1052.2825, nll=1052.2825, l2_reg=0.0000, acc=0.1881
[ 2022-08-25 13:55:26,821][train.train_nn_models] [Validation] Epoch=86, nll=1053.4911, acc=0.1825
[ 2022-08-25 13:55:27,146][train.train_nn_models] [Training] Epoch=87, loss=1052.2695, nll=1052.2695, l2_reg=0.0000, acc=0.1879
[ 2022-08-25 13:55:27,146][train.train_nn_models] [Validation] Epoch=87, nll=1053.4849, acc=0.1823
[ 2022-08-25 13:55:27,464][train.train_nn_models] [Training] Epoch=88, loss=1052.2566, nll=1052.2566, l2_reg=0.0000, acc=0.1876
[ 2022-08-25 13:55:27,464][train.train_nn_models] [Validation] Epoch=88, nll=1053.4786, acc=0.1823
[ 2022-08-25 13:55:27,810][train.train_nn_models] [Training] Epoch=89, loss=1052.2441, nll=1052.2441, l2_reg=0.0000, acc=0.1876
[ 2022-08-25 13:55:27,811][train.train_nn_models] [Validation] Epoch=89, nll=1053.4722, acc=0.1823
[ 2022-08-25 13:55:28,173][train.train_nn_models] [Training] Epoch=90, loss=1052.2317, nll=1052.2317, l2_reg=0.0000, acc=0.1875
[ 2022-08-25 13:55:28,173][train.train_nn_models] [Validation] Epoch=90, nll=1053.4656, acc=0.1827
[ 2022-08-25 13:55:28,552][train.train_nn_models] [Training] Epoch=91, loss=1052.2196, nll=1052.2196, l2_reg=0.0000, acc=0.1873
[ 2022-08-25 13:55:28,552][train.train_nn_models] [Validation] Epoch=91, nll=1053.4592, acc=0.1825
[ 2022-08-25 13:55:28,898][train.train_nn_models] [Training] Epoch=92, loss=1052.2078, nll=1052.2078, l2_reg=0.0000, acc=0.1871
[ 2022-08-25 13:55:28,899][train.train_nn_models] [Validation] Epoch=92, nll=1053.4525, acc=0.1823
[ 2022-08-25 13:55:29,278][train.train_nn_models] [Training] Epoch=93, loss=1052.1959, nll=1052.1959, l2_reg=0.0000, acc=0.1870
[ 2022-08-25 13:55:29,278][train.train_nn_models] [Validation] Epoch=93, nll=1053.4458, acc=0.1836
[ 2022-08-25 13:55:29,728][train.train_nn_models] [Training] Epoch=94, loss=1052.1844, nll=1052.1844, l2_reg=0.0000, acc=0.1869
[ 2022-08-25 13:55:29,728][train.train_nn_models] [Validation] Epoch=94, nll=1053.4392, acc=0.1834
[ 2022-08-25 13:55:30,184][train.train_nn_models] [Training] Epoch=95, loss=1052.1732, nll=1052.1732, l2_reg=0.0000, acc=0.1871
[ 2022-08-25 13:55:30,184][train.train_nn_models] [Validation] Epoch=95, nll=1053.4325, acc=0.1836
[ 2022-08-25 13:55:30,533][train.train_nn_models] [Training] Epoch=96, loss=1052.1621, nll=1052.1621, l2_reg=0.0000, acc=0.1869
[ 2022-08-25 13:55:30,534][train.train_nn_models] [Validation] Epoch=96, nll=1053.4259, acc=0.1836
[ 2022-08-25 13:55:30,935][train.train_nn_models] [Training] Epoch=97, loss=1052.1511, nll=1052.1511, l2_reg=0.0000, acc=0.1870
[ 2022-08-25 13:55:30,936][train.train_nn_models] [Validation] Epoch=97, nll=1053.4192, acc=0.1836
[ 2022-08-25 13:55:31,286][train.train_nn_models] [Training] Epoch=98, loss=1052.1404, nll=1052.1404, l2_reg=0.0000, acc=0.1870
[ 2022-08-25 13:55:31,286][train.train_nn_models] [Validation] Epoch=98, nll=1053.4126, acc=0.1834
[ 2022-08-25 13:55:31,615][train.train_nn_models] [Training] Epoch=99, loss=1052.1299, nll=1052.1299, l2_reg=0.0000, acc=0.1868
[ 2022-08-25 13:55:31,615][train.train_nn_models] [Validation] Epoch=99, nll=1053.4056, acc=0.1830
[ 2022-08-25 13:55:31,948][train.train_nn_models] [Training] Epoch=100, loss=1052.1195, nll=1052.1195, l2_reg=0.0000, acc=0.1867
[ 2022-08-25 13:55:31,948][train.train_nn_models] [Validation] Epoch=100, nll=1053.3982, acc=0.1827
[ 2022-08-25 13:55:32,339][train.train_nn_models] [Training] Epoch=101, loss=1052.1091, nll=1052.1091, l2_reg=0.0000, acc=0.1867
[ 2022-08-25 13:55:32,340][train.train_nn_models] [Validation] Epoch=101, nll=1053.3915, acc=0.1821
[ 2022-08-25 13:55:32,340][train.train_nn_models] Found a better model at epoch 101.
[ 2022-08-25 13:55:32,659][train.train_nn_models] [Training] Epoch=102, loss=1052.0991, nll=1052.0991, l2_reg=0.0000, acc=0.1868
[ 2022-08-25 13:55:32,660][train.train_nn_models] [Validation] Epoch=102, nll=1053.3846, acc=0.1821
[ 2022-08-25 13:55:32,660][train.train_nn_models] Found a better model at epoch 102.
[ 2022-08-25 13:55:32,971][train.train_nn_models] [Training] Epoch=103, loss=1052.0892, nll=1052.0892, l2_reg=0.0000, acc=0.1867
[ 2022-08-25 13:55:32,972][train.train_nn_models] [Validation] Epoch=103, nll=1053.3781, acc=0.1830
[ 2022-08-25 13:55:32,972][train.train_nn_models] Found a better model at epoch 103.
[ 2022-08-25 13:55:33,326][train.train_nn_models] [Training] Epoch=104, loss=1052.0795, nll=1052.0795, l2_reg=0.0000, acc=0.1865
[ 2022-08-25 13:55:33,326][train.train_nn_models] [Validation] Epoch=104, nll=1053.3711, acc=0.1834
[ 2022-08-25 13:55:33,326][train.train_nn_models] Found a better model at epoch 104.
[ 2022-08-25 13:55:33,662][train.train_nn_models] [Training] Epoch=105, loss=1052.0697, nll=1052.0697, l2_reg=0.0000, acc=0.1867
[ 2022-08-25 13:55:33,662][train.train_nn_models] [Validation] Epoch=105, nll=1053.3640, acc=0.1834
[ 2022-08-25 13:55:33,662][train.train_nn_models] Found a better model at epoch 105.
[ 2022-08-25 13:55:34,015][train.train_nn_models] [Training] Epoch=106, loss=1052.0598, nll=1052.0598, l2_reg=0.0000, acc=0.1867
[ 2022-08-25 13:55:34,016][train.train_nn_models] [Validation] Epoch=106, nll=1053.3560, acc=0.1832
[ 2022-08-25 13:55:34,016][train.train_nn_models] Found a better model at epoch 106.
[ 2022-08-25 13:55:34,473][train.train_nn_models] [Training] Epoch=107, loss=1052.0499, nll=1052.0499, l2_reg=0.0000, acc=0.1868
[ 2022-08-25 13:55:34,474][train.train_nn_models] [Validation] Epoch=107, nll=1053.3473, acc=0.1832
[ 2022-08-25 13:55:34,474][train.train_nn_models] Found a better model at epoch 107.
[ 2022-08-25 13:55:34,816][train.train_nn_models] [Training] Epoch=108, loss=1052.0398, nll=1052.0398, l2_reg=0.0000, acc=0.1870
[ 2022-08-25 13:55:34,816][train.train_nn_models] [Validation] Epoch=108, nll=1053.3381, acc=0.1834
[ 2022-08-25 13:55:34,816][train.train_nn_models] Found a better model at epoch 108.
[ 2022-08-25 13:55:35,171][train.train_nn_models] [Training] Epoch=109, loss=1052.0291, nll=1052.0291, l2_reg=0.0000, acc=0.1869
[ 2022-08-25 13:55:35,171][train.train_nn_models] [Validation] Epoch=109, nll=1053.3284, acc=0.1838
[ 2022-08-25 13:55:35,171][train.train_nn_models] Found a better model at epoch 109.
[ 2022-08-25 13:55:35,520][train.train_nn_models] [Training] Epoch=110, loss=1052.0177, nll=1052.0177, l2_reg=0.0000, acc=0.1869
[ 2022-08-25 13:55:35,520][train.train_nn_models] [Validation] Epoch=110, nll=1053.3199, acc=0.1834
[ 2022-08-25 13:55:35,520][train.train_nn_models] Found a better model at epoch 110.
[ 2022-08-25 13:55:35,877][train.train_nn_models] [Training] Epoch=111, loss=1052.0081, nll=1052.0081, l2_reg=0.0000, acc=0.1869
[ 2022-08-25 13:55:35,877][train.train_nn_models] [Validation] Epoch=111, nll=1053.3159, acc=0.1838
[ 2022-08-25 13:55:35,877][train.train_nn_models] Found a better model at epoch 111.
[ 2022-08-25 13:55:36,232][train.train_nn_models] [Training] Epoch=112, loss=1051.9994, nll=1051.9994, l2_reg=0.0000, acc=0.1870
[ 2022-08-25 13:55:36,232][train.train_nn_models] [Validation] Epoch=112, nll=1053.3135, acc=0.1838
[ 2022-08-25 13:55:36,232][train.train_nn_models] Found a better model at epoch 112.
[ 2022-08-25 13:55:36,560][train.train_nn_models] [Training] Epoch=113, loss=1051.9915, nll=1051.9915, l2_reg=0.0000, acc=0.1871
[ 2022-08-25 13:55:36,561][train.train_nn_models] [Validation] Epoch=113, nll=1053.3108, acc=0.1836
[ 2022-08-25 13:55:36,561][train.train_nn_models] Found a better model at epoch 113.
[ 2022-08-25 13:55:36,904][train.train_nn_models] [Training] Epoch=114, loss=1051.9832, nll=1051.9832, l2_reg=0.0000, acc=0.1870
[ 2022-08-25 13:55:36,904][train.train_nn_models] [Validation] Epoch=114, nll=1053.3062, acc=0.1838
[ 2022-08-25 13:55:36,904][train.train_nn_models] Found a better model at epoch 114.
[ 2022-08-25 13:55:37,252][train.train_nn_models] [Training] Epoch=115, loss=1051.9746, nll=1051.9746, l2_reg=0.0000, acc=0.1868
[ 2022-08-25 13:55:37,252][train.train_nn_models] [Validation] Epoch=115, nll=1053.3007, acc=0.1836
[ 2022-08-25 13:55:37,252][train.train_nn_models] Found a better model at epoch 115.
[ 2022-08-25 13:55:37,589][train.train_nn_models] [Training] Epoch=116, loss=1051.9657, nll=1051.9657, l2_reg=0.0000, acc=0.1868
[ 2022-08-25 13:55:37,590][train.train_nn_models] [Validation] Epoch=116, nll=1053.2938, acc=0.1832
[ 2022-08-25 13:55:37,590][train.train_nn_models] Found a better model at epoch 116.
[ 2022-08-25 13:55:37,915][train.train_nn_models] [Training] Epoch=117, loss=1051.9568, nll=1051.9568, l2_reg=0.0000, acc=0.1868
[ 2022-08-25 13:55:37,916][train.train_nn_models] [Validation] Epoch=117, nll=1053.2863, acc=0.1834
[ 2022-08-25 13:55:37,916][train.train_nn_models] Found a better model at epoch 117.
[ 2022-08-25 13:55:38,232][train.train_nn_models] [Training] Epoch=118, loss=1051.9471, nll=1051.9471, l2_reg=0.0000, acc=0.1868
[ 2022-08-25 13:55:38,232][train.train_nn_models] [Validation] Epoch=118, nll=1053.2778, acc=0.1836
[ 2022-08-25 13:55:38,232][train.train_nn_models] Found a better model at epoch 118.
[ 2022-08-25 13:55:38,597][train.train_nn_models] [Training] Epoch=119, loss=1051.9377, nll=1051.9377, l2_reg=0.0000, acc=0.1869
[ 2022-08-25 13:55:38,597][train.train_nn_models] [Validation] Epoch=119, nll=1053.2688, acc=0.1834
[ 2022-08-25 13:55:38,597][train.train_nn_models] Found a better model at epoch 119.
[ 2022-08-25 13:55:38,953][train.train_nn_models] [Training] Epoch=120, loss=1051.9281, nll=1051.9281, l2_reg=0.0000, acc=0.1870
[ 2022-08-25 13:55:38,954][train.train_nn_models] [Validation] Epoch=120, nll=1053.2601, acc=0.1836
[ 2022-08-25 13:55:38,954][train.train_nn_models] Found a better model at epoch 120.
[ 2022-08-25 13:55:39,283][train.train_nn_models] [Training] Epoch=121, loss=1051.9191, nll=1051.9191, l2_reg=0.0000, acc=0.1871
[ 2022-08-25 13:55:39,283][train.train_nn_models] [Validation] Epoch=121, nll=1053.2524, acc=0.1838
[ 2022-08-25 13:55:39,283][train.train_nn_models] Found a better model at epoch 121.
[ 2022-08-25 13:55:39,594][train.train_nn_models] [Training] Epoch=122, loss=1051.9102, nll=1051.9102, l2_reg=0.0000, acc=0.1871
[ 2022-08-25 13:55:39,594][train.train_nn_models] [Validation] Epoch=122, nll=1053.2458, acc=0.1834
[ 2022-08-25 13:55:39,594][train.train_nn_models] Found a better model at epoch 122.
[ 2022-08-25 13:55:39,958][train.train_nn_models] [Training] Epoch=123, loss=1051.9019, nll=1051.9019, l2_reg=0.0000, acc=0.1870
[ 2022-08-25 13:55:39,958][train.train_nn_models] [Validation] Epoch=123, nll=1053.2397, acc=0.1834
[ 2022-08-25 13:55:39,958][train.train_nn_models] Found a better model at epoch 123.
[ 2022-08-25 13:55:40,288][train.train_nn_models] [Training] Epoch=124, loss=1051.8932, nll=1051.8932, l2_reg=0.0000, acc=0.1868
[ 2022-08-25 13:55:40,288][train.train_nn_models] [Validation] Epoch=124, nll=1053.2330, acc=0.1832
[ 2022-08-25 13:55:40,288][train.train_nn_models] Found a better model at epoch 124.
[ 2022-08-25 13:55:40,609][train.train_nn_models] [Training] Epoch=125, loss=1051.8845, nll=1051.8845, l2_reg=0.0000, acc=0.1869
[ 2022-08-25 13:55:40,609][train.train_nn_models] [Validation] Epoch=125, nll=1053.2261, acc=0.1830
[ 2022-08-25 13:55:40,609][train.train_nn_models] Found a better model at epoch 125.
[ 2022-08-25 13:55:40,993][train.train_nn_models] [Training] Epoch=126, loss=1051.8760, nll=1051.8760, l2_reg=0.0000, acc=0.1867
[ 2022-08-25 13:55:40,993][train.train_nn_models] [Validation] Epoch=126, nll=1053.2190, acc=0.1830
[ 2022-08-25 13:55:40,993][train.train_nn_models] Found a better model at epoch 126.
[ 2022-08-25 13:55:41,354][train.train_nn_models] [Training] Epoch=127, loss=1051.8671, nll=1051.8671, l2_reg=0.0000, acc=0.1867
[ 2022-08-25 13:55:41,355][train.train_nn_models] [Validation] Epoch=127, nll=1053.2118, acc=0.1830
[ 2022-08-25 13:55:41,355][train.train_nn_models] Found a better model at epoch 127.
[ 2022-08-25 13:55:41,731][train.train_nn_models] [Training] Epoch=128, loss=1051.8585, nll=1051.8585, l2_reg=0.0000, acc=0.1868
[ 2022-08-25 13:55:41,732][train.train_nn_models] [Validation] Epoch=128, nll=1053.2056, acc=0.1832
[ 2022-08-25 13:55:41,732][train.train_nn_models] Found a better model at epoch 128.
[ 2022-08-25 13:55:42,081][train.train_nn_models] [Training] Epoch=129, loss=1051.8499, nll=1051.8499, l2_reg=0.0000, acc=0.1868
[ 2022-08-25 13:55:42,081][train.train_nn_models] [Validation] Epoch=129, nll=1053.1989, acc=0.1832
[ 2022-08-25 13:55:42,081][train.train_nn_models] Found a better model at epoch 129.
[ 2022-08-25 13:55:42,421][train.train_nn_models] [Training] Epoch=130, loss=1051.8414, nll=1051.8414, l2_reg=0.0000, acc=0.1870
[ 2022-08-25 13:55:42,421][train.train_nn_models] [Validation] Epoch=130, nll=1053.1924, acc=0.1827
[ 2022-08-25 13:55:42,421][train.train_nn_models] Found a better model at epoch 130.
[ 2022-08-25 13:55:42,771][train.train_nn_models] [Training] Epoch=131, loss=1051.8329, nll=1051.8329, l2_reg=0.0000, acc=0.1871
[ 2022-08-25 13:55:42,771][train.train_nn_models] [Validation] Epoch=131, nll=1053.1860, acc=0.1827
[ 2022-08-25 13:55:42,771][train.train_nn_models] Found a better model at epoch 131.
[ 2022-08-25 13:55:43,108][train.train_nn_models] [Training] Epoch=132, loss=1051.8243, nll=1051.8243, l2_reg=0.0000, acc=0.1872
[ 2022-08-25 13:55:43,108][train.train_nn_models] [Validation] Epoch=132, nll=1053.1797, acc=0.1825
[ 2022-08-25 13:55:43,108][train.train_nn_models] Found a better model at epoch 132.
[ 2022-08-25 13:55:43,470][train.train_nn_models] [Training] Epoch=133, loss=1051.8162, nll=1051.8162, l2_reg=0.0000, acc=0.1873
[ 2022-08-25 13:55:43,470][train.train_nn_models] [Validation] Epoch=133, nll=1053.1733, acc=0.1825
[ 2022-08-25 13:55:43,470][train.train_nn_models] Found a better model at epoch 133.
[ 2022-08-25 13:55:43,826][train.train_nn_models] [Training] Epoch=134, loss=1051.8079, nll=1051.8079, l2_reg=0.0000, acc=0.1874
[ 2022-08-25 13:55:43,826][train.train_nn_models] [Validation] Epoch=134, nll=1053.1670, acc=0.1827
[ 2022-08-25 13:55:43,826][train.train_nn_models] Found a better model at epoch 134.
[ 2022-08-25 13:55:44,160][train.train_nn_models] [Training] Epoch=135, loss=1051.7996, nll=1051.7996, l2_reg=0.0000, acc=0.1876
[ 2022-08-25 13:55:44,161][train.train_nn_models] [Validation] Epoch=135, nll=1053.1603, acc=0.1832
[ 2022-08-25 13:55:44,161][train.train_nn_models] Found a better model at epoch 135.
[ 2022-08-25 13:55:44,478][train.train_nn_models] [Training] Epoch=136, loss=1051.7911, nll=1051.7911, l2_reg=0.0000, acc=0.1876
[ 2022-08-25 13:55:44,478][train.train_nn_models] [Validation] Epoch=136, nll=1053.1536, acc=0.1834
[ 2022-08-25 13:55:44,478][train.train_nn_models] Found a better model at epoch 136.
[ 2022-08-25 13:55:44,816][train.train_nn_models] [Training] Epoch=137, loss=1051.7827, nll=1051.7827, l2_reg=0.0000, acc=0.1877
[ 2022-08-25 13:55:44,816][train.train_nn_models] [Validation] Epoch=137, nll=1053.1465, acc=0.1825
[ 2022-08-25 13:55:44,816][train.train_nn_models] Found a better model at epoch 137.
[ 2022-08-25 13:55:45,198][train.train_nn_models] [Training] Epoch=138, loss=1051.7743, nll=1051.7743, l2_reg=0.0000, acc=0.1880
[ 2022-08-25 13:55:45,198][train.train_nn_models] [Validation] Epoch=138, nll=1053.1398, acc=0.1827
[ 2022-08-25 13:55:45,198][train.train_nn_models] Found a better model at epoch 138.
[ 2022-08-25 13:55:45,550][train.train_nn_models] [Training] Epoch=139, loss=1051.7660, nll=1051.7660, l2_reg=0.0000, acc=0.1881
[ 2022-08-25 13:55:45,550][train.train_nn_models] [Validation] Epoch=139, nll=1053.1331, acc=0.1830
[ 2022-08-25 13:55:45,550][train.train_nn_models] Found a better model at epoch 139.
[ 2022-08-25 13:55:45,852][train.train_nn_models] [Training] Epoch=140, loss=1051.7577, nll=1051.7577, l2_reg=0.0000, acc=0.1883
[ 2022-08-25 13:55:45,852][train.train_nn_models] [Validation] Epoch=140, nll=1053.1262, acc=0.1825
[ 2022-08-25 13:55:45,852][train.train_nn_models] Found a better model at epoch 140.
[ 2022-08-25 13:55:46,197][train.train_nn_models] [Training] Epoch=141, loss=1051.7493, nll=1051.7493, l2_reg=0.0000, acc=0.1884
[ 2022-08-25 13:55:46,197][train.train_nn_models] [Validation] Epoch=141, nll=1053.1194, acc=0.1823
[ 2022-08-25 13:55:46,197][train.train_nn_models] Found a better model at epoch 141.
[ 2022-08-25 13:55:46,615][train.train_nn_models] [Training] Epoch=142, loss=1051.7410, nll=1051.7410, l2_reg=0.0000, acc=0.1886
[ 2022-08-25 13:55:46,615][train.train_nn_models] [Validation] Epoch=142, nll=1053.1128, acc=0.1825
[ 2022-08-25 13:55:46,616][train.train_nn_models] Found a better model at epoch 142.
[ 2022-08-25 13:55:47,033][train.train_nn_models] [Training] Epoch=143, loss=1051.7327, nll=1051.7327, l2_reg=0.0000, acc=0.1886
[ 2022-08-25 13:55:47,034][train.train_nn_models] [Validation] Epoch=143, nll=1053.1056, acc=0.1825
[ 2022-08-25 13:55:47,034][train.train_nn_models] Found a better model at epoch 143.
[ 2022-08-25 13:55:47,396][train.train_nn_models] [Training] Epoch=144, loss=1051.7241, nll=1051.7241, l2_reg=0.0000, acc=0.1887
[ 2022-08-25 13:55:47,396][train.train_nn_models] [Validation] Epoch=144, nll=1053.0984, acc=0.1821
[ 2022-08-25 13:55:47,396][train.train_nn_models] Found a better model at epoch 144.
[ 2022-08-25 13:55:47,747][train.train_nn_models] [Training] Epoch=145, loss=1051.7157, nll=1051.7157, l2_reg=0.0000, acc=0.1887
[ 2022-08-25 13:55:47,747][train.train_nn_models] [Validation] Epoch=145, nll=1053.0913, acc=0.1821
[ 2022-08-25 13:55:47,747][train.train_nn_models] Found a better model at epoch 145.
[ 2022-08-25 13:55:48,098][train.train_nn_models] [Training] Epoch=146, loss=1051.7073, nll=1051.7073, l2_reg=0.0000, acc=0.1888
[ 2022-08-25 13:55:48,099][train.train_nn_models] [Validation] Epoch=146, nll=1053.0840, acc=0.1821
[ 2022-08-25 13:55:48,099][train.train_nn_models] Found a better model at epoch 146.
[ 2022-08-25 13:55:48,465][train.train_nn_models] [Training] Epoch=147, loss=1051.6987, nll=1051.6987, l2_reg=0.0000, acc=0.1889
[ 2022-08-25 13:55:48,465][train.train_nn_models] [Validation] Epoch=147, nll=1053.0764, acc=0.1821
[ 2022-08-25 13:55:48,465][train.train_nn_models] Found a better model at epoch 147.
[ 2022-08-25 13:55:48,809][train.train_nn_models] [Training] Epoch=148, loss=1051.6902, nll=1051.6902, l2_reg=0.0000, acc=0.1891
[ 2022-08-25 13:55:48,810][train.train_nn_models] [Validation] Epoch=148, nll=1053.0688, acc=0.1821
[ 2022-08-25 13:55:48,810][train.train_nn_models] Found a better model at epoch 148.
[ 2022-08-25 13:55:49,262][train.train_nn_models] [Training] Epoch=149, loss=1051.6815, nll=1051.6815, l2_reg=0.0000, acc=0.1891
[ 2022-08-25 13:55:49,264][train.train_nn_models] [Validation] Epoch=149, nll=1053.0614, acc=0.1819
[ 2022-08-25 13:55:49,264][train.train_nn_models] Found a better model at epoch 149.
[ 2022-08-25 13:55:49,588][train.train_nn_models] [Training] Epoch=150, loss=1051.6732, nll=1051.6732, l2_reg=0.0000, acc=0.1890
[ 2022-08-25 13:55:49,588][train.train_nn_models] [Validation] Epoch=150, nll=1053.0542, acc=0.1821
[ 2022-08-25 13:55:49,588][train.train_nn_models] Found a better model at epoch 150.
[ 2022-08-25 13:55:49,901][train.train_nn_models] [Training] Epoch=151, loss=1051.6648, nll=1051.6648, l2_reg=0.0000, acc=0.1891
[ 2022-08-25 13:55:49,901][train.train_nn_models] [Validation] Epoch=151, nll=1053.0474, acc=0.1823
[ 2022-08-25 13:55:49,901][train.train_nn_models] Found a better model at epoch 151.
[ 2022-08-25 13:55:50,273][train.train_nn_models] [Training] Epoch=152, loss=1051.6567, nll=1051.6567, l2_reg=0.0000, acc=0.1891
[ 2022-08-25 13:55:50,273][train.train_nn_models] [Validation] Epoch=152, nll=1053.0404, acc=0.1825
[ 2022-08-25 13:55:50,273][train.train_nn_models] Found a better model at epoch 152.
[ 2022-08-25 13:55:50,729][train.train_nn_models] [Training] Epoch=153, loss=1051.6489, nll=1051.6489, l2_reg=0.0000, acc=0.1893
[ 2022-08-25 13:55:50,729][train.train_nn_models] [Validation] Epoch=153, nll=1053.0337, acc=0.1832
[ 2022-08-25 13:55:50,729][train.train_nn_models] Found a better model at epoch 153.
[ 2022-08-25 13:55:51,038][train.train_nn_models] [Training] Epoch=154, loss=1051.6411, nll=1051.6411, l2_reg=0.0000, acc=0.1891
[ 2022-08-25 13:55:51,038][train.train_nn_models] [Validation] Epoch=154, nll=1053.0270, acc=0.1834
[ 2022-08-25 13:55:51,038][train.train_nn_models] Found a better model at epoch 154.
[ 2022-08-25 13:55:51,379][train.train_nn_models] [Training] Epoch=155, loss=1051.6334, nll=1051.6334, l2_reg=0.0000, acc=0.1892
[ 2022-08-25 13:55:51,379][train.train_nn_models] [Validation] Epoch=155, nll=1053.0209, acc=0.1834
[ 2022-08-25 13:55:51,379][train.train_nn_models] Found a better model at epoch 155.
[ 2022-08-25 13:55:51,715][train.train_nn_models] [Training] Epoch=156, loss=1051.6256, nll=1051.6256, l2_reg=0.0000, acc=0.1893
[ 2022-08-25 13:55:51,715][train.train_nn_models] [Validation] Epoch=156, nll=1053.0148, acc=0.1834
[ 2022-08-25 13:55:51,715][train.train_nn_models] Found a better model at epoch 156.
[ 2022-08-25 13:55:52,118][train.train_nn_models] [Training] Epoch=157, loss=1051.6183, nll=1051.6183, l2_reg=0.0000, acc=0.1893
[ 2022-08-25 13:55:52,118][train.train_nn_models] [Validation] Epoch=157, nll=1053.0092, acc=0.1834
[ 2022-08-25 13:55:52,118][train.train_nn_models] Found a better model at epoch 157.
[ 2022-08-25 13:55:52,478][train.train_nn_models] [Training] Epoch=158, loss=1051.6110, nll=1051.6110, l2_reg=0.0000, acc=0.1893
[ 2022-08-25 13:55:52,478][train.train_nn_models] [Validation] Epoch=158, nll=1053.0034, acc=0.1830
[ 2022-08-25 13:55:52,478][train.train_nn_models] Found a better model at epoch 158.
[ 2022-08-25 13:55:52,825][train.train_nn_models] [Training] Epoch=159, loss=1051.6038, nll=1051.6038, l2_reg=0.0000, acc=0.1892
[ 2022-08-25 13:55:52,826][train.train_nn_models] [Validation] Epoch=159, nll=1052.9985, acc=0.1827
[ 2022-08-25 13:55:52,826][train.train_nn_models] Found a better model at epoch 159.
[ 2022-08-25 13:55:53,196][train.train_nn_models] [Training] Epoch=160, loss=1051.5968, nll=1051.5968, l2_reg=0.0000, acc=0.1894
[ 2022-08-25 13:55:53,197][train.train_nn_models] [Validation] Epoch=160, nll=1052.9933, acc=0.1827
[ 2022-08-25 13:55:53,197][train.train_nn_models] Found a better model at epoch 160.
[ 2022-08-25 13:55:53,527][train.train_nn_models] [Training] Epoch=161, loss=1051.5898, nll=1051.5898, l2_reg=0.0000, acc=0.1891
[ 2022-08-25 13:55:53,528][train.train_nn_models] [Validation] Epoch=161, nll=1052.9889, acc=0.1825
[ 2022-08-25 13:55:53,528][train.train_nn_models] Found a better model at epoch 161.
[ 2022-08-25 13:55:53,851][train.train_nn_models] [Training] Epoch=162, loss=1051.5831, nll=1051.5831, l2_reg=0.0000, acc=0.1890
[ 2022-08-25 13:55:53,852][train.train_nn_models] [Validation] Epoch=162, nll=1052.9844, acc=0.1827
[ 2022-08-25 13:55:53,852][train.train_nn_models] Found a better model at epoch 162.
[ 2022-08-25 13:55:54,195][train.train_nn_models] [Training] Epoch=163, loss=1051.5764, nll=1051.5764, l2_reg=0.0000, acc=0.1888
[ 2022-08-25 13:55:54,195][train.train_nn_models] [Validation] Epoch=163, nll=1052.9807, acc=0.1827
[ 2022-08-25 13:55:54,195][train.train_nn_models] Found a better model at epoch 163.
[ 2022-08-25 13:55:54,607][train.train_nn_models] [Training] Epoch=164, loss=1051.5697, nll=1051.5697, l2_reg=0.0000, acc=0.1888
[ 2022-08-25 13:55:54,608][train.train_nn_models] [Validation] Epoch=164, nll=1052.9768, acc=0.1830
[ 2022-08-25 13:55:54,608][train.train_nn_models] Found a better model at epoch 164.
[ 2022-08-25 13:55:54,935][train.train_nn_models] [Training] Epoch=165, loss=1051.5631, nll=1051.5631, l2_reg=0.0000, acc=0.1889
[ 2022-08-25 13:55:54,936][train.train_nn_models] [Validation] Epoch=165, nll=1052.9731, acc=0.1834
[ 2022-08-25 13:55:54,936][train.train_nn_models] Found a better model at epoch 165.
[ 2022-08-25 13:55:55,266][train.train_nn_models] [Training] Epoch=166, loss=1051.5562, nll=1051.5562, l2_reg=0.0000, acc=0.1889
[ 2022-08-25 13:55:55,267][train.train_nn_models] [Validation] Epoch=166, nll=1052.9695, acc=0.1840
[ 2022-08-25 13:55:55,267][train.train_nn_models] Found a better model at epoch 166.
[ 2022-08-25 13:55:55,590][train.train_nn_models] [Training] Epoch=167, loss=1051.5496, nll=1051.5496, l2_reg=0.0000, acc=0.1888
[ 2022-08-25 13:55:55,590][train.train_nn_models] [Validation] Epoch=167, nll=1052.9662, acc=0.1842
[ 2022-08-25 13:55:55,590][train.train_nn_models] Found a better model at epoch 167.
[ 2022-08-25 13:55:55,930][train.train_nn_models] [Training] Epoch=168, loss=1051.5428, nll=1051.5428, l2_reg=0.0000, acc=0.1887
[ 2022-08-25 13:55:55,930][train.train_nn_models] [Validation] Epoch=168, nll=1052.9629, acc=0.1844
[ 2022-08-25 13:55:55,930][train.train_nn_models] Found a better model at epoch 168.
[ 2022-08-25 13:55:56,313][train.train_nn_models] [Training] Epoch=169, loss=1051.5361, nll=1051.5361, l2_reg=0.0000, acc=0.1888
[ 2022-08-25 13:55:56,313][train.train_nn_models] [Validation] Epoch=169, nll=1052.9601, acc=0.1844
[ 2022-08-25 13:55:56,313][train.train_nn_models] Found a better model at epoch 169.
[ 2022-08-25 13:55:56,756][train.train_nn_models] [Training] Epoch=170, loss=1051.5295, nll=1051.5295, l2_reg=0.0000, acc=0.1887
[ 2022-08-25 13:55:56,757][train.train_nn_models] [Validation] Epoch=170, nll=1052.9575, acc=0.1848
[ 2022-08-25 13:55:56,757][train.train_nn_models] Found a better model at epoch 170.
[ 2022-08-25 13:55:57,201][train.train_nn_models] [Training] Epoch=171, loss=1051.5228, nll=1051.5228, l2_reg=0.0000, acc=0.1888
[ 2022-08-25 13:55:57,201][train.train_nn_models] [Validation] Epoch=171, nll=1052.9553, acc=0.1848
[ 2022-08-25 13:55:57,201][train.train_nn_models] Found a better model at epoch 171.
[ 2022-08-25 13:55:57,557][train.train_nn_models] [Training] Epoch=172, loss=1051.5162, nll=1051.5162, l2_reg=0.0000, acc=0.1887
[ 2022-08-25 13:55:57,558][train.train_nn_models] [Validation] Epoch=172, nll=1052.9529, acc=0.1848
[ 2022-08-25 13:55:57,558][train.train_nn_models] Found a better model at epoch 172.
[ 2022-08-25 13:55:57,897][train.train_nn_models] [Training] Epoch=173, loss=1051.5095, nll=1051.5095, l2_reg=0.0000, acc=0.1889
[ 2022-08-25 13:55:57,897][train.train_nn_models] [Validation] Epoch=173, nll=1052.9507, acc=0.1850
[ 2022-08-25 13:55:57,897][train.train_nn_models] Found a better model at epoch 173.
[ 2022-08-25 13:55:58,220][train.train_nn_models] [Training] Epoch=174, loss=1051.5032, nll=1051.5032, l2_reg=0.0000, acc=0.1888
[ 2022-08-25 13:55:58,220][train.train_nn_models] [Validation] Epoch=174, nll=1052.9486, acc=0.1848
[ 2022-08-25 13:55:58,220][train.train_nn_models] Found a better model at epoch 174.
[ 2022-08-25 13:55:58,573][train.train_nn_models] [Training] Epoch=175, loss=1051.4965, nll=1051.4965, l2_reg=0.0000, acc=0.1886
[ 2022-08-25 13:55:58,574][train.train_nn_models] [Validation] Epoch=175, nll=1052.9463, acc=0.1852
[ 2022-08-25 13:55:58,574][train.train_nn_models] Found a better model at epoch 175.
[ 2022-08-25 13:55:58,923][train.train_nn_models] [Training] Epoch=176, loss=1051.4897, nll=1051.4897, l2_reg=0.0000, acc=0.1888
[ 2022-08-25 13:55:58,924][train.train_nn_models] [Validation] Epoch=176, nll=1052.9443, acc=0.1854
[ 2022-08-25 13:55:58,924][train.train_nn_models] Found a better model at epoch 176.
[ 2022-08-25 13:55:59,348][train.train_nn_models] [Training] Epoch=177, loss=1051.4832, nll=1051.4832, l2_reg=0.0000, acc=0.1887
[ 2022-08-25 13:55:59,349][train.train_nn_models] [Validation] Epoch=177, nll=1052.9423, acc=0.1856
[ 2022-08-25 13:55:59,349][train.train_nn_models] Found a better model at epoch 177.
[ 2022-08-25 13:55:59,725][train.train_nn_models] [Training] Epoch=178, loss=1051.4764, nll=1051.4764, l2_reg=0.0000, acc=0.1887
[ 2022-08-25 13:55:59,725][train.train_nn_models] [Validation] Epoch=178, nll=1052.9403, acc=0.1856
[ 2022-08-25 13:55:59,725][train.train_nn_models] Found a better model at epoch 178.
[ 2022-08-25 13:56:00,051][train.train_nn_models] [Training] Epoch=179, loss=1051.4701, nll=1051.4701, l2_reg=0.0000, acc=0.1887
[ 2022-08-25 13:56:00,051][train.train_nn_models] [Validation] Epoch=179, nll=1052.9386, acc=0.1856
[ 2022-08-25 13:56:00,051][train.train_nn_models] Found a better model at epoch 179.
[ 2022-08-25 13:56:00,379][train.train_nn_models] [Training] Epoch=180, loss=1051.4635, nll=1051.4635, l2_reg=0.0000, acc=0.1889
[ 2022-08-25 13:56:00,379][train.train_nn_models] [Validation] Epoch=180, nll=1052.9369, acc=0.1856
[ 2022-08-25 13:56:00,379][train.train_nn_models] Found a better model at epoch 180.
[ 2022-08-25 13:56:00,702][train.train_nn_models] [Training] Epoch=181, loss=1051.4569, nll=1051.4569, l2_reg=0.0000, acc=0.1890
[ 2022-08-25 13:56:00,702][train.train_nn_models] [Validation] Epoch=181, nll=1052.9351, acc=0.1856
[ 2022-08-25 13:56:00,703][train.train_nn_models] Found a better model at epoch 181.
[ 2022-08-25 13:56:01,018][train.train_nn_models] [Training] Epoch=182, loss=1051.4503, nll=1051.4503, l2_reg=0.0000, acc=0.1890
[ 2022-08-25 13:56:01,019][train.train_nn_models] [Validation] Epoch=182, nll=1052.9332, acc=0.1858
[ 2022-08-25 13:56:01,019][train.train_nn_models] Found a better model at epoch 182.
[ 2022-08-25 13:56:01,335][train.train_nn_models] [Training] Epoch=183, loss=1051.4437, nll=1051.4437, l2_reg=0.0000, acc=0.1890
[ 2022-08-25 13:56:01,335][train.train_nn_models] [Validation] Epoch=183, nll=1052.9319, acc=0.1862
[ 2022-08-25 13:56:01,335][train.train_nn_models] Found a better model at epoch 183.
[ 2022-08-25 13:56:01,675][train.train_nn_models] [Training] Epoch=184, loss=1051.4373, nll=1051.4373, l2_reg=0.0000, acc=0.1890
[ 2022-08-25 13:56:01,675][train.train_nn_models] [Validation] Epoch=184, nll=1052.9303, acc=0.1864
[ 2022-08-25 13:56:01,675][train.train_nn_models] Found a better model at epoch 184.
[ 2022-08-25 13:56:02,013][train.train_nn_models] [Training] Epoch=185, loss=1051.4307, nll=1051.4307, l2_reg=0.0000, acc=0.1892
[ 2022-08-25 13:56:02,013][train.train_nn_models] [Validation] Epoch=185, nll=1052.9290, acc=0.1866
[ 2022-08-25 13:56:02,013][train.train_nn_models] Found a better model at epoch 185.
[ 2022-08-25 13:56:02,348][train.train_nn_models] [Training] Epoch=186, loss=1051.4242, nll=1051.4242, l2_reg=0.0000, acc=0.1892
[ 2022-08-25 13:56:02,348][train.train_nn_models] [Validation] Epoch=186, nll=1052.9277, acc=0.1866
[ 2022-08-25 13:56:02,348][train.train_nn_models] Found a better model at epoch 186.
[ 2022-08-25 13:56:02,694][train.train_nn_models] [Training] Epoch=187, loss=1051.4178, nll=1051.4178, l2_reg=0.0000, acc=0.1890
[ 2022-08-25 13:56:02,695][train.train_nn_models] [Validation] Epoch=187, nll=1052.9265, acc=0.1871
[ 2022-08-25 13:56:02,695][train.train_nn_models] Found a better model at epoch 187.
[ 2022-08-25 13:56:03,166][train.train_nn_models] [Training] Epoch=188, loss=1051.4113, nll=1051.4113, l2_reg=0.0000, acc=0.1891
[ 2022-08-25 13:56:03,167][train.train_nn_models] [Validation] Epoch=188, nll=1052.9253, acc=0.1873
[ 2022-08-25 13:56:03,167][train.train_nn_models] Found a better model at epoch 188.
[ 2022-08-25 13:56:03,647][train.train_nn_models] [Training] Epoch=189, loss=1051.4050, nll=1051.4050, l2_reg=0.0000, acc=0.1891
[ 2022-08-25 13:56:03,647][train.train_nn_models] [Validation] Epoch=189, nll=1052.9243, acc=0.1875
[ 2022-08-25 13:56:03,647][train.train_nn_models] Found a better model at epoch 189.
[ 2022-08-25 13:56:04,009][train.train_nn_models] [Training] Epoch=190, loss=1051.3987, nll=1051.3987, l2_reg=0.0000, acc=0.1891
[ 2022-08-25 13:56:04,009][train.train_nn_models] [Validation] Epoch=190, nll=1052.9233, acc=0.1871
[ 2022-08-25 13:56:04,009][train.train_nn_models] Found a better model at epoch 190.
[ 2022-08-25 13:56:04,346][train.train_nn_models] [Training] Epoch=191, loss=1051.3925, nll=1051.3925, l2_reg=0.0000, acc=0.1889
[ 2022-08-25 13:56:04,346][train.train_nn_models] [Validation] Epoch=191, nll=1052.9227, acc=0.1871
[ 2022-08-25 13:56:04,346][train.train_nn_models] Found a better model at epoch 191.
[ 2022-08-25 13:56:04,665][train.train_nn_models] [Training] Epoch=192, loss=1051.3865, nll=1051.3865, l2_reg=0.0000, acc=0.1890
[ 2022-08-25 13:56:04,665][train.train_nn_models] [Validation] Epoch=192, nll=1052.9221, acc=0.1871
[ 2022-08-25 13:56:04,665][train.train_nn_models] Found a better model at epoch 192.
[ 2022-08-25 13:56:05,020][train.train_nn_models] [Training] Epoch=193, loss=1051.3801, nll=1051.3801, l2_reg=0.0000, acc=0.1890
[ 2022-08-25 13:56:05,021][train.train_nn_models] [Validation] Epoch=193, nll=1052.9213, acc=0.1868
[ 2022-08-25 13:56:05,021][train.train_nn_models] Found a better model at epoch 193.
[ 2022-08-25 13:56:05,384][train.train_nn_models] [Training] Epoch=194, loss=1051.3740, nll=1051.3740, l2_reg=0.0000, acc=0.1891
[ 2022-08-25 13:56:05,384][train.train_nn_models] [Validation] Epoch=194, nll=1052.9204, acc=0.1873
[ 2022-08-25 13:56:05,384][train.train_nn_models] Found a better model at epoch 194.
[ 2022-08-25 13:56:05,712][train.train_nn_models] [Training] Epoch=195, loss=1051.3678, nll=1051.3678, l2_reg=0.0000, acc=0.1892
[ 2022-08-25 13:56:05,712][train.train_nn_models] [Validation] Epoch=195, nll=1052.9194, acc=0.1873
[ 2022-08-25 13:56:05,712][train.train_nn_models] Found a better model at epoch 195.
[ 2022-08-25 13:56:06,079][train.train_nn_models] [Training] Epoch=196, loss=1051.3618, nll=1051.3618, l2_reg=0.0000, acc=0.1892
[ 2022-08-25 13:56:06,079][train.train_nn_models] [Validation] Epoch=196, nll=1052.9191, acc=0.1877
[ 2022-08-25 13:56:06,079][train.train_nn_models] Found a better model at epoch 196.
[ 2022-08-25 13:56:06,406][train.train_nn_models] [Training] Epoch=197, loss=1051.3555, nll=1051.3555, l2_reg=0.0000, acc=0.1892
[ 2022-08-25 13:56:06,406][train.train_nn_models] [Validation] Epoch=197, nll=1052.9183, acc=0.1879
[ 2022-08-25 13:56:06,406][train.train_nn_models] Found a better model at epoch 197.
[ 2022-08-25 13:56:06,720][train.train_nn_models] [Training] Epoch=198, loss=1051.3496, nll=1051.3496, l2_reg=0.0000, acc=0.1890
[ 2022-08-25 13:56:06,721][train.train_nn_models] [Validation] Epoch=198, nll=1052.9177, acc=0.1883
[ 2022-08-25 13:56:06,721][train.train_nn_models] Found a better model at epoch 198.
[ 2022-08-25 13:56:07,041][train.train_nn_models] [Training] Epoch=199, loss=1051.3435, nll=1051.3435, l2_reg=0.0000, acc=0.1890
[ 2022-08-25 13:56:07,042][train.train_nn_models] [Validation] Epoch=199, nll=1052.9178, acc=0.1891
[ 2022-08-25 13:56:07,089][train.eval_nll] [Test]nll=1009.8875, acc=0.1919
[ 2022-08-25 13:59:00,134][train.<module>]                    timestamp  ...                                             config
0 2022-08-25 13:59:00.110426  ...  {'model': 'Tran', 'dataset': 'pgem-1K-15', 'in...
1 2022-08-25 13:59:00.110426  ...  {'model': 'Tran', 'dataset': 'pgem-1K-15', 'in...
2 2022-08-25 13:59:00.110426  ...  {'model': 'Tran', 'dataset': 'pgem-1K-15', 'in...
3 2022-08-25 13:59:00.110426  ...  {'model': 'Tran', 'dataset': 'pgem-1K-15', 'in...
4 2022-08-25 13:59:00.110426  ...  {'model': 'Tran', 'dataset': 'pgem-1K-15', 'in...
5 2022-08-25 13:59:00.110426  ...  {'model': 'Tran', 'dataset': 'pgem-1K-15', 'in...

[6 rows x 7 columns]
