[ 2022-08-31 11:31:51,849][train_tran.<module>] Namespace(attr_batch_size=0, basis_type='dyadic', batch_size=64, bucket_seqs=False, cuda=True, dataset='pgem-1K-15', dropout=0.0, embedding_dim=64, epochs=250, hidden_size=64, input_dir='data/input', l2_reg=0, lr=0.0008, max_mean=20.0, model='Tran', n_bases=7, num_workers=0, occurred_type_only=False, optimizer='Adam', output_dir='data/output', rand_seed=1, skip_eval_infectivity=False, skip_pred_next_event=False, split_id=3, steps=50, tran_head=1, tran_layer=3, tune_metric='nll', verbose=False)
[ 2022-08-31 11:31:54,917][train_tran.train_nn_models] [Training] Epoch=0, loss=23643.8027, nll=23643.8027, l2_reg=0.0000, acc=0.0430
[ 2022-08-31 11:31:54,918][train_tran.train_nn_models] [Validation] Epoch=0, nll=13118.3965, acc=0.0261
[ 2022-08-31 11:31:57,773][train_tran.train_nn_models] [Training] Epoch=1, loss=7813.0210, nll=7813.0210, l2_reg=0.0000, acc=0.0235
[ 2022-08-31 11:31:57,774][train_tran.train_nn_models] [Validation] Epoch=1, nll=2868.9653, acc=0.0220
[ 2022-08-31 11:32:00,645][train_tran.train_nn_models] [Training] Epoch=2, loss=1932.1010, nll=1932.1010, l2_reg=0.0000, acc=0.0231
[ 2022-08-31 11:32:00,646][train_tran.train_nn_models] [Validation] Epoch=2, nll=1411.9105, acc=0.0491
[ 2022-08-31 11:32:03,231][train_tran.train_nn_models] [Training] Epoch=3, loss=1379.2971, nll=1379.2971, l2_reg=0.0000, acc=0.1186
[ 2022-08-31 11:32:03,231][train_tran.train_nn_models] [Validation] Epoch=3, nll=1308.7739, acc=0.1773
[ 2022-08-31 11:32:05,847][train_tran.train_nn_models] [Training] Epoch=4, loss=1305.8571, nll=1305.8571, l2_reg=0.0000, acc=0.1751
[ 2022-08-31 11:32:05,848][train_tran.train_nn_models] [Validation] Epoch=4, nll=1263.9312, acc=0.1846
[ 2022-08-31 11:32:08,492][train_tran.train_nn_models] [Training] Epoch=5, loss=1261.1350, nll=1261.1350, l2_reg=0.0000, acc=0.1801
[ 2022-08-31 11:32:08,492][train_tran.train_nn_models] [Validation] Epoch=5, nll=1235.1039, acc=0.1891
[ 2022-08-31 11:32:11,118][train_tran.train_nn_models] [Training] Epoch=6, loss=1242.5837, nll=1242.5837, l2_reg=0.0000, acc=0.1878
[ 2022-08-31 11:32:11,118][train_tran.train_nn_models] [Validation] Epoch=6, nll=1226.8082, acc=0.1917
[ 2022-08-31 11:32:13,715][train_tran.train_nn_models] [Training] Epoch=7, loss=1236.8630, nll=1236.8630, l2_reg=0.0000, acc=0.1877
[ 2022-08-31 11:32:13,715][train_tran.train_nn_models] [Validation] Epoch=7, nll=1222.9791, acc=0.1870
[ 2022-08-31 11:32:16,290][train_tran.train_nn_models] [Training] Epoch=8, loss=1233.5410, nll=1233.5410, l2_reg=0.0000, acc=0.1862
[ 2022-08-31 11:32:16,290][train_tran.train_nn_models] [Validation] Epoch=8, nll=1220.5310, acc=0.1876
[ 2022-08-31 11:32:18,945][train_tran.train_nn_models] [Training] Epoch=9, loss=1231.3317, nll=1231.3317, l2_reg=0.0000, acc=0.1871
[ 2022-08-31 11:32:18,946][train_tran.train_nn_models] [Validation] Epoch=9, nll=1218.6876, acc=0.1908
[ 2022-08-31 11:32:21,546][train_tran.train_nn_models] [Training] Epoch=10, loss=1229.6147, nll=1229.6147, l2_reg=0.0000, acc=0.1873
[ 2022-08-31 11:32:21,546][train_tran.train_nn_models] [Validation] Epoch=10, nll=1217.1904, acc=0.1918
[ 2022-08-31 11:32:24,134][train_tran.train_nn_models] [Training] Epoch=11, loss=1228.2673, nll=1228.2673, l2_reg=0.0000, acc=0.1868
[ 2022-08-31 11:32:24,135][train_tran.train_nn_models] [Validation] Epoch=11, nll=1216.0367, acc=0.1905
[ 2022-08-31 11:32:26,722][train_tran.train_nn_models] [Training] Epoch=12, loss=1227.1796, nll=1227.1796, l2_reg=0.0000, acc=0.1869
[ 2022-08-31 11:32:26,722][train_tran.train_nn_models] [Validation] Epoch=12, nll=1215.1748, acc=0.1907
[ 2022-08-31 11:32:29,294][train_tran.train_nn_models] [Training] Epoch=13, loss=1226.3699, nll=1226.3699, l2_reg=0.0000, acc=0.1869
[ 2022-08-31 11:32:29,294][train_tran.train_nn_models] [Validation] Epoch=13, nll=1214.4231, acc=0.1896
[ 2022-08-31 11:32:32,011][train_tran.train_nn_models] [Training] Epoch=14, loss=1225.7479, nll=1225.7479, l2_reg=0.0000, acc=0.1869
[ 2022-08-31 11:32:32,012][train_tran.train_nn_models] [Validation] Epoch=14, nll=1213.8290, acc=0.1893
[ 2022-08-31 11:32:34,645][train_tran.train_nn_models] [Training] Epoch=15, loss=1225.2284, nll=1225.2284, l2_reg=0.0000, acc=0.1868
[ 2022-08-31 11:32:34,646][train_tran.train_nn_models] [Validation] Epoch=15, nll=1213.3901, acc=0.1888
[ 2022-08-31 11:32:37,324][train_tran.train_nn_models] [Training] Epoch=16, loss=1224.8010, nll=1224.8010, l2_reg=0.0000, acc=0.1869
[ 2022-08-31 11:32:37,325][train_tran.train_nn_models] [Validation] Epoch=16, nll=1212.9901, acc=0.1891
[ 2022-08-31 11:32:40,086][train_tran.train_nn_models] [Training] Epoch=17, loss=1224.4426, nll=1224.4426, l2_reg=0.0000, acc=0.1871
[ 2022-08-31 11:32:40,086][train_tran.train_nn_models] [Validation] Epoch=17, nll=1212.6647, acc=0.1881
[ 2022-08-31 11:32:42,592][train_tran.train_nn_models] [Training] Epoch=18, loss=1224.1451, nll=1224.1451, l2_reg=0.0000, acc=0.1870
[ 2022-08-31 11:32:42,592][train_tran.train_nn_models] [Validation] Epoch=18, nll=1212.3953, acc=0.1881
[ 2022-08-31 11:32:45,158][train_tran.train_nn_models] [Training] Epoch=19, loss=1223.9019, nll=1223.9019, l2_reg=0.0000, acc=0.1873
[ 2022-08-31 11:32:45,159][train_tran.train_nn_models] [Validation] Epoch=19, nll=1212.1683, acc=0.1885
[ 2022-08-31 11:32:47,823][train_tran.train_nn_models] [Training] Epoch=20, loss=1223.7043, nll=1223.7043, l2_reg=0.0000, acc=0.1875
[ 2022-08-31 11:32:47,824][train_tran.train_nn_models] [Validation] Epoch=20, nll=1211.9823, acc=0.1889
[ 2022-08-31 11:32:50,437][train_tran.train_nn_models] [Training] Epoch=21, loss=1223.5408, nll=1223.5408, l2_reg=0.0000, acc=0.1877
[ 2022-08-31 11:32:50,438][train_tran.train_nn_models] [Validation] Epoch=21, nll=1211.8271, acc=0.1891
[ 2022-08-31 11:32:53,007][train_tran.train_nn_models] [Training] Epoch=22, loss=1223.4044, nll=1223.4044, l2_reg=0.0000, acc=0.1878
[ 2022-08-31 11:32:53,008][train_tran.train_nn_models] [Validation] Epoch=22, nll=1211.6968, acc=0.1891
[ 2022-08-31 11:32:55,602][train_tran.train_nn_models] [Training] Epoch=23, loss=1223.2886, nll=1223.2886, l2_reg=0.0000, acc=0.1875
[ 2022-08-31 11:32:55,602][train_tran.train_nn_models] [Validation] Epoch=23, nll=1211.5859, acc=0.1890
[ 2022-08-31 11:32:58,329][train_tran.train_nn_models] [Training] Epoch=24, loss=1223.1882, nll=1223.1882, l2_reg=0.0000, acc=0.1874
[ 2022-08-31 11:32:58,330][train_tran.train_nn_models] [Validation] Epoch=24, nll=1211.4889, acc=0.1890
[ 2022-08-31 11:33:00,992][train_tran.train_nn_models] [Training] Epoch=25, loss=1223.0999, nll=1223.0999, l2_reg=0.0000, acc=0.1875
[ 2022-08-31 11:33:00,993][train_tran.train_nn_models] [Validation] Epoch=25, nll=1211.4038, acc=0.1887
[ 2022-08-31 11:33:03,728][train_tran.train_nn_models] [Training] Epoch=26, loss=1223.0208, nll=1223.0208, l2_reg=0.0000, acc=0.1874
[ 2022-08-31 11:33:03,728][train_tran.train_nn_models] [Validation] Epoch=26, nll=1211.3276, acc=0.1884
[ 2022-08-31 11:33:06,482][train_tran.train_nn_models] [Training] Epoch=27, loss=1222.9487, nll=1222.9487, l2_reg=0.0000, acc=0.1874
[ 2022-08-31 11:33:06,482][train_tran.train_nn_models] [Validation] Epoch=27, nll=1211.2583, acc=0.1885
[ 2022-08-31 11:33:09,088][train_tran.train_nn_models] [Training] Epoch=28, loss=1222.8826, nll=1222.8826, l2_reg=0.0000, acc=0.1874
[ 2022-08-31 11:33:09,088][train_tran.train_nn_models] [Validation] Epoch=28, nll=1211.1948, acc=0.1886
[ 2022-08-31 11:33:11,622][train_tran.train_nn_models] [Training] Epoch=29, loss=1222.8209, nll=1222.8209, l2_reg=0.0000, acc=0.1875
[ 2022-08-31 11:33:11,623][train_tran.train_nn_models] [Validation] Epoch=29, nll=1211.1364, acc=0.1884
[ 2022-08-31 11:33:14,319][train_tran.train_nn_models] [Training] Epoch=30, loss=1222.7631, nll=1222.7631, l2_reg=0.0000, acc=0.1877
[ 2022-08-31 11:33:14,319][train_tran.train_nn_models] [Validation] Epoch=30, nll=1211.0820, acc=0.1882
[ 2022-08-31 11:33:16,951][train_tran.train_nn_models] [Training] Epoch=31, loss=1222.7079, nll=1222.7079, l2_reg=0.0000, acc=0.1876
[ 2022-08-31 11:33:16,952][train_tran.train_nn_models] [Validation] Epoch=31, nll=1211.0311, acc=0.1877
[ 2022-08-31 11:33:19,516][train_tran.train_nn_models] [Training] Epoch=32, loss=1222.6553, nll=1222.6553, l2_reg=0.0000, acc=0.1875
[ 2022-08-31 11:33:19,516][train_tran.train_nn_models] [Validation] Epoch=32, nll=1210.9833, acc=0.1875
[ 2022-08-31 11:33:22,049][train_tran.train_nn_models] [Training] Epoch=33, loss=1222.6049, nll=1222.6049, l2_reg=0.0000, acc=0.1875
[ 2022-08-31 11:33:22,050][train_tran.train_nn_models] [Validation] Epoch=33, nll=1210.9386, acc=0.1872
[ 2022-08-31 11:33:24,748][train_tran.train_nn_models] [Training] Epoch=34, loss=1222.5564, nll=1222.5564, l2_reg=0.0000, acc=0.1876
[ 2022-08-31 11:33:24,749][train_tran.train_nn_models] [Validation] Epoch=34, nll=1210.8966, acc=0.1866
[ 2022-08-31 11:33:27,303][train_tran.train_nn_models] [Training] Epoch=35, loss=1222.5103, nll=1222.5103, l2_reg=0.0000, acc=0.1876
[ 2022-08-31 11:33:27,304][train_tran.train_nn_models] [Validation] Epoch=35, nll=1210.8568, acc=0.1870
[ 2022-08-31 11:33:29,846][train_tran.train_nn_models] [Training] Epoch=36, loss=1222.4667, nll=1222.4667, l2_reg=0.0000, acc=0.1874
[ 2022-08-31 11:33:29,848][train_tran.train_nn_models] [Validation] Epoch=36, nll=1210.8181, acc=0.1865
[ 2022-08-31 11:33:32,383][train_tran.train_nn_models] [Training] Epoch=37, loss=1222.4247, nll=1222.4247, l2_reg=0.0000, acc=0.1872
[ 2022-08-31 11:33:32,384][train_tran.train_nn_models] [Validation] Epoch=37, nll=1210.7804, acc=0.1868
[ 2022-08-31 11:33:34,972][train_tran.train_nn_models] [Training] Epoch=38, loss=1222.3843, nll=1222.3843, l2_reg=0.0000, acc=0.1874
[ 2022-08-31 11:33:34,972][train_tran.train_nn_models] [Validation] Epoch=38, nll=1210.7433, acc=0.1859
[ 2022-08-31 11:33:37,694][train_tran.train_nn_models] [Training] Epoch=39, loss=1222.3450, nll=1222.3450, l2_reg=0.0000, acc=0.1873
[ 2022-08-31 11:33:37,694][train_tran.train_nn_models] [Validation] Epoch=39, nll=1210.7080, acc=0.1855
[ 2022-08-31 11:33:40,250][train_tran.train_nn_models] [Training] Epoch=40, loss=1222.3066, nll=1222.3066, l2_reg=0.0000, acc=0.1873
[ 2022-08-31 11:33:40,250][train_tran.train_nn_models] [Validation] Epoch=40, nll=1210.6735, acc=0.1851
[ 2022-08-31 11:33:42,822][train_tran.train_nn_models] [Training] Epoch=41, loss=1222.2695, nll=1222.2695, l2_reg=0.0000, acc=0.1873
[ 2022-08-31 11:33:42,823][train_tran.train_nn_models] [Validation] Epoch=41, nll=1210.6398, acc=0.1858
[ 2022-08-31 11:33:45,515][train_tran.train_nn_models] [Training] Epoch=42, loss=1222.2329, nll=1222.2329, l2_reg=0.0000, acc=0.1872
[ 2022-08-31 11:33:45,515][train_tran.train_nn_models] [Validation] Epoch=42, nll=1210.6071, acc=0.1855
[ 2022-08-31 11:33:48,076][train_tran.train_nn_models] [Training] Epoch=43, loss=1222.1974, nll=1222.1974, l2_reg=0.0000, acc=0.1871
[ 2022-08-31 11:33:48,077][train_tran.train_nn_models] [Validation] Epoch=43, nll=1210.5753, acc=0.1855
[ 2022-08-31 11:33:50,676][train_tran.train_nn_models] [Training] Epoch=44, loss=1222.1630, nll=1222.1630, l2_reg=0.0000, acc=0.1873
[ 2022-08-31 11:33:50,677][train_tran.train_nn_models] [Validation] Epoch=44, nll=1210.5446, acc=0.1851
[ 2022-08-31 11:33:53,391][train_tran.train_nn_models] [Training] Epoch=45, loss=1222.1296, nll=1222.1296, l2_reg=0.0000, acc=0.1873
[ 2022-08-31 11:33:53,391][train_tran.train_nn_models] [Validation] Epoch=45, nll=1210.5153, acc=0.1840
[ 2022-08-31 11:33:55,935][train_tran.train_nn_models] [Training] Epoch=46, loss=1222.0973, nll=1222.0973, l2_reg=0.0000, acc=0.1872
[ 2022-08-31 11:33:55,936][train_tran.train_nn_models] [Validation] Epoch=46, nll=1210.4872, acc=0.1836
[ 2022-08-31 11:33:58,575][train_tran.train_nn_models] [Training] Epoch=47, loss=1222.0663, nll=1222.0663, l2_reg=0.0000, acc=0.1873
[ 2022-08-31 11:33:58,576][train_tran.train_nn_models] [Validation] Epoch=47, nll=1210.4603, acc=0.1830
[ 2022-08-31 11:34:01,151][train_tran.train_nn_models] [Training] Epoch=48, loss=1222.0366, nll=1222.0366, l2_reg=0.0000, acc=0.1876
[ 2022-08-31 11:34:01,152][train_tran.train_nn_models] [Validation] Epoch=48, nll=1210.4342, acc=0.1829
[ 2022-08-31 11:34:03,645][train_tran.train_nn_models] [Training] Epoch=49, loss=1222.0079, nll=1222.0079, l2_reg=0.0000, acc=0.1878
[ 2022-08-31 11:34:03,645][train_tran.train_nn_models] [Validation] Epoch=49, nll=1210.4102, acc=0.1837
[ 2022-08-31 11:34:06,240][train_tran.train_nn_models] [Training] Epoch=50, loss=1221.9807, nll=1221.9807, l2_reg=0.0000, acc=0.1878
[ 2022-08-31 11:34:06,241][train_tran.train_nn_models] [Validation] Epoch=50, nll=1210.3871, acc=0.1838
[ 2022-08-31 11:34:08,902][train_tran.train_nn_models] [Training] Epoch=51, loss=1221.9541, nll=1221.9541, l2_reg=0.0000, acc=0.1879
[ 2022-08-31 11:34:08,903][train_tran.train_nn_models] [Validation] Epoch=51, nll=1210.3654, acc=0.1841
[ 2022-08-31 11:34:11,500][train_tran.train_nn_models] [Training] Epoch=52, loss=1221.9290, nll=1221.9290, l2_reg=0.0000, acc=0.1878
[ 2022-08-31 11:34:11,500][train_tran.train_nn_models] [Validation] Epoch=52, nll=1210.3448, acc=0.1845
[ 2022-08-31 11:34:14,038][train_tran.train_nn_models] [Training] Epoch=53, loss=1221.9047, nll=1221.9047, l2_reg=0.0000, acc=0.1877
[ 2022-08-31 11:34:14,038][train_tran.train_nn_models] [Validation] Epoch=53, nll=1210.3254, acc=0.1847
[ 2022-08-31 11:34:16,659][train_tran.train_nn_models] [Training] Epoch=54, loss=1221.8812, nll=1221.8812, l2_reg=0.0000, acc=0.1875
[ 2022-08-31 11:34:16,659][train_tran.train_nn_models] [Validation] Epoch=54, nll=1210.3074, acc=0.1847
[ 2022-08-31 11:34:19,150][train_tran.train_nn_models] [Training] Epoch=55, loss=1221.8585, nll=1221.8585, l2_reg=0.0000, acc=0.1874
[ 2022-08-31 11:34:19,151][train_tran.train_nn_models] [Validation] Epoch=55, nll=1210.2905, acc=0.1846
[ 2022-08-31 11:34:21,829][train_tran.train_nn_models] [Training] Epoch=56, loss=1221.8365, nll=1221.8365, l2_reg=0.0000, acc=0.1873
[ 2022-08-31 11:34:21,829][train_tran.train_nn_models] [Validation] Epoch=56, nll=1210.2739, acc=0.1849
[ 2022-08-31 11:34:24,431][train_tran.train_nn_models] [Training] Epoch=57, loss=1221.8149, nll=1221.8149, l2_reg=0.0000, acc=0.1872
[ 2022-08-31 11:34:24,432][train_tran.train_nn_models] [Validation] Epoch=57, nll=1210.2588, acc=0.1859
[ 2022-08-31 11:34:26,968][train_tran.train_nn_models] [Training] Epoch=58, loss=1221.7938, nll=1221.7938, l2_reg=0.0000, acc=0.1873
[ 2022-08-31 11:34:26,969][train_tran.train_nn_models] [Validation] Epoch=58, nll=1210.2448, acc=0.1861
[ 2022-08-31 11:34:29,549][train_tran.train_nn_models] [Training] Epoch=59, loss=1221.7734, nll=1221.7734, l2_reg=0.0000, acc=0.1872
[ 2022-08-31 11:34:29,549][train_tran.train_nn_models] [Validation] Epoch=59, nll=1210.2311, acc=0.1859
[ 2022-08-31 11:34:32,075][train_tran.train_nn_models] [Training] Epoch=60, loss=1221.7532, nll=1221.7532, l2_reg=0.0000, acc=0.1872
[ 2022-08-31 11:34:32,075][train_tran.train_nn_models] [Validation] Epoch=60, nll=1210.2184, acc=0.1859
[ 2022-08-31 11:34:34,759][train_tran.train_nn_models] [Training] Epoch=61, loss=1221.7329, nll=1221.7329, l2_reg=0.0000, acc=0.1871
[ 2022-08-31 11:34:34,759][train_tran.train_nn_models] [Validation] Epoch=61, nll=1210.2061, acc=0.1858
[ 2022-08-31 11:34:37,339][train_tran.train_nn_models] [Training] Epoch=62, loss=1221.7128, nll=1221.7128, l2_reg=0.0000, acc=0.1869
[ 2022-08-31 11:34:37,340][train_tran.train_nn_models] [Validation] Epoch=62, nll=1210.1948, acc=0.1860
[ 2022-08-31 11:34:39,823][train_tran.train_nn_models] [Training] Epoch=63, loss=1221.6930, nll=1221.6930, l2_reg=0.0000, acc=0.1868
[ 2022-08-31 11:34:39,824][train_tran.train_nn_models] [Validation] Epoch=63, nll=1210.1840, acc=0.1861
[ 2022-08-31 11:34:42,410][train_tran.train_nn_models] [Training] Epoch=64, loss=1221.6730, nll=1221.6730, l2_reg=0.0000, acc=0.1867
[ 2022-08-31 11:34:42,410][train_tran.train_nn_models] [Validation] Epoch=64, nll=1210.1738, acc=0.1865
[ 2022-08-31 11:34:44,947][train_tran.train_nn_models] [Training] Epoch=65, loss=1221.6533, nll=1221.6533, l2_reg=0.0000, acc=0.1868
[ 2022-08-31 11:34:44,948][train_tran.train_nn_models] [Validation] Epoch=65, nll=1210.1639, acc=0.1865
[ 2022-08-31 11:34:47,455][train_tran.train_nn_models] [Training] Epoch=66, loss=1221.6332, nll=1221.6332, l2_reg=0.0000, acc=0.1869
[ 2022-08-31 11:34:47,455][train_tran.train_nn_models] [Validation] Epoch=66, nll=1210.1544, acc=0.1865
[ 2022-08-31 11:34:50,106][train_tran.train_nn_models] [Training] Epoch=67, loss=1221.6133, nll=1221.6133, l2_reg=0.0000, acc=0.1870
[ 2022-08-31 11:34:50,107][train_tran.train_nn_models] [Validation] Epoch=67, nll=1210.1454, acc=0.1867
[ 2022-08-31 11:34:52,707][train_tran.train_nn_models] [Training] Epoch=68, loss=1221.5930, nll=1221.5930, l2_reg=0.0000, acc=0.1869
[ 2022-08-31 11:34:52,707][train_tran.train_nn_models] [Validation] Epoch=68, nll=1210.1368, acc=0.1871
[ 2022-08-31 11:34:55,335][train_tran.train_nn_models] [Training] Epoch=69, loss=1221.5724, nll=1221.5724, l2_reg=0.0000, acc=0.1869
[ 2022-08-31 11:34:55,336][train_tran.train_nn_models] [Validation] Epoch=69, nll=1210.1287, acc=0.1868
[ 2022-08-31 11:34:57,842][train_tran.train_nn_models] [Training] Epoch=70, loss=1221.5516, nll=1221.5516, l2_reg=0.0000, acc=0.1871
[ 2022-08-31 11:34:57,843][train_tran.train_nn_models] [Validation] Epoch=70, nll=1210.1210, acc=0.1868
[ 2022-08-31 11:35:00,385][train_tran.train_nn_models] [Training] Epoch=71, loss=1221.5305, nll=1221.5305, l2_reg=0.0000, acc=0.1872
[ 2022-08-31 11:35:00,386][train_tran.train_nn_models] [Validation] Epoch=71, nll=1210.1133, acc=0.1869
[ 2022-08-31 11:35:02,898][train_tran.train_nn_models] [Training] Epoch=72, loss=1221.5089, nll=1221.5089, l2_reg=0.0000, acc=0.1872
[ 2022-08-31 11:35:02,899][train_tran.train_nn_models] [Validation] Epoch=72, nll=1210.1061, acc=0.1867
[ 2022-08-31 11:35:05,417][train_tran.train_nn_models] [Training] Epoch=73, loss=1221.4871, nll=1221.4871, l2_reg=0.0000, acc=0.1873
[ 2022-08-31 11:35:05,417][train_tran.train_nn_models] [Validation] Epoch=73, nll=1210.0989, acc=0.1867
[ 2022-08-31 11:35:07,928][train_tran.train_nn_models] [Training] Epoch=74, loss=1221.4644, nll=1221.4644, l2_reg=0.0000, acc=0.1874
[ 2022-08-31 11:35:07,929][train_tran.train_nn_models] [Validation] Epoch=74, nll=1210.0919, acc=0.1865
[ 2022-08-31 11:35:10,491][train_tran.train_nn_models] [Training] Epoch=75, loss=1221.4418, nll=1221.4418, l2_reg=0.0000, acc=0.1870
[ 2022-08-31 11:35:10,492][train_tran.train_nn_models] [Validation] Epoch=75, nll=1210.0846, acc=0.1864
[ 2022-08-31 11:35:13,023][train_tran.train_nn_models] [Training] Epoch=76, loss=1221.4181, nll=1221.4181, l2_reg=0.0000, acc=0.1870
[ 2022-08-31 11:35:13,024][train_tran.train_nn_models] [Validation] Epoch=76, nll=1210.0778, acc=0.1865
[ 2022-08-31 11:35:15,596][train_tran.train_nn_models] [Training] Epoch=77, loss=1221.3943, nll=1221.3943, l2_reg=0.0000, acc=0.1870
[ 2022-08-31 11:35:15,597][train_tran.train_nn_models] [Validation] Epoch=77, nll=1210.0709, acc=0.1864
[ 2022-08-31 11:35:18,151][train_tran.train_nn_models] [Training] Epoch=78, loss=1221.3699, nll=1221.3699, l2_reg=0.0000, acc=0.1872
[ 2022-08-31 11:35:18,151][train_tran.train_nn_models] [Validation] Epoch=78, nll=1210.0634, acc=0.1863
[ 2022-08-31 11:35:20,712][train_tran.train_nn_models] [Training] Epoch=79, loss=1221.3445, nll=1221.3445, l2_reg=0.0000, acc=0.1873
[ 2022-08-31 11:35:20,712][train_tran.train_nn_models] [Validation] Epoch=79, nll=1210.0558, acc=0.1862
[ 2022-08-31 11:35:23,293][train_tran.train_nn_models] [Training] Epoch=80, loss=1221.3186, nll=1221.3186, l2_reg=0.0000, acc=0.1873
[ 2022-08-31 11:35:23,294][train_tran.train_nn_models] [Validation] Epoch=80, nll=1210.0474, acc=0.1862
[ 2022-08-31 11:35:25,774][train_tran.train_nn_models] [Training] Epoch=81, loss=1221.2926, nll=1221.2926, l2_reg=0.0000, acc=0.1872
[ 2022-08-31 11:35:25,775][train_tran.train_nn_models] [Validation] Epoch=81, nll=1210.0397, acc=0.1862
[ 2022-08-31 11:35:28,389][train_tran.train_nn_models] [Training] Epoch=82, loss=1221.2650, nll=1221.2650, l2_reg=0.0000, acc=0.1872
[ 2022-08-31 11:35:28,390][train_tran.train_nn_models] [Validation] Epoch=82, nll=1210.0286, acc=0.1864
[ 2022-08-31 11:35:31,003][train_tran.train_nn_models] [Training] Epoch=83, loss=1221.2373, nll=1221.2373, l2_reg=0.0000, acc=0.1873
[ 2022-08-31 11:35:31,003][train_tran.train_nn_models] [Validation] Epoch=83, nll=1210.0179, acc=0.1865
[ 2022-08-31 11:35:33,545][train_tran.train_nn_models] [Training] Epoch=84, loss=1221.2085, nll=1221.2085, l2_reg=0.0000, acc=0.1874
[ 2022-08-31 11:35:33,546][train_tran.train_nn_models] [Validation] Epoch=84, nll=1210.0048, acc=0.1866
[ 2022-08-31 11:35:36,120][train_tran.train_nn_models] [Training] Epoch=85, loss=1221.1788, nll=1221.1788, l2_reg=0.0000, acc=0.1876
[ 2022-08-31 11:35:36,121][train_tran.train_nn_models] [Validation] Epoch=85, nll=1209.9899, acc=0.1867
[ 2022-08-31 11:35:38,724][train_tran.train_nn_models] [Training] Epoch=86, loss=1221.1483, nll=1221.1483, l2_reg=0.0000, acc=0.1875
[ 2022-08-31 11:35:38,725][train_tran.train_nn_models] [Validation] Epoch=86, nll=1209.9723, acc=0.1868
[ 2022-08-31 11:35:41,325][train_tran.train_nn_models] [Training] Epoch=87, loss=1221.1167, nll=1221.1167, l2_reg=0.0000, acc=0.1874
[ 2022-08-31 11:35:41,326][train_tran.train_nn_models] [Validation] Epoch=87, nll=1209.9519, acc=0.1871
[ 2022-08-31 11:35:43,934][train_tran.train_nn_models] [Training] Epoch=88, loss=1221.0839, nll=1221.0839, l2_reg=0.0000, acc=0.1875
[ 2022-08-31 11:35:43,936][train_tran.train_nn_models] [Validation] Epoch=88, nll=1209.9286, acc=0.1871
[ 2022-08-31 11:35:46,639][train_tran.train_nn_models] [Training] Epoch=89, loss=1221.0496, nll=1221.0496, l2_reg=0.0000, acc=0.1876
[ 2022-08-31 11:35:46,640][train_tran.train_nn_models] [Validation] Epoch=89, nll=1209.9020, acc=0.1872
[ 2022-08-31 11:35:49,163][train_tran.train_nn_models] [Training] Epoch=90, loss=1221.0143, nll=1221.0143, l2_reg=0.0000, acc=0.1878
[ 2022-08-31 11:35:49,164][train_tran.train_nn_models] [Validation] Epoch=90, nll=1209.8710, acc=0.1873
[ 2022-08-31 11:35:51,770][train_tran.train_nn_models] [Training] Epoch=91, loss=1220.9768, nll=1220.9768, l2_reg=0.0000, acc=0.1878
[ 2022-08-31 11:35:51,771][train_tran.train_nn_models] [Validation] Epoch=91, nll=1209.8357, acc=0.1870
[ 2022-08-31 11:35:54,264][train_tran.train_nn_models] [Training] Epoch=92, loss=1220.9374, nll=1220.9374, l2_reg=0.0000, acc=0.1877
[ 2022-08-31 11:35:54,265][train_tran.train_nn_models] [Validation] Epoch=92, nll=1209.8046, acc=0.1869
[ 2022-08-31 11:35:56,780][train_tran.train_nn_models] [Training] Epoch=93, loss=1220.8896, nll=1220.8896, l2_reg=0.0000, acc=0.1878
[ 2022-08-31 11:35:56,780][train_tran.train_nn_models] [Validation] Epoch=93, nll=1209.7407, acc=0.1872
[ 2022-08-31 11:35:59,368][train_tran.train_nn_models] [Training] Epoch=94, loss=1220.8466, nll=1220.8466, l2_reg=0.0000, acc=0.1881
[ 2022-08-31 11:35:59,369][train_tran.train_nn_models] [Validation] Epoch=94, nll=1209.6984, acc=0.1860
[ 2022-08-31 11:36:01,914][train_tran.train_nn_models] [Training] Epoch=95, loss=1220.8060, nll=1220.8060, l2_reg=0.0000, acc=0.1879
[ 2022-08-31 11:36:01,915][train_tran.train_nn_models] [Validation] Epoch=95, nll=1209.6547, acc=0.1863
[ 2022-08-31 11:36:04,467][train_tran.train_nn_models] [Training] Epoch=96, loss=1220.7552, nll=1220.7552, l2_reg=0.0000, acc=0.1880
[ 2022-08-31 11:36:04,467][train_tran.train_nn_models] [Validation] Epoch=96, nll=1209.5985, acc=0.1866
[ 2022-08-31 11:36:07,190][train_tran.train_nn_models] [Training] Epoch=97, loss=1220.6971, nll=1220.6971, l2_reg=0.0000, acc=0.1881
[ 2022-08-31 11:36:07,191][train_tran.train_nn_models] [Validation] Epoch=97, nll=1209.5217, acc=0.1867
[ 2022-08-31 11:36:09,733][train_tran.train_nn_models] [Training] Epoch=98, loss=1220.6349, nll=1220.6349, l2_reg=0.0000, acc=0.1878
[ 2022-08-31 11:36:09,733][train_tran.train_nn_models] [Validation] Epoch=98, nll=1209.4375, acc=0.1876
[ 2022-08-31 11:36:12,247][train_tran.train_nn_models] [Training] Epoch=99, loss=1220.5844, nll=1220.5844, l2_reg=0.0000, acc=0.1882
[ 2022-08-31 11:36:12,247][train_tran.train_nn_models] [Validation] Epoch=99, nll=1209.3767, acc=0.1878
[ 2022-08-31 11:36:14,870][train_tran.train_nn_models] [Training] Epoch=100, loss=1220.5168, nll=1220.5168, l2_reg=0.0000, acc=0.1880
[ 2022-08-31 11:36:14,870][train_tran.train_nn_models] [Validation] Epoch=100, nll=1209.2795, acc=0.1876
[ 2022-08-31 11:36:17,348][train_tran.train_nn_models] [Training] Epoch=101, loss=1220.4456, nll=1220.4456, l2_reg=0.0000, acc=0.1883
[ 2022-08-31 11:36:17,349][train_tran.train_nn_models] [Validation] Epoch=101, nll=1209.2192, acc=0.1882
[ 2022-08-31 11:36:19,859][train_tran.train_nn_models] [Training] Epoch=102, loss=1220.3613, nll=1220.3613, l2_reg=0.0000, acc=0.1880
[ 2022-08-31 11:36:19,860][train_tran.train_nn_models] [Validation] Epoch=102, nll=1209.1450, acc=0.1872
[ 2022-08-31 11:36:22,527][train_tran.train_nn_models] [Training] Epoch=103, loss=1220.2571, nll=1220.2571, l2_reg=0.0000, acc=0.1881
[ 2022-08-31 11:36:22,527][train_tran.train_nn_models] [Validation] Epoch=103, nll=1209.0140, acc=0.1878
[ 2022-08-31 11:36:25,109][train_tran.train_nn_models] [Training] Epoch=104, loss=1220.1680, nll=1220.1680, l2_reg=0.0000, acc=0.1883
[ 2022-08-31 11:36:25,110][train_tran.train_nn_models] [Validation] Epoch=104, nll=1208.9154, acc=0.1881
[ 2022-08-31 11:36:27,756][train_tran.train_nn_models] [Training] Epoch=105, loss=1220.0779, nll=1220.0779, l2_reg=0.0000, acc=0.1881
[ 2022-08-31 11:36:27,757][train_tran.train_nn_models] [Validation] Epoch=105, nll=1208.8014, acc=0.1878
[ 2022-08-31 11:36:30,329][train_tran.train_nn_models] [Training] Epoch=106, loss=1219.9775, nll=1219.9775, l2_reg=0.0000, acc=0.1881
[ 2022-08-31 11:36:30,329][train_tran.train_nn_models] [Validation] Epoch=106, nll=1208.6693, acc=0.1877
[ 2022-08-31 11:36:32,818][train_tran.train_nn_models] [Training] Epoch=107, loss=1219.8708, nll=1219.8708, l2_reg=0.0000, acc=0.1881
[ 2022-08-31 11:36:32,819][train_tran.train_nn_models] [Validation] Epoch=107, nll=1208.5330, acc=0.1880
[ 2022-08-31 11:36:35,364][train_tran.train_nn_models] [Training] Epoch=108, loss=1219.7549, nll=1219.7549, l2_reg=0.0000, acc=0.1881
[ 2022-08-31 11:36:35,365][train_tran.train_nn_models] [Validation] Epoch=108, nll=1208.3905, acc=0.1885
[ 2022-08-31 11:36:37,717][train_tran.train_nn_models] [Training] Epoch=109, loss=1219.6261, nll=1219.6261, l2_reg=0.0000, acc=0.1883
[ 2022-08-31 11:36:37,718][train_tran.train_nn_models] [Validation] Epoch=109, nll=1208.2339, acc=0.1877
[ 2022-08-31 11:36:40,220][train_tran.train_nn_models] [Training] Epoch=110, loss=1219.4828, nll=1219.4828, l2_reg=0.0000, acc=0.1881
[ 2022-08-31 11:36:40,220][train_tran.train_nn_models] [Validation] Epoch=110, nll=1208.0608, acc=0.1873
[ 2022-08-31 11:36:42,744][train_tran.train_nn_models] [Training] Epoch=111, loss=1219.3229, nll=1219.3229, l2_reg=0.0000, acc=0.1883
[ 2022-08-31 11:36:42,744][train_tran.train_nn_models] [Validation] Epoch=111, nll=1207.8687, acc=0.1874
[ 2022-08-31 11:36:45,263][train_tran.train_nn_models] [Training] Epoch=112, loss=1219.1477, nll=1219.1477, l2_reg=0.0000, acc=0.1882
[ 2022-08-31 11:36:45,264][train_tran.train_nn_models] [Validation] Epoch=112, nll=1207.6606, acc=0.1865
[ 2022-08-31 11:36:47,753][train_tran.train_nn_models] [Training] Epoch=113, loss=1218.9514, nll=1218.9514, l2_reg=0.0000, acc=0.1881
[ 2022-08-31 11:36:47,753][train_tran.train_nn_models] [Validation] Epoch=113, nll=1207.4263, acc=0.1863
[ 2022-08-31 11:36:50,246][train_tran.train_nn_models] [Training] Epoch=114, loss=1218.7303, nll=1218.7303, l2_reg=0.0000, acc=0.1884
[ 2022-08-31 11:36:50,247][train_tran.train_nn_models] [Validation] Epoch=114, nll=1207.1627, acc=0.1871
[ 2022-08-31 11:36:52,816][train_tran.train_nn_models] [Training] Epoch=115, loss=1218.4849, nll=1218.4849, l2_reg=0.0000, acc=0.1891
[ 2022-08-31 11:36:52,816][train_tran.train_nn_models] [Validation] Epoch=115, nll=1206.8721, acc=0.1874
[ 2022-08-31 11:36:55,319][train_tran.train_nn_models] [Training] Epoch=116, loss=1218.2148, nll=1218.2148, l2_reg=0.0000, acc=0.1892
[ 2022-08-31 11:36:55,319][train_tran.train_nn_models] [Validation] Epoch=116, nll=1206.5614, acc=0.1871
[ 2022-08-31 11:36:57,817][train_tran.train_nn_models] [Training] Epoch=117, loss=1217.9250, nll=1217.9250, l2_reg=0.0000, acc=0.1896
[ 2022-08-31 11:36:57,818][train_tran.train_nn_models] [Validation] Epoch=117, nll=1206.2368, acc=0.1873
[ 2022-08-31 11:37:00,364][train_tran.train_nn_models] [Training] Epoch=118, loss=1217.6246, nll=1217.6246, l2_reg=0.0000, acc=0.1897
[ 2022-08-31 11:37:00,364][train_tran.train_nn_models] [Validation] Epoch=118, nll=1205.9108, acc=0.1871
[ 2022-08-31 11:37:02,952][train_tran.train_nn_models] [Training] Epoch=119, loss=1217.3225, nll=1217.3225, l2_reg=0.0000, acc=0.1898
[ 2022-08-31 11:37:02,952][train_tran.train_nn_models] [Validation] Epoch=119, nll=1205.5930, acc=0.1872
[ 2022-08-31 11:37:05,444][train_tran.train_nn_models] [Training] Epoch=120, loss=1217.0256, nll=1217.0256, l2_reg=0.0000, acc=0.1904
[ 2022-08-31 11:37:05,445][train_tran.train_nn_models] [Validation] Epoch=120, nll=1205.2859, acc=0.1874
[ 2022-08-31 11:37:08,085][train_tran.train_nn_models] [Training] Epoch=121, loss=1216.7357, nll=1216.7357, l2_reg=0.0000, acc=0.1907
[ 2022-08-31 11:37:08,086][train_tran.train_nn_models] [Validation] Epoch=121, nll=1204.9868, acc=0.1877
[ 2022-08-31 11:37:10,569][train_tran.train_nn_models] [Training] Epoch=122, loss=1216.4402, nll=1216.4402, l2_reg=0.0000, acc=0.1911
[ 2022-08-31 11:37:10,569][train_tran.train_nn_models] [Validation] Epoch=122, nll=1204.6870, acc=0.1881
[ 2022-08-31 11:37:13,047][train_tran.train_nn_models] [Training] Epoch=123, loss=1216.1349, nll=1216.1349, l2_reg=0.0000, acc=0.1916
[ 2022-08-31 11:37:13,048][train_tran.train_nn_models] [Validation] Epoch=123, nll=1204.4182, acc=0.1884
[ 2022-08-31 11:37:15,580][train_tran.train_nn_models] [Training] Epoch=124, loss=1215.8279, nll=1215.8279, l2_reg=0.0000, acc=0.1929
[ 2022-08-31 11:37:15,580][train_tran.train_nn_models] [Validation] Epoch=124, nll=1204.1436, acc=0.1892
[ 2022-08-31 11:37:18,083][train_tran.train_nn_models] [Training] Epoch=125, loss=1215.4749, nll=1215.4749, l2_reg=0.0000, acc=0.1931
[ 2022-08-31 11:37:18,084][train_tran.train_nn_models] [Validation] Epoch=125, nll=1203.8613, acc=0.1895
[ 2022-08-31 11:37:20,571][train_tran.train_nn_models] [Training] Epoch=126, loss=1215.0890, nll=1215.0890, l2_reg=0.0000, acc=0.1940
[ 2022-08-31 11:37:20,571][train_tran.train_nn_models] [Validation] Epoch=126, nll=1203.5542, acc=0.1900
[ 2022-08-31 11:37:20,572][train_tran.train_nn_models] Found a better model at epoch 126.
[ 2022-08-31 11:37:23,119][train_tran.train_nn_models] [Training] Epoch=127, loss=1214.6439, nll=1214.6439, l2_reg=0.0000, acc=0.1945
[ 2022-08-31 11:37:23,119][train_tran.train_nn_models] [Validation] Epoch=127, nll=1203.2106, acc=0.1906
[ 2022-08-31 11:37:23,120][train_tran.train_nn_models] Found a better model at epoch 127.
[ 2022-08-31 11:37:25,706][train_tran.train_nn_models] [Training] Epoch=128, loss=1214.1614, nll=1214.1614, l2_reg=0.0000, acc=0.1953
[ 2022-08-31 11:37:25,706][train_tran.train_nn_models] [Validation] Epoch=128, nll=1202.7842, acc=0.1908
[ 2022-08-31 11:37:25,708][train_tran.train_nn_models] Found a better model at epoch 128.
[ 2022-08-31 11:37:28,205][train_tran.train_nn_models] [Training] Epoch=129, loss=1213.6185, nll=1213.6185, l2_reg=0.0000, acc=0.1961
[ 2022-08-31 11:37:28,206][train_tran.train_nn_models] [Validation] Epoch=129, nll=1202.2621, acc=0.1920
[ 2022-08-31 11:37:28,206][train_tran.train_nn_models] Found a better model at epoch 129.
[ 2022-08-31 11:37:30,788][train_tran.train_nn_models] [Training] Epoch=130, loss=1213.0181, nll=1213.0181, l2_reg=0.0000, acc=0.1970
[ 2022-08-31 11:37:30,789][train_tran.train_nn_models] [Validation] Epoch=130, nll=1201.6794, acc=0.1927
[ 2022-08-31 11:37:30,790][train_tran.train_nn_models] Found a better model at epoch 130.
[ 2022-08-31 11:37:33,354][train_tran.train_nn_models] [Training] Epoch=131, loss=1212.3575, nll=1212.3575, l2_reg=0.0000, acc=0.1982
[ 2022-08-31 11:37:33,354][train_tran.train_nn_models] [Validation] Epoch=131, nll=1201.0820, acc=0.1929
[ 2022-08-31 11:37:33,355][train_tran.train_nn_models] Found a better model at epoch 131.
[ 2022-08-31 11:37:35,896][train_tran.train_nn_models] [Training] Epoch=132, loss=1211.6377, nll=1211.6377, l2_reg=0.0000, acc=0.1994
[ 2022-08-31 11:37:35,896][train_tran.train_nn_models] [Validation] Epoch=132, nll=1200.4945, acc=0.1943
[ 2022-08-31 11:37:35,896][train_tran.train_nn_models] Found a better model at epoch 132.
[ 2022-08-31 11:37:38,461][train_tran.train_nn_models] [Training] Epoch=133, loss=1210.8229, nll=1210.8229, l2_reg=0.0000, acc=0.2010
[ 2022-08-31 11:37:38,462][train_tran.train_nn_models] [Validation] Epoch=133, nll=1199.8733, acc=0.1971
[ 2022-08-31 11:37:38,462][train_tran.train_nn_models] Found a better model at epoch 133.
[ 2022-08-31 11:37:40,995][train_tran.train_nn_models] [Training] Epoch=134, loss=1209.8502, nll=1209.8502, l2_reg=0.0000, acc=0.2026
[ 2022-08-31 11:37:40,996][train_tran.train_nn_models] [Validation] Epoch=134, nll=1199.1122, acc=0.2010
[ 2022-08-31 11:37:40,996][train_tran.train_nn_models] Found a better model at epoch 134.
[ 2022-08-31 11:37:43,454][train_tran.train_nn_models] [Training] Epoch=135, loss=1208.7050, nll=1208.7050, l2_reg=0.0000, acc=0.2050
[ 2022-08-31 11:37:43,455][train_tran.train_nn_models] [Validation] Epoch=135, nll=1198.1561, acc=0.2028
[ 2022-08-31 11:37:43,456][train_tran.train_nn_models] Found a better model at epoch 135.
[ 2022-08-31 11:37:46,107][train_tran.train_nn_models] [Training] Epoch=136, loss=1207.3224, nll=1207.3224, l2_reg=0.0000, acc=0.2076
[ 2022-08-31 11:37:46,108][train_tran.train_nn_models] [Validation] Epoch=136, nll=1196.8057, acc=0.2053
[ 2022-08-31 11:37:46,108][train_tran.train_nn_models] Found a better model at epoch 136.
[ 2022-08-31 11:37:48,620][train_tran.train_nn_models] [Training] Epoch=137, loss=1205.6119, nll=1205.6119, l2_reg=0.0000, acc=0.2103
[ 2022-08-31 11:37:48,622][train_tran.train_nn_models] [Validation] Epoch=137, nll=1194.9637, acc=0.2074
[ 2022-08-31 11:37:48,622][train_tran.train_nn_models] Found a better model at epoch 137.
[ 2022-08-31 11:37:51,156][train_tran.train_nn_models] [Training] Epoch=138, loss=1203.4044, nll=1203.4044, l2_reg=0.0000, acc=0.2135
[ 2022-08-31 11:37:51,156][train_tran.train_nn_models] [Validation] Epoch=138, nll=1192.8212, acc=0.2126
[ 2022-08-31 11:37:51,157][train_tran.train_nn_models] Found a better model at epoch 138.
[ 2022-08-31 11:37:53,692][train_tran.train_nn_models] [Training] Epoch=139, loss=1200.5581, nll=1200.5581, l2_reg=0.0000, acc=0.2171
[ 2022-08-31 11:37:53,693][train_tran.train_nn_models] [Validation] Epoch=139, nll=1190.1423, acc=0.2184
[ 2022-08-31 11:37:53,694][train_tran.train_nn_models] Found a better model at epoch 139.
[ 2022-08-31 11:37:56,211][train_tran.train_nn_models] [Training] Epoch=140, loss=1196.9677, nll=1196.9677, l2_reg=0.0000, acc=0.2226
[ 2022-08-31 11:37:56,212][train_tran.train_nn_models] [Validation] Epoch=140, nll=1186.3435, acc=0.2237
[ 2022-08-31 11:37:56,213][train_tran.train_nn_models] Found a better model at epoch 140.
[ 2022-08-31 11:37:58,849][train_tran.train_nn_models] [Training] Epoch=141, loss=1192.3951, nll=1192.3951, l2_reg=0.0000, acc=0.2303
[ 2022-08-31 11:37:58,849][train_tran.train_nn_models] [Validation] Epoch=141, nll=1181.9821, acc=0.2308
[ 2022-08-31 11:37:58,850][train_tran.train_nn_models] Found a better model at epoch 141.
[ 2022-08-31 11:38:01,422][train_tran.train_nn_models] [Training] Epoch=142, loss=1188.0637, nll=1188.0637, l2_reg=0.0000, acc=0.2379
[ 2022-08-31 11:38:01,422][train_tran.train_nn_models] [Validation] Epoch=142, nll=1179.0103, acc=0.2355
[ 2022-08-31 11:38:01,423][train_tran.train_nn_models] Found a better model at epoch 142.
[ 2022-08-31 11:38:03,968][train_tran.train_nn_models] [Training] Epoch=143, loss=1186.6768, nll=1186.6768, l2_reg=0.0000, acc=0.2431
[ 2022-08-31 11:38:03,970][train_tran.train_nn_models] [Validation] Epoch=143, nll=1179.6373, acc=0.2446
[ 2022-08-31 11:38:06,605][train_tran.train_nn_models] [Training] Epoch=144, loss=1177.6144, nll=1177.6144, l2_reg=0.0000, acc=0.2505
[ 2022-08-31 11:38:06,605][train_tran.train_nn_models] [Validation] Epoch=144, nll=1171.6288, acc=0.2540
[ 2022-08-31 11:38:06,606][train_tran.train_nn_models] Found a better model at epoch 144.
[ 2022-08-31 11:38:09,214][train_tran.train_nn_models] [Training] Epoch=145, loss=1170.1786, nll=1170.1786, l2_reg=0.0000, acc=0.2719
[ 2022-08-31 11:38:09,214][train_tran.train_nn_models] [Validation] Epoch=145, nll=1162.2333, acc=0.2706
[ 2022-08-31 11:38:09,215][train_tran.train_nn_models] Found a better model at epoch 145.
[ 2022-08-31 11:38:11,677][train_tran.train_nn_models] [Training] Epoch=146, loss=1159.9897, nll=1159.9897, l2_reg=0.0000, acc=0.2880
[ 2022-08-31 11:38:11,678][train_tran.train_nn_models] [Validation] Epoch=146, nll=1165.3606, acc=0.2584
[ 2022-08-31 11:38:14,251][train_tran.train_nn_models] [Training] Epoch=147, loss=1159.1869, nll=1159.1869, l2_reg=0.0000, acc=0.2929
[ 2022-08-31 11:38:14,252][train_tran.train_nn_models] [Validation] Epoch=147, nll=1152.8878, acc=0.2819
[ 2022-08-31 11:38:14,252][train_tran.train_nn_models] Found a better model at epoch 147.
[ 2022-08-31 11:38:16,745][train_tran.train_nn_models] [Training] Epoch=148, loss=1144.9819, nll=1144.9819, l2_reg=0.0000, acc=0.3139
[ 2022-08-31 11:38:16,745][train_tran.train_nn_models] [Validation] Epoch=148, nll=1165.8503, acc=0.2620
[ 2022-08-31 11:38:19,417][train_tran.train_nn_models] [Training] Epoch=149, loss=1170.8188, nll=1170.8188, l2_reg=0.0000, acc=0.2754
[ 2022-08-31 11:38:19,418][train_tran.train_nn_models] [Validation] Epoch=149, nll=1191.1766, acc=0.2932
[ 2022-08-31 11:38:22,093][train_tran.train_nn_models] [Training] Epoch=150, loss=1180.0100, nll=1180.0100, l2_reg=0.0000, acc=0.2720
[ 2022-08-31 11:38:22,093][train_tran.train_nn_models] [Validation] Epoch=150, nll=1169.0760, acc=0.2658
[ 2022-08-31 11:38:24,736][train_tran.train_nn_models] [Training] Epoch=151, loss=1167.7253, nll=1167.7253, l2_reg=0.0000, acc=0.2856
[ 2022-08-31 11:38:24,736][train_tran.train_nn_models] [Validation] Epoch=151, nll=1156.5957, acc=0.2850
[ 2022-08-31 11:38:27,482][train_tran.train_nn_models] [Training] Epoch=152, loss=1147.6229, nll=1147.6229, l2_reg=0.0000, acc=0.3192
[ 2022-08-31 11:38:27,483][train_tran.train_nn_models] [Validation] Epoch=152, nll=1142.4891, acc=0.3130
[ 2022-08-31 11:38:27,483][train_tran.train_nn_models] Found a better model at epoch 152.
[ 2022-08-31 11:38:30,275][train_tran.train_nn_models] [Training] Epoch=153, loss=1132.0199, nll=1132.0199, l2_reg=0.0000, acc=0.3523
[ 2022-08-31 11:38:30,276][train_tran.train_nn_models] [Validation] Epoch=153, nll=1137.3799, acc=0.3270
[ 2022-08-31 11:38:30,276][train_tran.train_nn_models] Found a better model at epoch 153.
[ 2022-08-31 11:38:33,202][train_tran.train_nn_models] [Training] Epoch=154, loss=1121.6355, nll=1121.6355, l2_reg=0.0000, acc=0.3732
[ 2022-08-31 11:38:33,203][train_tran.train_nn_models] [Validation] Epoch=154, nll=1127.6731, acc=0.3511
[ 2022-08-31 11:38:33,203][train_tran.train_nn_models] Found a better model at epoch 154.
[ 2022-08-31 11:38:36,089][train_tran.train_nn_models] [Training] Epoch=155, loss=1112.4906, nll=1112.4906, l2_reg=0.0000, acc=0.3891
[ 2022-08-31 11:38:36,090][train_tran.train_nn_models] [Validation] Epoch=155, nll=1119.7269, acc=0.3496
[ 2022-08-31 11:38:36,090][train_tran.train_nn_models] Found a better model at epoch 155.
[ 2022-08-31 11:38:39,015][train_tran.train_nn_models] [Training] Epoch=156, loss=1099.9863, nll=1099.9863, l2_reg=0.0000, acc=0.4132
[ 2022-08-31 11:38:39,016][train_tran.train_nn_models] [Validation] Epoch=156, nll=1119.2268, acc=0.3638
[ 2022-08-31 11:38:39,016][train_tran.train_nn_models] Found a better model at epoch 156.
[ 2022-08-31 11:38:42,047][train_tran.train_nn_models] [Training] Epoch=157, loss=1089.3788, nll=1089.3788, l2_reg=0.0000, acc=0.4319
[ 2022-08-31 11:38:42,048][train_tran.train_nn_models] [Validation] Epoch=157, nll=1101.4827, acc=0.3851
[ 2022-08-31 11:38:42,048][train_tran.train_nn_models] Found a better model at epoch 157.
[ 2022-08-31 11:38:44,964][train_tran.train_nn_models] [Training] Epoch=158, loss=1057.9578, nll=1057.9578, l2_reg=0.0000, acc=0.4738
[ 2022-08-31 11:38:44,965][train_tran.train_nn_models] [Validation] Epoch=158, nll=1082.4105, acc=0.4275
[ 2022-08-31 11:38:44,965][train_tran.train_nn_models] Found a better model at epoch 158.
[ 2022-08-31 11:38:47,933][train_tran.train_nn_models] [Training] Epoch=159, loss=1057.2367, nll=1057.2367, l2_reg=0.0000, acc=0.4771
[ 2022-08-31 11:38:47,934][train_tran.train_nn_models] [Validation] Epoch=159, nll=1110.4882, acc=0.3603
[ 2022-08-31 11:38:50,873][train_tran.train_nn_models] [Training] Epoch=160, loss=1051.3103, nll=1051.3103, l2_reg=0.0000, acc=0.4795
[ 2022-08-31 11:38:50,873][train_tran.train_nn_models] [Validation] Epoch=160, nll=1060.8018, acc=0.4505
[ 2022-08-31 11:38:50,873][train_tran.train_nn_models] Found a better model at epoch 160.
[ 2022-08-31 11:38:53,789][train_tran.train_nn_models] [Training] Epoch=161, loss=1056.0560, nll=1056.0560, l2_reg=0.0000, acc=0.4922
[ 2022-08-31 11:38:53,789][train_tran.train_nn_models] [Validation] Epoch=161, nll=1125.8090, acc=0.3642
[ 2022-08-31 11:38:56,629][train_tran.train_nn_models] [Training] Epoch=162, loss=1075.3868, nll=1075.3868, l2_reg=0.0000, acc=0.4328
[ 2022-08-31 11:38:56,630][train_tran.train_nn_models] [Validation] Epoch=162, nll=1082.3231, acc=0.4007
[ 2022-08-31 11:38:59,552][train_tran.train_nn_models] [Training] Epoch=163, loss=1022.3774, nll=1022.3774, l2_reg=0.0000, acc=0.5186
[ 2022-08-31 11:38:59,554][train_tran.train_nn_models] [Validation] Epoch=163, nll=1056.1903, acc=0.4651
[ 2022-08-31 11:38:59,555][train_tran.train_nn_models] Found a better model at epoch 163.
[ 2022-08-31 11:39:02,421][train_tran.train_nn_models] [Training] Epoch=164, loss=983.6846, nll=983.6846, l2_reg=0.0000, acc=0.5725
[ 2022-08-31 11:39:02,422][train_tran.train_nn_models] [Validation] Epoch=164, nll=1035.1125, acc=0.4978
[ 2022-08-31 11:39:02,422][train_tran.train_nn_models] Found a better model at epoch 164.
[ 2022-08-31 11:39:05,213][train_tran.train_nn_models] [Training] Epoch=165, loss=1010.7720, nll=1010.7720, l2_reg=0.0000, acc=0.5448
[ 2022-08-31 11:39:05,213][train_tran.train_nn_models] [Validation] Epoch=165, nll=1094.8628, acc=0.4058
[ 2022-08-31 11:39:08,076][train_tran.train_nn_models] [Training] Epoch=166, loss=1020.2758, nll=1020.2758, l2_reg=0.0000, acc=0.5110
[ 2022-08-31 11:39:08,076][train_tran.train_nn_models] [Validation] Epoch=166, nll=1036.9677, acc=0.4693
[ 2022-08-31 11:39:10,821][train_tran.train_nn_models] [Training] Epoch=167, loss=967.1504, nll=967.1504, l2_reg=0.0000, acc=0.5808
[ 2022-08-31 11:39:10,822][train_tran.train_nn_models] [Validation] Epoch=167, nll=1024.3683, acc=0.4943
[ 2022-08-31 11:39:10,822][train_tran.train_nn_models] Found a better model at epoch 167.
[ 2022-08-31 11:39:13,771][train_tran.train_nn_models] [Training] Epoch=168, loss=939.2319, nll=939.2319, l2_reg=0.0000, acc=0.6129
[ 2022-08-31 11:39:13,772][train_tran.train_nn_models] [Validation] Epoch=168, nll=1020.5063, acc=0.5106
[ 2022-08-31 11:39:13,772][train_tran.train_nn_models] Found a better model at epoch 168.
[ 2022-08-31 11:39:16,617][train_tran.train_nn_models] [Training] Epoch=169, loss=948.4049, nll=948.4049, l2_reg=0.0000, acc=0.6115
[ 2022-08-31 11:39:16,617][train_tran.train_nn_models] [Validation] Epoch=169, nll=1083.5137, acc=0.4839
[ 2022-08-31 11:39:19,406][train_tran.train_nn_models] [Training] Epoch=170, loss=983.2211, nll=983.2211, l2_reg=0.0000, acc=0.5735
[ 2022-08-31 11:39:19,407][train_tran.train_nn_models] [Validation] Epoch=170, nll=1035.5157, acc=0.4738
[ 2022-08-31 11:39:22,166][train_tran.train_nn_models] [Training] Epoch=171, loss=934.0455, nll=934.0455, l2_reg=0.0000, acc=0.6045
[ 2022-08-31 11:39:22,166][train_tran.train_nn_models] [Validation] Epoch=171, nll=998.1664, acc=0.5297
[ 2022-08-31 11:39:22,167][train_tran.train_nn_models] Found a better model at epoch 171.
[ 2022-08-31 11:39:25,020][train_tran.train_nn_models] [Training] Epoch=172, loss=902.2636, nll=902.2636, l2_reg=0.0000, acc=0.6408
[ 2022-08-31 11:39:25,021][train_tran.train_nn_models] [Validation] Epoch=172, nll=997.1116, acc=0.5239
[ 2022-08-31 11:39:25,022][train_tran.train_nn_models] Found a better model at epoch 172.
[ 2022-08-31 11:39:27,878][train_tran.train_nn_models] [Training] Epoch=173, loss=880.3286, nll=880.3286, l2_reg=0.0000, acc=0.6512
[ 2022-08-31 11:39:27,878][train_tran.train_nn_models] [Validation] Epoch=173, nll=983.2203, acc=0.5433
[ 2022-08-31 11:39:27,879][train_tran.train_nn_models] Found a better model at epoch 173.
[ 2022-08-31 11:39:30,836][train_tran.train_nn_models] [Training] Epoch=174, loss=864.2334, nll=864.2334, l2_reg=0.0000, acc=0.6635
[ 2022-08-31 11:39:30,836][train_tran.train_nn_models] [Validation] Epoch=174, nll=981.9846, acc=0.5386
[ 2022-08-31 11:39:30,836][train_tran.train_nn_models] Found a better model at epoch 174.
[ 2022-08-31 11:39:33,613][train_tran.train_nn_models] [Training] Epoch=175, loss=850.4367, nll=850.4367, l2_reg=0.0000, acc=0.6684
[ 2022-08-31 11:39:33,614][train_tran.train_nn_models] [Validation] Epoch=175, nll=970.3476, acc=0.5446
[ 2022-08-31 11:39:33,614][train_tran.train_nn_models] Found a better model at epoch 175.
[ 2022-08-31 11:39:36,543][train_tran.train_nn_models] [Training] Epoch=176, loss=839.1823, nll=839.1823, l2_reg=0.0000, acc=0.6740
[ 2022-08-31 11:39:36,544][train_tran.train_nn_models] [Validation] Epoch=176, nll=967.1531, acc=0.5427
[ 2022-08-31 11:39:36,545][train_tran.train_nn_models] Found a better model at epoch 176.
[ 2022-08-31 11:39:39,517][train_tran.train_nn_models] [Training] Epoch=177, loss=833.0494, nll=833.0494, l2_reg=0.0000, acc=0.6767
[ 2022-08-31 11:39:39,518][train_tran.train_nn_models] [Validation] Epoch=177, nll=970.5557, acc=0.5376
[ 2022-08-31 11:39:42,352][train_tran.train_nn_models] [Training] Epoch=178, loss=820.3583, nll=820.3583, l2_reg=0.0000, acc=0.6918
[ 2022-08-31 11:39:42,353][train_tran.train_nn_models] [Validation] Epoch=178, nll=945.8195, acc=0.5607
[ 2022-08-31 11:39:42,354][train_tran.train_nn_models] Found a better model at epoch 178.
[ 2022-08-31 11:39:45,340][train_tran.train_nn_models] [Training] Epoch=179, loss=812.7399, nll=812.7399, l2_reg=0.0000, acc=0.6974
[ 2022-08-31 11:39:45,341][train_tran.train_nn_models] [Validation] Epoch=179, nll=946.5646, acc=0.5574
[ 2022-08-31 11:39:48,170][train_tran.train_nn_models] [Training] Epoch=180, loss=793.5034, nll=793.5034, l2_reg=0.0000, acc=0.7126
[ 2022-08-31 11:39:48,170][train_tran.train_nn_models] [Validation] Epoch=180, nll=944.9074, acc=0.5491
[ 2022-08-31 11:39:48,170][train_tran.train_nn_models] Found a better model at epoch 180.
[ 2022-08-31 11:39:51,004][train_tran.train_nn_models] [Training] Epoch=181, loss=827.8770, nll=827.8770, l2_reg=0.0000, acc=0.6917
[ 2022-08-31 11:39:51,004][train_tran.train_nn_models] [Validation] Epoch=181, nll=1064.5029, acc=0.4806
[ 2022-08-31 11:39:53,730][train_tran.train_nn_models] [Training] Epoch=182, loss=921.4493, nll=921.4493, l2_reg=0.0000, acc=0.6271
[ 2022-08-31 11:39:53,730][train_tran.train_nn_models] [Validation] Epoch=182, nll=950.0217, acc=0.5627
[ 2022-08-31 11:39:56,504][train_tran.train_nn_models] [Training] Epoch=183, loss=834.7911, nll=834.7911, l2_reg=0.0000, acc=0.6917
[ 2022-08-31 11:39:56,505][train_tran.train_nn_models] [Validation] Epoch=183, nll=932.7325, acc=0.5694
[ 2022-08-31 11:39:56,505][train_tran.train_nn_models] Found a better model at epoch 183.
[ 2022-08-31 11:39:59,296][train_tran.train_nn_models] [Training] Epoch=184, loss=779.8519, nll=779.8519, l2_reg=0.0000, acc=0.7296
[ 2022-08-31 11:39:59,297][train_tran.train_nn_models] [Validation] Epoch=184, nll=912.3327, acc=0.5978
[ 2022-08-31 11:39:59,297][train_tran.train_nn_models] Found a better model at epoch 184.
[ 2022-08-31 11:40:02,133][train_tran.train_nn_models] [Training] Epoch=185, loss=757.0258, nll=757.0258, l2_reg=0.0000, acc=0.7484
[ 2022-08-31 11:40:02,134][train_tran.train_nn_models] [Validation] Epoch=185, nll=916.0800, acc=0.5958
[ 2022-08-31 11:40:04,848][train_tran.train_nn_models] [Training] Epoch=186, loss=749.5789, nll=749.5789, l2_reg=0.0000, acc=0.7547
[ 2022-08-31 11:40:04,848][train_tran.train_nn_models] [Validation] Epoch=186, nll=928.2604, acc=0.5907
[ 2022-08-31 11:40:07,708][train_tran.train_nn_models] [Training] Epoch=187, loss=760.6766, nll=760.6766, l2_reg=0.0000, acc=0.7437
[ 2022-08-31 11:40:07,709][train_tran.train_nn_models] [Validation] Epoch=187, nll=953.3650, acc=0.5714
[ 2022-08-31 11:40:10,455][train_tran.train_nn_models] [Training] Epoch=188, loss=746.9389, nll=746.9389, l2_reg=0.0000, acc=0.7556
[ 2022-08-31 11:40:10,455][train_tran.train_nn_models] [Validation] Epoch=188, nll=905.5187, acc=0.6052
[ 2022-08-31 11:40:10,456][train_tran.train_nn_models] Found a better model at epoch 188.
[ 2022-08-31 11:40:13,302][train_tran.train_nn_models] [Training] Epoch=189, loss=729.2664, nll=729.2664, l2_reg=0.0000, acc=0.7731
[ 2022-08-31 11:40:13,303][train_tran.train_nn_models] [Validation] Epoch=189, nll=902.4315, acc=0.6234
[ 2022-08-31 11:40:13,304][train_tran.train_nn_models] Found a better model at epoch 189.
[ 2022-08-31 11:40:16,099][train_tran.train_nn_models] [Training] Epoch=190, loss=726.7042, nll=726.7042, l2_reg=0.0000, acc=0.7768
[ 2022-08-31 11:40:16,099][train_tran.train_nn_models] [Validation] Epoch=190, nll=931.0260, acc=0.6092
[ 2022-08-31 11:40:18,942][train_tran.train_nn_models] [Training] Epoch=191, loss=786.5332, nll=786.5332, l2_reg=0.0000, acc=0.7434
[ 2022-08-31 11:40:18,943][train_tran.train_nn_models] [Validation] Epoch=191, nll=968.8337, acc=0.5512
[ 2022-08-31 11:40:21,887][train_tran.train_nn_models] [Training] Epoch=192, loss=764.5909, nll=764.5909, l2_reg=0.0000, acc=0.7475
[ 2022-08-31 11:40:21,888][train_tran.train_nn_models] [Validation] Epoch=192, nll=875.2504, acc=0.6285
[ 2022-08-31 11:40:21,888][train_tran.train_nn_models] Found a better model at epoch 192.
[ 2022-08-31 11:40:24,779][train_tran.train_nn_models] [Training] Epoch=193, loss=715.7090, nll=715.7090, l2_reg=0.0000, acc=0.7895
[ 2022-08-31 11:40:24,780][train_tran.train_nn_models] [Validation] Epoch=193, nll=871.8532, acc=0.6377
[ 2022-08-31 11:40:24,780][train_tran.train_nn_models] Found a better model at epoch 193.
[ 2022-08-31 11:40:27,643][train_tran.train_nn_models] [Training] Epoch=194, loss=700.0381, nll=700.0381, l2_reg=0.0000, acc=0.7992
[ 2022-08-31 11:40:27,644][train_tran.train_nn_models] [Validation] Epoch=194, nll=892.0879, acc=0.6319
[ 2022-08-31 11:40:30,432][train_tran.train_nn_models] [Training] Epoch=195, loss=697.3450, nll=697.3450, l2_reg=0.0000, acc=0.8011
[ 2022-08-31 11:40:30,433][train_tran.train_nn_models] [Validation] Epoch=195, nll=897.5499, acc=0.6377
[ 2022-08-31 11:40:33,152][train_tran.train_nn_models] [Training] Epoch=196, loss=694.3005, nll=694.3005, l2_reg=0.0000, acc=0.8054
[ 2022-08-31 11:40:33,152][train_tran.train_nn_models] [Validation] Epoch=196, nll=902.6614, acc=0.6371
[ 2022-08-31 11:40:36,119][train_tran.train_nn_models] [Training] Epoch=197, loss=690.4316, nll=690.4316, l2_reg=0.0000, acc=0.8089
[ 2022-08-31 11:40:36,120][train_tran.train_nn_models] [Validation] Epoch=197, nll=891.4310, acc=0.6447
[ 2022-08-31 11:40:38,904][train_tran.train_nn_models] [Training] Epoch=198, loss=686.1208, nll=686.1208, l2_reg=0.0000, acc=0.8111
[ 2022-08-31 11:40:38,905][train_tran.train_nn_models] [Validation] Epoch=198, nll=894.0769, acc=0.6419
[ 2022-08-31 11:40:41,613][train_tran.train_nn_models] [Training] Epoch=199, loss=695.4695, nll=695.4695, l2_reg=0.0000, acc=0.8073
[ 2022-08-31 11:40:41,614][train_tran.train_nn_models] [Validation] Epoch=199, nll=931.8073, acc=0.6163
[ 2022-08-31 11:40:44,277][train_tran.train_nn_models] [Training] Epoch=200, loss=700.3974, nll=700.3974, l2_reg=0.0000, acc=0.7995
[ 2022-08-31 11:40:44,277][train_tran.train_nn_models] [Validation] Epoch=200, nll=879.5172, acc=0.6406
[ 2022-08-31 11:40:46,992][train_tran.train_nn_models] [Training] Epoch=201, loss=685.9787, nll=685.9787, l2_reg=0.0000, acc=0.8088
[ 2022-08-31 11:40:46,993][train_tran.train_nn_models] [Validation] Epoch=201, nll=871.3499, acc=0.6522
[ 2022-08-31 11:40:46,993][train_tran.train_nn_models] Found a better model at epoch 201.
[ 2022-08-31 11:40:49,702][train_tran.train_nn_models] [Training] Epoch=202, loss=678.6555, nll=678.6555, l2_reg=0.0000, acc=0.8146
[ 2022-08-31 11:40:49,703][train_tran.train_nn_models] [Validation] Epoch=202, nll=867.2009, acc=0.6584
[ 2022-08-31 11:40:49,703][train_tran.train_nn_models] Found a better model at epoch 202.
[ 2022-08-31 11:40:52,470][train_tran.train_nn_models] [Training] Epoch=203, loss=833.8576, nll=833.8576, l2_reg=0.0000, acc=0.7505
[ 2022-08-31 11:40:52,471][train_tran.train_nn_models] [Validation] Epoch=203, nll=1144.5461, acc=0.4694
[ 2022-08-31 11:40:55,218][train_tran.train_nn_models] [Training] Epoch=204, loss=1089.9210, nll=1089.9210, l2_reg=0.0000, acc=0.5157
[ 2022-08-31 11:40:55,219][train_tran.train_nn_models] [Validation] Epoch=204, nll=998.6365, acc=0.5051
[ 2022-08-31 11:40:58,026][train_tran.train_nn_models] [Training] Epoch=205, loss=923.7316, nll=923.7316, l2_reg=0.0000, acc=0.6092
[ 2022-08-31 11:40:58,027][train_tran.train_nn_models] [Validation] Epoch=205, nll=962.9157, acc=0.5457
[ 2022-08-31 11:41:00,806][train_tran.train_nn_models] [Training] Epoch=206, loss=837.0815, nll=837.0815, l2_reg=0.0000, acc=0.7032
[ 2022-08-31 11:41:00,807][train_tran.train_nn_models] [Validation] Epoch=206, nll=896.0965, acc=0.6222
[ 2022-08-31 11:41:03,632][train_tran.train_nn_models] [Training] Epoch=207, loss=773.6579, nll=773.6579, l2_reg=0.0000, acc=0.7570
[ 2022-08-31 11:41:03,633][train_tran.train_nn_models] [Validation] Epoch=207, nll=882.9521, acc=0.6299
[ 2022-08-31 11:41:06,520][train_tran.train_nn_models] [Training] Epoch=208, loss=744.3640, nll=744.3640, l2_reg=0.0000, acc=0.7751
[ 2022-08-31 11:41:06,521][train_tran.train_nn_models] [Validation] Epoch=208, nll=875.0109, acc=0.6348
[ 2022-08-31 11:41:09,309][train_tran.train_nn_models] [Training] Epoch=209, loss=731.5872, nll=731.5872, l2_reg=0.0000, acc=0.7750
[ 2022-08-31 11:41:09,309][train_tran.train_nn_models] [Validation] Epoch=209, nll=875.1448, acc=0.6315
[ 2022-08-31 11:41:12,110][train_tran.train_nn_models] [Training] Epoch=210, loss=716.5074, nll=716.5074, l2_reg=0.0000, acc=0.7895
[ 2022-08-31 11:41:12,111][train_tran.train_nn_models] [Validation] Epoch=210, nll=863.7913, acc=0.6382
[ 2022-08-31 11:41:12,111][train_tran.train_nn_models] Found a better model at epoch 210.
[ 2022-08-31 11:41:14,732][train_tran.train_nn_models] [Training] Epoch=211, loss=700.3176, nll=700.3176, l2_reg=0.0000, acc=0.8022
[ 2022-08-31 11:41:14,733][train_tran.train_nn_models] [Validation] Epoch=211, nll=861.2823, acc=0.6448
[ 2022-08-31 11:41:14,733][train_tran.train_nn_models] Found a better model at epoch 211.
[ 2022-08-31 11:41:17,387][train_tran.train_nn_models] [Training] Epoch=212, loss=697.6905, nll=697.6905, l2_reg=0.0000, acc=0.8050
[ 2022-08-31 11:41:17,387][train_tran.train_nn_models] [Validation] Epoch=212, nll=871.1584, acc=0.6412
[ 2022-08-31 11:41:19,964][train_tran.train_nn_models] [Training] Epoch=213, loss=709.3422, nll=709.3422, l2_reg=0.0000, acc=0.8003
[ 2022-08-31 11:41:19,965][train_tran.train_nn_models] [Validation] Epoch=213, nll=847.3741, acc=0.6663
[ 2022-08-31 11:41:19,965][train_tran.train_nn_models] Found a better model at epoch 213.
[ 2022-08-31 11:41:22,610][train_tran.train_nn_models] [Training] Epoch=214, loss=703.5934, nll=703.5934, l2_reg=0.0000, acc=0.8080
[ 2022-08-31 11:41:22,610][train_tran.train_nn_models] [Validation] Epoch=214, nll=890.7834, acc=0.6380
[ 2022-08-31 11:41:25,230][train_tran.train_nn_models] [Training] Epoch=215, loss=698.6331, nll=698.6331, l2_reg=0.0000, acc=0.8081
[ 2022-08-31 11:41:25,231][train_tran.train_nn_models] [Validation] Epoch=215, nll=853.1898, acc=0.6559
[ 2022-08-31 11:41:27,961][train_tran.train_nn_models] [Training] Epoch=216, loss=675.1861, nll=675.1861, l2_reg=0.0000, acc=0.8226
[ 2022-08-31 11:41:27,962][train_tran.train_nn_models] [Validation] Epoch=216, nll=830.2621, acc=0.6791
[ 2022-08-31 11:41:27,962][train_tran.train_nn_models] Found a better model at epoch 216.
[ 2022-08-31 11:41:30,708][train_tran.train_nn_models] [Training] Epoch=217, loss=663.9354, nll=663.9354, l2_reg=0.0000, acc=0.8315
[ 2022-08-31 11:41:30,710][train_tran.train_nn_models] [Validation] Epoch=217, nll=852.1639, acc=0.6642
[ 2022-08-31 11:41:33,411][train_tran.train_nn_models] [Training] Epoch=218, loss=661.1874, nll=661.1874, l2_reg=0.0000, acc=0.8299
[ 2022-08-31 11:41:33,411][train_tran.train_nn_models] [Validation] Epoch=218, nll=848.4423, acc=0.6626
[ 2022-08-31 11:41:36,255][train_tran.train_nn_models] [Training] Epoch=219, loss=658.8008, nll=658.8008, l2_reg=0.0000, acc=0.8310
[ 2022-08-31 11:41:36,256][train_tran.train_nn_models] [Validation] Epoch=219, nll=852.3770, acc=0.6681
[ 2022-08-31 11:41:39,055][train_tran.train_nn_models] [Training] Epoch=220, loss=655.5375, nll=655.5375, l2_reg=0.0000, acc=0.8334
[ 2022-08-31 11:41:39,055][train_tran.train_nn_models] [Validation] Epoch=220, nll=855.1357, acc=0.6645
[ 2022-08-31 11:41:41,695][train_tran.train_nn_models] [Training] Epoch=221, loss=655.2917, nll=655.2917, l2_reg=0.0000, acc=0.8322
[ 2022-08-31 11:41:41,697][train_tran.train_nn_models] [Validation] Epoch=221, nll=851.1538, acc=0.6659
[ 2022-08-31 11:41:44,516][train_tran.train_nn_models] [Training] Epoch=222, loss=652.3969, nll=652.3969, l2_reg=0.0000, acc=0.8338
[ 2022-08-31 11:41:44,517][train_tran.train_nn_models] [Validation] Epoch=222, nll=852.3924, acc=0.6699
[ 2022-08-31 11:41:47,185][train_tran.train_nn_models] [Training] Epoch=223, loss=655.7986, nll=655.7986, l2_reg=0.0000, acc=0.8329
[ 2022-08-31 11:41:47,185][train_tran.train_nn_models] [Validation] Epoch=223, nll=869.7781, acc=0.6648
[ 2022-08-31 11:41:49,786][train_tran.train_nn_models] [Training] Epoch=224, loss=657.0767, nll=657.0767, l2_reg=0.0000, acc=0.8318
[ 2022-08-31 11:41:49,787][train_tran.train_nn_models] [Validation] Epoch=224, nll=850.2316, acc=0.6682
[ 2022-08-31 11:41:52,462][train_tran.train_nn_models] [Training] Epoch=225, loss=645.3026, nll=645.3026, l2_reg=0.0000, acc=0.8378
[ 2022-08-31 11:41:52,462][train_tran.train_nn_models] [Validation] Epoch=225, nll=834.2117, acc=0.6777
[ 2022-08-31 11:41:55,150][train_tran.train_nn_models] [Training] Epoch=226, loss=641.5279, nll=641.5279, l2_reg=0.0000, acc=0.8398
[ 2022-08-31 11:41:55,151][train_tran.train_nn_models] [Validation] Epoch=226, nll=837.8147, acc=0.6744
[ 2022-08-31 11:41:58,011][train_tran.train_nn_models] [Training] Epoch=227, loss=640.5147, nll=640.5147, l2_reg=0.0000, acc=0.8399
[ 2022-08-31 11:41:58,012][train_tran.train_nn_models] [Validation] Epoch=227, nll=836.2404, acc=0.6736
[ 2022-08-31 11:42:00,944][train_tran.train_nn_models] [Training] Epoch=228, loss=642.1045, nll=642.1045, l2_reg=0.0000, acc=0.8395
[ 2022-08-31 11:42:00,945][train_tran.train_nn_models] [Validation] Epoch=228, nll=834.6024, acc=0.6710
[ 2022-08-31 11:42:03,850][train_tran.train_nn_models] [Training] Epoch=229, loss=647.5148, nll=647.5148, l2_reg=0.0000, acc=0.8384
[ 2022-08-31 11:42:03,851][train_tran.train_nn_models] [Validation] Epoch=229, nll=821.4054, acc=0.6807
[ 2022-08-31 11:42:03,851][train_tran.train_nn_models] Found a better model at epoch 229.
[ 2022-08-31 11:42:06,637][train_tran.train_nn_models] [Training] Epoch=230, loss=636.7551, nll=636.7551, l2_reg=0.0000, acc=0.8437
[ 2022-08-31 11:42:06,638][train_tran.train_nn_models] [Validation] Epoch=230, nll=830.6154, acc=0.6713
[ 2022-08-31 11:42:09,399][train_tran.train_nn_models] [Training] Epoch=231, loss=630.6428, nll=630.6428, l2_reg=0.0000, acc=0.8444
[ 2022-08-31 11:42:09,399][train_tran.train_nn_models] [Validation] Epoch=231, nll=827.0037, acc=0.6752
[ 2022-08-31 11:42:12,040][train_tran.train_nn_models] [Training] Epoch=232, loss=624.7141, nll=624.7141, l2_reg=0.0000, acc=0.8463
[ 2022-08-31 11:42:12,041][train_tran.train_nn_models] [Validation] Epoch=232, nll=828.7068, acc=0.6796
[ 2022-08-31 11:42:14,899][train_tran.train_nn_models] [Training] Epoch=233, loss=623.8755, nll=623.8755, l2_reg=0.0000, acc=0.8471
[ 2022-08-31 11:42:14,899][train_tran.train_nn_models] [Validation] Epoch=233, nll=846.8680, acc=0.6732
[ 2022-08-31 11:42:17,529][train_tran.train_nn_models] [Training] Epoch=234, loss=839.9853, nll=839.9853, l2_reg=0.0000, acc=0.7407
[ 2022-08-31 11:42:17,530][train_tran.train_nn_models] [Validation] Epoch=234, nll=1066.4023, acc=0.4749
[ 2022-08-31 11:42:20,211][train_tran.train_nn_models] [Training] Epoch=235, loss=941.3074, nll=941.3074, l2_reg=0.0000, acc=0.6500
[ 2022-08-31 11:42:20,212][train_tran.train_nn_models] [Validation] Epoch=235, nll=925.3572, acc=0.6279
[ 2022-08-31 11:42:22,831][train_tran.train_nn_models] [Training] Epoch=236, loss=797.8248, nll=797.8248, l2_reg=0.0000, acc=0.7683
[ 2022-08-31 11:42:22,831][train_tran.train_nn_models] [Validation] Epoch=236, nll=850.7877, acc=0.6785
[ 2022-08-31 11:42:25,523][train_tran.train_nn_models] [Training] Epoch=237, loss=708.9678, nll=708.9678, l2_reg=0.0000, acc=0.8227
[ 2022-08-31 11:42:25,523][train_tran.train_nn_models] [Validation] Epoch=237, nll=850.9043, acc=0.6710
[ 2022-08-31 11:42:28,369][train_tran.train_nn_models] [Training] Epoch=238, loss=670.2662, nll=670.2662, l2_reg=0.0000, acc=0.8296
[ 2022-08-31 11:42:28,370][train_tran.train_nn_models] [Validation] Epoch=238, nll=831.6871, acc=0.6824
[ 2022-08-31 11:42:31,286][train_tran.train_nn_models] [Training] Epoch=239, loss=646.4938, nll=646.4938, l2_reg=0.0000, acc=0.8413
[ 2022-08-31 11:42:31,287][train_tran.train_nn_models] [Validation] Epoch=239, nll=810.3525, acc=0.6973
[ 2022-08-31 11:42:31,287][train_tran.train_nn_models] Found a better model at epoch 239.
[ 2022-08-31 11:42:34,139][train_tran.train_nn_models] [Training] Epoch=240, loss=627.9338, nll=627.9338, l2_reg=0.0000, acc=0.8498
[ 2022-08-31 11:42:34,140][train_tran.train_nn_models] [Validation] Epoch=240, nll=818.8574, acc=0.6885
[ 2022-08-31 11:42:36,909][train_tran.train_nn_models] [Training] Epoch=241, loss=624.1488, nll=624.1488, l2_reg=0.0000, acc=0.8500
[ 2022-08-31 11:42:36,910][train_tran.train_nn_models] [Validation] Epoch=241, nll=827.1118, acc=0.6864
[ 2022-08-31 11:42:39,583][train_tran.train_nn_models] [Training] Epoch=242, loss=620.4349, nll=620.4349, l2_reg=0.0000, acc=0.8500
[ 2022-08-31 11:42:39,585][train_tran.train_nn_models] [Validation] Epoch=242, nll=824.4215, acc=0.6878
[ 2022-08-31 11:42:42,306][train_tran.train_nn_models] [Training] Epoch=243, loss=616.6837, nll=616.6837, l2_reg=0.0000, acc=0.8506
[ 2022-08-31 11:42:42,306][train_tran.train_nn_models] [Validation] Epoch=243, nll=822.6615, acc=0.6860
[ 2022-08-31 11:42:45,017][train_tran.train_nn_models] [Training] Epoch=244, loss=613.0782, nll=613.0782, l2_reg=0.0000, acc=0.8506
[ 2022-08-31 11:42:45,018][train_tran.train_nn_models] [Validation] Epoch=244, nll=818.6931, acc=0.6881
[ 2022-08-31 11:42:47,877][train_tran.train_nn_models] [Training] Epoch=245, loss=609.8250, nll=609.8250, l2_reg=0.0000, acc=0.8513
[ 2022-08-31 11:42:47,878][train_tran.train_nn_models] [Validation] Epoch=245, nll=815.3630, acc=0.6910
[ 2022-08-31 11:42:50,649][train_tran.train_nn_models] [Training] Epoch=246, loss=607.4862, nll=607.4862, l2_reg=0.0000, acc=0.8522
[ 2022-08-31 11:42:50,650][train_tran.train_nn_models] [Validation] Epoch=246, nll=815.0099, acc=0.6893
[ 2022-08-31 11:42:53,461][train_tran.train_nn_models] [Training] Epoch=247, loss=606.2016, nll=606.2016, l2_reg=0.0000, acc=0.8527
[ 2022-08-31 11:42:53,462][train_tran.train_nn_models] [Validation] Epoch=247, nll=815.2588, acc=0.6890
[ 2022-08-31 11:42:56,323][train_tran.train_nn_models] [Training] Epoch=248, loss=605.1959, nll=605.1959, l2_reg=0.0000, acc=0.8526
[ 2022-08-31 11:42:56,324][train_tran.train_nn_models] [Validation] Epoch=248, nll=815.0004, acc=0.6898
[ 2022-08-31 11:42:59,111][train_tran.train_nn_models] [Training] Epoch=249, loss=604.7426, nll=604.7426, l2_reg=0.0000, acc=0.8525
[ 2022-08-31 11:42:59,111][train_tran.train_nn_models] [Validation] Epoch=249, nll=814.0851, acc=0.6901
[ 2022-08-31 11:42:59,397][train_tran.eval_nll] [Test]nll=1018.3691, acc=0.5189
[ 2022-08-31 12:06:43,251][train_tran.<module>]                    timestamp  ...                                             config
0 2022-08-31 12:06:43.226969  ...  {'model': 'Tran', 'dataset': 'pgem-1K-15', 'in...
1 2022-08-31 12:06:43.226969  ...  {'model': 'Tran', 'dataset': 'pgem-1K-15', 'in...
2 2022-08-31 12:06:43.226969  ...  {'model': 'Tran', 'dataset': 'pgem-1K-15', 'in...
3 2022-08-31 12:06:43.226969  ...  {'model': 'Tran', 'dataset': 'pgem-1K-15', 'in...
4 2022-08-31 12:06:43.226969  ...  {'model': 'Tran', 'dataset': 'pgem-1K-15', 'in...
5 2022-08-31 12:06:43.226969  ...  {'model': 'Tran', 'dataset': 'pgem-1K-15', 'in...

[6 rows x 7 columns]
