[ 2022-08-31 17:34:17,588][train_tran.<module>] Namespace(attr_batch_size=0, basis_type='dyadic', batch_size=64, bucket_seqs=False, cuda=True, dataset='pgem-1K-15', dropout=0.0, embedding_dim=64, epochs=250, hidden_size=64, input_dir='data/input', l2_reg=0, lr=0.0008, max_mean=20.0, model='Tran', n_bases=7, num_workers=0, occurred_type_only=False, optimizer='Adam', output_dir='data/output', rand_seed=1, skip_eval_infectivity=False, skip_pred_next_event=False, split_id=0, steps=50, tran_head=5, tran_layer=2, tune_metric='nll', verbose=False)
[ 2022-08-31 17:34:20,173][train_tran.train_nn_models] [Training] Epoch=0, loss=21672.3594, nll=21672.3594, l2_reg=0.0000, acc=0.0360
[ 2022-08-31 17:34:20,174][train_tran.train_nn_models] [Validation] Epoch=0, nll=12391.9512, acc=0.0275
[ 2022-08-31 17:34:22,503][train_tran.train_nn_models] [Training] Epoch=1, loss=6993.7734, nll=6993.7734, l2_reg=0.0000, acc=0.0260
[ 2022-08-31 17:34:22,503][train_tran.train_nn_models] [Validation] Epoch=1, nll=2843.7302, acc=0.0262
[ 2022-08-31 17:34:24,833][train_tran.train_nn_models] [Training] Epoch=2, loss=1869.9213, nll=1869.9213, l2_reg=0.0000, acc=0.0262
[ 2022-08-31 17:34:24,834][train_tran.train_nn_models] [Validation] Epoch=2, nll=1428.7311, acc=0.0258
[ 2022-08-31 17:34:27,138][train_tran.train_nn_models] [Training] Epoch=3, loss=1384.6824, nll=1384.6824, l2_reg=0.0000, acc=0.1219
[ 2022-08-31 17:34:27,139][train_tran.train_nn_models] [Validation] Epoch=3, nll=1311.3333, acc=0.1742
[ 2022-08-31 17:34:29,466][train_tran.train_nn_models] [Training] Epoch=4, loss=1295.9220, nll=1295.9220, l2_reg=0.0000, acc=0.1787
[ 2022-08-31 17:34:29,467][train_tran.train_nn_models] [Validation] Epoch=4, nll=1244.8997, acc=0.1873
[ 2022-08-31 17:34:31,718][train_tran.train_nn_models] [Training] Epoch=5, loss=1253.3800, nll=1253.3800, l2_reg=0.0000, acc=0.1863
[ 2022-08-31 17:34:31,718][train_tran.train_nn_models] [Validation] Epoch=5, nll=1236.0967, acc=0.1894
[ 2022-08-31 17:34:34,056][train_tran.train_nn_models] [Training] Epoch=6, loss=1242.8871, nll=1242.8871, l2_reg=0.0000, acc=0.1876
[ 2022-08-31 17:34:34,057][train_tran.train_nn_models] [Validation] Epoch=6, nll=1227.6277, acc=0.1912
[ 2022-08-31 17:34:36,373][train_tran.train_nn_models] [Training] Epoch=7, loss=1236.8962, nll=1236.8962, l2_reg=0.0000, acc=0.1866
[ 2022-08-31 17:34:36,374][train_tran.train_nn_models] [Validation] Epoch=7, nll=1223.3717, acc=0.1871
[ 2022-08-31 17:34:38,686][train_tran.train_nn_models] [Training] Epoch=8, loss=1233.4209, nll=1233.4209, l2_reg=0.0000, acc=0.1873
[ 2022-08-31 17:34:38,686][train_tran.train_nn_models] [Validation] Epoch=8, nll=1221.2036, acc=0.1892
[ 2022-08-31 17:34:40,960][train_tran.train_nn_models] [Training] Epoch=9, loss=1230.9496, nll=1230.9496, l2_reg=0.0000, acc=0.1878
[ 2022-08-31 17:34:40,960][train_tran.train_nn_models] [Validation] Epoch=9, nll=1219.0453, acc=0.1919
[ 2022-08-31 17:34:43,315][train_tran.train_nn_models] [Training] Epoch=10, loss=1229.0470, nll=1229.0470, l2_reg=0.0000, acc=0.1878
[ 2022-08-31 17:34:43,315][train_tran.train_nn_models] [Validation] Epoch=10, nll=1217.4196, acc=0.1907
[ 2022-08-31 17:34:45,592][train_tran.train_nn_models] [Training] Epoch=11, loss=1227.5692, nll=1227.5692, l2_reg=0.0000, acc=0.1882
[ 2022-08-31 17:34:45,592][train_tran.train_nn_models] [Validation] Epoch=11, nll=1216.1471, acc=0.1898
[ 2022-08-31 17:34:47,891][train_tran.train_nn_models] [Training] Epoch=12, loss=1226.4044, nll=1226.4044, l2_reg=0.0000, acc=0.1873
[ 2022-08-31 17:34:47,891][train_tran.train_nn_models] [Validation] Epoch=12, nll=1215.1099, acc=0.1900
[ 2022-08-31 17:34:50,187][train_tran.train_nn_models] [Training] Epoch=13, loss=1225.4971, nll=1225.4971, l2_reg=0.0000, acc=0.1872
[ 2022-08-31 17:34:50,188][train_tran.train_nn_models] [Validation] Epoch=13, nll=1214.3427, acc=0.1893
[ 2022-08-31 17:34:52,431][train_tran.train_nn_models] [Training] Epoch=14, loss=1224.8793, nll=1224.8793, l2_reg=0.0000, acc=0.1870
[ 2022-08-31 17:34:52,432][train_tran.train_nn_models] [Validation] Epoch=14, nll=1213.6733, acc=0.1889
[ 2022-08-31 17:34:54,740][train_tran.train_nn_models] [Training] Epoch=15, loss=1224.3995, nll=1224.3995, l2_reg=0.0000, acc=0.1871
[ 2022-08-31 17:34:54,740][train_tran.train_nn_models] [Validation] Epoch=15, nll=1213.1611, acc=0.1886
[ 2022-08-31 17:34:57,059][train_tran.train_nn_models] [Training] Epoch=16, loss=1223.9534, nll=1223.9534, l2_reg=0.0000, acc=0.1869
[ 2022-08-31 17:34:57,059][train_tran.train_nn_models] [Validation] Epoch=16, nll=1212.6840, acc=0.1885
[ 2022-08-31 17:34:59,372][train_tran.train_nn_models] [Training] Epoch=17, loss=1223.5609, nll=1223.5609, l2_reg=0.0000, acc=0.1868
[ 2022-08-31 17:34:59,372][train_tran.train_nn_models] [Validation] Epoch=17, nll=1212.2394, acc=0.1886
[ 2022-08-31 17:35:01,569][train_tran.train_nn_models] [Training] Epoch=18, loss=1223.1989, nll=1223.1989, l2_reg=0.0000, acc=0.1868
[ 2022-08-31 17:35:01,569][train_tran.train_nn_models] [Validation] Epoch=18, nll=1211.8226, acc=0.1889
[ 2022-08-31 17:35:03,906][train_tran.train_nn_models] [Training] Epoch=19, loss=1222.8654, nll=1222.8654, l2_reg=0.0000, acc=0.1867
[ 2022-08-31 17:35:03,906][train_tran.train_nn_models] [Validation] Epoch=19, nll=1211.4316, acc=0.1894
[ 2022-08-31 17:35:06,225][train_tran.train_nn_models] [Training] Epoch=20, loss=1222.5624, nll=1222.5624, l2_reg=0.0000, acc=0.1863
[ 2022-08-31 17:35:06,225][train_tran.train_nn_models] [Validation] Epoch=20, nll=1211.0746, acc=0.1893
[ 2022-08-31 17:35:08,555][train_tran.train_nn_models] [Training] Epoch=21, loss=1222.2869, nll=1222.2869, l2_reg=0.0000, acc=0.1864
[ 2022-08-31 17:35:08,555][train_tran.train_nn_models] [Validation] Epoch=21, nll=1210.7563, acc=0.1898
[ 2022-08-31 17:35:10,820][train_tran.train_nn_models] [Training] Epoch=22, loss=1222.0472, nll=1222.0472, l2_reg=0.0000, acc=0.1862
[ 2022-08-31 17:35:10,820][train_tran.train_nn_models] [Validation] Epoch=22, nll=1210.4852, acc=0.1911
[ 2022-08-31 17:35:13,123][train_tran.train_nn_models] [Training] Epoch=23, loss=1221.8484, nll=1221.8484, l2_reg=0.0000, acc=0.1863
[ 2022-08-31 17:35:13,124][train_tran.train_nn_models] [Validation] Epoch=23, nll=1210.2620, acc=0.1908
[ 2022-08-31 17:35:15,469][train_tran.train_nn_models] [Training] Epoch=24, loss=1221.6851, nll=1221.6851, l2_reg=0.0000, acc=0.1865
[ 2022-08-31 17:35:15,470][train_tran.train_nn_models] [Validation] Epoch=24, nll=1210.0764, acc=0.1906
[ 2022-08-31 17:35:17,756][train_tran.train_nn_models] [Training] Epoch=25, loss=1221.5500, nll=1221.5500, l2_reg=0.0000, acc=0.1864
[ 2022-08-31 17:35:17,757][train_tran.train_nn_models] [Validation] Epoch=25, nll=1209.9208, acc=0.1907
[ 2022-08-31 17:35:20,107][train_tran.train_nn_models] [Training] Epoch=26, loss=1221.4365, nll=1221.4365, l2_reg=0.0000, acc=0.1864
[ 2022-08-31 17:35:20,108][train_tran.train_nn_models] [Validation] Epoch=26, nll=1209.7885, acc=0.1907
[ 2022-08-31 17:35:22,399][train_tran.train_nn_models] [Training] Epoch=27, loss=1221.3390, nll=1221.3390, l2_reg=0.0000, acc=0.1864
[ 2022-08-31 17:35:22,399][train_tran.train_nn_models] [Validation] Epoch=27, nll=1209.6741, acc=0.1911
[ 2022-08-31 17:35:24,632][train_tran.train_nn_models] [Training] Epoch=28, loss=1221.2539, nll=1221.2539, l2_reg=0.0000, acc=0.1863
[ 2022-08-31 17:35:24,632][train_tran.train_nn_models] [Validation] Epoch=28, nll=1209.5742, acc=0.1907
[ 2022-08-31 17:35:27,002][train_tran.train_nn_models] [Training] Epoch=29, loss=1221.1780, nll=1221.1780, l2_reg=0.0000, acc=0.1864
[ 2022-08-31 17:35:27,003][train_tran.train_nn_models] [Validation] Epoch=29, nll=1209.4851, acc=0.1907
[ 2022-08-31 17:35:29,308][train_tran.train_nn_models] [Training] Epoch=30, loss=1221.1091, nll=1221.1091, l2_reg=0.0000, acc=0.1865
[ 2022-08-31 17:35:29,308][train_tran.train_nn_models] [Validation] Epoch=30, nll=1209.4047, acc=0.1906
[ 2022-08-31 17:35:31,645][train_tran.train_nn_models] [Training] Epoch=31, loss=1221.0454, nll=1221.0454, l2_reg=0.0000, acc=0.1867
[ 2022-08-31 17:35:31,646][train_tran.train_nn_models] [Validation] Epoch=31, nll=1209.3306, acc=0.1904
[ 2022-08-31 17:35:33,935][train_tran.train_nn_models] [Training] Epoch=32, loss=1220.9861, nll=1220.9861, l2_reg=0.0000, acc=0.1867
[ 2022-08-31 17:35:33,936][train_tran.train_nn_models] [Validation] Epoch=32, nll=1209.2616, acc=0.1898
[ 2022-08-31 17:35:36,257][train_tran.train_nn_models] [Training] Epoch=33, loss=1220.9291, nll=1220.9291, l2_reg=0.0000, acc=0.1869
[ 2022-08-31 17:35:36,257][train_tran.train_nn_models] [Validation] Epoch=33, nll=1209.1964, acc=0.1897
[ 2022-08-31 17:35:38,532][train_tran.train_nn_models] [Training] Epoch=34, loss=1220.8740, nll=1220.8740, l2_reg=0.0000, acc=0.1874
[ 2022-08-31 17:35:38,533][train_tran.train_nn_models] [Validation] Epoch=34, nll=1209.1340, acc=0.1898
[ 2022-08-31 17:35:40,833][train_tran.train_nn_models] [Training] Epoch=35, loss=1220.8203, nll=1220.8203, l2_reg=0.0000, acc=0.1872
[ 2022-08-31 17:35:40,833][train_tran.train_nn_models] [Validation] Epoch=35, nll=1209.0756, acc=0.1888
[ 2022-08-31 17:35:43,154][train_tran.train_nn_models] [Training] Epoch=36, loss=1220.7706, nll=1220.7706, l2_reg=0.0000, acc=0.1872
[ 2022-08-31 17:35:43,154][train_tran.train_nn_models] [Validation] Epoch=36, nll=1209.0249, acc=0.1890
[ 2022-08-31 17:35:45,503][train_tran.train_nn_models] [Training] Epoch=37, loss=1220.7272, nll=1220.7272, l2_reg=0.0000, acc=0.1871
[ 2022-08-31 17:35:45,503][train_tran.train_nn_models] [Validation] Epoch=37, nll=1208.9811, acc=0.1892
[ 2022-08-31 17:35:47,821][train_tran.train_nn_models] [Training] Epoch=38, loss=1220.6882, nll=1220.6882, l2_reg=0.0000, acc=0.1871
[ 2022-08-31 17:35:47,821][train_tran.train_nn_models] [Validation] Epoch=38, nll=1208.9426, acc=0.1892
[ 2022-08-31 17:35:50,113][train_tran.train_nn_models] [Training] Epoch=39, loss=1220.6525, nll=1220.6525, l2_reg=0.0000, acc=0.1876
[ 2022-08-31 17:35:50,114][train_tran.train_nn_models] [Validation] Epoch=39, nll=1208.9066, acc=0.1901
[ 2022-08-31 17:35:52,404][train_tran.train_nn_models] [Training] Epoch=40, loss=1220.6176, nll=1220.6176, l2_reg=0.0000, acc=0.1876
[ 2022-08-31 17:35:52,404][train_tran.train_nn_models] [Validation] Epoch=40, nll=1208.8710, acc=0.1902
[ 2022-08-31 17:35:54,739][train_tran.train_nn_models] [Training] Epoch=41, loss=1220.5833, nll=1220.5833, l2_reg=0.0000, acc=0.1874
[ 2022-08-31 17:35:54,739][train_tran.train_nn_models] [Validation] Epoch=41, nll=1208.8361, acc=0.1901
[ 2022-08-31 17:35:57,051][train_tran.train_nn_models] [Training] Epoch=42, loss=1220.5497, nll=1220.5497, l2_reg=0.0000, acc=0.1872
[ 2022-08-31 17:35:57,052][train_tran.train_nn_models] [Validation] Epoch=42, nll=1208.8026, acc=0.1896
[ 2022-08-31 17:35:59,368][train_tran.train_nn_models] [Training] Epoch=43, loss=1220.5165, nll=1220.5165, l2_reg=0.0000, acc=0.1872
[ 2022-08-31 17:35:59,368][train_tran.train_nn_models] [Validation] Epoch=43, nll=1208.7697, acc=0.1895
[ 2022-08-31 17:36:01,659][train_tran.train_nn_models] [Training] Epoch=44, loss=1220.4841, nll=1220.4841, l2_reg=0.0000, acc=0.1867
[ 2022-08-31 17:36:01,660][train_tran.train_nn_models] [Validation] Epoch=44, nll=1208.7375, acc=0.1889
[ 2022-08-31 17:36:03,985][train_tran.train_nn_models] [Training] Epoch=45, loss=1220.4518, nll=1220.4518, l2_reg=0.0000, acc=0.1864
[ 2022-08-31 17:36:03,985][train_tran.train_nn_models] [Validation] Epoch=45, nll=1208.7064, acc=0.1886
[ 2022-08-31 17:36:06,295][train_tran.train_nn_models] [Training] Epoch=46, loss=1220.4203, nll=1220.4203, l2_reg=0.0000, acc=0.1864
[ 2022-08-31 17:36:06,295][train_tran.train_nn_models] [Validation] Epoch=46, nll=1208.6761, acc=0.1884
[ 2022-08-31 17:36:08,592][train_tran.train_nn_models] [Training] Epoch=47, loss=1220.3893, nll=1220.3893, l2_reg=0.0000, acc=0.1864
[ 2022-08-31 17:36:08,592][train_tran.train_nn_models] [Validation] Epoch=47, nll=1208.6465, acc=0.1881
[ 2022-08-31 17:36:10,905][train_tran.train_nn_models] [Training] Epoch=48, loss=1220.3593, nll=1220.3593, l2_reg=0.0000, acc=0.1864
[ 2022-08-31 17:36:10,905][train_tran.train_nn_models] [Validation] Epoch=48, nll=1208.6182, acc=0.1878
[ 2022-08-31 17:36:13,248][train_tran.train_nn_models] [Training] Epoch=49, loss=1220.3302, nll=1220.3302, l2_reg=0.0000, acc=0.1864
[ 2022-08-31 17:36:13,249][train_tran.train_nn_models] [Validation] Epoch=49, nll=1208.5909, acc=0.1885
[ 2022-08-31 17:36:15,555][train_tran.train_nn_models] [Training] Epoch=50, loss=1220.3022, nll=1220.3022, l2_reg=0.0000, acc=0.1869
[ 2022-08-31 17:36:15,556][train_tran.train_nn_models] [Validation] Epoch=50, nll=1208.5648, acc=0.1882
[ 2022-08-31 17:36:17,883][train_tran.train_nn_models] [Training] Epoch=51, loss=1220.2754, nll=1220.2754, l2_reg=0.0000, acc=0.1868
[ 2022-08-31 17:36:17,883][train_tran.train_nn_models] [Validation] Epoch=51, nll=1208.5400, acc=0.1885
[ 2022-08-31 17:36:20,226][train_tran.train_nn_models] [Training] Epoch=52, loss=1220.2501, nll=1220.2501, l2_reg=0.0000, acc=0.1869
[ 2022-08-31 17:36:20,227][train_tran.train_nn_models] [Validation] Epoch=52, nll=1208.5167, acc=0.1889
[ 2022-08-31 17:36:22,558][train_tran.train_nn_models] [Training] Epoch=53, loss=1220.2263, nll=1220.2263, l2_reg=0.0000, acc=0.1869
[ 2022-08-31 17:36:22,558][train_tran.train_nn_models] [Validation] Epoch=53, nll=1208.4948, acc=0.1892
[ 2022-08-31 17:36:24,847][train_tran.train_nn_models] [Training] Epoch=54, loss=1220.2042, nll=1220.2042, l2_reg=0.0000, acc=0.1869
[ 2022-08-31 17:36:24,847][train_tran.train_nn_models] [Validation] Epoch=54, nll=1208.4740, acc=0.1886
[ 2022-08-31 17:36:27,138][train_tran.train_nn_models] [Training] Epoch=55, loss=1220.1836, nll=1220.1836, l2_reg=0.0000, acc=0.1865
[ 2022-08-31 17:36:27,139][train_tran.train_nn_models] [Validation] Epoch=55, nll=1208.4546, acc=0.1885
[ 2022-08-31 17:36:29,460][train_tran.train_nn_models] [Training] Epoch=56, loss=1220.1642, nll=1220.1642, l2_reg=0.0000, acc=0.1864
[ 2022-08-31 17:36:29,460][train_tran.train_nn_models] [Validation] Epoch=56, nll=1208.4363, acc=0.1885
[ 2022-08-31 17:36:31,785][train_tran.train_nn_models] [Training] Epoch=57, loss=1220.1464, nll=1220.1464, l2_reg=0.0000, acc=0.1866
[ 2022-08-31 17:36:31,785][train_tran.train_nn_models] [Validation] Epoch=57, nll=1208.4192, acc=0.1887
[ 2022-08-31 17:36:34,066][train_tran.train_nn_models] [Training] Epoch=58, loss=1220.1295, nll=1220.1295, l2_reg=0.0000, acc=0.1865
[ 2022-08-31 17:36:34,066][train_tran.train_nn_models] [Validation] Epoch=58, nll=1208.4031, acc=0.1887
[ 2022-08-31 17:36:36,350][train_tran.train_nn_models] [Training] Epoch=59, loss=1220.1135, nll=1220.1135, l2_reg=0.0000, acc=0.1867
[ 2022-08-31 17:36:36,351][train_tran.train_nn_models] [Validation] Epoch=59, nll=1208.3879, acc=0.1887
[ 2022-08-31 17:36:38,627][train_tran.train_nn_models] [Training] Epoch=60, loss=1220.0985, nll=1220.0985, l2_reg=0.0000, acc=0.1865
[ 2022-08-31 17:36:38,628][train_tran.train_nn_models] [Validation] Epoch=60, nll=1208.3733, acc=0.1892
[ 2022-08-31 17:36:40,940][train_tran.train_nn_models] [Training] Epoch=61, loss=1220.0840, nll=1220.0840, l2_reg=0.0000, acc=0.1863
[ 2022-08-31 17:36:40,940][train_tran.train_nn_models] [Validation] Epoch=61, nll=1208.3594, acc=0.1900
[ 2022-08-31 17:36:43,230][train_tran.train_nn_models] [Training] Epoch=62, loss=1220.0701, nll=1220.0701, l2_reg=0.0000, acc=0.1862
[ 2022-08-31 17:36:43,231][train_tran.train_nn_models] [Validation] Epoch=62, nll=1208.3461, acc=0.1897
[ 2022-08-31 17:36:45,546][train_tran.train_nn_models] [Training] Epoch=63, loss=1220.0564, nll=1220.0564, l2_reg=0.0000, acc=0.1861
[ 2022-08-31 17:36:45,547][train_tran.train_nn_models] [Validation] Epoch=63, nll=1208.3333, acc=0.1896
[ 2022-08-31 17:36:47,879][train_tran.train_nn_models] [Training] Epoch=64, loss=1220.0431, nll=1220.0431, l2_reg=0.0000, acc=0.1861
[ 2022-08-31 17:36:47,880][train_tran.train_nn_models] [Validation] Epoch=64, nll=1208.3213, acc=0.1892
[ 2022-08-31 17:36:50,169][train_tran.train_nn_models] [Training] Epoch=65, loss=1220.0302, nll=1220.0302, l2_reg=0.0000, acc=0.1859
[ 2022-08-31 17:36:50,170][train_tran.train_nn_models] [Validation] Epoch=65, nll=1208.3098, acc=0.1892
[ 2022-08-31 17:36:52,462][train_tran.train_nn_models] [Training] Epoch=66, loss=1220.0175, nll=1220.0175, l2_reg=0.0000, acc=0.1859
[ 2022-08-31 17:36:52,463][train_tran.train_nn_models] [Validation] Epoch=66, nll=1208.2992, acc=0.1884
[ 2022-08-31 17:36:54,743][train_tran.train_nn_models] [Training] Epoch=67, loss=1220.0049, nll=1220.0049, l2_reg=0.0000, acc=0.1859
[ 2022-08-31 17:36:54,743][train_tran.train_nn_models] [Validation] Epoch=67, nll=1208.2886, acc=0.1882
[ 2022-08-31 17:36:57,064][train_tran.train_nn_models] [Training] Epoch=68, loss=1219.9928, nll=1219.9928, l2_reg=0.0000, acc=0.1858
[ 2022-08-31 17:36:57,064][train_tran.train_nn_models] [Validation] Epoch=68, nll=1208.2783, acc=0.1879
[ 2022-08-31 17:36:59,375][train_tran.train_nn_models] [Training] Epoch=69, loss=1219.9806, nll=1219.9806, l2_reg=0.0000, acc=0.1858
[ 2022-08-31 17:36:59,376][train_tran.train_nn_models] [Validation] Epoch=69, nll=1208.2679, acc=0.1878
[ 2022-08-31 17:37:01,708][train_tran.train_nn_models] [Training] Epoch=70, loss=1219.9684, nll=1219.9684, l2_reg=0.0000, acc=0.1858
[ 2022-08-31 17:37:01,709][train_tran.train_nn_models] [Validation] Epoch=70, nll=1208.2571, acc=0.1881
[ 2022-08-31 17:37:04,000][train_tran.train_nn_models] [Training] Epoch=71, loss=1219.9565, nll=1219.9565, l2_reg=0.0000, acc=0.1859
[ 2022-08-31 17:37:04,000][train_tran.train_nn_models] [Validation] Epoch=71, nll=1208.2456, acc=0.1880
[ 2022-08-31 17:37:06,345][train_tran.train_nn_models] [Training] Epoch=72, loss=1219.9436, nll=1219.9436, l2_reg=0.0000, acc=0.1859
[ 2022-08-31 17:37:06,346][train_tran.train_nn_models] [Validation] Epoch=72, nll=1208.2328, acc=0.1874
[ 2022-08-31 17:37:08,687][train_tran.train_nn_models] [Training] Epoch=73, loss=1219.9297, nll=1219.9297, l2_reg=0.0000, acc=0.1859
[ 2022-08-31 17:37:08,687][train_tran.train_nn_models] [Validation] Epoch=73, nll=1208.2192, acc=0.1875
[ 2022-08-31 17:37:11,026][train_tran.train_nn_models] [Training] Epoch=74, loss=1219.9147, nll=1219.9147, l2_reg=0.0000, acc=0.1860
[ 2022-08-31 17:37:11,027][train_tran.train_nn_models] [Validation] Epoch=74, nll=1208.2074, acc=0.1872
[ 2022-08-31 17:37:13,376][train_tran.train_nn_models] [Training] Epoch=75, loss=1219.8997, nll=1219.8997, l2_reg=0.0000, acc=0.1860
[ 2022-08-31 17:37:13,377][train_tran.train_nn_models] [Validation] Epoch=75, nll=1208.1974, acc=0.1874
[ 2022-08-31 17:37:15,728][train_tran.train_nn_models] [Training] Epoch=76, loss=1219.8853, nll=1219.8853, l2_reg=0.0000, acc=0.1860
[ 2022-08-31 17:37:15,728][train_tran.train_nn_models] [Validation] Epoch=76, nll=1208.1879, acc=0.1875
[ 2022-08-31 17:37:18,016][train_tran.train_nn_models] [Training] Epoch=77, loss=1219.8708, nll=1219.8708, l2_reg=0.0000, acc=0.1860
[ 2022-08-31 17:37:18,017][train_tran.train_nn_models] [Validation] Epoch=77, nll=1208.1783, acc=0.1876
[ 2022-08-31 17:37:20,338][train_tran.train_nn_models] [Training] Epoch=78, loss=1219.8553, nll=1219.8553, l2_reg=0.0000, acc=0.1860
[ 2022-08-31 17:37:20,338][train_tran.train_nn_models] [Validation] Epoch=78, nll=1208.1698, acc=0.1876
[ 2022-08-31 17:37:22,626][train_tran.train_nn_models] [Training] Epoch=79, loss=1219.8385, nll=1219.8385, l2_reg=0.0000, acc=0.1860
[ 2022-08-31 17:37:22,626][train_tran.train_nn_models] [Validation] Epoch=79, nll=1208.1636, acc=0.1877
[ 2022-08-31 17:37:24,962][train_tran.train_nn_models] [Training] Epoch=80, loss=1219.8206, nll=1219.8206, l2_reg=0.0000, acc=0.1861
[ 2022-08-31 17:37:24,963][train_tran.train_nn_models] [Validation] Epoch=80, nll=1208.1564, acc=0.1877
[ 2022-08-31 17:37:27,279][train_tran.train_nn_models] [Training] Epoch=81, loss=1219.8021, nll=1219.8021, l2_reg=0.0000, acc=0.1860
[ 2022-08-31 17:37:27,280][train_tran.train_nn_models] [Validation] Epoch=81, nll=1208.1448, acc=0.1878
[ 2022-08-31 17:37:29,512][train_tran.train_nn_models] [Training] Epoch=82, loss=1219.7843, nll=1219.7843, l2_reg=0.0000, acc=0.1860
[ 2022-08-31 17:37:29,513][train_tran.train_nn_models] [Validation] Epoch=82, nll=1208.1278, acc=0.1878
[ 2022-08-31 17:37:31,784][train_tran.train_nn_models] [Training] Epoch=83, loss=1219.7662, nll=1219.7662, l2_reg=0.0000, acc=0.1861
[ 2022-08-31 17:37:31,785][train_tran.train_nn_models] [Validation] Epoch=83, nll=1208.1085, acc=0.1875
[ 2022-08-31 17:37:34,083][train_tran.train_nn_models] [Training] Epoch=84, loss=1219.7499, nll=1219.7499, l2_reg=0.0000, acc=0.1863
[ 2022-08-31 17:37:34,083][train_tran.train_nn_models] [Validation] Epoch=84, nll=1208.0922, acc=0.1875
[ 2022-08-31 17:37:36,242][train_tran.train_nn_models] [Training] Epoch=85, loss=1219.7344, nll=1219.7344, l2_reg=0.0000, acc=0.1863
[ 2022-08-31 17:37:36,242][train_tran.train_nn_models] [Validation] Epoch=85, nll=1208.0789, acc=0.1876
[ 2022-08-31 17:37:38,389][train_tran.train_nn_models] [Training] Epoch=86, loss=1219.7194, nll=1219.7194, l2_reg=0.0000, acc=0.1863
[ 2022-08-31 17:37:38,389][train_tran.train_nn_models] [Validation] Epoch=86, nll=1208.0664, acc=0.1878
[ 2022-08-31 17:37:40,523][train_tran.train_nn_models] [Training] Epoch=87, loss=1219.7046, nll=1219.7046, l2_reg=0.0000, acc=0.1865
[ 2022-08-31 17:37:40,523][train_tran.train_nn_models] [Validation] Epoch=87, nll=1208.0531, acc=0.1878
[ 2022-08-31 17:37:42,662][train_tran.train_nn_models] [Training] Epoch=88, loss=1219.6885, nll=1219.6885, l2_reg=0.0000, acc=0.1863
[ 2022-08-31 17:37:42,663][train_tran.train_nn_models] [Validation] Epoch=88, nll=1208.0408, acc=0.1880
[ 2022-08-31 17:37:44,806][train_tran.train_nn_models] [Training] Epoch=89, loss=1219.6714, nll=1219.6714, l2_reg=0.0000, acc=0.1864
[ 2022-08-31 17:37:44,806][train_tran.train_nn_models] [Validation] Epoch=89, nll=1208.0281, acc=0.1881
[ 2022-08-31 17:37:46,958][train_tran.train_nn_models] [Training] Epoch=90, loss=1219.6514, nll=1219.6514, l2_reg=0.0000, acc=0.1867
[ 2022-08-31 17:37:46,958][train_tran.train_nn_models] [Validation] Epoch=90, nll=1208.0183, acc=0.1881
[ 2022-08-31 17:37:49,107][train_tran.train_nn_models] [Training] Epoch=91, loss=1219.6273, nll=1219.6273, l2_reg=0.0000, acc=0.1868
[ 2022-08-31 17:37:49,108][train_tran.train_nn_models] [Validation] Epoch=91, nll=1208.0067, acc=0.1881
[ 2022-08-31 17:37:51,250][train_tran.train_nn_models] [Training] Epoch=92, loss=1219.5992, nll=1219.5992, l2_reg=0.0000, acc=0.1870
[ 2022-08-31 17:37:51,250][train_tran.train_nn_models] [Validation] Epoch=92, nll=1207.9869, acc=0.1882
[ 2022-08-31 17:37:53,392][train_tran.train_nn_models] [Training] Epoch=93, loss=1219.5667, nll=1219.5667, l2_reg=0.0000, acc=0.1870
[ 2022-08-31 17:37:53,392][train_tran.train_nn_models] [Validation] Epoch=93, nll=1207.9670, acc=0.1882
[ 2022-08-31 17:37:55,538][train_tran.train_nn_models] [Training] Epoch=94, loss=1219.5375, nll=1219.5375, l2_reg=0.0000, acc=0.1869
[ 2022-08-31 17:37:55,539][train_tran.train_nn_models] [Validation] Epoch=94, nll=1207.9473, acc=0.1881
[ 2022-08-31 17:37:57,693][train_tran.train_nn_models] [Training] Epoch=95, loss=1219.5077, nll=1219.5077, l2_reg=0.0000, acc=0.1869
[ 2022-08-31 17:37:57,694][train_tran.train_nn_models] [Validation] Epoch=95, nll=1207.9260, acc=0.1880
[ 2022-08-31 17:37:59,845][train_tran.train_nn_models] [Training] Epoch=96, loss=1219.4755, nll=1219.4755, l2_reg=0.0000, acc=0.1869
[ 2022-08-31 17:37:59,845][train_tran.train_nn_models] [Validation] Epoch=96, nll=1207.9202, acc=0.1881
[ 2022-08-31 17:38:01,983][train_tran.train_nn_models] [Training] Epoch=97, loss=1219.4489, nll=1219.4489, l2_reg=0.0000, acc=0.1869
[ 2022-08-31 17:38:01,984][train_tran.train_nn_models] [Validation] Epoch=97, nll=1207.9105, acc=0.1880
[ 2022-08-31 17:38:04,141][train_tran.train_nn_models] [Training] Epoch=98, loss=1219.4242, nll=1219.4242, l2_reg=0.0000, acc=0.1868
[ 2022-08-31 17:38:04,142][train_tran.train_nn_models] [Validation] Epoch=98, nll=1207.9030, acc=0.1881
[ 2022-08-31 17:38:06,287][train_tran.train_nn_models] [Training] Epoch=99, loss=1219.4037, nll=1219.4037, l2_reg=0.0000, acc=0.1868
[ 2022-08-31 17:38:06,287][train_tran.train_nn_models] [Validation] Epoch=99, nll=1207.8927, acc=0.1881
[ 2022-08-31 17:38:08,428][train_tran.train_nn_models] [Training] Epoch=100, loss=1219.3831, nll=1219.3831, l2_reg=0.0000, acc=0.1867
[ 2022-08-31 17:38:08,428][train_tran.train_nn_models] [Validation] Epoch=100, nll=1207.8861, acc=0.1879
[ 2022-08-31 17:38:10,571][train_tran.train_nn_models] [Training] Epoch=101, loss=1219.3623, nll=1219.3623, l2_reg=0.0000, acc=0.1865
[ 2022-08-31 17:38:10,571][train_tran.train_nn_models] [Validation] Epoch=101, nll=1207.8750, acc=0.1880
[ 2022-08-31 17:38:12,721][train_tran.train_nn_models] [Training] Epoch=102, loss=1219.3418, nll=1219.3418, l2_reg=0.0000, acc=0.1866
[ 2022-08-31 17:38:12,721][train_tran.train_nn_models] [Validation] Epoch=102, nll=1207.8669, acc=0.1881
[ 2022-08-31 17:38:14,859][train_tran.train_nn_models] [Training] Epoch=103, loss=1219.3210, nll=1219.3210, l2_reg=0.0000, acc=0.1865
[ 2022-08-31 17:38:14,859][train_tran.train_nn_models] [Validation] Epoch=103, nll=1207.8578, acc=0.1882
[ 2022-08-31 17:38:17,000][train_tran.train_nn_models] [Training] Epoch=104, loss=1219.3009, nll=1219.3009, l2_reg=0.0000, acc=0.1866
[ 2022-08-31 17:38:17,000][train_tran.train_nn_models] [Validation] Epoch=104, nll=1207.8492, acc=0.1883
[ 2022-08-31 17:38:19,140][train_tran.train_nn_models] [Training] Epoch=105, loss=1219.2822, nll=1219.2822, l2_reg=0.0000, acc=0.1866
[ 2022-08-31 17:38:19,140][train_tran.train_nn_models] [Validation] Epoch=105, nll=1207.8392, acc=0.1884
[ 2022-08-31 17:38:21,285][train_tran.train_nn_models] [Training] Epoch=106, loss=1219.2627, nll=1219.2627, l2_reg=0.0000, acc=0.1867
[ 2022-08-31 17:38:21,286][train_tran.train_nn_models] [Validation] Epoch=106, nll=1207.8361, acc=0.1882
[ 2022-08-31 17:38:23,423][train_tran.train_nn_models] [Training] Epoch=107, loss=1219.2467, nll=1219.2467, l2_reg=0.0000, acc=0.1866
[ 2022-08-31 17:38:23,424][train_tran.train_nn_models] [Validation] Epoch=107, nll=1207.8292, acc=0.1882
[ 2022-08-31 17:38:25,573][train_tran.train_nn_models] [Training] Epoch=108, loss=1219.2308, nll=1219.2308, l2_reg=0.0000, acc=0.1867
[ 2022-08-31 17:38:25,573][train_tran.train_nn_models] [Validation] Epoch=108, nll=1207.8254, acc=0.1882
[ 2022-08-31 17:38:27,718][train_tran.train_nn_models] [Training] Epoch=109, loss=1219.2157, nll=1219.2157, l2_reg=0.0000, acc=0.1867
[ 2022-08-31 17:38:27,719][train_tran.train_nn_models] [Validation] Epoch=109, nll=1207.8226, acc=0.1882
[ 2022-08-31 17:38:29,863][train_tran.train_nn_models] [Training] Epoch=110, loss=1219.2021, nll=1219.2021, l2_reg=0.0000, acc=0.1866
[ 2022-08-31 17:38:29,863][train_tran.train_nn_models] [Validation] Epoch=110, nll=1207.8169, acc=0.1881
[ 2022-08-31 17:38:32,026][train_tran.train_nn_models] [Training] Epoch=111, loss=1219.1873, nll=1219.1873, l2_reg=0.0000, acc=0.1865
[ 2022-08-31 17:38:32,026][train_tran.train_nn_models] [Validation] Epoch=111, nll=1207.8192, acc=0.1880
[ 2022-08-31 17:38:34,175][train_tran.train_nn_models] [Training] Epoch=112, loss=1219.1729, nll=1219.1729, l2_reg=0.0000, acc=0.1864
[ 2022-08-31 17:38:34,175][train_tran.train_nn_models] [Validation] Epoch=112, nll=1207.8088, acc=0.1880
[ 2022-08-31 17:38:36,324][train_tran.train_nn_models] [Training] Epoch=113, loss=1219.1631, nll=1219.1631, l2_reg=0.0000, acc=0.1865
[ 2022-08-31 17:38:36,324][train_tran.train_nn_models] [Validation] Epoch=113, nll=1207.8208, acc=0.1880
[ 2022-08-31 17:38:38,472][train_tran.train_nn_models] [Training] Epoch=114, loss=1219.1462, nll=1219.1462, l2_reg=0.0000, acc=0.1864
[ 2022-08-31 17:38:38,472][train_tran.train_nn_models] [Validation] Epoch=114, nll=1207.8214, acc=0.1878
[ 2022-08-31 17:38:40,620][train_tran.train_nn_models] [Training] Epoch=115, loss=1219.1323, nll=1219.1323, l2_reg=0.0000, acc=0.1866
[ 2022-08-31 17:38:40,620][train_tran.train_nn_models] [Validation] Epoch=115, nll=1207.8130, acc=0.1878
[ 2022-08-31 17:38:42,763][train_tran.train_nn_models] [Training] Epoch=116, loss=1219.1217, nll=1219.1217, l2_reg=0.0000, acc=0.1867
[ 2022-08-31 17:38:42,763][train_tran.train_nn_models] [Validation] Epoch=116, nll=1207.8014, acc=0.1879
[ 2022-08-31 17:38:44,908][train_tran.train_nn_models] [Training] Epoch=117, loss=1219.1106, nll=1219.1106, l2_reg=0.0000, acc=0.1869
[ 2022-08-31 17:38:44,908][train_tran.train_nn_models] [Validation] Epoch=117, nll=1207.8107, acc=0.1878
[ 2022-08-31 17:38:47,042][train_tran.train_nn_models] [Training] Epoch=118, loss=1219.0916, nll=1219.0916, l2_reg=0.0000, acc=0.1869
[ 2022-08-31 17:38:47,042][train_tran.train_nn_models] [Validation] Epoch=118, nll=1207.8082, acc=0.1879
[ 2022-08-31 17:38:49,187][train_tran.train_nn_models] [Training] Epoch=119, loss=1219.0757, nll=1219.0757, l2_reg=0.0000, acc=0.1871
[ 2022-08-31 17:38:49,188][train_tran.train_nn_models] [Validation] Epoch=119, nll=1207.7948, acc=0.1880
[ 2022-08-31 17:38:51,321][train_tran.train_nn_models] [Training] Epoch=120, loss=1219.0618, nll=1219.0618, l2_reg=0.0000, acc=0.1872
[ 2022-08-31 17:38:51,321][train_tran.train_nn_models] [Validation] Epoch=120, nll=1207.7867, acc=0.1880
[ 2022-08-31 17:38:53,466][train_tran.train_nn_models] [Training] Epoch=121, loss=1219.0421, nll=1219.0421, l2_reg=0.0000, acc=0.1871
[ 2022-08-31 17:38:53,467][train_tran.train_nn_models] [Validation] Epoch=121, nll=1207.7716, acc=0.1881
[ 2022-08-31 17:38:55,614][train_tran.train_nn_models] [Training] Epoch=122, loss=1219.0133, nll=1219.0133, l2_reg=0.0000, acc=0.1870
[ 2022-08-31 17:38:55,614][train_tran.train_nn_models] [Validation] Epoch=122, nll=1207.7472, acc=0.1881
[ 2022-08-31 17:38:57,769][train_tran.train_nn_models] [Training] Epoch=123, loss=1219.0426, nll=1219.0426, l2_reg=0.0000, acc=0.1871
[ 2022-08-31 17:38:57,769][train_tran.train_nn_models] [Validation] Epoch=123, nll=1207.8445, acc=0.1883
[ 2022-08-31 17:38:59,914][train_tran.train_nn_models] [Training] Epoch=124, loss=1218.9852, nll=1218.9852, l2_reg=0.0000, acc=0.1870
[ 2022-08-31 17:38:59,914][train_tran.train_nn_models] [Validation] Epoch=124, nll=1207.7683, acc=0.1881
[ 2022-08-31 17:39:02,069][train_tran.train_nn_models] [Training] Epoch=125, loss=1218.9832, nll=1218.9832, l2_reg=0.0000, acc=0.1871
[ 2022-08-31 17:39:02,070][train_tran.train_nn_models] [Validation] Epoch=125, nll=1207.7517, acc=0.1882
[ 2022-08-31 17:39:04,234][train_tran.train_nn_models] [Training] Epoch=126, loss=1219.0092, nll=1219.0092, l2_reg=0.0000, acc=0.1869
[ 2022-08-31 17:39:04,234][train_tran.train_nn_models] [Validation] Epoch=126, nll=1207.8262, acc=0.1883
[ 2022-08-31 17:39:06,393][train_tran.train_nn_models] [Training] Epoch=127, loss=1218.9445, nll=1218.9445, l2_reg=0.0000, acc=0.1870
[ 2022-08-31 17:39:06,393][train_tran.train_nn_models] [Validation] Epoch=127, nll=1207.7345, acc=0.1882
[ 2022-08-31 17:39:06,393][train_tran.train_nn_models] Found a better model at epoch 127.
[ 2022-08-31 17:39:08,566][train_tran.train_nn_models] [Training] Epoch=128, loss=1218.9292, nll=1218.9292, l2_reg=0.0000, acc=0.1869
[ 2022-08-31 17:39:08,566][train_tran.train_nn_models] [Validation] Epoch=128, nll=1207.7092, acc=0.1882
[ 2022-08-31 17:39:08,566][train_tran.train_nn_models] Found a better model at epoch 128.
[ 2022-08-31 17:39:10,736][train_tran.train_nn_models] [Training] Epoch=129, loss=1218.9769, nll=1218.9769, l2_reg=0.0000, acc=0.1867
[ 2022-08-31 17:39:10,737][train_tran.train_nn_models] [Validation] Epoch=129, nll=1207.8423, acc=0.1881
[ 2022-08-31 17:39:12,912][train_tran.train_nn_models] [Training] Epoch=130, loss=1218.9128, nll=1218.9128, l2_reg=0.0000, acc=0.1869
[ 2022-08-31 17:39:12,913][train_tran.train_nn_models] [Validation] Epoch=130, nll=1207.7429, acc=0.1881
[ 2022-08-31 17:39:15,077][train_tran.train_nn_models] [Training] Epoch=131, loss=1218.8453, nll=1218.8453, l2_reg=0.0000, acc=0.1867
[ 2022-08-31 17:39:15,078][train_tran.train_nn_models] [Validation] Epoch=131, nll=1207.7023, acc=0.1881
[ 2022-08-31 17:39:15,078][train_tran.train_nn_models] Found a better model at epoch 131.
[ 2022-08-31 17:39:17,235][train_tran.train_nn_models] [Training] Epoch=132, loss=1218.8147, nll=1218.8147, l2_reg=0.0000, acc=0.1866
[ 2022-08-31 17:39:17,236][train_tran.train_nn_models] [Validation] Epoch=132, nll=1207.6479, acc=0.1881
[ 2022-08-31 17:39:17,236][train_tran.train_nn_models] Found a better model at epoch 132.
[ 2022-08-31 17:39:19,389][train_tran.train_nn_models] [Training] Epoch=133, loss=1218.8541, nll=1218.8541, l2_reg=0.0000, acc=0.1867
[ 2022-08-31 17:39:19,390][train_tran.train_nn_models] [Validation] Epoch=133, nll=1207.7723, acc=0.1883
[ 2022-08-31 17:39:21,546][train_tran.train_nn_models] [Training] Epoch=134, loss=1218.7882, nll=1218.7882, l2_reg=0.0000, acc=0.1867
[ 2022-08-31 17:39:21,546][train_tran.train_nn_models] [Validation] Epoch=134, nll=1207.7008, acc=0.1882
[ 2022-08-31 17:39:23,706][train_tran.train_nn_models] [Training] Epoch=135, loss=1218.6995, nll=1218.6995, l2_reg=0.0000, acc=0.1868
[ 2022-08-31 17:39:23,707][train_tran.train_nn_models] [Validation] Epoch=135, nll=1207.6051, acc=0.1883
[ 2022-08-31 17:39:23,707][train_tran.train_nn_models] Found a better model at epoch 135.
[ 2022-08-31 17:39:25,898][train_tran.train_nn_models] [Training] Epoch=136, loss=1218.6387, nll=1218.6387, l2_reg=0.0000, acc=0.1869
[ 2022-08-31 17:39:25,898][train_tran.train_nn_models] [Validation] Epoch=136, nll=1207.5674, acc=0.1882
[ 2022-08-31 17:39:25,898][train_tran.train_nn_models] Found a better model at epoch 136.
[ 2022-08-31 17:39:28,130][train_tran.train_nn_models] [Training] Epoch=137, loss=1218.5842, nll=1218.5842, l2_reg=0.0000, acc=0.1870
[ 2022-08-31 17:39:28,130][train_tran.train_nn_models] [Validation] Epoch=137, nll=1207.5361, acc=0.1882
[ 2022-08-31 17:39:28,131][train_tran.train_nn_models] Found a better model at epoch 137.
[ 2022-08-31 17:39:30,306][train_tran.train_nn_models] [Training] Epoch=138, loss=1218.5297, nll=1218.5297, l2_reg=0.0000, acc=0.1870
[ 2022-08-31 17:39:30,306][train_tran.train_nn_models] [Validation] Epoch=138, nll=1207.5253, acc=0.1884
[ 2022-08-31 17:39:30,306][train_tran.train_nn_models] Found a better model at epoch 138.
[ 2022-08-31 17:39:32,471][train_tran.train_nn_models] [Training] Epoch=139, loss=1218.4615, nll=1218.4615, l2_reg=0.0000, acc=0.1874
[ 2022-08-31 17:39:32,472][train_tran.train_nn_models] [Validation] Epoch=139, nll=1207.5331, acc=0.1884
[ 2022-08-31 17:39:34,617][train_tran.train_nn_models] [Training] Epoch=140, loss=1218.3868, nll=1218.3868, l2_reg=0.0000, acc=0.1875
[ 2022-08-31 17:39:34,617][train_tran.train_nn_models] [Validation] Epoch=140, nll=1207.5590, acc=0.1884
[ 2022-08-31 17:39:36,759][train_tran.train_nn_models] [Training] Epoch=141, loss=1218.3109, nll=1218.3109, l2_reg=0.0000, acc=0.1875
[ 2022-08-31 17:39:36,759][train_tran.train_nn_models] [Validation] Epoch=141, nll=1207.6034, acc=0.1882
[ 2022-08-31 17:39:38,921][train_tran.train_nn_models] [Training] Epoch=142, loss=1218.2321, nll=1218.2321, l2_reg=0.0000, acc=0.1876
[ 2022-08-31 17:39:38,921][train_tran.train_nn_models] [Validation] Epoch=142, nll=1207.6511, acc=0.1881
[ 2022-08-31 17:39:41,069][train_tran.train_nn_models] [Training] Epoch=143, loss=1218.1414, nll=1218.1414, l2_reg=0.0000, acc=0.1876
[ 2022-08-31 17:39:41,069][train_tran.train_nn_models] [Validation] Epoch=143, nll=1207.6823, acc=0.1886
[ 2022-08-31 17:39:43,221][train_tran.train_nn_models] [Training] Epoch=144, loss=1218.0428, nll=1218.0428, l2_reg=0.0000, acc=0.1874
[ 2022-08-31 17:39:43,221][train_tran.train_nn_models] [Validation] Epoch=144, nll=1207.7095, acc=0.1890
[ 2022-08-31 17:39:45,386][train_tran.train_nn_models] [Training] Epoch=145, loss=1217.9280, nll=1217.9280, l2_reg=0.0000, acc=0.1873
[ 2022-08-31 17:39:45,386][train_tran.train_nn_models] [Validation] Epoch=145, nll=1207.7356, acc=0.1890
[ 2022-08-31 17:39:47,546][train_tran.train_nn_models] [Training] Epoch=146, loss=1217.7947, nll=1217.7947, l2_reg=0.0000, acc=0.1871
[ 2022-08-31 17:39:47,546][train_tran.train_nn_models] [Validation] Epoch=146, nll=1207.7395, acc=0.1892
[ 2022-08-31 17:39:49,691][train_tran.train_nn_models] [Training] Epoch=147, loss=1217.6345, nll=1217.6345, l2_reg=0.0000, acc=0.1875
[ 2022-08-31 17:39:49,691][train_tran.train_nn_models] [Validation] Epoch=147, nll=1207.7328, acc=0.1890
[ 2022-08-31 17:39:51,832][train_tran.train_nn_models] [Training] Epoch=148, loss=1217.4236, nll=1217.4236, l2_reg=0.0000, acc=0.1876
[ 2022-08-31 17:39:51,833][train_tran.train_nn_models] [Validation] Epoch=148, nll=1207.5895, acc=0.1900
[ 2022-08-31 17:39:53,988][train_tran.train_nn_models] [Training] Epoch=149, loss=1217.1736, nll=1217.1736, l2_reg=0.0000, acc=0.1877
[ 2022-08-31 17:39:53,988][train_tran.train_nn_models] [Validation] Epoch=149, nll=1207.4219, acc=0.1897
[ 2022-08-31 17:39:53,988][train_tran.train_nn_models] Found a better model at epoch 149.
[ 2022-08-31 17:39:56,156][train_tran.train_nn_models] [Training] Epoch=150, loss=1216.8823, nll=1216.8823, l2_reg=0.0000, acc=0.1880
[ 2022-08-31 17:39:56,157][train_tran.train_nn_models] [Validation] Epoch=150, nll=1207.2899, acc=0.1886
[ 2022-08-31 17:39:56,157][train_tran.train_nn_models] Found a better model at epoch 150.
[ 2022-08-31 17:39:58,301][train_tran.train_nn_models] [Training] Epoch=151, loss=1216.5848, nll=1216.5848, l2_reg=0.0000, acc=0.1886
[ 2022-08-31 17:39:58,302][train_tran.train_nn_models] [Validation] Epoch=151, nll=1207.0376, acc=0.1889
[ 2022-08-31 17:39:58,302][train_tran.train_nn_models] Found a better model at epoch 151.
[ 2022-08-31 17:40:00,471][train_tran.train_nn_models] [Training] Epoch=152, loss=1216.3368, nll=1216.3368, l2_reg=0.0000, acc=0.1887
[ 2022-08-31 17:40:00,471][train_tran.train_nn_models] [Validation] Epoch=152, nll=1206.8595, acc=0.1901
[ 2022-08-31 17:40:00,471][train_tran.train_nn_models] Found a better model at epoch 152.
[ 2022-08-31 17:40:02,621][train_tran.train_nn_models] [Training] Epoch=153, loss=1216.1317, nll=1216.1317, l2_reg=0.0000, acc=0.1892
[ 2022-08-31 17:40:02,622][train_tran.train_nn_models] [Validation] Epoch=153, nll=1206.7083, acc=0.1909
[ 2022-08-31 17:40:02,622][train_tran.train_nn_models] Found a better model at epoch 153.
[ 2022-08-31 17:40:04,775][train_tran.train_nn_models] [Training] Epoch=154, loss=1215.9786, nll=1215.9786, l2_reg=0.0000, acc=0.1893
[ 2022-08-31 17:40:04,775][train_tran.train_nn_models] [Validation] Epoch=154, nll=1206.6045, acc=0.1910
[ 2022-08-31 17:40:04,775][train_tran.train_nn_models] Found a better model at epoch 154.
[ 2022-08-31 17:40:06,914][train_tran.train_nn_models] [Training] Epoch=155, loss=1215.8555, nll=1215.8555, l2_reg=0.0000, acc=0.1898
[ 2022-08-31 17:40:06,914][train_tran.train_nn_models] [Validation] Epoch=155, nll=1206.5071, acc=0.1911
[ 2022-08-31 17:40:06,914][train_tran.train_nn_models] Found a better model at epoch 155.
[ 2022-08-31 17:40:09,084][train_tran.train_nn_models] [Training] Epoch=156, loss=1215.7343, nll=1215.7343, l2_reg=0.0000, acc=0.1898
[ 2022-08-31 17:40:09,084][train_tran.train_nn_models] [Validation] Epoch=156, nll=1206.4080, acc=0.1910
[ 2022-08-31 17:40:09,084][train_tran.train_nn_models] Found a better model at epoch 156.
[ 2022-08-31 17:40:11,232][train_tran.train_nn_models] [Training] Epoch=157, loss=1215.6389, nll=1215.6389, l2_reg=0.0000, acc=0.1904
[ 2022-08-31 17:40:11,232][train_tran.train_nn_models] [Validation] Epoch=157, nll=1206.3783, acc=0.1911
[ 2022-08-31 17:40:11,232][train_tran.train_nn_models] Found a better model at epoch 157.
[ 2022-08-31 17:40:13,385][train_tran.train_nn_models] [Training] Epoch=158, loss=1215.5391, nll=1215.5391, l2_reg=0.0000, acc=0.1906
[ 2022-08-31 17:40:13,385][train_tran.train_nn_models] [Validation] Epoch=158, nll=1206.2958, acc=0.1914
[ 2022-08-31 17:40:13,385][train_tran.train_nn_models] Found a better model at epoch 158.
[ 2022-08-31 17:40:15,550][train_tran.train_nn_models] [Training] Epoch=159, loss=1215.4486, nll=1215.4486, l2_reg=0.0000, acc=0.1910
[ 2022-08-31 17:40:15,550][train_tran.train_nn_models] [Validation] Epoch=159, nll=1206.2797, acc=0.1917
[ 2022-08-31 17:40:15,550][train_tran.train_nn_models] Found a better model at epoch 159.
[ 2022-08-31 17:40:17,725][train_tran.train_nn_models] [Training] Epoch=160, loss=1215.3723, nll=1215.3723, l2_reg=0.0000, acc=0.1907
[ 2022-08-31 17:40:17,725][train_tran.train_nn_models] [Validation] Epoch=160, nll=1206.2335, acc=0.1913
[ 2022-08-31 17:40:17,725][train_tran.train_nn_models] Found a better model at epoch 160.
[ 2022-08-31 17:40:19,871][train_tran.train_nn_models] [Training] Epoch=161, loss=1215.2938, nll=1215.2938, l2_reg=0.0000, acc=0.1908
[ 2022-08-31 17:40:19,871][train_tran.train_nn_models] [Validation] Epoch=161, nll=1206.1765, acc=0.1912
[ 2022-08-31 17:40:19,871][train_tran.train_nn_models] Found a better model at epoch 161.
[ 2022-08-31 17:40:22,032][train_tran.train_nn_models] [Training] Epoch=162, loss=1215.2322, nll=1215.2322, l2_reg=0.0000, acc=0.1910
[ 2022-08-31 17:40:22,033][train_tran.train_nn_models] [Validation] Epoch=162, nll=1206.1371, acc=0.1912
[ 2022-08-31 17:40:22,033][train_tran.train_nn_models] Found a better model at epoch 162.
[ 2022-08-31 17:40:24,185][train_tran.train_nn_models] [Training] Epoch=163, loss=1215.1635, nll=1215.1635, l2_reg=0.0000, acc=0.1912
[ 2022-08-31 17:40:24,185][train_tran.train_nn_models] [Validation] Epoch=163, nll=1206.0977, acc=0.1913
[ 2022-08-31 17:40:24,185][train_tran.train_nn_models] Found a better model at epoch 163.
[ 2022-08-31 17:40:26,338][train_tran.train_nn_models] [Training] Epoch=164, loss=1215.1077, nll=1215.1077, l2_reg=0.0000, acc=0.1912
[ 2022-08-31 17:40:26,339][train_tran.train_nn_models] [Validation] Epoch=164, nll=1206.0405, acc=0.1908
[ 2022-08-31 17:40:26,339][train_tran.train_nn_models] Found a better model at epoch 164.
[ 2022-08-31 17:40:28,490][train_tran.train_nn_models] [Training] Epoch=165, loss=1215.0431, nll=1215.0431, l2_reg=0.0000, acc=0.1914
[ 2022-08-31 17:40:28,490][train_tran.train_nn_models] [Validation] Epoch=165, nll=1206.0023, acc=0.1907
[ 2022-08-31 17:40:28,490][train_tran.train_nn_models] Found a better model at epoch 165.
[ 2022-08-31 17:40:30,648][train_tran.train_nn_models] [Training] Epoch=166, loss=1214.9913, nll=1214.9913, l2_reg=0.0000, acc=0.1913
[ 2022-08-31 17:40:30,648][train_tran.train_nn_models] [Validation] Epoch=166, nll=1205.9539, acc=0.1910
[ 2022-08-31 17:40:30,648][train_tran.train_nn_models] Found a better model at epoch 166.
[ 2022-08-31 17:40:32,804][train_tran.train_nn_models] [Training] Epoch=167, loss=1214.9353, nll=1214.9353, l2_reg=0.0000, acc=0.1913
[ 2022-08-31 17:40:32,804][train_tran.train_nn_models] [Validation] Epoch=167, nll=1205.9138, acc=0.1905
[ 2022-08-31 17:40:32,804][train_tran.train_nn_models] Found a better model at epoch 167.
[ 2022-08-31 17:40:34,952][train_tran.train_nn_models] [Training] Epoch=168, loss=1214.8853, nll=1214.8853, l2_reg=0.0000, acc=0.1914
[ 2022-08-31 17:40:34,952][train_tran.train_nn_models] [Validation] Epoch=168, nll=1205.8851, acc=0.1901
[ 2022-08-31 17:40:34,952][train_tran.train_nn_models] Found a better model at epoch 168.
[ 2022-08-31 17:40:37,115][train_tran.train_nn_models] [Training] Epoch=169, loss=1214.8287, nll=1214.8287, l2_reg=0.0000, acc=0.1915
[ 2022-08-31 17:40:37,115][train_tran.train_nn_models] [Validation] Epoch=169, nll=1205.8113, acc=0.1908
[ 2022-08-31 17:40:37,115][train_tran.train_nn_models] Found a better model at epoch 169.
[ 2022-08-31 17:40:39,261][train_tran.train_nn_models] [Training] Epoch=170, loss=1214.7593, nll=1214.7593, l2_reg=0.0000, acc=0.1915
[ 2022-08-31 17:40:39,261][train_tran.train_nn_models] [Validation] Epoch=170, nll=1205.7195, acc=0.1909
[ 2022-08-31 17:40:39,261][train_tran.train_nn_models] Found a better model at epoch 170.
[ 2022-08-31 17:40:41,404][train_tran.train_nn_models] [Training] Epoch=171, loss=1214.6788, nll=1214.6788, l2_reg=0.0000, acc=0.1919
[ 2022-08-31 17:40:41,405][train_tran.train_nn_models] [Validation] Epoch=171, nll=1206.2334, acc=0.1908
[ 2022-08-31 17:40:43,547][train_tran.train_nn_models] [Training] Epoch=172, loss=1214.5598, nll=1214.5598, l2_reg=0.0000, acc=0.1917
[ 2022-08-31 17:40:43,547][train_tran.train_nn_models] [Validation] Epoch=172, nll=1205.2446, acc=0.1904
[ 2022-08-31 17:40:43,547][train_tran.train_nn_models] Found a better model at epoch 172.
[ 2022-08-31 17:40:45,694][train_tran.train_nn_models] [Training] Epoch=173, loss=1214.6191, nll=1214.6191, l2_reg=0.0000, acc=0.1919
[ 2022-08-31 17:40:45,694][train_tran.train_nn_models] [Validation] Epoch=173, nll=1205.6814, acc=0.1902
[ 2022-08-31 17:40:47,833][train_tran.train_nn_models] [Training] Epoch=174, loss=1214.5657, nll=1214.5657, l2_reg=0.0000, acc=0.1915
[ 2022-08-31 17:40:47,833][train_tran.train_nn_models] [Validation] Epoch=174, nll=1205.4991, acc=0.1903
[ 2022-08-31 17:40:49,988][train_tran.train_nn_models] [Training] Epoch=175, loss=1214.5129, nll=1214.5129, l2_reg=0.0000, acc=0.1916
[ 2022-08-31 17:40:49,989][train_tran.train_nn_models] [Validation] Epoch=175, nll=1205.4589, acc=0.1908
[ 2022-08-31 17:40:52,133][train_tran.train_nn_models] [Training] Epoch=176, loss=1214.4304, nll=1214.4304, l2_reg=0.0000, acc=0.1918
[ 2022-08-31 17:40:52,133][train_tran.train_nn_models] [Validation] Epoch=176, nll=1204.3105, acc=0.1911
[ 2022-08-31 17:40:52,133][train_tran.train_nn_models] Found a better model at epoch 176.
[ 2022-08-31 17:40:54,270][train_tran.train_nn_models] [Training] Epoch=177, loss=1214.5710, nll=1214.5710, l2_reg=0.0000, acc=0.1914
[ 2022-08-31 17:40:54,270][train_tran.train_nn_models] [Validation] Epoch=177, nll=1205.9500, acc=0.1907
[ 2022-08-31 17:40:56,415][train_tran.train_nn_models] [Training] Epoch=178, loss=1214.3422, nll=1214.3422, l2_reg=0.0000, acc=0.1912
[ 2022-08-31 17:40:56,415][train_tran.train_nn_models] [Validation] Epoch=178, nll=1204.9001, acc=0.1908
[ 2022-08-31 17:40:58,555][train_tran.train_nn_models] [Training] Epoch=179, loss=1214.4486, nll=1214.4486, l2_reg=0.0000, acc=0.1918
[ 2022-08-31 17:40:58,556][train_tran.train_nn_models] [Validation] Epoch=179, nll=1205.5820, acc=0.1912
[ 2022-08-31 17:41:00,712][train_tran.train_nn_models] [Training] Epoch=180, loss=1214.1925, nll=1214.1925, l2_reg=0.0000, acc=0.1920
[ 2022-08-31 17:41:00,712][train_tran.train_nn_models] [Validation] Epoch=180, nll=1205.0052, acc=0.1912
[ 2022-08-31 17:41:02,855][train_tran.train_nn_models] [Training] Epoch=181, loss=1214.1838, nll=1214.1838, l2_reg=0.0000, acc=0.1920
[ 2022-08-31 17:41:02,855][train_tran.train_nn_models] [Validation] Epoch=181, nll=1205.1073, acc=0.1911
[ 2022-08-31 17:41:05,008][train_tran.train_nn_models] [Training] Epoch=182, loss=1214.1277, nll=1214.1277, l2_reg=0.0000, acc=0.1917
[ 2022-08-31 17:41:05,008][train_tran.train_nn_models] [Validation] Epoch=182, nll=1204.2986, acc=0.1911
[ 2022-08-31 17:41:05,008][train_tran.train_nn_models] Found a better model at epoch 182.
[ 2022-08-31 17:41:07,162][train_tran.train_nn_models] [Training] Epoch=183, loss=1214.2146, nll=1214.2146, l2_reg=0.0000, acc=0.1921
[ 2022-08-31 17:41:07,162][train_tran.train_nn_models] [Validation] Epoch=183, nll=1205.3395, acc=0.1910
[ 2022-08-31 17:41:09,307][train_tran.train_nn_models] [Training] Epoch=184, loss=1214.0674, nll=1214.0674, l2_reg=0.0000, acc=0.1916
[ 2022-08-31 17:41:09,307][train_tran.train_nn_models] [Validation] Epoch=184, nll=1204.7721, acc=0.1907
[ 2022-08-31 17:41:11,469][train_tran.train_nn_models] [Training] Epoch=185, loss=1214.3507, nll=1214.3507, l2_reg=0.0000, acc=0.1918
[ 2022-08-31 17:41:11,469][train_tran.train_nn_models] [Validation] Epoch=185, nll=1205.0737, acc=0.1907
[ 2022-08-31 17:41:13,613][train_tran.train_nn_models] [Training] Epoch=186, loss=1213.9225, nll=1213.9225, l2_reg=0.0000, acc=0.1915
[ 2022-08-31 17:41:13,614][train_tran.train_nn_models] [Validation] Epoch=186, nll=1204.5758, acc=0.1912
[ 2022-08-31 17:41:15,767][train_tran.train_nn_models] [Training] Epoch=187, loss=1214.0385, nll=1214.0385, l2_reg=0.0000, acc=0.1917
[ 2022-08-31 17:41:15,768][train_tran.train_nn_models] [Validation] Epoch=187, nll=1205.0770, acc=0.1917
[ 2022-08-31 17:41:17,920][train_tran.train_nn_models] [Training] Epoch=188, loss=1214.1381, nll=1214.1381, l2_reg=0.0000, acc=0.1914
[ 2022-08-31 17:41:17,921][train_tran.train_nn_models] [Validation] Epoch=188, nll=1205.3751, acc=0.1912
[ 2022-08-31 17:41:20,084][train_tran.train_nn_models] [Training] Epoch=189, loss=1214.0145, nll=1214.0145, l2_reg=0.0000, acc=0.1914
[ 2022-08-31 17:41:20,084][train_tran.train_nn_models] [Validation] Epoch=189, nll=1204.7860, acc=0.1915
[ 2022-08-31 17:41:22,227][train_tran.train_nn_models] [Training] Epoch=190, loss=1213.9670, nll=1213.9670, l2_reg=0.0000, acc=0.1921
[ 2022-08-31 17:41:22,228][train_tran.train_nn_models] [Validation] Epoch=190, nll=1204.9939, acc=0.1915
[ 2022-08-31 17:41:24,377][train_tran.train_nn_models] [Training] Epoch=191, loss=1213.8240, nll=1213.8240, l2_reg=0.0000, acc=0.1919
[ 2022-08-31 17:41:24,378][train_tran.train_nn_models] [Validation] Epoch=191, nll=1204.8466, acc=0.1913
[ 2022-08-31 17:41:26,521][train_tran.train_nn_models] [Training] Epoch=192, loss=1214.6119, nll=1214.6119, l2_reg=0.0000, acc=0.1913
[ 2022-08-31 17:41:26,521][train_tran.train_nn_models] [Validation] Epoch=192, nll=1206.2781, acc=0.1893
[ 2022-08-31 17:41:28,672][train_tran.train_nn_models] [Training] Epoch=193, loss=1215.4775, nll=1215.4775, l2_reg=0.0000, acc=0.1903
[ 2022-08-31 17:41:28,673][train_tran.train_nn_models] [Validation] Epoch=193, nll=1205.7577, acc=0.1893
[ 2022-08-31 17:41:30,824][train_tran.train_nn_models] [Training] Epoch=194, loss=1215.2102, nll=1215.2102, l2_reg=0.0000, acc=0.1918
[ 2022-08-31 17:41:30,824][train_tran.train_nn_models] [Validation] Epoch=194, nll=1205.3326, acc=0.1901
[ 2022-08-31 17:41:32,972][train_tran.train_nn_models] [Training] Epoch=195, loss=1214.6101, nll=1214.6101, l2_reg=0.0000, acc=0.1926
[ 2022-08-31 17:41:32,973][train_tran.train_nn_models] [Validation] Epoch=195, nll=1204.9371, acc=0.1907
[ 2022-08-31 17:41:35,118][train_tran.train_nn_models] [Training] Epoch=196, loss=1214.4642, nll=1214.4642, l2_reg=0.0000, acc=0.1919
[ 2022-08-31 17:41:35,119][train_tran.train_nn_models] [Validation] Epoch=196, nll=1205.0542, acc=0.1900
[ 2022-08-31 17:41:37,280][train_tran.train_nn_models] [Training] Epoch=197, loss=1214.2194, nll=1214.2194, l2_reg=0.0000, acc=0.1926
[ 2022-08-31 17:41:37,280][train_tran.train_nn_models] [Validation] Epoch=197, nll=1205.0048, acc=0.1907
[ 2022-08-31 17:41:39,440][train_tran.train_nn_models] [Training] Epoch=198, loss=1214.1079, nll=1214.1079, l2_reg=0.0000, acc=0.1924
[ 2022-08-31 17:41:39,440][train_tran.train_nn_models] [Validation] Epoch=198, nll=1205.0980, acc=0.1903
[ 2022-08-31 17:41:41,621][train_tran.train_nn_models] [Training] Epoch=199, loss=1214.0372, nll=1214.0372, l2_reg=0.0000, acc=0.1923
[ 2022-08-31 17:41:41,621][train_tran.train_nn_models] [Validation] Epoch=199, nll=1205.0695, acc=0.1904
[ 2022-08-31 17:41:43,772][train_tran.train_nn_models] [Training] Epoch=200, loss=1213.9465, nll=1213.9465, l2_reg=0.0000, acc=0.1927
[ 2022-08-31 17:41:43,772][train_tran.train_nn_models] [Validation] Epoch=200, nll=1205.0520, acc=0.1905
[ 2022-08-31 17:41:45,958][train_tran.train_nn_models] [Training] Epoch=201, loss=1213.8702, nll=1213.8702, l2_reg=0.0000, acc=0.1925
[ 2022-08-31 17:41:45,959][train_tran.train_nn_models] [Validation] Epoch=201, nll=1204.9423, acc=0.1907
[ 2022-08-31 17:41:48,156][train_tran.train_nn_models] [Training] Epoch=202, loss=1213.8328, nll=1213.8328, l2_reg=0.0000, acc=0.1926
[ 2022-08-31 17:41:48,157][train_tran.train_nn_models] [Validation] Epoch=202, nll=1205.0153, acc=0.1904
[ 2022-08-31 17:41:50,344][train_tran.train_nn_models] [Training] Epoch=203, loss=1213.8234, nll=1213.8234, l2_reg=0.0000, acc=0.1928
[ 2022-08-31 17:41:50,345][train_tran.train_nn_models] [Validation] Epoch=203, nll=1205.0295, acc=0.1904
[ 2022-08-31 17:41:52,496][train_tran.train_nn_models] [Training] Epoch=204, loss=1213.8362, nll=1213.8362, l2_reg=0.0000, acc=0.1926
[ 2022-08-31 17:41:52,496][train_tran.train_nn_models] [Validation] Epoch=204, nll=1204.9734, acc=0.1909
[ 2022-08-31 17:41:54,833][train_tran.train_nn_models] [Training] Epoch=205, loss=1213.7963, nll=1213.7963, l2_reg=0.0000, acc=0.1922
[ 2022-08-31 17:41:54,833][train_tran.train_nn_models] [Validation] Epoch=205, nll=1205.0333, acc=0.1915
[ 2022-08-31 17:41:57,181][train_tran.train_nn_models] [Training] Epoch=206, loss=1213.7972, nll=1213.7972, l2_reg=0.0000, acc=0.1921
[ 2022-08-31 17:41:57,182][train_tran.train_nn_models] [Validation] Epoch=206, nll=1205.1255, acc=0.1907
[ 2022-08-31 17:41:59,526][train_tran.train_nn_models] [Training] Epoch=207, loss=1213.7809, nll=1213.7809, l2_reg=0.0000, acc=0.1922
[ 2022-08-31 17:41:59,527][train_tran.train_nn_models] [Validation] Epoch=207, nll=1205.0538, acc=0.1907
[ 2022-08-31 17:42:01,801][train_tran.train_nn_models] [Training] Epoch=208, loss=1213.6892, nll=1213.6892, l2_reg=0.0000, acc=0.1922
[ 2022-08-31 17:42:01,802][train_tran.train_nn_models] [Validation] Epoch=208, nll=1204.9796, acc=0.1907
[ 2022-08-31 17:42:04,130][train_tran.train_nn_models] [Training] Epoch=209, loss=1213.6265, nll=1213.6265, l2_reg=0.0000, acc=0.1922
[ 2022-08-31 17:42:04,130][train_tran.train_nn_models] [Validation] Epoch=209, nll=1204.8114, acc=0.1912
[ 2022-08-31 17:42:06,417][train_tran.train_nn_models] [Training] Epoch=210, loss=1213.6034, nll=1213.6034, l2_reg=0.0000, acc=0.1921
[ 2022-08-31 17:42:06,417][train_tran.train_nn_models] [Validation] Epoch=210, nll=1204.7527, acc=0.1912
[ 2022-08-31 17:42:08,725][train_tran.train_nn_models] [Training] Epoch=211, loss=1213.5931, nll=1213.5931, l2_reg=0.0000, acc=0.1921
[ 2022-08-31 17:42:08,726][train_tran.train_nn_models] [Validation] Epoch=211, nll=1204.7697, acc=0.1909
[ 2022-08-31 17:42:11,002][train_tran.train_nn_models] [Training] Epoch=212, loss=1213.5734, nll=1213.5734, l2_reg=0.0000, acc=0.1920
[ 2022-08-31 17:42:11,002][train_tran.train_nn_models] [Validation] Epoch=212, nll=1204.7764, acc=0.1910
[ 2022-08-31 17:42:13,368][train_tran.train_nn_models] [Training] Epoch=213, loss=1213.5314, nll=1213.5314, l2_reg=0.0000, acc=0.1920
[ 2022-08-31 17:42:13,368][train_tran.train_nn_models] [Validation] Epoch=213, nll=1204.7595, acc=0.1908
[ 2022-08-31 17:42:15,644][train_tran.train_nn_models] [Training] Epoch=214, loss=1213.5243, nll=1213.5243, l2_reg=0.0000, acc=0.1919
[ 2022-08-31 17:42:15,644][train_tran.train_nn_models] [Validation] Epoch=214, nll=1204.8521, acc=0.1907
[ 2022-08-31 17:42:17,963][train_tran.train_nn_models] [Training] Epoch=215, loss=1213.4910, nll=1213.4910, l2_reg=0.0000, acc=0.1921
[ 2022-08-31 17:42:17,964][train_tran.train_nn_models] [Validation] Epoch=215, nll=1204.8750, acc=0.1904
[ 2022-08-31 17:42:20,302][train_tran.train_nn_models] [Training] Epoch=216, loss=1213.4517, nll=1213.4517, l2_reg=0.0000, acc=0.1920
[ 2022-08-31 17:42:20,303][train_tran.train_nn_models] [Validation] Epoch=216, nll=1204.8885, acc=0.1910
[ 2022-08-31 17:42:22,633][train_tran.train_nn_models] [Training] Epoch=217, loss=1213.4122, nll=1213.4122, l2_reg=0.0000, acc=0.1920
[ 2022-08-31 17:42:22,633][train_tran.train_nn_models] [Validation] Epoch=217, nll=1204.8881, acc=0.1910
[ 2022-08-31 17:42:24,936][train_tran.train_nn_models] [Training] Epoch=218, loss=1213.3815, nll=1213.3815, l2_reg=0.0000, acc=0.1923
[ 2022-08-31 17:42:24,937][train_tran.train_nn_models] [Validation] Epoch=218, nll=1204.8918, acc=0.1907
[ 2022-08-31 17:42:27,254][train_tran.train_nn_models] [Training] Epoch=219, loss=1213.3486, nll=1213.3486, l2_reg=0.0000, acc=0.1925
[ 2022-08-31 17:42:27,254][train_tran.train_nn_models] [Validation] Epoch=219, nll=1204.8842, acc=0.1904
[ 2022-08-31 17:42:29,631][train_tran.train_nn_models] [Training] Epoch=220, loss=1213.3186, nll=1213.3186, l2_reg=0.0000, acc=0.1924
[ 2022-08-31 17:42:29,632][train_tran.train_nn_models] [Validation] Epoch=220, nll=1204.8981, acc=0.1907
[ 2022-08-31 17:42:31,963][train_tran.train_nn_models] [Training] Epoch=221, loss=1213.2850, nll=1213.2850, l2_reg=0.0000, acc=0.1925
[ 2022-08-31 17:42:31,963][train_tran.train_nn_models] [Validation] Epoch=221, nll=1204.8854, acc=0.1907
[ 2022-08-31 17:42:34,287][train_tran.train_nn_models] [Training] Epoch=222, loss=1213.2802, nll=1213.2802, l2_reg=0.0000, acc=0.1924
[ 2022-08-31 17:42:34,288][train_tran.train_nn_models] [Validation] Epoch=222, nll=1204.9102, acc=0.1910
[ 2022-08-31 17:42:36,601][train_tran.train_nn_models] [Training] Epoch=223, loss=1213.2651, nll=1213.2651, l2_reg=0.0000, acc=0.1923
[ 2022-08-31 17:42:36,602][train_tran.train_nn_models] [Validation] Epoch=223, nll=1204.9154, acc=0.1910
[ 2022-08-31 17:42:38,885][train_tran.train_nn_models] [Training] Epoch=224, loss=1213.2445, nll=1213.2445, l2_reg=0.0000, acc=0.1923
[ 2022-08-31 17:42:38,886][train_tran.train_nn_models] [Validation] Epoch=224, nll=1204.9312, acc=0.1911
[ 2022-08-31 17:42:41,204][train_tran.train_nn_models] [Training] Epoch=225, loss=1213.2391, nll=1213.2391, l2_reg=0.0000, acc=0.1922
[ 2022-08-31 17:42:41,204][train_tran.train_nn_models] [Validation] Epoch=225, nll=1204.9305, acc=0.1910
[ 2022-08-31 17:42:43,550][train_tran.train_nn_models] [Training] Epoch=226, loss=1213.2280, nll=1213.2280, l2_reg=0.0000, acc=0.1919
[ 2022-08-31 17:42:43,551][train_tran.train_nn_models] [Validation] Epoch=226, nll=1204.9436, acc=0.1905
[ 2022-08-31 17:42:45,901][train_tran.train_nn_models] [Training] Epoch=227, loss=1213.2108, nll=1213.2108, l2_reg=0.0000, acc=0.1921
[ 2022-08-31 17:42:45,901][train_tran.train_nn_models] [Validation] Epoch=227, nll=1204.9510, acc=0.1909
[ 2022-08-31 17:42:48,230][train_tran.train_nn_models] [Training] Epoch=228, loss=1213.1953, nll=1213.1953, l2_reg=0.0000, acc=0.1922
[ 2022-08-31 17:42:48,230][train_tran.train_nn_models] [Validation] Epoch=228, nll=1204.9872, acc=0.1909
[ 2022-08-31 17:42:50,560][train_tran.train_nn_models] [Training] Epoch=229, loss=1213.1823, nll=1213.1823, l2_reg=0.0000, acc=0.1921
[ 2022-08-31 17:42:50,560][train_tran.train_nn_models] [Validation] Epoch=229, nll=1204.9867, acc=0.1908
[ 2022-08-31 17:42:52,879][train_tran.train_nn_models] [Training] Epoch=230, loss=1213.1490, nll=1213.1490, l2_reg=0.0000, acc=0.1923
[ 2022-08-31 17:42:52,880][train_tran.train_nn_models] [Validation] Epoch=230, nll=1204.9923, acc=0.1906
[ 2022-08-31 17:42:55,217][train_tran.train_nn_models] [Training] Epoch=231, loss=1213.1440, nll=1213.1440, l2_reg=0.0000, acc=0.1922
[ 2022-08-31 17:42:55,218][train_tran.train_nn_models] [Validation] Epoch=231, nll=1205.0024, acc=0.1904
[ 2022-08-31 17:42:57,544][train_tran.train_nn_models] [Training] Epoch=232, loss=1213.1238, nll=1213.1238, l2_reg=0.0000, acc=0.1922
[ 2022-08-31 17:42:57,545][train_tran.train_nn_models] [Validation] Epoch=232, nll=1205.0089, acc=0.1906
[ 2022-08-31 17:42:59,929][train_tran.train_nn_models] [Training] Epoch=233, loss=1213.1035, nll=1213.1035, l2_reg=0.0000, acc=0.1922
[ 2022-08-31 17:42:59,929][train_tran.train_nn_models] [Validation] Epoch=233, nll=1205.0032, acc=0.1910
[ 2022-08-31 17:43:02,248][train_tran.train_nn_models] [Training] Epoch=234, loss=1213.0756, nll=1213.0756, l2_reg=0.0000, acc=0.1920
[ 2022-08-31 17:43:02,249][train_tran.train_nn_models] [Validation] Epoch=234, nll=1205.0000, acc=0.1910
[ 2022-08-31 17:43:04,564][train_tran.train_nn_models] [Training] Epoch=235, loss=1213.0752, nll=1213.0752, l2_reg=0.0000, acc=0.1921
[ 2022-08-31 17:43:04,564][train_tran.train_nn_models] [Validation] Epoch=235, nll=1204.9951, acc=0.1908
[ 2022-08-31 17:43:06,862][train_tran.train_nn_models] [Training] Epoch=236, loss=1213.0502, nll=1213.0502, l2_reg=0.0000, acc=0.1922
[ 2022-08-31 17:43:06,863][train_tran.train_nn_models] [Validation] Epoch=236, nll=1205.0071, acc=0.1912
[ 2022-08-31 17:43:09,198][train_tran.train_nn_models] [Training] Epoch=237, loss=1213.0430, nll=1213.0430, l2_reg=0.0000, acc=0.1922
[ 2022-08-31 17:43:09,199][train_tran.train_nn_models] [Validation] Epoch=237, nll=1204.9949, acc=0.1910
[ 2022-08-31 17:43:11,508][train_tran.train_nn_models] [Training] Epoch=238, loss=1213.0170, nll=1213.0170, l2_reg=0.0000, acc=0.1921
[ 2022-08-31 17:43:11,509][train_tran.train_nn_models] [Validation] Epoch=238, nll=1204.9910, acc=0.1912
[ 2022-08-31 17:43:13,803][train_tran.train_nn_models] [Training] Epoch=239, loss=1213.0093, nll=1213.0093, l2_reg=0.0000, acc=0.1922
[ 2022-08-31 17:43:13,803][train_tran.train_nn_models] [Validation] Epoch=239, nll=1204.9985, acc=0.1914
[ 2022-08-31 17:43:16,119][train_tran.train_nn_models] [Training] Epoch=240, loss=1212.9897, nll=1212.9897, l2_reg=0.0000, acc=0.1922
[ 2022-08-31 17:43:16,120][train_tran.train_nn_models] [Validation] Epoch=240, nll=1204.9884, acc=0.1917
[ 2022-08-31 17:43:18,490][train_tran.train_nn_models] [Training] Epoch=241, loss=1212.9807, nll=1212.9807, l2_reg=0.0000, acc=0.1921
[ 2022-08-31 17:43:18,490][train_tran.train_nn_models] [Validation] Epoch=241, nll=1204.9908, acc=0.1919
[ 2022-08-31 17:43:20,770][train_tran.train_nn_models] [Training] Epoch=242, loss=1212.9528, nll=1212.9528, l2_reg=0.0000, acc=0.1920
[ 2022-08-31 17:43:20,770][train_tran.train_nn_models] [Validation] Epoch=242, nll=1204.9639, acc=0.1924
[ 2022-08-31 17:43:23,124][train_tran.train_nn_models] [Training] Epoch=243, loss=1212.9658, nll=1212.9658, l2_reg=0.0000, acc=0.1920
[ 2022-08-31 17:43:23,124][train_tran.train_nn_models] [Validation] Epoch=243, nll=1205.0049, acc=0.1917
[ 2022-08-31 17:43:25,388][train_tran.train_nn_models] [Training] Epoch=244, loss=1212.9530, nll=1212.9530, l2_reg=0.0000, acc=0.1920
[ 2022-08-31 17:43:25,388][train_tran.train_nn_models] [Validation] Epoch=244, nll=1204.9827, acc=0.1916
[ 2022-08-31 17:43:27,739][train_tran.train_nn_models] [Training] Epoch=245, loss=1212.9366, nll=1212.9366, l2_reg=0.0000, acc=0.1921
[ 2022-08-31 17:43:27,740][train_tran.train_nn_models] [Validation] Epoch=245, nll=1204.9840, acc=0.1920
[ 2022-08-31 17:43:30,075][train_tran.train_nn_models] [Training] Epoch=246, loss=1212.9254, nll=1212.9254, l2_reg=0.0000, acc=0.1919
[ 2022-08-31 17:43:30,075][train_tran.train_nn_models] [Validation] Epoch=246, nll=1204.9763, acc=0.1919
[ 2022-08-31 17:43:32,298][train_tran.train_nn_models] [Training] Epoch=247, loss=1212.8878, nll=1212.8878, l2_reg=0.0000, acc=0.1920
[ 2022-08-31 17:43:32,298][train_tran.train_nn_models] [Validation] Epoch=247, nll=1204.9398, acc=0.1920
[ 2022-08-31 17:43:34,637][train_tran.train_nn_models] [Training] Epoch=248, loss=1212.8694, nll=1212.8694, l2_reg=0.0000, acc=0.1919
[ 2022-08-31 17:43:34,637][train_tran.train_nn_models] [Validation] Epoch=248, nll=1204.9192, acc=0.1922
[ 2022-08-31 17:43:36,969][train_tran.train_nn_models] [Training] Epoch=249, loss=1212.8513, nll=1212.8513, l2_reg=0.0000, acc=0.1919
[ 2022-08-31 17:43:36,969][train_tran.train_nn_models] [Validation] Epoch=249, nll=1204.9303, acc=0.1920
[ 2022-08-31 17:43:37,234][train_tran.eval_nll] [Test]nll=1220.5894, acc=0.1885
[ 2022-08-31 18:07:35,153][train_tran.<module>]                    timestamp  ...                                             config
0 2022-08-31 18:07:35.134878  ...  {'model': 'Tran', 'dataset': 'pgem-1K-15', 'in...
1 2022-08-31 18:07:35.134878  ...  {'model': 'Tran', 'dataset': 'pgem-1K-15', 'in...
2 2022-08-31 18:07:35.134878  ...  {'model': 'Tran', 'dataset': 'pgem-1K-15', 'in...
3 2022-08-31 18:07:35.134878  ...  {'model': 'Tran', 'dataset': 'pgem-1K-15', 'in...
4 2022-08-31 18:07:35.134878  ...  {'model': 'Tran', 'dataset': 'pgem-1K-15', 'in...
5 2022-08-31 18:07:35.134878  ...  {'model': 'Tran', 'dataset': 'pgem-1K-15', 'in...

[6 rows x 7 columns]
