[ 2022-08-25 12:43:09,938][train.<module>] Namespace(attr_batch_size=0, basis_type='dyadic', batch_size=64, bucket_seqs=False, cuda=True, dataset='pgem-1K-15', dropout=0.0, embedding_dim=64, epochs=200, hidden_size=64, input_dir='data/input', l2_reg=0, lr=0.001, max_mean=20.0, model='ERPP', n_bases=7, num_workers=0, occurred_type_only=False, optimizer='Adam', output_dir='data/output', rand_seed=0, rnn='GRU', skip_eval_infectivity=False, skip_pred_next_event=False, split_id=2, steps=50, tune_metric='nll', verbose=False)
[ 2022-08-25 12:43:10,629][train.train_nn_models] [Training] Epoch=0, loss=19461.4688, nll=19461.4688, l2_reg=0.0000, acc=0.0728
[ 2022-08-25 12:43:10,630][train.train_nn_models] [Validation] Epoch=0, nll=18416.9199, acc=0.0589
[ 2022-08-25 12:43:11,188][train.train_nn_models] [Training] Epoch=1, loss=18332.8965, nll=18332.8965, l2_reg=0.0000, acc=0.0547
[ 2022-08-25 12:43:11,191][train.train_nn_models] [Validation] Epoch=1, nll=17265.6504, acc=0.0405
[ 2022-08-25 12:43:11,746][train.train_nn_models] [Training] Epoch=2, loss=17161.3770, nll=17161.3770, l2_reg=0.0000, acc=0.0422
[ 2022-08-25 12:43:11,749][train.train_nn_models] [Validation] Epoch=2, nll=15914.3789, acc=0.0449
[ 2022-08-25 12:43:12,309][train.train_nn_models] [Training] Epoch=3, loss=15743.3613, nll=15743.3613, l2_reg=0.0000, acc=0.0467
[ 2022-08-25 12:43:12,311][train.train_nn_models] [Validation] Epoch=3, nll=14163.6172, acc=0.0579
[ 2022-08-25 12:43:12,872][train.train_nn_models] [Training] Epoch=4, loss=13883.5850, nll=13883.5850, l2_reg=0.0000, acc=0.0545
[ 2022-08-25 12:43:12,875][train.train_nn_models] [Validation] Epoch=4, nll=11864.5762, acc=0.0661
[ 2022-08-25 12:43:13,442][train.train_nn_models] [Training] Epoch=5, loss=11452.6348, nll=11452.6348, l2_reg=0.0000, acc=0.0615
[ 2022-08-25 12:43:13,442][train.train_nn_models] [Validation] Epoch=5, nll=9034.8730, acc=0.0716
[ 2022-08-25 12:43:14,007][train.train_nn_models] [Training] Epoch=6, loss=8527.4541, nll=8527.4541, l2_reg=0.0000, acc=0.0673
[ 2022-08-25 12:43:14,008][train.train_nn_models] [Validation] Epoch=6, nll=6081.3970, acc=0.0733
[ 2022-08-25 12:43:14,578][train.train_nn_models] [Training] Epoch=7, loss=5616.8228, nll=5616.8228, l2_reg=0.0000, acc=0.0656
[ 2022-08-25 12:43:14,579][train.train_nn_models] [Validation] Epoch=7, nll=3762.5771, acc=0.0593
[ 2022-08-25 12:43:15,154][train.train_nn_models] [Training] Epoch=8, loss=3463.4988, nll=3463.4988, l2_reg=0.0000, acc=0.0588
[ 2022-08-25 12:43:15,155][train.train_nn_models] [Validation] Epoch=8, nll=2404.9321, acc=0.0619
[ 2022-08-25 12:43:15,727][train.train_nn_models] [Training] Epoch=9, loss=2255.5325, nll=2255.5325, l2_reg=0.0000, acc=0.0618
[ 2022-08-25 12:43:15,728][train.train_nn_models] [Validation] Epoch=9, nll=1742.1569, acc=0.0706
[ 2022-08-25 12:43:16,300][train.train_nn_models] [Training] Epoch=10, loss=1682.2502, nll=1682.2502, l2_reg=0.0000, acc=0.0729
[ 2022-08-25 12:43:16,300][train.train_nn_models] [Validation] Epoch=10, nll=1452.1647, acc=0.0748
[ 2022-08-25 12:43:16,875][train.train_nn_models] [Training] Epoch=11, loss=1438.5074, nll=1438.5074, l2_reg=0.0000, acc=0.0759
[ 2022-08-25 12:43:16,875][train.train_nn_models] [Validation] Epoch=11, nll=1336.3516, acc=0.0801
[ 2022-08-25 12:43:17,443][train.train_nn_models] [Training] Epoch=12, loss=1344.8660, nll=1344.8660, l2_reg=0.0000, acc=0.0813
[ 2022-08-25 12:43:17,443][train.train_nn_models] [Validation] Epoch=12, nll=1292.5659, acc=0.0873
[ 2022-08-25 12:43:18,010][train.train_nn_models] [Training] Epoch=13, loss=1311.0642, nll=1311.0642, l2_reg=0.0000, acc=0.0888
[ 2022-08-25 12:43:18,010][train.train_nn_models] [Validation] Epoch=13, nll=1272.3826, acc=0.0992
[ 2022-08-25 12:43:18,585][train.train_nn_models] [Training] Epoch=14, loss=1294.7107, nll=1294.7107, l2_reg=0.0000, acc=0.1063
[ 2022-08-25 12:43:18,585][train.train_nn_models] [Validation] Epoch=14, nll=1255.4108, acc=0.1299
[ 2022-08-25 12:43:19,162][train.train_nn_models] [Training] Epoch=15, loss=1278.9342, nll=1278.9342, l2_reg=0.0000, acc=0.1349
[ 2022-08-25 12:43:19,162][train.train_nn_models] [Validation] Epoch=15, nll=1234.7316, acc=0.1519
[ 2022-08-25 12:43:19,733][train.train_nn_models] [Training] Epoch=16, loss=1258.4264, nll=1258.4264, l2_reg=0.0000, acc=0.1632
[ 2022-08-25 12:43:19,734][train.train_nn_models] [Validation] Epoch=16, nll=1210.3906, acc=0.1892
[ 2022-08-25 12:43:20,307][train.train_nn_models] [Training] Epoch=17, loss=1234.2773, nll=1234.2773, l2_reg=0.0000, acc=0.1778
[ 2022-08-25 12:43:20,308][train.train_nn_models] [Validation] Epoch=17, nll=1186.4011, acc=0.1941
[ 2022-08-25 12:43:20,886][train.train_nn_models] [Training] Epoch=18, loss=1211.1378, nll=1211.1378, l2_reg=0.0000, acc=0.1843
[ 2022-08-25 12:43:20,886][train.train_nn_models] [Validation] Epoch=18, nll=1168.8427, acc=0.1901
[ 2022-08-25 12:43:21,450][train.train_nn_models] [Training] Epoch=19, loss=1195.0791, nll=1195.0791, l2_reg=0.0000, acc=0.1844
[ 2022-08-25 12:43:21,450][train.train_nn_models] [Validation] Epoch=19, nll=1161.7656, acc=0.1867
[ 2022-08-25 12:43:22,030][train.train_nn_models] [Training] Epoch=20, loss=1188.6439, nll=1188.6439, l2_reg=0.0000, acc=0.1855
[ 2022-08-25 12:43:22,030][train.train_nn_models] [Validation] Epoch=20, nll=1159.9387, acc=0.1856
[ 2022-08-25 12:43:22,602][train.train_nn_models] [Training] Epoch=21, loss=1185.0128, nll=1185.0128, l2_reg=0.0000, acc=0.1840
[ 2022-08-25 12:43:22,602][train.train_nn_models] [Validation] Epoch=21, nll=1153.2751, acc=0.1852
[ 2022-08-25 12:43:23,172][train.train_nn_models] [Training] Epoch=22, loss=1176.2712, nll=1176.2712, l2_reg=0.0000, acc=0.1842
[ 2022-08-25 12:43:23,173][train.train_nn_models] [Validation] Epoch=22, nll=1142.4266, acc=0.1831
[ 2022-08-25 12:43:23,740][train.train_nn_models] [Training] Epoch=23, loss=1165.0043, nll=1165.0043, l2_reg=0.0000, acc=0.1844
[ 2022-08-25 12:43:23,741][train.train_nn_models] [Validation] Epoch=23, nll=1133.3948, acc=0.1839
[ 2022-08-25 12:43:24,311][train.train_nn_models] [Training] Epoch=24, loss=1156.3171, nll=1156.3171, l2_reg=0.0000, acc=0.1869
[ 2022-08-25 12:43:24,313][train.train_nn_models] [Validation] Epoch=24, nll=1128.3258, acc=0.1867
[ 2022-08-25 12:43:24,905][train.train_nn_models] [Training] Epoch=25, loss=1151.6084, nll=1151.6084, l2_reg=0.0000, acc=0.1859
[ 2022-08-25 12:43:24,905][train.train_nn_models] [Validation] Epoch=25, nll=1126.3466, acc=0.1880
[ 2022-08-25 12:43:25,486][train.train_nn_models] [Training] Epoch=26, loss=1149.5762, nll=1149.5762, l2_reg=0.0000, acc=0.1844
[ 2022-08-25 12:43:25,487][train.train_nn_models] [Validation] Epoch=26, nll=1124.9470, acc=0.1841
[ 2022-08-25 12:43:26,060][train.train_nn_models] [Training] Epoch=27, loss=1147.9084, nll=1147.9084, l2_reg=0.0000, acc=0.1834
[ 2022-08-25 12:43:26,061][train.train_nn_models] [Validation] Epoch=27, nll=1122.8730, acc=0.1878
[ 2022-08-25 12:43:26,629][train.train_nn_models] [Training] Epoch=28, loss=1145.7941, nll=1145.7941, l2_reg=0.0000, acc=0.1832
[ 2022-08-25 12:43:26,630][train.train_nn_models] [Validation] Epoch=28, nll=1120.7025, acc=0.1897
[ 2022-08-25 12:43:27,197][train.train_nn_models] [Training] Epoch=29, loss=1143.8094, nll=1143.8094, l2_reg=0.0000, acc=0.1828
[ 2022-08-25 12:43:27,198][train.train_nn_models] [Validation] Epoch=29, nll=1118.9048, acc=0.1897
[ 2022-08-25 12:43:27,777][train.train_nn_models] [Training] Epoch=30, loss=1142.2277, nll=1142.2277, l2_reg=0.0000, acc=0.1830
[ 2022-08-25 12:43:27,778][train.train_nn_models] [Validation] Epoch=30, nll=1117.5693, acc=0.1909
[ 2022-08-25 12:43:28,348][train.train_nn_models] [Training] Epoch=31, loss=1141.0455, nll=1141.0455, l2_reg=0.0000, acc=0.1836
[ 2022-08-25 12:43:28,348][train.train_nn_models] [Validation] Epoch=31, nll=1116.5073, acc=0.1939
[ 2022-08-25 12:43:28,922][train.train_nn_models] [Training] Epoch=32, loss=1140.0630, nll=1140.0630, l2_reg=0.0000, acc=0.1836
[ 2022-08-25 12:43:28,923][train.train_nn_models] [Validation] Epoch=32, nll=1115.4325, acc=0.1954
[ 2022-08-25 12:43:29,494][train.train_nn_models] [Training] Epoch=33, loss=1139.0369, nll=1139.0369, l2_reg=0.0000, acc=0.1839
[ 2022-08-25 12:43:29,494][train.train_nn_models] [Validation] Epoch=33, nll=1114.2296, acc=0.1964
[ 2022-08-25 12:43:30,072][train.train_nn_models] [Training] Epoch=34, loss=1137.9034, nll=1137.9034, l2_reg=0.0000, acc=0.1845
[ 2022-08-25 12:43:30,072][train.train_nn_models] [Validation] Epoch=34, nll=1112.9869, acc=0.1979
[ 2022-08-25 12:43:30,647][train.train_nn_models] [Training] Epoch=35, loss=1136.7596, nll=1136.7596, l2_reg=0.0000, acc=0.1849
[ 2022-08-25 12:43:30,647][train.train_nn_models] [Validation] Epoch=35, nll=1111.8290, acc=0.1943
[ 2022-08-25 12:43:31,228][train.train_nn_models] [Training] Epoch=36, loss=1135.6869, nll=1135.6869, l2_reg=0.0000, acc=0.1858
[ 2022-08-25 12:43:31,228][train.train_nn_models] [Validation] Epoch=36, nll=1110.7760, acc=0.1950
[ 2022-08-25 12:43:31,808][train.train_nn_models] [Training] Epoch=37, loss=1134.6732, nll=1134.6732, l2_reg=0.0000, acc=0.1863
[ 2022-08-25 12:43:31,808][train.train_nn_models] [Validation] Epoch=37, nll=1109.7749, acc=0.1928
[ 2022-08-25 12:43:32,403][train.train_nn_models] [Training] Epoch=38, loss=1133.6837, nll=1133.6837, l2_reg=0.0000, acc=0.1860
[ 2022-08-25 12:43:32,404][train.train_nn_models] [Validation] Epoch=38, nll=1108.8512, acc=0.1907
[ 2022-08-25 12:43:32,984][train.train_nn_models] [Training] Epoch=39, loss=1132.7500, nll=1132.7500, l2_reg=0.0000, acc=0.1856
[ 2022-08-25 12:43:32,985][train.train_nn_models] [Validation] Epoch=39, nll=1107.9542, acc=0.1890
[ 2022-08-25 12:43:33,576][train.train_nn_models] [Training] Epoch=40, loss=1131.8268, nll=1131.8268, l2_reg=0.0000, acc=0.1855
[ 2022-08-25 12:43:33,576][train.train_nn_models] [Validation] Epoch=40, nll=1107.0662, acc=0.1888
[ 2022-08-25 12:43:34,156][train.train_nn_models] [Training] Epoch=41, loss=1130.9259, nll=1130.9259, l2_reg=0.0000, acc=0.1852
[ 2022-08-25 12:43:34,157][train.train_nn_models] [Validation] Epoch=41, nll=1106.1543, acc=0.1869
[ 2022-08-25 12:43:34,738][train.train_nn_models] [Training] Epoch=42, loss=1130.0369, nll=1130.0369, l2_reg=0.0000, acc=0.1845
[ 2022-08-25 12:43:34,740][train.train_nn_models] [Validation] Epoch=42, nll=1105.1936, acc=0.1865
[ 2022-08-25 12:43:35,334][train.train_nn_models] [Training] Epoch=43, loss=1129.1451, nll=1129.1451, l2_reg=0.0000, acc=0.1850
[ 2022-08-25 12:43:35,335][train.train_nn_models] [Validation] Epoch=43, nll=1104.2046, acc=0.1839
[ 2022-08-25 12:43:35,938][train.train_nn_models] [Training] Epoch=44, loss=1128.2539, nll=1128.2539, l2_reg=0.0000, acc=0.1851
[ 2022-08-25 12:43:35,939][train.train_nn_models] [Validation] Epoch=44, nll=1103.2251, acc=0.1844
[ 2022-08-25 12:43:36,540][train.train_nn_models] [Training] Epoch=45, loss=1127.3622, nll=1127.3622, l2_reg=0.0000, acc=0.1850
[ 2022-08-25 12:43:36,541][train.train_nn_models] [Validation] Epoch=45, nll=1102.2710, acc=0.1850
[ 2022-08-25 12:43:37,109][train.train_nn_models] [Training] Epoch=46, loss=1126.4589, nll=1126.4589, l2_reg=0.0000, acc=0.1847
[ 2022-08-25 12:43:37,109][train.train_nn_models] [Validation] Epoch=46, nll=1101.3391, acc=0.1846
[ 2022-08-25 12:43:37,676][train.train_nn_models] [Training] Epoch=47, loss=1125.5436, nll=1125.5436, l2_reg=0.0000, acc=0.1846
[ 2022-08-25 12:43:37,676][train.train_nn_models] [Validation] Epoch=47, nll=1100.4116, acc=0.1861
[ 2022-08-25 12:43:38,244][train.train_nn_models] [Training] Epoch=48, loss=1124.6215, nll=1124.6215, l2_reg=0.0000, acc=0.1849
[ 2022-08-25 12:43:38,244][train.train_nn_models] [Validation] Epoch=48, nll=1099.4565, acc=0.1850
[ 2022-08-25 12:43:38,816][train.train_nn_models] [Training] Epoch=49, loss=1123.6898, nll=1123.6898, l2_reg=0.0000, acc=0.1851
[ 2022-08-25 12:43:38,816][train.train_nn_models] [Validation] Epoch=49, nll=1098.4592, acc=0.1850
[ 2022-08-25 12:43:39,390][train.train_nn_models] [Training] Epoch=50, loss=1122.7456, nll=1122.7456, l2_reg=0.0000, acc=0.1845
[ 2022-08-25 12:43:39,391][train.train_nn_models] [Validation] Epoch=50, nll=1097.4371, acc=0.1856
[ 2022-08-25 12:43:39,978][train.train_nn_models] [Training] Epoch=51, loss=1121.7930, nll=1121.7930, l2_reg=0.0000, acc=0.1845
[ 2022-08-25 12:43:39,978][train.train_nn_models] [Validation] Epoch=51, nll=1096.4143, acc=0.1850
[ 2022-08-25 12:43:40,581][train.train_nn_models] [Training] Epoch=52, loss=1120.8328, nll=1120.8328, l2_reg=0.0000, acc=0.1846
[ 2022-08-25 12:43:40,582][train.train_nn_models] [Validation] Epoch=52, nll=1095.3970, acc=0.1850
[ 2022-08-25 12:43:41,177][train.train_nn_models] [Training] Epoch=53, loss=1119.8644, nll=1119.8644, l2_reg=0.0000, acc=0.1847
[ 2022-08-25 12:43:41,177][train.train_nn_models] [Validation] Epoch=53, nll=1094.3730, acc=0.1839
[ 2022-08-25 12:43:41,786][train.train_nn_models] [Training] Epoch=54, loss=1118.8875, nll=1118.8875, l2_reg=0.0000, acc=0.1844
[ 2022-08-25 12:43:41,786][train.train_nn_models] [Validation] Epoch=54, nll=1093.3259, acc=0.1844
[ 2022-08-25 12:43:42,393][train.train_nn_models] [Training] Epoch=55, loss=1117.9006, nll=1117.9006, l2_reg=0.0000, acc=0.1846
[ 2022-08-25 12:43:42,394][train.train_nn_models] [Validation] Epoch=55, nll=1092.2560, acc=0.1844
[ 2022-08-25 12:43:42,996][train.train_nn_models] [Training] Epoch=56, loss=1116.9042, nll=1116.9042, l2_reg=0.0000, acc=0.1848
[ 2022-08-25 12:43:42,997][train.train_nn_models] [Validation] Epoch=56, nll=1091.1798, acc=0.1852
[ 2022-08-25 12:43:43,595][train.train_nn_models] [Training] Epoch=57, loss=1115.8992, nll=1115.8992, l2_reg=0.0000, acc=0.1848
[ 2022-08-25 12:43:43,595][train.train_nn_models] [Validation] Epoch=57, nll=1090.1071, acc=0.1856
[ 2022-08-25 12:43:44,177][train.train_nn_models] [Training] Epoch=58, loss=1114.8846, nll=1114.8846, l2_reg=0.0000, acc=0.1853
[ 2022-08-25 12:43:44,178][train.train_nn_models] [Validation] Epoch=58, nll=1089.0308, acc=0.1848
[ 2022-08-25 12:43:44,741][train.train_nn_models] [Training] Epoch=59, loss=1113.8601, nll=1113.8601, l2_reg=0.0000, acc=0.1855
[ 2022-08-25 12:43:44,741][train.train_nn_models] [Validation] Epoch=59, nll=1087.9393, acc=0.1844
[ 2022-08-25 12:43:45,317][train.train_nn_models] [Training] Epoch=60, loss=1112.8263, nll=1112.8263, l2_reg=0.0000, acc=0.1857
[ 2022-08-25 12:43:45,319][train.train_nn_models] [Validation] Epoch=60, nll=1086.8364, acc=0.1841
[ 2022-08-25 12:43:45,886][train.train_nn_models] [Training] Epoch=61, loss=1111.7885, nll=1111.7885, l2_reg=0.0000, acc=0.1860
[ 2022-08-25 12:43:45,886][train.train_nn_models] [Validation] Epoch=61, nll=1085.7397, acc=0.1848
[ 2022-08-25 12:43:46,469][train.train_nn_models] [Training] Epoch=62, loss=1110.7551, nll=1110.7551, l2_reg=0.0000, acc=0.1862
[ 2022-08-25 12:43:46,470][train.train_nn_models] [Validation] Epoch=62, nll=1084.6587, acc=0.1856
[ 2022-08-25 12:43:47,041][train.train_nn_models] [Training] Epoch=63, loss=1109.7319, nll=1109.7319, l2_reg=0.0000, acc=0.1860
[ 2022-08-25 12:43:47,041][train.train_nn_models] [Validation] Epoch=63, nll=1083.5907, acc=0.1850
[ 2022-08-25 12:43:47,614][train.train_nn_models] [Training] Epoch=64, loss=1108.7188, nll=1108.7188, l2_reg=0.0000, acc=0.1864
[ 2022-08-25 12:43:47,615][train.train_nn_models] [Validation] Epoch=64, nll=1082.5211, acc=0.1863
[ 2022-08-25 12:43:48,177][train.train_nn_models] [Training] Epoch=65, loss=1107.7100, nll=1107.7100, l2_reg=0.0000, acc=0.1862
[ 2022-08-25 12:43:48,177][train.train_nn_models] [Validation] Epoch=65, nll=1081.4502, acc=0.1852
[ 2022-08-25 12:43:48,750][train.train_nn_models] [Training] Epoch=66, loss=1106.7009, nll=1106.7009, l2_reg=0.0000, acc=0.1859
[ 2022-08-25 12:43:48,750][train.train_nn_models] [Validation] Epoch=66, nll=1080.3812, acc=0.1858
[ 2022-08-25 12:43:49,318][train.train_nn_models] [Training] Epoch=67, loss=1105.6929, nll=1105.6929, l2_reg=0.0000, acc=0.1855
[ 2022-08-25 12:43:49,318][train.train_nn_models] [Validation] Epoch=67, nll=1079.3126, acc=0.1852
[ 2022-08-25 12:43:49,897][train.train_nn_models] [Training] Epoch=68, loss=1104.6874, nll=1104.6874, l2_reg=0.0000, acc=0.1854
[ 2022-08-25 12:43:49,897][train.train_nn_models] [Validation] Epoch=68, nll=1078.2482, acc=0.1846
[ 2022-08-25 12:43:50,488][train.train_nn_models] [Training] Epoch=69, loss=1103.6866, nll=1103.6866, l2_reg=0.0000, acc=0.1857
[ 2022-08-25 12:43:50,489][train.train_nn_models] [Validation] Epoch=69, nll=1077.1938, acc=0.1846
[ 2022-08-25 12:43:51,068][train.train_nn_models] [Training] Epoch=70, loss=1102.6914, nll=1102.6914, l2_reg=0.0000, acc=0.1858
[ 2022-08-25 12:43:51,068][train.train_nn_models] [Validation] Epoch=70, nll=1076.1499, acc=0.1839
[ 2022-08-25 12:43:51,641][train.train_nn_models] [Training] Epoch=71, loss=1101.7015, nll=1101.7015, l2_reg=0.0000, acc=0.1860
[ 2022-08-25 12:43:51,641][train.train_nn_models] [Validation] Epoch=71, nll=1075.1093, acc=0.1837
[ 2022-08-25 12:43:52,219][train.train_nn_models] [Training] Epoch=72, loss=1100.7170, nll=1100.7170, l2_reg=0.0000, acc=0.1856
[ 2022-08-25 12:43:52,219][train.train_nn_models] [Validation] Epoch=72, nll=1074.0704, acc=0.1839
[ 2022-08-25 12:43:52,793][train.train_nn_models] [Training] Epoch=73, loss=1099.7383, nll=1099.7383, l2_reg=0.0000, acc=0.1852
[ 2022-08-25 12:43:52,793][train.train_nn_models] [Validation] Epoch=73, nll=1073.0448, acc=0.1841
[ 2022-08-25 12:43:53,371][train.train_nn_models] [Training] Epoch=74, loss=1098.7679, nll=1098.7679, l2_reg=0.0000, acc=0.1854
[ 2022-08-25 12:43:53,371][train.train_nn_models] [Validation] Epoch=74, nll=1072.0255, acc=0.1841
[ 2022-08-25 12:43:53,944][train.train_nn_models] [Training] Epoch=75, loss=1097.8053, nll=1097.8053, l2_reg=0.0000, acc=0.1853
[ 2022-08-25 12:43:53,944][train.train_nn_models] [Validation] Epoch=75, nll=1071.0122, acc=0.1839
[ 2022-08-25 12:43:54,521][train.train_nn_models] [Training] Epoch=76, loss=1096.8517, nll=1096.8517, l2_reg=0.0000, acc=0.1852
[ 2022-08-25 12:43:54,521][train.train_nn_models] [Validation] Epoch=76, nll=1070.0081, acc=0.1839
[ 2022-08-25 12:43:55,078][train.train_nn_models] [Training] Epoch=77, loss=1095.9077, nll=1095.9077, l2_reg=0.0000, acc=0.1853
[ 2022-08-25 12:43:55,079][train.train_nn_models] [Validation] Epoch=77, nll=1069.0200, acc=0.1837
[ 2022-08-25 12:43:55,653][train.train_nn_models] [Training] Epoch=78, loss=1094.9741, nll=1094.9741, l2_reg=0.0000, acc=0.1855
[ 2022-08-25 12:43:55,654][train.train_nn_models] [Validation] Epoch=78, nll=1068.0439, acc=0.1829
[ 2022-08-25 12:43:56,222][train.train_nn_models] [Training] Epoch=79, loss=1094.0508, nll=1094.0508, l2_reg=0.0000, acc=0.1857
[ 2022-08-25 12:43:56,222][train.train_nn_models] [Validation] Epoch=79, nll=1067.0730, acc=0.1829
[ 2022-08-25 12:43:56,801][train.train_nn_models] [Training] Epoch=80, loss=1093.1381, nll=1093.1381, l2_reg=0.0000, acc=0.1857
[ 2022-08-25 12:43:56,801][train.train_nn_models] [Validation] Epoch=80, nll=1066.1245, acc=0.1827
[ 2022-08-25 12:43:57,370][train.train_nn_models] [Training] Epoch=81, loss=1092.2374, nll=1092.2374, l2_reg=0.0000, acc=0.1857
[ 2022-08-25 12:43:57,370][train.train_nn_models] [Validation] Epoch=81, nll=1065.1868, acc=0.1825
[ 2022-08-25 12:43:57,944][train.train_nn_models] [Training] Epoch=82, loss=1091.3485, nll=1091.3485, l2_reg=0.0000, acc=0.1857
[ 2022-08-25 12:43:57,944][train.train_nn_models] [Validation] Epoch=82, nll=1064.2544, acc=0.1827
[ 2022-08-25 12:43:58,524][train.train_nn_models] [Training] Epoch=83, loss=1090.4717, nll=1090.4717, l2_reg=0.0000, acc=0.1856
[ 2022-08-25 12:43:58,524][train.train_nn_models] [Validation] Epoch=83, nll=1063.3474, acc=0.1825
[ 2022-08-25 12:43:59,098][train.train_nn_models] [Training] Epoch=84, loss=1089.6085, nll=1089.6085, l2_reg=0.0000, acc=0.1857
[ 2022-08-25 12:43:59,098][train.train_nn_models] [Validation] Epoch=84, nll=1062.4393, acc=0.1839
[ 2022-08-25 12:43:59,675][train.train_nn_models] [Training] Epoch=85, loss=1088.7574, nll=1088.7574, l2_reg=0.0000, acc=0.1858
[ 2022-08-25 12:43:59,675][train.train_nn_models] [Validation] Epoch=85, nll=1061.5469, acc=0.1841
[ 2022-08-25 12:44:00,250][train.train_nn_models] [Training] Epoch=86, loss=1087.9204, nll=1087.9204, l2_reg=0.0000, acc=0.1856
[ 2022-08-25 12:44:00,250][train.train_nn_models] [Validation] Epoch=86, nll=1060.6833, acc=0.1844
[ 2022-08-25 12:44:00,823][train.train_nn_models] [Training] Epoch=87, loss=1087.0974, nll=1087.0974, l2_reg=0.0000, acc=0.1855
[ 2022-08-25 12:44:00,823][train.train_nn_models] [Validation] Epoch=87, nll=1059.8208, acc=0.1841
[ 2022-08-25 12:44:01,398][train.train_nn_models] [Training] Epoch=88, loss=1086.2876, nll=1086.2876, l2_reg=0.0000, acc=0.1855
[ 2022-08-25 12:44:01,398][train.train_nn_models] [Validation] Epoch=88, nll=1058.9775, acc=0.1848
[ 2022-08-25 12:44:01,971][train.train_nn_models] [Training] Epoch=89, loss=1085.4928, nll=1085.4928, l2_reg=0.0000, acc=0.1854
[ 2022-08-25 12:44:01,971][train.train_nn_models] [Validation] Epoch=89, nll=1058.1558, acc=0.1850
[ 2022-08-25 12:44:02,561][train.train_nn_models] [Training] Epoch=90, loss=1084.7126, nll=1084.7126, l2_reg=0.0000, acc=0.1854
[ 2022-08-25 12:44:02,562][train.train_nn_models] [Validation] Epoch=90, nll=1057.3392, acc=0.1856
[ 2022-08-25 12:44:03,142][train.train_nn_models] [Training] Epoch=91, loss=1083.9465, nll=1083.9465, l2_reg=0.0000, acc=0.1856
[ 2022-08-25 12:44:03,143][train.train_nn_models] [Validation] Epoch=91, nll=1056.5406, acc=0.1858
[ 2022-08-25 12:44:03,718][train.train_nn_models] [Training] Epoch=92, loss=1083.1958, nll=1083.1958, l2_reg=0.0000, acc=0.1856
[ 2022-08-25 12:44:03,718][train.train_nn_models] [Validation] Epoch=92, nll=1055.7679, acc=0.1852
[ 2022-08-25 12:44:04,288][train.train_nn_models] [Training] Epoch=93, loss=1082.4595, nll=1082.4595, l2_reg=0.0000, acc=0.1857
[ 2022-08-25 12:44:04,288][train.train_nn_models] [Validation] Epoch=93, nll=1055.0015, acc=0.1852
[ 2022-08-25 12:44:04,861][train.train_nn_models] [Training] Epoch=94, loss=1081.7375, nll=1081.7375, l2_reg=0.0000, acc=0.1858
[ 2022-08-25 12:44:04,862][train.train_nn_models] [Validation] Epoch=94, nll=1054.2600, acc=0.1852
[ 2022-08-25 12:44:05,437][train.train_nn_models] [Training] Epoch=95, loss=1081.0310, nll=1081.0310, l2_reg=0.0000, acc=0.1857
[ 2022-08-25 12:44:05,437][train.train_nn_models] [Validation] Epoch=95, nll=1053.5292, acc=0.1854
[ 2022-08-25 12:44:06,003][train.train_nn_models] [Training] Epoch=96, loss=1080.3383, nll=1080.3383, l2_reg=0.0000, acc=0.1855
[ 2022-08-25 12:44:06,004][train.train_nn_models] [Validation] Epoch=96, nll=1052.8097, acc=0.1869
[ 2022-08-25 12:44:06,572][train.train_nn_models] [Training] Epoch=97, loss=1079.6604, nll=1079.6604, l2_reg=0.0000, acc=0.1857
[ 2022-08-25 12:44:06,572][train.train_nn_models] [Validation] Epoch=97, nll=1052.1182, acc=0.1858
[ 2022-08-25 12:44:07,149][train.train_nn_models] [Training] Epoch=98, loss=1078.9972, nll=1078.9972, l2_reg=0.0000, acc=0.1857
[ 2022-08-25 12:44:07,150][train.train_nn_models] [Validation] Epoch=98, nll=1051.4369, acc=0.1867
[ 2022-08-25 12:44:07,714][train.train_nn_models] [Training] Epoch=99, loss=1078.3485, nll=1078.3485, l2_reg=0.0000, acc=0.1861
[ 2022-08-25 12:44:07,714][train.train_nn_models] [Validation] Epoch=99, nll=1050.7749, acc=0.1863
[ 2022-08-25 12:44:08,275][train.train_nn_models] [Training] Epoch=100, loss=1077.7139, nll=1077.7139, l2_reg=0.0000, acc=0.1865
[ 2022-08-25 12:44:08,276][train.train_nn_models] [Validation] Epoch=100, nll=1050.1235, acc=0.1865
[ 2022-08-25 12:44:08,837][train.train_nn_models] [Training] Epoch=101, loss=1077.0942, nll=1077.0942, l2_reg=0.0000, acc=0.1866
[ 2022-08-25 12:44:08,837][train.train_nn_models] [Validation] Epoch=101, nll=1049.4958, acc=0.1863
[ 2022-08-25 12:44:08,837][train.train_nn_models] Found a better model at epoch 101.
[ 2022-08-25 12:44:09,379][train.train_nn_models] [Training] Epoch=102, loss=1076.4904, nll=1076.4904, l2_reg=0.0000, acc=0.1865
[ 2022-08-25 12:44:09,380][train.train_nn_models] [Validation] Epoch=102, nll=1048.8856, acc=0.1865
[ 2022-08-25 12:44:09,380][train.train_nn_models] Found a better model at epoch 102.
[ 2022-08-25 12:44:09,919][train.train_nn_models] [Training] Epoch=103, loss=1075.9019, nll=1075.9019, l2_reg=0.0000, acc=0.1865
[ 2022-08-25 12:44:09,920][train.train_nn_models] [Validation] Epoch=103, nll=1048.2903, acc=0.1869
[ 2022-08-25 12:44:09,920][train.train_nn_models] Found a better model at epoch 103.
[ 2022-08-25 12:44:10,460][train.train_nn_models] [Training] Epoch=104, loss=1075.3298, nll=1075.3298, l2_reg=0.0000, acc=0.1865
[ 2022-08-25 12:44:10,460][train.train_nn_models] [Validation] Epoch=104, nll=1047.7095, acc=0.1875
[ 2022-08-25 12:44:10,461][train.train_nn_models] Found a better model at epoch 104.
[ 2022-08-25 12:44:11,002][train.train_nn_models] [Training] Epoch=105, loss=1074.7728, nll=1074.7728, l2_reg=0.0000, acc=0.1868
[ 2022-08-25 12:44:11,002][train.train_nn_models] [Validation] Epoch=105, nll=1047.1422, acc=0.1875
[ 2022-08-25 12:44:11,002][train.train_nn_models] Found a better model at epoch 105.
[ 2022-08-25 12:44:11,548][train.train_nn_models] [Training] Epoch=106, loss=1074.2307, nll=1074.2307, l2_reg=0.0000, acc=0.1868
[ 2022-08-25 12:44:11,548][train.train_nn_models] [Validation] Epoch=106, nll=1046.5825, acc=0.1890
[ 2022-08-25 12:44:11,548][train.train_nn_models] Found a better model at epoch 106.
[ 2022-08-25 12:44:12,129][train.train_nn_models] [Training] Epoch=107, loss=1073.7014, nll=1073.7014, l2_reg=0.0000, acc=0.1868
[ 2022-08-25 12:44:12,129][train.train_nn_models] [Validation] Epoch=107, nll=1046.0432, acc=0.1890
[ 2022-08-25 12:44:12,129][train.train_nn_models] Found a better model at epoch 107.
[ 2022-08-25 12:44:12,712][train.train_nn_models] [Training] Epoch=108, loss=1073.1855, nll=1073.1855, l2_reg=0.0000, acc=0.1868
[ 2022-08-25 12:44:12,713][train.train_nn_models] [Validation] Epoch=108, nll=1045.4933, acc=0.1892
[ 2022-08-25 12:44:12,713][train.train_nn_models] Found a better model at epoch 108.
[ 2022-08-25 12:44:13,285][train.train_nn_models] [Training] Epoch=109, loss=1072.6809, nll=1072.6809, l2_reg=0.0000, acc=0.1871
[ 2022-08-25 12:44:13,285][train.train_nn_models] [Validation] Epoch=109, nll=1044.9764, acc=0.1897
[ 2022-08-25 12:44:13,285][train.train_nn_models] Found a better model at epoch 109.
[ 2022-08-25 12:44:13,861][train.train_nn_models] [Training] Epoch=110, loss=1072.1917, nll=1072.1917, l2_reg=0.0000, acc=0.1870
[ 2022-08-25 12:44:13,862][train.train_nn_models] [Validation] Epoch=110, nll=1044.4735, acc=0.1894
[ 2022-08-25 12:44:13,862][train.train_nn_models] Found a better model at epoch 110.
[ 2022-08-25 12:44:14,429][train.train_nn_models] [Training] Epoch=111, loss=1071.7139, nll=1071.7139, l2_reg=0.0000, acc=0.1871
[ 2022-08-25 12:44:14,430][train.train_nn_models] [Validation] Epoch=111, nll=1043.9735, acc=0.1903
[ 2022-08-25 12:44:14,430][train.train_nn_models] Found a better model at epoch 111.
[ 2022-08-25 12:44:15,000][train.train_nn_models] [Training] Epoch=112, loss=1071.2500, nll=1071.2500, l2_reg=0.0000, acc=0.1869
[ 2022-08-25 12:44:15,000][train.train_nn_models] [Validation] Epoch=112, nll=1043.5063, acc=0.1894
[ 2022-08-25 12:44:15,000][train.train_nn_models] Found a better model at epoch 112.
[ 2022-08-25 12:44:15,566][train.train_nn_models] [Training] Epoch=113, loss=1070.7987, nll=1070.7987, l2_reg=0.0000, acc=0.1872
[ 2022-08-25 12:44:15,566][train.train_nn_models] [Validation] Epoch=113, nll=1043.0380, acc=0.1897
[ 2022-08-25 12:44:15,566][train.train_nn_models] Found a better model at epoch 113.
[ 2022-08-25 12:44:16,133][train.train_nn_models] [Training] Epoch=114, loss=1070.3595, nll=1070.3595, l2_reg=0.0000, acc=0.1874
[ 2022-08-25 12:44:16,133][train.train_nn_models] [Validation] Epoch=114, nll=1042.5918, acc=0.1897
[ 2022-08-25 12:44:16,134][train.train_nn_models] Found a better model at epoch 114.
[ 2022-08-25 12:44:16,705][train.train_nn_models] [Training] Epoch=115, loss=1069.9324, nll=1069.9324, l2_reg=0.0000, acc=0.1875
[ 2022-08-25 12:44:16,706][train.train_nn_models] [Validation] Epoch=115, nll=1042.1503, acc=0.1890
[ 2022-08-25 12:44:16,706][train.train_nn_models] Found a better model at epoch 115.
[ 2022-08-25 12:44:17,276][train.train_nn_models] [Training] Epoch=116, loss=1069.5161, nll=1069.5161, l2_reg=0.0000, acc=0.1873
[ 2022-08-25 12:44:17,276][train.train_nn_models] [Validation] Epoch=116, nll=1041.7375, acc=0.1888
[ 2022-08-25 12:44:17,276][train.train_nn_models] Found a better model at epoch 116.
[ 2022-08-25 12:44:17,846][train.train_nn_models] [Training] Epoch=117, loss=1069.1118, nll=1069.1118, l2_reg=0.0000, acc=0.1872
[ 2022-08-25 12:44:17,846][train.train_nn_models] [Validation] Epoch=117, nll=1041.3180, acc=0.1892
[ 2022-08-25 12:44:17,846][train.train_nn_models] Found a better model at epoch 117.
[ 2022-08-25 12:44:18,425][train.train_nn_models] [Training] Epoch=118, loss=1068.7157, nll=1068.7157, l2_reg=0.0000, acc=0.1873
[ 2022-08-25 12:44:18,425][train.train_nn_models] [Validation] Epoch=118, nll=1040.9054, acc=0.1907
[ 2022-08-25 12:44:18,425][train.train_nn_models] Found a better model at epoch 118.
[ 2022-08-25 12:44:19,004][train.train_nn_models] [Training] Epoch=119, loss=1068.3313, nll=1068.3313, l2_reg=0.0000, acc=0.1874
[ 2022-08-25 12:44:19,004][train.train_nn_models] [Validation] Epoch=119, nll=1040.5295, acc=0.1905
[ 2022-08-25 12:44:19,004][train.train_nn_models] Found a better model at epoch 119.
[ 2022-08-25 12:44:19,568][train.train_nn_models] [Training] Epoch=120, loss=1067.9573, nll=1067.9573, l2_reg=0.0000, acc=0.1876
[ 2022-08-25 12:44:19,568][train.train_nn_models] [Validation] Epoch=120, nll=1040.1332, acc=0.1907
[ 2022-08-25 12:44:19,568][train.train_nn_models] Found a better model at epoch 120.
[ 2022-08-25 12:44:20,148][train.train_nn_models] [Training] Epoch=121, loss=1067.5916, nll=1067.5916, l2_reg=0.0000, acc=0.1875
[ 2022-08-25 12:44:20,149][train.train_nn_models] [Validation] Epoch=121, nll=1039.7701, acc=0.1909
[ 2022-08-25 12:44:20,149][train.train_nn_models] Found a better model at epoch 121.
[ 2022-08-25 12:44:20,723][train.train_nn_models] [Training] Epoch=122, loss=1067.2373, nll=1067.2373, l2_reg=0.0000, acc=0.1877
[ 2022-08-25 12:44:20,724][train.train_nn_models] [Validation] Epoch=122, nll=1039.4050, acc=0.1907
[ 2022-08-25 12:44:20,724][train.train_nn_models] Found a better model at epoch 122.
[ 2022-08-25 12:44:21,302][train.train_nn_models] [Training] Epoch=123, loss=1066.8909, nll=1066.8909, l2_reg=0.0000, acc=0.1877
[ 2022-08-25 12:44:21,302][train.train_nn_models] [Validation] Epoch=123, nll=1039.0511, acc=0.1901
[ 2022-08-25 12:44:21,302][train.train_nn_models] Found a better model at epoch 123.
[ 2022-08-25 12:44:21,884][train.train_nn_models] [Training] Epoch=124, loss=1066.5532, nll=1066.5532, l2_reg=0.0000, acc=0.1877
[ 2022-08-25 12:44:21,885][train.train_nn_models] [Validation] Epoch=124, nll=1038.7034, acc=0.1901
[ 2022-08-25 12:44:21,885][train.train_nn_models] Found a better model at epoch 124.
[ 2022-08-25 12:44:22,462][train.train_nn_models] [Training] Epoch=125, loss=1066.2239, nll=1066.2239, l2_reg=0.0000, acc=0.1880
[ 2022-08-25 12:44:22,463][train.train_nn_models] [Validation] Epoch=125, nll=1038.3663, acc=0.1909
[ 2022-08-25 12:44:22,463][train.train_nn_models] Found a better model at epoch 125.
[ 2022-08-25 12:44:23,037][train.train_nn_models] [Training] Epoch=126, loss=1065.9047, nll=1065.9047, l2_reg=0.0000, acc=0.1878
[ 2022-08-25 12:44:23,038][train.train_nn_models] [Validation] Epoch=126, nll=1038.0458, acc=0.1916
[ 2022-08-25 12:44:23,038][train.train_nn_models] Found a better model at epoch 126.
[ 2022-08-25 12:44:23,614][train.train_nn_models] [Training] Epoch=127, loss=1065.5944, nll=1065.5944, l2_reg=0.0000, acc=0.1880
[ 2022-08-25 12:44:23,614][train.train_nn_models] [Validation] Epoch=127, nll=1037.7335, acc=0.1911
[ 2022-08-25 12:44:23,614][train.train_nn_models] Found a better model at epoch 127.
[ 2022-08-25 12:44:24,195][train.train_nn_models] [Training] Epoch=128, loss=1065.2922, nll=1065.2922, l2_reg=0.0000, acc=0.1882
[ 2022-08-25 12:44:24,195][train.train_nn_models] [Validation] Epoch=128, nll=1037.4171, acc=0.1905
[ 2022-08-25 12:44:24,195][train.train_nn_models] Found a better model at epoch 128.
[ 2022-08-25 12:44:24,784][train.train_nn_models] [Training] Epoch=129, loss=1064.9960, nll=1064.9960, l2_reg=0.0000, acc=0.1881
[ 2022-08-25 12:44:24,784][train.train_nn_models] [Validation] Epoch=129, nll=1037.1168, acc=0.1907
[ 2022-08-25 12:44:24,785][train.train_nn_models] Found a better model at epoch 129.
[ 2022-08-25 12:44:25,395][train.train_nn_models] [Training] Epoch=130, loss=1064.7072, nll=1064.7072, l2_reg=0.0000, acc=0.1881
[ 2022-08-25 12:44:25,395][train.train_nn_models] [Validation] Epoch=130, nll=1036.8137, acc=0.1907
[ 2022-08-25 12:44:25,395][train.train_nn_models] Found a better model at epoch 130.
[ 2022-08-25 12:44:25,976][train.train_nn_models] [Training] Epoch=131, loss=1064.4237, nll=1064.4237, l2_reg=0.0000, acc=0.1880
[ 2022-08-25 12:44:25,976][train.train_nn_models] [Validation] Epoch=131, nll=1036.5295, acc=0.1911
[ 2022-08-25 12:44:25,976][train.train_nn_models] Found a better model at epoch 131.
[ 2022-08-25 12:44:26,569][train.train_nn_models] [Training] Epoch=132, loss=1064.1515, nll=1064.1515, l2_reg=0.0000, acc=0.1880
[ 2022-08-25 12:44:26,569][train.train_nn_models] [Validation] Epoch=132, nll=1036.2389, acc=0.1909
[ 2022-08-25 12:44:26,569][train.train_nn_models] Found a better model at epoch 132.
[ 2022-08-25 12:44:27,154][train.train_nn_models] [Training] Epoch=133, loss=1063.8834, nll=1063.8834, l2_reg=0.0000, acc=0.1878
[ 2022-08-25 12:44:27,154][train.train_nn_models] [Validation] Epoch=133, nll=1035.9681, acc=0.1907
[ 2022-08-25 12:44:27,154][train.train_nn_models] Found a better model at epoch 133.
[ 2022-08-25 12:44:27,737][train.train_nn_models] [Training] Epoch=134, loss=1063.6233, nll=1063.6233, l2_reg=0.0000, acc=0.1878
[ 2022-08-25 12:44:27,738][train.train_nn_models] [Validation] Epoch=134, nll=1035.7137, acc=0.1905
[ 2022-08-25 12:44:27,738][train.train_nn_models] Found a better model at epoch 134.
[ 2022-08-25 12:44:28,315][train.train_nn_models] [Training] Epoch=135, loss=1063.3674, nll=1063.3674, l2_reg=0.0000, acc=0.1877
[ 2022-08-25 12:44:28,315][train.train_nn_models] [Validation] Epoch=135, nll=1035.4553, acc=0.1909
[ 2022-08-25 12:44:28,315][train.train_nn_models] Found a better model at epoch 135.
[ 2022-08-25 12:44:28,880][train.train_nn_models] [Training] Epoch=136, loss=1063.1184, nll=1063.1184, l2_reg=0.0000, acc=0.1878
[ 2022-08-25 12:44:28,880][train.train_nn_models] [Validation] Epoch=136, nll=1035.2361, acc=0.1907
[ 2022-08-25 12:44:28,880][train.train_nn_models] Found a better model at epoch 136.
[ 2022-08-25 12:44:29,457][train.train_nn_models] [Training] Epoch=137, loss=1062.8762, nll=1062.8762, l2_reg=0.0000, acc=0.1879
[ 2022-08-25 12:44:29,458][train.train_nn_models] [Validation] Epoch=137, nll=1034.9707, acc=0.1905
[ 2022-08-25 12:44:29,458][train.train_nn_models] Found a better model at epoch 137.
[ 2022-08-25 12:44:30,035][train.train_nn_models] [Training] Epoch=138, loss=1062.6339, nll=1062.6339, l2_reg=0.0000, acc=0.1879
[ 2022-08-25 12:44:30,035][train.train_nn_models] [Validation] Epoch=138, nll=1034.7654, acc=0.1901
[ 2022-08-25 12:44:30,035][train.train_nn_models] Found a better model at epoch 138.
[ 2022-08-25 12:44:30,623][train.train_nn_models] [Training] Epoch=139, loss=1062.4072, nll=1062.4072, l2_reg=0.0000, acc=0.1881
[ 2022-08-25 12:44:30,623][train.train_nn_models] [Validation] Epoch=139, nll=1034.4946, acc=0.1901
[ 2022-08-25 12:44:30,623][train.train_nn_models] Found a better model at epoch 139.
[ 2022-08-25 12:44:31,206][train.train_nn_models] [Training] Epoch=140, loss=1062.1799, nll=1062.1799, l2_reg=0.0000, acc=0.1882
[ 2022-08-25 12:44:31,206][train.train_nn_models] [Validation] Epoch=140, nll=1034.2876, acc=0.1903
[ 2022-08-25 12:44:31,206][train.train_nn_models] Found a better model at epoch 140.
[ 2022-08-25 12:44:31,788][train.train_nn_models] [Training] Epoch=141, loss=1061.9628, nll=1061.9628, l2_reg=0.0000, acc=0.1886
[ 2022-08-25 12:44:31,788][train.train_nn_models] [Validation] Epoch=141, nll=1034.0486, acc=0.1897
[ 2022-08-25 12:44:31,788][train.train_nn_models] Found a better model at epoch 141.
[ 2022-08-25 12:44:32,368][train.train_nn_models] [Training] Epoch=142, loss=1061.7439, nll=1061.7439, l2_reg=0.0000, acc=0.1878
[ 2022-08-25 12:44:32,369][train.train_nn_models] [Validation] Epoch=142, nll=1033.8525, acc=0.1897
[ 2022-08-25 12:44:32,369][train.train_nn_models] Found a better model at epoch 142.
[ 2022-08-25 12:44:32,939][train.train_nn_models] [Training] Epoch=143, loss=1061.5417, nll=1061.5417, l2_reg=0.0000, acc=0.1880
[ 2022-08-25 12:44:32,940][train.train_nn_models] [Validation] Epoch=143, nll=1033.6300, acc=0.1892
[ 2022-08-25 12:44:32,940][train.train_nn_models] Found a better model at epoch 143.
[ 2022-08-25 12:44:33,514][train.train_nn_models] [Training] Epoch=144, loss=1061.3342, nll=1061.3342, l2_reg=0.0000, acc=0.1880
[ 2022-08-25 12:44:33,515][train.train_nn_models] [Validation] Epoch=144, nll=1033.4315, acc=0.1894
[ 2022-08-25 12:44:33,515][train.train_nn_models] Found a better model at epoch 144.
[ 2022-08-25 12:44:34,085][train.train_nn_models] [Training] Epoch=145, loss=1061.1367, nll=1061.1367, l2_reg=0.0000, acc=0.1879
[ 2022-08-25 12:44:34,085][train.train_nn_models] [Validation] Epoch=145, nll=1033.2397, acc=0.1894
[ 2022-08-25 12:44:34,086][train.train_nn_models] Found a better model at epoch 145.
[ 2022-08-25 12:44:34,660][train.train_nn_models] [Training] Epoch=146, loss=1060.9430, nll=1060.9430, l2_reg=0.0000, acc=0.1883
[ 2022-08-25 12:44:34,660][train.train_nn_models] [Validation] Epoch=146, nll=1033.0242, acc=0.1894
[ 2022-08-25 12:44:34,660][train.train_nn_models] Found a better model at epoch 146.
[ 2022-08-25 12:44:35,235][train.train_nn_models] [Training] Epoch=147, loss=1060.7515, nll=1060.7515, l2_reg=0.0000, acc=0.1882
[ 2022-08-25 12:44:35,235][train.train_nn_models] [Validation] Epoch=147, nll=1032.8385, acc=0.1892
[ 2022-08-25 12:44:35,235][train.train_nn_models] Found a better model at epoch 147.
[ 2022-08-25 12:44:35,815][train.train_nn_models] [Training] Epoch=148, loss=1060.5674, nll=1060.5674, l2_reg=0.0000, acc=0.1881
[ 2022-08-25 12:44:35,815][train.train_nn_models] [Validation] Epoch=148, nll=1032.6442, acc=0.1890
[ 2022-08-25 12:44:35,815][train.train_nn_models] Found a better model at epoch 148.
[ 2022-08-25 12:44:36,383][train.train_nn_models] [Training] Epoch=149, loss=1060.3867, nll=1060.3867, l2_reg=0.0000, acc=0.1882
[ 2022-08-25 12:44:36,384][train.train_nn_models] [Validation] Epoch=149, nll=1032.4728, acc=0.1892
[ 2022-08-25 12:44:36,385][train.train_nn_models] Found a better model at epoch 149.
[ 2022-08-25 12:44:36,959][train.train_nn_models] [Training] Epoch=150, loss=1060.2136, nll=1060.2136, l2_reg=0.0000, acc=0.1883
[ 2022-08-25 12:44:36,959][train.train_nn_models] [Validation] Epoch=150, nll=1032.2793, acc=0.1890
[ 2022-08-25 12:44:36,959][train.train_nn_models] Found a better model at epoch 150.
[ 2022-08-25 12:44:37,529][train.train_nn_models] [Training] Epoch=151, loss=1060.0385, nll=1060.0385, l2_reg=0.0000, acc=0.1884
[ 2022-08-25 12:44:37,530][train.train_nn_models] [Validation] Epoch=151, nll=1032.1135, acc=0.1899
[ 2022-08-25 12:44:37,530][train.train_nn_models] Found a better model at epoch 151.
[ 2022-08-25 12:44:38,101][train.train_nn_models] [Training] Epoch=152, loss=1059.8723, nll=1059.8723, l2_reg=0.0000, acc=0.1881
[ 2022-08-25 12:44:38,101][train.train_nn_models] [Validation] Epoch=152, nll=1031.9296, acc=0.1897
[ 2022-08-25 12:44:38,101][train.train_nn_models] Found a better model at epoch 152.
[ 2022-08-25 12:44:38,678][train.train_nn_models] [Training] Epoch=153, loss=1059.7034, nll=1059.7034, l2_reg=0.0000, acc=0.1883
[ 2022-08-25 12:44:38,679][train.train_nn_models] [Validation] Epoch=153, nll=1031.7758, acc=0.1899
[ 2022-08-25 12:44:38,679][train.train_nn_models] Found a better model at epoch 153.
[ 2022-08-25 12:44:39,254][train.train_nn_models] [Training] Epoch=154, loss=1059.5486, nll=1059.5486, l2_reg=0.0000, acc=0.1883
[ 2022-08-25 12:44:39,254][train.train_nn_models] [Validation] Epoch=154, nll=1031.6007, acc=0.1897
[ 2022-08-25 12:44:39,254][train.train_nn_models] Found a better model at epoch 154.
[ 2022-08-25 12:44:39,826][train.train_nn_models] [Training] Epoch=155, loss=1059.3857, nll=1059.3857, l2_reg=0.0000, acc=0.1882
[ 2022-08-25 12:44:39,827][train.train_nn_models] [Validation] Epoch=155, nll=1031.4537, acc=0.1897
[ 2022-08-25 12:44:39,828][train.train_nn_models] Found a better model at epoch 155.
[ 2022-08-25 12:44:40,404][train.train_nn_models] [Training] Epoch=156, loss=1059.2378, nll=1059.2378, l2_reg=0.0000, acc=0.1883
[ 2022-08-25 12:44:40,404][train.train_nn_models] [Validation] Epoch=156, nll=1031.2915, acc=0.1899
[ 2022-08-25 12:44:40,404][train.train_nn_models] Found a better model at epoch 156.
[ 2022-08-25 12:44:40,980][train.train_nn_models] [Training] Epoch=157, loss=1059.0817, nll=1059.0817, l2_reg=0.0000, acc=0.1883
[ 2022-08-25 12:44:40,980][train.train_nn_models] [Validation] Epoch=157, nll=1031.1373, acc=0.1897
[ 2022-08-25 12:44:40,982][train.train_nn_models] Found a better model at epoch 157.
[ 2022-08-25 12:44:41,558][train.train_nn_models] [Training] Epoch=158, loss=1058.9381, nll=1058.9381, l2_reg=0.0000, acc=0.1885
[ 2022-08-25 12:44:41,559][train.train_nn_models] [Validation] Epoch=158, nll=1030.9907, acc=0.1888
[ 2022-08-25 12:44:41,559][train.train_nn_models] Found a better model at epoch 158.
[ 2022-08-25 12:44:42,141][train.train_nn_models] [Training] Epoch=159, loss=1058.7916, nll=1058.7916, l2_reg=0.0000, acc=0.1884
[ 2022-08-25 12:44:42,141][train.train_nn_models] [Validation] Epoch=159, nll=1030.8325, acc=0.1901
[ 2022-08-25 12:44:42,142][train.train_nn_models] Found a better model at epoch 159.
[ 2022-08-25 12:44:42,734][train.train_nn_models] [Training] Epoch=160, loss=1058.6499, nll=1058.6499, l2_reg=0.0000, acc=0.1883
[ 2022-08-25 12:44:42,734][train.train_nn_models] [Validation] Epoch=160, nll=1030.7098, acc=0.1899
[ 2022-08-25 12:44:42,735][train.train_nn_models] Found a better model at epoch 160.
[ 2022-08-25 12:44:43,343][train.train_nn_models] [Training] Epoch=161, loss=1058.5137, nll=1058.5137, l2_reg=0.0000, acc=0.1883
[ 2022-08-25 12:44:43,343][train.train_nn_models] [Validation] Epoch=161, nll=1030.5543, acc=0.1894
[ 2022-08-25 12:44:43,344][train.train_nn_models] Found a better model at epoch 161.
[ 2022-08-25 12:44:43,922][train.train_nn_models] [Training] Epoch=162, loss=1058.3760, nll=1058.3760, l2_reg=0.0000, acc=0.1884
[ 2022-08-25 12:44:43,922][train.train_nn_models] [Validation] Epoch=162, nll=1030.4253, acc=0.1890
[ 2022-08-25 12:44:43,922][train.train_nn_models] Found a better model at epoch 162.
[ 2022-08-25 12:44:44,504][train.train_nn_models] [Training] Epoch=163, loss=1058.2455, nll=1058.2455, l2_reg=0.0000, acc=0.1883
[ 2022-08-25 12:44:44,505][train.train_nn_models] [Validation] Epoch=163, nll=1030.2863, acc=0.1890
[ 2022-08-25 12:44:44,505][train.train_nn_models] Found a better model at epoch 163.
[ 2022-08-25 12:44:45,079][train.train_nn_models] [Training] Epoch=164, loss=1058.1139, nll=1058.1139, l2_reg=0.0000, acc=0.1884
[ 2022-08-25 12:44:45,079][train.train_nn_models] [Validation] Epoch=164, nll=1030.1702, acc=0.1890
[ 2022-08-25 12:44:45,079][train.train_nn_models] Found a better model at epoch 164.
[ 2022-08-25 12:44:45,654][train.train_nn_models] [Training] Epoch=165, loss=1057.9896, nll=1057.9896, l2_reg=0.0000, acc=0.1885
[ 2022-08-25 12:44:45,654][train.train_nn_models] [Validation] Epoch=165, nll=1030.0317, acc=0.1899
[ 2022-08-25 12:44:45,654][train.train_nn_models] Found a better model at epoch 165.
[ 2022-08-25 12:44:46,234][train.train_nn_models] [Training] Epoch=166, loss=1057.8621, nll=1057.8621, l2_reg=0.0000, acc=0.1886
[ 2022-08-25 12:44:46,235][train.train_nn_models] [Validation] Epoch=166, nll=1029.9058, acc=0.1899
[ 2022-08-25 12:44:46,235][train.train_nn_models] Found a better model at epoch 166.
[ 2022-08-25 12:44:46,813][train.train_nn_models] [Training] Epoch=167, loss=1057.7423, nll=1057.7423, l2_reg=0.0000, acc=0.1887
[ 2022-08-25 12:44:46,813][train.train_nn_models] [Validation] Epoch=167, nll=1029.7931, acc=0.1892
[ 2022-08-25 12:44:46,813][train.train_nn_models] Found a better model at epoch 167.
[ 2022-08-25 12:44:47,389][train.train_nn_models] [Training] Epoch=168, loss=1057.6230, nll=1057.6230, l2_reg=0.0000, acc=0.1888
[ 2022-08-25 12:44:47,390][train.train_nn_models] [Validation] Epoch=168, nll=1029.6632, acc=0.1901
[ 2022-08-25 12:44:47,391][train.train_nn_models] Found a better model at epoch 168.
[ 2022-08-25 12:44:47,970][train.train_nn_models] [Training] Epoch=169, loss=1057.5039, nll=1057.5039, l2_reg=0.0000, acc=0.1888
[ 2022-08-25 12:44:47,971][train.train_nn_models] [Validation] Epoch=169, nll=1029.5586, acc=0.1901
[ 2022-08-25 12:44:47,971][train.train_nn_models] Found a better model at epoch 169.
[ 2022-08-25 12:44:48,543][train.train_nn_models] [Training] Epoch=170, loss=1057.3917, nll=1057.3917, l2_reg=0.0000, acc=0.1885
[ 2022-08-25 12:44:48,544][train.train_nn_models] [Validation] Epoch=170, nll=1029.4369, acc=0.1894
[ 2022-08-25 12:44:48,544][train.train_nn_models] Found a better model at epoch 170.
[ 2022-08-25 12:44:49,115][train.train_nn_models] [Training] Epoch=171, loss=1057.2762, nll=1057.2762, l2_reg=0.0000, acc=0.1884
[ 2022-08-25 12:44:49,115][train.train_nn_models] [Validation] Epoch=171, nll=1029.3243, acc=0.1903
[ 2022-08-25 12:44:49,115][train.train_nn_models] Found a better model at epoch 171.
[ 2022-08-25 12:44:49,694][train.train_nn_models] [Training] Epoch=172, loss=1057.1671, nll=1057.1671, l2_reg=0.0000, acc=0.1887
[ 2022-08-25 12:44:49,695][train.train_nn_models] [Validation] Epoch=172, nll=1029.2133, acc=0.1901
[ 2022-08-25 12:44:49,696][train.train_nn_models] Found a better model at epoch 172.
[ 2022-08-25 12:44:50,267][train.train_nn_models] [Training] Epoch=173, loss=1057.0575, nll=1057.0575, l2_reg=0.0000, acc=0.1886
[ 2022-08-25 12:44:50,268][train.train_nn_models] [Validation] Epoch=173, nll=1029.1002, acc=0.1892
[ 2022-08-25 12:44:50,268][train.train_nn_models] Found a better model at epoch 173.
[ 2022-08-25 12:44:50,842][train.train_nn_models] [Training] Epoch=174, loss=1056.9515, nll=1056.9515, l2_reg=0.0000, acc=0.1886
[ 2022-08-25 12:44:50,843][train.train_nn_models] [Validation] Epoch=174, nll=1029.0044, acc=0.1894
[ 2022-08-25 12:44:50,843][train.train_nn_models] Found a better model at epoch 174.
[ 2022-08-25 12:44:51,415][train.train_nn_models] [Training] Epoch=175, loss=1056.8481, nll=1056.8481, l2_reg=0.0000, acc=0.1888
[ 2022-08-25 12:44:51,416][train.train_nn_models] [Validation] Epoch=175, nll=1028.8917, acc=0.1897
[ 2022-08-25 12:44:51,416][train.train_nn_models] Found a better model at epoch 175.
[ 2022-08-25 12:44:51,987][train.train_nn_models] [Training] Epoch=176, loss=1056.7440, nll=1056.7440, l2_reg=0.0000, acc=0.1886
[ 2022-08-25 12:44:51,988][train.train_nn_models] [Validation] Epoch=176, nll=1028.7921, acc=0.1897
[ 2022-08-25 12:44:51,988][train.train_nn_models] Found a better model at epoch 176.
[ 2022-08-25 12:44:52,563][train.train_nn_models] [Training] Epoch=177, loss=1056.6440, nll=1056.6440, l2_reg=0.0000, acc=0.1886
[ 2022-08-25 12:44:52,563][train.train_nn_models] [Validation] Epoch=177, nll=1028.6880, acc=0.1901
[ 2022-08-25 12:44:52,565][train.train_nn_models] Found a better model at epoch 177.
[ 2022-08-25 12:44:53,154][train.train_nn_models] [Training] Epoch=178, loss=1056.5446, nll=1056.5446, l2_reg=0.0000, acc=0.1889
[ 2022-08-25 12:44:53,154][train.train_nn_models] [Validation] Epoch=178, nll=1028.5922, acc=0.1892
[ 2022-08-25 12:44:53,155][train.train_nn_models] Found a better model at epoch 178.
[ 2022-08-25 12:44:53,728][train.train_nn_models] [Training] Epoch=179, loss=1056.4489, nll=1056.4489, l2_reg=0.0000, acc=0.1887
[ 2022-08-25 12:44:53,729][train.train_nn_models] [Validation] Epoch=179, nll=1028.4908, acc=0.1886
[ 2022-08-25 12:44:53,729][train.train_nn_models] Found a better model at epoch 179.
[ 2022-08-25 12:44:54,304][train.train_nn_models] [Training] Epoch=180, loss=1056.3516, nll=1056.3516, l2_reg=0.0000, acc=0.1886
[ 2022-08-25 12:44:54,305][train.train_nn_models] [Validation] Epoch=180, nll=1028.3990, acc=0.1888
[ 2022-08-25 12:44:54,306][train.train_nn_models] Found a better model at epoch 180.
[ 2022-08-25 12:44:54,893][train.train_nn_models] [Training] Epoch=181, loss=1056.2600, nll=1056.2600, l2_reg=0.0000, acc=0.1887
[ 2022-08-25 12:44:54,893][train.train_nn_models] [Validation] Epoch=181, nll=1028.3033, acc=0.1890
[ 2022-08-25 12:44:54,894][train.train_nn_models] Found a better model at epoch 181.
[ 2022-08-25 12:44:55,466][train.train_nn_models] [Training] Epoch=182, loss=1056.1672, nll=1056.1672, l2_reg=0.0000, acc=0.1889
[ 2022-08-25 12:44:55,466][train.train_nn_models] [Validation] Epoch=182, nll=1028.2070, acc=0.1888
[ 2022-08-25 12:44:55,467][train.train_nn_models] Found a better model at epoch 182.
[ 2022-08-25 12:44:56,033][train.train_nn_models] [Training] Epoch=183, loss=1056.0771, nll=1056.0771, l2_reg=0.0000, acc=0.1892
[ 2022-08-25 12:44:56,033][train.train_nn_models] [Validation] Epoch=183, nll=1028.1227, acc=0.1884
[ 2022-08-25 12:44:56,034][train.train_nn_models] Found a better model at epoch 183.
[ 2022-08-25 12:44:56,604][train.train_nn_models] [Training] Epoch=184, loss=1055.9893, nll=1055.9893, l2_reg=0.0000, acc=0.1890
[ 2022-08-25 12:44:56,605][train.train_nn_models] [Validation] Epoch=184, nll=1028.0305, acc=0.1884
[ 2022-08-25 12:44:56,605][train.train_nn_models] Found a better model at epoch 184.
[ 2022-08-25 12:44:57,173][train.train_nn_models] [Training] Epoch=185, loss=1055.9011, nll=1055.9011, l2_reg=0.0000, acc=0.1889
[ 2022-08-25 12:44:57,173][train.train_nn_models] [Validation] Epoch=185, nll=1027.9478, acc=0.1884
[ 2022-08-25 12:44:57,173][train.train_nn_models] Found a better model at epoch 185.
[ 2022-08-25 12:44:57,749][train.train_nn_models] [Training] Epoch=186, loss=1055.8169, nll=1055.8169, l2_reg=0.0000, acc=0.1891
[ 2022-08-25 12:44:57,750][train.train_nn_models] [Validation] Epoch=186, nll=1027.8618, acc=0.1878
[ 2022-08-25 12:44:57,751][train.train_nn_models] Found a better model at epoch 186.
[ 2022-08-25 12:44:58,320][train.train_nn_models] [Training] Epoch=187, loss=1055.7317, nll=1055.7317, l2_reg=0.0000, acc=0.1892
[ 2022-08-25 12:44:58,320][train.train_nn_models] [Validation] Epoch=187, nll=1027.7709, acc=0.1884
[ 2022-08-25 12:44:58,320][train.train_nn_models] Found a better model at epoch 187.
[ 2022-08-25 12:44:58,895][train.train_nn_models] [Training] Epoch=188, loss=1055.6487, nll=1055.6487, l2_reg=0.0000, acc=0.1892
[ 2022-08-25 12:44:58,895][train.train_nn_models] [Validation] Epoch=188, nll=1027.6938, acc=0.1884
[ 2022-08-25 12:44:58,896][train.train_nn_models] Found a better model at epoch 188.
[ 2022-08-25 12:44:59,463][train.train_nn_models] [Training] Epoch=189, loss=1055.5686, nll=1055.5686, l2_reg=0.0000, acc=0.1894
[ 2022-08-25 12:44:59,464][train.train_nn_models] [Validation] Epoch=189, nll=1027.6124, acc=0.1878
[ 2022-08-25 12:44:59,464][train.train_nn_models] Found a better model at epoch 189.
[ 2022-08-25 12:45:00,060][train.train_nn_models] [Training] Epoch=190, loss=1055.4893, nll=1055.4893, l2_reg=0.0000, acc=0.1892
[ 2022-08-25 12:45:00,060][train.train_nn_models] [Validation] Epoch=190, nll=1027.5308, acc=0.1875
[ 2022-08-25 12:45:00,061][train.train_nn_models] Found a better model at epoch 190.
[ 2022-08-25 12:45:00,653][train.train_nn_models] [Training] Epoch=191, loss=1055.4104, nll=1055.4104, l2_reg=0.0000, acc=0.1890
[ 2022-08-25 12:45:00,654][train.train_nn_models] [Validation] Epoch=191, nll=1027.4543, acc=0.1884
[ 2022-08-25 12:45:00,654][train.train_nn_models] Found a better model at epoch 191.
[ 2022-08-25 12:45:01,252][train.train_nn_models] [Training] Epoch=192, loss=1055.3342, nll=1055.3342, l2_reg=0.0000, acc=0.1888
[ 2022-08-25 12:45:01,253][train.train_nn_models] [Validation] Epoch=192, nll=1027.3726, acc=0.1884
[ 2022-08-25 12:45:01,253][train.train_nn_models] Found a better model at epoch 192.
[ 2022-08-25 12:45:01,841][train.train_nn_models] [Training] Epoch=193, loss=1055.2573, nll=1055.2573, l2_reg=0.0000, acc=0.1887
[ 2022-08-25 12:45:01,842][train.train_nn_models] [Validation] Epoch=193, nll=1027.3008, acc=0.1888
[ 2022-08-25 12:45:01,842][train.train_nn_models] Found a better model at epoch 193.
[ 2022-08-25 12:45:02,414][train.train_nn_models] [Training] Epoch=194, loss=1055.1840, nll=1055.1840, l2_reg=0.0000, acc=0.1888
[ 2022-08-25 12:45:02,415][train.train_nn_models] [Validation] Epoch=194, nll=1027.2261, acc=0.1890
[ 2022-08-25 12:45:02,415][train.train_nn_models] Found a better model at epoch 194.
[ 2022-08-25 12:45:02,982][train.train_nn_models] [Training] Epoch=195, loss=1055.1100, nll=1055.1100, l2_reg=0.0000, acc=0.1890
[ 2022-08-25 12:45:02,983][train.train_nn_models] [Validation] Epoch=195, nll=1027.1511, acc=0.1886
[ 2022-08-25 12:45:02,984][train.train_nn_models] Found a better model at epoch 195.
[ 2022-08-25 12:45:03,547][train.train_nn_models] [Training] Epoch=196, loss=1055.0377, nll=1055.0377, l2_reg=0.0000, acc=0.1892
[ 2022-08-25 12:45:03,547][train.train_nn_models] [Validation] Epoch=196, nll=1027.0774, acc=0.1890
[ 2022-08-25 12:45:03,548][train.train_nn_models] Found a better model at epoch 196.
[ 2022-08-25 12:45:04,115][train.train_nn_models] [Training] Epoch=197, loss=1054.9656, nll=1054.9656, l2_reg=0.0000, acc=0.1891
[ 2022-08-25 12:45:04,115][train.train_nn_models] [Validation] Epoch=197, nll=1027.0181, acc=0.1888
[ 2022-08-25 12:45:04,116][train.train_nn_models] Found a better model at epoch 197.
[ 2022-08-25 12:45:04,695][train.train_nn_models] [Training] Epoch=198, loss=1054.8982, nll=1054.8982, l2_reg=0.0000, acc=0.1890
[ 2022-08-25 12:45:04,695][train.train_nn_models] [Validation] Epoch=198, nll=1026.9325, acc=0.1890
[ 2022-08-25 12:45:04,696][train.train_nn_models] Found a better model at epoch 198.
[ 2022-08-25 12:45:05,288][train.train_nn_models] [Training] Epoch=199, loss=1054.8264, nll=1054.8264, l2_reg=0.0000, acc=0.1891
[ 2022-08-25 12:45:05,289][train.train_nn_models] [Validation] Epoch=199, nll=1026.8750, acc=0.1890
[ 2022-08-25 12:45:05,290][train.train_nn_models] Found a better model at epoch 199.
[ 2022-08-25 12:45:05,351][train.eval_nll] [Test]nll=1009.9426, acc=0.1911
[ 2022-08-25 12:46:57,626][train.<module>]                    timestamp  ...                                             config
0 2022-08-25 12:46:57.606375  ...  {'model': 'ERPP', 'dataset': 'pgem-1K-15', 'in...
1 2022-08-25 12:46:57.606375  ...  {'model': 'ERPP', 'dataset': 'pgem-1K-15', 'in...
2 2022-08-25 12:46:57.606375  ...  {'model': 'ERPP', 'dataset': 'pgem-1K-15', 'in...
3 2022-08-25 12:46:57.606375  ...  {'model': 'ERPP', 'dataset': 'pgem-1K-15', 'in...
4 2022-08-25 12:46:57.606375  ...  {'model': 'ERPP', 'dataset': 'pgem-1K-15', 'in...
5 2022-08-25 12:46:57.606375  ...  {'model': 'ERPP', 'dataset': 'pgem-1K-15', 'in...

[6 rows x 7 columns]
