[ 2022-08-31 19:13:09,373][train_tran.<module>] Namespace(attr_batch_size=0, basis_type='dyadic', batch_size=64, bucket_seqs=False, cuda=True, dataset='pgem-1K-15', dropout=0.0, embedding_dim=64, epochs=250, hidden_size=64, input_dir='data/input', l2_reg=0, lr=0.0008, max_mean=20.0, model='Tran', n_bases=7, num_workers=0, occurred_type_only=False, optimizer='Adam', output_dir='data/output', rand_seed=1, skip_eval_infectivity=False, skip_pred_next_event=False, split_id=3, steps=50, tran_head=5, tran_layer=2, tune_metric='nll', verbose=False)
[ 2022-08-31 19:13:11,872][train_tran.train_nn_models] [Training] Epoch=0, loss=21672.9629, nll=21672.9629, l2_reg=0.0000, acc=0.0353
[ 2022-08-31 19:13:11,873][train_tran.train_nn_models] [Validation] Epoch=0, nll=12193.9424, acc=0.0265
[ 2022-08-31 19:13:14,118][train_tran.train_nn_models] [Training] Epoch=1, loss=6977.1006, nll=6977.1006, l2_reg=0.0000, acc=0.0258
[ 2022-08-31 19:13:14,118][train_tran.train_nn_models] [Validation] Epoch=1, nll=2757.7190, acc=0.0257
[ 2022-08-31 19:13:16,357][train_tran.train_nn_models] [Training] Epoch=2, loss=1863.9979, nll=1863.9979, l2_reg=0.0000, acc=0.0253
[ 2022-08-31 19:13:16,357][train_tran.train_nn_models] [Validation] Epoch=2, nll=1426.7335, acc=0.0269
[ 2022-08-31 19:13:18,596][train_tran.train_nn_models] [Training] Epoch=3, loss=1388.1864, nll=1388.1864, l2_reg=0.0000, acc=0.1260
[ 2022-08-31 19:13:18,596][train_tran.train_nn_models] [Validation] Epoch=3, nll=1315.9432, acc=0.1691
[ 2022-08-31 19:13:20,881][train_tran.train_nn_models] [Training] Epoch=4, loss=1300.7463, nll=1300.7463, l2_reg=0.0000, acc=0.1757
[ 2022-08-31 19:13:20,881][train_tran.train_nn_models] [Validation] Epoch=4, nll=1246.6478, acc=0.1911
[ 2022-08-31 19:13:23,155][train_tran.train_nn_models] [Training] Epoch=5, loss=1256.3276, nll=1256.3276, l2_reg=0.0000, acc=0.1868
[ 2022-08-31 19:13:23,156][train_tran.train_nn_models] [Validation] Epoch=5, nll=1239.7061, acc=0.1894
[ 2022-08-31 19:13:25,396][train_tran.train_nn_models] [Training] Epoch=6, loss=1245.9125, nll=1245.9125, l2_reg=0.0000, acc=0.1879
[ 2022-08-31 19:13:25,396][train_tran.train_nn_models] [Validation] Epoch=6, nll=1230.3136, acc=0.1885
[ 2022-08-31 19:13:27,644][train_tran.train_nn_models] [Training] Epoch=7, loss=1239.6852, nll=1239.6852, l2_reg=0.0000, acc=0.1871
[ 2022-08-31 19:13:27,645][train_tran.train_nn_models] [Validation] Epoch=7, nll=1225.7142, acc=0.1861
[ 2022-08-31 19:13:29,907][train_tran.train_nn_models] [Training] Epoch=8, loss=1236.0837, nll=1236.0837, l2_reg=0.0000, acc=0.1867
[ 2022-08-31 19:13:29,908][train_tran.train_nn_models] [Validation] Epoch=8, nll=1223.1768, acc=0.1898
[ 2022-08-31 19:13:32,198][train_tran.train_nn_models] [Training] Epoch=9, loss=1233.4528, nll=1233.4528, l2_reg=0.0000, acc=0.1873
[ 2022-08-31 19:13:32,198][train_tran.train_nn_models] [Validation] Epoch=9, nll=1220.9572, acc=0.1911
[ 2022-08-31 19:13:34,470][train_tran.train_nn_models] [Training] Epoch=10, loss=1231.2729, nll=1231.2729, l2_reg=0.0000, acc=0.1878
[ 2022-08-31 19:13:34,471][train_tran.train_nn_models] [Validation] Epoch=10, nll=1218.8995, acc=0.1914
[ 2022-08-31 19:13:36,721][train_tran.train_nn_models] [Training] Epoch=11, loss=1229.4236, nll=1229.4236, l2_reg=0.0000, acc=0.1880
[ 2022-08-31 19:13:36,722][train_tran.train_nn_models] [Validation] Epoch=11, nll=1217.6714, acc=0.1901
[ 2022-08-31 19:13:38,963][train_tran.train_nn_models] [Training] Epoch=12, loss=1228.3167, nll=1228.3167, l2_reg=0.0000, acc=0.1874
[ 2022-08-31 19:13:38,963][train_tran.train_nn_models] [Validation] Epoch=12, nll=1216.6270, acc=0.1871
[ 2022-08-31 19:13:41,213][train_tran.train_nn_models] [Training] Epoch=13, loss=1227.5381, nll=1227.5381, l2_reg=0.0000, acc=0.1877
[ 2022-08-31 19:13:41,213][train_tran.train_nn_models] [Validation] Epoch=13, nll=1215.9751, acc=0.1866
[ 2022-08-31 19:13:43,486][train_tran.train_nn_models] [Training] Epoch=14, loss=1226.8867, nll=1226.8867, l2_reg=0.0000, acc=0.1875
[ 2022-08-31 19:13:43,486][train_tran.train_nn_models] [Validation] Epoch=14, nll=1215.3593, acc=0.1860
[ 2022-08-31 19:13:45,743][train_tran.train_nn_models] [Training] Epoch=15, loss=1226.3698, nll=1226.3698, l2_reg=0.0000, acc=0.1873
[ 2022-08-31 19:13:45,743][train_tran.train_nn_models] [Validation] Epoch=15, nll=1214.8735, acc=0.1857
[ 2022-08-31 19:13:48,003][train_tran.train_nn_models] [Training] Epoch=16, loss=1225.9154, nll=1225.9154, l2_reg=0.0000, acc=0.1873
[ 2022-08-31 19:13:48,003][train_tran.train_nn_models] [Validation] Epoch=16, nll=1214.4187, acc=0.1851
[ 2022-08-31 19:13:50,261][train_tran.train_nn_models] [Training] Epoch=17, loss=1225.5164, nll=1225.5164, l2_reg=0.0000, acc=0.1871
[ 2022-08-31 19:13:50,262][train_tran.train_nn_models] [Validation] Epoch=17, nll=1214.0061, acc=0.1855
[ 2022-08-31 19:13:52,537][train_tran.train_nn_models] [Training] Epoch=18, loss=1225.1514, nll=1225.1514, l2_reg=0.0000, acc=0.1869
[ 2022-08-31 19:13:52,537][train_tran.train_nn_models] [Validation] Epoch=18, nll=1213.6266, acc=0.1854
[ 2022-08-31 19:13:54,801][train_tran.train_nn_models] [Training] Epoch=19, loss=1224.8176, nll=1224.8176, l2_reg=0.0000, acc=0.1870
[ 2022-08-31 19:13:54,801][train_tran.train_nn_models] [Validation] Epoch=19, nll=1213.2693, acc=0.1865
[ 2022-08-31 19:13:57,055][train_tran.train_nn_models] [Training] Epoch=20, loss=1224.5107, nll=1224.5107, l2_reg=0.0000, acc=0.1871
[ 2022-08-31 19:13:57,055][train_tran.train_nn_models] [Validation] Epoch=20, nll=1212.9476, acc=0.1864
[ 2022-08-31 19:13:59,300][train_tran.train_nn_models] [Training] Epoch=21, loss=1224.2365, nll=1224.2365, l2_reg=0.0000, acc=0.1872
[ 2022-08-31 19:13:59,301][train_tran.train_nn_models] [Validation] Epoch=21, nll=1212.6605, acc=0.1868
[ 2022-08-31 19:14:01,563][train_tran.train_nn_models] [Training] Epoch=22, loss=1223.9984, nll=1223.9984, l2_reg=0.0000, acc=0.1872
[ 2022-08-31 19:14:01,563][train_tran.train_nn_models] [Validation] Epoch=22, nll=1212.4135, acc=0.1862
[ 2022-08-31 19:14:03,835][train_tran.train_nn_models] [Training] Epoch=23, loss=1223.7976, nll=1223.7976, l2_reg=0.0000, acc=0.1870
[ 2022-08-31 19:14:03,836][train_tran.train_nn_models] [Validation] Epoch=23, nll=1212.2042, acc=0.1856
[ 2022-08-31 19:14:06,089][train_tran.train_nn_models] [Training] Epoch=24, loss=1223.6290, nll=1223.6290, l2_reg=0.0000, acc=0.1872
[ 2022-08-31 19:14:06,089][train_tran.train_nn_models] [Validation] Epoch=24, nll=1212.0292, acc=0.1856
[ 2022-08-31 19:14:08,335][train_tran.train_nn_models] [Training] Epoch=25, loss=1223.4877, nll=1223.4877, l2_reg=0.0000, acc=0.1874
[ 2022-08-31 19:14:08,336][train_tran.train_nn_models] [Validation] Epoch=25, nll=1211.8810, acc=0.1853
[ 2022-08-31 19:14:10,575][train_tran.train_nn_models] [Training] Epoch=26, loss=1223.3674, nll=1223.3674, l2_reg=0.0000, acc=0.1875
[ 2022-08-31 19:14:10,575][train_tran.train_nn_models] [Validation] Epoch=26, nll=1211.7537, acc=0.1846
[ 2022-08-31 19:14:12,839][train_tran.train_nn_models] [Training] Epoch=27, loss=1223.2637, nll=1223.2637, l2_reg=0.0000, acc=0.1875
[ 2022-08-31 19:14:12,840][train_tran.train_nn_models] [Validation] Epoch=27, nll=1211.6433, acc=0.1852
[ 2022-08-31 19:14:15,124][train_tran.train_nn_models] [Training] Epoch=28, loss=1223.1732, nll=1223.1732, l2_reg=0.0000, acc=0.1876
[ 2022-08-31 19:14:15,124][train_tran.train_nn_models] [Validation] Epoch=28, nll=1211.5464, acc=0.1859
[ 2022-08-31 19:14:17,395][train_tran.train_nn_models] [Training] Epoch=29, loss=1223.0934, nll=1223.0934, l2_reg=0.0000, acc=0.1877
[ 2022-08-31 19:14:17,395][train_tran.train_nn_models] [Validation] Epoch=29, nll=1211.4600, acc=0.1853
[ 2022-08-31 19:14:19,665][train_tran.train_nn_models] [Training] Epoch=30, loss=1223.0212, nll=1223.0212, l2_reg=0.0000, acc=0.1877
[ 2022-08-31 19:14:19,666][train_tran.train_nn_models] [Validation] Epoch=30, nll=1211.3818, acc=0.1847
[ 2022-08-31 19:14:21,924][train_tran.train_nn_models] [Training] Epoch=31, loss=1222.9552, nll=1222.9552, l2_reg=0.0000, acc=0.1874
[ 2022-08-31 19:14:21,925][train_tran.train_nn_models] [Validation] Epoch=31, nll=1211.3096, acc=0.1851
[ 2022-08-31 19:14:24,209][train_tran.train_nn_models] [Training] Epoch=32, loss=1222.8934, nll=1222.8934, l2_reg=0.0000, acc=0.1874
[ 2022-08-31 19:14:24,209][train_tran.train_nn_models] [Validation] Epoch=32, nll=1211.2444, acc=0.1848
[ 2022-08-31 19:14:26,494][train_tran.train_nn_models] [Training] Epoch=33, loss=1222.8345, nll=1222.8345, l2_reg=0.0000, acc=0.1874
[ 2022-08-31 19:14:26,494][train_tran.train_nn_models] [Validation] Epoch=33, nll=1211.1805, acc=0.1854
[ 2022-08-31 19:14:28,749][train_tran.train_nn_models] [Training] Epoch=34, loss=1222.7789, nll=1222.7789, l2_reg=0.0000, acc=0.1875
[ 2022-08-31 19:14:28,749][train_tran.train_nn_models] [Validation] Epoch=34, nll=1211.1245, acc=0.1854
[ 2022-08-31 19:14:31,004][train_tran.train_nn_models] [Training] Epoch=35, loss=1222.7274, nll=1222.7274, l2_reg=0.0000, acc=0.1875
[ 2022-08-31 19:14:31,005][train_tran.train_nn_models] [Validation] Epoch=35, nll=1211.0734, acc=0.1859
[ 2022-08-31 19:14:33,281][train_tran.train_nn_models] [Training] Epoch=36, loss=1222.6820, nll=1222.6820, l2_reg=0.0000, acc=0.1877
[ 2022-08-31 19:14:33,281][train_tran.train_nn_models] [Validation] Epoch=36, nll=1211.0240, acc=0.1864
[ 2022-08-31 19:14:35,554][train_tran.train_nn_models] [Training] Epoch=37, loss=1222.6407, nll=1222.6407, l2_reg=0.0000, acc=0.1872
[ 2022-08-31 19:14:35,554][train_tran.train_nn_models] [Validation] Epoch=37, nll=1210.9749, acc=0.1864
[ 2022-08-31 19:14:37,817][train_tran.train_nn_models] [Training] Epoch=38, loss=1222.6021, nll=1222.6021, l2_reg=0.0000, acc=0.1873
[ 2022-08-31 19:14:37,817][train_tran.train_nn_models] [Validation] Epoch=38, nll=1210.9287, acc=0.1861
[ 2022-08-31 19:14:40,082][train_tran.train_nn_models] [Training] Epoch=39, loss=1222.5649, nll=1222.5649, l2_reg=0.0000, acc=0.1873
[ 2022-08-31 19:14:40,082][train_tran.train_nn_models] [Validation] Epoch=39, nll=1210.8849, acc=0.1869
[ 2022-08-31 19:14:42,347][train_tran.train_nn_models] [Training] Epoch=40, loss=1222.5294, nll=1222.5294, l2_reg=0.0000, acc=0.1871
[ 2022-08-31 19:14:42,347][train_tran.train_nn_models] [Validation] Epoch=40, nll=1210.8438, acc=0.1867
[ 2022-08-31 19:14:44,618][train_tran.train_nn_models] [Training] Epoch=41, loss=1222.4948, nll=1222.4948, l2_reg=0.0000, acc=0.1868
[ 2022-08-31 19:14:44,618][train_tran.train_nn_models] [Validation] Epoch=41, nll=1210.8021, acc=0.1870
[ 2022-08-31 19:14:46,885][train_tran.train_nn_models] [Training] Epoch=42, loss=1222.4609, nll=1222.4609, l2_reg=0.0000, acc=0.1869
[ 2022-08-31 19:14:46,885][train_tran.train_nn_models] [Validation] Epoch=42, nll=1210.7629, acc=0.1868
[ 2022-08-31 19:14:49,149][train_tran.train_nn_models] [Training] Epoch=43, loss=1222.4272, nll=1222.4272, l2_reg=0.0000, acc=0.1871
[ 2022-08-31 19:14:49,149][train_tran.train_nn_models] [Validation] Epoch=43, nll=1210.7252, acc=0.1871
[ 2022-08-31 19:14:51,394][train_tran.train_nn_models] [Training] Epoch=44, loss=1222.3943, nll=1222.3943, l2_reg=0.0000, acc=0.1871
[ 2022-08-31 19:14:51,394][train_tran.train_nn_models] [Validation] Epoch=44, nll=1210.6891, acc=0.1865
[ 2022-08-31 19:14:53,662][train_tran.train_nn_models] [Training] Epoch=45, loss=1222.3619, nll=1222.3619, l2_reg=0.0000, acc=0.1867
[ 2022-08-31 19:14:53,662][train_tran.train_nn_models] [Validation] Epoch=45, nll=1210.6526, acc=0.1864
[ 2022-08-31 19:14:55,936][train_tran.train_nn_models] [Training] Epoch=46, loss=1222.3298, nll=1222.3298, l2_reg=0.0000, acc=0.1865
[ 2022-08-31 19:14:55,936][train_tran.train_nn_models] [Validation] Epoch=46, nll=1210.6180, acc=0.1859
[ 2022-08-31 19:14:58,214][train_tran.train_nn_models] [Training] Epoch=47, loss=1222.2983, nll=1222.2983, l2_reg=0.0000, acc=0.1865
[ 2022-08-31 19:14:58,215][train_tran.train_nn_models] [Validation] Epoch=47, nll=1210.5836, acc=0.1868
[ 2022-08-31 19:15:00,461][train_tran.train_nn_models] [Training] Epoch=48, loss=1222.2676, nll=1222.2676, l2_reg=0.0000, acc=0.1865
[ 2022-08-31 19:15:00,461][train_tran.train_nn_models] [Validation] Epoch=48, nll=1210.5508, acc=0.1873
[ 2022-08-31 19:15:02,706][train_tran.train_nn_models] [Training] Epoch=49, loss=1222.2372, nll=1222.2372, l2_reg=0.0000, acc=0.1865
[ 2022-08-31 19:15:02,706][train_tran.train_nn_models] [Validation] Epoch=49, nll=1210.5189, acc=0.1869
[ 2022-08-31 19:15:04,992][train_tran.train_nn_models] [Training] Epoch=50, loss=1222.2078, nll=1222.2078, l2_reg=0.0000, acc=0.1863
[ 2022-08-31 19:15:04,992][train_tran.train_nn_models] [Validation] Epoch=50, nll=1210.4889, acc=0.1870
[ 2022-08-31 19:15:07,273][train_tran.train_nn_models] [Training] Epoch=51, loss=1222.1792, nll=1222.1792, l2_reg=0.0000, acc=0.1865
[ 2022-08-31 19:15:07,273][train_tran.train_nn_models] [Validation] Epoch=51, nll=1210.4598, acc=0.1871
[ 2022-08-31 19:15:09,568][train_tran.train_nn_models] [Training] Epoch=52, loss=1222.1517, nll=1222.1517, l2_reg=0.0000, acc=0.1865
[ 2022-08-31 19:15:09,569][train_tran.train_nn_models] [Validation] Epoch=52, nll=1210.4323, acc=0.1868
[ 2022-08-31 19:15:11,823][train_tran.train_nn_models] [Training] Epoch=53, loss=1222.1251, nll=1222.1251, l2_reg=0.0000, acc=0.1864
[ 2022-08-31 19:15:11,823][train_tran.train_nn_models] [Validation] Epoch=53, nll=1210.4073, acc=0.1869
[ 2022-08-31 19:15:14,089][train_tran.train_nn_models] [Training] Epoch=54, loss=1222.0997, nll=1222.0997, l2_reg=0.0000, acc=0.1868
[ 2022-08-31 19:15:14,089][train_tran.train_nn_models] [Validation] Epoch=54, nll=1210.3842, acc=0.1871
[ 2022-08-31 19:15:16,355][train_tran.train_nn_models] [Training] Epoch=55, loss=1222.0756, nll=1222.0756, l2_reg=0.0000, acc=0.1864
[ 2022-08-31 19:15:16,355][train_tran.train_nn_models] [Validation] Epoch=55, nll=1210.3622, acc=0.1868
[ 2022-08-31 19:15:18,642][train_tran.train_nn_models] [Training] Epoch=56, loss=1222.0525, nll=1222.0525, l2_reg=0.0000, acc=0.1866
[ 2022-08-31 19:15:18,643][train_tran.train_nn_models] [Validation] Epoch=56, nll=1210.3420, acc=0.1870
[ 2022-08-31 19:15:20,912][train_tran.train_nn_models] [Training] Epoch=57, loss=1222.0308, nll=1222.0308, l2_reg=0.0000, acc=0.1866
[ 2022-08-31 19:15:20,913][train_tran.train_nn_models] [Validation] Epoch=57, nll=1210.3236, acc=0.1868
[ 2022-08-31 19:15:23,168][train_tran.train_nn_models] [Training] Epoch=58, loss=1222.0103, nll=1222.0103, l2_reg=0.0000, acc=0.1866
[ 2022-08-31 19:15:23,168][train_tran.train_nn_models] [Validation] Epoch=58, nll=1210.3066, acc=0.1866
[ 2022-08-31 19:15:25,430][train_tran.train_nn_models] [Training] Epoch=59, loss=1221.9907, nll=1221.9907, l2_reg=0.0000, acc=0.1865
[ 2022-08-31 19:15:25,431][train_tran.train_nn_models] [Validation] Epoch=59, nll=1210.2933, acc=0.1861
[ 2022-08-31 19:15:27,691][train_tran.train_nn_models] [Training] Epoch=60, loss=1221.9727, nll=1221.9727, l2_reg=0.0000, acc=0.1864
[ 2022-08-31 19:15:27,691][train_tran.train_nn_models] [Validation] Epoch=60, nll=1210.2764, acc=0.1860
[ 2022-08-31 19:15:29,969][train_tran.train_nn_models] [Training] Epoch=61, loss=1221.9556, nll=1221.9556, l2_reg=0.0000, acc=0.1865
[ 2022-08-31 19:15:29,970][train_tran.train_nn_models] [Validation] Epoch=61, nll=1210.2633, acc=0.1860
[ 2022-08-31 19:15:32,219][train_tran.train_nn_models] [Training] Epoch=62, loss=1221.9390, nll=1221.9390, l2_reg=0.0000, acc=0.1866
[ 2022-08-31 19:15:32,219][train_tran.train_nn_models] [Validation] Epoch=62, nll=1210.2511, acc=0.1862
[ 2022-08-31 19:15:34,469][train_tran.train_nn_models] [Training] Epoch=63, loss=1221.9233, nll=1221.9233, l2_reg=0.0000, acc=0.1867
[ 2022-08-31 19:15:34,470][train_tran.train_nn_models] [Validation] Epoch=63, nll=1210.2394, acc=0.1859
[ 2022-08-31 19:15:36,733][train_tran.train_nn_models] [Training] Epoch=64, loss=1221.9088, nll=1221.9088, l2_reg=0.0000, acc=0.1865
[ 2022-08-31 19:15:36,733][train_tran.train_nn_models] [Validation] Epoch=64, nll=1210.2314, acc=0.1862
[ 2022-08-31 19:15:39,020][train_tran.train_nn_models] [Training] Epoch=65, loss=1221.8950, nll=1221.8950, l2_reg=0.0000, acc=0.1863
[ 2022-08-31 19:15:39,021][train_tran.train_nn_models] [Validation] Epoch=65, nll=1210.2200, acc=0.1863
[ 2022-08-31 19:15:41,291][train_tran.train_nn_models] [Training] Epoch=66, loss=1221.8818, nll=1221.8818, l2_reg=0.0000, acc=0.1863
[ 2022-08-31 19:15:41,291][train_tran.train_nn_models] [Validation] Epoch=66, nll=1210.2117, acc=0.1863
[ 2022-08-31 19:15:43,554][train_tran.train_nn_models] [Training] Epoch=67, loss=1221.8689, nll=1221.8689, l2_reg=0.0000, acc=0.1864
[ 2022-08-31 19:15:43,554][train_tran.train_nn_models] [Validation] Epoch=67, nll=1210.2036, acc=0.1865
[ 2022-08-31 19:15:45,807][train_tran.train_nn_models] [Training] Epoch=68, loss=1221.8561, nll=1221.8561, l2_reg=0.0000, acc=0.1864
[ 2022-08-31 19:15:45,807][train_tran.train_nn_models] [Validation] Epoch=68, nll=1210.1989, acc=0.1868
[ 2022-08-31 19:15:48,075][train_tran.train_nn_models] [Training] Epoch=69, loss=1221.8441, nll=1221.8441, l2_reg=0.0000, acc=0.1863
[ 2022-08-31 19:15:48,076][train_tran.train_nn_models] [Validation] Epoch=69, nll=1210.1907, acc=0.1865
[ 2022-08-31 19:15:50,368][train_tran.train_nn_models] [Training] Epoch=70, loss=1221.8325, nll=1221.8325, l2_reg=0.0000, acc=0.1863
[ 2022-08-31 19:15:50,368][train_tran.train_nn_models] [Validation] Epoch=70, nll=1210.1852, acc=0.1867
[ 2022-08-31 19:15:52,622][train_tran.train_nn_models] [Training] Epoch=71, loss=1221.8210, nll=1221.8210, l2_reg=0.0000, acc=0.1863
[ 2022-08-31 19:15:52,622][train_tran.train_nn_models] [Validation] Epoch=71, nll=1210.1814, acc=0.1866
[ 2022-08-31 19:15:54,874][train_tran.train_nn_models] [Training] Epoch=72, loss=1221.8094, nll=1221.8094, l2_reg=0.0000, acc=0.1865
[ 2022-08-31 19:15:54,874][train_tran.train_nn_models] [Validation] Epoch=72, nll=1210.1752, acc=0.1866
[ 2022-08-31 19:15:57,142][train_tran.train_nn_models] [Training] Epoch=73, loss=1221.7977, nll=1221.7977, l2_reg=0.0000, acc=0.1864
[ 2022-08-31 19:15:57,143][train_tran.train_nn_models] [Validation] Epoch=73, nll=1210.1696, acc=0.1867
[ 2022-08-31 19:15:59,430][train_tran.train_nn_models] [Training] Epoch=74, loss=1221.7860, nll=1221.7860, l2_reg=0.0000, acc=0.1864
[ 2022-08-31 19:15:59,431][train_tran.train_nn_models] [Validation] Epoch=74, nll=1210.1677, acc=0.1868
[ 2022-08-31 19:16:01,713][train_tran.train_nn_models] [Training] Epoch=75, loss=1221.7736, nll=1221.7736, l2_reg=0.0000, acc=0.1866
[ 2022-08-31 19:16:01,713][train_tran.train_nn_models] [Validation] Epoch=75, nll=1210.1586, acc=0.1868
[ 2022-08-31 19:16:03,967][train_tran.train_nn_models] [Training] Epoch=76, loss=1221.7603, nll=1221.7603, l2_reg=0.0000, acc=0.1867
[ 2022-08-31 19:16:03,967][train_tran.train_nn_models] [Validation] Epoch=76, nll=1210.1543, acc=0.1867
[ 2022-08-31 19:16:06,214][train_tran.train_nn_models] [Training] Epoch=77, loss=1221.7466, nll=1221.7466, l2_reg=0.0000, acc=0.1868
[ 2022-08-31 19:16:06,215][train_tran.train_nn_models] [Validation] Epoch=77, nll=1210.1504, acc=0.1867
[ 2022-08-31 19:16:08,495][train_tran.train_nn_models] [Training] Epoch=78, loss=1221.7339, nll=1221.7339, l2_reg=0.0000, acc=0.1868
[ 2022-08-31 19:16:08,495][train_tran.train_nn_models] [Validation] Epoch=78, nll=1210.1462, acc=0.1867
[ 2022-08-31 19:16:10,763][train_tran.train_nn_models] [Training] Epoch=79, loss=1221.7203, nll=1221.7203, l2_reg=0.0000, acc=0.1867
[ 2022-08-31 19:16:10,764][train_tran.train_nn_models] [Validation] Epoch=79, nll=1210.1476, acc=0.1867
[ 2022-08-31 19:16:13,027][train_tran.train_nn_models] [Training] Epoch=80, loss=1221.7062, nll=1221.7062, l2_reg=0.0000, acc=0.1867
[ 2022-08-31 19:16:13,028][train_tran.train_nn_models] [Validation] Epoch=80, nll=1210.1409, acc=0.1868
[ 2022-08-31 19:16:15,280][train_tran.train_nn_models] [Training] Epoch=81, loss=1221.6953, nll=1221.6953, l2_reg=0.0000, acc=0.1868
[ 2022-08-31 19:16:15,280][train_tran.train_nn_models] [Validation] Epoch=81, nll=1210.1392, acc=0.1867
[ 2022-08-31 19:16:17,547][train_tran.train_nn_models] [Training] Epoch=82, loss=1221.6827, nll=1221.6827, l2_reg=0.0000, acc=0.1867
[ 2022-08-31 19:16:17,548][train_tran.train_nn_models] [Validation] Epoch=82, nll=1210.1345, acc=0.1868
[ 2022-08-31 19:16:19,841][train_tran.train_nn_models] [Training] Epoch=83, loss=1221.6708, nll=1221.6708, l2_reg=0.0000, acc=0.1867
[ 2022-08-31 19:16:19,841][train_tran.train_nn_models] [Validation] Epoch=83, nll=1210.1298, acc=0.1869
[ 2022-08-31 19:16:22,117][train_tran.train_nn_models] [Training] Epoch=84, loss=1221.6578, nll=1221.6578, l2_reg=0.0000, acc=0.1867
[ 2022-08-31 19:16:22,117][train_tran.train_nn_models] [Validation] Epoch=84, nll=1210.1233, acc=0.1869
[ 2022-08-31 19:16:24,370][train_tran.train_nn_models] [Training] Epoch=85, loss=1221.6437, nll=1221.6437, l2_reg=0.0000, acc=0.1868
[ 2022-08-31 19:16:24,371][train_tran.train_nn_models] [Validation] Epoch=85, nll=1210.1157, acc=0.1869
[ 2022-08-31 19:16:26,625][train_tran.train_nn_models] [Training] Epoch=86, loss=1221.6283, nll=1221.6283, l2_reg=0.0000, acc=0.1868
[ 2022-08-31 19:16:26,625][train_tran.train_nn_models] [Validation] Epoch=86, nll=1210.1078, acc=0.1869
[ 2022-08-31 19:16:28,876][train_tran.train_nn_models] [Training] Epoch=87, loss=1221.6115, nll=1221.6115, l2_reg=0.0000, acc=0.1868
[ 2022-08-31 19:16:28,877][train_tran.train_nn_models] [Validation] Epoch=87, nll=1210.1000, acc=0.1869
[ 2022-08-31 19:16:31,219][train_tran.train_nn_models] [Training] Epoch=88, loss=1221.5938, nll=1221.5938, l2_reg=0.0000, acc=0.1869
[ 2022-08-31 19:16:31,219][train_tran.train_nn_models] [Validation] Epoch=88, nll=1210.0939, acc=0.1869
[ 2022-08-31 19:16:33,600][train_tran.train_nn_models] [Training] Epoch=89, loss=1221.5756, nll=1221.5756, l2_reg=0.0000, acc=0.1870
[ 2022-08-31 19:16:33,601][train_tran.train_nn_models] [Validation] Epoch=89, nll=1210.0874, acc=0.1868
[ 2022-08-31 19:16:35,958][train_tran.train_nn_models] [Training] Epoch=90, loss=1221.5560, nll=1221.5560, l2_reg=0.0000, acc=0.1870
[ 2022-08-31 19:16:35,958][train_tran.train_nn_models] [Validation] Epoch=90, nll=1210.0793, acc=0.1868
[ 2022-08-31 19:16:38,317][train_tran.train_nn_models] [Training] Epoch=91, loss=1221.5352, nll=1221.5352, l2_reg=0.0000, acc=0.1869
[ 2022-08-31 19:16:38,317][train_tran.train_nn_models] [Validation] Epoch=91, nll=1210.0723, acc=0.1868
[ 2022-08-31 19:16:40,706][train_tran.train_nn_models] [Training] Epoch=92, loss=1221.5126, nll=1221.5126, l2_reg=0.0000, acc=0.1868
[ 2022-08-31 19:16:40,707][train_tran.train_nn_models] [Validation] Epoch=92, nll=1210.0618, acc=0.1868
[ 2022-08-31 19:16:43,089][train_tran.train_nn_models] [Training] Epoch=93, loss=1221.4872, nll=1221.4872, l2_reg=0.0000, acc=0.1868
[ 2022-08-31 19:16:43,089][train_tran.train_nn_models] [Validation] Epoch=93, nll=1210.0504, acc=0.1868
[ 2022-08-31 19:16:45,454][train_tran.train_nn_models] [Training] Epoch=94, loss=1221.4587, nll=1221.4587, l2_reg=0.0000, acc=0.1870
[ 2022-08-31 19:16:45,455][train_tran.train_nn_models] [Validation] Epoch=94, nll=1210.0416, acc=0.1868
[ 2022-08-31 19:16:47,823][train_tran.train_nn_models] [Training] Epoch=95, loss=1221.4346, nll=1221.4346, l2_reg=0.0000, acc=0.1871
[ 2022-08-31 19:16:47,823][train_tran.train_nn_models] [Validation] Epoch=95, nll=1210.0273, acc=0.1868
[ 2022-08-31 19:16:50,208][train_tran.train_nn_models] [Training] Epoch=96, loss=1221.4132, nll=1221.4132, l2_reg=0.0000, acc=0.1869
[ 2022-08-31 19:16:50,208][train_tran.train_nn_models] [Validation] Epoch=96, nll=1210.0131, acc=0.1868
[ 2022-08-31 19:16:52,597][train_tran.train_nn_models] [Training] Epoch=97, loss=1221.3927, nll=1221.3927, l2_reg=0.0000, acc=0.1869
[ 2022-08-31 19:16:52,598][train_tran.train_nn_models] [Validation] Epoch=97, nll=1209.9967, acc=0.1868
[ 2022-08-31 19:16:54,973][train_tran.train_nn_models] [Training] Epoch=98, loss=1221.3704, nll=1221.3704, l2_reg=0.0000, acc=0.1871
[ 2022-08-31 19:16:54,973][train_tran.train_nn_models] [Validation] Epoch=98, nll=1209.9736, acc=0.1868
[ 2022-08-31 19:16:57,255][train_tran.train_nn_models] [Training] Epoch=99, loss=1221.3463, nll=1221.3463, l2_reg=0.0000, acc=0.1870
[ 2022-08-31 19:16:57,256][train_tran.train_nn_models] [Validation] Epoch=99, nll=1209.9435, acc=0.1868
[ 2022-08-31 19:16:59,554][train_tran.train_nn_models] [Training] Epoch=100, loss=1221.3181, nll=1221.3181, l2_reg=0.0000, acc=0.1868
[ 2022-08-31 19:16:59,554][train_tran.train_nn_models] [Validation] Epoch=100, nll=1209.9252, acc=0.1868
[ 2022-08-31 19:17:01,836][train_tran.train_nn_models] [Training] Epoch=101, loss=1221.2926, nll=1221.2926, l2_reg=0.0000, acc=0.1867
[ 2022-08-31 19:17:01,837][train_tran.train_nn_models] [Validation] Epoch=101, nll=1209.9147, acc=0.1868
[ 2022-08-31 19:17:04,127][train_tran.train_nn_models] [Training] Epoch=102, loss=1221.2714, nll=1221.2714, l2_reg=0.0000, acc=0.1866
[ 2022-08-31 19:17:04,128][train_tran.train_nn_models] [Validation] Epoch=102, nll=1209.9042, acc=0.1867
[ 2022-08-31 19:17:06,424][train_tran.train_nn_models] [Training] Epoch=103, loss=1221.2501, nll=1221.2501, l2_reg=0.0000, acc=0.1869
[ 2022-08-31 19:17:06,424][train_tran.train_nn_models] [Validation] Epoch=103, nll=1209.8903, acc=0.1867
[ 2022-08-31 19:17:08,680][train_tran.train_nn_models] [Training] Epoch=104, loss=1221.2286, nll=1221.2286, l2_reg=0.0000, acc=0.1870
[ 2022-08-31 19:17:08,680][train_tran.train_nn_models] [Validation] Epoch=104, nll=1209.8739, acc=0.1867
[ 2022-08-31 19:17:10,999][train_tran.train_nn_models] [Training] Epoch=105, loss=1221.2074, nll=1221.2074, l2_reg=0.0000, acc=0.1870
[ 2022-08-31 19:17:10,999][train_tran.train_nn_models] [Validation] Epoch=105, nll=1209.8585, acc=0.1867
[ 2022-08-31 19:17:13,278][train_tran.train_nn_models] [Training] Epoch=106, loss=1221.1863, nll=1221.1863, l2_reg=0.0000, acc=0.1869
[ 2022-08-31 19:17:13,278][train_tran.train_nn_models] [Validation] Epoch=106, nll=1209.8434, acc=0.1868
[ 2022-08-31 19:17:15,539][train_tran.train_nn_models] [Training] Epoch=107, loss=1221.1650, nll=1221.1650, l2_reg=0.0000, acc=0.1868
[ 2022-08-31 19:17:15,540][train_tran.train_nn_models] [Validation] Epoch=107, nll=1209.8296, acc=0.1868
[ 2022-08-31 19:17:17,788][train_tran.train_nn_models] [Training] Epoch=108, loss=1221.1440, nll=1221.1440, l2_reg=0.0000, acc=0.1869
[ 2022-08-31 19:17:17,788][train_tran.train_nn_models] [Validation] Epoch=108, nll=1209.8160, acc=0.1868
[ 2022-08-31 19:17:20,036][train_tran.train_nn_models] [Training] Epoch=109, loss=1221.1234, nll=1221.1234, l2_reg=0.0000, acc=0.1868
[ 2022-08-31 19:17:20,037][train_tran.train_nn_models] [Validation] Epoch=109, nll=1209.7976, acc=0.1868
[ 2022-08-31 19:17:22,544][train_tran.train_nn_models] [Training] Epoch=110, loss=1221.1041, nll=1221.1041, l2_reg=0.0000, acc=0.1869
[ 2022-08-31 19:17:22,544][train_tran.train_nn_models] [Validation] Epoch=110, nll=1209.7764, acc=0.1867
[ 2022-08-31 19:17:24,814][train_tran.train_nn_models] [Training] Epoch=111, loss=1221.0837, nll=1221.0837, l2_reg=0.0000, acc=0.1868
[ 2022-08-31 19:17:24,814][train_tran.train_nn_models] [Validation] Epoch=111, nll=1209.7556, acc=0.1868
[ 2022-08-31 19:17:27,054][train_tran.train_nn_models] [Training] Epoch=112, loss=1221.0621, nll=1221.0621, l2_reg=0.0000, acc=0.1868
[ 2022-08-31 19:17:27,054][train_tran.train_nn_models] [Validation] Epoch=112, nll=1209.7307, acc=0.1867
[ 2022-08-31 19:17:29,293][train_tran.train_nn_models] [Training] Epoch=113, loss=1221.0408, nll=1221.0408, l2_reg=0.0000, acc=0.1869
[ 2022-08-31 19:17:29,294][train_tran.train_nn_models] [Validation] Epoch=113, nll=1209.7141, acc=0.1866
[ 2022-08-31 19:17:31,544][train_tran.train_nn_models] [Training] Epoch=114, loss=1221.0225, nll=1221.0225, l2_reg=0.0000, acc=0.1869
[ 2022-08-31 19:17:31,544][train_tran.train_nn_models] [Validation] Epoch=114, nll=1209.6904, acc=0.1868
[ 2022-08-31 19:17:33,798][train_tran.train_nn_models] [Training] Epoch=115, loss=1221.0005, nll=1221.0005, l2_reg=0.0000, acc=0.1868
[ 2022-08-31 19:17:33,798][train_tran.train_nn_models] [Validation] Epoch=115, nll=1209.6692, acc=0.1868
[ 2022-08-31 19:17:36,072][train_tran.train_nn_models] [Training] Epoch=116, loss=1220.9816, nll=1220.9816, l2_reg=0.0000, acc=0.1869
[ 2022-08-31 19:17:36,072][train_tran.train_nn_models] [Validation] Epoch=116, nll=1209.6464, acc=0.1867
[ 2022-08-31 19:17:38,318][train_tran.train_nn_models] [Training] Epoch=117, loss=1220.9615, nll=1220.9615, l2_reg=0.0000, acc=0.1869
[ 2022-08-31 19:17:38,319][train_tran.train_nn_models] [Validation] Epoch=117, nll=1209.6244, acc=0.1865
[ 2022-08-31 19:17:40,556][train_tran.train_nn_models] [Training] Epoch=118, loss=1220.9426, nll=1220.9426, l2_reg=0.0000, acc=0.1869
[ 2022-08-31 19:17:40,556][train_tran.train_nn_models] [Validation] Epoch=118, nll=1209.6022, acc=0.1865
[ 2022-08-31 19:17:42,843][train_tran.train_nn_models] [Training] Epoch=119, loss=1220.9238, nll=1220.9238, l2_reg=0.0000, acc=0.1870
[ 2022-08-31 19:17:42,843][train_tran.train_nn_models] [Validation] Epoch=119, nll=1209.5793, acc=0.1865
[ 2022-08-31 19:17:45,113][train_tran.train_nn_models] [Training] Epoch=120, loss=1220.9047, nll=1220.9047, l2_reg=0.0000, acc=0.1872
[ 2022-08-31 19:17:45,114][train_tran.train_nn_models] [Validation] Epoch=120, nll=1209.5565, acc=0.1865
[ 2022-08-31 19:17:47,374][train_tran.train_nn_models] [Training] Epoch=121, loss=1220.8855, nll=1220.8855, l2_reg=0.0000, acc=0.1871
[ 2022-08-31 19:17:47,375][train_tran.train_nn_models] [Validation] Epoch=121, nll=1209.5321, acc=0.1865
[ 2022-08-31 19:17:49,628][train_tran.train_nn_models] [Training] Epoch=122, loss=1220.8656, nll=1220.8656, l2_reg=0.0000, acc=0.1870
[ 2022-08-31 19:17:49,628][train_tran.train_nn_models] [Validation] Epoch=122, nll=1209.5077, acc=0.1866
[ 2022-08-31 19:17:51,877][train_tran.train_nn_models] [Training] Epoch=123, loss=1220.8444, nll=1220.8444, l2_reg=0.0000, acc=0.1871
[ 2022-08-31 19:17:51,878][train_tran.train_nn_models] [Validation] Epoch=123, nll=1209.4801, acc=0.1871
[ 2022-08-31 19:17:54,138][train_tran.train_nn_models] [Training] Epoch=124, loss=1220.8218, nll=1220.8218, l2_reg=0.0000, acc=0.1869
[ 2022-08-31 19:17:54,138][train_tran.train_nn_models] [Validation] Epoch=124, nll=1209.4502, acc=0.1870
[ 2022-08-31 19:17:56,427][train_tran.train_nn_models] [Training] Epoch=125, loss=1220.7972, nll=1220.7972, l2_reg=0.0000, acc=0.1868
[ 2022-08-31 19:17:56,428][train_tran.train_nn_models] [Validation] Epoch=125, nll=1209.4226, acc=0.1870
[ 2022-08-31 19:17:58,686][train_tran.train_nn_models] [Training] Epoch=126, loss=1220.7699, nll=1220.7699, l2_reg=0.0000, acc=0.1868
[ 2022-08-31 19:17:58,686][train_tran.train_nn_models] [Validation] Epoch=126, nll=1209.3964, acc=0.1871
[ 2022-08-31 19:17:58,686][train_tran.train_nn_models] Found a better model at epoch 126.
[ 2022-08-31 19:18:00,955][train_tran.train_nn_models] [Training] Epoch=127, loss=1220.7395, nll=1220.7395, l2_reg=0.0000, acc=0.1868
[ 2022-08-31 19:18:00,956][train_tran.train_nn_models] [Validation] Epoch=127, nll=1209.3667, acc=0.1868
[ 2022-08-31 19:18:00,956][train_tran.train_nn_models] Found a better model at epoch 127.
[ 2022-08-31 19:18:03,223][train_tran.train_nn_models] [Training] Epoch=128, loss=1220.7014, nll=1220.7014, l2_reg=0.0000, acc=0.1868
[ 2022-08-31 19:18:03,223][train_tran.train_nn_models] [Validation] Epoch=128, nll=1209.3236, acc=0.1865
[ 2022-08-31 19:18:03,223][train_tran.train_nn_models] Found a better model at epoch 128.
[ 2022-08-31 19:18:05,490][train_tran.train_nn_models] [Training] Epoch=129, loss=1220.6523, nll=1220.6523, l2_reg=0.0000, acc=0.1869
[ 2022-08-31 19:18:05,491][train_tran.train_nn_models] [Validation] Epoch=129, nll=1209.2773, acc=0.1865
[ 2022-08-31 19:18:05,491][train_tran.train_nn_models] Found a better model at epoch 129.
[ 2022-08-31 19:18:07,757][train_tran.train_nn_models] [Training] Epoch=130, loss=1220.5885, nll=1220.5885, l2_reg=0.0000, acc=0.1870
[ 2022-08-31 19:18:07,757][train_tran.train_nn_models] [Validation] Epoch=130, nll=1209.2227, acc=0.1864
[ 2022-08-31 19:18:07,757][train_tran.train_nn_models] Found a better model at epoch 130.
[ 2022-08-31 19:18:10,007][train_tran.train_nn_models] [Training] Epoch=131, loss=1220.5143, nll=1220.5143, l2_reg=0.0000, acc=0.1870
[ 2022-08-31 19:18:10,007][train_tran.train_nn_models] [Validation] Epoch=131, nll=1209.1610, acc=0.1865
[ 2022-08-31 19:18:10,007][train_tran.train_nn_models] Found a better model at epoch 131.
[ 2022-08-31 19:18:12,259][train_tran.train_nn_models] [Training] Epoch=132, loss=1220.4474, nll=1220.4474, l2_reg=0.0000, acc=0.1871
[ 2022-08-31 19:18:12,260][train_tran.train_nn_models] [Validation] Epoch=132, nll=1209.1371, acc=0.1866
[ 2022-08-31 19:18:12,260][train_tran.train_nn_models] Found a better model at epoch 132.
[ 2022-08-31 19:18:14,525][train_tran.train_nn_models] [Training] Epoch=133, loss=1220.3779, nll=1220.3779, l2_reg=0.0000, acc=0.1869
[ 2022-08-31 19:18:14,525][train_tran.train_nn_models] [Validation] Epoch=133, nll=1209.1527, acc=0.1867
[ 2022-08-31 19:18:16,790][train_tran.train_nn_models] [Training] Epoch=134, loss=1220.3080, nll=1220.3080, l2_reg=0.0000, acc=0.1868
[ 2022-08-31 19:18:16,790][train_tran.train_nn_models] [Validation] Epoch=134, nll=1209.1947, acc=0.1862
[ 2022-08-31 19:18:19,056][train_tran.train_nn_models] [Training] Epoch=135, loss=1220.2523, nll=1220.2523, l2_reg=0.0000, acc=0.1868
[ 2022-08-31 19:18:19,057][train_tran.train_nn_models] [Validation] Epoch=135, nll=1209.2393, acc=0.1865
[ 2022-08-31 19:18:21,301][train_tran.train_nn_models] [Training] Epoch=136, loss=1220.1870, nll=1220.1870, l2_reg=0.0000, acc=0.1868
[ 2022-08-31 19:18:21,301][train_tran.train_nn_models] [Validation] Epoch=136, nll=1209.2876, acc=0.1865
[ 2022-08-31 19:18:23,563][train_tran.train_nn_models] [Training] Epoch=137, loss=1220.1332, nll=1220.1332, l2_reg=0.0000, acc=0.1869
[ 2022-08-31 19:18:23,564][train_tran.train_nn_models] [Validation] Epoch=137, nll=1209.3362, acc=0.1868
[ 2022-08-31 19:18:25,811][train_tran.train_nn_models] [Training] Epoch=138, loss=1220.0806, nll=1220.0806, l2_reg=0.0000, acc=0.1871
[ 2022-08-31 19:18:25,811][train_tran.train_nn_models] [Validation] Epoch=138, nll=1209.3367, acc=0.1870
[ 2022-08-31 19:18:28,075][train_tran.train_nn_models] [Training] Epoch=139, loss=1220.0966, nll=1220.0966, l2_reg=0.0000, acc=0.1872
[ 2022-08-31 19:18:28,076][train_tran.train_nn_models] [Validation] Epoch=139, nll=1209.3425, acc=0.1872
[ 2022-08-31 19:18:30,322][train_tran.train_nn_models] [Training] Epoch=140, loss=1220.0630, nll=1220.0630, l2_reg=0.0000, acc=0.1872
[ 2022-08-31 19:18:30,323][train_tran.train_nn_models] [Validation] Epoch=140, nll=1209.3761, acc=0.1872
[ 2022-08-31 19:18:32,581][train_tran.train_nn_models] [Training] Epoch=141, loss=1220.0256, nll=1220.0256, l2_reg=0.0000, acc=0.1874
[ 2022-08-31 19:18:32,581][train_tran.train_nn_models] [Validation] Epoch=141, nll=1209.3821, acc=0.1874
[ 2022-08-31 19:18:34,839][train_tran.train_nn_models] [Training] Epoch=142, loss=1219.9464, nll=1219.9464, l2_reg=0.0000, acc=0.1876
[ 2022-08-31 19:18:34,840][train_tran.train_nn_models] [Validation] Epoch=142, nll=1209.4409, acc=0.1876
[ 2022-08-31 19:18:37,085][train_tran.train_nn_models] [Training] Epoch=143, loss=1219.8551, nll=1219.8551, l2_reg=0.0000, acc=0.1870
[ 2022-08-31 19:18:37,085][train_tran.train_nn_models] [Validation] Epoch=143, nll=1209.4297, acc=0.1876
[ 2022-08-31 19:18:39,324][train_tran.train_nn_models] [Training] Epoch=144, loss=1219.7583, nll=1219.7583, l2_reg=0.0000, acc=0.1868
[ 2022-08-31 19:18:39,324][train_tran.train_nn_models] [Validation] Epoch=144, nll=1209.3762, acc=0.1878
[ 2022-08-31 19:18:41,569][train_tran.train_nn_models] [Training] Epoch=145, loss=1219.6538, nll=1219.6538, l2_reg=0.0000, acc=0.1868
[ 2022-08-31 19:18:41,570][train_tran.train_nn_models] [Validation] Epoch=145, nll=1209.2595, acc=0.1880
[ 2022-08-31 19:18:43,812][train_tran.train_nn_models] [Training] Epoch=146, loss=1219.5491, nll=1219.5491, l2_reg=0.0000, acc=0.1867
[ 2022-08-31 19:18:43,813][train_tran.train_nn_models] [Validation] Epoch=146, nll=1209.1851, acc=0.1879
[ 2022-08-31 19:18:46,042][train_tran.train_nn_models] [Training] Epoch=147, loss=1219.4113, nll=1219.4113, l2_reg=0.0000, acc=0.1870
[ 2022-08-31 19:18:46,043][train_tran.train_nn_models] [Validation] Epoch=147, nll=1209.0352, acc=0.1881
[ 2022-08-31 19:18:46,043][train_tran.train_nn_models] Found a better model at epoch 147.
[ 2022-08-31 19:18:48,296][train_tran.train_nn_models] [Training] Epoch=148, loss=1219.2709, nll=1219.2709, l2_reg=0.0000, acc=0.1870
[ 2022-08-31 19:18:48,296][train_tran.train_nn_models] [Validation] Epoch=148, nll=1208.8999, acc=0.1881
[ 2022-08-31 19:18:48,296][train_tran.train_nn_models] Found a better model at epoch 148.
[ 2022-08-31 19:18:50,570][train_tran.train_nn_models] [Training] Epoch=149, loss=1219.1191, nll=1219.1191, l2_reg=0.0000, acc=0.1868
[ 2022-08-31 19:18:50,570][train_tran.train_nn_models] [Validation] Epoch=149, nll=1208.8793, acc=0.1888
[ 2022-08-31 19:18:50,571][train_tran.train_nn_models] Found a better model at epoch 149.
[ 2022-08-31 19:18:52,813][train_tran.train_nn_models] [Training] Epoch=150, loss=1218.9600, nll=1218.9600, l2_reg=0.0000, acc=0.1868
[ 2022-08-31 19:18:52,813][train_tran.train_nn_models] [Validation] Epoch=150, nll=1208.9001, acc=0.1886
[ 2022-08-31 19:18:55,050][train_tran.train_nn_models] [Training] Epoch=151, loss=1218.7955, nll=1218.7955, l2_reg=0.0000, acc=0.1869
[ 2022-08-31 19:18:55,050][train_tran.train_nn_models] [Validation] Epoch=151, nll=1208.7653, acc=0.1887
[ 2022-08-31 19:18:55,050][train_tran.train_nn_models] Found a better model at epoch 151.
[ 2022-08-31 19:18:57,294][train_tran.train_nn_models] [Training] Epoch=152, loss=1218.6708, nll=1218.6708, l2_reg=0.0000, acc=0.1873
[ 2022-08-31 19:18:57,294][train_tran.train_nn_models] [Validation] Epoch=152, nll=1208.4684, acc=0.1884
[ 2022-08-31 19:18:57,294][train_tran.train_nn_models] Found a better model at epoch 152.
[ 2022-08-31 19:18:59,560][train_tran.train_nn_models] [Training] Epoch=153, loss=1218.4528, nll=1218.4528, l2_reg=0.0000, acc=0.1869
[ 2022-08-31 19:18:59,561][train_tran.train_nn_models] [Validation] Epoch=153, nll=1208.4401, acc=0.1886
[ 2022-08-31 19:18:59,561][train_tran.train_nn_models] Found a better model at epoch 153.
[ 2022-08-31 19:19:01,802][train_tran.train_nn_models] [Training] Epoch=154, loss=1218.2646, nll=1218.2646, l2_reg=0.0000, acc=0.1874
[ 2022-08-31 19:19:01,802][train_tran.train_nn_models] [Validation] Epoch=154, nll=1208.2848, acc=0.1887
[ 2022-08-31 19:19:01,803][train_tran.train_nn_models] Found a better model at epoch 154.
[ 2022-08-31 19:19:04,045][train_tran.train_nn_models] [Training] Epoch=155, loss=1218.0389, nll=1218.0389, l2_reg=0.0000, acc=0.1875
[ 2022-08-31 19:19:04,046][train_tran.train_nn_models] [Validation] Epoch=155, nll=1208.0336, acc=0.1886
[ 2022-08-31 19:19:04,046][train_tran.train_nn_models] Found a better model at epoch 155.
[ 2022-08-31 19:19:06,295][train_tran.train_nn_models] [Training] Epoch=156, loss=1217.7922, nll=1217.7922, l2_reg=0.0000, acc=0.1877
[ 2022-08-31 19:19:06,295][train_tran.train_nn_models] [Validation] Epoch=156, nll=1207.8214, acc=0.1884
[ 2022-08-31 19:19:06,295][train_tran.train_nn_models] Found a better model at epoch 156.
[ 2022-08-31 19:19:08,554][train_tran.train_nn_models] [Training] Epoch=157, loss=1217.5662, nll=1217.5662, l2_reg=0.0000, acc=0.1882
[ 2022-08-31 19:19:08,554][train_tran.train_nn_models] [Validation] Epoch=157, nll=1207.6473, acc=0.1898
[ 2022-08-31 19:19:08,554][train_tran.train_nn_models] Found a better model at epoch 157.
[ 2022-08-31 19:19:10,818][train_tran.train_nn_models] [Training] Epoch=158, loss=1217.3406, nll=1217.3406, l2_reg=0.0000, acc=0.1887
[ 2022-08-31 19:19:10,818][train_tran.train_nn_models] [Validation] Epoch=158, nll=1207.4336, acc=0.1898
[ 2022-08-31 19:19:10,819][train_tran.train_nn_models] Found a better model at epoch 158.
[ 2022-08-31 19:19:13,078][train_tran.train_nn_models] [Training] Epoch=159, loss=1217.1810, nll=1217.1810, l2_reg=0.0000, acc=0.1885
[ 2022-08-31 19:19:13,078][train_tran.train_nn_models] [Validation] Epoch=159, nll=1207.3292, acc=0.1897
[ 2022-08-31 19:19:13,078][train_tran.train_nn_models] Found a better model at epoch 159.
[ 2022-08-31 19:19:15,303][train_tran.train_nn_models] [Training] Epoch=160, loss=1216.9948, nll=1216.9948, l2_reg=0.0000, acc=0.1883
[ 2022-08-31 19:19:15,303][train_tran.train_nn_models] [Validation] Epoch=160, nll=1207.1956, acc=0.1901
[ 2022-08-31 19:19:15,303][train_tran.train_nn_models] Found a better model at epoch 160.
[ 2022-08-31 19:19:17,543][train_tran.train_nn_models] [Training] Epoch=161, loss=1216.8669, nll=1216.8669, l2_reg=0.0000, acc=0.1887
[ 2022-08-31 19:19:17,544][train_tran.train_nn_models] [Validation] Epoch=161, nll=1207.1173, acc=0.1896
[ 2022-08-31 19:19:17,544][train_tran.train_nn_models] Found a better model at epoch 161.
[ 2022-08-31 19:19:19,838][train_tran.train_nn_models] [Training] Epoch=162, loss=1216.7484, nll=1216.7484, l2_reg=0.0000, acc=0.1889
[ 2022-08-31 19:19:19,839][train_tran.train_nn_models] [Validation] Epoch=162, nll=1207.0758, acc=0.1908
[ 2022-08-31 19:19:19,839][train_tran.train_nn_models] Found a better model at epoch 162.
[ 2022-08-31 19:19:22,106][train_tran.train_nn_models] [Training] Epoch=163, loss=1216.6564, nll=1216.6564, l2_reg=0.0000, acc=0.1897
[ 2022-08-31 19:19:22,106][train_tran.train_nn_models] [Validation] Epoch=163, nll=1207.0245, acc=0.1905
[ 2022-08-31 19:19:22,106][train_tran.train_nn_models] Found a better model at epoch 163.
[ 2022-08-31 19:19:24,359][train_tran.train_nn_models] [Training] Epoch=164, loss=1216.5676, nll=1216.5676, l2_reg=0.0000, acc=0.1897
[ 2022-08-31 19:19:24,359][train_tran.train_nn_models] [Validation] Epoch=164, nll=1206.9684, acc=0.1908
[ 2022-08-31 19:19:24,359][train_tran.train_nn_models] Found a better model at epoch 164.
[ 2022-08-31 19:19:26,603][train_tran.train_nn_models] [Training] Epoch=165, loss=1216.4841, nll=1216.4841, l2_reg=0.0000, acc=0.1895
[ 2022-08-31 19:19:26,603][train_tran.train_nn_models] [Validation] Epoch=165, nll=1206.8870, acc=0.1904
[ 2022-08-31 19:19:26,603][train_tran.train_nn_models] Found a better model at epoch 165.
[ 2022-08-31 19:19:28,877][train_tran.train_nn_models] [Training] Epoch=166, loss=1216.4009, nll=1216.4009, l2_reg=0.0000, acc=0.1898
[ 2022-08-31 19:19:28,878][train_tran.train_nn_models] [Validation] Epoch=166, nll=1206.8446, acc=0.1901
[ 2022-08-31 19:19:28,878][train_tran.train_nn_models] Found a better model at epoch 166.
[ 2022-08-31 19:19:31,153][train_tran.train_nn_models] [Training] Epoch=167, loss=1216.3168, nll=1216.3168, l2_reg=0.0000, acc=0.1897
[ 2022-08-31 19:19:31,153][train_tran.train_nn_models] [Validation] Epoch=167, nll=1205.8070, acc=0.1907
[ 2022-08-31 19:19:31,153][train_tran.train_nn_models] Found a better model at epoch 167.
[ 2022-08-31 19:19:33,423][train_tran.train_nn_models] [Training] Epoch=168, loss=1216.4047, nll=1216.4047, l2_reg=0.0000, acc=0.1899
[ 2022-08-31 19:19:33,423][train_tran.train_nn_models] [Validation] Epoch=168, nll=1207.4001, acc=0.1900
[ 2022-08-31 19:19:35,672][train_tran.train_nn_models] [Training] Epoch=169, loss=1216.7229, nll=1216.7229, l2_reg=0.0000, acc=0.1895
[ 2022-08-31 19:19:35,672][train_tran.train_nn_models] [Validation] Epoch=169, nll=1206.9943, acc=0.1900
[ 2022-08-31 19:19:37,912][train_tran.train_nn_models] [Training] Epoch=170, loss=1216.3323, nll=1216.3323, l2_reg=0.0000, acc=0.1891
[ 2022-08-31 19:19:37,912][train_tran.train_nn_models] [Validation] Epoch=170, nll=1206.4952, acc=0.1919
[ 2022-08-31 19:19:40,168][train_tran.train_nn_models] [Training] Epoch=171, loss=1215.9962, nll=1215.9962, l2_reg=0.0000, acc=0.1894
[ 2022-08-31 19:19:40,169][train_tran.train_nn_models] [Validation] Epoch=171, nll=1206.3799, acc=0.1912
[ 2022-08-31 19:19:42,436][train_tran.train_nn_models] [Training] Epoch=172, loss=1215.8813, nll=1215.8813, l2_reg=0.0000, acc=0.1894
[ 2022-08-31 19:19:42,436][train_tran.train_nn_models] [Validation] Epoch=172, nll=1206.4036, acc=0.1917
[ 2022-08-31 19:19:44,727][train_tran.train_nn_models] [Training] Epoch=173, loss=1215.7809, nll=1215.7809, l2_reg=0.0000, acc=0.1892
[ 2022-08-31 19:19:44,727][train_tran.train_nn_models] [Validation] Epoch=173, nll=1206.4860, acc=0.1916
[ 2022-08-31 19:19:46,963][train_tran.train_nn_models] [Training] Epoch=174, loss=1215.7115, nll=1215.7115, l2_reg=0.0000, acc=0.1889
[ 2022-08-31 19:19:46,963][train_tran.train_nn_models] [Validation] Epoch=174, nll=1206.4196, acc=0.1918
[ 2022-08-31 19:19:49,223][train_tran.train_nn_models] [Training] Epoch=175, loss=1215.6154, nll=1215.6154, l2_reg=0.0000, acc=0.1887
[ 2022-08-31 19:19:49,223][train_tran.train_nn_models] [Validation] Epoch=175, nll=1206.3076, acc=0.1921
[ 2022-08-31 19:19:51,501][train_tran.train_nn_models] [Training] Epoch=176, loss=1215.5024, nll=1215.5024, l2_reg=0.0000, acc=0.1889
[ 2022-08-31 19:19:51,501][train_tran.train_nn_models] [Validation] Epoch=176, nll=1206.2323, acc=0.1915
[ 2022-08-31 19:19:53,777][train_tran.train_nn_models] [Training] Epoch=177, loss=1215.3920, nll=1215.3920, l2_reg=0.0000, acc=0.1890
[ 2022-08-31 19:19:53,777][train_tran.train_nn_models] [Validation] Epoch=177, nll=1206.1464, acc=0.1910
[ 2022-08-31 19:19:56,062][train_tran.train_nn_models] [Training] Epoch=178, loss=1215.2675, nll=1215.2675, l2_reg=0.0000, acc=0.1890
[ 2022-08-31 19:19:56,062][train_tran.train_nn_models] [Validation] Epoch=178, nll=1206.0085, acc=0.1917
[ 2022-08-31 19:19:58,299][train_tran.train_nn_models] [Training] Epoch=179, loss=1215.1493, nll=1215.1493, l2_reg=0.0000, acc=0.1895
[ 2022-08-31 19:19:58,299][train_tran.train_nn_models] [Validation] Epoch=179, nll=1205.8265, acc=0.1912
[ 2022-08-31 19:20:00,542][train_tran.train_nn_models] [Training] Epoch=180, loss=1215.0122, nll=1215.0122, l2_reg=0.0000, acc=0.1892
[ 2022-08-31 19:20:00,542][train_tran.train_nn_models] [Validation] Epoch=180, nll=1205.6036, acc=0.1925
[ 2022-08-31 19:20:00,542][train_tran.train_nn_models] Found a better model at epoch 180.
[ 2022-08-31 19:20:02,822][train_tran.train_nn_models] [Training] Epoch=181, loss=1214.8658, nll=1214.8658, l2_reg=0.0000, acc=0.1896
[ 2022-08-31 19:20:02,823][train_tran.train_nn_models] [Validation] Epoch=181, nll=1205.4175, acc=0.1922
[ 2022-08-31 19:20:02,823][train_tran.train_nn_models] Found a better model at epoch 181.
[ 2022-08-31 19:20:05,092][train_tran.train_nn_models] [Training] Epoch=182, loss=1214.6984, nll=1214.6984, l2_reg=0.0000, acc=0.1899
[ 2022-08-31 19:20:05,092][train_tran.train_nn_models] [Validation] Epoch=182, nll=1205.2220, acc=0.1926
[ 2022-08-31 19:20:05,092][train_tran.train_nn_models] Found a better model at epoch 182.
[ 2022-08-31 19:20:07,339][train_tran.train_nn_models] [Training] Epoch=183, loss=1214.5256, nll=1214.5256, l2_reg=0.0000, acc=0.1902
[ 2022-08-31 19:20:07,340][train_tran.train_nn_models] [Validation] Epoch=183, nll=1205.0635, acc=0.1914
[ 2022-08-31 19:20:07,340][train_tran.train_nn_models] Found a better model at epoch 183.
[ 2022-08-31 19:20:09,592][train_tran.train_nn_models] [Training] Epoch=184, loss=1214.3411, nll=1214.3411, l2_reg=0.0000, acc=0.1905
[ 2022-08-31 19:20:09,592][train_tran.train_nn_models] [Validation] Epoch=184, nll=1204.9562, acc=0.1917
[ 2022-08-31 19:20:09,592][train_tran.train_nn_models] Found a better model at epoch 184.
[ 2022-08-31 19:20:11,854][train_tran.train_nn_models] [Training] Epoch=185, loss=1214.1658, nll=1214.1658, l2_reg=0.0000, acc=0.1911
[ 2022-08-31 19:20:11,855][train_tran.train_nn_models] [Validation] Epoch=185, nll=1204.8827, acc=0.1916
[ 2022-08-31 19:20:11,855][train_tran.train_nn_models] Found a better model at epoch 185.
[ 2022-08-31 19:20:14,117][train_tran.train_nn_models] [Training] Epoch=186, loss=1214.0139, nll=1214.0139, l2_reg=0.0000, acc=0.1917
[ 2022-08-31 19:20:14,118][train_tran.train_nn_models] [Validation] Epoch=186, nll=1204.9138, acc=0.1917
[ 2022-08-31 19:20:16,385][train_tran.train_nn_models] [Training] Epoch=187, loss=1213.8344, nll=1213.8344, l2_reg=0.0000, acc=0.1918
[ 2022-08-31 19:20:16,385][train_tran.train_nn_models] [Validation] Epoch=187, nll=1204.8602, acc=0.1920
[ 2022-08-31 19:20:16,385][train_tran.train_nn_models] Found a better model at epoch 187.
[ 2022-08-31 19:20:18,638][train_tran.train_nn_models] [Training] Epoch=188, loss=1213.6766, nll=1213.6766, l2_reg=0.0000, acc=0.1923
[ 2022-08-31 19:20:18,638][train_tran.train_nn_models] [Validation] Epoch=188, nll=1204.8545, acc=0.1904
[ 2022-08-31 19:20:18,639][train_tran.train_nn_models] Found a better model at epoch 188.
[ 2022-08-31 19:20:20,902][train_tran.train_nn_models] [Training] Epoch=189, loss=1213.5363, nll=1213.5363, l2_reg=0.0000, acc=0.1925
[ 2022-08-31 19:20:20,902][train_tran.train_nn_models] [Validation] Epoch=189, nll=1204.8267, acc=0.1903
[ 2022-08-31 19:20:20,902][train_tran.train_nn_models] Found a better model at epoch 189.
[ 2022-08-31 19:20:23,143][train_tran.train_nn_models] [Training] Epoch=190, loss=1213.3757, nll=1213.3757, l2_reg=0.0000, acc=0.1926
[ 2022-08-31 19:20:23,143][train_tran.train_nn_models] [Validation] Epoch=190, nll=1204.7476, acc=0.1917
[ 2022-08-31 19:20:23,143][train_tran.train_nn_models] Found a better model at epoch 190.
[ 2022-08-31 19:20:25,393][train_tran.train_nn_models] [Training] Epoch=191, loss=1213.2172, nll=1213.2172, l2_reg=0.0000, acc=0.1923
[ 2022-08-31 19:20:25,393][train_tran.train_nn_models] [Validation] Epoch=191, nll=1204.8014, acc=0.1932
[ 2022-08-31 19:20:27,620][train_tran.train_nn_models] [Training] Epoch=192, loss=1213.0798, nll=1213.0798, l2_reg=0.0000, acc=0.1925
[ 2022-08-31 19:20:27,621][train_tran.train_nn_models] [Validation] Epoch=192, nll=1204.6483, acc=0.1938
[ 2022-08-31 19:20:27,621][train_tran.train_nn_models] Found a better model at epoch 192.
[ 2022-08-31 19:20:29,861][train_tran.train_nn_models] [Training] Epoch=193, loss=1212.9464, nll=1212.9464, l2_reg=0.0000, acc=0.1926
[ 2022-08-31 19:20:29,862][train_tran.train_nn_models] [Validation] Epoch=193, nll=1204.5580, acc=0.1941
[ 2022-08-31 19:20:29,862][train_tran.train_nn_models] Found a better model at epoch 193.
[ 2022-08-31 19:20:32,108][train_tran.train_nn_models] [Training] Epoch=194, loss=1212.7965, nll=1212.7965, l2_reg=0.0000, acc=0.1927
[ 2022-08-31 19:20:32,108][train_tran.train_nn_models] [Validation] Epoch=194, nll=1204.3185, acc=0.1947
[ 2022-08-31 19:20:32,108][train_tran.train_nn_models] Found a better model at epoch 194.
[ 2022-08-31 19:20:34,351][train_tran.train_nn_models] [Training] Epoch=195, loss=1212.6669, nll=1212.6669, l2_reg=0.0000, acc=0.1923
[ 2022-08-31 19:20:34,352][train_tran.train_nn_models] [Validation] Epoch=195, nll=1204.2555, acc=0.1952
[ 2022-08-31 19:20:34,352][train_tran.train_nn_models] Found a better model at epoch 195.
[ 2022-08-31 19:20:36,649][train_tran.train_nn_models] [Training] Epoch=196, loss=1212.5267, nll=1212.5267, l2_reg=0.0000, acc=0.1923
[ 2022-08-31 19:20:36,649][train_tran.train_nn_models] [Validation] Epoch=196, nll=1204.0992, acc=0.1952
[ 2022-08-31 19:20:36,649][train_tran.train_nn_models] Found a better model at epoch 196.
[ 2022-08-31 19:20:38,892][train_tran.train_nn_models] [Training] Epoch=197, loss=1212.4100, nll=1212.4100, l2_reg=0.0000, acc=0.1922
[ 2022-08-31 19:20:38,892][train_tran.train_nn_models] [Validation] Epoch=197, nll=1204.0045, acc=0.1956
[ 2022-08-31 19:20:38,892][train_tran.train_nn_models] Found a better model at epoch 197.
[ 2022-08-31 19:20:41,122][train_tran.train_nn_models] [Training] Epoch=198, loss=1212.3008, nll=1212.3008, l2_reg=0.0000, acc=0.1922
[ 2022-08-31 19:20:41,123][train_tran.train_nn_models] [Validation] Epoch=198, nll=1203.9368, acc=0.1948
[ 2022-08-31 19:20:41,123][train_tran.train_nn_models] Found a better model at epoch 198.
[ 2022-08-31 19:20:43,370][train_tran.train_nn_models] [Training] Epoch=199, loss=1212.1740, nll=1212.1740, l2_reg=0.0000, acc=0.1924
[ 2022-08-31 19:20:43,371][train_tran.train_nn_models] [Validation] Epoch=199, nll=1203.9504, acc=0.1943
[ 2022-08-31 19:20:45,621][train_tran.train_nn_models] [Training] Epoch=200, loss=1212.0850, nll=1212.0850, l2_reg=0.0000, acc=0.1929
[ 2022-08-31 19:20:45,621][train_tran.train_nn_models] [Validation] Epoch=200, nll=1203.8193, acc=0.1950
[ 2022-08-31 19:20:45,622][train_tran.train_nn_models] Found a better model at epoch 200.
[ 2022-08-31 19:20:47,877][train_tran.train_nn_models] [Training] Epoch=201, loss=1212.0031, nll=1212.0031, l2_reg=0.0000, acc=0.1928
[ 2022-08-31 19:20:47,878][train_tran.train_nn_models] [Validation] Epoch=201, nll=1203.6896, acc=0.1951
[ 2022-08-31 19:20:47,878][train_tran.train_nn_models] Found a better model at epoch 201.
[ 2022-08-31 19:20:50,110][train_tran.train_nn_models] [Training] Epoch=202, loss=1211.9221, nll=1211.9221, l2_reg=0.0000, acc=0.1930
[ 2022-08-31 19:20:50,110][train_tran.train_nn_models] [Validation] Epoch=202, nll=1203.6636, acc=0.1942
[ 2022-08-31 19:20:50,110][train_tran.train_nn_models] Found a better model at epoch 202.
[ 2022-08-31 19:20:52,350][train_tran.train_nn_models] [Training] Epoch=203, loss=1211.8590, nll=1211.8590, l2_reg=0.0000, acc=0.1930
[ 2022-08-31 19:20:52,351][train_tran.train_nn_models] [Validation] Epoch=203, nll=1203.5826, acc=0.1944
[ 2022-08-31 19:20:52,351][train_tran.train_nn_models] Found a better model at epoch 203.
[ 2022-08-31 19:20:54,623][train_tran.train_nn_models] [Training] Epoch=204, loss=1211.7991, nll=1211.7991, l2_reg=0.0000, acc=0.1931
[ 2022-08-31 19:20:54,623][train_tran.train_nn_models] [Validation] Epoch=204, nll=1203.5066, acc=0.1942
[ 2022-08-31 19:20:54,623][train_tran.train_nn_models] Found a better model at epoch 204.
[ 2022-08-31 19:20:56,871][train_tran.train_nn_models] [Training] Epoch=205, loss=1214.2684, nll=1214.2684, l2_reg=0.0000, acc=0.1907
[ 2022-08-31 19:20:56,871][train_tran.train_nn_models] [Validation] Epoch=205, nll=1207.4624, acc=0.1917
[ 2022-08-31 19:20:59,104][train_tran.train_nn_models] [Training] Epoch=206, loss=1216.7157, nll=1216.7157, l2_reg=0.0000, acc=0.1896
[ 2022-08-31 19:20:59,105][train_tran.train_nn_models] [Validation] Epoch=206, nll=1204.6115, acc=0.1929
[ 2022-08-31 19:21:01,350][train_tran.train_nn_models] [Training] Epoch=207, loss=1213.7712, nll=1213.7712, l2_reg=0.0000, acc=0.1920
[ 2022-08-31 19:21:01,351][train_tran.train_nn_models] [Validation] Epoch=207, nll=1202.7399, acc=0.1920
[ 2022-08-31 19:21:01,351][train_tran.train_nn_models] Found a better model at epoch 207.
[ 2022-08-31 19:21:03,598][train_tran.train_nn_models] [Training] Epoch=208, loss=1212.5460, nll=1212.5460, l2_reg=0.0000, acc=0.1913
[ 2022-08-31 19:21:03,598][train_tran.train_nn_models] [Validation] Epoch=208, nll=1202.2247, acc=0.1919
[ 2022-08-31 19:21:03,598][train_tran.train_nn_models] Found a better model at epoch 208.
[ 2022-08-31 19:21:05,826][train_tran.train_nn_models] [Training] Epoch=209, loss=1211.8877, nll=1211.8877, l2_reg=0.0000, acc=0.1931
[ 2022-08-31 19:21:05,827][train_tran.train_nn_models] [Validation] Epoch=209, nll=1202.6252, acc=0.1915
[ 2022-08-31 19:21:08,070][train_tran.train_nn_models] [Training] Epoch=210, loss=1211.8494, nll=1211.8494, l2_reg=0.0000, acc=0.1929
[ 2022-08-31 19:21:08,071][train_tran.train_nn_models] [Validation] Epoch=210, nll=1202.3685, acc=0.1951
[ 2022-08-31 19:21:10,304][train_tran.train_nn_models] [Training] Epoch=211, loss=1211.6139, nll=1211.6139, l2_reg=0.0000, acc=0.1927
[ 2022-08-31 19:21:10,305][train_tran.train_nn_models] [Validation] Epoch=211, nll=1202.0474, acc=0.1918
[ 2022-08-31 19:21:10,305][train_tran.train_nn_models] Found a better model at epoch 211.
[ 2022-08-31 19:21:12,550][train_tran.train_nn_models] [Training] Epoch=212, loss=1211.3984, nll=1211.3984, l2_reg=0.0000, acc=0.1932
[ 2022-08-31 19:21:12,551][train_tran.train_nn_models] [Validation] Epoch=212, nll=1201.8906, acc=0.1920
[ 2022-08-31 19:21:12,551][train_tran.train_nn_models] Found a better model at epoch 212.
[ 2022-08-31 19:21:14,793][train_tran.train_nn_models] [Training] Epoch=213, loss=1211.3080, nll=1211.3080, l2_reg=0.0000, acc=0.1932
[ 2022-08-31 19:21:14,794][train_tran.train_nn_models] [Validation] Epoch=213, nll=1202.0228, acc=0.1920
[ 2022-08-31 19:21:17,032][train_tran.train_nn_models] [Training] Epoch=214, loss=1211.2561, nll=1211.2561, l2_reg=0.0000, acc=0.1931
[ 2022-08-31 19:21:17,032][train_tran.train_nn_models] [Validation] Epoch=214, nll=1202.1840, acc=0.1923
[ 2022-08-31 19:21:19,264][train_tran.train_nn_models] [Training] Epoch=215, loss=1211.2394, nll=1211.2394, l2_reg=0.0000, acc=0.1933
[ 2022-08-31 19:21:19,264][train_tran.train_nn_models] [Validation] Epoch=215, nll=1202.2644, acc=0.1923
[ 2022-08-31 19:21:21,503][train_tran.train_nn_models] [Training] Epoch=216, loss=1211.2056, nll=1211.2056, l2_reg=0.0000, acc=0.1933
[ 2022-08-31 19:21:21,503][train_tran.train_nn_models] [Validation] Epoch=216, nll=1202.2051, acc=0.1925
[ 2022-08-31 19:21:23,743][train_tran.train_nn_models] [Training] Epoch=217, loss=1211.1469, nll=1211.1469, l2_reg=0.0000, acc=0.1933
[ 2022-08-31 19:21:23,744][train_tran.train_nn_models] [Validation] Epoch=217, nll=1202.1552, acc=0.1923
[ 2022-08-31 19:21:26,020][train_tran.train_nn_models] [Training] Epoch=218, loss=1211.1050, nll=1211.1050, l2_reg=0.0000, acc=0.1935
[ 2022-08-31 19:21:26,021][train_tran.train_nn_models] [Validation] Epoch=218, nll=1202.1687, acc=0.1926
[ 2022-08-31 19:21:28,250][train_tran.train_nn_models] [Training] Epoch=219, loss=1211.0792, nll=1211.0792, l2_reg=0.0000, acc=0.1932
[ 2022-08-31 19:21:28,250][train_tran.train_nn_models] [Validation] Epoch=219, nll=1202.1882, acc=0.1920
[ 2022-08-31 19:21:30,483][train_tran.train_nn_models] [Training] Epoch=220, loss=1211.0564, nll=1211.0564, l2_reg=0.0000, acc=0.1933
[ 2022-08-31 19:21:30,483][train_tran.train_nn_models] [Validation] Epoch=220, nll=1202.2618, acc=0.1926
[ 2022-08-31 19:21:32,715][train_tran.train_nn_models] [Training] Epoch=221, loss=1211.0558, nll=1211.0558, l2_reg=0.0000, acc=0.1930
[ 2022-08-31 19:21:32,715][train_tran.train_nn_models] [Validation] Epoch=221, nll=1202.2535, acc=0.1926
[ 2022-08-31 19:21:34,951][train_tran.train_nn_models] [Training] Epoch=222, loss=1211.0328, nll=1211.0328, l2_reg=0.0000, acc=0.1931
[ 2022-08-31 19:21:34,951][train_tran.train_nn_models] [Validation] Epoch=222, nll=1202.2004, acc=0.1927
[ 2022-08-31 19:21:37,193][train_tran.train_nn_models] [Training] Epoch=223, loss=1211.1237, nll=1211.1237, l2_reg=0.0000, acc=0.1929
[ 2022-08-31 19:21:37,193][train_tran.train_nn_models] [Validation] Epoch=223, nll=1213.0762, acc=0.1644
[ 2022-08-31 19:21:39,436][train_tran.train_nn_models] [Training] Epoch=224, loss=1218.9762, nll=1218.9762, l2_reg=0.0000, acc=0.1858
[ 2022-08-31 19:21:39,437][train_tran.train_nn_models] [Validation] Epoch=224, nll=1207.0776, acc=0.1926
[ 2022-08-31 19:21:41,674][train_tran.train_nn_models] [Training] Epoch=225, loss=1216.5079, nll=1216.5079, l2_reg=0.0000, acc=0.1905
[ 2022-08-31 19:21:41,675][train_tran.train_nn_models] [Validation] Epoch=225, nll=1204.2667, acc=0.1902
[ 2022-08-31 19:21:43,900][train_tran.train_nn_models] [Training] Epoch=226, loss=1214.2103, nll=1214.2103, l2_reg=0.0000, acc=0.1908
[ 2022-08-31 19:21:43,900][train_tran.train_nn_models] [Validation] Epoch=226, nll=1202.9760, acc=0.1903
[ 2022-08-31 19:21:46,116][train_tran.train_nn_models] [Training] Epoch=227, loss=1212.4283, nll=1212.4283, l2_reg=0.0000, acc=0.1924
[ 2022-08-31 19:21:46,117][train_tran.train_nn_models] [Validation] Epoch=227, nll=1202.2428, acc=0.1911
[ 2022-08-31 19:21:48,336][train_tran.train_nn_models] [Training] Epoch=228, loss=1211.4308, nll=1211.4308, l2_reg=0.0000, acc=0.1928
[ 2022-08-31 19:21:48,336][train_tran.train_nn_models] [Validation] Epoch=228, nll=1202.3643, acc=0.1937
[ 2022-08-31 19:21:50,563][train_tran.train_nn_models] [Training] Epoch=229, loss=1211.1016, nll=1211.1016, l2_reg=0.0000, acc=0.1934
[ 2022-08-31 19:21:50,563][train_tran.train_nn_models] [Validation] Epoch=229, nll=1202.3325, acc=0.1949
[ 2022-08-31 19:21:52,785][train_tran.train_nn_models] [Training] Epoch=230, loss=1210.9835, nll=1210.9835, l2_reg=0.0000, acc=0.1934
[ 2022-08-31 19:21:52,786][train_tran.train_nn_models] [Validation] Epoch=230, nll=1201.8501, acc=0.1934
[ 2022-08-31 19:21:52,786][train_tran.train_nn_models] Found a better model at epoch 230.
[ 2022-08-31 19:21:55,025][train_tran.train_nn_models] [Training] Epoch=231, loss=1210.8287, nll=1210.8287, l2_reg=0.0000, acc=0.1933
[ 2022-08-31 19:21:55,025][train_tran.train_nn_models] [Validation] Epoch=231, nll=1201.6653, acc=0.1929
[ 2022-08-31 19:21:55,025][train_tran.train_nn_models] Found a better model at epoch 231.
[ 2022-08-31 19:21:57,265][train_tran.train_nn_models] [Training] Epoch=232, loss=1210.7634, nll=1210.7634, l2_reg=0.0000, acc=0.1939
[ 2022-08-31 19:21:57,266][train_tran.train_nn_models] [Validation] Epoch=232, nll=1201.6182, acc=0.1920
[ 2022-08-31 19:21:57,266][train_tran.train_nn_models] Found a better model at epoch 232.
[ 2022-08-31 19:21:59,512][train_tran.train_nn_models] [Training] Epoch=233, loss=1210.7441, nll=1210.7441, l2_reg=0.0000, acc=0.1938
[ 2022-08-31 19:21:59,513][train_tran.train_nn_models] [Validation] Epoch=233, nll=1201.6274, acc=0.1917
[ 2022-08-31 19:22:01,741][train_tran.train_nn_models] [Training] Epoch=234, loss=1210.7135, nll=1210.7135, l2_reg=0.0000, acc=0.1938
[ 2022-08-31 19:22:01,741][train_tran.train_nn_models] [Validation] Epoch=234, nll=1201.6298, acc=0.1911
[ 2022-08-31 19:22:03,974][train_tran.train_nn_models] [Training] Epoch=235, loss=1210.6760, nll=1210.6760, l2_reg=0.0000, acc=0.1937
[ 2022-08-31 19:22:03,975][train_tran.train_nn_models] [Validation] Epoch=235, nll=1201.6173, acc=0.1915
[ 2022-08-31 19:22:03,975][train_tran.train_nn_models] Found a better model at epoch 235.
[ 2022-08-31 19:22:06,205][train_tran.train_nn_models] [Training] Epoch=236, loss=1210.6405, nll=1210.6405, l2_reg=0.0000, acc=0.1937
[ 2022-08-31 19:22:06,205][train_tran.train_nn_models] [Validation] Epoch=236, nll=1201.6229, acc=0.1913
[ 2022-08-31 19:22:08,443][train_tran.train_nn_models] [Training] Epoch=237, loss=1210.6173, nll=1210.6173, l2_reg=0.0000, acc=0.1937
[ 2022-08-31 19:22:08,443][train_tran.train_nn_models] [Validation] Epoch=237, nll=1201.6646, acc=0.1906
[ 2022-08-31 19:22:10,671][train_tran.train_nn_models] [Training] Epoch=238, loss=1210.5992, nll=1210.5992, l2_reg=0.0000, acc=0.1936
[ 2022-08-31 19:22:10,672][train_tran.train_nn_models] [Validation] Epoch=238, nll=1201.6718, acc=0.1912
[ 2022-08-31 19:22:12,895][train_tran.train_nn_models] [Training] Epoch=239, loss=1210.5837, nll=1210.5837, l2_reg=0.0000, acc=0.1937
[ 2022-08-31 19:22:12,896][train_tran.train_nn_models] [Validation] Epoch=239, nll=1201.6840, acc=0.1916
[ 2022-08-31 19:22:15,123][train_tran.train_nn_models] [Training] Epoch=240, loss=1210.5676, nll=1210.5676, l2_reg=0.0000, acc=0.1937
[ 2022-08-31 19:22:15,123][train_tran.train_nn_models] [Validation] Epoch=240, nll=1201.6832, acc=0.1916
[ 2022-08-31 19:22:17,352][train_tran.train_nn_models] [Training] Epoch=241, loss=1210.5375, nll=1210.5375, l2_reg=0.0000, acc=0.1939
[ 2022-08-31 19:22:17,353][train_tran.train_nn_models] [Validation] Epoch=241, nll=1201.6764, acc=0.1921
[ 2022-08-31 19:22:19,593][train_tran.train_nn_models] [Training] Epoch=242, loss=1210.5026, nll=1210.5026, l2_reg=0.0000, acc=0.1938
[ 2022-08-31 19:22:19,593][train_tran.train_nn_models] [Validation] Epoch=242, nll=1201.6903, acc=0.1921
[ 2022-08-31 19:22:21,849][train_tran.train_nn_models] [Training] Epoch=243, loss=1210.4846, nll=1210.4846, l2_reg=0.0000, acc=0.1937
[ 2022-08-31 19:22:21,849][train_tran.train_nn_models] [Validation] Epoch=243, nll=1201.7192, acc=0.1927
[ 2022-08-31 19:22:24,074][train_tran.train_nn_models] [Training] Epoch=244, loss=1210.4644, nll=1210.4644, l2_reg=0.0000, acc=0.1938
[ 2022-08-31 19:22:24,074][train_tran.train_nn_models] [Validation] Epoch=244, nll=1201.7053, acc=0.1924
[ 2022-08-31 19:22:26,301][train_tran.train_nn_models] [Training] Epoch=245, loss=1210.4402, nll=1210.4402, l2_reg=0.0000, acc=0.1937
[ 2022-08-31 19:22:26,301][train_tran.train_nn_models] [Validation] Epoch=245, nll=1201.7048, acc=0.1925
[ 2022-08-31 19:22:28,552][train_tran.train_nn_models] [Training] Epoch=246, loss=1210.4128, nll=1210.4128, l2_reg=0.0000, acc=0.1936
[ 2022-08-31 19:22:28,552][train_tran.train_nn_models] [Validation] Epoch=246, nll=1201.6947, acc=0.1926
[ 2022-08-31 19:22:30,771][train_tran.train_nn_models] [Training] Epoch=247, loss=1210.3861, nll=1210.3861, l2_reg=0.0000, acc=0.1937
[ 2022-08-31 19:22:30,772][train_tran.train_nn_models] [Validation] Epoch=247, nll=1201.7224, acc=0.1926
[ 2022-08-31 19:22:32,991][train_tran.train_nn_models] [Training] Epoch=248, loss=1210.3669, nll=1210.3669, l2_reg=0.0000, acc=0.1936
[ 2022-08-31 19:22:32,991][train_tran.train_nn_models] [Validation] Epoch=248, nll=1201.7236, acc=0.1925
[ 2022-08-31 19:22:35,217][train_tran.train_nn_models] [Training] Epoch=249, loss=1210.3481, nll=1210.3481, l2_reg=0.0000, acc=0.1937
[ 2022-08-31 19:22:35,217][train_tran.train_nn_models] [Validation] Epoch=249, nll=1201.7487, acc=0.1925
[ 2022-08-31 19:22:35,473][train_tran.eval_nll] [Test]nll=1209.9764, acc=0.1934
[ 2022-08-31 19:46:03,088][train_tran.<module>]                    timestamp  ...                                             config
0 2022-08-31 19:46:03.073005  ...  {'model': 'Tran', 'dataset': 'pgem-1K-15', 'in...
1 2022-08-31 19:46:03.073005  ...  {'model': 'Tran', 'dataset': 'pgem-1K-15', 'in...
2 2022-08-31 19:46:03.073005  ...  {'model': 'Tran', 'dataset': 'pgem-1K-15', 'in...
3 2022-08-31 19:46:03.073005  ...  {'model': 'Tran', 'dataset': 'pgem-1K-15', 'in...
4 2022-08-31 19:46:03.073005  ...  {'model': 'Tran', 'dataset': 'pgem-1K-15', 'in...
5 2022-08-31 19:46:03.073005  ...  {'model': 'Tran', 'dataset': 'pgem-1K-15', 'in...

[6 rows x 7 columns]
