[ 2022-08-04 11:44:54,681][train.<module>] Namespace(attr_batch_size=0, basis_type='dyadic', batch_size=64, bucket_seqs=False, cuda=True, dataset='pgem-1K-10', dropout=0.0, embedding_dim=64, epochs=200, hidden_size=64, input_dir='data/input', l2_reg=0, lr=0.001, max_mean=20.0, model='Tran', n_bases=7, num_workers=0, occurred_type_only=False, optimizer='Adam', output_dir='data/output', rand_seed=0, skip_eval_infectivity=False, skip_pred_next_event=False, split_id=2, steps=50, tune_metric='nll', verbose=False)
[ 2022-08-04 11:44:56,924][train.train_nn_models] [Training] Epoch=0, loss=6658.5322, nll=6658.5322, l2_reg=0.0000, acc=0.1511
[ 2022-08-04 11:44:56,925][train.train_nn_models] [Validation] Epoch=0, nll=2695.5522, acc=0.1482
[ 2022-08-04 11:44:58,827][train.train_nn_models] [Training] Epoch=1, loss=1413.0557, nll=1413.0557, l2_reg=0.0000, acc=0.1603
[ 2022-08-04 11:44:58,827][train.train_nn_models] [Validation] Epoch=1, nll=785.3987, acc=0.2043
[ 2022-08-04 11:45:00,843][train.train_nn_models] [Training] Epoch=2, loss=769.7262, nll=769.7262, l2_reg=0.0000, acc=0.2356
[ 2022-08-04 11:45:00,843][train.train_nn_models] [Validation] Epoch=2, nll=771.9297, acc=0.2698
[ 2022-08-04 11:45:02,884][train.train_nn_models] [Training] Epoch=3, loss=731.4454, nll=731.4454, l2_reg=0.0000, acc=0.2722
[ 2022-08-04 11:45:02,885][train.train_nn_models] [Validation] Epoch=3, nll=720.5218, acc=0.2733
[ 2022-08-04 11:45:04,849][train.train_nn_models] [Training] Epoch=4, loss=705.4296, nll=705.4296, l2_reg=0.0000, acc=0.2756
[ 2022-08-04 11:45:04,849][train.train_nn_models] [Validation] Epoch=4, nll=710.4260, acc=0.2776
[ 2022-08-04 11:45:06,812][train.train_nn_models] [Training] Epoch=5, loss=696.8234, nll=696.8234, l2_reg=0.0000, acc=0.2797
[ 2022-08-04 11:45:06,813][train.train_nn_models] [Validation] Epoch=5, nll=706.5310, acc=0.2788
[ 2022-08-04 11:45:08,787][train.train_nn_models] [Training] Epoch=6, loss=694.0167, nll=694.0167, l2_reg=0.0000, acc=0.2800
[ 2022-08-04 11:45:08,788][train.train_nn_models] [Validation] Epoch=6, nll=704.7163, acc=0.2775
[ 2022-08-04 11:45:10,763][train.train_nn_models] [Training] Epoch=7, loss=692.9440, nll=692.9440, l2_reg=0.0000, acc=0.2795
[ 2022-08-04 11:45:10,763][train.train_nn_models] [Validation] Epoch=7, nll=704.0508, acc=0.2769
[ 2022-08-04 11:45:12,675][train.train_nn_models] [Training] Epoch=8, loss=692.4038, nll=692.4038, l2_reg=0.0000, acc=0.2804
[ 2022-08-04 11:45:12,675][train.train_nn_models] [Validation] Epoch=8, nll=703.6555, acc=0.2776
[ 2022-08-04 11:45:14,626][train.train_nn_models] [Training] Epoch=9, loss=692.0898, nll=692.0898, l2_reg=0.0000, acc=0.2803
[ 2022-08-04 11:45:14,626][train.train_nn_models] [Validation] Epoch=9, nll=703.3964, acc=0.2773
[ 2022-08-04 11:45:16,599][train.train_nn_models] [Training] Epoch=10, loss=691.8850, nll=691.8850, l2_reg=0.0000, acc=0.2805
[ 2022-08-04 11:45:16,600][train.train_nn_models] [Validation] Epoch=10, nll=703.1982, acc=0.2788
[ 2022-08-04 11:45:18,590][train.train_nn_models] [Training] Epoch=11, loss=691.7070, nll=691.7070, l2_reg=0.0000, acc=0.2805
[ 2022-08-04 11:45:18,590][train.train_nn_models] [Validation] Epoch=11, nll=703.0583, acc=0.2783
[ 2022-08-04 11:45:20,550][train.train_nn_models] [Training] Epoch=12, loss=691.5717, nll=691.5717, l2_reg=0.0000, acc=0.2807
[ 2022-08-04 11:45:20,550][train.train_nn_models] [Validation] Epoch=12, nll=702.9307, acc=0.2788
[ 2022-08-04 11:45:22,497][train.train_nn_models] [Training] Epoch=13, loss=691.4572, nll=691.4572, l2_reg=0.0000, acc=0.2809
[ 2022-08-04 11:45:22,498][train.train_nn_models] [Validation] Epoch=13, nll=702.8354, acc=0.2780
[ 2022-08-04 11:45:24,415][train.train_nn_models] [Training] Epoch=14, loss=691.3679, nll=691.3679, l2_reg=0.0000, acc=0.2806
[ 2022-08-04 11:45:24,415][train.train_nn_models] [Validation] Epoch=14, nll=702.7606, acc=0.2773
[ 2022-08-04 11:45:26,367][train.train_nn_models] [Training] Epoch=15, loss=691.2955, nll=691.2955, l2_reg=0.0000, acc=0.2802
[ 2022-08-04 11:45:26,368][train.train_nn_models] [Validation] Epoch=15, nll=702.7026, acc=0.2770
[ 2022-08-04 11:45:28,313][train.train_nn_models] [Training] Epoch=16, loss=691.2372, nll=691.2372, l2_reg=0.0000, acc=0.2804
[ 2022-08-04 11:45:28,313][train.train_nn_models] [Validation] Epoch=16, nll=702.6568, acc=0.2767
[ 2022-08-04 11:45:30,215][train.train_nn_models] [Training] Epoch=17, loss=691.1854, nll=691.1854, l2_reg=0.0000, acc=0.2805
[ 2022-08-04 11:45:30,215][train.train_nn_models] [Validation] Epoch=17, nll=702.6128, acc=0.2780
[ 2022-08-04 11:45:32,092][train.train_nn_models] [Training] Epoch=18, loss=691.1273, nll=691.1273, l2_reg=0.0000, acc=0.2802
[ 2022-08-04 11:45:32,093][train.train_nn_models] [Validation] Epoch=18, nll=702.5454, acc=0.2803
[ 2022-08-04 11:45:34,107][train.train_nn_models] [Training] Epoch=19, loss=691.0291, nll=691.0291, l2_reg=0.0000, acc=0.2801
[ 2022-08-04 11:45:34,107][train.train_nn_models] [Validation] Epoch=19, nll=702.4641, acc=0.2806
[ 2022-08-04 11:45:36,029][train.train_nn_models] [Training] Epoch=20, loss=690.9451, nll=690.9451, l2_reg=0.0000, acc=0.2804
[ 2022-08-04 11:45:36,029][train.train_nn_models] [Validation] Epoch=20, nll=702.4110, acc=0.2799
[ 2022-08-04 11:45:37,987][train.train_nn_models] [Training] Epoch=21, loss=690.8902, nll=690.8902, l2_reg=0.0000, acc=0.2804
[ 2022-08-04 11:45:37,987][train.train_nn_models] [Validation] Epoch=21, nll=702.3702, acc=0.2805
[ 2022-08-04 11:45:40,439][train.train_nn_models] [Training] Epoch=22, loss=690.8421, nll=690.8421, l2_reg=0.0000, acc=0.2801
[ 2022-08-04 11:45:40,439][train.train_nn_models] [Validation] Epoch=22, nll=702.3370, acc=0.2794
[ 2022-08-04 11:45:43,048][train.train_nn_models] [Training] Epoch=23, loss=690.7958, nll=690.7958, l2_reg=0.0000, acc=0.2807
[ 2022-08-04 11:45:43,049][train.train_nn_models] [Validation] Epoch=23, nll=702.3049, acc=0.2802
[ 2022-08-04 11:45:45,492][train.train_nn_models] [Training] Epoch=24, loss=690.7505, nll=690.7505, l2_reg=0.0000, acc=0.2809
[ 2022-08-04 11:45:45,493][train.train_nn_models] [Validation] Epoch=24, nll=702.2720, acc=0.2792
[ 2022-08-04 11:45:47,411][train.train_nn_models] [Training] Epoch=25, loss=690.7072, nll=690.7072, l2_reg=0.0000, acc=0.2809
[ 2022-08-04 11:45:47,411][train.train_nn_models] [Validation] Epoch=25, nll=702.2404, acc=0.2798
[ 2022-08-04 11:45:49,644][train.train_nn_models] [Training] Epoch=26, loss=690.6645, nll=690.6645, l2_reg=0.0000, acc=0.2812
[ 2022-08-04 11:45:49,644][train.train_nn_models] [Validation] Epoch=26, nll=702.2092, acc=0.2791
[ 2022-08-04 11:45:51,651][train.train_nn_models] [Training] Epoch=27, loss=690.6192, nll=690.6192, l2_reg=0.0000, acc=0.2813
[ 2022-08-04 11:45:51,652][train.train_nn_models] [Validation] Epoch=27, nll=702.1729, acc=0.2795
[ 2022-08-04 11:45:53,568][train.train_nn_models] [Training] Epoch=28, loss=690.5546, nll=690.5546, l2_reg=0.0000, acc=0.2815
[ 2022-08-04 11:45:53,568][train.train_nn_models] [Validation] Epoch=28, nll=702.1130, acc=0.2796
[ 2022-08-04 11:45:55,520][train.train_nn_models] [Training] Epoch=29, loss=690.4403, nll=690.4403, l2_reg=0.0000, acc=0.2828
[ 2022-08-04 11:45:55,521][train.train_nn_models] [Validation] Epoch=29, nll=702.0597, acc=0.2805
[ 2022-08-04 11:45:57,412][train.train_nn_models] [Training] Epoch=30, loss=690.3890, nll=690.3890, l2_reg=0.0000, acc=0.2826
[ 2022-08-04 11:45:57,413][train.train_nn_models] [Validation] Epoch=30, nll=702.0226, acc=0.2796
[ 2022-08-04 11:45:59,292][train.train_nn_models] [Training] Epoch=31, loss=690.3381, nll=690.3381, l2_reg=0.0000, acc=0.2818
[ 2022-08-04 11:45:59,293][train.train_nn_models] [Validation] Epoch=31, nll=701.9820, acc=0.2801
[ 2022-08-04 11:46:01,198][train.train_nn_models] [Training] Epoch=32, loss=690.2894, nll=690.2894, l2_reg=0.0000, acc=0.2815
[ 2022-08-04 11:46:01,198][train.train_nn_models] [Validation] Epoch=32, nll=701.9196, acc=0.2812
[ 2022-08-04 11:46:03,157][train.train_nn_models] [Training] Epoch=33, loss=690.2548, nll=690.2548, l2_reg=0.0000, acc=0.2817
[ 2022-08-04 11:46:03,157][train.train_nn_models] [Validation] Epoch=33, nll=701.8784, acc=0.2813
[ 2022-08-04 11:46:05,088][train.train_nn_models] [Training] Epoch=34, loss=690.2113, nll=690.2113, l2_reg=0.0000, acc=0.2817
[ 2022-08-04 11:46:05,088][train.train_nn_models] [Validation] Epoch=34, nll=701.8306, acc=0.2810
[ 2022-08-04 11:46:06,990][train.train_nn_models] [Training] Epoch=35, loss=690.1667, nll=690.1667, l2_reg=0.0000, acc=0.2815
[ 2022-08-04 11:46:06,990][train.train_nn_models] [Validation] Epoch=35, nll=701.7812, acc=0.2810
[ 2022-08-04 11:46:08,912][train.train_nn_models] [Training] Epoch=36, loss=690.1189, nll=690.1189, l2_reg=0.0000, acc=0.2816
[ 2022-08-04 11:46:08,913][train.train_nn_models] [Validation] Epoch=36, nll=701.7299, acc=0.2800
[ 2022-08-04 11:46:10,842][train.train_nn_models] [Training] Epoch=37, loss=690.0717, nll=690.0717, l2_reg=0.0000, acc=0.2819
[ 2022-08-04 11:46:10,843][train.train_nn_models] [Validation] Epoch=37, nll=701.6790, acc=0.2812
[ 2022-08-04 11:46:12,834][train.train_nn_models] [Training] Epoch=38, loss=690.0211, nll=690.0211, l2_reg=0.0000, acc=0.2817
[ 2022-08-04 11:46:12,835][train.train_nn_models] [Validation] Epoch=38, nll=701.6248, acc=0.2809
[ 2022-08-04 11:46:14,801][train.train_nn_models] [Training] Epoch=39, loss=689.9665, nll=689.9665, l2_reg=0.0000, acc=0.2814
[ 2022-08-04 11:46:14,801][train.train_nn_models] [Validation] Epoch=39, nll=701.5686, acc=0.2816
[ 2022-08-04 11:46:16,828][train.train_nn_models] [Training] Epoch=40, loss=689.9073, nll=689.9073, l2_reg=0.0000, acc=0.2817
[ 2022-08-04 11:46:16,828][train.train_nn_models] [Validation] Epoch=40, nll=701.5101, acc=0.2815
[ 2022-08-04 11:46:18,769][train.train_nn_models] [Training] Epoch=41, loss=689.8452, nll=689.8452, l2_reg=0.0000, acc=0.2818
[ 2022-08-04 11:46:18,770][train.train_nn_models] [Validation] Epoch=41, nll=701.4487, acc=0.2809
[ 2022-08-04 11:46:20,759][train.train_nn_models] [Training] Epoch=42, loss=689.7795, nll=689.7795, l2_reg=0.0000, acc=0.2819
[ 2022-08-04 11:46:20,759][train.train_nn_models] [Validation] Epoch=42, nll=701.3842, acc=0.2808
[ 2022-08-04 11:46:22,770][train.train_nn_models] [Training] Epoch=43, loss=689.7125, nll=689.7125, l2_reg=0.0000, acc=0.2815
[ 2022-08-04 11:46:22,770][train.train_nn_models] [Validation] Epoch=43, nll=701.3161, acc=0.2801
[ 2022-08-04 11:46:24,708][train.train_nn_models] [Training] Epoch=44, loss=689.6438, nll=689.6438, l2_reg=0.0000, acc=0.2810
[ 2022-08-04 11:46:24,708][train.train_nn_models] [Validation] Epoch=44, nll=701.2437, acc=0.2797
[ 2022-08-04 11:46:26,651][train.train_nn_models] [Training] Epoch=45, loss=689.5732, nll=689.5732, l2_reg=0.0000, acc=0.2816
[ 2022-08-04 11:46:26,651][train.train_nn_models] [Validation] Epoch=45, nll=701.1657, acc=0.2783
[ 2022-08-04 11:46:28,918][train.train_nn_models] [Training] Epoch=46, loss=689.4970, nll=689.4970, l2_reg=0.0000, acc=0.2820
[ 2022-08-04 11:46:28,919][train.train_nn_models] [Validation] Epoch=46, nll=701.0804, acc=0.2791
[ 2022-08-04 11:46:30,928][train.train_nn_models] [Training] Epoch=47, loss=689.4222, nll=689.4222, l2_reg=0.0000, acc=0.2822
[ 2022-08-04 11:46:30,929][train.train_nn_models] [Validation] Epoch=47, nll=700.9969, acc=0.2793
[ 2022-08-04 11:46:32,835][train.train_nn_models] [Training] Epoch=48, loss=689.3896, nll=689.3896, l2_reg=0.0000, acc=0.2815
[ 2022-08-04 11:46:32,835][train.train_nn_models] [Validation] Epoch=48, nll=700.9517, acc=0.2770
[ 2022-08-04 11:46:34,774][train.train_nn_models] [Training] Epoch=49, loss=689.3372, nll=689.3372, l2_reg=0.0000, acc=0.2812
[ 2022-08-04 11:46:34,775][train.train_nn_models] [Validation] Epoch=49, nll=700.9182, acc=0.2766
[ 2022-08-04 11:46:36,711][train.train_nn_models] [Training] Epoch=50, loss=689.2358, nll=689.2358, l2_reg=0.0000, acc=0.2812
[ 2022-08-04 11:46:36,711][train.train_nn_models] [Validation] Epoch=50, nll=700.8284, acc=0.2766
[ 2022-08-04 11:46:38,704][train.train_nn_models] [Training] Epoch=51, loss=689.0859, nll=689.0859, l2_reg=0.0000, acc=0.2814
[ 2022-08-04 11:46:38,704][train.train_nn_models] [Validation] Epoch=51, nll=700.7034, acc=0.2794
[ 2022-08-04 11:46:40,647][train.train_nn_models] [Training] Epoch=52, loss=688.9718, nll=688.9718, l2_reg=0.0000, acc=0.2822
[ 2022-08-04 11:46:40,657][train.train_nn_models] [Validation] Epoch=52, nll=700.6417, acc=0.2792
[ 2022-08-04 11:46:42,698][train.train_nn_models] [Training] Epoch=53, loss=688.8504, nll=688.8504, l2_reg=0.0000, acc=0.2817
[ 2022-08-04 11:46:42,699][train.train_nn_models] [Validation] Epoch=53, nll=700.6633, acc=0.2791
[ 2022-08-04 11:46:44,652][train.train_nn_models] [Training] Epoch=54, loss=688.6518, nll=688.6518, l2_reg=0.0000, acc=0.2813
[ 2022-08-04 11:46:44,652][train.train_nn_models] [Validation] Epoch=54, nll=701.0684, acc=0.2819
[ 2022-08-04 11:46:46,620][train.train_nn_models] [Training] Epoch=55, loss=688.3444, nll=688.3444, l2_reg=0.0000, acc=0.2820
[ 2022-08-04 11:46:46,621][train.train_nn_models] [Validation] Epoch=55, nll=701.9006, acc=0.2836
[ 2022-08-04 11:46:48,540][train.train_nn_models] [Training] Epoch=56, loss=688.1074, nll=688.1074, l2_reg=0.0000, acc=0.2812
[ 2022-08-04 11:46:48,541][train.train_nn_models] [Validation] Epoch=56, nll=701.6512, acc=0.2837
[ 2022-08-04 11:46:50,459][train.train_nn_models] [Training] Epoch=57, loss=687.9509, nll=687.9509, l2_reg=0.0000, acc=0.2812
[ 2022-08-04 11:46:50,460][train.train_nn_models] [Validation] Epoch=57, nll=701.5801, acc=0.2835
[ 2022-08-04 11:46:52,466][train.train_nn_models] [Training] Epoch=58, loss=687.7670, nll=687.7670, l2_reg=0.0000, acc=0.2810
[ 2022-08-04 11:46:52,466][train.train_nn_models] [Validation] Epoch=58, nll=701.5546, acc=0.2839
[ 2022-08-04 11:46:54,392][train.train_nn_models] [Training] Epoch=59, loss=687.5745, nll=687.5745, l2_reg=0.0000, acc=0.2814
[ 2022-08-04 11:46:54,393][train.train_nn_models] [Validation] Epoch=59, nll=701.3992, acc=0.2847
[ 2022-08-04 11:46:56,366][train.train_nn_models] [Training] Epoch=60, loss=687.3611, nll=687.3611, l2_reg=0.0000, acc=0.2820
[ 2022-08-04 11:46:56,367][train.train_nn_models] [Validation] Epoch=60, nll=701.2518, acc=0.2839
[ 2022-08-04 11:46:58,370][train.train_nn_models] [Training] Epoch=61, loss=687.1276, nll=687.1276, l2_reg=0.0000, acc=0.2825
[ 2022-08-04 11:46:58,371][train.train_nn_models] [Validation] Epoch=61, nll=701.0490, acc=0.2826
[ 2022-08-04 11:47:00,274][train.train_nn_models] [Training] Epoch=62, loss=686.8748, nll=686.8748, l2_reg=0.0000, acc=0.2827
[ 2022-08-04 11:47:00,274][train.train_nn_models] [Validation] Epoch=62, nll=700.8638, acc=0.2828
[ 2022-08-04 11:47:02,240][train.train_nn_models] [Training] Epoch=63, loss=686.5930, nll=686.5930, l2_reg=0.0000, acc=0.2833
[ 2022-08-04 11:47:02,240][train.train_nn_models] [Validation] Epoch=63, nll=700.6707, acc=0.2842
[ 2022-08-04 11:47:04,190][train.train_nn_models] [Training] Epoch=64, loss=686.2650, nll=686.2650, l2_reg=0.0000, acc=0.2841
[ 2022-08-04 11:47:04,224][train.train_nn_models] [Validation] Epoch=64, nll=700.4719, acc=0.2866
[ 2022-08-04 11:47:06,196][train.train_nn_models] [Training] Epoch=65, loss=685.8846, nll=685.8846, l2_reg=0.0000, acc=0.2846
[ 2022-08-04 11:47:06,197][train.train_nn_models] [Validation] Epoch=65, nll=700.2941, acc=0.2860
[ 2022-08-04 11:47:08,350][train.train_nn_models] [Training] Epoch=66, loss=685.4351, nll=685.4351, l2_reg=0.0000, acc=0.2858
[ 2022-08-04 11:47:08,351][train.train_nn_models] [Validation] Epoch=66, nll=700.0331, acc=0.2869
[ 2022-08-04 11:47:10,285][train.train_nn_models] [Training] Epoch=67, loss=684.8986, nll=684.8986, l2_reg=0.0000, acc=0.2874
[ 2022-08-04 11:47:10,285][train.train_nn_models] [Validation] Epoch=67, nll=699.4807, acc=0.2909
[ 2022-08-04 11:47:12,271][train.train_nn_models] [Training] Epoch=68, loss=684.2955, nll=684.2955, l2_reg=0.0000, acc=0.2892
[ 2022-08-04 11:47:12,271][train.train_nn_models] [Validation] Epoch=68, nll=698.4513, acc=0.2951
[ 2022-08-04 11:47:14,284][train.train_nn_models] [Training] Epoch=69, loss=683.6393, nll=683.6393, l2_reg=0.0000, acc=0.2916
[ 2022-08-04 11:47:14,284][train.train_nn_models] [Validation] Epoch=69, nll=696.6158, acc=0.3017
[ 2022-08-04 11:47:16,247][train.train_nn_models] [Training] Epoch=70, loss=682.6970, nll=682.6970, l2_reg=0.0000, acc=0.2959
[ 2022-08-04 11:47:16,248][train.train_nn_models] [Validation] Epoch=70, nll=694.5032, acc=0.3016
[ 2022-08-04 11:47:18,238][train.train_nn_models] [Training] Epoch=71, loss=681.4569, nll=681.4569, l2_reg=0.0000, acc=0.3002
[ 2022-08-04 11:47:18,238][train.train_nn_models] [Validation] Epoch=71, nll=693.6732, acc=0.3071
[ 2022-08-04 11:47:20,234][train.train_nn_models] [Training] Epoch=72, loss=680.2155, nll=680.2155, l2_reg=0.0000, acc=0.3039
[ 2022-08-04 11:47:20,235][train.train_nn_models] [Validation] Epoch=72, nll=696.4409, acc=0.2881
[ 2022-08-04 11:47:22,150][train.train_nn_models] [Training] Epoch=73, loss=682.5166, nll=682.5166, l2_reg=0.0000, acc=0.3000
[ 2022-08-04 11:47:22,150][train.train_nn_models] [Validation] Epoch=73, nll=693.1639, acc=0.2953
[ 2022-08-04 11:47:24,126][train.train_nn_models] [Training] Epoch=74, loss=678.5873, nll=678.5873, l2_reg=0.0000, acc=0.3093
[ 2022-08-04 11:47:24,126][train.train_nn_models] [Validation] Epoch=74, nll=692.3248, acc=0.3101
[ 2022-08-04 11:47:26,005][train.train_nn_models] [Training] Epoch=75, loss=675.5383, nll=675.5383, l2_reg=0.0000, acc=0.3200
[ 2022-08-04 11:47:26,006][train.train_nn_models] [Validation] Epoch=75, nll=698.6948, acc=0.2913
[ 2022-08-04 11:47:27,883][train.train_nn_models] [Training] Epoch=76, loss=683.6158, nll=683.6158, l2_reg=0.0000, acc=0.2980
[ 2022-08-04 11:47:27,884][train.train_nn_models] [Validation] Epoch=76, nll=691.2807, acc=0.3000
[ 2022-08-04 11:47:29,823][train.train_nn_models] [Training] Epoch=77, loss=677.1221, nll=677.1221, l2_reg=0.0000, acc=0.3131
[ 2022-08-04 11:47:29,824][train.train_nn_models] [Validation] Epoch=77, nll=688.8270, acc=0.3236
[ 2022-08-04 11:47:31,780][train.train_nn_models] [Training] Epoch=78, loss=672.0166, nll=672.0166, l2_reg=0.0000, acc=0.3294
[ 2022-08-04 11:47:31,781][train.train_nn_models] [Validation] Epoch=78, nll=689.3941, acc=0.3124
[ 2022-08-04 11:47:33,780][train.train_nn_models] [Training] Epoch=79, loss=672.2221, nll=672.2221, l2_reg=0.0000, acc=0.3245
[ 2022-08-04 11:47:33,781][train.train_nn_models] [Validation] Epoch=79, nll=686.4678, acc=0.3186
[ 2022-08-04 11:47:35,736][train.train_nn_models] [Training] Epoch=80, loss=669.4625, nll=669.4625, l2_reg=0.0000, acc=0.3301
[ 2022-08-04 11:47:35,736][train.train_nn_models] [Validation] Epoch=80, nll=685.2992, acc=0.3315
[ 2022-08-04 11:47:37,762][train.train_nn_models] [Training] Epoch=81, loss=662.2282, nll=662.2282, l2_reg=0.0000, acc=0.3559
[ 2022-08-04 11:47:37,762][train.train_nn_models] [Validation] Epoch=81, nll=680.1275, acc=0.3451
[ 2022-08-04 11:47:39,712][train.train_nn_models] [Training] Epoch=82, loss=656.6154, nll=656.6154, l2_reg=0.0000, acc=0.3686
[ 2022-08-04 11:47:39,712][train.train_nn_models] [Validation] Epoch=82, nll=680.3724, acc=0.3405
[ 2022-08-04 11:47:41,759][train.train_nn_models] [Training] Epoch=83, loss=654.6772, nll=654.6772, l2_reg=0.0000, acc=0.3678
[ 2022-08-04 11:47:41,760][train.train_nn_models] [Validation] Epoch=83, nll=676.1152, acc=0.3452
[ 2022-08-04 11:47:43,693][train.train_nn_models] [Training] Epoch=84, loss=649.9886, nll=649.9886, l2_reg=0.0000, acc=0.3794
[ 2022-08-04 11:47:43,693][train.train_nn_models] [Validation] Epoch=84, nll=675.6370, acc=0.3505
[ 2022-08-04 11:47:45,549][train.train_nn_models] [Training] Epoch=85, loss=649.9933, nll=649.9933, l2_reg=0.0000, acc=0.3768
[ 2022-08-04 11:47:45,550][train.train_nn_models] [Validation] Epoch=85, nll=679.4833, acc=0.3321
[ 2022-08-04 11:47:47,533][train.train_nn_models] [Training] Epoch=86, loss=656.3317, nll=656.3317, l2_reg=0.0000, acc=0.3595
[ 2022-08-04 11:47:47,533][train.train_nn_models] [Validation] Epoch=86, nll=676.6456, acc=0.3404
[ 2022-08-04 11:47:49,454][train.train_nn_models] [Training] Epoch=87, loss=655.9896, nll=655.9896, l2_reg=0.0000, acc=0.3621
[ 2022-08-04 11:47:49,454][train.train_nn_models] [Validation] Epoch=87, nll=673.7246, acc=0.3486
[ 2022-08-04 11:47:51,324][train.train_nn_models] [Training] Epoch=88, loss=645.4005, nll=645.4005, l2_reg=0.0000, acc=0.3868
[ 2022-08-04 11:47:51,324][train.train_nn_models] [Validation] Epoch=88, nll=665.0997, acc=0.3709
[ 2022-08-04 11:47:53,157][train.train_nn_models] [Training] Epoch=89, loss=636.8422, nll=636.8422, l2_reg=0.0000, acc=0.4104
[ 2022-08-04 11:47:53,158][train.train_nn_models] [Validation] Epoch=89, nll=665.7363, acc=0.3595
[ 2022-08-04 11:47:55,049][train.train_nn_models] [Training] Epoch=90, loss=653.6738, nll=653.6738, l2_reg=0.0000, acc=0.3610
[ 2022-08-04 11:47:55,049][train.train_nn_models] [Validation] Epoch=90, nll=678.7208, acc=0.3355
[ 2022-08-04 11:47:56,979][train.train_nn_models] [Training] Epoch=91, loss=645.8456, nll=645.8456, l2_reg=0.0000, acc=0.3852
[ 2022-08-04 11:47:56,980][train.train_nn_models] [Validation] Epoch=91, nll=663.2753, acc=0.3766
[ 2022-08-04 11:47:58,978][train.train_nn_models] [Training] Epoch=92, loss=637.3861, nll=637.3861, l2_reg=0.0000, acc=0.4016
[ 2022-08-04 11:47:58,979][train.train_nn_models] [Validation] Epoch=92, nll=661.6188, acc=0.3747
[ 2022-08-04 11:48:00,917][train.train_nn_models] [Training] Epoch=93, loss=629.9296, nll=629.9296, l2_reg=0.0000, acc=0.4196
[ 2022-08-04 11:48:00,917][train.train_nn_models] [Validation] Epoch=93, nll=658.2456, acc=0.3852
[ 2022-08-04 11:48:02,864][train.train_nn_models] [Training] Epoch=94, loss=623.8729, nll=623.8729, l2_reg=0.0000, acc=0.4330
[ 2022-08-04 11:48:02,864][train.train_nn_models] [Validation] Epoch=94, nll=654.0707, acc=0.3883
[ 2022-08-04 11:48:04,821][train.train_nn_models] [Training] Epoch=95, loss=622.1149, nll=622.1149, l2_reg=0.0000, acc=0.4381
[ 2022-08-04 11:48:04,822][train.train_nn_models] [Validation] Epoch=95, nll=647.2254, acc=0.4021
[ 2022-08-04 11:48:06,791][train.train_nn_models] [Training] Epoch=96, loss=619.2255, nll=619.2255, l2_reg=0.0000, acc=0.4385
[ 2022-08-04 11:48:06,791][train.train_nn_models] [Validation] Epoch=96, nll=646.0714, acc=0.4119
[ 2022-08-04 11:48:08,813][train.train_nn_models] [Training] Epoch=97, loss=630.0855, nll=630.0855, l2_reg=0.0000, acc=0.4145
[ 2022-08-04 11:48:08,814][train.train_nn_models] [Validation] Epoch=97, nll=652.3953, acc=0.3964
[ 2022-08-04 11:48:10,886][train.train_nn_models] [Training] Epoch=98, loss=618.4504, nll=618.4504, l2_reg=0.0000, acc=0.4358
[ 2022-08-04 11:48:10,887][train.train_nn_models] [Validation] Epoch=98, nll=645.4999, acc=0.3937
[ 2022-08-04 11:48:12,948][train.train_nn_models] [Training] Epoch=99, loss=613.8550, nll=613.8550, l2_reg=0.0000, acc=0.4367
[ 2022-08-04 11:48:12,949][train.train_nn_models] [Validation] Epoch=99, nll=646.7159, acc=0.3898
[ 2022-08-04 11:48:14,958][train.train_nn_models] [Training] Epoch=100, loss=612.3746, nll=612.3746, l2_reg=0.0000, acc=0.4407
[ 2022-08-04 11:48:14,959][train.train_nn_models] [Validation] Epoch=100, nll=637.2679, acc=0.4084
[ 2022-08-04 11:48:16,961][train.train_nn_models] [Training] Epoch=101, loss=601.9954, nll=601.9954, l2_reg=0.0000, acc=0.4516
[ 2022-08-04 11:48:16,962][train.train_nn_models] [Validation] Epoch=101, nll=626.4599, acc=0.4213
[ 2022-08-04 11:48:16,962][train.train_nn_models] Found a better model at epoch 101.
[ 2022-08-04 11:48:18,961][train.train_nn_models] [Training] Epoch=102, loss=615.7411, nll=615.7411, l2_reg=0.0000, acc=0.4317
[ 2022-08-04 11:48:18,961][train.train_nn_models] [Validation] Epoch=102, nll=646.5575, acc=0.3831
[ 2022-08-04 11:48:20,939][train.train_nn_models] [Training] Epoch=103, loss=612.1218, nll=612.1218, l2_reg=0.0000, acc=0.4496
[ 2022-08-04 11:48:20,939][train.train_nn_models] [Validation] Epoch=103, nll=629.7057, acc=0.4205
[ 2022-08-04 11:48:22,973][train.train_nn_models] [Training] Epoch=104, loss=598.4330, nll=598.4330, l2_reg=0.0000, acc=0.4610
[ 2022-08-04 11:48:22,974][train.train_nn_models] [Validation] Epoch=104, nll=629.7074, acc=0.4144
[ 2022-08-04 11:48:24,951][train.train_nn_models] [Training] Epoch=105, loss=619.4434, nll=619.4434, l2_reg=0.0000, acc=0.4186
[ 2022-08-04 11:48:24,951][train.train_nn_models] [Validation] Epoch=105, nll=642.1736, acc=0.3944
[ 2022-08-04 11:48:26,910][train.train_nn_models] [Training] Epoch=106, loss=601.2055, nll=601.2055, l2_reg=0.0000, acc=0.4501
[ 2022-08-04 11:48:26,910][train.train_nn_models] [Validation] Epoch=106, nll=622.7100, acc=0.4272
[ 2022-08-04 11:48:26,910][train.train_nn_models] Found a better model at epoch 106.
[ 2022-08-04 11:48:28,917][train.train_nn_models] [Training] Epoch=107, loss=586.8571, nll=586.8571, l2_reg=0.0000, acc=0.4691
[ 2022-08-04 11:48:28,917][train.train_nn_models] [Validation] Epoch=107, nll=615.2960, acc=0.4335
[ 2022-08-04 11:48:28,917][train.train_nn_models] Found a better model at epoch 107.
[ 2022-08-04 11:48:30,919][train.train_nn_models] [Training] Epoch=108, loss=634.2961, nll=634.2961, l2_reg=0.0000, acc=0.4176
[ 2022-08-04 11:48:30,920][train.train_nn_models] [Validation] Epoch=108, nll=662.4020, acc=0.3607
[ 2022-08-04 11:48:32,851][train.train_nn_models] [Training] Epoch=109, loss=612.7683, nll=612.7683, l2_reg=0.0000, acc=0.4292
[ 2022-08-04 11:48:32,852][train.train_nn_models] [Validation] Epoch=109, nll=632.0048, acc=0.4152
[ 2022-08-04 11:48:34,843][train.train_nn_models] [Training] Epoch=110, loss=592.3846, nll=592.3846, l2_reg=0.0000, acc=0.4701
[ 2022-08-04 11:48:34,843][train.train_nn_models] [Validation] Epoch=110, nll=616.5312, acc=0.4411
[ 2022-08-04 11:48:36,871][train.train_nn_models] [Training] Epoch=111, loss=601.5478, nll=601.5478, l2_reg=0.0000, acc=0.4492
[ 2022-08-04 11:48:36,872][train.train_nn_models] [Validation] Epoch=111, nll=631.7399, acc=0.4143
[ 2022-08-04 11:48:38,975][train.train_nn_models] [Training] Epoch=112, loss=590.1599, nll=590.1599, l2_reg=0.0000, acc=0.4698
[ 2022-08-04 11:48:38,975][train.train_nn_models] [Validation] Epoch=112, nll=614.9484, acc=0.4405
[ 2022-08-04 11:48:38,976][train.train_nn_models] Found a better model at epoch 112.
[ 2022-08-04 11:48:41,007][train.train_nn_models] [Training] Epoch=113, loss=574.3060, nll=574.3060, l2_reg=0.0000, acc=0.4845
[ 2022-08-04 11:48:41,007][train.train_nn_models] [Validation] Epoch=113, nll=619.4126, acc=0.4322
[ 2022-08-04 11:48:42,993][train.train_nn_models] [Training] Epoch=114, loss=562.6948, nll=562.6948, l2_reg=0.0000, acc=0.4937
[ 2022-08-04 11:48:42,994][train.train_nn_models] [Validation] Epoch=114, nll=611.9730, acc=0.4376
[ 2022-08-04 11:48:42,994][train.train_nn_models] Found a better model at epoch 114.
[ 2022-08-04 11:48:45,065][train.train_nn_models] [Training] Epoch=115, loss=579.5069, nll=579.5069, l2_reg=0.0000, acc=0.4773
[ 2022-08-04 11:48:45,066][train.train_nn_models] [Validation] Epoch=115, nll=619.8922, acc=0.4273
[ 2022-08-04 11:48:47,210][train.train_nn_models] [Training] Epoch=116, loss=570.5170, nll=570.5170, l2_reg=0.0000, acc=0.4795
[ 2022-08-04 11:48:47,211][train.train_nn_models] [Validation] Epoch=116, nll=596.1432, acc=0.4655
[ 2022-08-04 11:48:47,211][train.train_nn_models] Found a better model at epoch 116.
[ 2022-08-04 11:48:49,317][train.train_nn_models] [Training] Epoch=117, loss=563.6251, nll=563.6251, l2_reg=0.0000, acc=0.4896
[ 2022-08-04 11:48:49,318][train.train_nn_models] [Validation] Epoch=117, nll=610.7564, acc=0.4325
[ 2022-08-04 11:48:51,327][train.train_nn_models] [Training] Epoch=118, loss=573.6732, nll=573.6732, l2_reg=0.0000, acc=0.4832
[ 2022-08-04 11:48:51,328][train.train_nn_models] [Validation] Epoch=118, nll=635.6486, acc=0.4027
[ 2022-08-04 11:48:53,396][train.train_nn_models] [Training] Epoch=119, loss=578.7192, nll=578.7192, l2_reg=0.0000, acc=0.4700
[ 2022-08-04 11:48:53,397][train.train_nn_models] [Validation] Epoch=119, nll=596.5458, acc=0.4620
[ 2022-08-04 11:48:55,397][train.train_nn_models] [Training] Epoch=120, loss=546.3031, nll=546.3031, l2_reg=0.0000, acc=0.5065
[ 2022-08-04 11:48:55,397][train.train_nn_models] [Validation] Epoch=120, nll=591.0227, acc=0.4639
[ 2022-08-04 11:48:55,397][train.train_nn_models] Found a better model at epoch 120.
[ 2022-08-04 11:48:57,458][train.train_nn_models] [Training] Epoch=121, loss=642.2056, nll=642.2056, l2_reg=0.0000, acc=0.4204
[ 2022-08-04 11:48:57,458][train.train_nn_models] [Validation] Epoch=121, nll=667.0154, acc=0.4050
[ 2022-08-04 11:48:59,485][train.train_nn_models] [Training] Epoch=122, loss=615.3747, nll=615.3747, l2_reg=0.0000, acc=0.4321
[ 2022-08-04 11:48:59,485][train.train_nn_models] [Validation] Epoch=122, nll=624.3876, acc=0.4194
[ 2022-08-04 11:49:01,589][train.train_nn_models] [Training] Epoch=123, loss=577.0118, nll=577.0118, l2_reg=0.0000, acc=0.4815
[ 2022-08-04 11:49:01,590][train.train_nn_models] [Validation] Epoch=123, nll=596.4758, acc=0.4652
[ 2022-08-04 11:49:03,682][train.train_nn_models] [Training] Epoch=124, loss=566.4877, nll=566.4877, l2_reg=0.0000, acc=0.4931
[ 2022-08-04 11:49:03,682][train.train_nn_models] [Validation] Epoch=124, nll=600.4255, acc=0.4645
[ 2022-08-04 11:49:05,751][train.train_nn_models] [Training] Epoch=125, loss=571.0842, nll=571.0842, l2_reg=0.0000, acc=0.4897
[ 2022-08-04 11:49:05,752][train.train_nn_models] [Validation] Epoch=125, nll=601.2209, acc=0.4691
[ 2022-08-04 11:49:07,817][train.train_nn_models] [Training] Epoch=126, loss=550.7634, nll=550.7634, l2_reg=0.0000, acc=0.5142
[ 2022-08-04 11:49:07,818][train.train_nn_models] [Validation] Epoch=126, nll=587.6494, acc=0.4657
[ 2022-08-04 11:49:07,818][train.train_nn_models] Found a better model at epoch 126.
[ 2022-08-04 11:49:09,819][train.train_nn_models] [Training] Epoch=127, loss=541.5801, nll=541.5801, l2_reg=0.0000, acc=0.5116
[ 2022-08-04 11:49:09,820][train.train_nn_models] [Validation] Epoch=127, nll=574.3616, acc=0.4808
[ 2022-08-04 11:49:09,820][train.train_nn_models] Found a better model at epoch 127.
[ 2022-08-04 11:49:11,870][train.train_nn_models] [Training] Epoch=128, loss=528.4318, nll=528.4318, l2_reg=0.0000, acc=0.5237
[ 2022-08-04 11:49:11,871][train.train_nn_models] [Validation] Epoch=128, nll=569.5687, acc=0.4908
[ 2022-08-04 11:49:11,871][train.train_nn_models] Found a better model at epoch 128.
[ 2022-08-04 11:49:13,913][train.train_nn_models] [Training] Epoch=129, loss=530.6160, nll=530.6160, l2_reg=0.0000, acc=0.5130
[ 2022-08-04 11:49:13,913][train.train_nn_models] [Validation] Epoch=129, nll=554.0507, acc=0.4998
[ 2022-08-04 11:49:13,913][train.train_nn_models] Found a better model at epoch 129.
[ 2022-08-04 11:49:16,415][train.train_nn_models] [Training] Epoch=130, loss=522.5342, nll=522.5342, l2_reg=0.0000, acc=0.5233
[ 2022-08-04 11:49:16,415][train.train_nn_models] [Validation] Epoch=130, nll=588.5135, acc=0.4688
[ 2022-08-04 11:49:19,108][train.train_nn_models] [Training] Epoch=131, loss=605.4973, nll=605.4973, l2_reg=0.0000, acc=0.4837
[ 2022-08-04 11:49:19,108][train.train_nn_models] [Validation] Epoch=131, nll=620.3464, acc=0.4424
[ 2022-08-04 11:49:21,899][train.train_nn_models] [Training] Epoch=132, loss=563.8795, nll=563.8795, l2_reg=0.0000, acc=0.4960
[ 2022-08-04 11:49:21,899][train.train_nn_models] [Validation] Epoch=132, nll=606.2673, acc=0.4396
[ 2022-08-04 11:49:24,670][train.train_nn_models] [Training] Epoch=133, loss=546.7925, nll=546.7925, l2_reg=0.0000, acc=0.4992
[ 2022-08-04 11:49:24,671][train.train_nn_models] [Validation] Epoch=133, nll=563.0557, acc=0.4984
[ 2022-08-04 11:49:27,321][train.train_nn_models] [Training] Epoch=134, loss=523.6295, nll=523.6295, l2_reg=0.0000, acc=0.5204
[ 2022-08-04 11:49:27,322][train.train_nn_models] [Validation] Epoch=134, nll=563.0667, acc=0.4854
[ 2022-08-04 11:49:30,021][train.train_nn_models] [Training] Epoch=135, loss=528.1241, nll=528.1241, l2_reg=0.0000, acc=0.5057
[ 2022-08-04 11:49:30,021][train.train_nn_models] [Validation] Epoch=135, nll=569.8636, acc=0.4699
[ 2022-08-04 11:49:32,340][train.train_nn_models] [Training] Epoch=136, loss=524.0198, nll=524.0198, l2_reg=0.0000, acc=0.5109
[ 2022-08-04 11:49:32,340][train.train_nn_models] [Validation] Epoch=136, nll=564.0307, acc=0.4779
[ 2022-08-04 11:49:34,618][train.train_nn_models] [Training] Epoch=137, loss=543.7093, nll=543.7093, l2_reg=0.0000, acc=0.5055
[ 2022-08-04 11:49:34,618][train.train_nn_models] [Validation] Epoch=137, nll=563.3323, acc=0.4808
[ 2022-08-04 11:49:36,566][train.train_nn_models] [Training] Epoch=138, loss=515.4344, nll=515.4344, l2_reg=0.0000, acc=0.5173
[ 2022-08-04 11:49:36,566][train.train_nn_models] [Validation] Epoch=138, nll=547.6023, acc=0.5108
[ 2022-08-04 11:49:36,566][train.train_nn_models] Found a better model at epoch 138.
[ 2022-08-04 11:49:38,966][train.train_nn_models] [Training] Epoch=139, loss=506.5280, nll=506.5280, l2_reg=0.0000, acc=0.5261
[ 2022-08-04 11:49:38,966][train.train_nn_models] [Validation] Epoch=139, nll=595.5795, acc=0.4634
[ 2022-08-04 11:49:41,566][train.train_nn_models] [Training] Epoch=140, loss=527.2265, nll=527.2265, l2_reg=0.0000, acc=0.5113
[ 2022-08-04 11:49:41,566][train.train_nn_models] [Validation] Epoch=140, nll=558.5828, acc=0.4937
[ 2022-08-04 11:49:44,241][train.train_nn_models] [Training] Epoch=141, loss=514.4781, nll=514.4781, l2_reg=0.0000, acc=0.5219
[ 2022-08-04 11:49:44,241][train.train_nn_models] [Validation] Epoch=141, nll=594.1853, acc=0.4580
[ 2022-08-04 11:49:46,771][train.train_nn_models] [Training] Epoch=142, loss=567.6102, nll=567.6102, l2_reg=0.0000, acc=0.4833
[ 2022-08-04 11:49:46,771][train.train_nn_models] [Validation] Epoch=142, nll=582.3004, acc=0.4769
[ 2022-08-04 11:49:49,271][train.train_nn_models] [Training] Epoch=143, loss=559.5883, nll=559.5883, l2_reg=0.0000, acc=0.5017
[ 2022-08-04 11:49:49,272][train.train_nn_models] [Validation] Epoch=143, nll=577.7701, acc=0.4822
[ 2022-08-04 11:49:51,254][train.train_nn_models] [Training] Epoch=144, loss=526.0264, nll=526.0264, l2_reg=0.0000, acc=0.5160
[ 2022-08-04 11:49:51,255][train.train_nn_models] [Validation] Epoch=144, nll=551.1711, acc=0.5055
[ 2022-08-04 11:49:53,250][train.train_nn_models] [Training] Epoch=145, loss=504.2951, nll=504.2951, l2_reg=0.0000, acc=0.5311
[ 2022-08-04 11:49:53,250][train.train_nn_models] [Validation] Epoch=145, nll=532.7544, acc=0.5080
[ 2022-08-04 11:49:53,251][train.train_nn_models] Found a better model at epoch 145.
[ 2022-08-04 11:49:55,251][train.train_nn_models] [Training] Epoch=146, loss=491.0125, nll=491.0125, l2_reg=0.0000, acc=0.5333
[ 2022-08-04 11:49:55,251][train.train_nn_models] [Validation] Epoch=146, nll=546.5094, acc=0.4977
[ 2022-08-04 11:49:57,240][train.train_nn_models] [Training] Epoch=147, loss=529.5209, nll=529.5209, l2_reg=0.0000, acc=0.5053
[ 2022-08-04 11:49:57,241][train.train_nn_models] [Validation] Epoch=147, nll=547.9011, acc=0.5052
[ 2022-08-04 11:49:59,160][train.train_nn_models] [Training] Epoch=148, loss=513.1406, nll=513.1406, l2_reg=0.0000, acc=0.5198
[ 2022-08-04 11:49:59,160][train.train_nn_models] [Validation] Epoch=148, nll=539.2832, acc=0.5068
[ 2022-08-04 11:50:01,155][train.train_nn_models] [Training] Epoch=149, loss=499.4303, nll=499.4303, l2_reg=0.0000, acc=0.5287
[ 2022-08-04 11:50:01,155][train.train_nn_models] [Validation] Epoch=149, nll=525.8818, acc=0.5152
[ 2022-08-04 11:50:01,155][train.train_nn_models] Found a better model at epoch 149.
[ 2022-08-04 11:50:03,169][train.train_nn_models] [Training] Epoch=150, loss=491.1529, nll=491.1529, l2_reg=0.0000, acc=0.5233
[ 2022-08-04 11:50:03,169][train.train_nn_models] [Validation] Epoch=150, nll=527.0302, acc=0.5094
[ 2022-08-04 11:50:05,143][train.train_nn_models] [Training] Epoch=151, loss=614.8903, nll=614.8903, l2_reg=0.0000, acc=0.4709
[ 2022-08-04 11:50:05,143][train.train_nn_models] [Validation] Epoch=151, nll=612.7943, acc=0.4585
[ 2022-08-04 11:50:07,034][train.train_nn_models] [Training] Epoch=152, loss=572.1680, nll=572.1680, l2_reg=0.0000, acc=0.4828
[ 2022-08-04 11:50:07,034][train.train_nn_models] [Validation] Epoch=152, nll=570.3103, acc=0.4846
[ 2022-08-04 11:50:08,939][train.train_nn_models] [Training] Epoch=153, loss=529.2243, nll=529.2243, l2_reg=0.0000, acc=0.5122
[ 2022-08-04 11:50:08,939][train.train_nn_models] [Validation] Epoch=153, nll=532.8601, acc=0.5174
[ 2022-08-04 11:50:10,888][train.train_nn_models] [Training] Epoch=154, loss=501.1940, nll=501.1940, l2_reg=0.0000, acc=0.5267
[ 2022-08-04 11:50:10,889][train.train_nn_models] [Validation] Epoch=154, nll=523.0106, acc=0.5179
[ 2022-08-04 11:50:10,889][train.train_nn_models] Found a better model at epoch 154.
[ 2022-08-04 11:50:12,847][train.train_nn_models] [Training] Epoch=155, loss=484.6563, nll=484.6563, l2_reg=0.0000, acc=0.5345
[ 2022-08-04 11:50:12,848][train.train_nn_models] [Validation] Epoch=155, nll=510.0103, acc=0.5213
[ 2022-08-04 11:50:12,848][train.train_nn_models] Found a better model at epoch 155.
[ 2022-08-04 11:50:14,852][train.train_nn_models] [Training] Epoch=156, loss=480.4808, nll=480.4808, l2_reg=0.0000, acc=0.5337
[ 2022-08-04 11:50:14,853][train.train_nn_models] [Validation] Epoch=156, nll=504.8275, acc=0.5186
[ 2022-08-04 11:50:14,853][train.train_nn_models] Found a better model at epoch 156.
[ 2022-08-04 11:50:16,802][train.train_nn_models] [Training] Epoch=157, loss=558.2698, nll=558.2698, l2_reg=0.0000, acc=0.5056
[ 2022-08-04 11:50:16,802][train.train_nn_models] [Validation] Epoch=157, nll=685.6276, acc=0.4512
[ 2022-08-04 11:50:18,735][train.train_nn_models] [Training] Epoch=158, loss=599.1740, nll=599.1740, l2_reg=0.0000, acc=0.4707
[ 2022-08-04 11:50:18,736][train.train_nn_models] [Validation] Epoch=158, nll=590.3828, acc=0.4761
[ 2022-08-04 11:50:20,663][train.train_nn_models] [Training] Epoch=159, loss=551.4922, nll=551.4922, l2_reg=0.0000, acc=0.5026
[ 2022-08-04 11:50:20,663][train.train_nn_models] [Validation] Epoch=159, nll=549.7538, acc=0.5082
[ 2022-08-04 11:50:22,686][train.train_nn_models] [Training] Epoch=160, loss=511.7951, nll=511.7951, l2_reg=0.0000, acc=0.5245
[ 2022-08-04 11:50:22,686][train.train_nn_models] [Validation] Epoch=160, nll=522.8461, acc=0.5191
[ 2022-08-04 11:50:24,723][train.train_nn_models] [Training] Epoch=161, loss=491.3679, nll=491.3679, l2_reg=0.0000, acc=0.5341
[ 2022-08-04 11:50:24,724][train.train_nn_models] [Validation] Epoch=161, nll=512.2883, acc=0.5129
[ 2022-08-04 11:50:26,769][train.train_nn_models] [Training] Epoch=162, loss=495.0384, nll=495.0384, l2_reg=0.0000, acc=0.5230
[ 2022-08-04 11:50:26,769][train.train_nn_models] [Validation] Epoch=162, nll=575.0731, acc=0.4790
[ 2022-08-04 11:50:28,882][train.train_nn_models] [Training] Epoch=163, loss=525.1957, nll=525.1957, l2_reg=0.0000, acc=0.4927
[ 2022-08-04 11:50:28,882][train.train_nn_models] [Validation] Epoch=163, nll=541.3248, acc=0.4854
[ 2022-08-04 11:50:30,878][train.train_nn_models] [Training] Epoch=164, loss=503.3399, nll=503.3399, l2_reg=0.0000, acc=0.5115
[ 2022-08-04 11:50:30,878][train.train_nn_models] [Validation] Epoch=164, nll=537.4358, acc=0.4957
[ 2022-08-04 11:50:32,858][train.train_nn_models] [Training] Epoch=165, loss=481.0779, nll=481.0779, l2_reg=0.0000, acc=0.5350
[ 2022-08-04 11:50:32,859][train.train_nn_models] [Validation] Epoch=165, nll=500.2751, acc=0.5178
[ 2022-08-04 11:50:32,859][train.train_nn_models] Found a better model at epoch 165.
[ 2022-08-04 11:50:34,881][train.train_nn_models] [Training] Epoch=166, loss=470.3393, nll=470.3393, l2_reg=0.0000, acc=0.5389
[ 2022-08-04 11:50:34,882][train.train_nn_models] [Validation] Epoch=166, nll=496.8445, acc=0.5163
[ 2022-08-04 11:50:34,882][train.train_nn_models] Found a better model at epoch 166.
[ 2022-08-04 11:50:37,040][train.train_nn_models] [Training] Epoch=167, loss=477.0348, nll=477.0348, l2_reg=0.0000, acc=0.5383
[ 2022-08-04 11:50:37,040][train.train_nn_models] [Validation] Epoch=167, nll=539.7162, acc=0.4663
[ 2022-08-04 11:50:39,164][train.train_nn_models] [Training] Epoch=168, loss=564.1245, nll=564.1245, l2_reg=0.0000, acc=0.4927
[ 2022-08-04 11:50:39,165][train.train_nn_models] [Validation] Epoch=168, nll=558.9475, acc=0.5010
[ 2022-08-04 11:50:41,288][train.train_nn_models] [Training] Epoch=169, loss=501.4323, nll=501.4323, l2_reg=0.0000, acc=0.5204
[ 2022-08-04 11:50:41,288][train.train_nn_models] [Validation] Epoch=169, nll=514.0634, acc=0.5187
[ 2022-08-04 11:50:43,441][train.train_nn_models] [Training] Epoch=170, loss=474.6574, nll=474.6574, l2_reg=0.0000, acc=0.5308
[ 2022-08-04 11:50:43,441][train.train_nn_models] [Validation] Epoch=170, nll=498.7572, acc=0.5163
[ 2022-08-04 11:50:45,602][train.train_nn_models] [Training] Epoch=171, loss=465.3385, nll=465.3385, l2_reg=0.0000, acc=0.5365
[ 2022-08-04 11:50:45,603][train.train_nn_models] [Validation] Epoch=171, nll=509.7591, acc=0.5146
[ 2022-08-04 11:50:47,733][train.train_nn_models] [Training] Epoch=172, loss=483.3500, nll=483.3500, l2_reg=0.0000, acc=0.5325
[ 2022-08-04 11:50:47,734][train.train_nn_models] [Validation] Epoch=172, nll=603.4676, acc=0.4955
[ 2022-08-04 11:50:49,820][train.train_nn_models] [Training] Epoch=173, loss=636.1697, nll=636.1697, l2_reg=0.0000, acc=0.4826
[ 2022-08-04 11:50:49,820][train.train_nn_models] [Validation] Epoch=173, nll=606.7324, acc=0.4749
[ 2022-08-04 11:50:51,946][train.train_nn_models] [Training] Epoch=174, loss=555.0954, nll=555.0954, l2_reg=0.0000, acc=0.4937
[ 2022-08-04 11:50:51,947][train.train_nn_models] [Validation] Epoch=174, nll=553.3911, acc=0.4982
[ 2022-08-04 11:50:54,102][train.train_nn_models] [Training] Epoch=175, loss=516.3879, nll=516.3879, l2_reg=0.0000, acc=0.5187
[ 2022-08-04 11:50:54,102][train.train_nn_models] [Validation] Epoch=175, nll=524.2779, acc=0.5127
[ 2022-08-04 11:50:56,177][train.train_nn_models] [Training] Epoch=176, loss=488.2044, nll=488.2044, l2_reg=0.0000, acc=0.5309
[ 2022-08-04 11:50:56,177][train.train_nn_models] [Validation] Epoch=176, nll=503.8118, acc=0.5308
[ 2022-08-04 11:50:58,315][train.train_nn_models] [Training] Epoch=177, loss=470.6508, nll=470.6508, l2_reg=0.0000, acc=0.5386
[ 2022-08-04 11:50:58,322][train.train_nn_models] [Validation] Epoch=177, nll=499.2023, acc=0.5188
[ 2022-08-04 11:51:00,408][train.train_nn_models] [Training] Epoch=178, loss=462.4466, nll=462.4466, l2_reg=0.0000, acc=0.5403
[ 2022-08-04 11:51:00,409][train.train_nn_models] [Validation] Epoch=178, nll=549.7966, acc=0.4817
[ 2022-08-04 11:51:02,462][train.train_nn_models] [Training] Epoch=179, loss=586.0905, nll=586.0905, l2_reg=0.0000, acc=0.4944
[ 2022-08-04 11:51:02,462][train.train_nn_models] [Validation] Epoch=179, nll=580.0272, acc=0.4737
[ 2022-08-04 11:51:04,554][train.train_nn_models] [Training] Epoch=180, loss=522.9186, nll=522.9186, l2_reg=0.0000, acc=0.5139
[ 2022-08-04 11:51:04,554][train.train_nn_models] [Validation] Epoch=180, nll=550.3585, acc=0.4847
[ 2022-08-04 11:51:06,630][train.train_nn_models] [Training] Epoch=181, loss=487.6429, nll=487.6429, l2_reg=0.0000, acc=0.5254
[ 2022-08-04 11:51:06,630][train.train_nn_models] [Validation] Epoch=181, nll=509.3712, acc=0.5083
[ 2022-08-04 11:51:08,643][train.train_nn_models] [Training] Epoch=182, loss=473.1959, nll=473.1959, l2_reg=0.0000, acc=0.5308
[ 2022-08-04 11:51:08,643][train.train_nn_models] [Validation] Epoch=182, nll=504.0472, acc=0.5086
[ 2022-08-04 11:51:10,708][train.train_nn_models] [Training] Epoch=183, loss=506.3733, nll=506.3733, l2_reg=0.0000, acc=0.5104
[ 2022-08-04 11:51:10,708][train.train_nn_models] [Validation] Epoch=183, nll=510.1142, acc=0.5030
[ 2022-08-04 11:51:13,154][train.train_nn_models] [Training] Epoch=184, loss=485.9055, nll=485.9055, l2_reg=0.0000, acc=0.5307
[ 2022-08-04 11:51:13,154][train.train_nn_models] [Validation] Epoch=184, nll=508.0480, acc=0.5162
[ 2022-08-04 11:51:15,906][train.train_nn_models] [Training] Epoch=185, loss=468.8335, nll=468.8335, l2_reg=0.0000, acc=0.5415
[ 2022-08-04 11:51:15,907][train.train_nn_models] [Validation] Epoch=185, nll=484.2816, acc=0.5271
[ 2022-08-04 11:51:15,907][train.train_nn_models] Found a better model at epoch 185.
[ 2022-08-04 11:51:18,714][train.train_nn_models] [Training] Epoch=186, loss=458.2544, nll=458.2544, l2_reg=0.0000, acc=0.5416
[ 2022-08-04 11:51:18,715][train.train_nn_models] [Validation] Epoch=186, nll=563.1551, acc=0.5063
[ 2022-08-04 11:51:21,285][train.train_nn_models] [Training] Epoch=187, loss=480.8622, nll=480.8622, l2_reg=0.0000, acc=0.5306
[ 2022-08-04 11:51:21,285][train.train_nn_models] [Validation] Epoch=187, nll=496.2227, acc=0.5224
[ 2022-08-04 11:51:23,387][train.train_nn_models] [Training] Epoch=188, loss=457.9200, nll=457.9200, l2_reg=0.0000, acc=0.5341
[ 2022-08-04 11:51:23,387][train.train_nn_models] [Validation] Epoch=188, nll=478.3854, acc=0.5334
[ 2022-08-04 11:51:23,388][train.train_nn_models] Found a better model at epoch 188.
[ 2022-08-04 11:51:25,383][train.train_nn_models] [Training] Epoch=189, loss=449.1986, nll=449.1986, l2_reg=0.0000, acc=0.5432
[ 2022-08-04 11:51:25,383][train.train_nn_models] [Validation] Epoch=189, nll=480.7693, acc=0.5164
[ 2022-08-04 11:51:27,391][train.train_nn_models] [Training] Epoch=190, loss=482.3597, nll=482.3597, l2_reg=0.0000, acc=0.5366
[ 2022-08-04 11:51:27,391][train.train_nn_models] [Validation] Epoch=190, nll=532.8923, acc=0.5027
[ 2022-08-04 11:51:29,389][train.train_nn_models] [Training] Epoch=191, loss=478.3880, nll=478.3880, l2_reg=0.0000, acc=0.5267
[ 2022-08-04 11:51:29,389][train.train_nn_models] [Validation] Epoch=191, nll=503.3082, acc=0.5133
[ 2022-08-04 11:51:31,333][train.train_nn_models] [Training] Epoch=192, loss=511.5722, nll=511.5722, l2_reg=0.0000, acc=0.4999
[ 2022-08-04 11:51:31,334][train.train_nn_models] [Validation] Epoch=192, nll=558.7864, acc=0.4922
[ 2022-08-04 11:51:33,322][train.train_nn_models] [Training] Epoch=193, loss=496.7347, nll=496.7347, l2_reg=0.0000, acc=0.5204
[ 2022-08-04 11:51:33,323][train.train_nn_models] [Validation] Epoch=193, nll=526.7516, acc=0.4917
[ 2022-08-04 11:51:35,310][train.train_nn_models] [Training] Epoch=194, loss=477.4156, nll=477.4156, l2_reg=0.0000, acc=0.5258
[ 2022-08-04 11:51:35,310][train.train_nn_models] [Validation] Epoch=194, nll=489.9037, acc=0.5144
[ 2022-08-04 11:51:37,251][train.train_nn_models] [Training] Epoch=195, loss=454.7563, nll=454.7563, l2_reg=0.0000, acc=0.5366
[ 2022-08-04 11:51:37,251][train.train_nn_models] [Validation] Epoch=195, nll=472.2510, acc=0.5355
[ 2022-08-04 11:51:37,251][train.train_nn_models] Found a better model at epoch 195.
[ 2022-08-04 11:51:39,181][train.train_nn_models] [Training] Epoch=196, loss=443.7887, nll=443.7887, l2_reg=0.0000, acc=0.5453
[ 2022-08-04 11:51:39,181][train.train_nn_models] [Validation] Epoch=196, nll=468.6620, acc=0.5307
[ 2022-08-04 11:51:39,181][train.train_nn_models] Found a better model at epoch 196.
[ 2022-08-04 11:51:41,085][train.train_nn_models] [Training] Epoch=197, loss=450.5479, nll=450.5479, l2_reg=0.0000, acc=0.5434
[ 2022-08-04 11:51:41,086][train.train_nn_models] [Validation] Epoch=197, nll=499.3314, acc=0.5110
[ 2022-08-04 11:51:43,025][train.train_nn_models] [Training] Epoch=198, loss=632.4688, nll=632.4688, l2_reg=0.0000, acc=0.5039
[ 2022-08-04 11:51:43,026][train.train_nn_models] [Validation] Epoch=198, nll=646.5120, acc=0.4808
[ 2022-08-04 11:51:44,988][train.train_nn_models] [Training] Epoch=199, loss=557.0527, nll=557.0527, l2_reg=0.0000, acc=0.5027
[ 2022-08-04 11:51:44,988][train.train_nn_models] [Validation] Epoch=199, nll=575.6697, acc=0.4798
[ 2022-08-04 11:51:45,224][train.eval_nll] [Test]nll=491.8850, acc=0.4976
[ 2022-08-04 12:11:13,877][train.<module>]                    timestamp  ...                                             config
0 2022-08-04 12:11:13.841463  ...  {'model': 'Tran', 'dataset': 'pgem-1K-10', 'in...
1 2022-08-04 12:11:13.841463  ...  {'model': 'Tran', 'dataset': 'pgem-1K-10', 'in...
2 2022-08-04 12:11:13.841463  ...  {'model': 'Tran', 'dataset': 'pgem-1K-10', 'in...
3 2022-08-04 12:11:13.841463  ...  {'model': 'Tran', 'dataset': 'pgem-1K-10', 'in...
4 2022-08-04 12:11:13.841463  ...  {'model': 'Tran', 'dataset': 'pgem-1K-10', 'in...
5 2022-08-04 12:11:13.841463  ...  {'model': 'Tran', 'dataset': 'pgem-1K-10', 'in...

[6 rows x 7 columns]
