[ 2022-07-06 16:16:08,814][train.<module>] Namespace(attr_batch_size=0, basis_type='dyadic', batch_size=64, bucket_seqs=False, cuda=True, dataset='mhp-1K-10', dropout=0.0, embedding_dim=64, epochs=200, hidden_size=64, input_dir='data/input', l2_reg=0, lr=0.001, max_mean=100, model='ERPP', n_bases=7, num_workers=0, occurred_type_only=False, optimizer='Adam', output_dir='data/output', rand_seed=0, rnn='GRU', skip_eval_infectivity=False, skip_pred_next_event=False, split_id=1, steps=50, tune_metric='nll', verbose=False)
[ 2022-07-06 16:16:23,804][train.train_nn_models] [Training] Epoch=0, loss=11127.2773, nll=11127.2773, l2_reg=0.0000, acc=0.1139
[ 2022-07-06 16:16:23,805][train.train_nn_models] [Validation] Epoch=0, nll=7287.8975, acc=0.1164
[ 2022-07-06 16:16:28,058][train.train_nn_models] [Training] Epoch=1, loss=4668.8198, nll=4668.8198, l2_reg=0.0000, acc=0.1059
[ 2022-07-06 16:16:28,075][train.train_nn_models] [Validation] Epoch=1, nll=1917.7653, acc=0.0888
[ 2022-07-06 16:16:32,305][train.train_nn_models] [Training] Epoch=2, loss=1505.0021, nll=1505.0021, l2_reg=0.0000, acc=0.0871
[ 2022-07-06 16:16:32,318][train.train_nn_models] [Validation] Epoch=2, nll=1356.5255, acc=0.1027
[ 2022-07-06 16:16:37,466][train.train_nn_models] [Training] Epoch=3, loss=1372.9397, nll=1372.9397, l2_reg=0.0000, acc=0.1216
[ 2022-07-06 16:16:37,483][train.train_nn_models] [Validation] Epoch=3, nll=1374.3164, acc=0.1531
[ 2022-07-06 16:16:42,130][train.train_nn_models] [Training] Epoch=4, loss=1353.1787, nll=1353.1787, l2_reg=0.0000, acc=0.1681
[ 2022-07-06 16:16:42,146][train.train_nn_models] [Validation] Epoch=4, nll=1321.5295, acc=0.1833
[ 2022-07-06 16:16:46,256][train.train_nn_models] [Training] Epoch=5, loss=1311.3182, nll=1311.3182, l2_reg=0.0000, acc=0.1769
[ 2022-07-06 16:16:46,258][train.train_nn_models] [Validation] Epoch=5, nll=1299.9332, acc=0.1847
[ 2022-07-06 16:16:55,204][train.train_nn_models] [Training] Epoch=6, loss=1299.7247, nll=1299.7247, l2_reg=0.0000, acc=0.1781
[ 2022-07-06 16:16:55,224][train.train_nn_models] [Validation] Epoch=6, nll=1293.1198, acc=0.1882
[ 2022-07-06 16:17:01,006][train.train_nn_models] [Training] Epoch=7, loss=1293.5142, nll=1293.5142, l2_reg=0.0000, acc=0.1773
[ 2022-07-06 16:17:01,008][train.train_nn_models] [Validation] Epoch=7, nll=1288.1626, acc=0.1818
[ 2022-07-06 16:17:07,277][train.train_nn_models] [Training] Epoch=8, loss=1289.1466, nll=1289.1466, l2_reg=0.0000, acc=0.1764
[ 2022-07-06 16:17:07,278][train.train_nn_models] [Validation] Epoch=8, nll=1283.8457, acc=0.1862
[ 2022-07-06 16:17:11,497][train.train_nn_models] [Training] Epoch=9, loss=1285.1101, nll=1285.1101, l2_reg=0.0000, acc=0.1780
[ 2022-07-06 16:17:11,500][train.train_nn_models] [Validation] Epoch=9, nll=1279.5286, acc=0.1884
[ 2022-07-06 16:17:16,796][train.train_nn_models] [Training] Epoch=10, loss=1281.0742, nll=1281.0742, l2_reg=0.0000, acc=0.1796
[ 2022-07-06 16:17:16,797][train.train_nn_models] [Validation] Epoch=10, nll=1275.3639, acc=0.1891
[ 2022-07-06 16:17:20,852][train.train_nn_models] [Training] Epoch=11, loss=1277.0425, nll=1277.0425, l2_reg=0.0000, acc=0.1799
[ 2022-07-06 16:17:20,853][train.train_nn_models] [Validation] Epoch=11, nll=1271.1674, acc=0.1898
[ 2022-07-06 16:17:27,349][train.train_nn_models] [Training] Epoch=12, loss=1272.9797, nll=1272.9797, l2_reg=0.0000, acc=0.1804
[ 2022-07-06 16:17:27,350][train.train_nn_models] [Validation] Epoch=12, nll=1266.8695, acc=0.1903
[ 2022-07-06 16:17:31,980][train.train_nn_models] [Training] Epoch=13, loss=1268.8823, nll=1268.8823, l2_reg=0.0000, acc=0.1808
[ 2022-07-06 16:17:31,981][train.train_nn_models] [Validation] Epoch=13, nll=1262.6047, acc=0.1902
[ 2022-07-06 16:17:36,501][train.train_nn_models] [Training] Epoch=14, loss=1264.7864, nll=1264.7864, l2_reg=0.0000, acc=0.1814
[ 2022-07-06 16:17:36,504][train.train_nn_models] [Validation] Epoch=14, nll=1258.2909, acc=0.1912
[ 2022-07-06 16:17:41,721][train.train_nn_models] [Training] Epoch=15, loss=1260.6420, nll=1260.6420, l2_reg=0.0000, acc=0.1818
[ 2022-07-06 16:17:41,726][train.train_nn_models] [Validation] Epoch=15, nll=1253.9194, acc=0.1919
[ 2022-07-06 16:17:46,289][train.train_nn_models] [Training] Epoch=16, loss=1256.4386, nll=1256.4386, l2_reg=0.0000, acc=0.1825
[ 2022-07-06 16:17:46,294][train.train_nn_models] [Validation] Epoch=16, nll=1249.5022, acc=0.1928
[ 2022-07-06 16:17:52,544][train.train_nn_models] [Training] Epoch=17, loss=1252.1803, nll=1252.1803, l2_reg=0.0000, acc=0.1832
[ 2022-07-06 16:17:52,547][train.train_nn_models] [Validation] Epoch=17, nll=1245.0228, acc=0.1933
[ 2022-07-06 16:17:58,051][train.train_nn_models] [Training] Epoch=18, loss=1247.8345, nll=1247.8345, l2_reg=0.0000, acc=0.1840
[ 2022-07-06 16:17:58,055][train.train_nn_models] [Validation] Epoch=18, nll=1240.4313, acc=0.1942
[ 2022-07-06 16:18:02,681][train.train_nn_models] [Training] Epoch=19, loss=1243.3956, nll=1243.3956, l2_reg=0.0000, acc=0.1847
[ 2022-07-06 16:18:02,685][train.train_nn_models] [Validation] Epoch=19, nll=1235.7355, acc=0.1946
[ 2022-07-06 16:18:07,639][train.train_nn_models] [Training] Epoch=20, loss=1238.8485, nll=1238.8485, l2_reg=0.0000, acc=0.1852
[ 2022-07-06 16:18:07,643][train.train_nn_models] [Validation] Epoch=20, nll=1230.9247, acc=0.1948
[ 2022-07-06 16:18:13,005][train.train_nn_models] [Training] Epoch=21, loss=1234.1744, nll=1234.1744, l2_reg=0.0000, acc=0.1859
[ 2022-07-06 16:18:13,009][train.train_nn_models] [Validation] Epoch=21, nll=1225.9799, acc=0.1960
[ 2022-07-06 16:18:17,842][train.train_nn_models] [Training] Epoch=22, loss=1229.3630, nll=1229.3630, l2_reg=0.0000, acc=0.1866
[ 2022-07-06 16:18:17,846][train.train_nn_models] [Validation] Epoch=22, nll=1220.8832, acc=0.1969
[ 2022-07-06 16:18:22,273][train.train_nn_models] [Training] Epoch=23, loss=1224.3740, nll=1224.3740, l2_reg=0.0000, acc=0.1873
[ 2022-07-06 16:18:22,277][train.train_nn_models] [Validation] Epoch=23, nll=1215.5782, acc=0.1974
[ 2022-07-06 16:18:26,590][train.train_nn_models] [Training] Epoch=24, loss=1219.2004, nll=1219.2004, l2_reg=0.0000, acc=0.1880
[ 2022-07-06 16:18:26,594][train.train_nn_models] [Validation] Epoch=24, nll=1210.0596, acc=0.1975
[ 2022-07-06 16:18:32,761][train.train_nn_models] [Training] Epoch=25, loss=1213.9070, nll=1213.9070, l2_reg=0.0000, acc=0.1882
[ 2022-07-06 16:18:32,765][train.train_nn_models] [Validation] Epoch=25, nll=1204.4376, acc=0.1975
[ 2022-07-06 16:18:37,916][train.train_nn_models] [Training] Epoch=26, loss=1208.5674, nll=1208.5674, l2_reg=0.0000, acc=0.1894
[ 2022-07-06 16:18:37,921][train.train_nn_models] [Validation] Epoch=26, nll=1198.7810, acc=0.1992
[ 2022-07-06 16:18:42,421][train.train_nn_models] [Training] Epoch=27, loss=1203.1147, nll=1203.1147, l2_reg=0.0000, acc=0.1908
[ 2022-07-06 16:18:42,426][train.train_nn_models] [Validation] Epoch=27, nll=1193.0530, acc=0.2005
[ 2022-07-06 16:18:47,604][train.train_nn_models] [Training] Epoch=28, loss=1197.6191, nll=1197.6191, l2_reg=0.0000, acc=0.1917
[ 2022-07-06 16:18:47,607][train.train_nn_models] [Validation] Epoch=28, nll=1187.2811, acc=0.2013
[ 2022-07-06 16:18:53,147][train.train_nn_models] [Training] Epoch=29, loss=1192.0873, nll=1192.0873, l2_reg=0.0000, acc=0.1930
[ 2022-07-06 16:18:53,150][train.train_nn_models] [Validation] Epoch=29, nll=1181.5018, acc=0.2026
[ 2022-07-06 16:18:58,585][train.train_nn_models] [Training] Epoch=30, loss=1186.5576, nll=1186.5576, l2_reg=0.0000, acc=0.1943
[ 2022-07-06 16:18:58,587][train.train_nn_models] [Validation] Epoch=30, nll=1175.7479, acc=0.2037
[ 2022-07-06 16:19:03,878][train.train_nn_models] [Training] Epoch=31, loss=1181.0500, nll=1181.0500, l2_reg=0.0000, acc=0.1957
[ 2022-07-06 16:19:03,881][train.train_nn_models] [Validation] Epoch=31, nll=1170.0530, acc=0.2057
[ 2022-07-06 16:19:09,115][train.train_nn_models] [Training] Epoch=32, loss=1175.6396, nll=1175.6396, l2_reg=0.0000, acc=0.1972
[ 2022-07-06 16:19:09,119][train.train_nn_models] [Validation] Epoch=32, nll=1164.5214, acc=0.2068
[ 2022-07-06 16:19:14,161][train.train_nn_models] [Training] Epoch=33, loss=1170.4315, nll=1170.4315, l2_reg=0.0000, acc=0.1986
[ 2022-07-06 16:19:14,190][train.train_nn_models] [Validation] Epoch=33, nll=1159.2079, acc=0.2076
[ 2022-07-06 16:19:20,512][train.train_nn_models] [Training] Epoch=34, loss=1165.4446, nll=1165.4446, l2_reg=0.0000, acc=0.2003
[ 2022-07-06 16:19:20,515][train.train_nn_models] [Validation] Epoch=34, nll=1154.1326, acc=0.2094
[ 2022-07-06 16:19:24,343][train.train_nn_models] [Training] Epoch=35, loss=1160.6803, nll=1160.6803, l2_reg=0.0000, acc=0.2015
[ 2022-07-06 16:19:24,347][train.train_nn_models] [Validation] Epoch=35, nll=1149.3114, acc=0.2111
[ 2022-07-06 16:19:28,768][train.train_nn_models] [Training] Epoch=36, loss=1156.1581, nll=1156.1581, l2_reg=0.0000, acc=0.2032
[ 2022-07-06 16:19:28,772][train.train_nn_models] [Validation] Epoch=36, nll=1144.7585, acc=0.2128
[ 2022-07-06 16:19:32,866][train.train_nn_models] [Training] Epoch=37, loss=1151.9036, nll=1151.9036, l2_reg=0.0000, acc=0.2045
[ 2022-07-06 16:19:32,869][train.train_nn_models] [Validation] Epoch=37, nll=1140.4978, acc=0.2139
[ 2022-07-06 16:19:37,985][train.train_nn_models] [Training] Epoch=38, loss=1147.9281, nll=1147.9281, l2_reg=0.0000, acc=0.2058
[ 2022-07-06 16:19:37,988][train.train_nn_models] [Validation] Epoch=38, nll=1136.5387, acc=0.2154
[ 2022-07-06 16:19:42,300][train.train_nn_models] [Training] Epoch=39, loss=1144.2374, nll=1144.2374, l2_reg=0.0000, acc=0.2073
[ 2022-07-06 16:19:42,304][train.train_nn_models] [Validation] Epoch=39, nll=1132.8782, acc=0.2163
[ 2022-07-06 16:19:47,416][train.train_nn_models] [Training] Epoch=40, loss=1140.8241, nll=1140.8241, l2_reg=0.0000, acc=0.2082
[ 2022-07-06 16:19:47,420][train.train_nn_models] [Validation] Epoch=40, nll=1129.5039, acc=0.2168
[ 2022-07-06 16:19:52,372][train.train_nn_models] [Training] Epoch=41, loss=1137.6703, nll=1137.6703, l2_reg=0.0000, acc=0.2089
[ 2022-07-06 16:19:52,375][train.train_nn_models] [Validation] Epoch=41, nll=1126.3938, acc=0.2174
[ 2022-07-06 16:19:56,476][train.train_nn_models] [Training] Epoch=42, loss=1134.7527, nll=1134.7527, l2_reg=0.0000, acc=0.2098
[ 2022-07-06 16:19:56,514][train.train_nn_models] [Validation] Epoch=42, nll=1123.5277, acc=0.2173
[ 2022-07-06 16:20:01,444][train.train_nn_models] [Training] Epoch=43, loss=1132.0472, nll=1132.0472, l2_reg=0.0000, acc=0.2105
[ 2022-07-06 16:20:01,447][train.train_nn_models] [Validation] Epoch=43, nll=1120.8715, acc=0.2182
[ 2022-07-06 16:20:08,077][train.train_nn_models] [Training] Epoch=44, loss=1129.5289, nll=1129.5289, l2_reg=0.0000, acc=0.2112
[ 2022-07-06 16:20:08,080][train.train_nn_models] [Validation] Epoch=44, nll=1118.3961, acc=0.2187
[ 2022-07-06 16:20:13,530][train.train_nn_models] [Training] Epoch=45, loss=1127.1698, nll=1127.1698, l2_reg=0.0000, acc=0.2117
[ 2022-07-06 16:20:13,547][train.train_nn_models] [Validation] Epoch=45, nll=1116.0792, acc=0.2190
[ 2022-07-06 16:20:18,118][train.train_nn_models] [Training] Epoch=46, loss=1124.9492, nll=1124.9492, l2_reg=0.0000, acc=0.2123
[ 2022-07-06 16:20:18,121][train.train_nn_models] [Validation] Epoch=46, nll=1113.9286, acc=0.2195
[ 2022-07-06 16:20:24,755][train.train_nn_models] [Training] Epoch=47, loss=1122.8685, nll=1122.8685, l2_reg=0.0000, acc=0.2131
[ 2022-07-06 16:20:24,758][train.train_nn_models] [Validation] Epoch=47, nll=1111.9235, acc=0.2198
[ 2022-07-06 16:20:29,300][train.train_nn_models] [Training] Epoch=48, loss=1120.8975, nll=1120.8975, l2_reg=0.0000, acc=0.2137
[ 2022-07-06 16:20:29,303][train.train_nn_models] [Validation] Epoch=48, nll=1110.0123, acc=0.2209
[ 2022-07-06 16:20:33,570][train.train_nn_models] [Training] Epoch=49, loss=1119.0046, nll=1119.0046, l2_reg=0.0000, acc=0.2140
[ 2022-07-06 16:20:33,574][train.train_nn_models] [Validation] Epoch=49, nll=1108.1970, acc=0.2214
[ 2022-07-06 16:20:37,635][train.train_nn_models] [Training] Epoch=50, loss=1117.1841, nll=1117.1841, l2_reg=0.0000, acc=0.2148
[ 2022-07-06 16:20:37,638][train.train_nn_models] [Validation] Epoch=50, nll=1106.4421, acc=0.2210
[ 2022-07-06 16:20:43,458][train.train_nn_models] [Training] Epoch=51, loss=1115.4200, nll=1115.4200, l2_reg=0.0000, acc=0.2153
[ 2022-07-06 16:20:43,461][train.train_nn_models] [Validation] Epoch=51, nll=1104.7283, acc=0.2217
[ 2022-07-06 16:20:48,312][train.train_nn_models] [Training] Epoch=52, loss=1113.7195, nll=1113.7195, l2_reg=0.0000, acc=0.2164
[ 2022-07-06 16:20:48,315][train.train_nn_models] [Validation] Epoch=52, nll=1103.0958, acc=0.2218
[ 2022-07-06 16:20:53,352][train.train_nn_models] [Training] Epoch=53, loss=1112.0785, nll=1112.0785, l2_reg=0.0000, acc=0.2173
[ 2022-07-06 16:20:53,355][train.train_nn_models] [Validation] Epoch=53, nll=1101.5424, acc=0.2231
[ 2022-07-06 16:20:58,563][train.train_nn_models] [Training] Epoch=54, loss=1110.5010, nll=1110.5010, l2_reg=0.0000, acc=0.2183
[ 2022-07-06 16:20:58,565][train.train_nn_models] [Validation] Epoch=54, nll=1100.0536, acc=0.2237
[ 2022-07-06 16:21:04,096][train.train_nn_models] [Training] Epoch=55, loss=1108.9810, nll=1108.9810, l2_reg=0.0000, acc=0.2198
[ 2022-07-06 16:21:04,098][train.train_nn_models] [Validation] Epoch=55, nll=1098.6250, acc=0.2247
[ 2022-07-06 16:21:08,477][train.train_nn_models] [Training] Epoch=56, loss=1107.5153, nll=1107.5153, l2_reg=0.0000, acc=0.2215
[ 2022-07-06 16:21:08,480][train.train_nn_models] [Validation] Epoch=56, nll=1097.2555, acc=0.2265
[ 2022-07-06 16:21:13,909][train.train_nn_models] [Training] Epoch=57, loss=1106.1061, nll=1106.1061, l2_reg=0.0000, acc=0.2232
[ 2022-07-06 16:21:13,912][train.train_nn_models] [Validation] Epoch=57, nll=1095.9419, acc=0.2282
[ 2022-07-06 16:21:18,618][train.train_nn_models] [Training] Epoch=58, loss=1104.7528, nll=1104.7528, l2_reg=0.0000, acc=0.2247
[ 2022-07-06 16:21:18,621][train.train_nn_models] [Validation] Epoch=58, nll=1094.6621, acc=0.2292
[ 2022-07-06 16:21:23,299][train.train_nn_models] [Training] Epoch=59, loss=1103.4230, nll=1103.4230, l2_reg=0.0000, acc=0.2262
[ 2022-07-06 16:21:23,302][train.train_nn_models] [Validation] Epoch=59, nll=1093.3453, acc=0.2314
[ 2022-07-06 16:21:28,532][train.train_nn_models] [Training] Epoch=60, loss=1102.1506, nll=1102.1506, l2_reg=0.0000, acc=0.2275
[ 2022-07-06 16:21:28,535][train.train_nn_models] [Validation] Epoch=60, nll=1092.1910, acc=0.2335
[ 2022-07-06 16:21:32,619][train.train_nn_models] [Training] Epoch=61, loss=1101.1177, nll=1101.1177, l2_reg=0.0000, acc=0.2288
[ 2022-07-06 16:21:32,623][train.train_nn_models] [Validation] Epoch=61, nll=1091.2383, acc=0.2342
[ 2022-07-06 16:21:36,883][train.train_nn_models] [Training] Epoch=62, loss=1100.1880, nll=1100.1880, l2_reg=0.0000, acc=0.2305
[ 2022-07-06 16:21:36,886][train.train_nn_models] [Validation] Epoch=62, nll=1090.4470, acc=0.2352
[ 2022-07-06 16:21:42,890][train.train_nn_models] [Training] Epoch=63, loss=1099.3547, nll=1099.3547, l2_reg=0.0000, acc=0.2320
[ 2022-07-06 16:21:42,907][train.train_nn_models] [Validation] Epoch=63, nll=1089.6918, acc=0.2359
[ 2022-07-06 16:21:47,550][train.train_nn_models] [Training] Epoch=64, loss=1098.5970, nll=1098.5970, l2_reg=0.0000, acc=0.2334
[ 2022-07-06 16:21:47,553][train.train_nn_models] [Validation] Epoch=64, nll=1088.9951, acc=0.2378
[ 2022-07-06 16:21:51,605][train.train_nn_models] [Training] Epoch=65, loss=1097.9005, nll=1097.9005, l2_reg=0.0000, acc=0.2345
[ 2022-07-06 16:21:51,608][train.train_nn_models] [Validation] Epoch=65, nll=1088.3491, acc=0.2383
[ 2022-07-06 16:21:57,302][train.train_nn_models] [Training] Epoch=66, loss=1097.2548, nll=1097.2548, l2_reg=0.0000, acc=0.2358
[ 2022-07-06 16:21:57,306][train.train_nn_models] [Validation] Epoch=66, nll=1087.7410, acc=0.2392
[ 2022-07-06 16:22:02,351][train.train_nn_models] [Training] Epoch=67, loss=1096.6427, nll=1096.6427, l2_reg=0.0000, acc=0.2371
[ 2022-07-06 16:22:02,355][train.train_nn_models] [Validation] Epoch=67, nll=1087.1383, acc=0.2402
[ 2022-07-06 16:22:06,679][train.train_nn_models] [Training] Epoch=68, loss=1095.9974, nll=1095.9974, l2_reg=0.0000, acc=0.2385
[ 2022-07-06 16:22:06,682][train.train_nn_models] [Validation] Epoch=68, nll=1086.4967, acc=0.2406
[ 2022-07-06 16:22:11,076][train.train_nn_models] [Training] Epoch=69, loss=1095.3170, nll=1095.3170, l2_reg=0.0000, acc=0.2398
[ 2022-07-06 16:22:11,079][train.train_nn_models] [Validation] Epoch=69, nll=1085.7335, acc=0.2412
[ 2022-07-06 16:22:15,759][train.train_nn_models] [Training] Epoch=70, loss=1094.6042, nll=1094.6042, l2_reg=0.0000, acc=0.2412
[ 2022-07-06 16:22:15,763][train.train_nn_models] [Validation] Epoch=70, nll=1085.0044, acc=0.2418
[ 2022-07-06 16:22:21,562][train.train_nn_models] [Training] Epoch=71, loss=1093.8821, nll=1093.8821, l2_reg=0.0000, acc=0.2421
[ 2022-07-06 16:22:21,564][train.train_nn_models] [Validation] Epoch=71, nll=1084.2886, acc=0.2434
[ 2022-07-06 16:22:26,855][train.train_nn_models] [Training] Epoch=72, loss=1093.1715, nll=1093.1715, l2_reg=0.0000, acc=0.2426
[ 2022-07-06 16:22:26,857][train.train_nn_models] [Validation] Epoch=72, nll=1083.5881, acc=0.2454
[ 2022-07-06 16:22:31,483][train.train_nn_models] [Training] Epoch=73, loss=1092.5020, nll=1092.5020, l2_reg=0.0000, acc=0.2434
[ 2022-07-06 16:22:31,486][train.train_nn_models] [Validation] Epoch=73, nll=1082.9193, acc=0.2470
[ 2022-07-06 16:22:36,116][train.train_nn_models] [Training] Epoch=74, loss=1091.8773, nll=1091.8773, l2_reg=0.0000, acc=0.2443
[ 2022-07-06 16:22:36,119][train.train_nn_models] [Validation] Epoch=74, nll=1082.2909, acc=0.2471
[ 2022-07-06 16:22:40,489][train.train_nn_models] [Training] Epoch=75, loss=1091.2957, nll=1091.2957, l2_reg=0.0000, acc=0.2452
[ 2022-07-06 16:22:40,492][train.train_nn_models] [Validation] Epoch=75, nll=1081.7068, acc=0.2469
[ 2022-07-06 16:22:46,087][train.train_nn_models] [Training] Epoch=76, loss=1090.7513, nll=1090.7513, l2_reg=0.0000, acc=0.2462
[ 2022-07-06 16:22:46,090][train.train_nn_models] [Validation] Epoch=76, nll=1081.1602, acc=0.2477
[ 2022-07-06 16:22:50,661][train.train_nn_models] [Training] Epoch=77, loss=1090.2407, nll=1090.2407, l2_reg=0.0000, acc=0.2468
[ 2022-07-06 16:22:50,664][train.train_nn_models] [Validation] Epoch=77, nll=1080.6427, acc=0.2477
[ 2022-07-06 16:22:55,657][train.train_nn_models] [Training] Epoch=78, loss=1089.7594, nll=1089.7594, l2_reg=0.0000, acc=0.2476
[ 2022-07-06 16:22:55,660][train.train_nn_models] [Validation] Epoch=78, nll=1080.1589, acc=0.2476
[ 2022-07-06 16:23:01,531][train.train_nn_models] [Training] Epoch=79, loss=1089.3058, nll=1089.3058, l2_reg=0.0000, acc=0.2482
[ 2022-07-06 16:23:01,534][train.train_nn_models] [Validation] Epoch=79, nll=1079.7036, acc=0.2481
[ 2022-07-06 16:23:07,123][train.train_nn_models] [Training] Epoch=80, loss=1088.8767, nll=1088.8767, l2_reg=0.0000, acc=0.2488
[ 2022-07-06 16:23:07,126][train.train_nn_models] [Validation] Epoch=80, nll=1079.2767, acc=0.2483
[ 2022-07-06 16:23:11,813][train.train_nn_models] [Training] Epoch=81, loss=1088.4702, nll=1088.4702, l2_reg=0.0000, acc=0.2494
[ 2022-07-06 16:23:11,816][train.train_nn_models] [Validation] Epoch=81, nll=1078.8765, acc=0.2487
[ 2022-07-06 16:23:17,714][train.train_nn_models] [Training] Epoch=82, loss=1088.0852, nll=1088.0852, l2_reg=0.0000, acc=0.2498
[ 2022-07-06 16:23:17,717][train.train_nn_models] [Validation] Epoch=82, nll=1078.4999, acc=0.2495
[ 2022-07-06 16:23:22,122][train.train_nn_models] [Training] Epoch=83, loss=1087.7234, nll=1087.7234, l2_reg=0.0000, acc=0.2501
[ 2022-07-06 16:23:22,125][train.train_nn_models] [Validation] Epoch=83, nll=1078.1489, acc=0.2498
[ 2022-07-06 16:23:26,831][train.train_nn_models] [Training] Epoch=84, loss=1087.3828, nll=1087.3828, l2_reg=0.0000, acc=0.2506
[ 2022-07-06 16:23:26,834][train.train_nn_models] [Validation] Epoch=84, nll=1077.8209, acc=0.2499
[ 2022-07-06 16:23:31,942][train.train_nn_models] [Training] Epoch=85, loss=1087.0626, nll=1087.0626, l2_reg=0.0000, acc=0.2509
[ 2022-07-06 16:23:31,945][train.train_nn_models] [Validation] Epoch=85, nll=1077.5135, acc=0.2501
[ 2022-07-06 16:23:36,806][train.train_nn_models] [Training] Epoch=86, loss=1086.7609, nll=1086.7609, l2_reg=0.0000, acc=0.2514
[ 2022-07-06 16:23:36,808][train.train_nn_models] [Validation] Epoch=86, nll=1077.2271, acc=0.2501
[ 2022-07-06 16:23:40,777][train.train_nn_models] [Training] Epoch=87, loss=1086.4792, nll=1086.4792, l2_reg=0.0000, acc=0.2516
[ 2022-07-06 16:23:40,780][train.train_nn_models] [Validation] Epoch=87, nll=1076.9589, acc=0.2511
[ 2022-07-06 16:23:46,198][train.train_nn_models] [Training] Epoch=88, loss=1086.2148, nll=1086.2148, l2_reg=0.0000, acc=0.2517
[ 2022-07-06 16:23:46,202][train.train_nn_models] [Validation] Epoch=88, nll=1076.7089, acc=0.2517
[ 2022-07-06 16:23:50,893][train.train_nn_models] [Training] Epoch=89, loss=1085.9644, nll=1085.9644, l2_reg=0.0000, acc=0.2519
[ 2022-07-06 16:23:50,896][train.train_nn_models] [Validation] Epoch=89, nll=1076.4733, acc=0.2524
[ 2022-07-06 16:23:56,209][train.train_nn_models] [Training] Epoch=90, loss=1085.7274, nll=1085.7274, l2_reg=0.0000, acc=0.2520
[ 2022-07-06 16:23:56,210][train.train_nn_models] [Validation] Epoch=90, nll=1076.2494, acc=0.2522
[ 2022-07-06 16:24:01,984][train.train_nn_models] [Training] Epoch=91, loss=1085.5051, nll=1085.5051, l2_reg=0.0000, acc=0.2521
[ 2022-07-06 16:24:01,987][train.train_nn_models] [Validation] Epoch=91, nll=1076.0349, acc=0.2527
[ 2022-07-06 16:24:08,051][train.train_nn_models] [Training] Epoch=92, loss=1085.2950, nll=1085.2950, l2_reg=0.0000, acc=0.2522
[ 2022-07-06 16:24:08,054][train.train_nn_models] [Validation] Epoch=92, nll=1075.8333, acc=0.2528
[ 2022-07-06 16:24:13,672][train.train_nn_models] [Training] Epoch=93, loss=1085.0933, nll=1085.0933, l2_reg=0.0000, acc=0.2522
[ 2022-07-06 16:24:13,693][train.train_nn_models] [Validation] Epoch=93, nll=1075.6405, acc=0.2529
[ 2022-07-06 16:24:18,309][train.train_nn_models] [Training] Epoch=94, loss=1084.8993, nll=1084.8993, l2_reg=0.0000, acc=0.2525
[ 2022-07-06 16:24:18,312][train.train_nn_models] [Validation] Epoch=94, nll=1075.4520, acc=0.2536
[ 2022-07-06 16:24:22,694][train.train_nn_models] [Training] Epoch=95, loss=1084.7103, nll=1084.7103, l2_reg=0.0000, acc=0.2527
[ 2022-07-06 16:24:22,696][train.train_nn_models] [Validation] Epoch=95, nll=1075.2725, acc=0.2539
[ 2022-07-06 16:24:26,858][train.train_nn_models] [Training] Epoch=96, loss=1084.5312, nll=1084.5312, l2_reg=0.0000, acc=0.2529
[ 2022-07-06 16:24:26,861][train.train_nn_models] [Validation] Epoch=96, nll=1075.1052, acc=0.2534
[ 2022-07-06 16:24:31,027][train.train_nn_models] [Training] Epoch=97, loss=1084.3625, nll=1084.3625, l2_reg=0.0000, acc=0.2530
[ 2022-07-06 16:24:31,030][train.train_nn_models] [Validation] Epoch=97, nll=1074.9523, acc=0.2535
[ 2022-07-06 16:24:35,279][train.train_nn_models] [Training] Epoch=98, loss=1084.1952, nll=1084.1952, l2_reg=0.0000, acc=0.2531
[ 2022-07-06 16:24:35,282][train.train_nn_models] [Validation] Epoch=98, nll=1074.7993, acc=0.2535
[ 2022-07-06 16:24:40,135][train.train_nn_models] [Training] Epoch=99, loss=1084.0101, nll=1084.0101, l2_reg=0.0000, acc=0.2532
[ 2022-07-06 16:24:40,138][train.train_nn_models] [Validation] Epoch=99, nll=1074.6279, acc=0.2530
[ 2022-07-06 16:24:44,698][train.train_nn_models] [Training] Epoch=100, loss=1083.8082, nll=1083.8082, l2_reg=0.0000, acc=0.2535
[ 2022-07-06 16:24:44,701][train.train_nn_models] [Validation] Epoch=100, nll=1074.4686, acc=0.2534
[ 2022-07-06 16:24:48,729][train.train_nn_models] [Training] Epoch=101, loss=1083.6227, nll=1083.6227, l2_reg=0.0000, acc=0.2536
[ 2022-07-06 16:24:48,732][train.train_nn_models] [Validation] Epoch=101, nll=1074.2778, acc=0.2532
[ 2022-07-06 16:24:48,735][train.train_nn_models] Found a better model at epoch 101.
[ 2022-07-06 16:24:54,514][train.train_nn_models] [Training] Epoch=102, loss=1083.4543, nll=1083.4543, l2_reg=0.0000, acc=0.2537
[ 2022-07-06 16:24:54,517][train.train_nn_models] [Validation] Epoch=102, nll=1074.1051, acc=0.2529
[ 2022-07-06 16:24:54,519][train.train_nn_models] Found a better model at epoch 102.
[ 2022-07-06 16:24:59,383][train.train_nn_models] [Training] Epoch=103, loss=1083.2877, nll=1083.2877, l2_reg=0.0000, acc=0.2540
[ 2022-07-06 16:24:59,386][train.train_nn_models] [Validation] Epoch=103, nll=1073.9615, acc=0.2525
[ 2022-07-06 16:24:59,389][train.train_nn_models] Found a better model at epoch 103.
[ 2022-07-06 16:25:03,489][train.train_nn_models] [Training] Epoch=104, loss=1083.1237, nll=1083.1237, l2_reg=0.0000, acc=0.2542
[ 2022-07-06 16:25:03,492][train.train_nn_models] [Validation] Epoch=104, nll=1073.8140, acc=0.2517
[ 2022-07-06 16:25:03,495][train.train_nn_models] Found a better model at epoch 104.
[ 2022-07-06 16:25:09,769][train.train_nn_models] [Training] Epoch=105, loss=1082.9750, nll=1082.9750, l2_reg=0.0000, acc=0.2544
[ 2022-07-06 16:25:09,772][train.train_nn_models] [Validation] Epoch=105, nll=1073.6782, acc=0.2516
[ 2022-07-06 16:25:09,787][train.train_nn_models] Found a better model at epoch 105.
[ 2022-07-06 16:25:14,812][train.train_nn_models] [Training] Epoch=106, loss=1082.8363, nll=1082.8363, l2_reg=0.0000, acc=0.2544
[ 2022-07-06 16:25:14,815][train.train_nn_models] [Validation] Epoch=106, nll=1073.5461, acc=0.2514
[ 2022-07-06 16:25:14,831][train.train_nn_models] Found a better model at epoch 106.
[ 2022-07-06 16:25:20,869][train.train_nn_models] [Training] Epoch=107, loss=1082.7043, nll=1082.7043, l2_reg=0.0000, acc=0.2545
[ 2022-07-06 16:25:20,872][train.train_nn_models] [Validation] Epoch=107, nll=1073.4210, acc=0.2519
[ 2022-07-06 16:25:20,874][train.train_nn_models] Found a better model at epoch 107.
[ 2022-07-06 16:25:25,791][train.train_nn_models] [Training] Epoch=108, loss=1082.5780, nll=1082.5780, l2_reg=0.0000, acc=0.2544
[ 2022-07-06 16:25:25,794][train.train_nn_models] [Validation] Epoch=108, nll=1073.3008, acc=0.2519
[ 2022-07-06 16:25:25,797][train.train_nn_models] Found a better model at epoch 108.
[ 2022-07-06 16:25:29,969][train.train_nn_models] [Training] Epoch=109, loss=1082.4594, nll=1082.4594, l2_reg=0.0000, acc=0.2545
[ 2022-07-06 16:25:29,971][train.train_nn_models] [Validation] Epoch=109, nll=1073.1880, acc=0.2520
[ 2022-07-06 16:25:29,974][train.train_nn_models] Found a better model at epoch 109.
[ 2022-07-06 16:25:35,433][train.train_nn_models] [Training] Epoch=110, loss=1082.3400, nll=1082.3400, l2_reg=0.0000, acc=0.2545
[ 2022-07-06 16:25:35,435][train.train_nn_models] [Validation] Epoch=110, nll=1073.0820, acc=0.2523
[ 2022-07-06 16:25:35,438][train.train_nn_models] Found a better model at epoch 110.
[ 2022-07-06 16:25:40,434][train.train_nn_models] [Training] Epoch=111, loss=1082.2162, nll=1082.2162, l2_reg=0.0000, acc=0.2547
[ 2022-07-06 16:25:40,437][train.train_nn_models] [Validation] Epoch=111, nll=1072.9680, acc=0.2520
[ 2022-07-06 16:25:40,440][train.train_nn_models] Found a better model at epoch 111.
[ 2022-07-06 16:25:45,555][train.train_nn_models] [Training] Epoch=112, loss=1082.0996, nll=1082.0996, l2_reg=0.0000, acc=0.2549
[ 2022-07-06 16:25:45,558][train.train_nn_models] [Validation] Epoch=112, nll=1072.8606, acc=0.2520
[ 2022-07-06 16:25:45,561][train.train_nn_models] Found a better model at epoch 112.
[ 2022-07-06 16:25:51,767][train.train_nn_models] [Training] Epoch=113, loss=1081.9890, nll=1081.9890, l2_reg=0.0000, acc=0.2549
[ 2022-07-06 16:25:51,770][train.train_nn_models] [Validation] Epoch=113, nll=1072.7595, acc=0.2523
[ 2022-07-06 16:25:51,773][train.train_nn_models] Found a better model at epoch 113.
[ 2022-07-06 16:25:57,763][train.train_nn_models] [Training] Epoch=114, loss=1081.8816, nll=1081.8816, l2_reg=0.0000, acc=0.2551
[ 2022-07-06 16:25:57,766][train.train_nn_models] [Validation] Epoch=114, nll=1072.6660, acc=0.2524
[ 2022-07-06 16:25:57,769][train.train_nn_models] Found a better model at epoch 114.
[ 2022-07-06 16:26:03,284][train.train_nn_models] [Training] Epoch=115, loss=1081.7744, nll=1081.7744, l2_reg=0.0000, acc=0.2551
[ 2022-07-06 16:26:03,286][train.train_nn_models] [Validation] Epoch=115, nll=1072.5671, acc=0.2524
[ 2022-07-06 16:26:03,329][train.train_nn_models] Found a better model at epoch 115.
[ 2022-07-06 16:26:09,912][train.train_nn_models] [Training] Epoch=116, loss=1081.6699, nll=1081.6699, l2_reg=0.0000, acc=0.2553
[ 2022-07-06 16:26:09,915][train.train_nn_models] [Validation] Epoch=116, nll=1072.4720, acc=0.2528
[ 2022-07-06 16:26:09,918][train.train_nn_models] Found a better model at epoch 116.
[ 2022-07-06 16:26:14,392][train.train_nn_models] [Training] Epoch=117, loss=1081.5701, nll=1081.5701, l2_reg=0.0000, acc=0.2553
[ 2022-07-06 16:26:14,395][train.train_nn_models] [Validation] Epoch=117, nll=1072.3831, acc=0.2526
[ 2022-07-06 16:26:14,398][train.train_nn_models] Found a better model at epoch 117.
[ 2022-07-06 16:26:20,692][train.train_nn_models] [Training] Epoch=118, loss=1081.4697, nll=1081.4697, l2_reg=0.0000, acc=0.2554
[ 2022-07-06 16:26:20,695][train.train_nn_models] [Validation] Epoch=118, nll=1072.2943, acc=0.2524
[ 2022-07-06 16:26:20,698][train.train_nn_models] Found a better model at epoch 118.
[ 2022-07-06 16:26:25,016][train.train_nn_models] [Training] Epoch=119, loss=1081.3721, nll=1081.3721, l2_reg=0.0000, acc=0.2554
[ 2022-07-06 16:26:25,018][train.train_nn_models] [Validation] Epoch=119, nll=1072.2091, acc=0.2526
[ 2022-07-06 16:26:25,021][train.train_nn_models] Found a better model at epoch 119.
[ 2022-07-06 16:26:28,839][train.train_nn_models] [Training] Epoch=120, loss=1081.2775, nll=1081.2775, l2_reg=0.0000, acc=0.2554
[ 2022-07-06 16:26:28,842][train.train_nn_models] [Validation] Epoch=120, nll=1072.1305, acc=0.2525
[ 2022-07-06 16:26:28,845][train.train_nn_models] Found a better model at epoch 120.
[ 2022-07-06 16:26:33,701][train.train_nn_models] [Training] Epoch=121, loss=1081.1842, nll=1081.1842, l2_reg=0.0000, acc=0.2553
[ 2022-07-06 16:26:33,704][train.train_nn_models] [Validation] Epoch=121, nll=1072.0477, acc=0.2529
[ 2022-07-06 16:26:33,707][train.train_nn_models] Found a better model at epoch 121.
[ 2022-07-06 16:26:38,332][train.train_nn_models] [Training] Epoch=122, loss=1081.0930, nll=1081.0930, l2_reg=0.0000, acc=0.2554
[ 2022-07-06 16:26:38,335][train.train_nn_models] [Validation] Epoch=122, nll=1071.9677, acc=0.2530
[ 2022-07-06 16:26:38,338][train.train_nn_models] Found a better model at epoch 122.
[ 2022-07-06 16:26:43,425][train.train_nn_models] [Training] Epoch=123, loss=1081.0040, nll=1081.0040, l2_reg=0.0000, acc=0.2556
[ 2022-07-06 16:26:43,428][train.train_nn_models] [Validation] Epoch=123, nll=1071.8899, acc=0.2532
[ 2022-07-06 16:26:43,464][train.train_nn_models] Found a better model at epoch 123.
[ 2022-07-06 16:26:49,201][train.train_nn_models] [Training] Epoch=124, loss=1080.9198, nll=1080.9198, l2_reg=0.0000, acc=0.2557
[ 2022-07-06 16:26:49,205][train.train_nn_models] [Validation] Epoch=124, nll=1071.8153, acc=0.2534
[ 2022-07-06 16:26:49,208][train.train_nn_models] Found a better model at epoch 124.
[ 2022-07-06 16:26:53,498][train.train_nn_models] [Training] Epoch=125, loss=1080.8367, nll=1080.8367, l2_reg=0.0000, acc=0.2555
[ 2022-07-06 16:26:53,501][train.train_nn_models] [Validation] Epoch=125, nll=1071.7421, acc=0.2537
[ 2022-07-06 16:26:53,504][train.train_nn_models] Found a better model at epoch 125.
[ 2022-07-06 16:27:00,390][train.train_nn_models] [Training] Epoch=126, loss=1080.7555, nll=1080.7555, l2_reg=0.0000, acc=0.2555
[ 2022-07-06 16:27:00,392][train.train_nn_models] [Validation] Epoch=126, nll=1071.6740, acc=0.2536
[ 2022-07-06 16:27:00,395][train.train_nn_models] Found a better model at epoch 126.
[ 2022-07-06 16:27:06,315][train.train_nn_models] [Training] Epoch=127, loss=1080.6766, nll=1080.6766, l2_reg=0.0000, acc=0.2557
[ 2022-07-06 16:27:06,318][train.train_nn_models] [Validation] Epoch=127, nll=1071.6062, acc=0.2533
[ 2022-07-06 16:27:06,321][train.train_nn_models] Found a better model at epoch 127.
[ 2022-07-06 16:27:10,517][train.train_nn_models] [Training] Epoch=128, loss=1080.5999, nll=1080.5999, l2_reg=0.0000, acc=0.2556
[ 2022-07-06 16:27:10,521][train.train_nn_models] [Validation] Epoch=128, nll=1071.5405, acc=0.2533
[ 2022-07-06 16:27:10,524][train.train_nn_models] Found a better model at epoch 128.
[ 2022-07-06 16:27:15,357][train.train_nn_models] [Training] Epoch=129, loss=1080.5259, nll=1080.5259, l2_reg=0.0000, acc=0.2558
[ 2022-07-06 16:27:15,360][train.train_nn_models] [Validation] Epoch=129, nll=1071.4777, acc=0.2533
[ 2022-07-06 16:27:15,363][train.train_nn_models] Found a better model at epoch 129.
[ 2022-07-06 16:27:20,175][train.train_nn_models] [Training] Epoch=130, loss=1080.4547, nll=1080.4547, l2_reg=0.0000, acc=0.2558
[ 2022-07-06 16:27:20,177][train.train_nn_models] [Validation] Epoch=130, nll=1071.4174, acc=0.2534
[ 2022-07-06 16:27:20,180][train.train_nn_models] Found a better model at epoch 130.
[ 2022-07-06 16:27:25,423][train.train_nn_models] [Training] Epoch=131, loss=1080.3853, nll=1080.3853, l2_reg=0.0000, acc=0.2560
[ 2022-07-06 16:27:25,426][train.train_nn_models] [Validation] Epoch=131, nll=1071.3606, acc=0.2539
[ 2022-07-06 16:27:25,429][train.train_nn_models] Found a better model at epoch 131.
[ 2022-07-06 16:27:30,866][train.train_nn_models] [Training] Epoch=132, loss=1080.3187, nll=1080.3187, l2_reg=0.0000, acc=0.2563
[ 2022-07-06 16:27:30,869][train.train_nn_models] [Validation] Epoch=132, nll=1071.3041, acc=0.2537
[ 2022-07-06 16:27:30,872][train.train_nn_models] Found a better model at epoch 132.
[ 2022-07-06 16:27:35,937][train.train_nn_models] [Training] Epoch=133, loss=1080.2543, nll=1080.2543, l2_reg=0.0000, acc=0.2563
[ 2022-07-06 16:27:35,940][train.train_nn_models] [Validation] Epoch=133, nll=1071.2500, acc=0.2538
[ 2022-07-06 16:27:35,943][train.train_nn_models] Found a better model at epoch 133.
[ 2022-07-06 16:27:40,511][train.train_nn_models] [Training] Epoch=134, loss=1080.1908, nll=1080.1908, l2_reg=0.0000, acc=0.2562
[ 2022-07-06 16:27:40,514][train.train_nn_models] [Validation] Epoch=134, nll=1071.1970, acc=0.2541
[ 2022-07-06 16:27:40,517][train.train_nn_models] Found a better model at epoch 134.
[ 2022-07-06 16:27:44,451][train.train_nn_models] [Training] Epoch=135, loss=1080.1289, nll=1080.1289, l2_reg=0.0000, acc=0.2562
[ 2022-07-06 16:27:44,452][train.train_nn_models] [Validation] Epoch=135, nll=1071.1458, acc=0.2542
[ 2022-07-06 16:27:44,455][train.train_nn_models] Found a better model at epoch 135.
[ 2022-07-06 16:27:48,319][train.train_nn_models] [Training] Epoch=136, loss=1080.0696, nll=1080.0696, l2_reg=0.0000, acc=0.2562
[ 2022-07-06 16:27:48,321][train.train_nn_models] [Validation] Epoch=136, nll=1071.0970, acc=0.2544
[ 2022-07-06 16:27:48,324][train.train_nn_models] Found a better model at epoch 136.
[ 2022-07-06 16:27:53,824][train.train_nn_models] [Training] Epoch=137, loss=1080.0111, nll=1080.0111, l2_reg=0.0000, acc=0.2562
[ 2022-07-06 16:27:53,827][train.train_nn_models] [Validation] Epoch=137, nll=1071.0500, acc=0.2542
[ 2022-07-06 16:27:53,830][train.train_nn_models] Found a better model at epoch 137.
[ 2022-07-06 16:27:58,530][train.train_nn_models] [Training] Epoch=138, loss=1079.9554, nll=1079.9554, l2_reg=0.0000, acc=0.2563
[ 2022-07-06 16:27:58,575][train.train_nn_models] [Validation] Epoch=138, nll=1071.0071, acc=0.2539
[ 2022-07-06 16:27:58,578][train.train_nn_models] Found a better model at epoch 138.
[ 2022-07-06 16:28:04,513][train.train_nn_models] [Training] Epoch=139, loss=1079.9006, nll=1079.9006, l2_reg=0.0000, acc=0.2565
[ 2022-07-06 16:28:04,516][train.train_nn_models] [Validation] Epoch=139, nll=1070.9655, acc=0.2539
[ 2022-07-06 16:28:04,519][train.train_nn_models] Found a better model at epoch 139.
[ 2022-07-06 16:28:10,519][train.train_nn_models] [Training] Epoch=140, loss=1079.8463, nll=1079.8463, l2_reg=0.0000, acc=0.2566
[ 2022-07-06 16:28:10,521][train.train_nn_models] [Validation] Epoch=140, nll=1070.9220, acc=0.2540
[ 2022-07-06 16:28:10,524][train.train_nn_models] Found a better model at epoch 140.
[ 2022-07-06 16:28:15,289][train.train_nn_models] [Training] Epoch=141, loss=1079.7938, nll=1079.7938, l2_reg=0.0000, acc=0.2567
[ 2022-07-06 16:28:15,292][train.train_nn_models] [Validation] Epoch=141, nll=1070.8801, acc=0.2539
[ 2022-07-06 16:28:15,295][train.train_nn_models] Found a better model at epoch 141.
[ 2022-07-06 16:28:21,031][train.train_nn_models] [Training] Epoch=142, loss=1079.7415, nll=1079.7415, l2_reg=0.0000, acc=0.2567
[ 2022-07-06 16:28:21,034][train.train_nn_models] [Validation] Epoch=142, nll=1070.8392, acc=0.2543
[ 2022-07-06 16:28:21,037][train.train_nn_models] Found a better model at epoch 142.
[ 2022-07-06 16:28:25,293][train.train_nn_models] [Training] Epoch=143, loss=1079.6914, nll=1079.6914, l2_reg=0.0000, acc=0.2568
[ 2022-07-06 16:28:25,296][train.train_nn_models] [Validation] Epoch=143, nll=1070.7997, acc=0.2545
[ 2022-07-06 16:28:25,299][train.train_nn_models] Found a better model at epoch 143.
[ 2022-07-06 16:28:31,753][train.train_nn_models] [Training] Epoch=144, loss=1079.6421, nll=1079.6421, l2_reg=0.0000, acc=0.2568
[ 2022-07-06 16:28:31,756][train.train_nn_models] [Validation] Epoch=144, nll=1070.7611, acc=0.2542
[ 2022-07-06 16:28:31,759][train.train_nn_models] Found a better model at epoch 144.
[ 2022-07-06 16:28:37,536][train.train_nn_models] [Training] Epoch=145, loss=1079.5938, nll=1079.5938, l2_reg=0.0000, acc=0.2569
[ 2022-07-06 16:28:37,567][train.train_nn_models] [Validation] Epoch=145, nll=1070.7227, acc=0.2544
[ 2022-07-06 16:28:37,570][train.train_nn_models] Found a better model at epoch 145.
[ 2022-07-06 16:28:42,816][train.train_nn_models] [Training] Epoch=146, loss=1079.5460, nll=1079.5460, l2_reg=0.0000, acc=0.2569
[ 2022-07-06 16:28:42,818][train.train_nn_models] [Validation] Epoch=146, nll=1070.6854, acc=0.2543
[ 2022-07-06 16:28:42,821][train.train_nn_models] Found a better model at epoch 146.
[ 2022-07-06 16:28:46,711][train.train_nn_models] [Training] Epoch=147, loss=1079.4991, nll=1079.4991, l2_reg=0.0000, acc=0.2571
[ 2022-07-06 16:28:46,714][train.train_nn_models] [Validation] Epoch=147, nll=1070.6494, acc=0.2546
[ 2022-07-06 16:28:46,716][train.train_nn_models] Found a better model at epoch 147.
[ 2022-07-06 16:28:50,846][train.train_nn_models] [Training] Epoch=148, loss=1079.4536, nll=1079.4536, l2_reg=0.0000, acc=0.2572
[ 2022-07-06 16:28:50,849][train.train_nn_models] [Validation] Epoch=148, nll=1070.6151, acc=0.2547
[ 2022-07-06 16:28:50,852][train.train_nn_models] Found a better model at epoch 148.
[ 2022-07-06 16:28:55,791][train.train_nn_models] [Training] Epoch=149, loss=1079.4081, nll=1079.4081, l2_reg=0.0000, acc=0.2573
[ 2022-07-06 16:28:55,794][train.train_nn_models] [Validation] Epoch=149, nll=1070.5782, acc=0.2545
[ 2022-07-06 16:28:55,797][train.train_nn_models] Found a better model at epoch 149.
[ 2022-07-06 16:29:01,009][train.train_nn_models] [Training] Epoch=150, loss=1079.3629, nll=1079.3629, l2_reg=0.0000, acc=0.2575
[ 2022-07-06 16:29:01,012][train.train_nn_models] [Validation] Epoch=150, nll=1070.5437, acc=0.2547
[ 2022-07-06 16:29:01,015][train.train_nn_models] Found a better model at epoch 150.
[ 2022-07-06 16:29:05,848][train.train_nn_models] [Training] Epoch=151, loss=1079.3191, nll=1079.3191, l2_reg=0.0000, acc=0.2575
[ 2022-07-06 16:29:05,851][train.train_nn_models] [Validation] Epoch=151, nll=1070.5092, acc=0.2549
[ 2022-07-06 16:29:05,854][train.train_nn_models] Found a better model at epoch 151.
[ 2022-07-06 16:29:12,178][train.train_nn_models] [Training] Epoch=152, loss=1079.2759, nll=1079.2759, l2_reg=0.0000, acc=0.2576
[ 2022-07-06 16:29:12,181][train.train_nn_models] [Validation] Epoch=152, nll=1070.4757, acc=0.2547
[ 2022-07-06 16:29:12,184][train.train_nn_models] Found a better model at epoch 152.
[ 2022-07-06 16:29:16,486][train.train_nn_models] [Training] Epoch=153, loss=1079.2335, nll=1079.2335, l2_reg=0.0000, acc=0.2576
[ 2022-07-06 16:29:16,489][train.train_nn_models] [Validation] Epoch=153, nll=1070.4435, acc=0.2545
[ 2022-07-06 16:29:16,492][train.train_nn_models] Found a better model at epoch 153.
[ 2022-07-06 16:29:20,468][train.train_nn_models] [Training] Epoch=154, loss=1079.1918, nll=1079.1918, l2_reg=0.0000, acc=0.2576
[ 2022-07-06 16:29:20,471][train.train_nn_models] [Validation] Epoch=154, nll=1070.4111, acc=0.2546
[ 2022-07-06 16:29:20,474][train.train_nn_models] Found a better model at epoch 154.
[ 2022-07-06 16:29:24,878][train.train_nn_models] [Training] Epoch=155, loss=1079.1505, nll=1079.1505, l2_reg=0.0000, acc=0.2577
[ 2022-07-06 16:29:24,879][train.train_nn_models] [Validation] Epoch=155, nll=1070.3795, acc=0.2547
[ 2022-07-06 16:29:24,882][train.train_nn_models] Found a better model at epoch 155.
[ 2022-07-06 16:29:28,957][train.train_nn_models] [Training] Epoch=156, loss=1079.1097, nll=1079.1097, l2_reg=0.0000, acc=0.2578
[ 2022-07-06 16:29:28,960][train.train_nn_models] [Validation] Epoch=156, nll=1070.3491, acc=0.2548
[ 2022-07-06 16:29:28,963][train.train_nn_models] Found a better model at epoch 156.
[ 2022-07-06 16:29:34,496][train.train_nn_models] [Training] Epoch=157, loss=1079.0695, nll=1079.0695, l2_reg=0.0000, acc=0.2578
[ 2022-07-06 16:29:34,499][train.train_nn_models] [Validation] Epoch=157, nll=1070.3196, acc=0.2550
[ 2022-07-06 16:29:34,502][train.train_nn_models] Found a better model at epoch 157.
[ 2022-07-06 16:29:39,762][train.train_nn_models] [Training] Epoch=158, loss=1079.0289, nll=1079.0289, l2_reg=0.0000, acc=0.2578
[ 2022-07-06 16:29:39,765][train.train_nn_models] [Validation] Epoch=158, nll=1070.2899, acc=0.2546
[ 2022-07-06 16:29:39,768][train.train_nn_models] Found a better model at epoch 158.
[ 2022-07-06 16:29:44,003][train.train_nn_models] [Training] Epoch=159, loss=1078.9890, nll=1078.9890, l2_reg=0.0000, acc=0.2579
[ 2022-07-06 16:29:44,006][train.train_nn_models] [Validation] Epoch=159, nll=1070.2607, acc=0.2546
[ 2022-07-06 16:29:44,009][train.train_nn_models] Found a better model at epoch 159.
[ 2022-07-06 16:29:49,651][train.train_nn_models] [Training] Epoch=160, loss=1078.9485, nll=1078.9485, l2_reg=0.0000, acc=0.2580
[ 2022-07-06 16:29:49,654][train.train_nn_models] [Validation] Epoch=160, nll=1070.2312, acc=0.2547
[ 2022-07-06 16:29:49,657][train.train_nn_models] Found a better model at epoch 160.
[ 2022-07-06 16:29:53,680][train.train_nn_models] [Training] Epoch=161, loss=1078.9088, nll=1078.9088, l2_reg=0.0000, acc=0.2581
[ 2022-07-06 16:29:53,683][train.train_nn_models] [Validation] Epoch=161, nll=1070.2031, acc=0.2549
[ 2022-07-06 16:29:53,686][train.train_nn_models] Found a better model at epoch 161.
[ 2022-07-06 16:29:58,281][train.train_nn_models] [Training] Epoch=162, loss=1078.8693, nll=1078.8693, l2_reg=0.0000, acc=0.2581
[ 2022-07-06 16:29:58,284][train.train_nn_models] [Validation] Epoch=162, nll=1070.1740, acc=0.2549
[ 2022-07-06 16:29:58,287][train.train_nn_models] Found a better model at epoch 162.
[ 2022-07-06 16:30:03,192][train.train_nn_models] [Training] Epoch=163, loss=1078.8298, nll=1078.8298, l2_reg=0.0000, acc=0.2581
[ 2022-07-06 16:30:03,195][train.train_nn_models] [Validation] Epoch=163, nll=1070.1478, acc=0.2550
[ 2022-07-06 16:30:03,198][train.train_nn_models] Found a better model at epoch 163.
[ 2022-07-06 16:30:09,824][train.train_nn_models] [Training] Epoch=164, loss=1078.7916, nll=1078.7916, l2_reg=0.0000, acc=0.2581
[ 2022-07-06 16:30:09,828][train.train_nn_models] [Validation] Epoch=164, nll=1070.1201, acc=0.2545
[ 2022-07-06 16:30:09,831][train.train_nn_models] Found a better model at epoch 164.
[ 2022-07-06 16:30:17,007][train.train_nn_models] [Training] Epoch=165, loss=1078.7538, nll=1078.7538, l2_reg=0.0000, acc=0.2582
[ 2022-07-06 16:30:17,010][train.train_nn_models] [Validation] Epoch=165, nll=1070.0930, acc=0.2546
[ 2022-07-06 16:30:17,013][train.train_nn_models] Found a better model at epoch 165.
[ 2022-07-06 16:30:22,340][train.train_nn_models] [Training] Epoch=166, loss=1078.7158, nll=1078.7158, l2_reg=0.0000, acc=0.2581
[ 2022-07-06 16:30:22,343][train.train_nn_models] [Validation] Epoch=166, nll=1070.0669, acc=0.2547
[ 2022-07-06 16:30:22,346][train.train_nn_models] Found a better model at epoch 166.
[ 2022-07-06 16:30:27,348][train.train_nn_models] [Training] Epoch=167, loss=1078.6786, nll=1078.6786, l2_reg=0.0000, acc=0.2582
[ 2022-07-06 16:30:27,405][train.train_nn_models] [Validation] Epoch=167, nll=1070.0417, acc=0.2545
[ 2022-07-06 16:30:27,408][train.train_nn_models] Found a better model at epoch 167.
[ 2022-07-06 16:30:32,905][train.train_nn_models] [Training] Epoch=168, loss=1078.6415, nll=1078.6415, l2_reg=0.0000, acc=0.2582
[ 2022-07-06 16:30:32,908][train.train_nn_models] [Validation] Epoch=168, nll=1070.0177, acc=0.2546
[ 2022-07-06 16:30:32,911][train.train_nn_models] Found a better model at epoch 168.
[ 2022-07-06 16:30:37,327][train.train_nn_models] [Training] Epoch=169, loss=1078.6053, nll=1078.6053, l2_reg=0.0000, acc=0.2582
[ 2022-07-06 16:30:37,330][train.train_nn_models] [Validation] Epoch=169, nll=1069.9928, acc=0.2543
[ 2022-07-06 16:30:37,332][train.train_nn_models] Found a better model at epoch 169.
[ 2022-07-06 16:30:43,048][train.train_nn_models] [Training] Epoch=170, loss=1078.5685, nll=1078.5685, l2_reg=0.0000, acc=0.2582
[ 2022-07-06 16:30:43,051][train.train_nn_models] [Validation] Epoch=170, nll=1069.9690, acc=0.2543
[ 2022-07-06 16:30:43,054][train.train_nn_models] Found a better model at epoch 170.
[ 2022-07-06 16:30:48,033][train.train_nn_models] [Training] Epoch=171, loss=1078.5325, nll=1078.5325, l2_reg=0.0000, acc=0.2582
[ 2022-07-06 16:30:48,036][train.train_nn_models] [Validation] Epoch=171, nll=1069.9452, acc=0.2547
[ 2022-07-06 16:30:48,039][train.train_nn_models] Found a better model at epoch 171.
[ 2022-07-06 16:30:52,708][train.train_nn_models] [Training] Epoch=172, loss=1078.4961, nll=1078.4961, l2_reg=0.0000, acc=0.2582
[ 2022-07-06 16:30:52,711][train.train_nn_models] [Validation] Epoch=172, nll=1069.9213, acc=0.2546
[ 2022-07-06 16:30:52,714][train.train_nn_models] Found a better model at epoch 172.
[ 2022-07-06 16:30:57,376][train.train_nn_models] [Training] Epoch=173, loss=1078.4597, nll=1078.4597, l2_reg=0.0000, acc=0.2582
[ 2022-07-06 16:30:57,379][train.train_nn_models] [Validation] Epoch=173, nll=1069.8972, acc=0.2547
[ 2022-07-06 16:30:57,382][train.train_nn_models] Found a better model at epoch 173.
[ 2022-07-06 16:31:02,326][train.train_nn_models] [Training] Epoch=174, loss=1078.4242, nll=1078.4242, l2_reg=0.0000, acc=0.2583
[ 2022-07-06 16:31:02,329][train.train_nn_models] [Validation] Epoch=174, nll=1069.8745, acc=0.2546
[ 2022-07-06 16:31:02,332][train.train_nn_models] Found a better model at epoch 174.
[ 2022-07-06 16:31:08,593][train.train_nn_models] [Training] Epoch=175, loss=1078.3879, nll=1078.3879, l2_reg=0.0000, acc=0.2583
[ 2022-07-06 16:31:08,596][train.train_nn_models] [Validation] Epoch=175, nll=1069.8525, acc=0.2544
[ 2022-07-06 16:31:08,599][train.train_nn_models] Found a better model at epoch 175.
[ 2022-07-06 16:31:12,541][train.train_nn_models] [Training] Epoch=176, loss=1078.3530, nll=1078.3530, l2_reg=0.0000, acc=0.2583
[ 2022-07-06 16:31:12,544][train.train_nn_models] [Validation] Epoch=176, nll=1069.8309, acc=0.2542
[ 2022-07-06 16:31:12,547][train.train_nn_models] Found a better model at epoch 176.
[ 2022-07-06 16:31:17,183][train.train_nn_models] [Training] Epoch=177, loss=1078.3184, nll=1078.3184, l2_reg=0.0000, acc=0.2583
[ 2022-07-06 16:31:17,185][train.train_nn_models] [Validation] Epoch=177, nll=1069.8093, acc=0.2540
[ 2022-07-06 16:31:17,187][train.train_nn_models] Found a better model at epoch 177.
[ 2022-07-06 16:31:21,502][train.train_nn_models] [Training] Epoch=178, loss=1078.2844, nll=1078.2844, l2_reg=0.0000, acc=0.2582
[ 2022-07-06 16:31:21,506][train.train_nn_models] [Validation] Epoch=178, nll=1069.7886, acc=0.2542
[ 2022-07-06 16:31:21,509][train.train_nn_models] Found a better model at epoch 178.
[ 2022-07-06 16:31:26,638][train.train_nn_models] [Training] Epoch=179, loss=1078.2505, nll=1078.2505, l2_reg=0.0000, acc=0.2582
[ 2022-07-06 16:31:26,641][train.train_nn_models] [Validation] Epoch=179, nll=1069.7677, acc=0.2542
[ 2022-07-06 16:31:26,644][train.train_nn_models] Found a better model at epoch 179.
[ 2022-07-06 16:31:30,971][train.train_nn_models] [Training] Epoch=180, loss=1078.2169, nll=1078.2169, l2_reg=0.0000, acc=0.2583
[ 2022-07-06 16:31:30,974][train.train_nn_models] [Validation] Epoch=180, nll=1069.7457, acc=0.2543
[ 2022-07-06 16:31:30,977][train.train_nn_models] Found a better model at epoch 180.
[ 2022-07-06 16:31:34,950][train.train_nn_models] [Training] Epoch=181, loss=1078.1832, nll=1078.1832, l2_reg=0.0000, acc=0.2583
[ 2022-07-06 16:31:34,953][train.train_nn_models] [Validation] Epoch=181, nll=1069.7246, acc=0.2543
[ 2022-07-06 16:31:35,010][train.train_nn_models] Found a better model at epoch 181.
[ 2022-07-06 16:31:40,921][train.train_nn_models] [Training] Epoch=182, loss=1078.1506, nll=1078.1506, l2_reg=0.0000, acc=0.2582
[ 2022-07-06 16:31:40,924][train.train_nn_models] [Validation] Epoch=182, nll=1069.7042, acc=0.2542
[ 2022-07-06 16:31:40,927][train.train_nn_models] Found a better model at epoch 182.
[ 2022-07-06 16:31:47,344][train.train_nn_models] [Training] Epoch=183, loss=1078.1172, nll=1078.1172, l2_reg=0.0000, acc=0.2582
[ 2022-07-06 16:31:47,347][train.train_nn_models] [Validation] Epoch=183, nll=1069.6848, acc=0.2541
[ 2022-07-06 16:31:47,349][train.train_nn_models] Found a better model at epoch 183.
[ 2022-07-06 16:31:51,191][train.train_nn_models] [Training] Epoch=184, loss=1078.0844, nll=1078.0844, l2_reg=0.0000, acc=0.2584
[ 2022-07-06 16:31:51,194][train.train_nn_models] [Validation] Epoch=184, nll=1069.6652, acc=0.2541
[ 2022-07-06 16:31:51,197][train.train_nn_models] Found a better model at epoch 184.
[ 2022-07-06 16:31:55,810][train.train_nn_models] [Training] Epoch=185, loss=1078.0516, nll=1078.0516, l2_reg=0.0000, acc=0.2583
[ 2022-07-06 16:31:55,813][train.train_nn_models] [Validation] Epoch=185, nll=1069.6450, acc=0.2540
[ 2022-07-06 16:31:55,815][train.train_nn_models] Found a better model at epoch 185.
[ 2022-07-06 16:32:00,352][train.train_nn_models] [Training] Epoch=186, loss=1078.0197, nll=1078.0197, l2_reg=0.0000, acc=0.2584
[ 2022-07-06 16:32:00,355][train.train_nn_models] [Validation] Epoch=186, nll=1069.6246, acc=0.2540
[ 2022-07-06 16:32:00,358][train.train_nn_models] Found a better model at epoch 186.
[ 2022-07-06 16:32:06,591][train.train_nn_models] [Training] Epoch=187, loss=1077.9873, nll=1077.9873, l2_reg=0.0000, acc=0.2584
[ 2022-07-06 16:32:06,594][train.train_nn_models] [Validation] Epoch=187, nll=1069.6058, acc=0.2540
[ 2022-07-06 16:32:06,653][train.train_nn_models] Found a better model at epoch 187.
[ 2022-07-06 16:32:11,449][train.train_nn_models] [Training] Epoch=188, loss=1077.9559, nll=1077.9559, l2_reg=0.0000, acc=0.2585
[ 2022-07-06 16:32:11,451][train.train_nn_models] [Validation] Epoch=188, nll=1069.5874, acc=0.2538
[ 2022-07-06 16:32:11,454][train.train_nn_models] Found a better model at epoch 188.
[ 2022-07-06 16:32:15,576][train.train_nn_models] [Training] Epoch=189, loss=1077.9247, nll=1077.9247, l2_reg=0.0000, acc=0.2586
[ 2022-07-06 16:32:15,579][train.train_nn_models] [Validation] Epoch=189, nll=1069.5685, acc=0.2539
[ 2022-07-06 16:32:15,582][train.train_nn_models] Found a better model at epoch 189.
[ 2022-07-06 16:32:19,978][train.train_nn_models] [Training] Epoch=190, loss=1077.8931, nll=1077.8931, l2_reg=0.0000, acc=0.2585
[ 2022-07-06 16:32:19,981][train.train_nn_models] [Validation] Epoch=190, nll=1069.5496, acc=0.2542
[ 2022-07-06 16:32:19,984][train.train_nn_models] Found a better model at epoch 190.
[ 2022-07-06 16:32:24,153][train.train_nn_models] [Training] Epoch=191, loss=1077.8623, nll=1077.8623, l2_reg=0.0000, acc=0.2586
[ 2022-07-06 16:32:24,156][train.train_nn_models] [Validation] Epoch=191, nll=1069.5311, acc=0.2542
[ 2022-07-06 16:32:24,159][train.train_nn_models] Found a better model at epoch 191.
[ 2022-07-06 16:32:28,556][train.train_nn_models] [Training] Epoch=192, loss=1077.8318, nll=1077.8318, l2_reg=0.0000, acc=0.2587
[ 2022-07-06 16:32:28,559][train.train_nn_models] [Validation] Epoch=192, nll=1069.5129, acc=0.2543
[ 2022-07-06 16:32:28,561][train.train_nn_models] Found a better model at epoch 192.
[ 2022-07-06 16:32:33,364][train.train_nn_models] [Training] Epoch=193, loss=1077.8011, nll=1077.8011, l2_reg=0.0000, acc=0.2587
[ 2022-07-06 16:32:33,367][train.train_nn_models] [Validation] Epoch=193, nll=1069.4949, acc=0.2543
[ 2022-07-06 16:32:33,370][train.train_nn_models] Found a better model at epoch 193.
[ 2022-07-06 16:32:38,916][train.train_nn_models] [Training] Epoch=194, loss=1077.7710, nll=1077.7710, l2_reg=0.0000, acc=0.2587
[ 2022-07-06 16:32:38,919][train.train_nn_models] [Validation] Epoch=194, nll=1069.4773, acc=0.2542
[ 2022-07-06 16:32:38,922][train.train_nn_models] Found a better model at epoch 194.
[ 2022-07-06 16:32:44,016][train.train_nn_models] [Training] Epoch=195, loss=1077.7413, nll=1077.7413, l2_reg=0.0000, acc=0.2587
[ 2022-07-06 16:32:44,019][train.train_nn_models] [Validation] Epoch=195, nll=1069.4598, acc=0.2541
[ 2022-07-06 16:32:44,021][train.train_nn_models] Found a better model at epoch 195.
[ 2022-07-06 16:32:48,960][train.train_nn_models] [Training] Epoch=196, loss=1077.7117, nll=1077.7117, l2_reg=0.0000, acc=0.2588
[ 2022-07-06 16:32:48,962][train.train_nn_models] [Validation] Epoch=196, nll=1069.4431, acc=0.2541
[ 2022-07-06 16:32:48,965][train.train_nn_models] Found a better model at epoch 196.
[ 2022-07-06 16:32:53,906][train.train_nn_models] [Training] Epoch=197, loss=1077.6826, nll=1077.6826, l2_reg=0.0000, acc=0.2589
[ 2022-07-06 16:32:53,909][train.train_nn_models] [Validation] Epoch=197, nll=1069.4250, acc=0.2542
[ 2022-07-06 16:32:53,912][train.train_nn_models] Found a better model at epoch 197.
[ 2022-07-06 16:32:57,994][train.train_nn_models] [Training] Epoch=198, loss=1077.6536, nll=1077.6536, l2_reg=0.0000, acc=0.2589
[ 2022-07-06 16:32:57,997][train.train_nn_models] [Validation] Epoch=198, nll=1069.4077, acc=0.2539
[ 2022-07-06 16:32:58,000][train.train_nn_models] Found a better model at epoch 198.
[ 2022-07-06 16:33:02,497][train.train_nn_models] [Training] Epoch=199, loss=1077.6243, nll=1077.6243, l2_reg=0.0000, acc=0.2590
[ 2022-07-06 16:33:02,499][train.train_nn_models] [Validation] Epoch=199, nll=1069.3901, acc=0.2540
[ 2022-07-06 16:33:02,502][train.train_nn_models] Found a better model at epoch 199.
[ 2022-07-06 16:33:03,260][train.eval_nll] [Test]nll=1063.3743, acc=0.2623
[ 2022-07-06 16:54:30,431][train.<module>]                    timestamp  ...                                             config
0 2022-07-06 16:54:30.413932  ...  {'model': 'ERPP', 'dataset': 'mhp-1K-10', 'inp...
1 2022-07-06 16:54:30.413932  ...  {'model': 'ERPP', 'dataset': 'mhp-1K-10', 'inp...
2 2022-07-06 16:54:30.413932  ...  {'model': 'ERPP', 'dataset': 'mhp-1K-10', 'inp...
3 2022-07-06 16:54:30.413932  ...  {'model': 'ERPP', 'dataset': 'mhp-1K-10', 'inp...
4 2022-07-06 16:54:30.413932  ...  {'model': 'ERPP', 'dataset': 'mhp-1K-10', 'inp...
5 2022-07-06 16:54:30.413932  ...  {'model': 'ERPP', 'dataset': 'mhp-1K-10', 'inp...

[6 rows x 7 columns]
