[ 2022-08-29 18:47:14,509][train.<module>] Namespace(batch_size=64, bucket_seqs=False, cuda=True, dataset='pgem-1K-15', embedding_dim=64, epochs=200, hidden_size=64, init_scale=10, input_dir='data/input', lr=0.001, model='RPPN', num_workers=0, optimizer='Adam', output_dir='data/output', rand_seed=1, skip_eval_infectivity=False, skip_pred_next_event=False, split_id=3, tune_metric='nll', verbose=False)
[ 2022-08-29 18:47:17,223][train.train_nn_models] [Training] Epoch=0, nll=6469.1968
[ 2022-08-29 18:47:17,224][train.train_nn_models] [Validation] Epoch=0, nll=3102.1172
[ 2022-08-29 18:47:19,971][train.train_nn_models] [Training] Epoch=1, nll=2341.0503
[ 2022-08-29 18:47:19,987][train.train_nn_models] [Validation] Epoch=1, nll=1736.5060
[ 2022-08-29 18:47:22,593][train.train_nn_models] [Training] Epoch=2, nll=1614.4149
[ 2022-08-29 18:47:22,594][train.train_nn_models] [Validation] Epoch=2, nll=1501.0348
[ 2022-08-29 18:47:24,942][train.train_nn_models] [Training] Epoch=3, nll=1480.8192
[ 2022-08-29 18:47:24,943][train.train_nn_models] [Validation] Epoch=3, nll=1444.8229
[ 2022-08-29 18:47:27,316][train.train_nn_models] [Training] Epoch=4, nll=1443.3076
[ 2022-08-29 18:47:27,317][train.train_nn_models] [Validation] Epoch=4, nll=1422.6924
[ 2022-08-29 18:47:29,691][train.train_nn_models] [Training] Epoch=5, nll=1426.2345
[ 2022-08-29 18:47:29,692][train.train_nn_models] [Validation] Epoch=5, nll=1409.9680
[ 2022-08-29 18:47:32,085][train.train_nn_models] [Training] Epoch=6, nll=1415.4250
[ 2022-08-29 18:47:32,085][train.train_nn_models] [Validation] Epoch=6, nll=1400.7655
[ 2022-08-29 18:47:34,457][train.train_nn_models] [Training] Epoch=7, nll=1407.1876
[ 2022-08-29 18:47:34,458][train.train_nn_models] [Validation] Epoch=7, nll=1393.2661
[ 2022-08-29 18:47:36,848][train.train_nn_models] [Training] Epoch=8, nll=1400.2997
[ 2022-08-29 18:47:36,849][train.train_nn_models] [Validation] Epoch=8, nll=1386.7814
[ 2022-08-29 18:47:39,229][train.train_nn_models] [Training] Epoch=9, nll=1394.2632
[ 2022-08-29 18:47:39,232][train.train_nn_models] [Validation] Epoch=9, nll=1380.9899
[ 2022-08-29 18:47:41,730][train.train_nn_models] [Training] Epoch=10, nll=1388.8271
[ 2022-08-29 18:47:41,731][train.train_nn_models] [Validation] Epoch=10, nll=1375.7089
[ 2022-08-29 18:47:44,275][train.train_nn_models] [Training] Epoch=11, nll=1383.8423
[ 2022-08-29 18:47:44,276][train.train_nn_models] [Validation] Epoch=11, nll=1370.8239
[ 2022-08-29 18:47:46,803][train.train_nn_models] [Training] Epoch=12, nll=1379.2137
[ 2022-08-29 18:47:46,806][train.train_nn_models] [Validation] Epoch=12, nll=1366.2626
[ 2022-08-29 18:47:49,318][train.train_nn_models] [Training] Epoch=13, nll=1374.8833
[ 2022-08-29 18:47:49,320][train.train_nn_models] [Validation] Epoch=13, nll=1361.9845
[ 2022-08-29 18:47:51,818][train.train_nn_models] [Training] Epoch=14, nll=1370.8175
[ 2022-08-29 18:47:51,822][train.train_nn_models] [Validation] Epoch=14, nll=1357.9617
[ 2022-08-29 18:47:54,407][train.train_nn_models] [Training] Epoch=15, nll=1366.9840
[ 2022-08-29 18:47:54,409][train.train_nn_models] [Validation] Epoch=15, nll=1354.1598
[ 2022-08-29 18:47:57,038][train.train_nn_models] [Training] Epoch=16, nll=1363.3466
[ 2022-08-29 18:47:57,041][train.train_nn_models] [Validation] Epoch=16, nll=1350.5417
[ 2022-08-29 18:47:59,727][train.train_nn_models] [Training] Epoch=17, nll=1359.8715
[ 2022-08-29 18:47:59,731][train.train_nn_models] [Validation] Epoch=17, nll=1347.0781
[ 2022-08-29 18:48:02,354][train.train_nn_models] [Training] Epoch=18, nll=1356.5333
[ 2022-08-29 18:48:02,357][train.train_nn_models] [Validation] Epoch=18, nll=1343.7473
[ 2022-08-29 18:48:04,950][train.train_nn_models] [Training] Epoch=19, nll=1353.3154
[ 2022-08-29 18:48:04,954][train.train_nn_models] [Validation] Epoch=19, nll=1340.5348
[ 2022-08-29 18:48:07,542][train.train_nn_models] [Training] Epoch=20, nll=1350.2053
[ 2022-08-29 18:48:07,546][train.train_nn_models] [Validation] Epoch=20, nll=1337.4297
[ 2022-08-29 18:48:10,112][train.train_nn_models] [Training] Epoch=21, nll=1347.1932
[ 2022-08-29 18:48:10,116][train.train_nn_models] [Validation] Epoch=21, nll=1334.4219
[ 2022-08-29 18:48:12,700][train.train_nn_models] [Training] Epoch=22, nll=1344.2712
[ 2022-08-29 18:48:12,704][train.train_nn_models] [Validation] Epoch=22, nll=1331.5039
[ 2022-08-29 18:48:15,340][train.train_nn_models] [Training] Epoch=23, nll=1341.4324
[ 2022-08-29 18:48:15,344][train.train_nn_models] [Validation] Epoch=23, nll=1328.6696
[ 2022-08-29 18:48:17,860][train.train_nn_models] [Training] Epoch=24, nll=1338.6713
[ 2022-08-29 18:48:17,865][train.train_nn_models] [Validation] Epoch=24, nll=1325.9132
[ 2022-08-29 18:48:20,403][train.train_nn_models] [Training] Epoch=25, nll=1335.9827
[ 2022-08-29 18:48:20,407][train.train_nn_models] [Validation] Epoch=25, nll=1323.2305
[ 2022-08-29 18:48:22,969][train.train_nn_models] [Training] Epoch=26, nll=1333.3632
[ 2022-08-29 18:48:22,973][train.train_nn_models] [Validation] Epoch=26, nll=1320.6173
[ 2022-08-29 18:48:25,488][train.train_nn_models] [Training] Epoch=27, nll=1330.8087
[ 2022-08-29 18:48:25,491][train.train_nn_models] [Validation] Epoch=27, nll=1318.0698
[ 2022-08-29 18:48:27,882][train.train_nn_models] [Training] Epoch=28, nll=1328.3169
[ 2022-08-29 18:48:27,885][train.train_nn_models] [Validation] Epoch=28, nll=1315.5862
[ 2022-08-29 18:48:30,269][train.train_nn_models] [Training] Epoch=29, nll=1325.8845
[ 2022-08-29 18:48:30,273][train.train_nn_models] [Validation] Epoch=29, nll=1313.1628
[ 2022-08-29 18:48:32,689][train.train_nn_models] [Training] Epoch=30, nll=1323.5099
[ 2022-08-29 18:48:32,691][train.train_nn_models] [Validation] Epoch=30, nll=1310.7980
[ 2022-08-29 18:48:35,072][train.train_nn_models] [Training] Epoch=31, nll=1321.1908
[ 2022-08-29 18:48:35,075][train.train_nn_models] [Validation] Epoch=31, nll=1308.4893
[ 2022-08-29 18:48:37,542][train.train_nn_models] [Training] Epoch=32, nll=1318.9254
[ 2022-08-29 18:48:37,546][train.train_nn_models] [Validation] Epoch=32, nll=1306.2350
[ 2022-08-29 18:48:39,845][train.train_nn_models] [Training] Epoch=33, nll=1316.7119
[ 2022-08-29 18:48:39,848][train.train_nn_models] [Validation] Epoch=33, nll=1304.0334
[ 2022-08-29 18:48:42,313][train.train_nn_models] [Training] Epoch=34, nll=1314.5493
[ 2022-08-29 18:48:42,317][train.train_nn_models] [Validation] Epoch=34, nll=1301.8835
[ 2022-08-29 18:48:44,731][train.train_nn_models] [Training] Epoch=35, nll=1312.4362
[ 2022-08-29 18:48:44,734][train.train_nn_models] [Validation] Epoch=35, nll=1299.7836
[ 2022-08-29 18:48:47,261][train.train_nn_models] [Training] Epoch=36, nll=1310.3711
[ 2022-08-29 18:48:47,264][train.train_nn_models] [Validation] Epoch=36, nll=1297.7321
[ 2022-08-29 18:48:49,750][train.train_nn_models] [Training] Epoch=37, nll=1308.3529
[ 2022-08-29 18:48:49,753][train.train_nn_models] [Validation] Epoch=37, nll=1295.7279
[ 2022-08-29 18:48:52,082][train.train_nn_models] [Training] Epoch=38, nll=1306.3807
[ 2022-08-29 18:48:52,085][train.train_nn_models] [Validation] Epoch=38, nll=1293.7700
[ 2022-08-29 18:48:54,527][train.train_nn_models] [Training] Epoch=39, nll=1304.4534
[ 2022-08-29 18:48:54,530][train.train_nn_models] [Validation] Epoch=39, nll=1291.8572
[ 2022-08-29 18:48:56,839][train.train_nn_models] [Training] Epoch=40, nll=1302.5696
[ 2022-08-29 18:48:56,842][train.train_nn_models] [Validation] Epoch=40, nll=1289.9884
[ 2022-08-29 18:48:59,270][train.train_nn_models] [Training] Epoch=41, nll=1300.7288
[ 2022-08-29 18:48:59,273][train.train_nn_models] [Validation] Epoch=41, nll=1288.1627
[ 2022-08-29 18:49:01,593][train.train_nn_models] [Training] Epoch=42, nll=1298.9301
[ 2022-08-29 18:49:01,596][train.train_nn_models] [Validation] Epoch=42, nll=1286.3789
[ 2022-08-29 18:49:04,001][train.train_nn_models] [Training] Epoch=43, nll=1297.1724
[ 2022-08-29 18:49:04,003][train.train_nn_models] [Validation] Epoch=43, nll=1284.6365
[ 2022-08-29 18:49:06,368][train.train_nn_models] [Training] Epoch=44, nll=1295.4548
[ 2022-08-29 18:49:06,371][train.train_nn_models] [Validation] Epoch=44, nll=1282.9342
[ 2022-08-29 18:49:08,807][train.train_nn_models] [Training] Epoch=45, nll=1293.7765
[ 2022-08-29 18:49:08,810][train.train_nn_models] [Validation] Epoch=45, nll=1281.2709
[ 2022-08-29 18:49:11,288][train.train_nn_models] [Training] Epoch=46, nll=1292.1365
[ 2022-08-29 18:49:11,291][train.train_nn_models] [Validation] Epoch=46, nll=1279.6462
[ 2022-08-29 18:49:13,623][train.train_nn_models] [Training] Epoch=47, nll=1290.5342
[ 2022-08-29 18:49:13,626][train.train_nn_models] [Validation] Epoch=47, nll=1278.0593
[ 2022-08-29 18:49:16,113][train.train_nn_models] [Training] Epoch=48, nll=1288.9686
[ 2022-08-29 18:49:16,116][train.train_nn_models] [Validation] Epoch=48, nll=1276.5084
[ 2022-08-29 18:49:18,467][train.train_nn_models] [Training] Epoch=49, nll=1287.4395
[ 2022-08-29 18:49:18,470][train.train_nn_models] [Validation] Epoch=49, nll=1274.9939
[ 2022-08-29 18:49:20,933][train.train_nn_models] [Training] Epoch=50, nll=1285.9456
[ 2022-08-29 18:49:20,934][train.train_nn_models] [Validation] Epoch=50, nll=1273.5142
[ 2022-08-29 18:49:23,259][train.train_nn_models] [Training] Epoch=51, nll=1284.4860
[ 2022-08-29 18:49:23,262][train.train_nn_models] [Validation] Epoch=51, nll=1272.0692
[ 2022-08-29 18:49:25,738][train.train_nn_models] [Training] Epoch=52, nll=1283.0598
[ 2022-08-29 18:49:25,741][train.train_nn_models] [Validation] Epoch=52, nll=1270.6576
[ 2022-08-29 18:49:28,156][train.train_nn_models] [Training] Epoch=53, nll=1281.6671
[ 2022-08-29 18:49:28,159][train.train_nn_models] [Validation] Epoch=53, nll=1269.2787
[ 2022-08-29 18:49:30,567][train.train_nn_models] [Training] Epoch=54, nll=1280.3064
[ 2022-08-29 18:49:30,569][train.train_nn_models] [Validation] Epoch=54, nll=1267.9318
[ 2022-08-29 18:49:33,022][train.train_nn_models] [Training] Epoch=55, nll=1278.9775
[ 2022-08-29 18:49:33,025][train.train_nn_models] [Validation] Epoch=55, nll=1266.6165
[ 2022-08-29 18:49:35,419][train.train_nn_models] [Training] Epoch=56, nll=1277.6793
[ 2022-08-29 18:49:35,422][train.train_nn_models] [Validation] Epoch=56, nll=1265.3318
[ 2022-08-29 18:49:37,946][train.train_nn_models] [Training] Epoch=57, nll=1276.4114
[ 2022-08-29 18:49:37,948][train.train_nn_models] [Validation] Epoch=57, nll=1264.0769
[ 2022-08-29 18:49:40,277][train.train_nn_models] [Training] Epoch=58, nll=1275.1731
[ 2022-08-29 18:49:40,280][train.train_nn_models] [Validation] Epoch=58, nll=1262.8510
[ 2022-08-29 18:49:42,807][train.train_nn_models] [Training] Epoch=59, nll=1273.9635
[ 2022-08-29 18:49:42,810][train.train_nn_models] [Validation] Epoch=59, nll=1261.6543
[ 2022-08-29 18:49:45,314][train.train_nn_models] [Training] Epoch=60, nll=1272.7822
[ 2022-08-29 18:49:45,317][train.train_nn_models] [Validation] Epoch=60, nll=1260.4854
[ 2022-08-29 18:49:47,927][train.train_nn_models] [Training] Epoch=61, nll=1271.6285
[ 2022-08-29 18:49:47,930][train.train_nn_models] [Validation] Epoch=61, nll=1259.3438
[ 2022-08-29 18:49:50,596][train.train_nn_models] [Training] Epoch=62, nll=1270.5018
[ 2022-08-29 18:49:50,599][train.train_nn_models] [Validation] Epoch=62, nll=1258.2289
[ 2022-08-29 18:49:52,974][train.train_nn_models] [Training] Epoch=63, nll=1269.4015
[ 2022-08-29 18:49:52,976][train.train_nn_models] [Validation] Epoch=63, nll=1257.1401
[ 2022-08-29 18:49:55,472][train.train_nn_models] [Training] Epoch=64, nll=1268.3270
[ 2022-08-29 18:49:55,474][train.train_nn_models] [Validation] Epoch=64, nll=1256.0770
[ 2022-08-29 18:49:57,910][train.train_nn_models] [Training] Epoch=65, nll=1267.2776
[ 2022-08-29 18:49:57,913][train.train_nn_models] [Validation] Epoch=65, nll=1255.0389
[ 2022-08-29 18:50:00,398][train.train_nn_models] [Training] Epoch=66, nll=1266.2528
[ 2022-08-29 18:50:00,401][train.train_nn_models] [Validation] Epoch=66, nll=1254.0253
[ 2022-08-29 18:50:02,869][train.train_nn_models] [Training] Epoch=67, nll=1265.2520
[ 2022-08-29 18:50:02,872][train.train_nn_models] [Validation] Epoch=67, nll=1253.0358
[ 2022-08-29 18:50:05,298][train.train_nn_models] [Training] Epoch=68, nll=1264.2748
[ 2022-08-29 18:50:05,300][train.train_nn_models] [Validation] Epoch=68, nll=1252.0692
[ 2022-08-29 18:50:07,746][train.train_nn_models] [Training] Epoch=69, nll=1263.3207
[ 2022-08-29 18:50:07,749][train.train_nn_models] [Validation] Epoch=69, nll=1251.1257
[ 2022-08-29 18:50:10,069][train.train_nn_models] [Training] Epoch=70, nll=1262.3889
[ 2022-08-29 18:50:10,072][train.train_nn_models] [Validation] Epoch=70, nll=1250.2043
[ 2022-08-29 18:50:12,499][train.train_nn_models] [Training] Epoch=71, nll=1261.4794
[ 2022-08-29 18:50:12,501][train.train_nn_models] [Validation] Epoch=71, nll=1249.3052
[ 2022-08-29 18:50:14,839][train.train_nn_models] [Training] Epoch=72, nll=1260.5909
[ 2022-08-29 18:50:14,841][train.train_nn_models] [Validation] Epoch=72, nll=1248.4270
[ 2022-08-29 18:50:17,302][train.train_nn_models] [Training] Epoch=73, nll=1259.7238
[ 2022-08-29 18:50:17,304][train.train_nn_models] [Validation] Epoch=73, nll=1247.5697
[ 2022-08-29 18:50:19,669][train.train_nn_models] [Training] Epoch=74, nll=1258.8768
[ 2022-08-29 18:50:19,672][train.train_nn_models] [Validation] Epoch=74, nll=1246.7327
[ 2022-08-29 18:50:22,110][train.train_nn_models] [Training] Epoch=75, nll=1258.0500
[ 2022-08-29 18:50:22,113][train.train_nn_models] [Validation] Epoch=75, nll=1245.9161
[ 2022-08-29 18:50:24,521][train.train_nn_models] [Training] Epoch=76, nll=1257.2427
[ 2022-08-29 18:50:24,524][train.train_nn_models] [Validation] Epoch=76, nll=1245.1183
[ 2022-08-29 18:50:26,899][train.train_nn_models] [Training] Epoch=77, nll=1256.4546
[ 2022-08-29 18:50:26,901][train.train_nn_models] [Validation] Epoch=77, nll=1244.3397
[ 2022-08-29 18:50:29,368][train.train_nn_models] [Training] Epoch=78, nll=1255.6851
[ 2022-08-29 18:50:29,371][train.train_nn_models] [Validation] Epoch=78, nll=1243.5801
[ 2022-08-29 18:50:31,742][train.train_nn_models] [Training] Epoch=79, nll=1254.9338
[ 2022-08-29 18:50:31,744][train.train_nn_models] [Validation] Epoch=79, nll=1242.8384
[ 2022-08-29 18:50:34,263][train.train_nn_models] [Training] Epoch=80, nll=1254.2004
[ 2022-08-29 18:50:34,266][train.train_nn_models] [Validation] Epoch=80, nll=1242.1145
[ 2022-08-29 18:50:36,658][train.train_nn_models] [Training] Epoch=81, nll=1253.4845
[ 2022-08-29 18:50:36,661][train.train_nn_models] [Validation] Epoch=81, nll=1241.4078
[ 2022-08-29 18:50:39,194][train.train_nn_models] [Training] Epoch=82, nll=1252.7852
[ 2022-08-29 18:50:39,197][train.train_nn_models] [Validation] Epoch=82, nll=1240.7180
[ 2022-08-29 18:50:41,607][train.train_nn_models] [Training] Epoch=83, nll=1252.1029
[ 2022-08-29 18:50:41,609][train.train_nn_models] [Validation] Epoch=83, nll=1240.0448
[ 2022-08-29 18:50:44,105][train.train_nn_models] [Training] Epoch=84, nll=1251.4366
[ 2022-08-29 18:50:44,107][train.train_nn_models] [Validation] Epoch=84, nll=1239.3878
[ 2022-08-29 18:50:46,524][train.train_nn_models] [Training] Epoch=85, nll=1250.7860
[ 2022-08-29 18:50:46,527][train.train_nn_models] [Validation] Epoch=85, nll=1238.7465
[ 2022-08-29 18:50:48,970][train.train_nn_models] [Training] Epoch=86, nll=1250.1509
[ 2022-08-29 18:50:48,971][train.train_nn_models] [Validation] Epoch=86, nll=1238.1206
[ 2022-08-29 18:50:51,386][train.train_nn_models] [Training] Epoch=87, nll=1249.5309
[ 2022-08-29 18:50:51,389][train.train_nn_models] [Validation] Epoch=87, nll=1237.5096
[ 2022-08-29 18:50:53,777][train.train_nn_models] [Training] Epoch=88, nll=1248.9257
[ 2022-08-29 18:50:53,779][train.train_nn_models] [Validation] Epoch=88, nll=1236.9136
[ 2022-08-29 18:50:56,341][train.train_nn_models] [Training] Epoch=89, nll=1248.3346
[ 2022-08-29 18:50:56,343][train.train_nn_models] [Validation] Epoch=89, nll=1236.3317
[ 2022-08-29 18:50:58,700][train.train_nn_models] [Training] Epoch=90, nll=1247.7576
[ 2022-08-29 18:50:58,703][train.train_nn_models] [Validation] Epoch=90, nll=1235.7633
[ 2022-08-29 18:51:01,221][train.train_nn_models] [Training] Epoch=91, nll=1247.1942
[ 2022-08-29 18:51:01,223][train.train_nn_models] [Validation] Epoch=91, nll=1235.2090
[ 2022-08-29 18:51:03,584][train.train_nn_models] [Training] Epoch=92, nll=1246.6442
[ 2022-08-29 18:51:03,586][train.train_nn_models] [Validation] Epoch=92, nll=1234.6677
[ 2022-08-29 18:51:06,048][train.train_nn_models] [Training] Epoch=93, nll=1246.1072
[ 2022-08-29 18:51:06,051][train.train_nn_models] [Validation] Epoch=93, nll=1234.1396
[ 2022-08-29 18:51:08,409][train.train_nn_models] [Training] Epoch=94, nll=1245.5828
[ 2022-08-29 18:51:08,412][train.train_nn_models] [Validation] Epoch=94, nll=1233.6240
[ 2022-08-29 18:51:10,855][train.train_nn_models] [Training] Epoch=95, nll=1245.0706
[ 2022-08-29 18:51:10,858][train.train_nn_models] [Validation] Epoch=95, nll=1233.1206
[ 2022-08-29 18:51:13,363][train.train_nn_models] [Training] Epoch=96, nll=1244.5706
[ 2022-08-29 18:51:13,365][train.train_nn_models] [Validation] Epoch=96, nll=1232.6293
[ 2022-08-29 18:51:15,784][train.train_nn_models] [Training] Epoch=97, nll=1244.0820
[ 2022-08-29 18:51:15,787][train.train_nn_models] [Validation] Epoch=97, nll=1232.1495
[ 2022-08-29 18:51:18,288][train.train_nn_models] [Training] Epoch=98, nll=1243.6051
[ 2022-08-29 18:51:18,291][train.train_nn_models] [Validation] Epoch=98, nll=1231.6813
[ 2022-08-29 18:51:20,800][train.train_nn_models] [Training] Epoch=99, nll=1243.1393
[ 2022-08-29 18:51:20,802][train.train_nn_models] [Validation] Epoch=99, nll=1231.2242
[ 2022-08-29 18:51:23,281][train.train_nn_models] [Training] Epoch=100, nll=1242.6843
[ 2022-08-29 18:51:23,284][train.train_nn_models] [Validation] Epoch=100, nll=1230.7778
[ 2022-08-29 18:51:25,778][train.train_nn_models] [Training] Epoch=101, nll=1242.2401
[ 2022-08-29 18:51:25,781][train.train_nn_models] [Validation] Epoch=101, nll=1230.3420
[ 2022-08-29 18:51:25,783][train.train_nn_models] Found a better model at epoch 101.
[ 2022-08-29 18:51:28,237][train.train_nn_models] [Training] Epoch=102, nll=1241.8059
[ 2022-08-29 18:51:28,239][train.train_nn_models] [Validation] Epoch=102, nll=1229.9166
[ 2022-08-29 18:51:28,242][train.train_nn_models] Found a better model at epoch 102.
[ 2022-08-29 18:51:30,675][train.train_nn_models] [Training] Epoch=103, nll=1241.3821
[ 2022-08-29 18:51:30,678][train.train_nn_models] [Validation] Epoch=103, nll=1229.5009
[ 2022-08-29 18:51:30,680][train.train_nn_models] Found a better model at epoch 103.
[ 2022-08-29 18:51:33,147][train.train_nn_models] [Training] Epoch=104, nll=1240.9678
[ 2022-08-29 18:51:33,150][train.train_nn_models] [Validation] Epoch=104, nll=1229.0951
[ 2022-08-29 18:51:33,152][train.train_nn_models] Found a better model at epoch 104.
[ 2022-08-29 18:51:35,591][train.train_nn_models] [Training] Epoch=105, nll=1240.5632
[ 2022-08-29 18:51:35,593][train.train_nn_models] [Validation] Epoch=105, nll=1228.6989
[ 2022-08-29 18:51:35,595][train.train_nn_models] Found a better model at epoch 105.
[ 2022-08-29 18:51:38,056][train.train_nn_models] [Training] Epoch=106, nll=1240.1678
[ 2022-08-29 18:51:38,057][train.train_nn_models] [Validation] Epoch=106, nll=1228.3116
[ 2022-08-29 18:51:38,060][train.train_nn_models] Found a better model at epoch 106.
[ 2022-08-29 18:51:40,534][train.train_nn_models] [Training] Epoch=107, nll=1239.7816
[ 2022-08-29 18:51:40,536][train.train_nn_models] [Validation] Epoch=107, nll=1227.9338
[ 2022-08-29 18:51:40,539][train.train_nn_models] Found a better model at epoch 107.
[ 2022-08-29 18:51:43,018][train.train_nn_models] [Training] Epoch=108, nll=1239.4041
[ 2022-08-29 18:51:43,021][train.train_nn_models] [Validation] Epoch=108, nll=1227.5646
[ 2022-08-29 18:51:43,024][train.train_nn_models] Found a better model at epoch 108.
[ 2022-08-29 18:51:45,576][train.train_nn_models] [Training] Epoch=109, nll=1239.0352
[ 2022-08-29 18:51:45,579][train.train_nn_models] [Validation] Epoch=109, nll=1227.2040
[ 2022-08-29 18:51:45,581][train.train_nn_models] Found a better model at epoch 109.
[ 2022-08-29 18:51:48,111][train.train_nn_models] [Training] Epoch=110, nll=1238.6750
[ 2022-08-29 18:51:48,113][train.train_nn_models] [Validation] Epoch=110, nll=1226.8517
[ 2022-08-29 18:51:48,116][train.train_nn_models] Found a better model at epoch 110.
[ 2022-08-29 18:51:50,688][train.train_nn_models] [Training] Epoch=111, nll=1238.3228
[ 2022-08-29 18:51:50,691][train.train_nn_models] [Validation] Epoch=111, nll=1226.5073
[ 2022-08-29 18:51:50,694][train.train_nn_models] Found a better model at epoch 111.
[ 2022-08-29 18:51:53,251][train.train_nn_models] [Training] Epoch=112, nll=1237.9786
[ 2022-08-29 18:51:53,253][train.train_nn_models] [Validation] Epoch=112, nll=1226.1711
[ 2022-08-29 18:51:53,256][train.train_nn_models] Found a better model at epoch 112.
[ 2022-08-29 18:51:55,821][train.train_nn_models] [Training] Epoch=113, nll=1237.6422
[ 2022-08-29 18:51:55,824][train.train_nn_models] [Validation] Epoch=113, nll=1225.8427
[ 2022-08-29 18:51:55,827][train.train_nn_models] Found a better model at epoch 113.
[ 2022-08-29 18:51:58,411][train.train_nn_models] [Training] Epoch=114, nll=1237.3134
[ 2022-08-29 18:51:58,414][train.train_nn_models] [Validation] Epoch=114, nll=1225.5217
[ 2022-08-29 18:51:58,417][train.train_nn_models] Found a better model at epoch 114.
[ 2022-08-29 18:52:00,979][train.train_nn_models] [Training] Epoch=115, nll=1236.9921
[ 2022-08-29 18:52:00,982][train.train_nn_models] [Validation] Epoch=115, nll=1225.2080
[ 2022-08-29 18:52:00,984][train.train_nn_models] Found a better model at epoch 115.
[ 2022-08-29 18:52:03,583][train.train_nn_models] [Training] Epoch=116, nll=1236.6779
[ 2022-08-29 18:52:03,585][train.train_nn_models] [Validation] Epoch=116, nll=1224.9015
[ 2022-08-29 18:52:03,588][train.train_nn_models] Found a better model at epoch 116.
[ 2022-08-29 18:52:06,161][train.train_nn_models] [Training] Epoch=117, nll=1236.3705
[ 2022-08-29 18:52:06,163][train.train_nn_models] [Validation] Epoch=117, nll=1224.6022
[ 2022-08-29 18:52:06,165][train.train_nn_models] Found a better model at epoch 117.
[ 2022-08-29 18:52:08,886][train.train_nn_models] [Training] Epoch=118, nll=1236.0703
[ 2022-08-29 18:52:08,889][train.train_nn_models] [Validation] Epoch=118, nll=1224.3096
[ 2022-08-29 18:52:08,891][train.train_nn_models] Found a better model at epoch 118.
[ 2022-08-29 18:52:11,478][train.train_nn_models] [Training] Epoch=119, nll=1235.7769
[ 2022-08-29 18:52:11,480][train.train_nn_models] [Validation] Epoch=119, nll=1224.0234
[ 2022-08-29 18:52:11,483][train.train_nn_models] Found a better model at epoch 119.
[ 2022-08-29 18:52:14,074][train.train_nn_models] [Training] Epoch=120, nll=1235.4899
[ 2022-08-29 18:52:14,077][train.train_nn_models] [Validation] Epoch=120, nll=1223.7439
[ 2022-08-29 18:52:14,080][train.train_nn_models] Found a better model at epoch 120.
[ 2022-08-29 18:52:16,643][train.train_nn_models] [Training] Epoch=121, nll=1235.2092
[ 2022-08-29 18:52:16,645][train.train_nn_models] [Validation] Epoch=121, nll=1223.4708
[ 2022-08-29 18:52:16,648][train.train_nn_models] Found a better model at epoch 121.
[ 2022-08-29 18:52:19,223][train.train_nn_models] [Training] Epoch=122, nll=1234.9348
[ 2022-08-29 18:52:19,225][train.train_nn_models] [Validation] Epoch=122, nll=1223.2037
[ 2022-08-29 18:52:19,227][train.train_nn_models] Found a better model at epoch 122.
[ 2022-08-29 18:52:21,781][train.train_nn_models] [Training] Epoch=123, nll=1234.6669
[ 2022-08-29 18:52:21,784][train.train_nn_models] [Validation] Epoch=123, nll=1222.9430
[ 2022-08-29 18:52:21,787][train.train_nn_models] Found a better model at epoch 123.
[ 2022-08-29 18:52:24,356][train.train_nn_models] [Training] Epoch=124, nll=1234.4043
[ 2022-08-29 18:52:24,359][train.train_nn_models] [Validation] Epoch=124, nll=1222.6879
[ 2022-08-29 18:52:24,362][train.train_nn_models] Found a better model at epoch 124.
[ 2022-08-29 18:52:26,929][train.train_nn_models] [Training] Epoch=125, nll=1234.1479
[ 2022-08-29 18:52:26,931][train.train_nn_models] [Validation] Epoch=125, nll=1222.4384
[ 2022-08-29 18:52:26,934][train.train_nn_models] Found a better model at epoch 125.
[ 2022-08-29 18:52:29,425][train.train_nn_models] [Training] Epoch=126, nll=1233.8971
[ 2022-08-29 18:52:29,427][train.train_nn_models] [Validation] Epoch=126, nll=1222.1948
[ 2022-08-29 18:52:29,429][train.train_nn_models] Found a better model at epoch 126.
[ 2022-08-29 18:52:31,886][train.train_nn_models] [Training] Epoch=127, nll=1233.6516
[ 2022-08-29 18:52:31,889][train.train_nn_models] [Validation] Epoch=127, nll=1221.9564
[ 2022-08-29 18:52:31,893][train.train_nn_models] Found a better model at epoch 127.
[ 2022-08-29 18:52:34,373][train.train_nn_models] [Training] Epoch=128, nll=1233.4119
[ 2022-08-29 18:52:34,376][train.train_nn_models] [Validation] Epoch=128, nll=1221.7236
[ 2022-08-29 18:52:34,379][train.train_nn_models] Found a better model at epoch 128.
[ 2022-08-29 18:52:36,892][train.train_nn_models] [Training] Epoch=129, nll=1233.1775
[ 2022-08-29 18:52:36,896][train.train_nn_models] [Validation] Epoch=129, nll=1221.4957
[ 2022-08-29 18:52:36,898][train.train_nn_models] Found a better model at epoch 129.
[ 2022-08-29 18:52:39,283][train.train_nn_models] [Training] Epoch=130, nll=1232.9480
[ 2022-08-29 18:52:39,285][train.train_nn_models] [Validation] Epoch=130, nll=1221.2732
[ 2022-08-29 18:52:39,288][train.train_nn_models] Found a better model at epoch 130.
[ 2022-08-29 18:52:41,798][train.train_nn_models] [Training] Epoch=131, nll=1232.7238
[ 2022-08-29 18:52:41,800][train.train_nn_models] [Validation] Epoch=131, nll=1221.0555
[ 2022-08-29 18:52:41,803][train.train_nn_models] Found a better model at epoch 131.
[ 2022-08-29 18:52:44,224][train.train_nn_models] [Training] Epoch=132, nll=1232.5042
[ 2022-08-29 18:52:44,227][train.train_nn_models] [Validation] Epoch=132, nll=1220.8429
[ 2022-08-29 18:52:44,230][train.train_nn_models] Found a better model at epoch 132.
[ 2022-08-29 18:52:46,753][train.train_nn_models] [Training] Epoch=133, nll=1232.2899
[ 2022-08-29 18:52:46,756][train.train_nn_models] [Validation] Epoch=133, nll=1220.6349
[ 2022-08-29 18:52:46,758][train.train_nn_models] Found a better model at epoch 133.
[ 2022-08-29 18:52:49,234][train.train_nn_models] [Training] Epoch=134, nll=1232.0802
[ 2022-08-29 18:52:49,235][train.train_nn_models] [Validation] Epoch=134, nll=1220.4314
[ 2022-08-29 18:52:49,238][train.train_nn_models] Found a better model at epoch 134.
[ 2022-08-29 18:52:51,630][train.train_nn_models] [Training] Epoch=135, nll=1231.8746
[ 2022-08-29 18:52:51,633][train.train_nn_models] [Validation] Epoch=135, nll=1220.2324
[ 2022-08-29 18:52:51,636][train.train_nn_models] Found a better model at epoch 135.
[ 2022-08-29 18:52:54,169][train.train_nn_models] [Training] Epoch=136, nll=1231.6738
[ 2022-08-29 18:52:54,172][train.train_nn_models] [Validation] Epoch=136, nll=1220.0381
[ 2022-08-29 18:52:54,174][train.train_nn_models] Found a better model at epoch 136.
[ 2022-08-29 18:52:56,523][train.train_nn_models] [Training] Epoch=137, nll=1231.4775
[ 2022-08-29 18:52:56,526][train.train_nn_models] [Validation] Epoch=137, nll=1219.8478
[ 2022-08-29 18:52:56,528][train.train_nn_models] Found a better model at epoch 137.
[ 2022-08-29 18:52:59,019][train.train_nn_models] [Training] Epoch=138, nll=1231.2854
[ 2022-08-29 18:52:59,022][train.train_nn_models] [Validation] Epoch=138, nll=1219.6620
[ 2022-08-29 18:52:59,024][train.train_nn_models] Found a better model at epoch 138.
[ 2022-08-29 18:53:01,443][train.train_nn_models] [Training] Epoch=139, nll=1231.0978
[ 2022-08-29 18:53:01,446][train.train_nn_models] [Validation] Epoch=139, nll=1219.4802
[ 2022-08-29 18:53:01,449][train.train_nn_models] Found a better model at epoch 139.
[ 2022-08-29 18:53:03,905][train.train_nn_models] [Training] Epoch=140, nll=1230.9141
[ 2022-08-29 18:53:03,908][train.train_nn_models] [Validation] Epoch=140, nll=1219.3025
[ 2022-08-29 18:53:03,911][train.train_nn_models] Found a better model at epoch 140.
[ 2022-08-29 18:53:06,386][train.train_nn_models] [Training] Epoch=141, nll=1230.7344
[ 2022-08-29 18:53:06,388][train.train_nn_models] [Validation] Epoch=141, nll=1219.1285
[ 2022-08-29 18:53:06,391][train.train_nn_models] Found a better model at epoch 141.
[ 2022-08-29 18:53:08,763][train.train_nn_models] [Training] Epoch=142, nll=1230.5586
[ 2022-08-29 18:53:08,766][train.train_nn_models] [Validation] Epoch=142, nll=1218.9586
[ 2022-08-29 18:53:08,768][train.train_nn_models] Found a better model at epoch 142.
[ 2022-08-29 18:53:11,291][train.train_nn_models] [Training] Epoch=143, nll=1230.3866
[ 2022-08-29 18:53:11,294][train.train_nn_models] [Validation] Epoch=143, nll=1218.7926
[ 2022-08-29 18:53:11,296][train.train_nn_models] Found a better model at epoch 143.
[ 2022-08-29 18:53:13,707][train.train_nn_models] [Training] Epoch=144, nll=1230.2183
[ 2022-08-29 18:53:13,710][train.train_nn_models] [Validation] Epoch=144, nll=1218.6301
[ 2022-08-29 18:53:13,713][train.train_nn_models] Found a better model at epoch 144.
[ 2022-08-29 18:53:16,136][train.train_nn_models] [Training] Epoch=145, nll=1230.0538
[ 2022-08-29 18:53:16,138][train.train_nn_models] [Validation] Epoch=145, nll=1218.4712
[ 2022-08-29 18:53:16,141][train.train_nn_models] Found a better model at epoch 145.
[ 2022-08-29 18:53:18,564][train.train_nn_models] [Training] Epoch=146, nll=1229.8929
[ 2022-08-29 18:53:18,567][train.train_nn_models] [Validation] Epoch=146, nll=1218.3157
[ 2022-08-29 18:53:18,569][train.train_nn_models] Found a better model at epoch 146.
[ 2022-08-29 18:53:20,960][train.train_nn_models] [Training] Epoch=147, nll=1229.7357
[ 2022-08-29 18:53:20,963][train.train_nn_models] [Validation] Epoch=147, nll=1218.1637
[ 2022-08-29 18:53:20,965][train.train_nn_models] Found a better model at epoch 147.
[ 2022-08-29 18:53:23,445][train.train_nn_models] [Training] Epoch=148, nll=1229.5818
[ 2022-08-29 18:53:23,448][train.train_nn_models] [Validation] Epoch=148, nll=1218.0151
[ 2022-08-29 18:53:23,450][train.train_nn_models] Found a better model at epoch 148.
[ 2022-08-29 18:53:25,784][train.train_nn_models] [Training] Epoch=149, nll=1229.4312
[ 2022-08-29 18:53:25,787][train.train_nn_models] [Validation] Epoch=149, nll=1217.8699
[ 2022-08-29 18:53:25,789][train.train_nn_models] Found a better model at epoch 149.
[ 2022-08-29 18:53:28,249][train.train_nn_models] [Training] Epoch=150, nll=1229.2839
[ 2022-08-29 18:53:28,252][train.train_nn_models] [Validation] Epoch=150, nll=1217.7277
[ 2022-08-29 18:53:28,254][train.train_nn_models] Found a better model at epoch 150.
[ 2022-08-29 18:53:30,602][train.train_nn_models] [Training] Epoch=151, nll=1229.1399
[ 2022-08-29 18:53:30,604][train.train_nn_models] [Validation] Epoch=151, nll=1217.5886
[ 2022-08-29 18:53:30,607][train.train_nn_models] Found a better model at epoch 151.
[ 2022-08-29 18:53:33,061][train.train_nn_models] [Training] Epoch=152, nll=1228.9988
[ 2022-08-29 18:53:33,063][train.train_nn_models] [Validation] Epoch=152, nll=1217.4528
[ 2022-08-29 18:53:33,066][train.train_nn_models] Found a better model at epoch 152.
[ 2022-08-29 18:53:35,465][train.train_nn_models] [Training] Epoch=153, nll=1228.8611
[ 2022-08-29 18:53:35,467][train.train_nn_models] [Validation] Epoch=153, nll=1217.3198
[ 2022-08-29 18:53:35,470][train.train_nn_models] Found a better model at epoch 153.
[ 2022-08-29 18:53:37,878][train.train_nn_models] [Training] Epoch=154, nll=1228.7263
[ 2022-08-29 18:53:37,881][train.train_nn_models] [Validation] Epoch=154, nll=1217.1898
[ 2022-08-29 18:53:37,883][train.train_nn_models] Found a better model at epoch 154.
[ 2022-08-29 18:53:40,349][train.train_nn_models] [Training] Epoch=155, nll=1228.5944
[ 2022-08-29 18:53:40,352][train.train_nn_models] [Validation] Epoch=155, nll=1217.0627
[ 2022-08-29 18:53:40,354][train.train_nn_models] Found a better model at epoch 155.
[ 2022-08-29 18:53:42,772][train.train_nn_models] [Training] Epoch=156, nll=1228.4655
[ 2022-08-29 18:53:42,775][train.train_nn_models] [Validation] Epoch=156, nll=1216.9384
[ 2022-08-29 18:53:42,778][train.train_nn_models] Found a better model at epoch 156.
[ 2022-08-29 18:53:45,259][train.train_nn_models] [Training] Epoch=157, nll=1228.3391
[ 2022-08-29 18:53:45,261][train.train_nn_models] [Validation] Epoch=157, nll=1216.8169
[ 2022-08-29 18:53:45,263][train.train_nn_models] Found a better model at epoch 157.
[ 2022-08-29 18:53:47,654][train.train_nn_models] [Training] Epoch=158, nll=1228.2156
[ 2022-08-29 18:53:47,656][train.train_nn_models] [Validation] Epoch=158, nll=1216.6979
[ 2022-08-29 18:53:47,659][train.train_nn_models] Found a better model at epoch 158.
[ 2022-08-29 18:53:50,170][train.train_nn_models] [Training] Epoch=159, nll=1228.0950
[ 2022-08-29 18:53:50,172][train.train_nn_models] [Validation] Epoch=159, nll=1216.5817
[ 2022-08-29 18:53:50,175][train.train_nn_models] Found a better model at epoch 159.
[ 2022-08-29 18:53:52,531][train.train_nn_models] [Training] Epoch=160, nll=1227.9771
[ 2022-08-29 18:53:52,533][train.train_nn_models] [Validation] Epoch=160, nll=1216.4679
[ 2022-08-29 18:53:52,536][train.train_nn_models] Found a better model at epoch 160.
[ 2022-08-29 18:53:55,164][train.train_nn_models] [Training] Epoch=161, nll=1227.8613
[ 2022-08-29 18:53:55,167][train.train_nn_models] [Validation] Epoch=161, nll=1216.3566
[ 2022-08-29 18:53:55,170][train.train_nn_models] Found a better model at epoch 161.
[ 2022-08-29 18:53:57,670][train.train_nn_models] [Training] Epoch=162, nll=1227.7484
[ 2022-08-29 18:53:57,673][train.train_nn_models] [Validation] Epoch=162, nll=1216.2477
[ 2022-08-29 18:53:57,676][train.train_nn_models] Found a better model at epoch 162.
[ 2022-08-29 18:54:00,200][train.train_nn_models] [Training] Epoch=163, nll=1227.6379
[ 2022-08-29 18:54:00,202][train.train_nn_models] [Validation] Epoch=163, nll=1216.1414
[ 2022-08-29 18:54:00,205][train.train_nn_models] Found a better model at epoch 163.
[ 2022-08-29 18:54:02,708][train.train_nn_models] [Training] Epoch=164, nll=1227.5297
[ 2022-08-29 18:54:02,711][train.train_nn_models] [Validation] Epoch=164, nll=1216.0376
[ 2022-08-29 18:54:02,714][train.train_nn_models] Found a better model at epoch 164.
[ 2022-08-29 18:54:05,094][train.train_nn_models] [Training] Epoch=165, nll=1227.4238
[ 2022-08-29 18:54:05,097][train.train_nn_models] [Validation] Epoch=165, nll=1215.9358
[ 2022-08-29 18:54:05,099][train.train_nn_models] Found a better model at epoch 165.
[ 2022-08-29 18:54:07,601][train.train_nn_models] [Training] Epoch=166, nll=1227.3206
[ 2022-08-29 18:54:07,603][train.train_nn_models] [Validation] Epoch=166, nll=1215.8362
[ 2022-08-29 18:54:07,606][train.train_nn_models] Found a better model at epoch 166.
[ 2022-08-29 18:54:09,973][train.train_nn_models] [Training] Epoch=167, nll=1227.2195
[ 2022-08-29 18:54:09,976][train.train_nn_models] [Validation] Epoch=167, nll=1215.7389
[ 2022-08-29 18:54:09,979][train.train_nn_models] Found a better model at epoch 167.
[ 2022-08-29 18:54:12,545][train.train_nn_models] [Training] Epoch=168, nll=1227.1205
[ 2022-08-29 18:54:12,548][train.train_nn_models] [Validation] Epoch=168, nll=1215.6438
[ 2022-08-29 18:54:12,550][train.train_nn_models] Found a better model at epoch 168.
[ 2022-08-29 18:54:15,002][train.train_nn_models] [Training] Epoch=169, nll=1227.0237
[ 2022-08-29 18:54:15,005][train.train_nn_models] [Validation] Epoch=169, nll=1215.5507
[ 2022-08-29 18:54:15,008][train.train_nn_models] Found a better model at epoch 169.
[ 2022-08-29 18:54:17,446][train.train_nn_models] [Training] Epoch=170, nll=1226.9290
[ 2022-08-29 18:54:17,448][train.train_nn_models] [Validation] Epoch=170, nll=1215.4596
[ 2022-08-29 18:54:17,451][train.train_nn_models] Found a better model at epoch 170.
[ 2022-08-29 18:54:20,056][train.train_nn_models] [Training] Epoch=171, nll=1226.8362
[ 2022-08-29 18:54:20,059][train.train_nn_models] [Validation] Epoch=171, nll=1215.3705
[ 2022-08-29 18:54:20,061][train.train_nn_models] Found a better model at epoch 171.
[ 2022-08-29 18:54:22,586][train.train_nn_models] [Training] Epoch=172, nll=1226.7456
[ 2022-08-29 18:54:22,588][train.train_nn_models] [Validation] Epoch=172, nll=1215.2836
[ 2022-08-29 18:54:22,591][train.train_nn_models] Found a better model at epoch 172.
[ 2022-08-29 18:54:25,260][train.train_nn_models] [Training] Epoch=173, nll=1226.6569
[ 2022-08-29 18:54:25,263][train.train_nn_models] [Validation] Epoch=173, nll=1215.1982
[ 2022-08-29 18:54:25,265][train.train_nn_models] Found a better model at epoch 173.
[ 2022-08-29 18:54:27,944][train.train_nn_models] [Training] Epoch=174, nll=1226.5702
[ 2022-08-29 18:54:27,947][train.train_nn_models] [Validation] Epoch=174, nll=1215.1151
[ 2022-08-29 18:54:27,949][train.train_nn_models] Found a better model at epoch 174.
[ 2022-08-29 18:54:30,612][train.train_nn_models] [Training] Epoch=175, nll=1226.4854
[ 2022-08-29 18:54:30,615][train.train_nn_models] [Validation] Epoch=175, nll=1215.0336
[ 2022-08-29 18:54:30,618][train.train_nn_models] Found a better model at epoch 175.
[ 2022-08-29 18:54:33,353][train.train_nn_models] [Training] Epoch=176, nll=1226.4023
[ 2022-08-29 18:54:33,356][train.train_nn_models] [Validation] Epoch=176, nll=1214.9541
[ 2022-08-29 18:54:33,358][train.train_nn_models] Found a better model at epoch 176.
[ 2022-08-29 18:54:35,826][train.train_nn_models] [Training] Epoch=177, nll=1226.3212
[ 2022-08-29 18:54:35,828][train.train_nn_models] [Validation] Epoch=177, nll=1214.8761
[ 2022-08-29 18:54:35,831][train.train_nn_models] Found a better model at epoch 177.
[ 2022-08-29 18:54:38,463][train.train_nn_models] [Training] Epoch=178, nll=1226.2419
[ 2022-08-29 18:54:38,465][train.train_nn_models] [Validation] Epoch=178, nll=1214.7998
[ 2022-08-29 18:54:38,467][train.train_nn_models] Found a better model at epoch 178.
[ 2022-08-29 18:54:40,890][train.train_nn_models] [Training] Epoch=179, nll=1226.1641
[ 2022-08-29 18:54:40,893][train.train_nn_models] [Validation] Epoch=179, nll=1214.7251
[ 2022-08-29 18:54:40,895][train.train_nn_models] Found a better model at epoch 179.
[ 2022-08-29 18:54:43,462][train.train_nn_models] [Training] Epoch=180, nll=1226.0881
[ 2022-08-29 18:54:43,465][train.train_nn_models] [Validation] Epoch=180, nll=1214.6520
[ 2022-08-29 18:54:43,467][train.train_nn_models] Found a better model at epoch 180.
[ 2022-08-29 18:54:45,964][train.train_nn_models] [Training] Epoch=181, nll=1226.0138
[ 2022-08-29 18:54:45,966][train.train_nn_models] [Validation] Epoch=181, nll=1214.5809
[ 2022-08-29 18:54:45,969][train.train_nn_models] Found a better model at epoch 181.
[ 2022-08-29 18:54:48,348][train.train_nn_models] [Training] Epoch=182, nll=1225.9412
[ 2022-08-29 18:54:48,350][train.train_nn_models] [Validation] Epoch=182, nll=1214.5111
[ 2022-08-29 18:54:48,353][train.train_nn_models] Found a better model at epoch 182.
[ 2022-08-29 18:54:50,833][train.train_nn_models] [Training] Epoch=183, nll=1225.8700
[ 2022-08-29 18:54:50,835][train.train_nn_models] [Validation] Epoch=183, nll=1214.4429
[ 2022-08-29 18:54:50,838][train.train_nn_models] Found a better model at epoch 183.
[ 2022-08-29 18:54:53,163][train.train_nn_models] [Training] Epoch=184, nll=1225.8002
[ 2022-08-29 18:54:53,165][train.train_nn_models] [Validation] Epoch=184, nll=1214.3761
[ 2022-08-29 18:54:53,167][train.train_nn_models] Found a better model at epoch 184.
[ 2022-08-29 18:54:55,700][train.train_nn_models] [Training] Epoch=185, nll=1225.7321
[ 2022-08-29 18:54:55,702][train.train_nn_models] [Validation] Epoch=185, nll=1214.3108
[ 2022-08-29 18:54:55,704][train.train_nn_models] Found a better model at epoch 185.
[ 2022-08-29 18:54:58,419][train.train_nn_models] [Training] Epoch=186, nll=1225.6656
[ 2022-08-29 18:54:58,422][train.train_nn_models] [Validation] Epoch=186, nll=1214.2469
[ 2022-08-29 18:54:58,424][train.train_nn_models] Found a better model at epoch 186.
[ 2022-08-29 18:55:01,176][train.train_nn_models] [Training] Epoch=187, nll=1225.6003
[ 2022-08-29 18:55:01,178][train.train_nn_models] [Validation] Epoch=187, nll=1214.1842
[ 2022-08-29 18:55:01,180][train.train_nn_models] Found a better model at epoch 187.
[ 2022-08-29 18:55:04,001][train.train_nn_models] [Training] Epoch=188, nll=1225.5367
[ 2022-08-29 18:55:04,003][train.train_nn_models] [Validation] Epoch=188, nll=1214.1230
[ 2022-08-29 18:55:04,005][train.train_nn_models] Found a better model at epoch 188.
[ 2022-08-29 18:55:06,685][train.train_nn_models] [Training] Epoch=189, nll=1225.4741
[ 2022-08-29 18:55:06,687][train.train_nn_models] [Validation] Epoch=189, nll=1214.0632
[ 2022-08-29 18:55:06,689][train.train_nn_models] Found a better model at epoch 189.
[ 2022-08-29 18:55:09,482][train.train_nn_models] [Training] Epoch=190, nll=1225.4131
[ 2022-08-29 18:55:09,485][train.train_nn_models] [Validation] Epoch=190, nll=1214.0049
[ 2022-08-29 18:55:09,487][train.train_nn_models] Found a better model at epoch 190.
[ 2022-08-29 18:55:12,211][train.train_nn_models] [Training] Epoch=191, nll=1225.3534
[ 2022-08-29 18:55:12,213][train.train_nn_models] [Validation] Epoch=191, nll=1213.9476
[ 2022-08-29 18:55:12,216][train.train_nn_models] Found a better model at epoch 191.
[ 2022-08-29 18:55:14,922][train.train_nn_models] [Training] Epoch=192, nll=1225.2949
[ 2022-08-29 18:55:14,924][train.train_nn_models] [Validation] Epoch=192, nll=1213.8915
[ 2022-08-29 18:55:14,927][train.train_nn_models] Found a better model at epoch 192.
[ 2022-08-29 18:55:17,727][train.train_nn_models] [Training] Epoch=193, nll=1225.2378
[ 2022-08-29 18:55:17,729][train.train_nn_models] [Validation] Epoch=193, nll=1213.8368
[ 2022-08-29 18:55:17,731][train.train_nn_models] Found a better model at epoch 193.
[ 2022-08-29 18:55:20,497][train.train_nn_models] [Training] Epoch=194, nll=1225.1818
[ 2022-08-29 18:55:20,500][train.train_nn_models] [Validation] Epoch=194, nll=1213.7832
[ 2022-08-29 18:55:20,502][train.train_nn_models] Found a better model at epoch 194.
[ 2022-08-29 18:55:23,313][train.train_nn_models] [Training] Epoch=195, nll=1225.1270
[ 2022-08-29 18:55:23,316][train.train_nn_models] [Validation] Epoch=195, nll=1213.7307
[ 2022-08-29 18:55:23,319][train.train_nn_models] Found a better model at epoch 195.
[ 2022-08-29 18:55:26,051][train.train_nn_models] [Training] Epoch=196, nll=1225.0734
[ 2022-08-29 18:55:26,054][train.train_nn_models] [Validation] Epoch=196, nll=1213.6794
[ 2022-08-29 18:55:26,056][train.train_nn_models] Found a better model at epoch 196.
[ 2022-08-29 18:55:28,812][train.train_nn_models] [Training] Epoch=197, nll=1225.0210
[ 2022-08-29 18:55:28,815][train.train_nn_models] [Validation] Epoch=197, nll=1213.6293
[ 2022-08-29 18:55:28,817][train.train_nn_models] Found a better model at epoch 197.
[ 2022-08-29 18:55:31,580][train.train_nn_models] [Training] Epoch=198, nll=1224.9696
[ 2022-08-29 18:55:31,582][train.train_nn_models] [Validation] Epoch=198, nll=1213.5801
[ 2022-08-29 18:55:31,584][train.train_nn_models] Found a better model at epoch 198.
[ 2022-08-29 18:55:34,356][train.train_nn_models] [Training] Epoch=199, nll=1224.9193
[ 2022-08-29 18:55:34,357][train.train_nn_models] [Validation] Epoch=199, nll=1213.5321
[ 2022-08-29 18:55:34,360][train.train_nn_models] Found a better model at epoch 199.
[ 2022-08-29 18:55:34,597][train.eval_nll] [Test]nll=1219.6516
[ 2022-08-29 18:55:35,976][train.<module>]                    timestamp  ...                                             config
0 2022-08-29 18:55:35.950455  ...  {'model': 'RPPN', 'dataset': 'pgem-1K-15', 'in...
1 2022-08-29 18:55:35.950455  ...  {'model': 'RPPN', 'dataset': 'pgem-1K-15', 'in...
2 2022-08-29 18:55:35.950455  ...  {'model': 'RPPN', 'dataset': 'pgem-1K-15', 'in...
3 2022-08-29 18:55:35.950455  ...  {'model': 'RPPN', 'dataset': 'pgem-1K-15', 'in...
4 2022-08-29 18:55:35.950455  ...  {'model': 'RPPN', 'dataset': 'pgem-1K-15', 'in...
5 2022-08-29 18:55:35.950455  ...  {'model': 'RPPN', 'dataset': 'pgem-1K-15', 'in...

[6 rows x 7 columns]
