[ 2022-08-29 19:23:21,466][train.<module>] Namespace(attr_batch_size=0, basis_type='dyadic', batch_size=64, bucket_seqs=False, cuda=True, dataset='pgem-1K-15', dropout=0.0, embedding_dim=64, epochs=250, hidden_size=64, input_dir='data/input', l2_reg=0, lr=0.0008, max_mean=20.0, model='ERPP', n_bases=7, num_workers=0, occurred_type_only=False, optimizer='Adam', output_dir='data/output', rand_seed=1, rnn='GRU', skip_eval_infectivity=False, skip_pred_next_event=False, split_id=1, steps=50, tune_metric='nll', verbose=False)
[ 2022-08-29 19:23:23,959][train.train_nn_models] [Training] Epoch=0, loss=27529.3340, nll=27529.3340, l2_reg=0.0000, acc=0.1232
[ 2022-08-29 19:23:23,959][train.train_nn_models] [Validation] Epoch=0, nll=22257.5918, acc=0.1041
[ 2022-08-29 19:23:26,265][train.train_nn_models] [Training] Epoch=1, loss=17134.1699, nll=17134.1699, l2_reg=0.0000, acc=0.0814
[ 2022-08-29 19:23:26,278][train.train_nn_models] [Validation] Epoch=1, nll=9548.1445, acc=0.0648
[ 2022-08-29 19:23:28,418][train.train_nn_models] [Training] Epoch=2, loss=5613.8608, nll=5613.8608, l2_reg=0.0000, acc=0.0608
[ 2022-08-29 19:23:28,428][train.train_nn_models] [Validation] Epoch=2, nll=2480.9773, acc=0.0587
[ 2022-08-29 19:23:30,719][train.train_nn_models] [Training] Epoch=3, loss=1906.8770, nll=1906.8770, l2_reg=0.0000, acc=0.0740
[ 2022-08-29 19:23:30,720][train.train_nn_models] [Validation] Epoch=3, nll=1558.5140, acc=0.1042
[ 2022-08-29 19:23:32,813][train.train_nn_models] [Training] Epoch=4, loss=1497.7760, nll=1497.7760, l2_reg=0.0000, acc=0.1298
[ 2022-08-29 19:23:32,813][train.train_nn_models] [Validation] Epoch=4, nll=1461.0895, acc=0.1548
[ 2022-08-29 19:23:35,075][train.train_nn_models] [Training] Epoch=5, loss=1431.3496, nll=1431.3496, l2_reg=0.0000, acc=0.1709
[ 2022-08-29 19:23:35,075][train.train_nn_models] [Validation] Epoch=5, nll=1411.5385, acc=0.1853
[ 2022-08-29 19:23:37,225][train.train_nn_models] [Training] Epoch=6, loss=1394.5472, nll=1394.5472, l2_reg=0.0000, acc=0.1883
[ 2022-08-29 19:23:37,237][train.train_nn_models] [Validation] Epoch=6, nll=1387.1132, acc=0.1858
[ 2022-08-29 19:23:39,500][train.train_nn_models] [Training] Epoch=7, loss=1374.9950, nll=1374.9950, l2_reg=0.0000, acc=0.1871
[ 2022-08-29 19:23:39,500][train.train_nn_models] [Validation] Epoch=7, nll=1373.0121, acc=0.1860
[ 2022-08-29 19:23:41,710][train.train_nn_models] [Training] Epoch=8, loss=1364.0299, nll=1364.0299, l2_reg=0.0000, acc=0.1870
[ 2022-08-29 19:23:41,711][train.train_nn_models] [Validation] Epoch=8, nll=1363.9042, acc=0.1861
[ 2022-08-29 19:23:43,957][train.train_nn_models] [Training] Epoch=9, loss=1355.5208, nll=1355.5208, l2_reg=0.0000, acc=0.1877
[ 2022-08-29 19:23:43,959][train.train_nn_models] [Validation] Epoch=9, nll=1357.0785, acc=0.1868
[ 2022-08-29 19:23:46,198][train.train_nn_models] [Training] Epoch=10, loss=1349.3667, nll=1349.3667, l2_reg=0.0000, acc=0.1875
[ 2022-08-29 19:23:46,200][train.train_nn_models] [Validation] Epoch=10, nll=1351.5190, acc=0.1879
[ 2022-08-29 19:23:48,451][train.train_nn_models] [Training] Epoch=11, loss=1344.0215, nll=1344.0215, l2_reg=0.0000, acc=0.1871
[ 2022-08-29 19:23:48,451][train.train_nn_models] [Validation] Epoch=11, nll=1346.2975, acc=0.1874
[ 2022-08-29 19:23:50,762][train.train_nn_models] [Training] Epoch=12, loss=1339.0229, nll=1339.0229, l2_reg=0.0000, acc=0.1874
[ 2022-08-29 19:23:50,762][train.train_nn_models] [Validation] Epoch=12, nll=1341.3324, acc=0.1871
[ 2022-08-29 19:23:53,059][train.train_nn_models] [Training] Epoch=13, loss=1334.0184, nll=1334.0184, l2_reg=0.0000, acc=0.1871
[ 2022-08-29 19:23:53,062][train.train_nn_models] [Validation] Epoch=13, nll=1336.2938, acc=0.1863
[ 2022-08-29 19:23:55,581][train.train_nn_models] [Training] Epoch=14, loss=1328.9364, nll=1328.9364, l2_reg=0.0000, acc=0.1869
[ 2022-08-29 19:23:55,584][train.train_nn_models] [Validation] Epoch=14, nll=1331.1617, acc=0.1858
[ 2022-08-29 19:23:58,095][train.train_nn_models] [Training] Epoch=15, loss=1323.7745, nll=1323.7745, l2_reg=0.0000, acc=0.1869
[ 2022-08-29 19:23:58,097][train.train_nn_models] [Validation] Epoch=15, nll=1325.9769, acc=0.1863
[ 2022-08-29 19:24:00,436][train.train_nn_models] [Training] Epoch=16, loss=1318.5588, nll=1318.5588, l2_reg=0.0000, acc=0.1871
[ 2022-08-29 19:24:00,439][train.train_nn_models] [Validation] Epoch=16, nll=1320.7648, acc=0.1862
[ 2022-08-29 19:24:02,770][train.train_nn_models] [Training] Epoch=17, loss=1313.3419, nll=1313.3419, l2_reg=0.0000, acc=0.1872
[ 2022-08-29 19:24:02,774][train.train_nn_models] [Validation] Epoch=17, nll=1315.5781, acc=0.1871
[ 2022-08-29 19:24:05,100][train.train_nn_models] [Training] Epoch=18, loss=1308.1592, nll=1308.1592, l2_reg=0.0000, acc=0.1871
[ 2022-08-29 19:24:05,101][train.train_nn_models] [Validation] Epoch=18, nll=1310.4421, acc=0.1855
[ 2022-08-29 19:24:07,439][train.train_nn_models] [Training] Epoch=19, loss=1303.0193, nll=1303.0193, l2_reg=0.0000, acc=0.1878
[ 2022-08-29 19:24:07,442][train.train_nn_models] [Validation] Epoch=19, nll=1305.3463, acc=0.1842
[ 2022-08-29 19:24:09,780][train.train_nn_models] [Training] Epoch=20, loss=1297.9358, nll=1297.9358, l2_reg=0.0000, acc=0.1878
[ 2022-08-29 19:24:09,783][train.train_nn_models] [Validation] Epoch=20, nll=1300.3120, acc=0.1836
[ 2022-08-29 19:24:12,161][train.train_nn_models] [Training] Epoch=21, loss=1292.9329, nll=1292.9329, l2_reg=0.0000, acc=0.1879
[ 2022-08-29 19:24:12,164][train.train_nn_models] [Validation] Epoch=21, nll=1295.3649, acc=0.1826
[ 2022-08-29 19:24:14,528][train.train_nn_models] [Training] Epoch=22, loss=1288.0315, nll=1288.0315, l2_reg=0.0000, acc=0.1878
[ 2022-08-29 19:24:14,531][train.train_nn_models] [Validation] Epoch=22, nll=1290.5215, acc=0.1832
[ 2022-08-29 19:24:16,846][train.train_nn_models] [Training] Epoch=23, loss=1283.2455, nll=1283.2455, l2_reg=0.0000, acc=0.1879
[ 2022-08-29 19:24:16,850][train.train_nn_models] [Validation] Epoch=23, nll=1285.8014, acc=0.1829
[ 2022-08-29 19:24:19,178][train.train_nn_models] [Training] Epoch=24, loss=1278.5958, nll=1278.5958, l2_reg=0.0000, acc=0.1882
[ 2022-08-29 19:24:19,181][train.train_nn_models] [Validation] Epoch=24, nll=1281.2239, acc=0.1838
[ 2022-08-29 19:24:21,604][train.train_nn_models] [Training] Epoch=25, loss=1274.0952, nll=1274.0952, l2_reg=0.0000, acc=0.1879
[ 2022-08-29 19:24:21,606][train.train_nn_models] [Validation] Epoch=25, nll=1276.7960, acc=0.1850
[ 2022-08-29 19:24:24,039][train.train_nn_models] [Training] Epoch=26, loss=1269.7639, nll=1269.7639, l2_reg=0.0000, acc=0.1880
[ 2022-08-29 19:24:24,042][train.train_nn_models] [Validation] Epoch=26, nll=1272.5576, acc=0.1844
[ 2022-08-29 19:24:26,489][train.train_nn_models] [Training] Epoch=27, loss=1265.6387, nll=1265.6387, l2_reg=0.0000, acc=0.1880
[ 2022-08-29 19:24:26,492][train.train_nn_models] [Validation] Epoch=27, nll=1268.5530, acc=0.1850
[ 2022-08-29 19:24:28,932][train.train_nn_models] [Training] Epoch=28, loss=1261.7654, nll=1261.7654, l2_reg=0.0000, acc=0.1884
[ 2022-08-29 19:24:28,936][train.train_nn_models] [Validation] Epoch=28, nll=1264.8118, acc=0.1853
[ 2022-08-29 19:24:31,368][train.train_nn_models] [Training] Epoch=29, loss=1258.1687, nll=1258.1687, l2_reg=0.0000, acc=0.1884
[ 2022-08-29 19:24:31,371][train.train_nn_models] [Validation] Epoch=29, nll=1261.3398, acc=0.1848
[ 2022-08-29 19:24:33,837][train.train_nn_models] [Training] Epoch=30, loss=1254.8531, nll=1254.8531, l2_reg=0.0000, acc=0.1887
[ 2022-08-29 19:24:33,840][train.train_nn_models] [Validation] Epoch=30, nll=1258.1371, acc=0.1854
[ 2022-08-29 19:24:36,304][train.train_nn_models] [Training] Epoch=31, loss=1251.8131, nll=1251.8131, l2_reg=0.0000, acc=0.1884
[ 2022-08-29 19:24:36,307][train.train_nn_models] [Validation] Epoch=31, nll=1255.2047, acc=0.1846
[ 2022-08-29 19:24:38,778][train.train_nn_models] [Training] Epoch=32, loss=1249.0389, nll=1249.0389, l2_reg=0.0000, acc=0.1880
[ 2022-08-29 19:24:38,780][train.train_nn_models] [Validation] Epoch=32, nll=1252.5133, acc=0.1848
[ 2022-08-29 19:24:41,272][train.train_nn_models] [Training] Epoch=33, loss=1246.5027, nll=1246.5027, l2_reg=0.0000, acc=0.1875
[ 2022-08-29 19:24:41,275][train.train_nn_models] [Validation] Epoch=33, nll=1250.0428, acc=0.1839
[ 2022-08-29 19:24:43,944][train.train_nn_models] [Training] Epoch=34, loss=1244.1814, nll=1244.1814, l2_reg=0.0000, acc=0.1874
[ 2022-08-29 19:24:43,947][train.train_nn_models] [Validation] Epoch=34, nll=1247.7762, acc=0.1836
[ 2022-08-29 19:24:46,711][train.train_nn_models] [Training] Epoch=35, loss=1242.0588, nll=1242.0588, l2_reg=0.0000, acc=0.1876
[ 2022-08-29 19:24:46,714][train.train_nn_models] [Validation] Epoch=35, nll=1245.7014, acc=0.1837
[ 2022-08-29 19:24:49,467][train.train_nn_models] [Training] Epoch=36, loss=1240.1177, nll=1240.1177, l2_reg=0.0000, acc=0.1877
[ 2022-08-29 19:24:49,470][train.train_nn_models] [Validation] Epoch=36, nll=1243.8081, acc=0.1830
[ 2022-08-29 19:24:52,216][train.train_nn_models] [Training] Epoch=37, loss=1238.3444, nll=1238.3444, l2_reg=0.0000, acc=0.1878
[ 2022-08-29 19:24:52,219][train.train_nn_models] [Validation] Epoch=37, nll=1242.0690, acc=0.1829
[ 2022-08-29 19:24:54,738][train.train_nn_models] [Training] Epoch=38, loss=1236.7209, nll=1236.7209, l2_reg=0.0000, acc=0.1877
[ 2022-08-29 19:24:54,740][train.train_nn_models] [Validation] Epoch=38, nll=1240.4845, acc=0.1824
[ 2022-08-29 19:24:57,213][train.train_nn_models] [Training] Epoch=39, loss=1235.2336, nll=1235.2336, l2_reg=0.0000, acc=0.1878
[ 2022-08-29 19:24:57,216][train.train_nn_models] [Validation] Epoch=39, nll=1239.0326, acc=0.1830
[ 2022-08-29 19:24:59,691][train.train_nn_models] [Training] Epoch=40, loss=1233.8705, nll=1233.8705, l2_reg=0.0000, acc=0.1878
[ 2022-08-29 19:24:59,694][train.train_nn_models] [Validation] Epoch=40, nll=1237.7007, acc=0.1834
[ 2022-08-29 19:25:02,319][train.train_nn_models] [Training] Epoch=41, loss=1232.6198, nll=1232.6198, l2_reg=0.0000, acc=0.1879
[ 2022-08-29 19:25:02,322][train.train_nn_models] [Validation] Epoch=41, nll=1236.4775, acc=0.1834
[ 2022-08-29 19:25:05,099][train.train_nn_models] [Training] Epoch=42, loss=1231.4718, nll=1231.4718, l2_reg=0.0000, acc=0.1879
[ 2022-08-29 19:25:05,102][train.train_nn_models] [Validation] Epoch=42, nll=1235.3464, acc=0.1831
[ 2022-08-29 19:25:07,750][train.train_nn_models] [Training] Epoch=43, loss=1230.4160, nll=1230.4160, l2_reg=0.0000, acc=0.1878
[ 2022-08-29 19:25:07,753][train.train_nn_models] [Validation] Epoch=43, nll=1234.3197, acc=0.1833
[ 2022-08-29 19:25:10,406][train.train_nn_models] [Training] Epoch=44, loss=1229.4441, nll=1229.4441, l2_reg=0.0000, acc=0.1878
[ 2022-08-29 19:25:10,409][train.train_nn_models] [Validation] Epoch=44, nll=1233.3534, acc=0.1827
[ 2022-08-29 19:25:12,680][train.train_nn_models] [Training] Epoch=45, loss=1228.5481, nll=1228.5481, l2_reg=0.0000, acc=0.1877
[ 2022-08-29 19:25:12,683][train.train_nn_models] [Validation] Epoch=45, nll=1232.4755, acc=0.1829
[ 2022-08-29 19:25:15,034][train.train_nn_models] [Training] Epoch=46, loss=1227.7184, nll=1227.7184, l2_reg=0.0000, acc=0.1880
[ 2022-08-29 19:25:15,037][train.train_nn_models] [Validation] Epoch=46, nll=1231.6597, acc=0.1831
[ 2022-08-29 19:25:17,252][train.train_nn_models] [Training] Epoch=47, loss=1226.9510, nll=1226.9510, l2_reg=0.0000, acc=0.1881
[ 2022-08-29 19:25:17,255][train.train_nn_models] [Validation] Epoch=47, nll=1230.8977, acc=0.1837
[ 2022-08-29 19:25:19,647][train.train_nn_models] [Training] Epoch=48, loss=1226.2397, nll=1226.2397, l2_reg=0.0000, acc=0.1881
[ 2022-08-29 19:25:19,648][train.train_nn_models] [Validation] Epoch=48, nll=1230.1967, acc=0.1834
[ 2022-08-29 19:25:21,952][train.train_nn_models] [Training] Epoch=49, loss=1225.5785, nll=1225.5785, l2_reg=0.0000, acc=0.1880
[ 2022-08-29 19:25:21,954][train.train_nn_models] [Validation] Epoch=49, nll=1229.5361, acc=0.1835
[ 2022-08-29 19:25:24,537][train.train_nn_models] [Training] Epoch=50, loss=1224.9631, nll=1224.9631, l2_reg=0.0000, acc=0.1880
[ 2022-08-29 19:25:24,540][train.train_nn_models] [Validation] Epoch=50, nll=1228.9227, acc=0.1835
[ 2022-08-29 19:25:26,801][train.train_nn_models] [Training] Epoch=51, loss=1224.3885, nll=1224.3885, l2_reg=0.0000, acc=0.1878
[ 2022-08-29 19:25:26,803][train.train_nn_models] [Validation] Epoch=51, nll=1228.3467, acc=0.1833
[ 2022-08-29 19:25:29,151][train.train_nn_models] [Training] Epoch=52, loss=1223.8519, nll=1223.8519, l2_reg=0.0000, acc=0.1881
[ 2022-08-29 19:25:29,154][train.train_nn_models] [Validation] Epoch=52, nll=1227.8090, acc=0.1832
[ 2022-08-29 19:25:31,429][train.train_nn_models] [Training] Epoch=53, loss=1223.3490, nll=1223.3490, l2_reg=0.0000, acc=0.1881
[ 2022-08-29 19:25:31,432][train.train_nn_models] [Validation] Epoch=53, nll=1227.3104, acc=0.1834
[ 2022-08-29 19:25:33,759][train.train_nn_models] [Training] Epoch=54, loss=1222.8779, nll=1222.8779, l2_reg=0.0000, acc=0.1883
[ 2022-08-29 19:25:33,762][train.train_nn_models] [Validation] Epoch=54, nll=1226.8414, acc=0.1832
[ 2022-08-29 19:25:36,056][train.train_nn_models] [Training] Epoch=55, loss=1222.4374, nll=1222.4374, l2_reg=0.0000, acc=0.1882
[ 2022-08-29 19:25:36,059][train.train_nn_models] [Validation] Epoch=55, nll=1226.3871, acc=0.1832
[ 2022-08-29 19:25:38,382][train.train_nn_models] [Training] Epoch=56, loss=1222.0173, nll=1222.0173, l2_reg=0.0000, acc=0.1882
[ 2022-08-29 19:25:38,385][train.train_nn_models] [Validation] Epoch=56, nll=1225.9680, acc=0.1838
[ 2022-08-29 19:25:40,712][train.train_nn_models] [Training] Epoch=57, loss=1221.6256, nll=1221.6256, l2_reg=0.0000, acc=0.1882
[ 2022-08-29 19:25:40,715][train.train_nn_models] [Validation] Epoch=57, nll=1225.5662, acc=0.1837
[ 2022-08-29 19:25:43,035][train.train_nn_models] [Training] Epoch=58, loss=1221.2540, nll=1221.2540, l2_reg=0.0000, acc=0.1884
[ 2022-08-29 19:25:43,038][train.train_nn_models] [Validation] Epoch=58, nll=1225.1895, acc=0.1839
[ 2022-08-29 19:25:45,483][train.train_nn_models] [Training] Epoch=59, loss=1220.9050, nll=1220.9050, l2_reg=0.0000, acc=0.1885
[ 2022-08-29 19:25:45,486][train.train_nn_models] [Validation] Epoch=59, nll=1224.8206, acc=0.1840
[ 2022-08-29 19:25:47,793][train.train_nn_models] [Training] Epoch=60, loss=1220.5718, nll=1220.5718, l2_reg=0.0000, acc=0.1885
[ 2022-08-29 19:25:47,795][train.train_nn_models] [Validation] Epoch=60, nll=1224.4767, acc=0.1840
[ 2022-08-29 19:25:50,256][train.train_nn_models] [Training] Epoch=61, loss=1220.2533, nll=1220.2533, l2_reg=0.0000, acc=0.1887
[ 2022-08-29 19:25:50,258][train.train_nn_models] [Validation] Epoch=61, nll=1224.1561, acc=0.1839
[ 2022-08-29 19:25:52,578][train.train_nn_models] [Training] Epoch=62, loss=1219.9556, nll=1219.9556, l2_reg=0.0000, acc=0.1886
[ 2022-08-29 19:25:52,580][train.train_nn_models] [Validation] Epoch=62, nll=1223.8473, acc=0.1847
[ 2022-08-29 19:25:55,034][train.train_nn_models] [Training] Epoch=63, loss=1219.6720, nll=1219.6720, l2_reg=0.0000, acc=0.1888
[ 2022-08-29 19:25:55,037][train.train_nn_models] [Validation] Epoch=63, nll=1223.5524, acc=0.1850
[ 2022-08-29 19:25:57,359][train.train_nn_models] [Training] Epoch=64, loss=1219.4004, nll=1219.4004, l2_reg=0.0000, acc=0.1889
[ 2022-08-29 19:25:57,362][train.train_nn_models] [Validation] Epoch=64, nll=1223.2744, acc=0.1855
[ 2022-08-29 19:25:59,784][train.train_nn_models] [Training] Epoch=65, loss=1219.1448, nll=1219.1448, l2_reg=0.0000, acc=0.1889
[ 2022-08-29 19:25:59,787][train.train_nn_models] [Validation] Epoch=65, nll=1223.0011, acc=0.1859
[ 2022-08-29 19:26:02,119][train.train_nn_models] [Training] Epoch=66, loss=1218.8964, nll=1218.8964, l2_reg=0.0000, acc=0.1887
[ 2022-08-29 19:26:02,122][train.train_nn_models] [Validation] Epoch=66, nll=1222.7505, acc=0.1858
[ 2022-08-29 19:26:04,536][train.train_nn_models] [Training] Epoch=67, loss=1218.6641, nll=1218.6641, l2_reg=0.0000, acc=0.1887
[ 2022-08-29 19:26:04,539][train.train_nn_models] [Validation] Epoch=67, nll=1222.5033, acc=0.1859
[ 2022-08-29 19:26:06,837][train.train_nn_models] [Training] Epoch=68, loss=1218.4346, nll=1218.4346, l2_reg=0.0000, acc=0.1886
[ 2022-08-29 19:26:06,839][train.train_nn_models] [Validation] Epoch=68, nll=1222.2729, acc=0.1861
[ 2022-08-29 19:26:09,212][train.train_nn_models] [Training] Epoch=69, loss=1218.2238, nll=1218.2238, l2_reg=0.0000, acc=0.1888
[ 2022-08-29 19:26:09,214][train.train_nn_models] [Validation] Epoch=69, nll=1222.0425, acc=0.1857
[ 2022-08-29 19:26:11,617][train.train_nn_models] [Training] Epoch=70, loss=1218.0122, nll=1218.0122, l2_reg=0.0000, acc=0.1889
[ 2022-08-29 19:26:11,620][train.train_nn_models] [Validation] Epoch=70, nll=1221.8318, acc=0.1860
[ 2022-08-29 19:26:13,872][train.train_nn_models] [Training] Epoch=71, loss=1217.8184, nll=1217.8184, l2_reg=0.0000, acc=0.1890
[ 2022-08-29 19:26:13,873][train.train_nn_models] [Validation] Epoch=71, nll=1221.6227, acc=0.1863
[ 2022-08-29 19:26:16,271][train.train_nn_models] [Training] Epoch=72, loss=1217.6232, nll=1217.6232, l2_reg=0.0000, acc=0.1892
[ 2022-08-29 19:26:16,273][train.train_nn_models] [Validation] Epoch=72, nll=1221.4108, acc=0.1865
[ 2022-08-29 19:26:18,516][train.train_nn_models] [Training] Epoch=73, loss=1217.4359, nll=1217.4359, l2_reg=0.0000, acc=0.1890
[ 2022-08-29 19:26:18,518][train.train_nn_models] [Validation] Epoch=73, nll=1221.2191, acc=0.1866
[ 2022-08-29 19:26:21,057][train.train_nn_models] [Training] Epoch=74, loss=1217.2573, nll=1217.2573, l2_reg=0.0000, acc=0.1891
[ 2022-08-29 19:26:21,059][train.train_nn_models] [Validation] Epoch=74, nll=1221.0302, acc=0.1868
[ 2022-08-29 19:26:23,538][train.train_nn_models] [Training] Epoch=75, loss=1217.0830, nll=1217.0830, l2_reg=0.0000, acc=0.1891
[ 2022-08-29 19:26:23,540][train.train_nn_models] [Validation] Epoch=75, nll=1220.8418, acc=0.1872
[ 2022-08-29 19:26:26,013][train.train_nn_models] [Training] Epoch=76, loss=1216.9115, nll=1216.9115, l2_reg=0.0000, acc=0.1891
[ 2022-08-29 19:26:26,015][train.train_nn_models] [Validation] Epoch=76, nll=1220.6628, acc=0.1874
[ 2022-08-29 19:26:28,342][train.train_nn_models] [Training] Epoch=77, loss=1216.7467, nll=1216.7467, l2_reg=0.0000, acc=0.1891
[ 2022-08-29 19:26:28,345][train.train_nn_models] [Validation] Epoch=77, nll=1220.4921, acc=0.1874
[ 2022-08-29 19:26:30,710][train.train_nn_models] [Training] Epoch=78, loss=1216.5862, nll=1216.5862, l2_reg=0.0000, acc=0.1891
[ 2022-08-29 19:26:30,712][train.train_nn_models] [Validation] Epoch=78, nll=1220.3198, acc=0.1873
[ 2022-08-29 19:26:33,094][train.train_nn_models] [Training] Epoch=79, loss=1216.4288, nll=1216.4288, l2_reg=0.0000, acc=0.1890
[ 2022-08-29 19:26:33,097][train.train_nn_models] [Validation] Epoch=79, nll=1220.1519, acc=0.1871
[ 2022-08-29 19:26:35,379][train.train_nn_models] [Training] Epoch=80, loss=1216.2731, nll=1216.2731, l2_reg=0.0000, acc=0.1891
[ 2022-08-29 19:26:35,382][train.train_nn_models] [Validation] Epoch=80, nll=1219.9906, acc=0.1871
[ 2022-08-29 19:26:37,830][train.train_nn_models] [Training] Epoch=81, loss=1216.1191, nll=1216.1191, l2_reg=0.0000, acc=0.1892
[ 2022-08-29 19:26:37,833][train.train_nn_models] [Validation] Epoch=81, nll=1219.8336, acc=0.1868
[ 2022-08-29 19:26:40,157][train.train_nn_models] [Training] Epoch=82, loss=1215.9677, nll=1215.9677, l2_reg=0.0000, acc=0.1892
[ 2022-08-29 19:26:40,160][train.train_nn_models] [Validation] Epoch=82, nll=1219.6742, acc=0.1870
[ 2022-08-29 19:26:42,592][train.train_nn_models] [Training] Epoch=83, loss=1215.8164, nll=1215.8164, l2_reg=0.0000, acc=0.1892
[ 2022-08-29 19:26:42,595][train.train_nn_models] [Validation] Epoch=83, nll=1219.5209, acc=0.1873
[ 2022-08-29 19:26:45,188][train.train_nn_models] [Training] Epoch=84, loss=1215.6680, nll=1215.6680, l2_reg=0.0000, acc=0.1892
[ 2022-08-29 19:26:45,190][train.train_nn_models] [Validation] Epoch=84, nll=1219.3665, acc=0.1876
[ 2022-08-29 19:26:47,632][train.train_nn_models] [Training] Epoch=85, loss=1215.5197, nll=1215.5197, l2_reg=0.0000, acc=0.1891
[ 2022-08-29 19:26:47,635][train.train_nn_models] [Validation] Epoch=85, nll=1219.2170, acc=0.1873
[ 2022-08-29 19:26:50,041][train.train_nn_models] [Training] Epoch=86, loss=1215.3749, nll=1215.3749, l2_reg=0.0000, acc=0.1889
[ 2022-08-29 19:26:50,043][train.train_nn_models] [Validation] Epoch=86, nll=1219.0701, acc=0.1873
[ 2022-08-29 19:26:52,341][train.train_nn_models] [Training] Epoch=87, loss=1215.2338, nll=1215.2338, l2_reg=0.0000, acc=0.1888
[ 2022-08-29 19:26:52,344][train.train_nn_models] [Validation] Epoch=87, nll=1218.9219, acc=0.1866
[ 2022-08-29 19:26:54,760][train.train_nn_models] [Training] Epoch=88, loss=1215.0931, nll=1215.0931, l2_reg=0.0000, acc=0.1887
[ 2022-08-29 19:26:54,763][train.train_nn_models] [Validation] Epoch=88, nll=1218.7775, acc=0.1866
[ 2022-08-29 19:26:57,025][train.train_nn_models] [Training] Epoch=89, loss=1214.9548, nll=1214.9548, l2_reg=0.0000, acc=0.1885
[ 2022-08-29 19:26:57,026][train.train_nn_models] [Validation] Epoch=89, nll=1218.6343, acc=0.1872
[ 2022-08-29 19:26:59,437][train.train_nn_models] [Training] Epoch=90, loss=1214.8160, nll=1214.8160, l2_reg=0.0000, acc=0.1888
[ 2022-08-29 19:26:59,439][train.train_nn_models] [Validation] Epoch=90, nll=1218.4940, acc=0.1868
[ 2022-08-29 19:27:01,699][train.train_nn_models] [Training] Epoch=91, loss=1214.6785, nll=1214.6785, l2_reg=0.0000, acc=0.1887
[ 2022-08-29 19:27:01,701][train.train_nn_models] [Validation] Epoch=91, nll=1218.3530, acc=0.1866
[ 2022-08-29 19:27:04,085][train.train_nn_models] [Training] Epoch=92, loss=1214.5421, nll=1214.5421, l2_reg=0.0000, acc=0.1886
[ 2022-08-29 19:27:04,087][train.train_nn_models] [Validation] Epoch=92, nll=1218.2175, acc=0.1864
[ 2022-08-29 19:27:06,379][train.train_nn_models] [Training] Epoch=93, loss=1214.4091, nll=1214.4091, l2_reg=0.0000, acc=0.1887
[ 2022-08-29 19:27:06,382][train.train_nn_models] [Validation] Epoch=93, nll=1218.0801, acc=0.1864
[ 2022-08-29 19:27:08,761][train.train_nn_models] [Training] Epoch=94, loss=1214.2765, nll=1214.2765, l2_reg=0.0000, acc=0.1886
[ 2022-08-29 19:27:08,764][train.train_nn_models] [Validation] Epoch=94, nll=1217.9435, acc=0.1867
[ 2022-08-29 19:27:11,100][train.train_nn_models] [Training] Epoch=95, loss=1214.1442, nll=1214.1442, l2_reg=0.0000, acc=0.1887
[ 2022-08-29 19:27:11,103][train.train_nn_models] [Validation] Epoch=95, nll=1217.8098, acc=0.1862
[ 2022-08-29 19:27:13,492][train.train_nn_models] [Training] Epoch=96, loss=1214.0133, nll=1214.0133, l2_reg=0.0000, acc=0.1885
[ 2022-08-29 19:27:13,494][train.train_nn_models] [Validation] Epoch=96, nll=1217.6768, acc=0.1861
[ 2022-08-29 19:27:15,949][train.train_nn_models] [Training] Epoch=97, loss=1213.8842, nll=1213.8842, l2_reg=0.0000, acc=0.1885
[ 2022-08-29 19:27:15,951][train.train_nn_models] [Validation] Epoch=97, nll=1217.5469, acc=0.1858
[ 2022-08-29 19:27:18,208][train.train_nn_models] [Training] Epoch=98, loss=1213.7578, nll=1213.7578, l2_reg=0.0000, acc=0.1886
[ 2022-08-29 19:27:18,210][train.train_nn_models] [Validation] Epoch=98, nll=1217.4208, acc=0.1862
[ 2022-08-29 19:27:20,617][train.train_nn_models] [Training] Epoch=99, loss=1213.6337, nll=1213.6337, l2_reg=0.0000, acc=0.1886
[ 2022-08-29 19:27:20,620][train.train_nn_models] [Validation] Epoch=99, nll=1217.2970, acc=0.1863
[ 2022-08-29 19:27:22,907][train.train_nn_models] [Training] Epoch=100, loss=1213.5115, nll=1213.5115, l2_reg=0.0000, acc=0.1886
[ 2022-08-29 19:27:22,909][train.train_nn_models] [Validation] Epoch=100, nll=1217.1754, acc=0.1864
[ 2022-08-29 19:27:25,337][train.train_nn_models] [Training] Epoch=101, loss=1213.3918, nll=1213.3918, l2_reg=0.0000, acc=0.1886
[ 2022-08-29 19:27:25,340][train.train_nn_models] [Validation] Epoch=101, nll=1217.0558, acc=0.1860
[ 2022-08-29 19:27:27,585][train.train_nn_models] [Training] Epoch=102, loss=1213.2740, nll=1213.2740, l2_reg=0.0000, acc=0.1883
[ 2022-08-29 19:27:27,588][train.train_nn_models] [Validation] Epoch=102, nll=1216.9392, acc=0.1861
[ 2022-08-29 19:27:30,008][train.train_nn_models] [Training] Epoch=103, loss=1213.1583, nll=1213.1583, l2_reg=0.0000, acc=0.1879
[ 2022-08-29 19:27:30,011][train.train_nn_models] [Validation] Epoch=103, nll=1216.8246, acc=0.1859
[ 2022-08-29 19:27:32,696][train.train_nn_models] [Training] Epoch=104, loss=1213.0444, nll=1213.0444, l2_reg=0.0000, acc=0.1880
[ 2022-08-29 19:27:32,698][train.train_nn_models] [Validation] Epoch=104, nll=1216.7124, acc=0.1858
[ 2022-08-29 19:27:35,406][train.train_nn_models] [Training] Epoch=105, loss=1212.9330, nll=1212.9330, l2_reg=0.0000, acc=0.1880
[ 2022-08-29 19:27:35,408][train.train_nn_models] [Validation] Epoch=105, nll=1216.6018, acc=0.1850
[ 2022-08-29 19:27:38,043][train.train_nn_models] [Training] Epoch=106, loss=1212.8234, nll=1212.8234, l2_reg=0.0000, acc=0.1878
[ 2022-08-29 19:27:38,045][train.train_nn_models] [Validation] Epoch=106, nll=1216.4950, acc=0.1844
[ 2022-08-29 19:27:41,011][train.train_nn_models] [Training] Epoch=107, loss=1212.7168, nll=1212.7168, l2_reg=0.0000, acc=0.1879
[ 2022-08-29 19:27:41,011][train.train_nn_models] [Validation] Epoch=107, nll=1216.3914, acc=0.1846
[ 2022-08-29 19:27:43,885][train.train_nn_models] [Training] Epoch=108, loss=1212.6125, nll=1212.6125, l2_reg=0.0000, acc=0.1879
[ 2022-08-29 19:27:43,888][train.train_nn_models] [Validation] Epoch=108, nll=1216.2893, acc=0.1842
[ 2022-08-29 19:27:46,867][train.train_nn_models] [Training] Epoch=109, loss=1212.5104, nll=1212.5104, l2_reg=0.0000, acc=0.1879
[ 2022-08-29 19:27:46,870][train.train_nn_models] [Validation] Epoch=109, nll=1216.1907, acc=0.1845
[ 2022-08-29 19:27:49,710][train.train_nn_models] [Training] Epoch=110, loss=1212.4109, nll=1212.4109, l2_reg=0.0000, acc=0.1878
[ 2022-08-29 19:27:49,712][train.train_nn_models] [Validation] Epoch=110, nll=1216.0941, acc=0.1846
[ 2022-08-29 19:27:52,477][train.train_nn_models] [Training] Epoch=111, loss=1212.3136, nll=1212.3136, l2_reg=0.0000, acc=0.1878
[ 2022-08-29 19:27:52,480][train.train_nn_models] [Validation] Epoch=111, nll=1215.9996, acc=0.1850
[ 2022-08-29 19:27:55,353][train.train_nn_models] [Training] Epoch=112, loss=1212.2184, nll=1212.2184, l2_reg=0.0000, acc=0.1878
[ 2022-08-29 19:27:55,354][train.train_nn_models] [Validation] Epoch=112, nll=1215.9086, acc=0.1848
[ 2022-08-29 19:27:58,251][train.train_nn_models] [Training] Epoch=113, loss=1212.1259, nll=1212.1259, l2_reg=0.0000, acc=0.1880
[ 2022-08-29 19:27:58,253][train.train_nn_models] [Validation] Epoch=113, nll=1215.8190, acc=0.1845
[ 2022-08-29 19:28:01,091][train.train_nn_models] [Training] Epoch=114, loss=1212.0352, nll=1212.0352, l2_reg=0.0000, acc=0.1882
[ 2022-08-29 19:28:01,093][train.train_nn_models] [Validation] Epoch=114, nll=1215.7321, acc=0.1840
[ 2022-08-29 19:28:03,951][train.train_nn_models] [Training] Epoch=115, loss=1211.9465, nll=1211.9465, l2_reg=0.0000, acc=0.1880
[ 2022-08-29 19:28:03,954][train.train_nn_models] [Validation] Epoch=115, nll=1215.6477, acc=0.1839
[ 2022-08-29 19:28:06,815][train.train_nn_models] [Training] Epoch=116, loss=1211.8601, nll=1211.8601, l2_reg=0.0000, acc=0.1880
[ 2022-08-29 19:28:06,818][train.train_nn_models] [Validation] Epoch=116, nll=1215.5647, acc=0.1845
[ 2022-08-29 19:28:09,675][train.train_nn_models] [Training] Epoch=117, loss=1211.7754, nll=1211.7754, l2_reg=0.0000, acc=0.1880
[ 2022-08-29 19:28:09,677][train.train_nn_models] [Validation] Epoch=117, nll=1215.4839, acc=0.1853
[ 2022-08-29 19:28:12,338][train.train_nn_models] [Training] Epoch=118, loss=1211.6926, nll=1211.6926, l2_reg=0.0000, acc=0.1880
[ 2022-08-29 19:28:12,340][train.train_nn_models] [Validation] Epoch=118, nll=1215.4048, acc=0.1849
[ 2022-08-29 19:28:14,698][train.train_nn_models] [Training] Epoch=119, loss=1211.6113, nll=1211.6113, l2_reg=0.0000, acc=0.1879
[ 2022-08-29 19:28:14,701][train.train_nn_models] [Validation] Epoch=119, nll=1215.3273, acc=0.1849
[ 2022-08-29 19:28:17,090][train.train_nn_models] [Training] Epoch=120, loss=1211.5309, nll=1211.5309, l2_reg=0.0000, acc=0.1879
[ 2022-08-29 19:28:17,092][train.train_nn_models] [Validation] Epoch=120, nll=1215.2513, acc=0.1844
[ 2022-08-29 19:28:19,459][train.train_nn_models] [Training] Epoch=121, loss=1211.4523, nll=1211.4523, l2_reg=0.0000, acc=0.1880
[ 2022-08-29 19:28:19,461][train.train_nn_models] [Validation] Epoch=121, nll=1215.1766, acc=0.1846
[ 2022-08-29 19:28:21,850][train.train_nn_models] [Training] Epoch=122, loss=1211.3750, nll=1211.3750, l2_reg=0.0000, acc=0.1881
[ 2022-08-29 19:28:21,853][train.train_nn_models] [Validation] Epoch=122, nll=1215.1023, acc=0.1846
[ 2022-08-29 19:28:24,354][train.train_nn_models] [Training] Epoch=123, loss=1211.2982, nll=1211.2982, l2_reg=0.0000, acc=0.1883
[ 2022-08-29 19:28:24,355][train.train_nn_models] [Validation] Epoch=123, nll=1215.0299, acc=0.1850
[ 2022-08-29 19:28:26,842][train.train_nn_models] [Training] Epoch=124, loss=1211.2227, nll=1211.2227, l2_reg=0.0000, acc=0.1884
[ 2022-08-29 19:28:26,845][train.train_nn_models] [Validation] Epoch=124, nll=1214.9580, acc=0.1852
[ 2022-08-29 19:28:29,318][train.train_nn_models] [Training] Epoch=125, loss=1211.1476, nll=1211.1476, l2_reg=0.0000, acc=0.1882
[ 2022-08-29 19:28:29,320][train.train_nn_models] [Validation] Epoch=125, nll=1214.8862, acc=0.1855
[ 2022-08-29 19:28:31,853][train.train_nn_models] [Training] Epoch=126, loss=1211.0731, nll=1211.0731, l2_reg=0.0000, acc=0.1881
[ 2022-08-29 19:28:31,855][train.train_nn_models] [Validation] Epoch=126, nll=1214.8158, acc=0.1856
[ 2022-08-29 19:28:31,857][train.train_nn_models] Found a better model at epoch 126.
[ 2022-08-29 19:28:34,541][train.train_nn_models] [Training] Epoch=127, loss=1210.9993, nll=1210.9993, l2_reg=0.0000, acc=0.1883
[ 2022-08-29 19:28:34,544][train.train_nn_models] [Validation] Epoch=127, nll=1214.7455, acc=0.1853
[ 2022-08-29 19:28:34,546][train.train_nn_models] Found a better model at epoch 127.
[ 2022-08-29 19:28:37,025][train.train_nn_models] [Training] Epoch=128, loss=1210.9252, nll=1210.9252, l2_reg=0.0000, acc=0.1883
[ 2022-08-29 19:28:37,027][train.train_nn_models] [Validation] Epoch=128, nll=1214.6764, acc=0.1854
[ 2022-08-29 19:28:37,029][train.train_nn_models] Found a better model at epoch 128.
[ 2022-08-29 19:28:39,502][train.train_nn_models] [Training] Epoch=129, loss=1210.8518, nll=1210.8518, l2_reg=0.0000, acc=0.1885
[ 2022-08-29 19:28:39,504][train.train_nn_models] [Validation] Epoch=129, nll=1214.6061, acc=0.1859
[ 2022-08-29 19:28:39,506][train.train_nn_models] Found a better model at epoch 129.
[ 2022-08-29 19:28:41,983][train.train_nn_models] [Training] Epoch=130, loss=1210.7772, nll=1210.7772, l2_reg=0.0000, acc=0.1884
[ 2022-08-29 19:28:41,985][train.train_nn_models] [Validation] Epoch=130, nll=1214.5356, acc=0.1859
[ 2022-08-29 19:28:41,987][train.train_nn_models] Found a better model at epoch 130.
[ 2022-08-29 19:28:44,466][train.train_nn_models] [Training] Epoch=131, loss=1210.7024, nll=1210.7024, l2_reg=0.0000, acc=0.1885
[ 2022-08-29 19:28:44,468][train.train_nn_models] [Validation] Epoch=131, nll=1214.4655, acc=0.1861
[ 2022-08-29 19:28:44,471][train.train_nn_models] Found a better model at epoch 131.
[ 2022-08-29 19:28:46,954][train.train_nn_models] [Training] Epoch=132, loss=1210.6273, nll=1210.6273, l2_reg=0.0000, acc=0.1883
[ 2022-08-29 19:28:46,956][train.train_nn_models] [Validation] Epoch=132, nll=1214.3943, acc=0.1860
[ 2022-08-29 19:28:46,958][train.train_nn_models] Found a better model at epoch 132.
[ 2022-08-29 19:28:49,411][train.train_nn_models] [Training] Epoch=133, loss=1210.5510, nll=1210.5510, l2_reg=0.0000, acc=0.1887
[ 2022-08-29 19:28:49,414][train.train_nn_models] [Validation] Epoch=133, nll=1214.3224, acc=0.1858
[ 2022-08-29 19:28:49,416][train.train_nn_models] Found a better model at epoch 133.
[ 2022-08-29 19:28:51,899][train.train_nn_models] [Training] Epoch=134, loss=1210.4735, nll=1210.4735, l2_reg=0.0000, acc=0.1889
[ 2022-08-29 19:28:51,901][train.train_nn_models] [Validation] Epoch=134, nll=1214.2502, acc=0.1855
[ 2022-08-29 19:28:51,904][train.train_nn_models] Found a better model at epoch 134.
[ 2022-08-29 19:28:54,378][train.train_nn_models] [Training] Epoch=135, loss=1210.3956, nll=1210.3956, l2_reg=0.0000, acc=0.1889
[ 2022-08-29 19:28:54,380][train.train_nn_models] [Validation] Epoch=135, nll=1214.1768, acc=0.1853
[ 2022-08-29 19:28:54,382][train.train_nn_models] Found a better model at epoch 135.
[ 2022-08-29 19:28:56,844][train.train_nn_models] [Training] Epoch=136, loss=1210.3156, nll=1210.3156, l2_reg=0.0000, acc=0.1889
[ 2022-08-29 19:28:56,846][train.train_nn_models] [Validation] Epoch=136, nll=1214.1011, acc=0.1849
[ 2022-08-29 19:28:56,849][train.train_nn_models] Found a better model at epoch 136.
[ 2022-08-29 19:28:59,354][train.train_nn_models] [Training] Epoch=137, loss=1210.2325, nll=1210.2325, l2_reg=0.0000, acc=0.1889
[ 2022-08-29 19:28:59,355][train.train_nn_models] [Validation] Epoch=137, nll=1214.0225, acc=0.1847
[ 2022-08-29 19:28:59,357][train.train_nn_models] Found a better model at epoch 137.
[ 2022-08-29 19:29:01,837][train.train_nn_models] [Training] Epoch=138, loss=1210.1483, nll=1210.1483, l2_reg=0.0000, acc=0.1887
[ 2022-08-29 19:29:01,839][train.train_nn_models] [Validation] Epoch=138, nll=1213.9467, acc=0.1857
[ 2022-08-29 19:29:01,841][train.train_nn_models] Found a better model at epoch 138.
[ 2022-08-29 19:29:04,459][train.train_nn_models] [Training] Epoch=139, loss=1210.0623, nll=1210.0623, l2_reg=0.0000, acc=0.1890
[ 2022-08-29 19:29:04,461][train.train_nn_models] [Validation] Epoch=139, nll=1213.8658, acc=0.1862
[ 2022-08-29 19:29:04,463][train.train_nn_models] Found a better model at epoch 139.
[ 2022-08-29 19:29:07,100][train.train_nn_models] [Training] Epoch=140, loss=1209.9725, nll=1209.9725, l2_reg=0.0000, acc=0.1891
[ 2022-08-29 19:29:07,102][train.train_nn_models] [Validation] Epoch=140, nll=1213.7833, acc=0.1857
[ 2022-08-29 19:29:07,104][train.train_nn_models] Found a better model at epoch 140.
[ 2022-08-29 19:29:09,442][train.train_nn_models] [Training] Epoch=141, loss=1209.8800, nll=1209.8800, l2_reg=0.0000, acc=0.1894
[ 2022-08-29 19:29:09,444][train.train_nn_models] [Validation] Epoch=141, nll=1213.6969, acc=0.1865
[ 2022-08-29 19:29:09,447][train.train_nn_models] Found a better model at epoch 141.
[ 2022-08-29 19:29:11,847][train.train_nn_models] [Training] Epoch=142, loss=1209.7836, nll=1209.7836, l2_reg=0.0000, acc=0.1893
[ 2022-08-29 19:29:11,849][train.train_nn_models] [Validation] Epoch=142, nll=1213.6073, acc=0.1872
[ 2022-08-29 19:29:11,851][train.train_nn_models] Found a better model at epoch 142.
[ 2022-08-29 19:29:14,077][train.train_nn_models] [Training] Epoch=143, loss=1209.6836, nll=1209.6836, l2_reg=0.0000, acc=0.1895
[ 2022-08-29 19:29:14,080][train.train_nn_models] [Validation] Epoch=143, nll=1213.5145, acc=0.1877
[ 2022-08-29 19:29:14,081][train.train_nn_models] Found a better model at epoch 143.
[ 2022-08-29 19:29:16,427][train.train_nn_models] [Training] Epoch=144, loss=1209.5793, nll=1209.5793, l2_reg=0.0000, acc=0.1899
[ 2022-08-29 19:29:16,429][train.train_nn_models] [Validation] Epoch=144, nll=1213.4170, acc=0.1875
[ 2022-08-29 19:29:16,431][train.train_nn_models] Found a better model at epoch 144.
[ 2022-08-29 19:29:18,836][train.train_nn_models] [Training] Epoch=145, loss=1209.4705, nll=1209.4705, l2_reg=0.0000, acc=0.1895
[ 2022-08-29 19:29:18,838][train.train_nn_models] [Validation] Epoch=145, nll=1213.3152, acc=0.1884
[ 2022-08-29 19:29:18,840][train.train_nn_models] Found a better model at epoch 145.
[ 2022-08-29 19:29:21,290][train.train_nn_models] [Training] Epoch=146, loss=1209.3572, nll=1209.3572, l2_reg=0.0000, acc=0.1893
[ 2022-08-29 19:29:21,292][train.train_nn_models] [Validation] Epoch=146, nll=1213.2092, acc=0.1882
[ 2022-08-29 19:29:21,294][train.train_nn_models] Found a better model at epoch 146.
[ 2022-08-29 19:29:23,527][train.train_nn_models] [Training] Epoch=147, loss=1209.2389, nll=1209.2389, l2_reg=0.0000, acc=0.1892
[ 2022-08-29 19:29:23,530][train.train_nn_models] [Validation] Epoch=147, nll=1213.0988, acc=0.1883
[ 2022-08-29 19:29:23,532][train.train_nn_models] Found a better model at epoch 147.
[ 2022-08-29 19:29:25,937][train.train_nn_models] [Training] Epoch=148, loss=1209.1152, nll=1209.1152, l2_reg=0.0000, acc=0.1890
[ 2022-08-29 19:29:25,940][train.train_nn_models] [Validation] Epoch=148, nll=1212.9847, acc=0.1874
[ 2022-08-29 19:29:25,942][train.train_nn_models] Found a better model at epoch 148.
[ 2022-08-29 19:29:28,277][train.train_nn_models] [Training] Epoch=149, loss=1208.9862, nll=1208.9862, l2_reg=0.0000, acc=0.1891
[ 2022-08-29 19:29:28,279][train.train_nn_models] [Validation] Epoch=149, nll=1212.8673, acc=0.1868
[ 2022-08-29 19:29:28,281][train.train_nn_models] Found a better model at epoch 149.
[ 2022-08-29 19:29:30,625][train.train_nn_models] [Training] Epoch=150, loss=1208.8521, nll=1208.8521, l2_reg=0.0000, acc=0.1891
[ 2022-08-29 19:29:30,626][train.train_nn_models] [Validation] Epoch=150, nll=1212.7460, acc=0.1873
[ 2022-08-29 19:29:30,628][train.train_nn_models] Found a better model at epoch 150.
[ 2022-08-29 19:29:33,007][train.train_nn_models] [Training] Epoch=151, loss=1208.7113, nll=1208.7113, l2_reg=0.0000, acc=0.1892
[ 2022-08-29 19:29:33,009][train.train_nn_models] [Validation] Epoch=151, nll=1212.6187, acc=0.1876
[ 2022-08-29 19:29:33,011][train.train_nn_models] Found a better model at epoch 151.
[ 2022-08-29 19:29:35,342][train.train_nn_models] [Training] Epoch=152, loss=1208.5647, nll=1208.5647, l2_reg=0.0000, acc=0.1894
[ 2022-08-29 19:29:35,344][train.train_nn_models] [Validation] Epoch=152, nll=1212.4872, acc=0.1869
[ 2022-08-29 19:29:35,346][train.train_nn_models] Found a better model at epoch 152.
[ 2022-08-29 19:29:37,715][train.train_nn_models] [Training] Epoch=153, loss=1208.4125, nll=1208.4125, l2_reg=0.0000, acc=0.1898
[ 2022-08-29 19:29:37,717][train.train_nn_models] [Validation] Epoch=153, nll=1212.3505, acc=0.1874
[ 2022-08-29 19:29:37,719][train.train_nn_models] Found a better model at epoch 153.
[ 2022-08-29 19:29:39,958][train.train_nn_models] [Training] Epoch=154, loss=1208.2534, nll=1208.2534, l2_reg=0.0000, acc=0.1901
[ 2022-08-29 19:29:39,960][train.train_nn_models] [Validation] Epoch=154, nll=1212.2072, acc=0.1883
[ 2022-08-29 19:29:39,961][train.train_nn_models] Found a better model at epoch 154.
[ 2022-08-29 19:29:42,353][train.train_nn_models] [Training] Epoch=155, loss=1208.0890, nll=1208.0890, l2_reg=0.0000, acc=0.1899
[ 2022-08-29 19:29:42,356][train.train_nn_models] [Validation] Epoch=155, nll=1212.0596, acc=0.1886
[ 2022-08-29 19:29:42,358][train.train_nn_models] Found a better model at epoch 155.
[ 2022-08-29 19:29:44,682][train.train_nn_models] [Training] Epoch=156, loss=1207.9192, nll=1207.9192, l2_reg=0.0000, acc=0.1900
[ 2022-08-29 19:29:44,684][train.train_nn_models] [Validation] Epoch=156, nll=1211.9064, acc=0.1885
[ 2022-08-29 19:29:44,686][train.train_nn_models] Found a better model at epoch 156.
[ 2022-08-29 19:29:47,143][train.train_nn_models] [Training] Epoch=157, loss=1207.7439, nll=1207.7439, l2_reg=0.0000, acc=0.1901
[ 2022-08-29 19:29:47,146][train.train_nn_models] [Validation] Epoch=157, nll=1211.7482, acc=0.1886
[ 2022-08-29 19:29:47,148][train.train_nn_models] Found a better model at epoch 157.
[ 2022-08-29 19:29:49,600][train.train_nn_models] [Training] Epoch=158, loss=1207.5647, nll=1207.5647, l2_reg=0.0000, acc=0.1904
[ 2022-08-29 19:29:49,603][train.train_nn_models] [Validation] Epoch=158, nll=1211.5864, acc=0.1879
[ 2022-08-29 19:29:49,606][train.train_nn_models] Found a better model at epoch 158.
[ 2022-08-29 19:29:52,042][train.train_nn_models] [Training] Epoch=159, loss=1207.3799, nll=1207.3799, l2_reg=0.0000, acc=0.1903
[ 2022-08-29 19:29:52,044][train.train_nn_models] [Validation] Epoch=159, nll=1211.4176, acc=0.1881
[ 2022-08-29 19:29:52,047][train.train_nn_models] Found a better model at epoch 159.
[ 2022-08-29 19:29:54,476][train.train_nn_models] [Training] Epoch=160, loss=1207.1915, nll=1207.1915, l2_reg=0.0000, acc=0.1906
[ 2022-08-29 19:29:54,478][train.train_nn_models] [Validation] Epoch=160, nll=1211.2455, acc=0.1887
[ 2022-08-29 19:29:54,480][train.train_nn_models] Found a better model at epoch 160.
[ 2022-08-29 19:29:56,974][train.train_nn_models] [Training] Epoch=161, loss=1206.9996, nll=1206.9996, l2_reg=0.0000, acc=0.1906
[ 2022-08-29 19:29:56,977][train.train_nn_models] [Validation] Epoch=161, nll=1211.0718, acc=0.1899
[ 2022-08-29 19:29:56,979][train.train_nn_models] Found a better model at epoch 161.
[ 2022-08-29 19:29:59,540][train.train_nn_models] [Training] Epoch=162, loss=1206.8042, nll=1206.8042, l2_reg=0.0000, acc=0.1905
[ 2022-08-29 19:29:59,542][train.train_nn_models] [Validation] Epoch=162, nll=1210.8901, acc=0.1902
[ 2022-08-29 19:29:59,545][train.train_nn_models] Found a better model at epoch 162.
[ 2022-08-29 19:30:01,898][train.train_nn_models] [Training] Epoch=163, loss=1206.6060, nll=1206.6060, l2_reg=0.0000, acc=0.1906
[ 2022-08-29 19:30:01,900][train.train_nn_models] [Validation] Epoch=163, nll=1210.7073, acc=0.1903
[ 2022-08-29 19:30:01,902][train.train_nn_models] Found a better model at epoch 163.
[ 2022-08-29 19:30:04,387][train.train_nn_models] [Training] Epoch=164, loss=1206.4041, nll=1206.4041, l2_reg=0.0000, acc=0.1904
[ 2022-08-29 19:30:04,390][train.train_nn_models] [Validation] Epoch=164, nll=1210.5183, acc=0.1909
[ 2022-08-29 19:30:04,392][train.train_nn_models] Found a better model at epoch 164.
[ 2022-08-29 19:30:06,740][train.train_nn_models] [Training] Epoch=165, loss=1206.1995, nll=1206.1995, l2_reg=0.0000, acc=0.1906
[ 2022-08-29 19:30:06,742][train.train_nn_models] [Validation] Epoch=165, nll=1210.3282, acc=0.1909
[ 2022-08-29 19:30:06,744][train.train_nn_models] Found a better model at epoch 165.
[ 2022-08-29 19:30:09,182][train.train_nn_models] [Training] Epoch=166, loss=1205.9911, nll=1205.9911, l2_reg=0.0000, acc=0.1903
[ 2022-08-29 19:30:09,184][train.train_nn_models] [Validation] Epoch=166, nll=1210.1283, acc=0.1911
[ 2022-08-29 19:30:09,186][train.train_nn_models] Found a better model at epoch 166.
[ 2022-08-29 19:30:11,571][train.train_nn_models] [Training] Epoch=167, loss=1205.7787, nll=1205.7787, l2_reg=0.0000, acc=0.1904
[ 2022-08-29 19:30:11,573][train.train_nn_models] [Validation] Epoch=167, nll=1209.9240, acc=0.1910
[ 2022-08-29 19:30:11,576][train.train_nn_models] Found a better model at epoch 167.
[ 2022-08-29 19:30:14,002][train.train_nn_models] [Training] Epoch=168, loss=1205.5610, nll=1205.5610, l2_reg=0.0000, acc=0.1902
[ 2022-08-29 19:30:14,005][train.train_nn_models] [Validation] Epoch=168, nll=1209.7117, acc=0.1911
[ 2022-08-29 19:30:14,007][train.train_nn_models] Found a better model at epoch 168.
[ 2022-08-29 19:30:16,394][train.train_nn_models] [Training] Epoch=169, loss=1205.3390, nll=1205.3390, l2_reg=0.0000, acc=0.1900
[ 2022-08-29 19:30:16,397][train.train_nn_models] [Validation] Epoch=169, nll=1209.4924, acc=0.1907
[ 2022-08-29 19:30:16,399][train.train_nn_models] Found a better model at epoch 169.
[ 2022-08-29 19:30:18,982][train.train_nn_models] [Training] Epoch=170, loss=1205.1118, nll=1205.1118, l2_reg=0.0000, acc=0.1900
[ 2022-08-29 19:30:18,984][train.train_nn_models] [Validation] Epoch=170, nll=1209.2671, acc=0.1911
[ 2022-08-29 19:30:18,986][train.train_nn_models] Found a better model at epoch 170.
[ 2022-08-29 19:30:21,600][train.train_nn_models] [Training] Epoch=171, loss=1204.8787, nll=1204.8787, l2_reg=0.0000, acc=0.1900
[ 2022-08-29 19:30:21,602][train.train_nn_models] [Validation] Epoch=171, nll=1209.0333, acc=0.1916
[ 2022-08-29 19:30:21,605][train.train_nn_models] Found a better model at epoch 171.
[ 2022-08-29 19:30:24,434][train.train_nn_models] [Training] Epoch=172, loss=1204.6405, nll=1204.6405, l2_reg=0.0000, acc=0.1904
[ 2022-08-29 19:30:24,436][train.train_nn_models] [Validation] Epoch=172, nll=1208.7917, acc=0.1909
[ 2022-08-29 19:30:24,438][train.train_nn_models] Found a better model at epoch 172.
[ 2022-08-29 19:30:27,039][train.train_nn_models] [Training] Epoch=173, loss=1204.3956, nll=1204.3956, l2_reg=0.0000, acc=0.1906
[ 2022-08-29 19:30:27,042][train.train_nn_models] [Validation] Epoch=173, nll=1208.5428, acc=0.1906
[ 2022-08-29 19:30:27,044][train.train_nn_models] Found a better model at epoch 173.
[ 2022-08-29 19:30:29,618][train.train_nn_models] [Training] Epoch=174, loss=1204.1462, nll=1204.1462, l2_reg=0.0000, acc=0.1907
[ 2022-08-29 19:30:29,620][train.train_nn_models] [Validation] Epoch=174, nll=1208.2878, acc=0.1904
[ 2022-08-29 19:30:29,622][train.train_nn_models] Found a better model at epoch 174.
[ 2022-08-29 19:30:31,947][train.train_nn_models] [Training] Epoch=175, loss=1203.8931, nll=1203.8931, l2_reg=0.0000, acc=0.1909
[ 2022-08-29 19:30:31,947][train.train_nn_models] [Validation] Epoch=175, nll=1208.0304, acc=0.1898
[ 2022-08-29 19:30:31,949][train.train_nn_models] Found a better model at epoch 175.
[ 2022-08-29 19:30:34,484][train.train_nn_models] [Training] Epoch=176, loss=1203.6377, nll=1203.6377, l2_reg=0.0000, acc=0.1909
[ 2022-08-29 19:30:34,487][train.train_nn_models] [Validation] Epoch=176, nll=1207.7688, acc=0.1899
[ 2022-08-29 19:30:34,488][train.train_nn_models] Found a better model at epoch 176.
[ 2022-08-29 19:30:36,818][train.train_nn_models] [Training] Epoch=177, loss=1203.3815, nll=1203.3815, l2_reg=0.0000, acc=0.1905
[ 2022-08-29 19:30:36,820][train.train_nn_models] [Validation] Epoch=177, nll=1207.5109, acc=0.1900
[ 2022-08-29 19:30:36,822][train.train_nn_models] Found a better model at epoch 177.
[ 2022-08-29 19:30:39,255][train.train_nn_models] [Training] Epoch=178, loss=1203.1282, nll=1203.1282, l2_reg=0.0000, acc=0.1905
[ 2022-08-29 19:30:39,258][train.train_nn_models] [Validation] Epoch=178, nll=1207.2542, acc=0.1911
[ 2022-08-29 19:30:39,260][train.train_nn_models] Found a better model at epoch 178.
[ 2022-08-29 19:30:41,815][train.train_nn_models] [Training] Epoch=179, loss=1202.8793, nll=1202.8793, l2_reg=0.0000, acc=0.1910
[ 2022-08-29 19:30:41,817][train.train_nn_models] [Validation] Epoch=179, nll=1207.0043, acc=0.1923
[ 2022-08-29 19:30:41,820][train.train_nn_models] Found a better model at epoch 179.
[ 2022-08-29 19:30:44,204][train.train_nn_models] [Training] Epoch=180, loss=1202.6375, nll=1202.6375, l2_reg=0.0000, acc=0.1912
[ 2022-08-29 19:30:44,207][train.train_nn_models] [Validation] Epoch=180, nll=1206.7654, acc=0.1926
[ 2022-08-29 19:30:44,209][train.train_nn_models] Found a better model at epoch 180.
[ 2022-08-29 19:30:46,595][train.train_nn_models] [Training] Epoch=181, loss=1202.4058, nll=1202.4058, l2_reg=0.0000, acc=0.1913
[ 2022-08-29 19:30:46,597][train.train_nn_models] [Validation] Epoch=181, nll=1206.5385, acc=0.1924
[ 2022-08-29 19:30:46,600][train.train_nn_models] Found a better model at epoch 181.
[ 2022-08-29 19:30:49,000][train.train_nn_models] [Training] Epoch=182, loss=1202.1858, nll=1202.1858, l2_reg=0.0000, acc=0.1916
[ 2022-08-29 19:30:49,002][train.train_nn_models] [Validation] Epoch=182, nll=1206.3263, acc=0.1932
[ 2022-08-29 19:30:49,004][train.train_nn_models] Found a better model at epoch 182.
[ 2022-08-29 19:30:51,474][train.train_nn_models] [Training] Epoch=183, loss=1201.9785, nll=1201.9785, l2_reg=0.0000, acc=0.1919
[ 2022-08-29 19:30:51,477][train.train_nn_models] [Validation] Epoch=183, nll=1206.1290, acc=0.1945
[ 2022-08-29 19:30:51,479][train.train_nn_models] Found a better model at epoch 183.
[ 2022-08-29 19:30:53,808][train.train_nn_models] [Training] Epoch=184, loss=1201.7858, nll=1201.7858, l2_reg=0.0000, acc=0.1920
[ 2022-08-29 19:30:53,811][train.train_nn_models] [Validation] Epoch=184, nll=1205.9486, acc=0.1955
[ 2022-08-29 19:30:53,812][train.train_nn_models] Found a better model at epoch 184.
[ 2022-08-29 19:30:56,274][train.train_nn_models] [Training] Epoch=185, loss=1201.6069, nll=1201.6069, l2_reg=0.0000, acc=0.1922
[ 2022-08-29 19:30:56,276][train.train_nn_models] [Validation] Epoch=185, nll=1205.7845, acc=0.1963
[ 2022-08-29 19:30:56,278][train.train_nn_models] Found a better model at epoch 185.
[ 2022-08-29 19:30:58,589][train.train_nn_models] [Training] Epoch=186, loss=1201.4412, nll=1201.4412, l2_reg=0.0000, acc=0.1922
[ 2022-08-29 19:30:58,592][train.train_nn_models] [Validation] Epoch=186, nll=1205.6334, acc=0.1960
[ 2022-08-29 19:30:58,594][train.train_nn_models] Found a better model at epoch 186.
[ 2022-08-29 19:31:01,088][train.train_nn_models] [Training] Epoch=187, loss=1201.2877, nll=1201.2877, l2_reg=0.0000, acc=0.1922
[ 2022-08-29 19:31:01,090][train.train_nn_models] [Validation] Epoch=187, nll=1205.4935, acc=0.1966
[ 2022-08-29 19:31:01,092][train.train_nn_models] Found a better model at epoch 187.
[ 2022-08-29 19:31:03,416][train.train_nn_models] [Training] Epoch=188, loss=1201.1448, nll=1201.1448, l2_reg=0.0000, acc=0.1921
[ 2022-08-29 19:31:03,418][train.train_nn_models] [Validation] Epoch=188, nll=1205.3665, acc=0.1957
[ 2022-08-29 19:31:03,420][train.train_nn_models] Found a better model at epoch 188.
[ 2022-08-29 19:31:05,846][train.train_nn_models] [Training] Epoch=189, loss=1201.0125, nll=1201.0125, l2_reg=0.0000, acc=0.1918
[ 2022-08-29 19:31:05,849][train.train_nn_models] [Validation] Epoch=189, nll=1205.2501, acc=0.1962
[ 2022-08-29 19:31:05,851][train.train_nn_models] Found a better model at epoch 189.
[ 2022-08-29 19:31:08,484][train.train_nn_models] [Training] Epoch=190, loss=1200.8878, nll=1200.8878, l2_reg=0.0000, acc=0.1915
[ 2022-08-29 19:31:08,487][train.train_nn_models] [Validation] Epoch=190, nll=1205.1396, acc=0.1966
[ 2022-08-29 19:31:08,489][train.train_nn_models] Found a better model at epoch 190.
[ 2022-08-29 19:31:10,900][train.train_nn_models] [Training] Epoch=191, loss=1200.7705, nll=1200.7705, l2_reg=0.0000, acc=0.1917
[ 2022-08-29 19:31:10,903][train.train_nn_models] [Validation] Epoch=191, nll=1205.0396, acc=0.1971
[ 2022-08-29 19:31:10,905][train.train_nn_models] Found a better model at epoch 191.
[ 2022-08-29 19:31:13,231][train.train_nn_models] [Training] Epoch=192, loss=1200.6597, nll=1200.6597, l2_reg=0.0000, acc=0.1919
[ 2022-08-29 19:31:13,233][train.train_nn_models] [Validation] Epoch=192, nll=1204.9438, acc=0.1973
[ 2022-08-29 19:31:13,236][train.train_nn_models] Found a better model at epoch 192.
[ 2022-08-29 19:31:15,746][train.train_nn_models] [Training] Epoch=193, loss=1200.5546, nll=1200.5546, l2_reg=0.0000, acc=0.1918
[ 2022-08-29 19:31:15,748][train.train_nn_models] [Validation] Epoch=193, nll=1204.8546, acc=0.1978
[ 2022-08-29 19:31:15,751][train.train_nn_models] Found a better model at epoch 193.
[ 2022-08-29 19:31:18,711][train.train_nn_models] [Training] Epoch=194, loss=1200.4526, nll=1200.4526, l2_reg=0.0000, acc=0.1918
[ 2022-08-29 19:31:18,713][train.train_nn_models] [Validation] Epoch=194, nll=1204.7683, acc=0.1973
[ 2022-08-29 19:31:18,715][train.train_nn_models] Found a better model at epoch 194.
[ 2022-08-29 19:31:21,598][train.train_nn_models] [Training] Epoch=195, loss=1200.3551, nll=1200.3551, l2_reg=0.0000, acc=0.1920
[ 2022-08-29 19:31:21,600][train.train_nn_models] [Validation] Epoch=195, nll=1204.6860, acc=0.1976
[ 2022-08-29 19:31:21,602][train.train_nn_models] Found a better model at epoch 195.
[ 2022-08-29 19:31:24,484][train.train_nn_models] [Training] Epoch=196, loss=1200.2599, nll=1200.2599, l2_reg=0.0000, acc=0.1924
[ 2022-08-29 19:31:24,486][train.train_nn_models] [Validation] Epoch=196, nll=1204.6066, acc=0.1974
[ 2022-08-29 19:31:24,488][train.train_nn_models] Found a better model at epoch 196.
[ 2022-08-29 19:31:27,482][train.train_nn_models] [Training] Epoch=197, loss=1200.1678, nll=1200.1678, l2_reg=0.0000, acc=0.1924
[ 2022-08-29 19:31:27,485][train.train_nn_models] [Validation] Epoch=197, nll=1204.5305, acc=0.1978
[ 2022-08-29 19:31:27,487][train.train_nn_models] Found a better model at epoch 197.
[ 2022-08-29 19:31:30,440][train.train_nn_models] [Training] Epoch=198, loss=1200.0778, nll=1200.0778, l2_reg=0.0000, acc=0.1925
[ 2022-08-29 19:31:30,442][train.train_nn_models] [Validation] Epoch=198, nll=1204.4556, acc=0.1986
[ 2022-08-29 19:31:30,444][train.train_nn_models] Found a better model at epoch 198.
[ 2022-08-29 19:31:33,295][train.train_nn_models] [Training] Epoch=199, loss=1199.9897, nll=1199.9897, l2_reg=0.0000, acc=0.1926
[ 2022-08-29 19:31:33,298][train.train_nn_models] [Validation] Epoch=199, nll=1204.3817, acc=0.1991
[ 2022-08-29 19:31:33,300][train.train_nn_models] Found a better model at epoch 199.
[ 2022-08-29 19:31:36,277][train.train_nn_models] [Training] Epoch=200, loss=1199.9031, nll=1199.9031, l2_reg=0.0000, acc=0.1925
[ 2022-08-29 19:31:36,279][train.train_nn_models] [Validation] Epoch=200, nll=1204.3090, acc=0.1992
[ 2022-08-29 19:31:36,281][train.train_nn_models] Found a better model at epoch 200.
[ 2022-08-29 19:31:39,250][train.train_nn_models] [Training] Epoch=201, loss=1199.8185, nll=1199.8185, l2_reg=0.0000, acc=0.1927
[ 2022-08-29 19:31:39,252][train.train_nn_models] [Validation] Epoch=201, nll=1204.2378, acc=0.1986
[ 2022-08-29 19:31:39,255][train.train_nn_models] Found a better model at epoch 201.
[ 2022-08-29 19:31:42,054][train.train_nn_models] [Training] Epoch=202, loss=1199.7347, nll=1199.7347, l2_reg=0.0000, acc=0.1926
[ 2022-08-29 19:31:42,056][train.train_nn_models] [Validation] Epoch=202, nll=1204.1674, acc=0.1979
[ 2022-08-29 19:31:42,059][train.train_nn_models] Found a better model at epoch 202.
[ 2022-08-29 19:31:44,959][train.train_nn_models] [Training] Epoch=203, loss=1199.6522, nll=1199.6522, l2_reg=0.0000, acc=0.1925
[ 2022-08-29 19:31:44,962][train.train_nn_models] [Validation] Epoch=203, nll=1204.0970, acc=0.1971
[ 2022-08-29 19:31:44,964][train.train_nn_models] Found a better model at epoch 203.
[ 2022-08-29 19:31:47,914][train.train_nn_models] [Training] Epoch=204, loss=1199.5697, nll=1199.5697, l2_reg=0.0000, acc=0.1928
[ 2022-08-29 19:31:47,915][train.train_nn_models] [Validation] Epoch=204, nll=1204.0281, acc=0.1968
[ 2022-08-29 19:31:47,917][train.train_nn_models] Found a better model at epoch 204.
[ 2022-08-29 19:31:50,761][train.train_nn_models] [Training] Epoch=205, loss=1199.4890, nll=1199.4890, l2_reg=0.0000, acc=0.1929
[ 2022-08-29 19:31:50,764][train.train_nn_models] [Validation] Epoch=205, nll=1203.9594, acc=0.1973
[ 2022-08-29 19:31:50,766][train.train_nn_models] Found a better model at epoch 205.
[ 2022-08-29 19:31:53,700][train.train_nn_models] [Training] Epoch=206, loss=1199.4091, nll=1199.4091, l2_reg=0.0000, acc=0.1927
[ 2022-08-29 19:31:53,702][train.train_nn_models] [Validation] Epoch=206, nll=1203.8914, acc=0.1968
[ 2022-08-29 19:31:53,704][train.train_nn_models] Found a better model at epoch 206.
[ 2022-08-29 19:31:56,472][train.train_nn_models] [Training] Epoch=207, loss=1199.3298, nll=1199.3298, l2_reg=0.0000, acc=0.1926
[ 2022-08-29 19:31:56,474][train.train_nn_models] [Validation] Epoch=207, nll=1203.8232, acc=0.1974
[ 2022-08-29 19:31:56,477][train.train_nn_models] Found a better model at epoch 207.
[ 2022-08-29 19:31:58,773][train.train_nn_models] [Training] Epoch=208, loss=1199.2513, nll=1199.2513, l2_reg=0.0000, acc=0.1930
[ 2022-08-29 19:31:58,776][train.train_nn_models] [Validation] Epoch=208, nll=1203.7554, acc=0.1977
[ 2022-08-29 19:31:58,777][train.train_nn_models] Found a better model at epoch 208.
[ 2022-08-29 19:32:01,209][train.train_nn_models] [Training] Epoch=209, loss=1199.1747, nll=1199.1747, l2_reg=0.0000, acc=0.1930
[ 2022-08-29 19:32:01,211][train.train_nn_models] [Validation] Epoch=209, nll=1203.6892, acc=0.1977
[ 2022-08-29 19:32:01,214][train.train_nn_models] Found a better model at epoch 209.
[ 2022-08-29 19:32:03,717][train.train_nn_models] [Training] Epoch=210, loss=1199.0994, nll=1199.0994, l2_reg=0.0000, acc=0.1932
[ 2022-08-29 19:32:03,718][train.train_nn_models] [Validation] Epoch=210, nll=1203.6233, acc=0.1975
[ 2022-08-29 19:32:03,721][train.train_nn_models] Found a better model at epoch 210.
[ 2022-08-29 19:32:06,328][train.train_nn_models] [Training] Epoch=211, loss=1199.0259, nll=1199.0259, l2_reg=0.0000, acc=0.1932
[ 2022-08-29 19:32:06,331][train.train_nn_models] [Validation] Epoch=211, nll=1203.5592, acc=0.1973
[ 2022-08-29 19:32:06,333][train.train_nn_models] Found a better model at epoch 211.
[ 2022-08-29 19:32:08,995][train.train_nn_models] [Training] Epoch=212, loss=1198.9543, nll=1198.9543, l2_reg=0.0000, acc=0.1934
[ 2022-08-29 19:32:08,998][train.train_nn_models] [Validation] Epoch=212, nll=1203.4968, acc=0.1976
[ 2022-08-29 19:32:08,999][train.train_nn_models] Found a better model at epoch 212.
[ 2022-08-29 19:32:11,531][train.train_nn_models] [Training] Epoch=213, loss=1198.8851, nll=1198.8851, l2_reg=0.0000, acc=0.1935
[ 2022-08-29 19:32:11,534][train.train_nn_models] [Validation] Epoch=213, nll=1203.4364, acc=0.1973
[ 2022-08-29 19:32:11,536][train.train_nn_models] Found a better model at epoch 213.
[ 2022-08-29 19:32:13,958][train.train_nn_models] [Training] Epoch=214, loss=1198.8176, nll=1198.8176, l2_reg=0.0000, acc=0.1935
[ 2022-08-29 19:32:13,960][train.train_nn_models] [Validation] Epoch=214, nll=1203.3773, acc=0.1974
[ 2022-08-29 19:32:13,962][train.train_nn_models] Found a better model at epoch 214.
[ 2022-08-29 19:32:16,376][train.train_nn_models] [Training] Epoch=215, loss=1198.7527, nll=1198.7527, l2_reg=0.0000, acc=0.1934
[ 2022-08-29 19:32:16,378][train.train_nn_models] [Validation] Epoch=215, nll=1203.3199, acc=0.1968
[ 2022-08-29 19:32:16,381][train.train_nn_models] Found a better model at epoch 215.
[ 2022-08-29 19:32:18,965][train.train_nn_models] [Training] Epoch=216, loss=1198.6888, nll=1198.6888, l2_reg=0.0000, acc=0.1934
[ 2022-08-29 19:32:18,967][train.train_nn_models] [Validation] Epoch=216, nll=1203.2639, acc=0.1966
[ 2022-08-29 19:32:18,969][train.train_nn_models] Found a better model at epoch 216.
[ 2022-08-29 19:32:21,499][train.train_nn_models] [Training] Epoch=217, loss=1198.6276, nll=1198.6276, l2_reg=0.0000, acc=0.1935
[ 2022-08-29 19:32:21,501][train.train_nn_models] [Validation] Epoch=217, nll=1203.2084, acc=0.1966
[ 2022-08-29 19:32:21,503][train.train_nn_models] Found a better model at epoch 217.
[ 2022-08-29 19:32:24,258][train.train_nn_models] [Training] Epoch=218, loss=1198.5671, nll=1198.5671, l2_reg=0.0000, acc=0.1936
[ 2022-08-29 19:32:24,261][train.train_nn_models] [Validation] Epoch=218, nll=1203.1552, acc=0.1961
[ 2022-08-29 19:32:24,262][train.train_nn_models] Found a better model at epoch 218.
[ 2022-08-29 19:32:26,871][train.train_nn_models] [Training] Epoch=219, loss=1198.5085, nll=1198.5085, l2_reg=0.0000, acc=0.1936
[ 2022-08-29 19:32:26,874][train.train_nn_models] [Validation] Epoch=219, nll=1203.1022, acc=0.1956
[ 2022-08-29 19:32:26,876][train.train_nn_models] Found a better model at epoch 219.
[ 2022-08-29 19:32:29,516][train.train_nn_models] [Training] Epoch=220, loss=1198.4508, nll=1198.4508, l2_reg=0.0000, acc=0.1936
[ 2022-08-29 19:32:29,518][train.train_nn_models] [Validation] Epoch=220, nll=1203.0505, acc=0.1948
[ 2022-08-29 19:32:29,520][train.train_nn_models] Found a better model at epoch 220.
[ 2022-08-29 19:32:32,114][train.train_nn_models] [Training] Epoch=221, loss=1198.3947, nll=1198.3947, l2_reg=0.0000, acc=0.1936
[ 2022-08-29 19:32:32,117][train.train_nn_models] [Validation] Epoch=221, nll=1202.9989, acc=0.1947
[ 2022-08-29 19:32:32,119][train.train_nn_models] Found a better model at epoch 221.
[ 2022-08-29 19:32:34,794][train.train_nn_models] [Training] Epoch=222, loss=1198.3389, nll=1198.3389, l2_reg=0.0000, acc=0.1937
[ 2022-08-29 19:32:34,796][train.train_nn_models] [Validation] Epoch=222, nll=1202.9476, acc=0.1943
[ 2022-08-29 19:32:34,799][train.train_nn_models] Found a better model at epoch 222.
[ 2022-08-29 19:32:37,404][train.train_nn_models] [Training] Epoch=223, loss=1198.2838, nll=1198.2838, l2_reg=0.0000, acc=0.1940
[ 2022-08-29 19:32:37,407][train.train_nn_models] [Validation] Epoch=223, nll=1202.8966, acc=0.1943
[ 2022-08-29 19:32:37,409][train.train_nn_models] Found a better model at epoch 223.
[ 2022-08-29 19:32:39,909][train.train_nn_models] [Training] Epoch=224, loss=1198.2294, nll=1198.2294, l2_reg=0.0000, acc=0.1939
[ 2022-08-29 19:32:39,911][train.train_nn_models] [Validation] Epoch=224, nll=1202.8462, acc=0.1940
[ 2022-08-29 19:32:39,913][train.train_nn_models] Found a better model at epoch 224.
[ 2022-08-29 19:32:42,403][train.train_nn_models] [Training] Epoch=225, loss=1198.1753, nll=1198.1753, l2_reg=0.0000, acc=0.1941
[ 2022-08-29 19:32:42,405][train.train_nn_models] [Validation] Epoch=225, nll=1202.7948, acc=0.1947
[ 2022-08-29 19:32:42,407][train.train_nn_models] Found a better model at epoch 225.
[ 2022-08-29 19:32:44,894][train.train_nn_models] [Training] Epoch=226, loss=1198.1217, nll=1198.1217, l2_reg=0.0000, acc=0.1941
[ 2022-08-29 19:32:44,896][train.train_nn_models] [Validation] Epoch=226, nll=1202.7438, acc=0.1942
[ 2022-08-29 19:32:44,898][train.train_nn_models] Found a better model at epoch 226.
[ 2022-08-29 19:32:47,363][train.train_nn_models] [Training] Epoch=227, loss=1198.0680, nll=1198.0680, l2_reg=0.0000, acc=0.1942
[ 2022-08-29 19:32:47,366][train.train_nn_models] [Validation] Epoch=227, nll=1202.6914, acc=0.1939
[ 2022-08-29 19:32:47,368][train.train_nn_models] Found a better model at epoch 227.
[ 2022-08-29 19:32:49,829][train.train_nn_models] [Training] Epoch=228, loss=1198.0139, nll=1198.0139, l2_reg=0.0000, acc=0.1943
[ 2022-08-29 19:32:49,831][train.train_nn_models] [Validation] Epoch=228, nll=1202.6393, acc=0.1938
[ 2022-08-29 19:32:49,833][train.train_nn_models] Found a better model at epoch 228.
[ 2022-08-29 19:32:52,300][train.train_nn_models] [Training] Epoch=229, loss=1197.9612, nll=1197.9612, l2_reg=0.0000, acc=0.1943
[ 2022-08-29 19:32:52,303][train.train_nn_models] [Validation] Epoch=229, nll=1202.5864, acc=0.1932
[ 2022-08-29 19:32:52,305][train.train_nn_models] Found a better model at epoch 229.
[ 2022-08-29 19:32:54,787][train.train_nn_models] [Training] Epoch=230, loss=1197.9075, nll=1197.9075, l2_reg=0.0000, acc=0.1942
[ 2022-08-29 19:32:54,789][train.train_nn_models] [Validation] Epoch=230, nll=1202.5330, acc=0.1932
[ 2022-08-29 19:32:54,791][train.train_nn_models] Found a better model at epoch 230.
[ 2022-08-29 19:32:57,246][train.train_nn_models] [Training] Epoch=231, loss=1197.8547, nll=1197.8547, l2_reg=0.0000, acc=0.1943
[ 2022-08-29 19:32:57,248][train.train_nn_models] [Validation] Epoch=231, nll=1202.4789, acc=0.1932
[ 2022-08-29 19:32:57,250][train.train_nn_models] Found a better model at epoch 231.
[ 2022-08-29 19:32:59,710][train.train_nn_models] [Training] Epoch=232, loss=1197.8022, nll=1197.8022, l2_reg=0.0000, acc=0.1941
[ 2022-08-29 19:32:59,712][train.train_nn_models] [Validation] Epoch=232, nll=1202.4255, acc=0.1939
[ 2022-08-29 19:32:59,714][train.train_nn_models] Found a better model at epoch 232.
[ 2022-08-29 19:33:02,182][train.train_nn_models] [Training] Epoch=233, loss=1197.7504, nll=1197.7504, l2_reg=0.0000, acc=0.1941
[ 2022-08-29 19:33:02,184][train.train_nn_models] [Validation] Epoch=233, nll=1202.3715, acc=0.1941
[ 2022-08-29 19:33:02,186][train.train_nn_models] Found a better model at epoch 233.
[ 2022-08-29 19:33:04,659][train.train_nn_models] [Training] Epoch=234, loss=1197.6991, nll=1197.6991, l2_reg=0.0000, acc=0.1942
[ 2022-08-29 19:33:04,661][train.train_nn_models] [Validation] Epoch=234, nll=1202.3181, acc=0.1941
[ 2022-08-29 19:33:04,663][train.train_nn_models] Found a better model at epoch 234.
[ 2022-08-29 19:33:07,129][train.train_nn_models] [Training] Epoch=235, loss=1197.6488, nll=1197.6488, l2_reg=0.0000, acc=0.1943
[ 2022-08-29 19:33:07,131][train.train_nn_models] [Validation] Epoch=235, nll=1202.2651, acc=0.1937
[ 2022-08-29 19:33:07,133][train.train_nn_models] Found a better model at epoch 235.
[ 2022-08-29 19:33:09,600][train.train_nn_models] [Training] Epoch=236, loss=1197.5994, nll=1197.5994, l2_reg=0.0000, acc=0.1942
[ 2022-08-29 19:33:09,602][train.train_nn_models] [Validation] Epoch=236, nll=1202.2124, acc=0.1937
[ 2022-08-29 19:33:09,604][train.train_nn_models] Found a better model at epoch 236.
[ 2022-08-29 19:33:12,077][train.train_nn_models] [Training] Epoch=237, loss=1197.5514, nll=1197.5514, l2_reg=0.0000, acc=0.1941
[ 2022-08-29 19:33:12,079][train.train_nn_models] [Validation] Epoch=237, nll=1202.1617, acc=0.1937
[ 2022-08-29 19:33:12,081][train.train_nn_models] Found a better model at epoch 237.
[ 2022-08-29 19:33:14,661][train.train_nn_models] [Training] Epoch=238, loss=1197.5044, nll=1197.5044, l2_reg=0.0000, acc=0.1942
[ 2022-08-29 19:33:14,663][train.train_nn_models] [Validation] Epoch=238, nll=1202.1119, acc=0.1933
[ 2022-08-29 19:33:14,666][train.train_nn_models] Found a better model at epoch 238.
[ 2022-08-29 19:33:17,015][train.train_nn_models] [Training] Epoch=239, loss=1197.4590, nll=1197.4590, l2_reg=0.0000, acc=0.1945
[ 2022-08-29 19:33:17,017][train.train_nn_models] [Validation] Epoch=239, nll=1202.0632, acc=0.1928
[ 2022-08-29 19:33:17,019][train.train_nn_models] Found a better model at epoch 239.
[ 2022-08-29 19:33:19,494][train.train_nn_models] [Training] Epoch=240, loss=1197.4144, nll=1197.4144, l2_reg=0.0000, acc=0.1944
[ 2022-08-29 19:33:19,496][train.train_nn_models] [Validation] Epoch=240, nll=1202.0167, acc=0.1936
[ 2022-08-29 19:33:19,498][train.train_nn_models] Found a better model at epoch 240.
[ 2022-08-29 19:33:21,945][train.train_nn_models] [Training] Epoch=241, loss=1197.3708, nll=1197.3708, l2_reg=0.0000, acc=0.1945
[ 2022-08-29 19:33:21,947][train.train_nn_models] [Validation] Epoch=241, nll=1201.9709, acc=0.1937
[ 2022-08-29 19:33:21,949][train.train_nn_models] Found a better model at epoch 241.
[ 2022-08-29 19:33:24,460][train.train_nn_models] [Training] Epoch=242, loss=1197.3284, nll=1197.3284, l2_reg=0.0000, acc=0.1945
[ 2022-08-29 19:33:24,463][train.train_nn_models] [Validation] Epoch=242, nll=1201.9264, acc=0.1939
[ 2022-08-29 19:33:24,465][train.train_nn_models] Found a better model at epoch 242.
[ 2022-08-29 19:33:26,797][train.train_nn_models] [Training] Epoch=243, loss=1197.2869, nll=1197.2869, l2_reg=0.0000, acc=0.1947
[ 2022-08-29 19:33:26,800][train.train_nn_models] [Validation] Epoch=243, nll=1201.8831, acc=0.1943
[ 2022-08-29 19:33:26,802][train.train_nn_models] Found a better model at epoch 243.
[ 2022-08-29 19:33:29,230][train.train_nn_models] [Training] Epoch=244, loss=1197.2458, nll=1197.2458, l2_reg=0.0000, acc=0.1947
[ 2022-08-29 19:33:29,232][train.train_nn_models] [Validation] Epoch=244, nll=1201.8407, acc=0.1936
[ 2022-08-29 19:33:29,234][train.train_nn_models] Found a better model at epoch 244.
[ 2022-08-29 19:33:31,574][train.train_nn_models] [Training] Epoch=245, loss=1197.2054, nll=1197.2054, l2_reg=0.0000, acc=0.1948
[ 2022-08-29 19:33:31,576][train.train_nn_models] [Validation] Epoch=245, nll=1201.7992, acc=0.1935
[ 2022-08-29 19:33:31,579][train.train_nn_models] Found a better model at epoch 245.
[ 2022-08-29 19:33:34,004][train.train_nn_models] [Training] Epoch=246, loss=1197.1659, nll=1197.1659, l2_reg=0.0000, acc=0.1947
[ 2022-08-29 19:33:34,007][train.train_nn_models] [Validation] Epoch=246, nll=1201.7585, acc=0.1935
[ 2022-08-29 19:33:34,009][train.train_nn_models] Found a better model at epoch 246.
[ 2022-08-29 19:33:36,365][train.train_nn_models] [Training] Epoch=247, loss=1197.1268, nll=1197.1268, l2_reg=0.0000, acc=0.1947
[ 2022-08-29 19:33:36,367][train.train_nn_models] [Validation] Epoch=247, nll=1201.7183, acc=0.1933
[ 2022-08-29 19:33:36,369][train.train_nn_models] Found a better model at epoch 247.
[ 2022-08-29 19:33:38,740][train.train_nn_models] [Training] Epoch=248, loss=1197.0881, nll=1197.0881, l2_reg=0.0000, acc=0.1945
[ 2022-08-29 19:33:38,742][train.train_nn_models] [Validation] Epoch=248, nll=1201.6782, acc=0.1932
[ 2022-08-29 19:33:38,744][train.train_nn_models] Found a better model at epoch 248.
[ 2022-08-29 19:33:41,211][train.train_nn_models] [Training] Epoch=249, loss=1197.0500, nll=1197.0500, l2_reg=0.0000, acc=0.1945
[ 2022-08-29 19:33:41,213][train.train_nn_models] [Validation] Epoch=249, nll=1201.6395, acc=0.1932
[ 2022-08-29 19:33:41,215][train.train_nn_models] Found a better model at epoch 249.
[ 2022-08-29 19:33:41,480][train.eval_nll] [Test]nll=1205.8451, acc=0.1911
[ 2022-08-29 19:42:41,317][train.<module>]                    timestamp  ...                                             config
0 2022-08-29 19:42:41.266328  ...  {'model': 'ERPP', 'dataset': 'pgem-1K-15', 'in...
1 2022-08-29 19:42:41.266328  ...  {'model': 'ERPP', 'dataset': 'pgem-1K-15', 'in...
2 2022-08-29 19:42:41.266328  ...  {'model': 'ERPP', 'dataset': 'pgem-1K-15', 'in...
3 2022-08-29 19:42:41.266328  ...  {'model': 'ERPP', 'dataset': 'pgem-1K-15', 'in...
4 2022-08-29 19:42:41.266328  ...  {'model': 'ERPP', 'dataset': 'pgem-1K-15', 'in...
5 2022-08-29 19:42:41.266328  ...  {'model': 'ERPP', 'dataset': 'pgem-1K-15', 'in...

[6 rows x 7 columns]
