[ 2022-07-06 16:16:08,815][train.<module>] Namespace(attr_batch_size=0, basis_type='dyadic', batch_size=64, bucket_seqs=False, cuda=True, dataset='mhp-1K-10', dropout=0.0, embedding_dim=64, epochs=200, hidden_size=64, input_dir='data/input', l2_reg=0, lr=0.001, max_mean=100, model='ERPP', n_bases=7, num_workers=0, occurred_type_only=False, optimizer='Adam', output_dir='data/output', rand_seed=0, rnn='GRU', skip_eval_infectivity=False, skip_pred_next_event=False, split_id=4, steps=50, tune_metric='nll', verbose=False)
[ 2022-07-06 16:16:22,394][train.train_nn_models] [Training] Epoch=0, loss=10995.6895, nll=10995.6895, l2_reg=0.0000, acc=0.1150
[ 2022-07-06 16:16:22,394][train.train_nn_models] [Validation] Epoch=0, nll=7453.7949, acc=0.1148
[ 2022-07-06 16:16:28,143][train.train_nn_models] [Training] Epoch=1, loss=4631.0762, nll=4631.0762, l2_reg=0.0000, acc=0.1073
[ 2022-07-06 16:16:28,193][train.train_nn_models] [Validation] Epoch=1, nll=1945.1974, acc=0.0895
[ 2022-07-06 16:16:33,371][train.train_nn_models] [Training] Epoch=2, loss=1495.2177, nll=1495.2177, l2_reg=0.0000, acc=0.0876
[ 2022-07-06 16:16:33,371][train.train_nn_models] [Validation] Epoch=2, nll=1371.3829, acc=0.1053
[ 2022-07-06 16:16:39,750][train.train_nn_models] [Training] Epoch=3, loss=1367.6537, nll=1367.6537, l2_reg=0.0000, acc=0.1231
[ 2022-07-06 16:16:39,766][train.train_nn_models] [Validation] Epoch=3, nll=1389.7749, acc=0.1468
[ 2022-07-06 16:16:44,264][train.train_nn_models] [Training] Epoch=4, loss=1347.1136, nll=1347.1136, l2_reg=0.0000, acc=0.1680
[ 2022-07-06 16:16:44,279][train.train_nn_models] [Validation] Epoch=4, nll=1338.5845, acc=0.1747
[ 2022-07-06 16:16:48,825][train.train_nn_models] [Training] Epoch=5, loss=1305.1117, nll=1305.1117, l2_reg=0.0000, acc=0.1774
[ 2022-07-06 16:16:48,840][train.train_nn_models] [Validation] Epoch=5, nll=1318.7347, acc=0.1730
[ 2022-07-06 16:16:52,543][train.train_nn_models] [Training] Epoch=6, loss=1293.2230, nll=1293.2230, l2_reg=0.0000, acc=0.1781
[ 2022-07-06 16:16:52,545][train.train_nn_models] [Validation] Epoch=6, nll=1311.4691, acc=0.1768
[ 2022-07-06 16:16:57,112][train.train_nn_models] [Training] Epoch=7, loss=1286.8340, nll=1286.8340, l2_reg=0.0000, acc=0.1786
[ 2022-07-06 16:16:57,112][train.train_nn_models] [Validation] Epoch=7, nll=1306.1910, acc=0.1731
[ 2022-07-06 16:17:01,264][train.train_nn_models] [Training] Epoch=8, loss=1282.4645, nll=1282.4645, l2_reg=0.0000, acc=0.1763
[ 2022-07-06 16:17:01,280][train.train_nn_models] [Validation] Epoch=8, nll=1302.0427, acc=0.1773
[ 2022-07-06 16:17:06,710][train.train_nn_models] [Training] Epoch=9, loss=1278.4016, nll=1278.4016, l2_reg=0.0000, acc=0.1793
[ 2022-07-06 16:17:06,727][train.train_nn_models] [Validation] Epoch=9, nll=1297.8883, acc=0.1784
[ 2022-07-06 16:17:12,260][train.train_nn_models] [Training] Epoch=10, loss=1274.3170, nll=1274.3170, l2_reg=0.0000, acc=0.1818
[ 2022-07-06 16:17:12,280][train.train_nn_models] [Validation] Epoch=10, nll=1293.6996, acc=0.1788
[ 2022-07-06 16:17:16,520][train.train_nn_models] [Training] Epoch=11, loss=1270.2571, nll=1270.2571, l2_reg=0.0000, acc=0.1826
[ 2022-07-06 16:17:16,541][train.train_nn_models] [Validation] Epoch=11, nll=1289.5078, acc=0.1799
[ 2022-07-06 16:17:20,952][train.train_nn_models] [Training] Epoch=12, loss=1266.1932, nll=1266.1932, l2_reg=0.0000, acc=0.1832
[ 2022-07-06 16:17:20,953][train.train_nn_models] [Validation] Epoch=12, nll=1285.3121, acc=0.1805
[ 2022-07-06 16:17:25,301][train.train_nn_models] [Training] Epoch=13, loss=1262.0891, nll=1262.0891, l2_reg=0.0000, acc=0.1839
[ 2022-07-06 16:17:25,307][train.train_nn_models] [Validation] Epoch=13, nll=1281.0894, acc=0.1820
[ 2022-07-06 16:17:31,697][train.train_nn_models] [Training] Epoch=14, loss=1257.9880, nll=1257.9880, l2_reg=0.0000, acc=0.1846
[ 2022-07-06 16:17:31,714][train.train_nn_models] [Validation] Epoch=14, nll=1276.8569, acc=0.1831
[ 2022-07-06 16:17:36,701][train.train_nn_models] [Training] Epoch=15, loss=1253.8680, nll=1253.8680, l2_reg=0.0000, acc=0.1850
[ 2022-07-06 16:17:36,706][train.train_nn_models] [Validation] Epoch=15, nll=1272.5842, acc=0.1837
[ 2022-07-06 16:17:41,513][train.train_nn_models] [Training] Epoch=16, loss=1249.7135, nll=1249.7135, l2_reg=0.0000, acc=0.1858
[ 2022-07-06 16:17:41,518][train.train_nn_models] [Validation] Epoch=16, nll=1268.2635, acc=0.1844
[ 2022-07-06 16:17:46,803][train.train_nn_models] [Training] Epoch=17, loss=1245.5093, nll=1245.5093, l2_reg=0.0000, acc=0.1865
[ 2022-07-06 16:17:46,807][train.train_nn_models] [Validation] Epoch=17, nll=1263.8765, acc=0.1851
[ 2022-07-06 16:17:51,847][train.train_nn_models] [Training] Epoch=18, loss=1241.2402, nll=1241.2402, l2_reg=0.0000, acc=0.1869
[ 2022-07-06 16:17:51,848][train.train_nn_models] [Validation] Epoch=18, nll=1259.4088, acc=0.1851
[ 2022-07-06 16:17:56,878][train.train_nn_models] [Training] Epoch=19, loss=1236.8960, nll=1236.8960, l2_reg=0.0000, acc=0.1874
[ 2022-07-06 16:17:56,880][train.train_nn_models] [Validation] Epoch=19, nll=1254.8452, acc=0.1859
[ 2022-07-06 16:18:04,446][train.train_nn_models] [Training] Epoch=20, loss=1232.4648, nll=1232.4648, l2_reg=0.0000, acc=0.1879
[ 2022-07-06 16:18:04,504][train.train_nn_models] [Validation] Epoch=20, nll=1250.1659, acc=0.1864
[ 2022-07-06 16:18:09,932][train.train_nn_models] [Training] Epoch=21, loss=1227.9215, nll=1227.9215, l2_reg=0.0000, acc=0.1886
[ 2022-07-06 16:18:09,936][train.train_nn_models] [Validation] Epoch=21, nll=1245.3362, acc=0.1876
[ 2022-07-06 16:18:16,124][train.train_nn_models] [Training] Epoch=22, loss=1223.2379, nll=1223.2379, l2_reg=0.0000, acc=0.1894
[ 2022-07-06 16:18:16,128][train.train_nn_models] [Validation] Epoch=22, nll=1240.3446, acc=0.1883
[ 2022-07-06 16:18:21,630][train.train_nn_models] [Training] Epoch=23, loss=1218.4178, nll=1218.4178, l2_reg=0.0000, acc=0.1900
[ 2022-07-06 16:18:21,634][train.train_nn_models] [Validation] Epoch=23, nll=1235.1935, acc=0.1893
[ 2022-07-06 16:18:27,264][train.train_nn_models] [Training] Epoch=24, loss=1213.4618, nll=1213.4618, l2_reg=0.0000, acc=0.1907
[ 2022-07-06 16:18:27,268][train.train_nn_models] [Validation] Epoch=24, nll=1229.8932, acc=0.1898
[ 2022-07-06 16:18:31,853][train.train_nn_models] [Training] Epoch=25, loss=1208.3949, nll=1208.3949, l2_reg=0.0000, acc=0.1915
[ 2022-07-06 16:18:31,857][train.train_nn_models] [Validation] Epoch=25, nll=1224.4856, acc=0.1905
[ 2022-07-06 16:18:35,917][train.train_nn_models] [Training] Epoch=26, loss=1203.2372, nll=1203.2372, l2_reg=0.0000, acc=0.1925
[ 2022-07-06 16:18:35,921][train.train_nn_models] [Validation] Epoch=26, nll=1219.0371, acc=0.1909
[ 2022-07-06 16:18:41,229][train.train_nn_models] [Training] Epoch=27, loss=1198.0288, nll=1198.0288, l2_reg=0.0000, acc=0.1938
[ 2022-07-06 16:18:41,233][train.train_nn_models] [Validation] Epoch=27, nll=1213.4854, acc=0.1924
[ 2022-07-06 16:18:46,383][train.train_nn_models] [Training] Epoch=28, loss=1192.7655, nll=1192.7655, l2_reg=0.0000, acc=0.1950
[ 2022-07-06 16:18:46,404][train.train_nn_models] [Validation] Epoch=28, nll=1207.9133, acc=0.1933
[ 2022-07-06 16:18:50,864][train.train_nn_models] [Training] Epoch=29, loss=1187.4602, nll=1187.4602, l2_reg=0.0000, acc=0.1963
[ 2022-07-06 16:18:50,867][train.train_nn_models] [Validation] Epoch=29, nll=1202.3160, acc=0.1954
[ 2022-07-06 16:18:55,309][train.train_nn_models] [Training] Epoch=30, loss=1182.1340, nll=1182.1340, l2_reg=0.0000, acc=0.1979
[ 2022-07-06 16:18:55,313][train.train_nn_models] [Validation] Epoch=30, nll=1196.7462, acc=0.1966
[ 2022-07-06 16:19:01,566][train.train_nn_models] [Training] Epoch=31, loss=1176.8705, nll=1176.8705, l2_reg=0.0000, acc=0.1993
[ 2022-07-06 16:19:01,569][train.train_nn_models] [Validation] Epoch=31, nll=1191.2498, acc=0.1982
[ 2022-07-06 16:19:05,785][train.train_nn_models] [Training] Epoch=32, loss=1171.7028, nll=1171.7028, l2_reg=0.0000, acc=0.2007
[ 2022-07-06 16:19:05,788][train.train_nn_models] [Validation] Epoch=32, nll=1185.8557, acc=0.1992
[ 2022-07-06 16:19:10,947][train.train_nn_models] [Training] Epoch=33, loss=1166.6553, nll=1166.6553, l2_reg=0.0000, acc=0.2020
[ 2022-07-06 16:19:10,950][train.train_nn_models] [Validation] Epoch=33, nll=1180.6276, acc=0.2005
[ 2022-07-06 16:19:16,934][train.train_nn_models] [Training] Epoch=34, loss=1161.7816, nll=1161.7816, l2_reg=0.0000, acc=0.2038
[ 2022-07-06 16:19:16,953][train.train_nn_models] [Validation] Epoch=34, nll=1175.6165, acc=0.2019
[ 2022-07-06 16:19:23,804][train.train_nn_models] [Training] Epoch=35, loss=1157.1365, nll=1157.1365, l2_reg=0.0000, acc=0.2052
[ 2022-07-06 16:19:23,807][train.train_nn_models] [Validation] Epoch=35, nll=1170.8082, acc=0.2038
[ 2022-07-06 16:19:31,700][train.train_nn_models] [Training] Epoch=36, loss=1152.7102, nll=1152.7102, l2_reg=0.0000, acc=0.2066
[ 2022-07-06 16:19:31,703][train.train_nn_models] [Validation] Epoch=36, nll=1166.2183, acc=0.2052
[ 2022-07-06 16:19:35,978][train.train_nn_models] [Training] Epoch=37, loss=1148.4972, nll=1148.4972, l2_reg=0.0000, acc=0.2079
[ 2022-07-06 16:19:35,981][train.train_nn_models] [Validation] Epoch=37, nll=1161.8590, acc=0.2071
[ 2022-07-06 16:19:41,314][train.train_nn_models] [Training] Epoch=38, loss=1144.5060, nll=1144.5060, l2_reg=0.0000, acc=0.2084
[ 2022-07-06 16:19:41,316][train.train_nn_models] [Validation] Epoch=38, nll=1157.7400, acc=0.2076
[ 2022-07-06 16:19:46,032][train.train_nn_models] [Training] Epoch=39, loss=1140.7487, nll=1140.7487, l2_reg=0.0000, acc=0.2090
[ 2022-07-06 16:19:46,036][train.train_nn_models] [Validation] Epoch=39, nll=1153.8730, acc=0.2089
[ 2022-07-06 16:19:50,150][train.train_nn_models] [Training] Epoch=40, loss=1137.2288, nll=1137.2288, l2_reg=0.0000, acc=0.2095
[ 2022-07-06 16:19:50,154][train.train_nn_models] [Validation] Epoch=40, nll=1150.2616, acc=0.2093
[ 2022-07-06 16:19:54,544][train.train_nn_models] [Training] Epoch=41, loss=1133.9437, nll=1133.9437, l2_reg=0.0000, acc=0.2105
[ 2022-07-06 16:19:54,547][train.train_nn_models] [Validation] Epoch=41, nll=1146.8961, acc=0.2114
[ 2022-07-06 16:19:59,329][train.train_nn_models] [Training] Epoch=42, loss=1130.8821, nll=1130.8821, l2_reg=0.0000, acc=0.2110
[ 2022-07-06 16:19:59,349][train.train_nn_models] [Validation] Epoch=42, nll=1143.7657, acc=0.2116
[ 2022-07-06 16:20:04,190][train.train_nn_models] [Training] Epoch=43, loss=1128.0275, nll=1128.0275, l2_reg=0.0000, acc=0.2116
[ 2022-07-06 16:20:04,193][train.train_nn_models] [Validation] Epoch=43, nll=1140.8523, acc=0.2121
[ 2022-07-06 16:20:08,030][train.train_nn_models] [Training] Epoch=44, loss=1125.3563, nll=1125.3563, l2_reg=0.0000, acc=0.2121
[ 2022-07-06 16:20:08,034][train.train_nn_models] [Validation] Epoch=44, nll=1138.1329, acc=0.2123
[ 2022-07-06 16:20:13,542][train.train_nn_models] [Training] Epoch=45, loss=1122.8469, nll=1122.8469, l2_reg=0.0000, acc=0.2125
[ 2022-07-06 16:20:13,553][train.train_nn_models] [Validation] Epoch=45, nll=1135.5824, acc=0.2130
[ 2022-07-06 16:20:18,608][train.train_nn_models] [Training] Epoch=46, loss=1120.4778, nll=1120.4778, l2_reg=0.0000, acc=0.2130
[ 2022-07-06 16:20:18,612][train.train_nn_models] [Validation] Epoch=46, nll=1133.1757, acc=0.2130
[ 2022-07-06 16:20:23,542][train.train_nn_models] [Training] Epoch=47, loss=1118.2290, nll=1118.2290, l2_reg=0.0000, acc=0.2136
[ 2022-07-06 16:20:23,545][train.train_nn_models] [Validation] Epoch=47, nll=1130.8907, acc=0.2132
[ 2022-07-06 16:20:28,140][train.train_nn_models] [Training] Epoch=48, loss=1116.0870, nll=1116.0870, l2_reg=0.0000, acc=0.2145
[ 2022-07-06 16:20:28,144][train.train_nn_models] [Validation] Epoch=48, nll=1128.7064, acc=0.2141
[ 2022-07-06 16:20:33,693][train.train_nn_models] [Training] Epoch=49, loss=1114.0304, nll=1114.0304, l2_reg=0.0000, acc=0.2153
[ 2022-07-06 16:20:33,697][train.train_nn_models] [Validation] Epoch=49, nll=1126.6134, acc=0.2148
[ 2022-07-06 16:20:39,423][train.train_nn_models] [Training] Epoch=50, loss=1112.0422, nll=1112.0422, l2_reg=0.0000, acc=0.2162
[ 2022-07-06 16:20:39,426][train.train_nn_models] [Validation] Epoch=50, nll=1124.6196, acc=0.2150
[ 2022-07-06 16:20:43,929][train.train_nn_models] [Training] Epoch=51, loss=1110.1342, nll=1110.1342, l2_reg=0.0000, acc=0.2172
[ 2022-07-06 16:20:43,940][train.train_nn_models] [Validation] Epoch=51, nll=1122.6973, acc=0.2158
[ 2022-07-06 16:20:47,808][train.train_nn_models] [Training] Epoch=52, loss=1108.2894, nll=1108.2894, l2_reg=0.0000, acc=0.2182
[ 2022-07-06 16:20:47,811][train.train_nn_models] [Validation] Epoch=52, nll=1120.8611, acc=0.2168
[ 2022-07-06 16:20:52,603][train.train_nn_models] [Training] Epoch=53, loss=1106.5247, nll=1106.5247, l2_reg=0.0000, acc=0.2198
[ 2022-07-06 16:20:52,606][train.train_nn_models] [Validation] Epoch=53, nll=1119.1061, acc=0.2172
[ 2022-07-06 16:20:57,560][train.train_nn_models] [Training] Epoch=54, loss=1104.8293, nll=1104.8293, l2_reg=0.0000, acc=0.2213
[ 2022-07-06 16:20:57,564][train.train_nn_models] [Validation] Epoch=54, nll=1117.4200, acc=0.2176
[ 2022-07-06 16:21:01,781][train.train_nn_models] [Training] Epoch=55, loss=1103.2036, nll=1103.2036, l2_reg=0.0000, acc=0.2230
[ 2022-07-06 16:21:01,783][train.train_nn_models] [Validation] Epoch=55, nll=1115.8127, acc=0.2184
[ 2022-07-06 16:21:07,712][train.train_nn_models] [Training] Epoch=56, loss=1101.6650, nll=1101.6650, l2_reg=0.0000, acc=0.2245
[ 2022-07-06 16:21:07,715][train.train_nn_models] [Validation] Epoch=56, nll=1114.3027, acc=0.2192
[ 2022-07-06 16:21:13,299][train.train_nn_models] [Training] Epoch=57, loss=1100.2209, nll=1100.2209, l2_reg=0.0000, acc=0.2261
[ 2022-07-06 16:21:13,302][train.train_nn_models] [Validation] Epoch=57, nll=1112.8949, acc=0.2217
[ 2022-07-06 16:21:19,293][train.train_nn_models] [Training] Epoch=58, loss=1098.8794, nll=1098.8794, l2_reg=0.0000, acc=0.2274
[ 2022-07-06 16:21:19,296][train.train_nn_models] [Validation] Epoch=58, nll=1111.5977, acc=0.2234
[ 2022-07-06 16:21:24,012][train.train_nn_models] [Training] Epoch=59, loss=1097.6447, nll=1097.6447, l2_reg=0.0000, acc=0.2291
[ 2022-07-06 16:21:24,015][train.train_nn_models] [Validation] Epoch=59, nll=1110.4038, acc=0.2255
[ 2022-07-06 16:21:28,352][train.train_nn_models] [Training] Epoch=60, loss=1096.4913, nll=1096.4913, l2_reg=0.0000, acc=0.2308
[ 2022-07-06 16:21:28,355][train.train_nn_models] [Validation] Epoch=60, nll=1109.2211, acc=0.2267
[ 2022-07-06 16:21:32,414][train.train_nn_models] [Training] Epoch=61, loss=1095.2965, nll=1095.2965, l2_reg=0.0000, acc=0.2327
[ 2022-07-06 16:21:32,417][train.train_nn_models] [Validation] Epoch=61, nll=1107.9470, acc=0.2297
[ 2022-07-06 16:21:36,249][train.train_nn_models] [Training] Epoch=62, loss=1094.0829, nll=1094.0829, l2_reg=0.0000, acc=0.2352
[ 2022-07-06 16:21:36,253][train.train_nn_models] [Validation] Epoch=62, nll=1106.7625, acc=0.2311
[ 2022-07-06 16:21:41,922][train.train_nn_models] [Training] Epoch=63, loss=1092.9524, nll=1092.9524, l2_reg=0.0000, acc=0.2366
[ 2022-07-06 16:21:41,925][train.train_nn_models] [Validation] Epoch=63, nll=1105.5605, acc=0.2326
[ 2022-07-06 16:21:47,198][train.train_nn_models] [Training] Epoch=64, loss=1091.8480, nll=1091.8480, l2_reg=0.0000, acc=0.2387
[ 2022-07-06 16:21:47,201][train.train_nn_models] [Validation] Epoch=64, nll=1104.4246, acc=0.2349
[ 2022-07-06 16:21:53,064][train.train_nn_models] [Training] Epoch=65, loss=1090.8059, nll=1090.8059, l2_reg=0.0000, acc=0.2407
[ 2022-07-06 16:21:53,067][train.train_nn_models] [Validation] Epoch=65, nll=1103.3770, acc=0.2368
[ 2022-07-06 16:21:58,447][train.train_nn_models] [Training] Epoch=66, loss=1089.8394, nll=1089.8394, l2_reg=0.0000, acc=0.2421
[ 2022-07-06 16:21:58,450][train.train_nn_models] [Validation] Epoch=66, nll=1102.4067, acc=0.2371
[ 2022-07-06 16:22:03,827][train.train_nn_models] [Training] Epoch=67, loss=1088.9600, nll=1088.9600, l2_reg=0.0000, acc=0.2431
[ 2022-07-06 16:22:03,830][train.train_nn_models] [Validation] Epoch=67, nll=1101.5293, acc=0.2380
[ 2022-07-06 16:22:08,931][train.train_nn_models] [Training] Epoch=68, loss=1088.1644, nll=1088.1644, l2_reg=0.0000, acc=0.2443
[ 2022-07-06 16:22:08,934][train.train_nn_models] [Validation] Epoch=68, nll=1100.7423, acc=0.2392
[ 2022-07-06 16:22:12,740][train.train_nn_models] [Training] Epoch=69, loss=1087.4471, nll=1087.4471, l2_reg=0.0000, acc=0.2452
[ 2022-07-06 16:22:12,743][train.train_nn_models] [Validation] Epoch=69, nll=1100.0344, acc=0.2404
[ 2022-07-06 16:22:18,362][train.train_nn_models] [Training] Epoch=70, loss=1086.7932, nll=1086.7932, l2_reg=0.0000, acc=0.2459
[ 2022-07-06 16:22:18,412][train.train_nn_models] [Validation] Epoch=70, nll=1099.3918, acc=0.2423
[ 2022-07-06 16:22:22,829][train.train_nn_models] [Training] Epoch=71, loss=1086.1940, nll=1086.1940, l2_reg=0.0000, acc=0.2466
[ 2022-07-06 16:22:22,832][train.train_nn_models] [Validation] Epoch=71, nll=1098.7954, acc=0.2427
[ 2022-07-06 16:22:26,879][train.train_nn_models] [Training] Epoch=72, loss=1085.6357, nll=1085.6357, l2_reg=0.0000, acc=0.2475
[ 2022-07-06 16:22:26,882][train.train_nn_models] [Validation] Epoch=72, nll=1098.2380, acc=0.2434
[ 2022-07-06 16:22:32,335][train.train_nn_models] [Training] Epoch=73, loss=1085.1113, nll=1085.1113, l2_reg=0.0000, acc=0.2479
[ 2022-07-06 16:22:32,338][train.train_nn_models] [Validation] Epoch=73, nll=1097.7068, acc=0.2441
[ 2022-07-06 16:22:37,749][train.train_nn_models] [Training] Epoch=74, loss=1084.6179, nll=1084.6179, l2_reg=0.0000, acc=0.2486
[ 2022-07-06 16:22:37,752][train.train_nn_models] [Validation] Epoch=74, nll=1097.2015, acc=0.2448
[ 2022-07-06 16:22:43,121][train.train_nn_models] [Training] Epoch=75, loss=1084.1453, nll=1084.1453, l2_reg=0.0000, acc=0.2492
[ 2022-07-06 16:22:43,124][train.train_nn_models] [Validation] Epoch=75, nll=1096.7107, acc=0.2454
[ 2022-07-06 16:22:48,460][train.train_nn_models] [Training] Epoch=76, loss=1083.6892, nll=1083.6892, l2_reg=0.0000, acc=0.2496
[ 2022-07-06 16:22:48,462][train.train_nn_models] [Validation] Epoch=76, nll=1096.2383, acc=0.2456
[ 2022-07-06 16:22:53,711][train.train_nn_models] [Training] Epoch=77, loss=1083.2522, nll=1083.2522, l2_reg=0.0000, acc=0.2499
[ 2022-07-06 16:22:53,714][train.train_nn_models] [Validation] Epoch=77, nll=1095.7913, acc=0.2462
[ 2022-07-06 16:22:59,060][train.train_nn_models] [Training] Epoch=78, loss=1082.8362, nll=1082.8362, l2_reg=0.0000, acc=0.2506
[ 2022-07-06 16:22:59,063][train.train_nn_models] [Validation] Epoch=78, nll=1095.3645, acc=0.2468
[ 2022-07-06 16:23:04,346][train.train_nn_models] [Training] Epoch=79, loss=1082.4398, nll=1082.4398, l2_reg=0.0000, acc=0.2511
[ 2022-07-06 16:23:04,367][train.train_nn_models] [Validation] Epoch=79, nll=1094.9585, acc=0.2468
[ 2022-07-06 16:23:08,285][train.train_nn_models] [Training] Epoch=80, loss=1082.0625, nll=1082.0625, l2_reg=0.0000, acc=0.2516
[ 2022-07-06 16:23:08,287][train.train_nn_models] [Validation] Epoch=80, nll=1094.5709, acc=0.2474
[ 2022-07-06 16:23:14,084][train.train_nn_models] [Training] Epoch=81, loss=1081.7020, nll=1081.7020, l2_reg=0.0000, acc=0.2522
[ 2022-07-06 16:23:14,087][train.train_nn_models] [Validation] Epoch=81, nll=1094.2017, acc=0.2479
[ 2022-07-06 16:23:18,746][train.train_nn_models] [Training] Epoch=82, loss=1081.3588, nll=1081.3588, l2_reg=0.0000, acc=0.2527
[ 2022-07-06 16:23:18,749][train.train_nn_models] [Validation] Epoch=82, nll=1093.8510, acc=0.2487
[ 2022-07-06 16:23:22,954][train.train_nn_models] [Training] Epoch=83, loss=1081.0327, nll=1081.0327, l2_reg=0.0000, acc=0.2532
[ 2022-07-06 16:23:22,957][train.train_nn_models] [Validation] Epoch=83, nll=1093.5172, acc=0.2487
[ 2022-07-06 16:23:28,149][train.train_nn_models] [Training] Epoch=84, loss=1080.7247, nll=1080.7247, l2_reg=0.0000, acc=0.2534
[ 2022-07-06 16:23:28,151][train.train_nn_models] [Validation] Epoch=84, nll=1093.2031, acc=0.2488
[ 2022-07-06 16:23:33,689][train.train_nn_models] [Training] Epoch=85, loss=1080.4309, nll=1080.4309, l2_reg=0.0000, acc=0.2534
[ 2022-07-06 16:23:33,692][train.train_nn_models] [Validation] Epoch=85, nll=1092.9067, acc=0.2492
[ 2022-07-06 16:23:38,088][train.train_nn_models] [Training] Epoch=86, loss=1080.1522, nll=1080.1522, l2_reg=0.0000, acc=0.2537
[ 2022-07-06 16:23:38,091][train.train_nn_models] [Validation] Epoch=86, nll=1092.6226, acc=0.2501
[ 2022-07-06 16:23:42,632][train.train_nn_models] [Training] Epoch=87, loss=1079.8864, nll=1079.8864, l2_reg=0.0000, acc=0.2542
[ 2022-07-06 16:23:42,634][train.train_nn_models] [Validation] Epoch=87, nll=1092.3539, acc=0.2503
[ 2022-07-06 16:23:46,397][train.train_nn_models] [Training] Epoch=88, loss=1079.6344, nll=1079.6344, l2_reg=0.0000, acc=0.2546
[ 2022-07-06 16:23:46,400][train.train_nn_models] [Validation] Epoch=88, nll=1092.0979, acc=0.2510
[ 2022-07-06 16:23:50,654][train.train_nn_models] [Training] Epoch=89, loss=1079.3933, nll=1079.3933, l2_reg=0.0000, acc=0.2547
[ 2022-07-06 16:23:50,657][train.train_nn_models] [Validation] Epoch=89, nll=1091.8470, acc=0.2515
[ 2022-07-06 16:23:55,756][train.train_nn_models] [Training] Epoch=90, loss=1079.1591, nll=1079.1591, l2_reg=0.0000, acc=0.2549
[ 2022-07-06 16:23:55,759][train.train_nn_models] [Validation] Epoch=90, nll=1091.5958, acc=0.2514
[ 2022-07-06 16:24:00,702][train.train_nn_models] [Training] Epoch=91, loss=1078.9271, nll=1078.9271, l2_reg=0.0000, acc=0.2552
[ 2022-07-06 16:24:00,705][train.train_nn_models] [Validation] Epoch=91, nll=1091.3524, acc=0.2516
[ 2022-07-06 16:24:05,768][train.train_nn_models] [Training] Epoch=92, loss=1078.7125, nll=1078.7125, l2_reg=0.0000, acc=0.2552
[ 2022-07-06 16:24:05,776][train.train_nn_models] [Validation] Epoch=92, nll=1091.1488, acc=0.2512
[ 2022-07-06 16:24:10,745][train.train_nn_models] [Training] Epoch=93, loss=1078.5219, nll=1078.5219, l2_reg=0.0000, acc=0.2554
[ 2022-07-06 16:24:10,747][train.train_nn_models] [Validation] Epoch=93, nll=1090.9570, acc=0.2510
[ 2022-07-06 16:24:14,800][train.train_nn_models] [Training] Epoch=94, loss=1078.3386, nll=1078.3386, l2_reg=0.0000, acc=0.2556
[ 2022-07-06 16:24:14,803][train.train_nn_models] [Validation] Epoch=94, nll=1090.7789, acc=0.2508
[ 2022-07-06 16:24:19,755][train.train_nn_models] [Training] Epoch=95, loss=1078.1641, nll=1078.1641, l2_reg=0.0000, acc=0.2557
[ 2022-07-06 16:24:19,758][train.train_nn_models] [Validation] Epoch=95, nll=1090.6139, acc=0.2508
[ 2022-07-06 16:24:26,480][train.train_nn_models] [Training] Epoch=96, loss=1077.9982, nll=1077.9982, l2_reg=0.0000, acc=0.2558
[ 2022-07-06 16:24:26,482][train.train_nn_models] [Validation] Epoch=96, nll=1090.4542, acc=0.2506
[ 2022-07-06 16:24:30,675][train.train_nn_models] [Training] Epoch=97, loss=1077.8386, nll=1077.8386, l2_reg=0.0000, acc=0.2559
[ 2022-07-06 16:24:30,678][train.train_nn_models] [Validation] Epoch=97, nll=1090.3020, acc=0.2502
[ 2022-07-06 16:24:35,087][train.train_nn_models] [Training] Epoch=98, loss=1077.6860, nll=1077.6860, l2_reg=0.0000, acc=0.2559
[ 2022-07-06 16:24:35,090][train.train_nn_models] [Validation] Epoch=98, nll=1090.1570, acc=0.2503
[ 2022-07-06 16:24:39,372][train.train_nn_models] [Training] Epoch=99, loss=1077.5398, nll=1077.5398, l2_reg=0.0000, acc=0.2560
[ 2022-07-06 16:24:39,374][train.train_nn_models] [Validation] Epoch=99, nll=1090.0177, acc=0.2502
[ 2022-07-06 16:24:43,879][train.train_nn_models] [Training] Epoch=100, loss=1077.3993, nll=1077.3993, l2_reg=0.0000, acc=0.2561
[ 2022-07-06 16:24:43,882][train.train_nn_models] [Validation] Epoch=100, nll=1089.8832, acc=0.2505
[ 2022-07-06 16:24:48,380][train.train_nn_models] [Training] Epoch=101, loss=1077.2633, nll=1077.2633, l2_reg=0.0000, acc=0.2562
[ 2022-07-06 16:24:48,383][train.train_nn_models] [Validation] Epoch=101, nll=1089.7501, acc=0.2506
[ 2022-07-06 16:24:48,386][train.train_nn_models] Found a better model at epoch 101.
[ 2022-07-06 16:24:52,611][train.train_nn_models] [Training] Epoch=102, loss=1077.1317, nll=1077.1317, l2_reg=0.0000, acc=0.2563
[ 2022-07-06 16:24:52,614][train.train_nn_models] [Validation] Epoch=102, nll=1089.6270, acc=0.2508
[ 2022-07-06 16:24:52,617][train.train_nn_models] Found a better model at epoch 102.
[ 2022-07-06 16:24:58,140][train.train_nn_models] [Training] Epoch=103, loss=1077.0040, nll=1077.0040, l2_reg=0.0000, acc=0.2566
[ 2022-07-06 16:24:58,143][train.train_nn_models] [Validation] Epoch=103, nll=1089.5045, acc=0.2507
[ 2022-07-06 16:24:58,146][train.train_nn_models] Found a better model at epoch 103.
[ 2022-07-06 16:25:02,395][train.train_nn_models] [Training] Epoch=104, loss=1076.8793, nll=1076.8793, l2_reg=0.0000, acc=0.2568
[ 2022-07-06 16:25:02,398][train.train_nn_models] [Validation] Epoch=104, nll=1089.3877, acc=0.2511
[ 2022-07-06 16:25:02,400][train.train_nn_models] Found a better model at epoch 104.
[ 2022-07-06 16:25:07,159][train.train_nn_models] [Training] Epoch=105, loss=1076.7566, nll=1076.7566, l2_reg=0.0000, acc=0.2569
[ 2022-07-06 16:25:07,162][train.train_nn_models] [Validation] Epoch=105, nll=1089.2720, acc=0.2512
[ 2022-07-06 16:25:07,165][train.train_nn_models] Found a better model at epoch 105.
[ 2022-07-06 16:25:12,413][train.train_nn_models] [Training] Epoch=106, loss=1076.6371, nll=1076.6371, l2_reg=0.0000, acc=0.2573
[ 2022-07-06 16:25:12,416][train.train_nn_models] [Validation] Epoch=106, nll=1089.1609, acc=0.2515
[ 2022-07-06 16:25:12,451][train.train_nn_models] Found a better model at epoch 106.
[ 2022-07-06 16:25:16,814][train.train_nn_models] [Training] Epoch=107, loss=1076.5197, nll=1076.5197, l2_reg=0.0000, acc=0.2573
[ 2022-07-06 16:25:16,817][train.train_nn_models] [Validation] Epoch=107, nll=1089.0570, acc=0.2516
[ 2022-07-06 16:25:16,820][train.train_nn_models] Found a better model at epoch 107.
[ 2022-07-06 16:25:22,601][train.train_nn_models] [Training] Epoch=108, loss=1076.4084, nll=1076.4084, l2_reg=0.0000, acc=0.2572
[ 2022-07-06 16:25:22,603][train.train_nn_models] [Validation] Epoch=108, nll=1088.9532, acc=0.2517
[ 2022-07-06 16:25:22,606][train.train_nn_models] Found a better model at epoch 108.
[ 2022-07-06 16:25:26,924][train.train_nn_models] [Training] Epoch=109, loss=1076.2955, nll=1076.2955, l2_reg=0.0000, acc=0.2573
[ 2022-07-06 16:25:26,927][train.train_nn_models] [Validation] Epoch=109, nll=1088.8408, acc=0.2521
[ 2022-07-06 16:25:26,930][train.train_nn_models] Found a better model at epoch 109.
[ 2022-07-06 16:25:31,519][train.train_nn_models] [Training] Epoch=110, loss=1076.1826, nll=1076.1826, l2_reg=0.0000, acc=0.2575
[ 2022-07-06 16:25:31,522][train.train_nn_models] [Validation] Epoch=110, nll=1088.7443, acc=0.2525
[ 2022-07-06 16:25:31,524][train.train_nn_models] Found a better model at epoch 110.
[ 2022-07-06 16:25:35,788][train.train_nn_models] [Training] Epoch=111, loss=1076.0872, nll=1076.0872, l2_reg=0.0000, acc=0.2576
[ 2022-07-06 16:25:35,792][train.train_nn_models] [Validation] Epoch=111, nll=1088.6642, acc=0.2527
[ 2022-07-06 16:25:35,795][train.train_nn_models] Found a better model at epoch 111.
[ 2022-07-06 16:25:41,826][train.train_nn_models] [Training] Epoch=112, loss=1075.9895, nll=1075.9895, l2_reg=0.0000, acc=0.2578
[ 2022-07-06 16:25:41,847][train.train_nn_models] [Validation] Epoch=112, nll=1088.5787, acc=0.2526
[ 2022-07-06 16:25:41,851][train.train_nn_models] Found a better model at epoch 112.
[ 2022-07-06 16:25:47,058][train.train_nn_models] [Training] Epoch=113, loss=1075.8984, nll=1075.8984, l2_reg=0.0000, acc=0.2579
[ 2022-07-06 16:25:47,061][train.train_nn_models] [Validation] Epoch=113, nll=1088.5001, acc=0.2525
[ 2022-07-06 16:25:47,079][train.train_nn_models] Found a better model at epoch 113.
[ 2022-07-06 16:25:52,762][train.train_nn_models] [Training] Epoch=114, loss=1075.8088, nll=1075.8088, l2_reg=0.0000, acc=0.2580
[ 2022-07-06 16:25:52,766][train.train_nn_models] [Validation] Epoch=114, nll=1088.4252, acc=0.2526
[ 2022-07-06 16:25:52,769][train.train_nn_models] Found a better model at epoch 114.
[ 2022-07-06 16:25:57,210][train.train_nn_models] [Training] Epoch=115, loss=1075.7225, nll=1075.7225, l2_reg=0.0000, acc=0.2581
[ 2022-07-06 16:25:57,213][train.train_nn_models] [Validation] Epoch=115, nll=1088.3522, acc=0.2521
[ 2022-07-06 16:25:57,215][train.train_nn_models] Found a better model at epoch 115.
[ 2022-07-06 16:26:01,498][train.train_nn_models] [Training] Epoch=116, loss=1075.6381, nll=1075.6381, l2_reg=0.0000, acc=0.2581
[ 2022-07-06 16:26:01,501][train.train_nn_models] [Validation] Epoch=116, nll=1088.2820, acc=0.2525
[ 2022-07-06 16:26:01,504][train.train_nn_models] Found a better model at epoch 116.
[ 2022-07-06 16:26:05,419][train.train_nn_models] [Training] Epoch=117, loss=1075.5564, nll=1075.5564, l2_reg=0.0000, acc=0.2580
[ 2022-07-06 16:26:05,422][train.train_nn_models] [Validation] Epoch=117, nll=1088.2128, acc=0.2529
[ 2022-07-06 16:26:05,425][train.train_nn_models] Found a better model at epoch 117.
[ 2022-07-06 16:26:09,864][train.train_nn_models] [Training] Epoch=118, loss=1075.4764, nll=1075.4764, l2_reg=0.0000, acc=0.2579
[ 2022-07-06 16:26:09,866][train.train_nn_models] [Validation] Epoch=118, nll=1088.1461, acc=0.2526
[ 2022-07-06 16:26:09,869][train.train_nn_models] Found a better model at epoch 118.
[ 2022-07-06 16:26:15,649][train.train_nn_models] [Training] Epoch=119, loss=1075.3986, nll=1075.3986, l2_reg=0.0000, acc=0.2580
[ 2022-07-06 16:26:15,652][train.train_nn_models] [Validation] Epoch=119, nll=1088.0802, acc=0.2527
[ 2022-07-06 16:26:15,655][train.train_nn_models] Found a better model at epoch 119.
[ 2022-07-06 16:26:22,550][train.train_nn_models] [Training] Epoch=120, loss=1075.3218, nll=1075.3218, l2_reg=0.0000, acc=0.2581
[ 2022-07-06 16:26:22,582][train.train_nn_models] [Validation] Epoch=120, nll=1088.0186, acc=0.2529
[ 2022-07-06 16:26:22,585][train.train_nn_models] Found a better model at epoch 120.
[ 2022-07-06 16:26:28,315][train.train_nn_models] [Training] Epoch=121, loss=1075.2477, nll=1075.2477, l2_reg=0.0000, acc=0.2581
[ 2022-07-06 16:26:28,318][train.train_nn_models] [Validation] Epoch=121, nll=1087.9579, acc=0.2535
[ 2022-07-06 16:26:28,321][train.train_nn_models] Found a better model at epoch 121.
[ 2022-07-06 16:26:32,790][train.train_nn_models] [Training] Epoch=122, loss=1075.1744, nll=1075.1744, l2_reg=0.0000, acc=0.2582
[ 2022-07-06 16:26:32,792][train.train_nn_models] [Validation] Epoch=122, nll=1087.8964, acc=0.2537
[ 2022-07-06 16:26:32,795][train.train_nn_models] Found a better model at epoch 122.
[ 2022-07-06 16:26:38,106][train.train_nn_models] [Training] Epoch=123, loss=1075.1051, nll=1075.1051, l2_reg=0.0000, acc=0.2583
[ 2022-07-06 16:26:38,109][train.train_nn_models] [Validation] Epoch=123, nll=1087.8422, acc=0.2536
[ 2022-07-06 16:26:38,112][train.train_nn_models] Found a better model at epoch 123.
[ 2022-07-06 16:26:42,107][train.train_nn_models] [Training] Epoch=124, loss=1075.0328, nll=1075.0328, l2_reg=0.0000, acc=0.2583
[ 2022-07-06 16:26:42,110][train.train_nn_models] [Validation] Epoch=124, nll=1087.7893, acc=0.2539
[ 2022-07-06 16:26:42,113][train.train_nn_models] Found a better model at epoch 124.
[ 2022-07-06 16:26:46,353][train.train_nn_models] [Training] Epoch=125, loss=1074.9685, nll=1074.9685, l2_reg=0.0000, acc=0.2585
[ 2022-07-06 16:26:46,356][train.train_nn_models] [Validation] Epoch=125, nll=1087.7277, acc=0.2538
[ 2022-07-06 16:26:46,359][train.train_nn_models] Found a better model at epoch 125.
[ 2022-07-06 16:26:51,617][train.train_nn_models] [Training] Epoch=126, loss=1074.8967, nll=1074.8967, l2_reg=0.0000, acc=0.2583
[ 2022-07-06 16:26:51,620][train.train_nn_models] [Validation] Epoch=126, nll=1087.6772, acc=0.2540
[ 2022-07-06 16:26:51,623][train.train_nn_models] Found a better model at epoch 126.
[ 2022-07-06 16:26:55,380][train.train_nn_models] [Training] Epoch=127, loss=1074.8324, nll=1074.8324, l2_reg=0.0000, acc=0.2584
[ 2022-07-06 16:26:55,383][train.train_nn_models] [Validation] Epoch=127, nll=1087.6238, acc=0.2538
[ 2022-07-06 16:26:55,385][train.train_nn_models] Found a better model at epoch 127.
[ 2022-07-06 16:26:59,270][train.train_nn_models] [Training] Epoch=128, loss=1074.7668, nll=1074.7668, l2_reg=0.0000, acc=0.2585
[ 2022-07-06 16:26:59,272][train.train_nn_models] [Validation] Epoch=128, nll=1087.5726, acc=0.2535
[ 2022-07-06 16:26:59,275][train.train_nn_models] Found a better model at epoch 128.
[ 2022-07-06 16:27:04,090][train.train_nn_models] [Training] Epoch=129, loss=1074.7024, nll=1074.7024, l2_reg=0.0000, acc=0.2584
[ 2022-07-06 16:27:04,104][train.train_nn_models] [Validation] Epoch=129, nll=1087.5226, acc=0.2537
[ 2022-07-06 16:27:04,107][train.train_nn_models] Found a better model at epoch 129.
[ 2022-07-06 16:27:09,346][train.train_nn_models] [Training] Epoch=130, loss=1074.6388, nll=1074.6388, l2_reg=0.0000, acc=0.2583
[ 2022-07-06 16:27:09,348][train.train_nn_models] [Validation] Epoch=130, nll=1087.4719, acc=0.2532
[ 2022-07-06 16:27:09,351][train.train_nn_models] Found a better model at epoch 130.
[ 2022-07-06 16:27:14,199][train.train_nn_models] [Training] Epoch=131, loss=1074.5718, nll=1074.5718, l2_reg=0.0000, acc=0.2585
[ 2022-07-06 16:27:14,202][train.train_nn_models] [Validation] Epoch=131, nll=1087.4292, acc=0.2531
[ 2022-07-06 16:27:14,205][train.train_nn_models] Found a better model at epoch 131.
[ 2022-07-06 16:27:17,999][train.train_nn_models] [Training] Epoch=132, loss=1074.5015, nll=1074.5015, l2_reg=0.0000, acc=0.2584
[ 2022-07-06 16:27:18,001][train.train_nn_models] [Validation] Epoch=132, nll=1087.4011, acc=0.2535
[ 2022-07-06 16:27:18,004][train.train_nn_models] Found a better model at epoch 132.
[ 2022-07-06 16:27:22,311][train.train_nn_models] [Training] Epoch=133, loss=1074.4336, nll=1074.4336, l2_reg=0.0000, acc=0.2583
[ 2022-07-06 16:27:22,314][train.train_nn_models] [Validation] Epoch=133, nll=1087.3237, acc=0.2533
[ 2022-07-06 16:27:22,317][train.train_nn_models] Found a better model at epoch 133.
[ 2022-07-06 16:27:26,262][train.train_nn_models] [Training] Epoch=134, loss=1074.3591, nll=1074.3591, l2_reg=0.0000, acc=0.2584
[ 2022-07-06 16:27:26,265][train.train_nn_models] [Validation] Epoch=134, nll=1087.2631, acc=0.2536
[ 2022-07-06 16:27:26,268][train.train_nn_models] Found a better model at epoch 134.
[ 2022-07-06 16:27:31,426][train.train_nn_models] [Training] Epoch=135, loss=1074.2703, nll=1074.2703, l2_reg=0.0000, acc=0.2585
[ 2022-07-06 16:27:31,429][train.train_nn_models] [Validation] Epoch=135, nll=1087.2198, acc=0.2534
[ 2022-07-06 16:27:31,432][train.train_nn_models] Found a better model at epoch 135.
[ 2022-07-06 16:27:35,695][train.train_nn_models] [Training] Epoch=136, loss=1074.1892, nll=1074.1892, l2_reg=0.0000, acc=0.2586
[ 2022-07-06 16:27:35,698][train.train_nn_models] [Validation] Epoch=136, nll=1087.1486, acc=0.2533
[ 2022-07-06 16:27:35,701][train.train_nn_models] Found a better model at epoch 136.
[ 2022-07-06 16:27:40,199][train.train_nn_models] [Training] Epoch=137, loss=1074.0950, nll=1074.0950, l2_reg=0.0000, acc=0.2588
[ 2022-07-06 16:27:40,202][train.train_nn_models] [Validation] Epoch=137, nll=1087.0762, acc=0.2534
[ 2022-07-06 16:27:40,204][train.train_nn_models] Found a better model at epoch 137.
[ 2022-07-06 16:27:45,948][train.train_nn_models] [Training] Epoch=138, loss=1073.9955, nll=1073.9955, l2_reg=0.0000, acc=0.2588
[ 2022-07-06 16:27:45,952][train.train_nn_models] [Validation] Epoch=138, nll=1086.9844, acc=0.2542
[ 2022-07-06 16:27:45,972][train.train_nn_models] Found a better model at epoch 138.
[ 2022-07-06 16:27:51,051][train.train_nn_models] [Training] Epoch=139, loss=1073.8918, nll=1073.8918, l2_reg=0.0000, acc=0.2589
[ 2022-07-06 16:27:51,054][train.train_nn_models] [Validation] Epoch=139, nll=1086.8862, acc=0.2538
[ 2022-07-06 16:27:51,056][train.train_nn_models] Found a better model at epoch 139.
[ 2022-07-06 16:27:54,744][train.train_nn_models] [Training] Epoch=140, loss=1073.7885, nll=1073.7885, l2_reg=0.0000, acc=0.2588
[ 2022-07-06 16:27:54,747][train.train_nn_models] [Validation] Epoch=140, nll=1086.8042, acc=0.2540
[ 2022-07-06 16:27:54,749][train.train_nn_models] Found a better model at epoch 140.
[ 2022-07-06 16:28:00,348][train.train_nn_models] [Training] Epoch=141, loss=1073.6873, nll=1073.6873, l2_reg=0.0000, acc=0.2588
[ 2022-07-06 16:28:00,351][train.train_nn_models] [Validation] Epoch=141, nll=1086.6951, acc=0.2542
[ 2022-07-06 16:28:00,354][train.train_nn_models] Found a better model at epoch 141.
[ 2022-07-06 16:28:04,859][train.train_nn_models] [Training] Epoch=142, loss=1073.5837, nll=1073.5837, l2_reg=0.0000, acc=0.2588
[ 2022-07-06 16:28:04,862][train.train_nn_models] [Validation] Epoch=142, nll=1086.6239, acc=0.2542
[ 2022-07-06 16:28:04,865][train.train_nn_models] Found a better model at epoch 142.
[ 2022-07-06 16:28:10,558][train.train_nn_models] [Training] Epoch=143, loss=1073.4961, nll=1073.4961, l2_reg=0.0000, acc=0.2589
[ 2022-07-06 16:28:10,562][train.train_nn_models] [Validation] Epoch=143, nll=1086.5306, acc=0.2543
[ 2022-07-06 16:28:10,565][train.train_nn_models] Found a better model at epoch 143.
[ 2022-07-06 16:28:14,703][train.train_nn_models] [Training] Epoch=144, loss=1073.4082, nll=1073.4082, l2_reg=0.0000, acc=0.2589
[ 2022-07-06 16:28:14,706][train.train_nn_models] [Validation] Epoch=144, nll=1086.4663, acc=0.2550
[ 2022-07-06 16:28:14,709][train.train_nn_models] Found a better model at epoch 144.
[ 2022-07-06 16:28:20,005][train.train_nn_models] [Training] Epoch=145, loss=1073.3336, nll=1073.3336, l2_reg=0.0000, acc=0.2589
[ 2022-07-06 16:28:20,008][train.train_nn_models] [Validation] Epoch=145, nll=1086.3907, acc=0.2551
[ 2022-07-06 16:28:20,011][train.train_nn_models] Found a better model at epoch 145.
[ 2022-07-06 16:28:24,023][train.train_nn_models] [Training] Epoch=146, loss=1073.2634, nll=1073.2634, l2_reg=0.0000, acc=0.2589
[ 2022-07-06 16:28:24,027][train.train_nn_models] [Validation] Epoch=146, nll=1086.3292, acc=0.2558
[ 2022-07-06 16:28:24,029][train.train_nn_models] Found a better model at epoch 146.
[ 2022-07-06 16:28:28,287][train.train_nn_models] [Training] Epoch=147, loss=1073.2024, nll=1073.2024, l2_reg=0.0000, acc=0.2589
[ 2022-07-06 16:28:28,290][train.train_nn_models] [Validation] Epoch=147, nll=1086.2648, acc=0.2554
[ 2022-07-06 16:28:28,314][train.train_nn_models] Found a better model at epoch 147.
[ 2022-07-06 16:28:32,503][train.train_nn_models] [Training] Epoch=148, loss=1073.1447, nll=1073.1447, l2_reg=0.0000, acc=0.2590
[ 2022-07-06 16:28:32,505][train.train_nn_models] [Validation] Epoch=148, nll=1086.2057, acc=0.2552
[ 2022-07-06 16:28:32,508][train.train_nn_models] Found a better model at epoch 148.
[ 2022-07-06 16:28:36,753][train.train_nn_models] [Training] Epoch=149, loss=1073.0924, nll=1073.0924, l2_reg=0.0000, acc=0.2591
[ 2022-07-06 16:28:36,755][train.train_nn_models] [Validation] Epoch=149, nll=1086.1475, acc=0.2555
[ 2022-07-06 16:28:36,758][train.train_nn_models] Found a better model at epoch 149.
[ 2022-07-06 16:28:41,874][train.train_nn_models] [Training] Epoch=150, loss=1073.0400, nll=1073.0400, l2_reg=0.0000, acc=0.2592
[ 2022-07-06 16:28:41,876][train.train_nn_models] [Validation] Epoch=150, nll=1086.0967, acc=0.2559
[ 2022-07-06 16:28:41,879][train.train_nn_models] Found a better model at epoch 150.
[ 2022-07-06 16:28:46,931][train.train_nn_models] [Training] Epoch=151, loss=1072.9873, nll=1072.9873, l2_reg=0.0000, acc=0.2592
[ 2022-07-06 16:28:46,934][train.train_nn_models] [Validation] Epoch=151, nll=1086.0441, acc=0.2558
[ 2022-07-06 16:28:46,937][train.train_nn_models] Found a better model at epoch 151.
[ 2022-07-06 16:28:52,115][train.train_nn_models] [Training] Epoch=152, loss=1072.9352, nll=1072.9352, l2_reg=0.0000, acc=0.2594
[ 2022-07-06 16:28:52,118][train.train_nn_models] [Validation] Epoch=152, nll=1085.9905, acc=0.2558
[ 2022-07-06 16:28:52,121][train.train_nn_models] Found a better model at epoch 152.
[ 2022-07-06 16:28:56,260][train.train_nn_models] [Training] Epoch=153, loss=1072.8845, nll=1072.8845, l2_reg=0.0000, acc=0.2596
[ 2022-07-06 16:28:56,263][train.train_nn_models] [Validation] Epoch=153, nll=1085.9507, acc=0.2562
[ 2022-07-06 16:28:56,266][train.train_nn_models] Found a better model at epoch 153.
[ 2022-07-06 16:29:00,888][train.train_nn_models] [Training] Epoch=154, loss=1072.8359, nll=1072.8359, l2_reg=0.0000, acc=0.2595
[ 2022-07-06 16:29:00,891][train.train_nn_models] [Validation] Epoch=154, nll=1085.9133, acc=0.2561
[ 2022-07-06 16:29:00,894][train.train_nn_models] Found a better model at epoch 154.
[ 2022-07-06 16:29:05,330][train.train_nn_models] [Training] Epoch=155, loss=1072.7893, nll=1072.7893, l2_reg=0.0000, acc=0.2595
[ 2022-07-06 16:29:05,333][train.train_nn_models] [Validation] Epoch=155, nll=1085.8746, acc=0.2563
[ 2022-07-06 16:29:05,336][train.train_nn_models] Found a better model at epoch 155.
[ 2022-07-06 16:29:10,087][train.train_nn_models] [Training] Epoch=156, loss=1072.7433, nll=1072.7433, l2_reg=0.0000, acc=0.2597
[ 2022-07-06 16:29:10,090][train.train_nn_models] [Validation] Epoch=156, nll=1085.8323, acc=0.2566
[ 2022-07-06 16:29:10,093][train.train_nn_models] Found a better model at epoch 156.
[ 2022-07-06 16:29:15,242][train.train_nn_models] [Training] Epoch=157, loss=1072.6957, nll=1072.6957, l2_reg=0.0000, acc=0.2598
[ 2022-07-06 16:29:15,246][train.train_nn_models] [Validation] Epoch=157, nll=1085.8032, acc=0.2564
[ 2022-07-06 16:29:15,248][train.train_nn_models] Found a better model at epoch 157.
[ 2022-07-06 16:29:21,072][train.train_nn_models] [Training] Epoch=158, loss=1072.6558, nll=1072.6558, l2_reg=0.0000, acc=0.2597
[ 2022-07-06 16:29:21,090][train.train_nn_models] [Validation] Epoch=158, nll=1085.7651, acc=0.2564
[ 2022-07-06 16:29:21,093][train.train_nn_models] Found a better model at epoch 158.
[ 2022-07-06 16:29:28,063][train.train_nn_models] [Training] Epoch=159, loss=1072.6112, nll=1072.6112, l2_reg=0.0000, acc=0.2599
[ 2022-07-06 16:29:28,066][train.train_nn_models] [Validation] Epoch=159, nll=1085.7339, acc=0.2564
[ 2022-07-06 16:29:28,068][train.train_nn_models] Found a better model at epoch 159.
[ 2022-07-06 16:29:32,314][train.train_nn_models] [Training] Epoch=160, loss=1072.5704, nll=1072.5704, l2_reg=0.0000, acc=0.2599
[ 2022-07-06 16:29:32,316][train.train_nn_models] [Validation] Epoch=160, nll=1085.6902, acc=0.2563
[ 2022-07-06 16:29:32,332][train.train_nn_models] Found a better model at epoch 160.
[ 2022-07-06 16:29:38,282][train.train_nn_models] [Training] Epoch=161, loss=1072.5321, nll=1072.5321, l2_reg=0.0000, acc=0.2598
[ 2022-07-06 16:29:38,302][train.train_nn_models] [Validation] Epoch=161, nll=1085.6644, acc=0.2562
[ 2022-07-06 16:29:38,305][train.train_nn_models] Found a better model at epoch 161.
[ 2022-07-06 16:29:42,634][train.train_nn_models] [Training] Epoch=162, loss=1072.4916, nll=1072.4916, l2_reg=0.0000, acc=0.2598
[ 2022-07-06 16:29:42,637][train.train_nn_models] [Validation] Epoch=162, nll=1085.6311, acc=0.2564
[ 2022-07-06 16:29:42,639][train.train_nn_models] Found a better model at epoch 162.
[ 2022-07-06 16:29:47,851][train.train_nn_models] [Training] Epoch=163, loss=1072.4519, nll=1072.4519, l2_reg=0.0000, acc=0.2598
[ 2022-07-06 16:29:47,854][train.train_nn_models] [Validation] Epoch=163, nll=1085.6021, acc=0.2567
[ 2022-07-06 16:29:47,856][train.train_nn_models] Found a better model at epoch 163.
[ 2022-07-06 16:29:52,723][train.train_nn_models] [Training] Epoch=164, loss=1072.4137, nll=1072.4137, l2_reg=0.0000, acc=0.2600
[ 2022-07-06 16:29:52,726][train.train_nn_models] [Validation] Epoch=164, nll=1085.5680, acc=0.2562
[ 2022-07-06 16:29:52,728][train.train_nn_models] Found a better model at epoch 164.
[ 2022-07-06 16:29:58,608][train.train_nn_models] [Training] Epoch=165, loss=1072.3751, nll=1072.3751, l2_reg=0.0000, acc=0.2601
[ 2022-07-06 16:29:58,611][train.train_nn_models] [Validation] Epoch=165, nll=1085.5339, acc=0.2559
[ 2022-07-06 16:29:58,614][train.train_nn_models] Found a better model at epoch 165.
[ 2022-07-06 16:30:04,721][train.train_nn_models] [Training] Epoch=166, loss=1072.3368, nll=1072.3368, l2_reg=0.0000, acc=0.2601
[ 2022-07-06 16:30:04,724][train.train_nn_models] [Validation] Epoch=166, nll=1085.5040, acc=0.2556
[ 2022-07-06 16:30:04,727][train.train_nn_models] Found a better model at epoch 166.
[ 2022-07-06 16:30:08,990][train.train_nn_models] [Training] Epoch=167, loss=1072.3008, nll=1072.3008, l2_reg=0.0000, acc=0.2601
[ 2022-07-06 16:30:08,992][train.train_nn_models] [Validation] Epoch=167, nll=1085.4735, acc=0.2556
[ 2022-07-06 16:30:08,995][train.train_nn_models] Found a better model at epoch 167.
[ 2022-07-06 16:30:12,836][train.train_nn_models] [Training] Epoch=168, loss=1072.2638, nll=1072.2638, l2_reg=0.0000, acc=0.2600
[ 2022-07-06 16:30:12,839][train.train_nn_models] [Validation] Epoch=168, nll=1085.4446, acc=0.2556
[ 2022-07-06 16:30:12,842][train.train_nn_models] Found a better model at epoch 168.
[ 2022-07-06 16:30:17,034][train.train_nn_models] [Training] Epoch=169, loss=1072.2285, nll=1072.2285, l2_reg=0.0000, acc=0.2601
[ 2022-07-06 16:30:17,037][train.train_nn_models] [Validation] Epoch=169, nll=1085.4176, acc=0.2554
[ 2022-07-06 16:30:17,040][train.train_nn_models] Found a better model at epoch 169.
[ 2022-07-06 16:30:21,329][train.train_nn_models] [Training] Epoch=170, loss=1072.1930, nll=1072.1930, l2_reg=0.0000, acc=0.2602
[ 2022-07-06 16:30:21,331][train.train_nn_models] [Validation] Epoch=170, nll=1085.3879, acc=0.2557
[ 2022-07-06 16:30:21,334][train.train_nn_models] Found a better model at epoch 170.
[ 2022-07-06 16:30:25,738][train.train_nn_models] [Training] Epoch=171, loss=1072.1580, nll=1072.1580, l2_reg=0.0000, acc=0.2603
[ 2022-07-06 16:30:25,741][train.train_nn_models] [Validation] Epoch=171, nll=1085.3610, acc=0.2555
[ 2022-07-06 16:30:25,743][train.train_nn_models] Found a better model at epoch 171.
[ 2022-07-06 16:30:30,730][train.train_nn_models] [Training] Epoch=172, loss=1072.1245, nll=1072.1245, l2_reg=0.0000, acc=0.2604
[ 2022-07-06 16:30:30,733][train.train_nn_models] [Validation] Epoch=172, nll=1085.3348, acc=0.2556
[ 2022-07-06 16:30:30,736][train.train_nn_models] Found a better model at epoch 172.
[ 2022-07-06 16:30:36,987][train.train_nn_models] [Training] Epoch=173, loss=1072.0901, nll=1072.0901, l2_reg=0.0000, acc=0.2604
[ 2022-07-06 16:30:36,990][train.train_nn_models] [Validation] Epoch=173, nll=1085.3104, acc=0.2555
[ 2022-07-06 16:30:36,993][train.train_nn_models] Found a better model at epoch 173.
[ 2022-07-06 16:30:42,569][train.train_nn_models] [Training] Epoch=174, loss=1072.0570, nll=1072.0570, l2_reg=0.0000, acc=0.2605
[ 2022-07-06 16:30:42,572][train.train_nn_models] [Validation] Epoch=174, nll=1085.2792, acc=0.2557
[ 2022-07-06 16:30:42,575][train.train_nn_models] Found a better model at epoch 174.
[ 2022-07-06 16:30:48,648][train.train_nn_models] [Training] Epoch=175, loss=1072.0240, nll=1072.0240, l2_reg=0.0000, acc=0.2605
[ 2022-07-06 16:30:48,650][train.train_nn_models] [Validation] Epoch=175, nll=1085.2543, acc=0.2556
[ 2022-07-06 16:30:48,653][train.train_nn_models] Found a better model at epoch 175.
[ 2022-07-06 16:30:53,515][train.train_nn_models] [Training] Epoch=176, loss=1071.9924, nll=1071.9924, l2_reg=0.0000, acc=0.2604
[ 2022-07-06 16:30:53,518][train.train_nn_models] [Validation] Epoch=176, nll=1085.2299, acc=0.2555
[ 2022-07-06 16:30:53,521][train.train_nn_models] Found a better model at epoch 176.
[ 2022-07-06 16:30:59,566][train.train_nn_models] [Training] Epoch=177, loss=1071.9606, nll=1071.9606, l2_reg=0.0000, acc=0.2605
[ 2022-07-06 16:30:59,569][train.train_nn_models] [Validation] Epoch=177, nll=1085.2023, acc=0.2560
[ 2022-07-06 16:30:59,572][train.train_nn_models] Found a better model at epoch 177.
[ 2022-07-06 16:31:04,292][train.train_nn_models] [Training] Epoch=178, loss=1071.9286, nll=1071.9286, l2_reg=0.0000, acc=0.2606
[ 2022-07-06 16:31:04,295][train.train_nn_models] [Validation] Epoch=178, nll=1085.1780, acc=0.2558
[ 2022-07-06 16:31:04,297][train.train_nn_models] Found a better model at epoch 178.
[ 2022-07-06 16:31:08,379][train.train_nn_models] [Training] Epoch=179, loss=1071.8979, nll=1071.8979, l2_reg=0.0000, acc=0.2606
[ 2022-07-06 16:31:08,381][train.train_nn_models] [Validation] Epoch=179, nll=1085.1536, acc=0.2558
[ 2022-07-06 16:31:08,384][train.train_nn_models] Found a better model at epoch 179.
[ 2022-07-06 16:31:13,171][train.train_nn_models] [Training] Epoch=180, loss=1071.8663, nll=1071.8663, l2_reg=0.0000, acc=0.2606
[ 2022-07-06 16:31:13,174][train.train_nn_models] [Validation] Epoch=180, nll=1085.1293, acc=0.2556
[ 2022-07-06 16:31:13,177][train.train_nn_models] Found a better model at epoch 180.
[ 2022-07-06 16:31:17,868][train.train_nn_models] [Training] Epoch=181, loss=1071.8359, nll=1071.8359, l2_reg=0.0000, acc=0.2606
[ 2022-07-06 16:31:17,871][train.train_nn_models] [Validation] Epoch=181, nll=1085.1047, acc=0.2559
[ 2022-07-06 16:31:17,873][train.train_nn_models] Found a better model at epoch 181.
[ 2022-07-06 16:31:23,455][train.train_nn_models] [Training] Epoch=182, loss=1071.8052, nll=1071.8052, l2_reg=0.0000, acc=0.2606
[ 2022-07-06 16:31:23,458][train.train_nn_models] [Validation] Epoch=182, nll=1085.0818, acc=0.2556
[ 2022-07-06 16:31:23,461][train.train_nn_models] Found a better model at epoch 182.
[ 2022-07-06 16:31:27,779][train.train_nn_models] [Training] Epoch=183, loss=1071.7754, nll=1071.7754, l2_reg=0.0000, acc=0.2607
[ 2022-07-06 16:31:27,782][train.train_nn_models] [Validation] Epoch=183, nll=1085.0580, acc=0.2557
[ 2022-07-06 16:31:27,785][train.train_nn_models] Found a better model at epoch 183.
[ 2022-07-06 16:31:31,998][train.train_nn_models] [Training] Epoch=184, loss=1071.7457, nll=1071.7457, l2_reg=0.0000, acc=0.2608
[ 2022-07-06 16:31:32,001][train.train_nn_models] [Validation] Epoch=184, nll=1085.0330, acc=0.2559
[ 2022-07-06 16:31:32,003][train.train_nn_models] Found a better model at epoch 184.
[ 2022-07-06 16:31:36,919][train.train_nn_models] [Training] Epoch=185, loss=1071.7159, nll=1071.7159, l2_reg=0.0000, acc=0.2608
[ 2022-07-06 16:31:36,963][train.train_nn_models] [Validation] Epoch=185, nll=1085.0123, acc=0.2561
[ 2022-07-06 16:31:36,966][train.train_nn_models] Found a better model at epoch 185.
[ 2022-07-06 16:31:41,813][train.train_nn_models] [Training] Epoch=186, loss=1071.6881, nll=1071.6881, l2_reg=0.0000, acc=0.2609
[ 2022-07-06 16:31:41,816][train.train_nn_models] [Validation] Epoch=186, nll=1084.9883, acc=0.2560
[ 2022-07-06 16:31:41,819][train.train_nn_models] Found a better model at epoch 186.
[ 2022-07-06 16:31:45,860][train.train_nn_models] [Training] Epoch=187, loss=1071.6580, nll=1071.6580, l2_reg=0.0000, acc=0.2609
[ 2022-07-06 16:31:45,883][train.train_nn_models] [Validation] Epoch=187, nll=1084.9675, acc=0.2561
[ 2022-07-06 16:31:45,886][train.train_nn_models] Found a better model at epoch 187.
[ 2022-07-06 16:31:51,379][train.train_nn_models] [Training] Epoch=188, loss=1071.6309, nll=1071.6309, l2_reg=0.0000, acc=0.2609
[ 2022-07-06 16:31:51,382][train.train_nn_models] [Validation] Epoch=188, nll=1084.9464, acc=0.2561
[ 2022-07-06 16:31:51,385][train.train_nn_models] Found a better model at epoch 188.
[ 2022-07-06 16:31:58,296][train.train_nn_models] [Training] Epoch=189, loss=1071.6039, nll=1071.6039, l2_reg=0.0000, acc=0.2609
[ 2022-07-06 16:31:58,299][train.train_nn_models] [Validation] Epoch=189, nll=1084.9230, acc=0.2561
[ 2022-07-06 16:31:58,301][train.train_nn_models] Found a better model at epoch 189.
[ 2022-07-06 16:32:02,895][train.train_nn_models] [Training] Epoch=190, loss=1071.5762, nll=1071.5762, l2_reg=0.0000, acc=0.2610
[ 2022-07-06 16:32:02,897][train.train_nn_models] [Validation] Epoch=190, nll=1084.9044, acc=0.2560
[ 2022-07-06 16:32:02,900][train.train_nn_models] Found a better model at epoch 190.
[ 2022-07-06 16:32:07,412][train.train_nn_models] [Training] Epoch=191, loss=1071.5492, nll=1071.5492, l2_reg=0.0000, acc=0.2611
[ 2022-07-06 16:32:07,415][train.train_nn_models] [Validation] Epoch=191, nll=1084.8811, acc=0.2556
[ 2022-07-06 16:32:07,418][train.train_nn_models] Found a better model at epoch 191.
[ 2022-07-06 16:32:13,221][train.train_nn_models] [Training] Epoch=192, loss=1071.5217, nll=1071.5217, l2_reg=0.0000, acc=0.2611
[ 2022-07-06 16:32:13,224][train.train_nn_models] [Validation] Epoch=192, nll=1084.8625, acc=0.2556
[ 2022-07-06 16:32:13,227][train.train_nn_models] Found a better model at epoch 192.
[ 2022-07-06 16:32:17,604][train.train_nn_models] [Training] Epoch=193, loss=1071.4957, nll=1071.4957, l2_reg=0.0000, acc=0.2612
[ 2022-07-06 16:32:17,606][train.train_nn_models] [Validation] Epoch=193, nll=1084.8416, acc=0.2555
[ 2022-07-06 16:32:17,609][train.train_nn_models] Found a better model at epoch 193.
[ 2022-07-06 16:32:23,216][train.train_nn_models] [Training] Epoch=194, loss=1071.4685, nll=1071.4685, l2_reg=0.0000, acc=0.2611
[ 2022-07-06 16:32:23,219][train.train_nn_models] [Validation] Epoch=194, nll=1084.8230, acc=0.2557
[ 2022-07-06 16:32:23,221][train.train_nn_models] Found a better model at epoch 194.
[ 2022-07-06 16:32:28,068][train.train_nn_models] [Training] Epoch=195, loss=1071.4429, nll=1071.4429, l2_reg=0.0000, acc=0.2611
[ 2022-07-06 16:32:28,071][train.train_nn_models] [Validation] Epoch=195, nll=1084.8052, acc=0.2558
[ 2022-07-06 16:32:28,074][train.train_nn_models] Found a better model at epoch 195.
[ 2022-07-06 16:32:32,115][train.train_nn_models] [Training] Epoch=196, loss=1071.4177, nll=1071.4177, l2_reg=0.0000, acc=0.2611
[ 2022-07-06 16:32:32,118][train.train_nn_models] [Validation] Epoch=196, nll=1084.7859, acc=0.2560
[ 2022-07-06 16:32:32,120][train.train_nn_models] Found a better model at epoch 196.
[ 2022-07-06 16:32:36,272][train.train_nn_models] [Training] Epoch=197, loss=1071.3918, nll=1071.3918, l2_reg=0.0000, acc=0.2611
[ 2022-07-06 16:32:36,275][train.train_nn_models] [Validation] Epoch=197, nll=1084.7681, acc=0.2562
[ 2022-07-06 16:32:36,278][train.train_nn_models] Found a better model at epoch 197.
[ 2022-07-06 16:32:40,733][train.train_nn_models] [Training] Epoch=198, loss=1071.3656, nll=1071.3656, l2_reg=0.0000, acc=0.2612
[ 2022-07-06 16:32:40,736][train.train_nn_models] [Validation] Epoch=198, nll=1084.7500, acc=0.2561
[ 2022-07-06 16:32:40,739][train.train_nn_models] Found a better model at epoch 198.
[ 2022-07-06 16:32:45,665][train.train_nn_models] [Training] Epoch=199, loss=1071.3408, nll=1071.3408, l2_reg=0.0000, acc=0.2612
[ 2022-07-06 16:32:45,668][train.train_nn_models] [Validation] Epoch=199, nll=1084.7317, acc=0.2564
[ 2022-07-06 16:32:45,671][train.train_nn_models] Found a better model at epoch 199.
[ 2022-07-06 16:32:46,067][train.eval_nll] [Test]nll=1079.0397, acc=0.2548
[ 2022-07-06 16:53:27,067][train.<module>]                    timestamp  ...                                             config
0 2022-07-06 16:53:27.036444  ...  {'model': 'ERPP', 'dataset': 'mhp-1K-10', 'inp...
1 2022-07-06 16:53:27.036444  ...  {'model': 'ERPP', 'dataset': 'mhp-1K-10', 'inp...
2 2022-07-06 16:53:27.036444  ...  {'model': 'ERPP', 'dataset': 'mhp-1K-10', 'inp...
3 2022-07-06 16:53:27.036444  ...  {'model': 'ERPP', 'dataset': 'mhp-1K-10', 'inp...
4 2022-07-06 16:53:27.036444  ...  {'model': 'ERPP', 'dataset': 'mhp-1K-10', 'inp...
5 2022-07-06 16:53:27.036444  ...  {'model': 'ERPP', 'dataset': 'mhp-1K-10', 'inp...

[6 rows x 7 columns]
