[ 2022-08-31 22:37:32,776][train_tran.<module>] Namespace(attr_batch_size=0, basis_type='dyadic', batch_size=64, bucket_seqs=False, cuda=True, dataset='pgem-1K-15', dropout=0.0, embedding_dim=64, epochs=250, hidden_size=64, input_dir='data/input', l2_reg=0, lr=0.0008, max_mean=20.0, model='Tran', n_bases=7, num_workers=0, occurred_type_only=False, optimizer='Adam', output_dir='data/output', rand_seed=1, skip_eval_infectivity=False, skip_pred_next_event=False, split_id=3, steps=50, tran_head=5, tran_layer=3, tune_metric='nll', verbose=False)
[ 2022-08-31 22:37:36,054][train_tran.train_nn_models] [Training] Epoch=0, loss=21431.0801, nll=21431.0801, l2_reg=0.0000, acc=0.0318
[ 2022-08-31 22:37:36,054][train_tran.train_nn_models] [Validation] Epoch=0, nll=11946.2207, acc=0.0248
[ 2022-08-31 22:37:39,109][train_tran.train_nn_models] [Training] Epoch=1, loss=6904.0635, nll=6904.0635, l2_reg=0.0000, acc=0.0244
[ 2022-08-31 22:37:39,109][train_tran.train_nn_models] [Validation] Epoch=1, nll=2675.1921, acc=0.0246
[ 2022-08-31 22:37:42,154][train_tran.train_nn_models] [Training] Epoch=2, loss=1867.9999, nll=1867.9999, l2_reg=0.0000, acc=0.0244
[ 2022-08-31 22:37:42,154][train_tran.train_nn_models] [Validation] Epoch=2, nll=1420.1450, acc=0.0276
[ 2022-08-31 22:37:45,200][train_tran.train_nn_models] [Training] Epoch=3, loss=1376.1581, nll=1376.1581, l2_reg=0.0000, acc=0.1193
[ 2022-08-31 22:37:45,200][train_tran.train_nn_models] [Validation] Epoch=3, nll=1302.0936, acc=0.1698
[ 2022-08-31 22:37:48,273][train_tran.train_nn_models] [Training] Epoch=4, loss=1293.3060, nll=1293.3060, l2_reg=0.0000, acc=0.1791
[ 2022-08-31 22:37:48,273][train_tran.train_nn_models] [Validation] Epoch=4, nll=1248.4772, acc=0.1920
[ 2022-08-31 22:37:51,303][train_tran.train_nn_models] [Training] Epoch=5, loss=1252.6566, nll=1252.6566, l2_reg=0.0000, acc=0.1867
[ 2022-08-31 22:37:51,304][train_tran.train_nn_models] [Validation] Epoch=5, nll=1232.6996, acc=0.1878
[ 2022-08-31 22:37:54,333][train_tran.train_nn_models] [Training] Epoch=6, loss=1241.8817, nll=1241.8817, l2_reg=0.0000, acc=0.1831
[ 2022-08-31 22:37:54,333][train_tran.train_nn_models] [Validation] Epoch=6, nll=1225.9539, acc=0.1880
[ 2022-08-31 22:37:57,407][train_tran.train_nn_models] [Training] Epoch=7, loss=1235.3719, nll=1235.3719, l2_reg=0.0000, acc=0.1869
[ 2022-08-31 22:37:57,408][train_tran.train_nn_models] [Validation] Epoch=7, nll=1222.0618, acc=0.1888
[ 2022-08-31 22:38:00,460][train_tran.train_nn_models] [Training] Epoch=8, loss=1232.7416, nll=1232.7416, l2_reg=0.0000, acc=0.1862
[ 2022-08-31 22:38:00,460][train_tran.train_nn_models] [Validation] Epoch=8, nll=1219.9908, acc=0.1897
[ 2022-08-31 22:38:03,484][train_tran.train_nn_models] [Training] Epoch=9, loss=1230.8284, nll=1230.8284, l2_reg=0.0000, acc=0.1873
[ 2022-08-31 22:38:03,484][train_tran.train_nn_models] [Validation] Epoch=9, nll=1218.5889, acc=0.1894
[ 2022-08-31 22:38:06,546][train_tran.train_nn_models] [Training] Epoch=10, loss=1229.3770, nll=1229.3770, l2_reg=0.0000, acc=0.1866
[ 2022-08-31 22:38:06,546][train_tran.train_nn_models] [Validation] Epoch=10, nll=1217.2341, acc=0.1890
[ 2022-08-31 22:38:09,638][train_tran.train_nn_models] [Training] Epoch=11, loss=1228.2095, nll=1228.2095, l2_reg=0.0000, acc=0.1874
[ 2022-08-31 22:38:09,638][train_tran.train_nn_models] [Validation] Epoch=11, nll=1216.1923, acc=0.1893
[ 2022-08-31 22:38:12,666][train_tran.train_nn_models] [Training] Epoch=12, loss=1227.3010, nll=1227.3010, l2_reg=0.0000, acc=0.1869
[ 2022-08-31 22:38:12,667][train_tran.train_nn_models] [Validation] Epoch=12, nll=1215.4075, acc=0.1872
[ 2022-08-31 22:38:15,698][train_tran.train_nn_models] [Training] Epoch=13, loss=1226.6051, nll=1226.6051, l2_reg=0.0000, acc=0.1869
[ 2022-08-31 22:38:15,699][train_tran.train_nn_models] [Validation] Epoch=13, nll=1214.7896, acc=0.1871
[ 2022-08-31 22:38:18,760][train_tran.train_nn_models] [Training] Epoch=14, loss=1226.0587, nll=1226.0587, l2_reg=0.0000, acc=0.1864
[ 2022-08-31 22:38:18,761][train_tran.train_nn_models] [Validation] Epoch=14, nll=1214.2709, acc=0.1868
[ 2022-08-31 22:38:21,817][train_tran.train_nn_models] [Training] Epoch=15, loss=1225.5934, nll=1225.5934, l2_reg=0.0000, acc=0.1865
[ 2022-08-31 22:38:21,818][train_tran.train_nn_models] [Validation] Epoch=15, nll=1213.8192, acc=0.1865
[ 2022-08-31 22:38:24,838][train_tran.train_nn_models] [Training] Epoch=16, loss=1225.1768, nll=1225.1768, l2_reg=0.0000, acc=0.1861
[ 2022-08-31 22:38:24,838][train_tran.train_nn_models] [Validation] Epoch=16, nll=1213.4088, acc=0.1871
[ 2022-08-31 22:38:27,906][train_tran.train_nn_models] [Training] Epoch=17, loss=1224.7953, nll=1224.7953, l2_reg=0.0000, acc=0.1867
[ 2022-08-31 22:38:27,906][train_tran.train_nn_models] [Validation] Epoch=17, nll=1213.0332, acc=0.1877
[ 2022-08-31 22:38:30,954][train_tran.train_nn_models] [Training] Epoch=18, loss=1224.4490, nll=1224.4490, l2_reg=0.0000, acc=0.1870
[ 2022-08-31 22:38:30,954][train_tran.train_nn_models] [Validation] Epoch=18, nll=1212.6934, acc=0.1868
[ 2022-08-31 22:38:33,973][train_tran.train_nn_models] [Training] Epoch=19, loss=1224.1403, nll=1224.1403, l2_reg=0.0000, acc=0.1865
[ 2022-08-31 22:38:33,973][train_tran.train_nn_models] [Validation] Epoch=19, nll=1212.3929, acc=0.1860
[ 2022-08-31 22:38:37,007][train_tran.train_nn_models] [Training] Epoch=20, loss=1223.8750, nll=1223.8750, l2_reg=0.0000, acc=0.1864
[ 2022-08-31 22:38:37,007][train_tran.train_nn_models] [Validation] Epoch=20, nll=1212.1375, acc=0.1858
[ 2022-08-31 22:38:40,083][train_tran.train_nn_models] [Training] Epoch=21, loss=1223.6550, nll=1223.6550, l2_reg=0.0000, acc=0.1864
[ 2022-08-31 22:38:40,083][train_tran.train_nn_models] [Validation] Epoch=21, nll=1211.9266, acc=0.1859
[ 2022-08-31 22:38:43,132][train_tran.train_nn_models] [Training] Epoch=22, loss=1223.4761, nll=1223.4761, l2_reg=0.0000, acc=0.1865
[ 2022-08-31 22:38:43,132][train_tran.train_nn_models] [Validation] Epoch=22, nll=1211.7539, acc=0.1870
[ 2022-08-31 22:38:46,156][train_tran.train_nn_models] [Training] Epoch=23, loss=1223.3302, nll=1223.3302, l2_reg=0.0000, acc=0.1865
[ 2022-08-31 22:38:46,157][train_tran.train_nn_models] [Validation] Epoch=23, nll=1211.6122, acc=0.1880
[ 2022-08-31 22:38:49,229][train_tran.train_nn_models] [Training] Epoch=24, loss=1223.2080, nll=1223.2080, l2_reg=0.0000, acc=0.1866
[ 2022-08-31 22:38:49,230][train_tran.train_nn_models] [Validation] Epoch=24, nll=1211.4939, acc=0.1883
[ 2022-08-31 22:38:52,286][train_tran.train_nn_models] [Training] Epoch=25, loss=1223.1031, nll=1223.1031, l2_reg=0.0000, acc=0.1864
[ 2022-08-31 22:38:52,286][train_tran.train_nn_models] [Validation] Epoch=25, nll=1211.3921, acc=0.1893
[ 2022-08-31 22:38:55,283][train_tran.train_nn_models] [Training] Epoch=26, loss=1223.0115, nll=1223.0115, l2_reg=0.0000, acc=0.1865
[ 2022-08-31 22:38:55,283][train_tran.train_nn_models] [Validation] Epoch=26, nll=1211.3024, acc=0.1893
[ 2022-08-31 22:38:58,306][train_tran.train_nn_models] [Training] Epoch=27, loss=1222.9298, nll=1222.9298, l2_reg=0.0000, acc=0.1864
[ 2022-08-31 22:38:58,306][train_tran.train_nn_models] [Validation] Epoch=27, nll=1211.2223, acc=0.1892
[ 2022-08-31 22:39:01,339][train_tran.train_nn_models] [Training] Epoch=28, loss=1222.8558, nll=1222.8558, l2_reg=0.0000, acc=0.1866
[ 2022-08-31 22:39:01,339][train_tran.train_nn_models] [Validation] Epoch=28, nll=1211.1503, acc=0.1890
[ 2022-08-31 22:39:04,406][train_tran.train_nn_models] [Training] Epoch=29, loss=1222.7882, nll=1222.7882, l2_reg=0.0000, acc=0.1867
[ 2022-08-31 22:39:04,406][train_tran.train_nn_models] [Validation] Epoch=29, nll=1211.0857, acc=0.1894
[ 2022-08-31 22:39:07,428][train_tran.train_nn_models] [Training] Epoch=30, loss=1222.7261, nll=1222.7261, l2_reg=0.0000, acc=0.1866
[ 2022-08-31 22:39:07,429][train_tran.train_nn_models] [Validation] Epoch=30, nll=1211.0255, acc=0.1895
[ 2022-08-31 22:39:10,494][train_tran.train_nn_models] [Training] Epoch=31, loss=1222.6675, nll=1222.6675, l2_reg=0.0000, acc=0.1864
[ 2022-08-31 22:39:10,495][train_tran.train_nn_models] [Validation] Epoch=31, nll=1210.9691, acc=0.1887
[ 2022-08-31 22:39:13,551][train_tran.train_nn_models] [Training] Epoch=32, loss=1222.6128, nll=1222.6128, l2_reg=0.0000, acc=0.1861
[ 2022-08-31 22:39:13,551][train_tran.train_nn_models] [Validation] Epoch=32, nll=1210.9165, acc=0.1882
[ 2022-08-31 22:39:16,567][train_tran.train_nn_models] [Training] Epoch=33, loss=1222.5607, nll=1222.5607, l2_reg=0.0000, acc=0.1863
[ 2022-08-31 22:39:16,567][train_tran.train_nn_models] [Validation] Epoch=33, nll=1210.8667, acc=0.1892
[ 2022-08-31 22:39:19,575][train_tran.train_nn_models] [Training] Epoch=34, loss=1222.5116, nll=1222.5116, l2_reg=0.0000, acc=0.1863
[ 2022-08-31 22:39:19,575][train_tran.train_nn_models] [Validation] Epoch=34, nll=1210.8199, acc=0.1897
[ 2022-08-31 22:39:22,616][train_tran.train_nn_models] [Training] Epoch=35, loss=1222.4653, nll=1222.4653, l2_reg=0.0000, acc=0.1860
[ 2022-08-31 22:39:22,616][train_tran.train_nn_models] [Validation] Epoch=35, nll=1210.7760, acc=0.1888
[ 2022-08-31 22:39:25,627][train_tran.train_nn_models] [Training] Epoch=36, loss=1222.4214, nll=1222.4214, l2_reg=0.0000, acc=0.1861
[ 2022-08-31 22:39:25,627][train_tran.train_nn_models] [Validation] Epoch=36, nll=1210.7351, acc=0.1882
[ 2022-08-31 22:39:28,650][train_tran.train_nn_models] [Training] Epoch=37, loss=1222.3805, nll=1222.3805, l2_reg=0.0000, acc=0.1859
[ 2022-08-31 22:39:28,651][train_tran.train_nn_models] [Validation] Epoch=37, nll=1210.6970, acc=0.1878
[ 2022-08-31 22:39:31,701][train_tran.train_nn_models] [Training] Epoch=38, loss=1222.3419, nll=1222.3419, l2_reg=0.0000, acc=0.1860
[ 2022-08-31 22:39:31,702][train_tran.train_nn_models] [Validation] Epoch=38, nll=1210.6619, acc=0.1876
[ 2022-08-31 22:39:34,741][train_tran.train_nn_models] [Training] Epoch=39, loss=1222.3060, nll=1222.3060, l2_reg=0.0000, acc=0.1859
[ 2022-08-31 22:39:34,741][train_tran.train_nn_models] [Validation] Epoch=39, nll=1210.6295, acc=0.1876
[ 2022-08-31 22:39:37,756][train_tran.train_nn_models] [Training] Epoch=40, loss=1222.2728, nll=1222.2728, l2_reg=0.0000, acc=0.1857
[ 2022-08-31 22:39:37,757][train_tran.train_nn_models] [Validation] Epoch=40, nll=1210.5999, acc=0.1871
[ 2022-08-31 22:39:40,792][train_tran.train_nn_models] [Training] Epoch=41, loss=1222.2419, nll=1222.2419, l2_reg=0.0000, acc=0.1856
[ 2022-08-31 22:39:40,793][train_tran.train_nn_models] [Validation] Epoch=41, nll=1210.5730, acc=0.1874
[ 2022-08-31 22:39:43,861][train_tran.train_nn_models] [Training] Epoch=42, loss=1222.2130, nll=1222.2130, l2_reg=0.0000, acc=0.1857
[ 2022-08-31 22:39:43,861][train_tran.train_nn_models] [Validation] Epoch=42, nll=1210.5481, acc=0.1874
[ 2022-08-31 22:39:46,890][train_tran.train_nn_models] [Training] Epoch=43, loss=1222.1864, nll=1222.1864, l2_reg=0.0000, acc=0.1855
[ 2022-08-31 22:39:46,891][train_tran.train_nn_models] [Validation] Epoch=43, nll=1210.5260, acc=0.1872
[ 2022-08-31 22:39:49,902][train_tran.train_nn_models] [Training] Epoch=44, loss=1222.1614, nll=1222.1614, l2_reg=0.0000, acc=0.1855
[ 2022-08-31 22:39:49,902][train_tran.train_nn_models] [Validation] Epoch=44, nll=1210.5060, acc=0.1871
[ 2022-08-31 22:39:52,961][train_tran.train_nn_models] [Training] Epoch=45, loss=1222.1378, nll=1222.1378, l2_reg=0.0000, acc=0.1854
[ 2022-08-31 22:39:52,962][train_tran.train_nn_models] [Validation] Epoch=45, nll=1210.4877, acc=0.1866
[ 2022-08-31 22:39:55,994][train_tran.train_nn_models] [Training] Epoch=46, loss=1222.1158, nll=1222.1158, l2_reg=0.0000, acc=0.1857
[ 2022-08-31 22:39:55,994][train_tran.train_nn_models] [Validation] Epoch=46, nll=1210.4716, acc=0.1865
[ 2022-08-31 22:39:59,006][train_tran.train_nn_models] [Training] Epoch=47, loss=1222.0951, nll=1222.0951, l2_reg=0.0000, acc=0.1859
[ 2022-08-31 22:39:59,006][train_tran.train_nn_models] [Validation] Epoch=47, nll=1210.4574, acc=0.1868
[ 2022-08-31 22:40:02,039][train_tran.train_nn_models] [Training] Epoch=48, loss=1222.0754, nll=1222.0754, l2_reg=0.0000, acc=0.1857
[ 2022-08-31 22:40:02,039][train_tran.train_nn_models] [Validation] Epoch=48, nll=1210.4442, acc=0.1865
[ 2022-08-31 22:40:05,083][train_tran.train_nn_models] [Training] Epoch=49, loss=1222.0566, nll=1222.0566, l2_reg=0.0000, acc=0.1859
[ 2022-08-31 22:40:05,083][train_tran.train_nn_models] [Validation] Epoch=49, nll=1210.4326, acc=0.1869
[ 2022-08-31 22:40:08,135][train_tran.train_nn_models] [Training] Epoch=50, loss=1222.0387, nll=1222.0387, l2_reg=0.0000, acc=0.1858
[ 2022-08-31 22:40:08,135][train_tran.train_nn_models] [Validation] Epoch=50, nll=1210.4224, acc=0.1865
[ 2022-08-31 22:40:11,140][train_tran.train_nn_models] [Training] Epoch=51, loss=1222.0219, nll=1222.0219, l2_reg=0.0000, acc=0.1856
[ 2022-08-31 22:40:11,141][train_tran.train_nn_models] [Validation] Epoch=51, nll=1210.4133, acc=0.1861
[ 2022-08-31 22:40:14,166][train_tran.train_nn_models] [Training] Epoch=52, loss=1222.0052, nll=1222.0052, l2_reg=0.0000, acc=0.1857
[ 2022-08-31 22:40:14,166][train_tran.train_nn_models] [Validation] Epoch=52, nll=1210.4054, acc=0.1861
[ 2022-08-31 22:40:17,187][train_tran.train_nn_models] [Training] Epoch=53, loss=1221.9895, nll=1221.9895, l2_reg=0.0000, acc=0.1855
[ 2022-08-31 22:40:17,188][train_tran.train_nn_models] [Validation] Epoch=53, nll=1210.3986, acc=0.1861
[ 2022-08-31 22:40:20,188][train_tran.train_nn_models] [Training] Epoch=54, loss=1221.9741, nll=1221.9741, l2_reg=0.0000, acc=0.1856
[ 2022-08-31 22:40:20,188][train_tran.train_nn_models] [Validation] Epoch=54, nll=1210.3928, acc=0.1857
[ 2022-08-31 22:40:23,216][train_tran.train_nn_models] [Training] Epoch=55, loss=1221.9594, nll=1221.9594, l2_reg=0.0000, acc=0.1855
[ 2022-08-31 22:40:23,217][train_tran.train_nn_models] [Validation] Epoch=55, nll=1210.3878, acc=0.1856
[ 2022-08-31 22:40:26,265][train_tran.train_nn_models] [Training] Epoch=56, loss=1221.9452, nll=1221.9452, l2_reg=0.0000, acc=0.1855
[ 2022-08-31 22:40:26,266][train_tran.train_nn_models] [Validation] Epoch=56, nll=1210.3834, acc=0.1859
[ 2022-08-31 22:40:29,279][train_tran.train_nn_models] [Training] Epoch=57, loss=1221.9310, nll=1221.9310, l2_reg=0.0000, acc=0.1855
[ 2022-08-31 22:40:29,279][train_tran.train_nn_models] [Validation] Epoch=57, nll=1210.3799, acc=0.1859
[ 2022-08-31 22:40:32,294][train_tran.train_nn_models] [Training] Epoch=58, loss=1221.9176, nll=1221.9176, l2_reg=0.0000, acc=0.1855
[ 2022-08-31 22:40:32,295][train_tran.train_nn_models] [Validation] Epoch=58, nll=1210.3771, acc=0.1862
[ 2022-08-31 22:40:35,343][train_tran.train_nn_models] [Training] Epoch=59, loss=1221.9044, nll=1221.9044, l2_reg=0.0000, acc=0.1855
[ 2022-08-31 22:40:35,343][train_tran.train_nn_models] [Validation] Epoch=59, nll=1210.3749, acc=0.1861
[ 2022-08-31 22:40:38,368][train_tran.train_nn_models] [Training] Epoch=60, loss=1221.8914, nll=1221.8914, l2_reg=0.0000, acc=0.1856
[ 2022-08-31 22:40:38,368][train_tran.train_nn_models] [Validation] Epoch=60, nll=1210.3735, acc=0.1858
[ 2022-08-31 22:40:41,396][train_tran.train_nn_models] [Training] Epoch=61, loss=1221.8787, nll=1221.8787, l2_reg=0.0000, acc=0.1856
[ 2022-08-31 22:40:41,397][train_tran.train_nn_models] [Validation] Epoch=61, nll=1210.3722, acc=0.1858
[ 2022-08-31 22:40:44,464][train_tran.train_nn_models] [Training] Epoch=62, loss=1221.8658, nll=1221.8658, l2_reg=0.0000, acc=0.1859
[ 2022-08-31 22:40:44,464][train_tran.train_nn_models] [Validation] Epoch=62, nll=1210.3711, acc=0.1856
[ 2022-08-31 22:40:47,505][train_tran.train_nn_models] [Training] Epoch=63, loss=1221.8534, nll=1221.8534, l2_reg=0.0000, acc=0.1858
[ 2022-08-31 22:40:47,505][train_tran.train_nn_models] [Validation] Epoch=63, nll=1210.3701, acc=0.1860
[ 2022-08-31 22:40:50,530][train_tran.train_nn_models] [Training] Epoch=64, loss=1221.8406, nll=1221.8406, l2_reg=0.0000, acc=0.1859
[ 2022-08-31 22:40:50,530][train_tran.train_nn_models] [Validation] Epoch=64, nll=1210.3693, acc=0.1859
[ 2022-08-31 22:40:53,551][train_tran.train_nn_models] [Training] Epoch=65, loss=1221.8279, nll=1221.8279, l2_reg=0.0000, acc=0.1861
[ 2022-08-31 22:40:53,552][train_tran.train_nn_models] [Validation] Epoch=65, nll=1210.3682, acc=0.1860
[ 2022-08-31 22:40:56,615][train_tran.train_nn_models] [Training] Epoch=66, loss=1221.8149, nll=1221.8149, l2_reg=0.0000, acc=0.1860
[ 2022-08-31 22:40:56,616][train_tran.train_nn_models] [Validation] Epoch=66, nll=1210.3671, acc=0.1859
[ 2022-08-31 22:40:59,642][train_tran.train_nn_models] [Training] Epoch=67, loss=1221.8021, nll=1221.8021, l2_reg=0.0000, acc=0.1860
[ 2022-08-31 22:40:59,642][train_tran.train_nn_models] [Validation] Epoch=67, nll=1210.3661, acc=0.1861
[ 2022-08-31 22:41:02,645][train_tran.train_nn_models] [Training] Epoch=68, loss=1221.7892, nll=1221.7892, l2_reg=0.0000, acc=0.1859
[ 2022-08-31 22:41:02,645][train_tran.train_nn_models] [Validation] Epoch=68, nll=1210.3655, acc=0.1861
[ 2022-08-31 22:41:05,653][train_tran.train_nn_models] [Training] Epoch=69, loss=1221.7766, nll=1221.7766, l2_reg=0.0000, acc=0.1860
[ 2022-08-31 22:41:05,654][train_tran.train_nn_models] [Validation] Epoch=69, nll=1210.3651, acc=0.1865
[ 2022-08-31 22:41:08,678][train_tran.train_nn_models] [Training] Epoch=70, loss=1221.7648, nll=1221.7648, l2_reg=0.0000, acc=0.1860
[ 2022-08-31 22:41:08,679][train_tran.train_nn_models] [Validation] Epoch=70, nll=1210.3645, acc=0.1865
[ 2022-08-31 22:41:11,685][train_tran.train_nn_models] [Training] Epoch=71, loss=1221.7537, nll=1221.7537, l2_reg=0.0000, acc=0.1860
[ 2022-08-31 22:41:11,685][train_tran.train_nn_models] [Validation] Epoch=71, nll=1210.3638, acc=0.1868
[ 2022-08-31 22:41:14,691][train_tran.train_nn_models] [Training] Epoch=72, loss=1221.7428, nll=1221.7428, l2_reg=0.0000, acc=0.1859
[ 2022-08-31 22:41:14,691][train_tran.train_nn_models] [Validation] Epoch=72, nll=1210.3622, acc=0.1867
[ 2022-08-31 22:41:17,717][train_tran.train_nn_models] [Training] Epoch=73, loss=1221.7317, nll=1221.7317, l2_reg=0.0000, acc=0.1861
[ 2022-08-31 22:41:17,717][train_tran.train_nn_models] [Validation] Epoch=73, nll=1210.3605, acc=0.1870
[ 2022-08-31 22:41:20,717][train_tran.train_nn_models] [Training] Epoch=74, loss=1221.7207, nll=1221.7207, l2_reg=0.0000, acc=0.1862
[ 2022-08-31 22:41:20,717][train_tran.train_nn_models] [Validation] Epoch=74, nll=1210.3573, acc=0.1870
[ 2022-08-31 22:41:23,745][train_tran.train_nn_models] [Training] Epoch=75, loss=1221.7090, nll=1221.7090, l2_reg=0.0000, acc=0.1862
[ 2022-08-31 22:41:23,745][train_tran.train_nn_models] [Validation] Epoch=75, nll=1210.3541, acc=0.1868
[ 2022-08-31 22:41:26,794][train_tran.train_nn_models] [Training] Epoch=76, loss=1221.6968, nll=1221.6968, l2_reg=0.0000, acc=0.1864
[ 2022-08-31 22:41:26,795][train_tran.train_nn_models] [Validation] Epoch=76, nll=1210.3490, acc=0.1868
[ 2022-08-31 22:41:29,822][train_tran.train_nn_models] [Training] Epoch=77, loss=1221.6832, nll=1221.6832, l2_reg=0.0000, acc=0.1864
[ 2022-08-31 22:41:29,822][train_tran.train_nn_models] [Validation] Epoch=77, nll=1210.3446, acc=0.1868
[ 2022-08-31 22:41:32,830][train_tran.train_nn_models] [Training] Epoch=78, loss=1221.6688, nll=1221.6688, l2_reg=0.0000, acc=0.1862
[ 2022-08-31 22:41:32,831][train_tran.train_nn_models] [Validation] Epoch=78, nll=1210.3400, acc=0.1867
[ 2022-08-31 22:41:35,867][train_tran.train_nn_models] [Training] Epoch=79, loss=1221.6545, nll=1221.6545, l2_reg=0.0000, acc=0.1863
[ 2022-08-31 22:41:35,868][train_tran.train_nn_models] [Validation] Epoch=79, nll=1210.3354, acc=0.1865
[ 2022-08-31 22:41:38,909][train_tran.train_nn_models] [Training] Epoch=80, loss=1221.6405, nll=1221.6405, l2_reg=0.0000, acc=0.1864
[ 2022-08-31 22:41:38,909][train_tran.train_nn_models] [Validation] Epoch=80, nll=1210.3280, acc=0.1867
[ 2022-08-31 22:41:41,923][train_tran.train_nn_models] [Training] Epoch=81, loss=1221.6261, nll=1221.6261, l2_reg=0.0000, acc=0.1862
[ 2022-08-31 22:41:41,923][train_tran.train_nn_models] [Validation] Epoch=81, nll=1210.3218, acc=0.1867
[ 2022-08-31 22:41:44,941][train_tran.train_nn_models] [Training] Epoch=82, loss=1221.6119, nll=1221.6119, l2_reg=0.0000, acc=0.1864
[ 2022-08-31 22:41:44,941][train_tran.train_nn_models] [Validation] Epoch=82, nll=1210.3108, acc=0.1869
[ 2022-08-31 22:41:47,984][train_tran.train_nn_models] [Training] Epoch=83, loss=1221.5959, nll=1221.5959, l2_reg=0.0000, acc=0.1863
[ 2022-08-31 22:41:47,985][train_tran.train_nn_models] [Validation] Epoch=83, nll=1210.3013, acc=0.1869
[ 2022-08-31 22:41:50,978][train_tran.train_nn_models] [Training] Epoch=84, loss=1221.5779, nll=1221.5779, l2_reg=0.0000, acc=0.1865
[ 2022-08-31 22:41:50,978][train_tran.train_nn_models] [Validation] Epoch=84, nll=1210.2905, acc=0.1866
[ 2022-08-31 22:41:54,004][train_tran.train_nn_models] [Training] Epoch=85, loss=1221.5580, nll=1221.5580, l2_reg=0.0000, acc=0.1865
[ 2022-08-31 22:41:54,004][train_tran.train_nn_models] [Validation] Epoch=85, nll=1210.2798, acc=0.1868
[ 2022-08-31 22:41:57,056][train_tran.train_nn_models] [Training] Epoch=86, loss=1221.5372, nll=1221.5372, l2_reg=0.0000, acc=0.1864
[ 2022-08-31 22:41:57,057][train_tran.train_nn_models] [Validation] Epoch=86, nll=1210.2660, acc=0.1867
[ 2022-08-31 22:42:00,093][train_tran.train_nn_models] [Training] Epoch=87, loss=1221.5143, nll=1221.5143, l2_reg=0.0000, acc=0.1863
[ 2022-08-31 22:42:00,093][train_tran.train_nn_models] [Validation] Epoch=87, nll=1210.2491, acc=0.1868
[ 2022-08-31 22:42:03,085][train_tran.train_nn_models] [Training] Epoch=88, loss=1221.4880, nll=1221.4880, l2_reg=0.0000, acc=0.1862
[ 2022-08-31 22:42:03,086][train_tran.train_nn_models] [Validation] Epoch=88, nll=1210.2272, acc=0.1868
[ 2022-08-31 22:42:06,099][train_tran.train_nn_models] [Training] Epoch=89, loss=1221.4572, nll=1221.4572, l2_reg=0.0000, acc=0.1862
[ 2022-08-31 22:42:06,100][train_tran.train_nn_models] [Validation] Epoch=89, nll=1210.2069, acc=0.1868
[ 2022-08-31 22:42:09,148][train_tran.train_nn_models] [Training] Epoch=90, loss=1221.4294, nll=1221.4294, l2_reg=0.0000, acc=0.1863
[ 2022-08-31 22:42:09,149][train_tran.train_nn_models] [Validation] Epoch=90, nll=1210.1798, acc=0.1868
[ 2022-08-31 22:42:12,197][train_tran.train_nn_models] [Training] Epoch=91, loss=1221.4050, nll=1221.4050, l2_reg=0.0000, acc=0.1863
[ 2022-08-31 22:42:12,197][train_tran.train_nn_models] [Validation] Epoch=91, nll=1210.1517, acc=0.1868
[ 2022-08-31 22:42:15,238][train_tran.train_nn_models] [Training] Epoch=92, loss=1221.3801, nll=1221.3801, l2_reg=0.0000, acc=0.1864
[ 2022-08-31 22:42:15,238][train_tran.train_nn_models] [Validation] Epoch=92, nll=1210.1215, acc=0.1868
[ 2022-08-31 22:42:18,285][train_tran.train_nn_models] [Training] Epoch=93, loss=1221.3463, nll=1221.3463, l2_reg=0.0000, acc=0.1866
[ 2022-08-31 22:42:18,285][train_tran.train_nn_models] [Validation] Epoch=93, nll=1210.0970, acc=0.1865
[ 2022-08-31 22:42:21,339][train_tran.train_nn_models] [Training] Epoch=94, loss=1221.3146, nll=1221.3146, l2_reg=0.0000, acc=0.1867
[ 2022-08-31 22:42:21,339][train_tran.train_nn_models] [Validation] Epoch=94, nll=1210.0597, acc=0.1864
[ 2022-08-31 22:42:24,355][train_tran.train_nn_models] [Training] Epoch=95, loss=1221.2827, nll=1221.2827, l2_reg=0.0000, acc=0.1866
[ 2022-08-31 22:42:24,356][train_tran.train_nn_models] [Validation] Epoch=95, nll=1210.0244, acc=0.1867
[ 2022-08-31 22:42:27,380][train_tran.train_nn_models] [Training] Epoch=96, loss=1221.2485, nll=1221.2485, l2_reg=0.0000, acc=0.1865
[ 2022-08-31 22:42:27,381][train_tran.train_nn_models] [Validation] Epoch=96, nll=1209.9783, acc=0.1868
[ 2022-08-31 22:42:30,448][train_tran.train_nn_models] [Training] Epoch=97, loss=1221.2097, nll=1221.2097, l2_reg=0.0000, acc=0.1865
[ 2022-08-31 22:42:30,448][train_tran.train_nn_models] [Validation] Epoch=97, nll=1209.9320, acc=0.1869
[ 2022-08-31 22:42:33,494][train_tran.train_nn_models] [Training] Epoch=98, loss=1221.1700, nll=1221.1700, l2_reg=0.0000, acc=0.1864
[ 2022-08-31 22:42:33,495][train_tran.train_nn_models] [Validation] Epoch=98, nll=1209.8787, acc=0.1867
[ 2022-08-31 22:42:36,514][train_tran.train_nn_models] [Training] Epoch=99, loss=1221.1327, nll=1221.1327, l2_reg=0.0000, acc=0.1865
[ 2022-08-31 22:42:36,514][train_tran.train_nn_models] [Validation] Epoch=99, nll=1209.8400, acc=0.1868
[ 2022-08-31 22:42:39,572][train_tran.train_nn_models] [Training] Epoch=100, loss=1221.0918, nll=1221.0918, l2_reg=0.0000, acc=0.1866
[ 2022-08-31 22:42:39,572][train_tran.train_nn_models] [Validation] Epoch=100, nll=1209.8066, acc=0.1867
[ 2022-08-31 22:42:42,650][train_tran.train_nn_models] [Training] Epoch=101, loss=1221.0547, nll=1221.0547, l2_reg=0.0000, acc=0.1866
[ 2022-08-31 22:42:42,650][train_tran.train_nn_models] [Validation] Epoch=101, nll=1209.7712, acc=0.1868
[ 2022-08-31 22:42:45,679][train_tran.train_nn_models] [Training] Epoch=102, loss=1221.0312, nll=1221.0312, l2_reg=0.0000, acc=0.1862
[ 2022-08-31 22:42:45,679][train_tran.train_nn_models] [Validation] Epoch=102, nll=1209.7416, acc=0.1871
[ 2022-08-31 22:42:48,746][train_tran.train_nn_models] [Training] Epoch=103, loss=1221.0068, nll=1221.0068, l2_reg=0.0000, acc=0.1863
[ 2022-08-31 22:42:48,746][train_tran.train_nn_models] [Validation] Epoch=103, nll=1209.7155, acc=0.1872
[ 2022-08-31 22:42:51,869][train_tran.train_nn_models] [Training] Epoch=104, loss=1220.9865, nll=1220.9865, l2_reg=0.0000, acc=0.1864
[ 2022-08-31 22:42:51,869][train_tran.train_nn_models] [Validation] Epoch=104, nll=1209.7131, acc=0.1873
[ 2022-08-31 22:42:54,924][train_tran.train_nn_models] [Training] Epoch=105, loss=1220.9602, nll=1220.9602, l2_reg=0.0000, acc=0.1863
[ 2022-08-31 22:42:54,924][train_tran.train_nn_models] [Validation] Epoch=105, nll=1209.6876, acc=0.1872
[ 2022-08-31 22:42:57,953][train_tran.train_nn_models] [Training] Epoch=106, loss=1220.9424, nll=1220.9424, l2_reg=0.0000, acc=0.1864
[ 2022-08-31 22:42:57,953][train_tran.train_nn_models] [Validation] Epoch=106, nll=1209.6683, acc=0.1870
[ 2022-08-31 22:43:00,954][train_tran.train_nn_models] [Training] Epoch=107, loss=1220.9260, nll=1220.9260, l2_reg=0.0000, acc=0.1868
[ 2022-08-31 22:43:00,955][train_tran.train_nn_models] [Validation] Epoch=107, nll=1209.6387, acc=0.1872
[ 2022-08-31 22:43:04,011][train_tran.train_nn_models] [Training] Epoch=108, loss=1220.9086, nll=1220.9086, l2_reg=0.0000, acc=0.1868
[ 2022-08-31 22:43:04,011][train_tran.train_nn_models] [Validation] Epoch=108, nll=1209.6267, acc=0.1873
[ 2022-08-31 22:43:07,036][train_tran.train_nn_models] [Training] Epoch=109, loss=1220.8921, nll=1220.8921, l2_reg=0.0000, acc=0.1870
[ 2022-08-31 22:43:07,036][train_tran.train_nn_models] [Validation] Epoch=109, nll=1209.5946, acc=0.1875
[ 2022-08-31 22:43:10,071][train_tran.train_nn_models] [Training] Epoch=110, loss=1220.8713, nll=1220.8713, l2_reg=0.0000, acc=0.1869
[ 2022-08-31 22:43:10,072][train_tran.train_nn_models] [Validation] Epoch=110, nll=1209.5797, acc=0.1875
[ 2022-08-31 22:43:13,121][train_tran.train_nn_models] [Training] Epoch=111, loss=1220.8486, nll=1220.8486, l2_reg=0.0000, acc=0.1869
[ 2022-08-31 22:43:13,121][train_tran.train_nn_models] [Validation] Epoch=111, nll=1209.5793, acc=0.1874
[ 2022-08-31 22:43:16,154][train_tran.train_nn_models] [Training] Epoch=112, loss=1220.8186, nll=1220.8186, l2_reg=0.0000, acc=0.1868
[ 2022-08-31 22:43:16,154][train_tran.train_nn_models] [Validation] Epoch=112, nll=1209.5411, acc=0.1873
[ 2022-08-31 22:43:19,180][train_tran.train_nn_models] [Training] Epoch=113, loss=1220.7938, nll=1220.7938, l2_reg=0.0000, acc=0.1868
[ 2022-08-31 22:43:19,181][train_tran.train_nn_models] [Validation] Epoch=113, nll=1209.5250, acc=0.1875
[ 2022-08-31 22:43:22,217][train_tran.train_nn_models] [Training] Epoch=114, loss=1220.7655, nll=1220.7655, l2_reg=0.0000, acc=0.1866
[ 2022-08-31 22:43:22,218][train_tran.train_nn_models] [Validation] Epoch=114, nll=1209.4735, acc=0.1876
[ 2022-08-31 22:43:25,230][train_tran.train_nn_models] [Training] Epoch=115, loss=1220.7299, nll=1220.7299, l2_reg=0.0000, acc=0.1865
[ 2022-08-31 22:43:25,231][train_tran.train_nn_models] [Validation] Epoch=115, nll=1209.4182, acc=0.1874
[ 2022-08-31 22:43:28,218][train_tran.train_nn_models] [Training] Epoch=116, loss=1220.7017, nll=1220.7017, l2_reg=0.0000, acc=0.1866
[ 2022-08-31 22:43:28,218][train_tran.train_nn_models] [Validation] Epoch=116, nll=1209.3677, acc=0.1871
[ 2022-08-31 22:43:31,242][train_tran.train_nn_models] [Training] Epoch=117, loss=1220.7211, nll=1220.7211, l2_reg=0.0000, acc=0.1864
[ 2022-08-31 22:43:31,242][train_tran.train_nn_models] [Validation] Epoch=117, nll=1209.3361, acc=0.1875
[ 2022-08-31 22:43:34,314][train_tran.train_nn_models] [Training] Epoch=118, loss=1220.6224, nll=1220.6224, l2_reg=0.0000, acc=0.1863
[ 2022-08-31 22:43:34,315][train_tran.train_nn_models] [Validation] Epoch=118, nll=1209.2709, acc=0.1872
[ 2022-08-31 22:43:37,352][train_tran.train_nn_models] [Training] Epoch=119, loss=1220.5356, nll=1220.5356, l2_reg=0.0000, acc=0.1869
[ 2022-08-31 22:43:37,352][train_tran.train_nn_models] [Validation] Epoch=119, nll=1209.1875, acc=0.1877
[ 2022-08-31 22:43:40,381][train_tran.train_nn_models] [Training] Epoch=120, loss=1220.4871, nll=1220.4871, l2_reg=0.0000, acc=0.1869
[ 2022-08-31 22:43:40,382][train_tran.train_nn_models] [Validation] Epoch=120, nll=1209.1246, acc=0.1874
[ 2022-08-31 22:43:43,417][train_tran.train_nn_models] [Training] Epoch=121, loss=1220.3258, nll=1220.3258, l2_reg=0.0000, acc=0.1866
[ 2022-08-31 22:43:43,417][train_tran.train_nn_models] [Validation] Epoch=121, nll=1208.9849, acc=0.1872
[ 2022-08-31 22:43:46,435][train_tran.train_nn_models] [Training] Epoch=122, loss=1220.2205, nll=1220.2205, l2_reg=0.0000, acc=0.1871
[ 2022-08-31 22:43:46,435][train_tran.train_nn_models] [Validation] Epoch=122, nll=1208.8760, acc=0.1873
[ 2022-08-31 22:43:49,459][train_tran.train_nn_models] [Training] Epoch=123, loss=1220.0328, nll=1220.0328, l2_reg=0.0000, acc=0.1870
[ 2022-08-31 22:43:49,459][train_tran.train_nn_models] [Validation] Epoch=123, nll=1208.7301, acc=0.1876
[ 2022-08-31 22:43:52,488][train_tran.train_nn_models] [Training] Epoch=124, loss=1219.8015, nll=1219.8015, l2_reg=0.0000, acc=0.1871
[ 2022-08-31 22:43:52,488][train_tran.train_nn_models] [Validation] Epoch=124, nll=1208.6194, acc=0.1880
[ 2022-08-31 22:43:55,535][train_tran.train_nn_models] [Training] Epoch=125, loss=1219.5317, nll=1219.5317, l2_reg=0.0000, acc=0.1876
[ 2022-08-31 22:43:55,536][train_tran.train_nn_models] [Validation] Epoch=125, nll=1208.6918, acc=0.1884
[ 2022-08-31 22:43:58,544][train_tran.train_nn_models] [Training] Epoch=126, loss=1219.3378, nll=1219.3378, l2_reg=0.0000, acc=0.1880
[ 2022-08-31 22:43:58,545][train_tran.train_nn_models] [Validation] Epoch=126, nll=1208.1422, acc=0.1885
[ 2022-08-31 22:43:58,545][train_tran.train_nn_models] Found a better model at epoch 126.
[ 2022-08-31 22:44:01,591][train_tran.train_nn_models] [Training] Epoch=127, loss=1219.0237, nll=1219.0237, l2_reg=0.0000, acc=0.1882
[ 2022-08-31 22:44:01,591][train_tran.train_nn_models] [Validation] Epoch=127, nll=1207.8286, acc=0.1881
[ 2022-08-31 22:44:01,591][train_tran.train_nn_models] Found a better model at epoch 127.
[ 2022-08-31 22:44:04,672][train_tran.train_nn_models] [Training] Epoch=128, loss=1218.6364, nll=1218.6364, l2_reg=0.0000, acc=0.1879
[ 2022-08-31 22:44:04,672][train_tran.train_nn_models] [Validation] Epoch=128, nll=1207.6676, acc=0.1891
[ 2022-08-31 22:44:04,673][train_tran.train_nn_models] Found a better model at epoch 128.
[ 2022-08-31 22:44:07,709][train_tran.train_nn_models] [Training] Epoch=129, loss=1218.3063, nll=1218.3063, l2_reg=0.0000, acc=0.1882
[ 2022-08-31 22:44:07,709][train_tran.train_nn_models] [Validation] Epoch=129, nll=1207.4703, acc=0.1886
[ 2022-08-31 22:44:07,710][train_tran.train_nn_models] Found a better model at epoch 129.
[ 2022-08-31 22:44:10,706][train_tran.train_nn_models] [Training] Epoch=130, loss=1217.9915, nll=1217.9915, l2_reg=0.0000, acc=0.1886
[ 2022-08-31 22:44:10,707][train_tran.train_nn_models] [Validation] Epoch=130, nll=1207.1866, acc=0.1894
[ 2022-08-31 22:44:10,707][train_tran.train_nn_models] Found a better model at epoch 130.
[ 2022-08-31 22:44:13,772][train_tran.train_nn_models] [Training] Epoch=131, loss=1217.6571, nll=1217.6571, l2_reg=0.0000, acc=0.1888
[ 2022-08-31 22:44:13,772][train_tran.train_nn_models] [Validation] Epoch=131, nll=1206.7629, acc=0.1902
[ 2022-08-31 22:44:13,772][train_tran.train_nn_models] Found a better model at epoch 131.
[ 2022-08-31 22:44:16,852][train_tran.train_nn_models] [Training] Epoch=132, loss=1217.2885, nll=1217.2885, l2_reg=0.0000, acc=0.1894
[ 2022-08-31 22:44:16,853][train_tran.train_nn_models] [Validation] Epoch=132, nll=1206.3679, acc=0.1908
[ 2022-08-31 22:44:16,853][train_tran.train_nn_models] Found a better model at epoch 132.
[ 2022-08-31 22:44:19,876][train_tran.train_nn_models] [Training] Epoch=133, loss=1216.8152, nll=1216.8152, l2_reg=0.0000, acc=0.1905
[ 2022-08-31 22:44:19,876][train_tran.train_nn_models] [Validation] Epoch=133, nll=1205.7777, acc=0.1924
[ 2022-08-31 22:44:19,876][train_tran.train_nn_models] Found a better model at epoch 133.
[ 2022-08-31 22:44:22,909][train_tran.train_nn_models] [Training] Epoch=134, loss=1215.7734, nll=1215.7734, l2_reg=0.0000, acc=0.1918
[ 2022-08-31 22:44:22,910][train_tran.train_nn_models] [Validation] Epoch=134, nll=1204.7825, acc=0.1926
[ 2022-08-31 22:44:22,910][train_tran.train_nn_models] Found a better model at epoch 134.
[ 2022-08-31 22:44:25,991][train_tran.train_nn_models] [Training] Epoch=135, loss=1215.0588, nll=1215.0588, l2_reg=0.0000, acc=0.1932
[ 2022-08-31 22:44:25,991][train_tran.train_nn_models] [Validation] Epoch=135, nll=1204.6373, acc=0.1919
[ 2022-08-31 22:44:25,991][train_tran.train_nn_models] Found a better model at epoch 135.
[ 2022-08-31 22:44:29,038][train_tran.train_nn_models] [Training] Epoch=136, loss=1215.0596, nll=1215.0596, l2_reg=0.0000, acc=0.1945
[ 2022-08-31 22:44:29,039][train_tran.train_nn_models] [Validation] Epoch=136, nll=1203.8392, acc=0.1971
[ 2022-08-31 22:44:29,039][train_tran.train_nn_models] Found a better model at epoch 136.
[ 2022-08-31 22:44:32,106][train_tran.train_nn_models] [Training] Epoch=137, loss=1213.7296, nll=1213.7296, l2_reg=0.0000, acc=0.1969
[ 2022-08-31 22:44:32,107][train_tran.train_nn_models] [Validation] Epoch=137, nll=1202.4973, acc=0.1963
[ 2022-08-31 22:44:32,107][train_tran.train_nn_models] Found a better model at epoch 137.
[ 2022-08-31 22:44:35,180][train_tran.train_nn_models] [Training] Epoch=138, loss=1212.6509, nll=1212.6509, l2_reg=0.0000, acc=0.1993
[ 2022-08-31 22:44:35,180][train_tran.train_nn_models] [Validation] Epoch=138, nll=1211.8057, acc=0.1897
[ 2022-08-31 22:44:38,230][train_tran.train_nn_models] [Training] Epoch=139, loss=1223.2715, nll=1223.2715, l2_reg=0.0000, acc=0.1861
[ 2022-08-31 22:44:38,230][train_tran.train_nn_models] [Validation] Epoch=139, nll=1210.7261, acc=0.1824
[ 2022-08-31 22:44:41,264][train_tran.train_nn_models] [Training] Epoch=140, loss=1220.8488, nll=1220.8488, l2_reg=0.0000, acc=0.1868
[ 2022-08-31 22:44:41,264][train_tran.train_nn_models] [Validation] Epoch=140, nll=1209.5658, acc=0.1865
[ 2022-08-31 22:44:44,283][train_tran.train_nn_models] [Training] Epoch=141, loss=1219.9166, nll=1219.9166, l2_reg=0.0000, acc=0.1882
[ 2022-08-31 22:44:44,283][train_tran.train_nn_models] [Validation] Epoch=141, nll=1208.4368, acc=0.1885
[ 2022-08-31 22:44:47,325][train_tran.train_nn_models] [Training] Epoch=142, loss=1218.7876, nll=1218.7876, l2_reg=0.0000, acc=0.1894
[ 2022-08-31 22:44:47,326][train_tran.train_nn_models] [Validation] Epoch=142, nll=1207.1335, acc=0.1895
[ 2022-08-31 22:44:50,326][train_tran.train_nn_models] [Training] Epoch=143, loss=1217.6489, nll=1217.6489, l2_reg=0.0000, acc=0.1913
[ 2022-08-31 22:44:50,326][train_tran.train_nn_models] [Validation] Epoch=143, nll=1206.2194, acc=0.1902
[ 2022-08-31 22:44:53,327][train_tran.train_nn_models] [Training] Epoch=144, loss=1216.2255, nll=1216.2255, l2_reg=0.0000, acc=0.1944
[ 2022-08-31 22:44:53,328][train_tran.train_nn_models] [Validation] Epoch=144, nll=1204.6075, acc=0.1961
[ 2022-08-31 22:44:56,357][train_tran.train_nn_models] [Training] Epoch=145, loss=1214.6375, nll=1214.6375, l2_reg=0.0000, acc=0.1946
[ 2022-08-31 22:44:56,358][train_tran.train_nn_models] [Validation] Epoch=145, nll=1203.5911, acc=0.1964
[ 2022-08-31 22:44:59,399][train_tran.train_nn_models] [Training] Epoch=146, loss=1213.5372, nll=1213.5372, l2_reg=0.0000, acc=0.1961
[ 2022-08-31 22:44:59,400][train_tran.train_nn_models] [Validation] Epoch=146, nll=1202.8033, acc=0.1966
[ 2022-08-31 22:45:02,417][train_tran.train_nn_models] [Training] Epoch=147, loss=1212.4758, nll=1212.4758, l2_reg=0.0000, acc=0.1996
[ 2022-08-31 22:45:02,417][train_tran.train_nn_models] [Validation] Epoch=147, nll=1201.9583, acc=0.1987
[ 2022-08-31 22:45:02,417][train_tran.train_nn_models] Found a better model at epoch 147.
[ 2022-08-31 22:45:05,447][train_tran.train_nn_models] [Training] Epoch=148, loss=1210.9160, nll=1210.9160, l2_reg=0.0000, acc=0.2022
[ 2022-08-31 22:45:05,448][train_tran.train_nn_models] [Validation] Epoch=148, nll=1200.2578, acc=0.2019
[ 2022-08-31 22:45:05,448][train_tran.train_nn_models] Found a better model at epoch 148.
[ 2022-08-31 22:45:08,501][train_tran.train_nn_models] [Training] Epoch=149, loss=1210.3859, nll=1210.3859, l2_reg=0.0000, acc=0.2020
[ 2022-08-31 22:45:08,502][train_tran.train_nn_models] [Validation] Epoch=149, nll=1200.1155, acc=0.2021
[ 2022-08-31 22:45:08,502][train_tran.train_nn_models] Found a better model at epoch 149.
[ 2022-08-31 22:45:11,534][train_tran.train_nn_models] [Training] Epoch=150, loss=1208.5238, nll=1208.5238, l2_reg=0.0000, acc=0.2049
[ 2022-08-31 22:45:11,535][train_tran.train_nn_models] [Validation] Epoch=150, nll=1198.2482, acc=0.2052
[ 2022-08-31 22:45:11,535][train_tran.train_nn_models] Found a better model at epoch 150.
[ 2022-08-31 22:45:14,587][train_tran.train_nn_models] [Training] Epoch=151, loss=1205.9812, nll=1205.9812, l2_reg=0.0000, acc=0.2097
[ 2022-08-31 22:45:14,587][train_tran.train_nn_models] [Validation] Epoch=151, nll=1196.5803, acc=0.2082
[ 2022-08-31 22:45:14,587][train_tran.train_nn_models] Found a better model at epoch 151.
[ 2022-08-31 22:45:17,638][train_tran.train_nn_models] [Training] Epoch=152, loss=1225.9642, nll=1225.9642, l2_reg=0.0000, acc=0.1872
[ 2022-08-31 22:45:17,638][train_tran.train_nn_models] [Validation] Epoch=152, nll=1209.2070, acc=0.1888
[ 2022-08-31 22:45:20,698][train_tran.train_nn_models] [Training] Epoch=153, loss=1221.0117, nll=1221.0117, l2_reg=0.0000, acc=0.1855
[ 2022-08-31 22:45:20,699][train_tran.train_nn_models] [Validation] Epoch=153, nll=1209.6559, acc=0.1879
[ 2022-08-31 22:45:23,737][train_tran.train_nn_models] [Training] Epoch=154, loss=1218.5601, nll=1218.5601, l2_reg=0.0000, acc=0.1873
[ 2022-08-31 22:45:23,737][train_tran.train_nn_models] [Validation] Epoch=154, nll=1207.0558, acc=0.1904
[ 2022-08-31 22:45:26,769][train_tran.train_nn_models] [Training] Epoch=155, loss=1217.0562, nll=1217.0562, l2_reg=0.0000, acc=0.1891
[ 2022-08-31 22:45:26,769][train_tran.train_nn_models] [Validation] Epoch=155, nll=1205.5105, acc=0.1901
[ 2022-08-31 22:45:29,783][train_tran.train_nn_models] [Training] Epoch=156, loss=1216.0846, nll=1216.0846, l2_reg=0.0000, acc=0.1903
[ 2022-08-31 22:45:29,783][train_tran.train_nn_models] [Validation] Epoch=156, nll=1204.9048, acc=0.1918
[ 2022-08-31 22:45:32,801][train_tran.train_nn_models] [Training] Epoch=157, loss=1215.1472, nll=1215.1472, l2_reg=0.0000, acc=0.1923
[ 2022-08-31 22:45:32,801][train_tran.train_nn_models] [Validation] Epoch=157, nll=1204.1923, acc=0.1932
[ 2022-08-31 22:45:35,835][train_tran.train_nn_models] [Training] Epoch=158, loss=1214.1207, nll=1214.1207, l2_reg=0.0000, acc=0.1945
[ 2022-08-31 22:45:35,836][train_tran.train_nn_models] [Validation] Epoch=158, nll=1203.3062, acc=0.1972
[ 2022-08-31 22:45:38,875][train_tran.train_nn_models] [Training] Epoch=159, loss=1212.9069, nll=1212.9069, l2_reg=0.0000, acc=0.1968
[ 2022-08-31 22:45:38,875][train_tran.train_nn_models] [Validation] Epoch=159, nll=1202.0577, acc=0.2017
[ 2022-08-31 22:45:41,893][train_tran.train_nn_models] [Training] Epoch=160, loss=1210.8093, nll=1210.8093, l2_reg=0.0000, acc=0.2022
[ 2022-08-31 22:45:41,893][train_tran.train_nn_models] [Validation] Epoch=160, nll=1200.2004, acc=0.2019
[ 2022-08-31 22:45:44,916][train_tran.train_nn_models] [Training] Epoch=161, loss=1208.0812, nll=1208.0812, l2_reg=0.0000, acc=0.2064
[ 2022-08-31 22:45:44,916][train_tran.train_nn_models] [Validation] Epoch=161, nll=1197.2061, acc=0.2083
[ 2022-08-31 22:45:47,968][train_tran.train_nn_models] [Training] Epoch=162, loss=1205.3130, nll=1205.3130, l2_reg=0.0000, acc=0.2093
[ 2022-08-31 22:45:47,968][train_tran.train_nn_models] [Validation] Epoch=162, nll=1196.4628, acc=0.2052
[ 2022-08-31 22:45:47,969][train_tran.train_nn_models] Found a better model at epoch 162.
[ 2022-08-31 22:45:51,017][train_tran.train_nn_models] [Training] Epoch=163, loss=1212.5826, nll=1212.5826, l2_reg=0.0000, acc=0.1966
[ 2022-08-31 22:45:51,017][train_tran.train_nn_models] [Validation] Epoch=163, nll=1199.7117, acc=0.2074
[ 2022-08-31 22:45:54,010][train_tran.train_nn_models] [Training] Epoch=164, loss=1207.7750, nll=1207.7750, l2_reg=0.0000, acc=0.2060
[ 2022-08-31 22:45:54,011][train_tran.train_nn_models] [Validation] Epoch=164, nll=1194.1688, acc=0.2095
[ 2022-08-31 22:45:54,011][train_tran.train_nn_models] Found a better model at epoch 164.
[ 2022-08-31 22:45:57,042][train_tran.train_nn_models] [Training] Epoch=165, loss=1202.5012, nll=1202.5012, l2_reg=0.0000, acc=0.2148
[ 2022-08-31 22:45:57,043][train_tran.train_nn_models] [Validation] Epoch=165, nll=1191.4740, acc=0.2152
[ 2022-08-31 22:45:57,043][train_tran.train_nn_models] Found a better model at epoch 165.
[ 2022-08-31 22:46:00,111][train_tran.train_nn_models] [Training] Epoch=166, loss=1201.5066, nll=1201.5066, l2_reg=0.0000, acc=0.2152
[ 2022-08-31 22:46:00,112][train_tran.train_nn_models] [Validation] Epoch=166, nll=1196.4924, acc=0.2043
[ 2022-08-31 22:46:03,141][train_tran.train_nn_models] [Training] Epoch=167, loss=1200.2058, nll=1200.2058, l2_reg=0.0000, acc=0.2171
[ 2022-08-31 22:46:03,141][train_tran.train_nn_models] [Validation] Epoch=167, nll=1193.2119, acc=0.2101
[ 2022-08-31 22:46:06,154][train_tran.train_nn_models] [Training] Epoch=168, loss=1197.0531, nll=1197.0531, l2_reg=0.0000, acc=0.2221
[ 2022-08-31 22:46:06,155][train_tran.train_nn_models] [Validation] Epoch=168, nll=1186.5811, acc=0.2277
[ 2022-08-31 22:46:06,155][train_tran.train_nn_models] Found a better model at epoch 168.
[ 2022-08-31 22:46:09,194][train_tran.train_nn_models] [Training] Epoch=169, loss=1208.0039, nll=1208.0039, l2_reg=0.0000, acc=0.2139
[ 2022-08-31 22:46:09,194][train_tran.train_nn_models] [Validation] Epoch=169, nll=1215.0632, acc=0.1832
[ 2022-08-31 22:46:12,248][train_tran.train_nn_models] [Training] Epoch=170, loss=1215.7924, nll=1215.7924, l2_reg=0.0000, acc=0.1891
[ 2022-08-31 22:46:12,248][train_tran.train_nn_models] [Validation] Epoch=170, nll=1204.4670, acc=0.1905
[ 2022-08-31 22:46:15,248][train_tran.train_nn_models] [Training] Epoch=171, loss=1211.2992, nll=1211.2992, l2_reg=0.0000, acc=0.1912
[ 2022-08-31 22:46:15,249][train_tran.train_nn_models] [Validation] Epoch=171, nll=1199.3990, acc=0.2001
[ 2022-08-31 22:46:18,297][train_tran.train_nn_models] [Training] Epoch=172, loss=1206.1487, nll=1206.1487, l2_reg=0.0000, acc=0.2015
[ 2022-08-31 22:46:18,297][train_tran.train_nn_models] [Validation] Epoch=172, nll=1195.5409, acc=0.2122
[ 2022-08-31 22:46:21,360][train_tran.train_nn_models] [Training] Epoch=173, loss=1201.1594, nll=1201.1594, l2_reg=0.0000, acc=0.2164
[ 2022-08-31 22:46:21,360][train_tran.train_nn_models] [Validation] Epoch=173, nll=1191.5995, acc=0.2187
[ 2022-08-31 22:46:24,375][train_tran.train_nn_models] [Training] Epoch=174, loss=1196.9146, nll=1196.9146, l2_reg=0.0000, acc=0.2291
[ 2022-08-31 22:46:24,376][train_tran.train_nn_models] [Validation] Epoch=174, nll=1187.4086, acc=0.2297
[ 2022-08-31 22:46:27,409][train_tran.train_nn_models] [Training] Epoch=175, loss=1191.4972, nll=1191.4972, l2_reg=0.0000, acc=0.2353
[ 2022-08-31 22:46:27,409][train_tran.train_nn_models] [Validation] Epoch=175, nll=1182.4370, acc=0.2369
[ 2022-08-31 22:46:27,409][train_tran.train_nn_models] Found a better model at epoch 175.
[ 2022-08-31 22:46:30,490][train_tran.train_nn_models] [Training] Epoch=176, loss=1182.0735, nll=1182.0735, l2_reg=0.0000, acc=0.2505
[ 2022-08-31 22:46:30,490][train_tran.train_nn_models] [Validation] Epoch=176, nll=1179.3226, acc=0.2454
[ 2022-08-31 22:46:30,491][train_tran.train_nn_models] Found a better model at epoch 176.
[ 2022-08-31 22:46:33,585][train_tran.train_nn_models] [Training] Epoch=177, loss=1191.4431, nll=1191.4431, l2_reg=0.0000, acc=0.2349
[ 2022-08-31 22:46:33,586][train_tran.train_nn_models] [Validation] Epoch=177, nll=1188.6974, acc=0.2185
[ 2022-08-31 22:46:36,601][train_tran.train_nn_models] [Training] Epoch=178, loss=1188.0773, nll=1188.0773, l2_reg=0.0000, acc=0.2367
[ 2022-08-31 22:46:36,601][train_tran.train_nn_models] [Validation] Epoch=178, nll=1173.4690, acc=0.2462
[ 2022-08-31 22:46:36,601][train_tran.train_nn_models] Found a better model at epoch 178.
[ 2022-08-31 22:46:39,629][train_tran.train_nn_models] [Training] Epoch=179, loss=1190.7192, nll=1190.7192, l2_reg=0.0000, acc=0.2424
[ 2022-08-31 22:46:39,629][train_tran.train_nn_models] [Validation] Epoch=179, nll=1205.1351, acc=0.1996
[ 2022-08-31 22:46:42,668][train_tran.train_nn_models] [Training] Epoch=180, loss=1207.4260, nll=1207.4260, l2_reg=0.0000, acc=0.2093
[ 2022-08-31 22:46:42,668][train_tran.train_nn_models] [Validation] Epoch=180, nll=1189.8287, acc=0.2220
[ 2022-08-31 22:46:45,697][train_tran.train_nn_models] [Training] Epoch=181, loss=1185.1780, nll=1185.1780, l2_reg=0.0000, acc=0.2445
[ 2022-08-31 22:46:45,697][train_tran.train_nn_models] [Validation] Epoch=181, nll=1171.8916, acc=0.2510
[ 2022-08-31 22:46:45,697][train_tran.train_nn_models] Found a better model at epoch 181.
[ 2022-08-31 22:46:48,742][train_tran.train_nn_models] [Training] Epoch=182, loss=1198.1013, nll=1198.1013, l2_reg=0.0000, acc=0.2401
[ 2022-08-31 22:46:48,742][train_tran.train_nn_models] [Validation] Epoch=182, nll=1196.3835, acc=0.2159
[ 2022-08-31 22:46:51,756][train_tran.train_nn_models] [Training] Epoch=183, loss=1199.5569, nll=1199.5569, l2_reg=0.0000, acc=0.2218
[ 2022-08-31 22:46:51,757][train_tran.train_nn_models] [Validation] Epoch=183, nll=1195.1707, acc=0.2114
[ 2022-08-31 22:46:54,777][train_tran.train_nn_models] [Training] Epoch=184, loss=1191.1794, nll=1191.1794, l2_reg=0.0000, acc=0.2292
[ 2022-08-31 22:46:54,778][train_tran.train_nn_models] [Validation] Epoch=184, nll=1181.6300, acc=0.2354
[ 2022-08-31 22:46:57,812][train_tran.train_nn_models] [Training] Epoch=185, loss=1181.1670, nll=1181.1670, l2_reg=0.0000, acc=0.2525
[ 2022-08-31 22:46:57,813][train_tran.train_nn_models] [Validation] Epoch=185, nll=1173.1608, acc=0.2544
[ 2022-08-31 22:47:00,836][train_tran.train_nn_models] [Training] Epoch=186, loss=1176.6772, nll=1176.6772, l2_reg=0.0000, acc=0.2638
[ 2022-08-31 22:47:00,836][train_tran.train_nn_models] [Validation] Epoch=186, nll=1167.7627, acc=0.2595
[ 2022-08-31 22:47:00,836][train_tran.train_nn_models] Found a better model at epoch 186.
[ 2022-08-31 22:47:03,824][train_tran.train_nn_models] [Training] Epoch=187, loss=1167.3883, nll=1167.3883, l2_reg=0.0000, acc=0.2721
[ 2022-08-31 22:47:03,825][train_tran.train_nn_models] [Validation] Epoch=187, nll=1163.4583, acc=0.2623
[ 2022-08-31 22:47:03,825][train_tran.train_nn_models] Found a better model at epoch 187.
[ 2022-08-31 22:47:06,839][train_tran.train_nn_models] [Training] Epoch=188, loss=1161.0979, nll=1161.0979, l2_reg=0.0000, acc=0.2785
[ 2022-08-31 22:47:06,840][train_tran.train_nn_models] [Validation] Epoch=188, nll=1158.0626, acc=0.2691
[ 2022-08-31 22:47:06,840][train_tran.train_nn_models] Found a better model at epoch 188.
[ 2022-08-31 22:47:09,849][train_tran.train_nn_models] [Training] Epoch=189, loss=1154.1097, nll=1154.1097, l2_reg=0.0000, acc=0.2879
[ 2022-08-31 22:47:09,849][train_tran.train_nn_models] [Validation] Epoch=189, nll=1156.3098, acc=0.2692
[ 2022-08-31 22:47:09,849][train_tran.train_nn_models] Found a better model at epoch 189.
[ 2022-08-31 22:47:12,926][train_tran.train_nn_models] [Training] Epoch=190, loss=1152.7317, nll=1152.7317, l2_reg=0.0000, acc=0.2894
[ 2022-08-31 22:47:12,926][train_tran.train_nn_models] [Validation] Epoch=190, nll=1156.5894, acc=0.2645
[ 2022-08-31 22:47:16,033][train_tran.train_nn_models] [Training] Epoch=191, loss=1147.8229, nll=1147.8229, l2_reg=0.0000, acc=0.2955
[ 2022-08-31 22:47:16,034][train_tran.train_nn_models] [Validation] Epoch=191, nll=1154.8165, acc=0.2658
[ 2022-08-31 22:47:16,034][train_tran.train_nn_models] Found a better model at epoch 191.
[ 2022-08-31 22:47:19,144][train_tran.train_nn_models] [Training] Epoch=192, loss=1153.0175, nll=1153.0175, l2_reg=0.0000, acc=0.2876
[ 2022-08-31 22:47:19,145][train_tran.train_nn_models] [Validation] Epoch=192, nll=1150.0559, acc=0.2704
[ 2022-08-31 22:47:19,145][train_tran.train_nn_models] Found a better model at epoch 192.
[ 2022-08-31 22:47:22,261][train_tran.train_nn_models] [Training] Epoch=193, loss=1144.1519, nll=1144.1519, l2_reg=0.0000, acc=0.2987
[ 2022-08-31 22:47:22,262][train_tran.train_nn_models] [Validation] Epoch=193, nll=1148.4568, acc=0.2732
[ 2022-08-31 22:47:22,262][train_tran.train_nn_models] Found a better model at epoch 193.
[ 2022-08-31 22:47:25,421][train_tran.train_nn_models] [Training] Epoch=194, loss=1142.6428, nll=1142.6428, l2_reg=0.0000, acc=0.2998
[ 2022-08-31 22:47:25,421][train_tran.train_nn_models] [Validation] Epoch=194, nll=1151.7010, acc=0.2714
[ 2022-08-31 22:47:28,530][train_tran.train_nn_models] [Training] Epoch=195, loss=1139.6431, nll=1139.6431, l2_reg=0.0000, acc=0.3030
[ 2022-08-31 22:47:28,530][train_tran.train_nn_models] [Validation] Epoch=195, nll=1145.5914, acc=0.2863
[ 2022-08-31 22:47:28,531][train_tran.train_nn_models] Found a better model at epoch 195.
[ 2022-08-31 22:47:31,654][train_tran.train_nn_models] [Training] Epoch=196, loss=1137.6326, nll=1137.6326, l2_reg=0.0000, acc=0.3046
[ 2022-08-31 22:47:31,655][train_tran.train_nn_models] [Validation] Epoch=196, nll=1148.2999, acc=0.2778
[ 2022-08-31 22:47:34,821][train_tran.train_nn_models] [Training] Epoch=197, loss=1137.8280, nll=1137.8280, l2_reg=0.0000, acc=0.3041
[ 2022-08-31 22:47:34,822][train_tran.train_nn_models] [Validation] Epoch=197, nll=1143.5648, acc=0.2807
[ 2022-08-31 22:47:34,822][train_tran.train_nn_models] Found a better model at epoch 197.
[ 2022-08-31 22:47:37,966][train_tran.train_nn_models] [Training] Epoch=198, loss=1140.0131, nll=1140.0131, l2_reg=0.0000, acc=0.3023
[ 2022-08-31 22:47:37,966][train_tran.train_nn_models] [Validation] Epoch=198, nll=1154.6373, acc=0.2678
[ 2022-08-31 22:47:41,125][train_tran.train_nn_models] [Training] Epoch=199, loss=1136.4634, nll=1136.4634, l2_reg=0.0000, acc=0.3061
[ 2022-08-31 22:47:41,126][train_tran.train_nn_models] [Validation] Epoch=199, nll=1139.5081, acc=0.2923
[ 2022-08-31 22:47:41,126][train_tran.train_nn_models] Found a better model at epoch 199.
[ 2022-08-31 22:47:44,322][train_tran.train_nn_models] [Training] Epoch=200, loss=1129.4357, nll=1129.4357, l2_reg=0.0000, acc=0.3130
[ 2022-08-31 22:47:44,322][train_tran.train_nn_models] [Validation] Epoch=200, nll=1147.5862, acc=0.2738
[ 2022-08-31 22:47:47,486][train_tran.train_nn_models] [Training] Epoch=201, loss=1131.3793, nll=1131.3793, l2_reg=0.0000, acc=0.3108
[ 2022-08-31 22:47:47,486][train_tran.train_nn_models] [Validation] Epoch=201, nll=1138.3749, acc=0.2849
[ 2022-08-31 22:47:47,486][train_tran.train_nn_models] Found a better model at epoch 201.
[ 2022-08-31 22:47:50,608][train_tran.train_nn_models] [Training] Epoch=202, loss=1127.0272, nll=1127.0272, l2_reg=0.0000, acc=0.3162
[ 2022-08-31 22:47:50,609][train_tran.train_nn_models] [Validation] Epoch=202, nll=1131.2920, acc=0.2920
[ 2022-08-31 22:47:50,609][train_tran.train_nn_models] Found a better model at epoch 202.
[ 2022-08-31 22:47:53,791][train_tran.train_nn_models] [Training] Epoch=203, loss=1121.1207, nll=1121.1207, l2_reg=0.0000, acc=0.3207
[ 2022-08-31 22:47:53,792][train_tran.train_nn_models] [Validation] Epoch=203, nll=1129.2083, acc=0.2963
[ 2022-08-31 22:47:53,792][train_tran.train_nn_models] Found a better model at epoch 203.
[ 2022-08-31 22:47:57,017][train_tran.train_nn_models] [Training] Epoch=204, loss=1136.2172, nll=1136.2172, l2_reg=0.0000, acc=0.3050
[ 2022-08-31 22:47:57,018][train_tran.train_nn_models] [Validation] Epoch=204, nll=1152.8207, acc=0.2789
[ 2022-08-31 22:48:00,177][train_tran.train_nn_models] [Training] Epoch=205, loss=1143.5259, nll=1143.5259, l2_reg=0.0000, acc=0.2988
[ 2022-08-31 22:48:00,177][train_tran.train_nn_models] [Validation] Epoch=205, nll=1136.9847, acc=0.2929
[ 2022-08-31 22:48:03,362][train_tran.train_nn_models] [Training] Epoch=206, loss=1130.4875, nll=1130.4875, l2_reg=0.0000, acc=0.3128
[ 2022-08-31 22:48:03,363][train_tran.train_nn_models] [Validation] Epoch=206, nll=1129.5992, acc=0.3026
[ 2022-08-31 22:48:06,513][train_tran.train_nn_models] [Training] Epoch=207, loss=1120.4863, nll=1120.4863, l2_reg=0.0000, acc=0.3210
[ 2022-08-31 22:48:06,513][train_tran.train_nn_models] [Validation] Epoch=207, nll=1136.1675, acc=0.2910
[ 2022-08-31 22:48:09,666][train_tran.train_nn_models] [Training] Epoch=208, loss=1123.4731, nll=1123.4731, l2_reg=0.0000, acc=0.3187
[ 2022-08-31 22:48:09,667][train_tran.train_nn_models] [Validation] Epoch=208, nll=1148.7992, acc=0.2670
[ 2022-08-31 22:48:12,857][train_tran.train_nn_models] [Training] Epoch=209, loss=1123.7854, nll=1123.7854, l2_reg=0.0000, acc=0.3151
[ 2022-08-31 22:48:12,858][train_tran.train_nn_models] [Validation] Epoch=209, nll=1126.3895, acc=0.2974
[ 2022-08-31 22:48:12,858][train_tran.train_nn_models] Found a better model at epoch 209.
[ 2022-08-31 22:48:16,063][train_tran.train_nn_models] [Training] Epoch=210, loss=1117.9254, nll=1117.9254, l2_reg=0.0000, acc=0.3234
[ 2022-08-31 22:48:16,064][train_tran.train_nn_models] [Validation] Epoch=210, nll=1121.7174, acc=0.3026
[ 2022-08-31 22:48:16,064][train_tran.train_nn_models] Found a better model at epoch 210.
[ 2022-08-31 22:48:19,241][train_tran.train_nn_models] [Training] Epoch=211, loss=1114.2991, nll=1114.2991, l2_reg=0.0000, acc=0.3251
[ 2022-08-31 22:48:19,242][train_tran.train_nn_models] [Validation] Epoch=211, nll=1120.4276, acc=0.3039
[ 2022-08-31 22:48:19,242][train_tran.train_nn_models] Found a better model at epoch 211.
[ 2022-08-31 22:48:22,441][train_tran.train_nn_models] [Training] Epoch=212, loss=1124.4921, nll=1124.4921, l2_reg=0.0000, acc=0.3175
[ 2022-08-31 22:48:22,442][train_tran.train_nn_models] [Validation] Epoch=212, nll=1140.8696, acc=0.2871
[ 2022-08-31 22:48:25,645][train_tran.train_nn_models] [Training] Epoch=213, loss=1133.6405, nll=1133.6405, l2_reg=0.0000, acc=0.3096
[ 2022-08-31 22:48:25,645][train_tran.train_nn_models] [Validation] Epoch=213, nll=1128.6666, acc=0.3032
[ 2022-08-31 22:48:28,817][train_tran.train_nn_models] [Training] Epoch=214, loss=1121.4387, nll=1121.4387, l2_reg=0.0000, acc=0.3207
[ 2022-08-31 22:48:28,818][train_tran.train_nn_models] [Validation] Epoch=214, nll=1120.8973, acc=0.3027
[ 2022-08-31 22:48:31,965][train_tran.train_nn_models] [Training] Epoch=215, loss=1112.2065, nll=1112.2065, l2_reg=0.0000, acc=0.3271
[ 2022-08-31 22:48:31,966][train_tran.train_nn_models] [Validation] Epoch=215, nll=1133.4325, acc=0.2902
[ 2022-08-31 22:48:35,156][train_tran.train_nn_models] [Training] Epoch=216, loss=1117.2262, nll=1117.2262, l2_reg=0.0000, acc=0.3216
[ 2022-08-31 22:48:35,156][train_tran.train_nn_models] [Validation] Epoch=216, nll=1121.2725, acc=0.3030
[ 2022-08-31 22:48:38,357][train_tran.train_nn_models] [Training] Epoch=217, loss=1113.1067, nll=1113.1067, l2_reg=0.0000, acc=0.3256
[ 2022-08-31 22:48:38,358][train_tran.train_nn_models] [Validation] Epoch=217, nll=1118.7003, acc=0.3119
[ 2022-08-31 22:48:38,358][train_tran.train_nn_models] Found a better model at epoch 217.
[ 2022-08-31 22:48:41,562][train_tran.train_nn_models] [Training] Epoch=218, loss=1110.1565, nll=1110.1565, l2_reg=0.0000, acc=0.3281
[ 2022-08-31 22:48:41,562][train_tran.train_nn_models] [Validation] Epoch=218, nll=1125.2784, acc=0.3024
[ 2022-08-31 22:48:44,755][train_tran.train_nn_models] [Training] Epoch=219, loss=1108.4506, nll=1108.4506, l2_reg=0.0000, acc=0.3296
[ 2022-08-31 22:48:44,756][train_tran.train_nn_models] [Validation] Epoch=219, nll=1114.6775, acc=0.3114
[ 2022-08-31 22:48:44,756][train_tran.train_nn_models] Found a better model at epoch 219.
[ 2022-08-31 22:48:48,005][train_tran.train_nn_models] [Training] Epoch=220, loss=1107.0936, nll=1107.0936, l2_reg=0.0000, acc=0.3320
[ 2022-08-31 22:48:48,005][train_tran.train_nn_models] [Validation] Epoch=220, nll=1134.2664, acc=0.2864
[ 2022-08-31 22:48:51,230][train_tran.train_nn_models] [Training] Epoch=221, loss=1120.8002, nll=1120.8002, l2_reg=0.0000, acc=0.3195
[ 2022-08-31 22:48:51,231][train_tran.train_nn_models] [Validation] Epoch=221, nll=1117.8848, acc=0.3041
[ 2022-08-31 22:48:54,455][train_tran.train_nn_models] [Training] Epoch=222, loss=1108.9219, nll=1108.9219, l2_reg=0.0000, acc=0.3311
[ 2022-08-31 22:48:54,456][train_tran.train_nn_models] [Validation] Epoch=222, nll=1113.3253, acc=0.3128
[ 2022-08-31 22:48:54,456][train_tran.train_nn_models] Found a better model at epoch 222.
[ 2022-08-31 22:48:57,654][train_tran.train_nn_models] [Training] Epoch=223, loss=1104.4462, nll=1104.4462, l2_reg=0.0000, acc=0.3343
[ 2022-08-31 22:48:57,654][train_tran.train_nn_models] [Validation] Epoch=223, nll=1112.8246, acc=0.3168
[ 2022-08-31 22:48:57,654][train_tran.train_nn_models] Found a better model at epoch 223.
[ 2022-08-31 22:49:00,856][train_tran.train_nn_models] [Training] Epoch=224, loss=1104.3158, nll=1104.3158, l2_reg=0.0000, acc=0.3348
[ 2022-08-31 22:49:00,856][train_tran.train_nn_models] [Validation] Epoch=224, nll=1117.5823, acc=0.3057
[ 2022-08-31 22:49:04,044][train_tran.train_nn_models] [Training] Epoch=225, loss=1103.0576, nll=1103.0576, l2_reg=0.0000, acc=0.3347
[ 2022-08-31 22:49:04,044][train_tran.train_nn_models] [Validation] Epoch=225, nll=1107.7064, acc=0.3154
[ 2022-08-31 22:49:04,044][train_tran.train_nn_models] Found a better model at epoch 225.
[ 2022-08-31 22:49:07,258][train_tran.train_nn_models] [Training] Epoch=226, loss=1096.4467, nll=1096.4467, l2_reg=0.0000, acc=0.3398
[ 2022-08-31 22:49:07,259][train_tran.train_nn_models] [Validation] Epoch=226, nll=1110.2767, acc=0.3102
[ 2022-08-31 22:49:10,453][train_tran.train_nn_models] [Training] Epoch=227, loss=1115.0184, nll=1115.0184, l2_reg=0.0000, acc=0.3243
[ 2022-08-31 22:49:10,454][train_tran.train_nn_models] [Validation] Epoch=227, nll=1108.2417, acc=0.3123
[ 2022-08-31 22:49:13,638][train_tran.train_nn_models] [Training] Epoch=228, loss=1103.1296, nll=1103.1296, l2_reg=0.0000, acc=0.3336
[ 2022-08-31 22:49:13,639][train_tran.train_nn_models] [Validation] Epoch=228, nll=1108.2958, acc=0.3205
[ 2022-08-31 22:49:16,850][train_tran.train_nn_models] [Training] Epoch=229, loss=1099.2844, nll=1099.2844, l2_reg=0.0000, acc=0.3386
[ 2022-08-31 22:49:16,850][train_tran.train_nn_models] [Validation] Epoch=229, nll=1106.5242, acc=0.3135
[ 2022-08-31 22:49:16,850][train_tran.train_nn_models] Found a better model at epoch 229.
[ 2022-08-31 22:49:20,075][train_tran.train_nn_models] [Training] Epoch=230, loss=1115.5791, nll=1115.5791, l2_reg=0.0000, acc=0.3260
[ 2022-08-31 22:49:20,075][train_tran.train_nn_models] [Validation] Epoch=230, nll=1116.7684, acc=0.3090
[ 2022-08-31 22:49:23,290][train_tran.train_nn_models] [Training] Epoch=231, loss=1103.7725, nll=1103.7725, l2_reg=0.0000, acc=0.3321
[ 2022-08-31 22:49:23,291][train_tran.train_nn_models] [Validation] Epoch=231, nll=1102.0802, acc=0.3217
[ 2022-08-31 22:49:23,291][train_tran.train_nn_models] Found a better model at epoch 231.
[ 2022-08-31 22:49:26,500][train_tran.train_nn_models] [Training] Epoch=232, loss=1094.2466, nll=1094.2466, l2_reg=0.0000, acc=0.3425
[ 2022-08-31 22:49:26,501][train_tran.train_nn_models] [Validation] Epoch=232, nll=1111.6365, acc=0.3108
[ 2022-08-31 22:49:29,672][train_tran.train_nn_models] [Training] Epoch=233, loss=1097.5303, nll=1097.5303, l2_reg=0.0000, acc=0.3392
[ 2022-08-31 22:49:29,672][train_tran.train_nn_models] [Validation] Epoch=233, nll=1100.2184, acc=0.3200
[ 2022-08-31 22:49:29,672][train_tran.train_nn_models] Found a better model at epoch 233.
[ 2022-08-31 22:49:32,823][train_tran.train_nn_models] [Training] Epoch=234, loss=1094.3176, nll=1094.3176, l2_reg=0.0000, acc=0.3412
[ 2022-08-31 22:49:32,823][train_tran.train_nn_models] [Validation] Epoch=234, nll=1102.3776, acc=0.3238
[ 2022-08-31 22:49:35,950][train_tran.train_nn_models] [Training] Epoch=235, loss=1096.1619, nll=1096.1619, l2_reg=0.0000, acc=0.3389
[ 2022-08-31 22:49:35,951][train_tran.train_nn_models] [Validation] Epoch=235, nll=1104.9767, acc=0.3163
[ 2022-08-31 22:49:39,097][train_tran.train_nn_models] [Training] Epoch=236, loss=1095.7341, nll=1095.7341, l2_reg=0.0000, acc=0.3403
[ 2022-08-31 22:49:39,098][train_tran.train_nn_models] [Validation] Epoch=236, nll=1099.5286, acc=0.3210
[ 2022-08-31 22:49:39,098][train_tran.train_nn_models] Found a better model at epoch 236.
[ 2022-08-31 22:49:42,234][train_tran.train_nn_models] [Training] Epoch=237, loss=1093.2649, nll=1093.2649, l2_reg=0.0000, acc=0.3423
[ 2022-08-31 22:49:42,234][train_tran.train_nn_models] [Validation] Epoch=237, nll=1107.0194, acc=0.3150
[ 2022-08-31 22:49:45,333][train_tran.train_nn_models] [Training] Epoch=238, loss=1101.0334, nll=1101.0334, l2_reg=0.0000, acc=0.3357
[ 2022-08-31 22:49:45,333][train_tran.train_nn_models] [Validation] Epoch=238, nll=1100.8251, acc=0.3207
[ 2022-08-31 22:49:48,467][train_tran.train_nn_models] [Training] Epoch=239, loss=1093.4054, nll=1093.4054, l2_reg=0.0000, acc=0.3413
[ 2022-08-31 22:49:48,467][train_tran.train_nn_models] [Validation] Epoch=239, nll=1092.5400, acc=0.3331
[ 2022-08-31 22:49:48,468][train_tran.train_nn_models] Found a better model at epoch 239.
[ 2022-08-31 22:49:51,616][train_tran.train_nn_models] [Training] Epoch=240, loss=1087.8519, nll=1087.8519, l2_reg=0.0000, acc=0.3471
[ 2022-08-31 22:49:51,616][train_tran.train_nn_models] [Validation] Epoch=240, nll=1094.5664, acc=0.3297
[ 2022-08-31 22:49:54,744][train_tran.train_nn_models] [Training] Epoch=241, loss=1100.9579, nll=1100.9579, l2_reg=0.0000, acc=0.3374
[ 2022-08-31 22:49:54,744][train_tran.train_nn_models] [Validation] Epoch=241, nll=1095.7095, acc=0.3241
[ 2022-08-31 22:49:57,869][train_tran.train_nn_models] [Training] Epoch=242, loss=1089.4663, nll=1089.4663, l2_reg=0.0000, acc=0.3451
[ 2022-08-31 22:49:57,869][train_tran.train_nn_models] [Validation] Epoch=242, nll=1090.1726, acc=0.3345
[ 2022-08-31 22:49:57,869][train_tran.train_nn_models] Found a better model at epoch 242.
[ 2022-08-31 22:50:01,037][train_tran.train_nn_models] [Training] Epoch=243, loss=1087.8528, nll=1087.8528, l2_reg=0.0000, acc=0.3486
[ 2022-08-31 22:50:01,038][train_tran.train_nn_models] [Validation] Epoch=243, nll=1128.6204, acc=0.2919
[ 2022-08-31 22:50:04,163][train_tran.train_nn_models] [Training] Epoch=244, loss=1099.1575, nll=1099.1575, l2_reg=0.0000, acc=0.3360
[ 2022-08-31 22:50:04,164][train_tran.train_nn_models] [Validation] Epoch=244, nll=1101.4156, acc=0.3223
[ 2022-08-31 22:50:07,277][train_tran.train_nn_models] [Training] Epoch=245, loss=1092.2010, nll=1092.2010, l2_reg=0.0000, acc=0.3439
[ 2022-08-31 22:50:07,277][train_tran.train_nn_models] [Validation] Epoch=245, nll=1087.9023, acc=0.3318
[ 2022-08-31 22:50:07,277][train_tran.train_nn_models] Found a better model at epoch 245.
[ 2022-08-31 22:50:10,407][train_tran.train_nn_models] [Training] Epoch=246, loss=1083.5399, nll=1083.5399, l2_reg=0.0000, acc=0.3493
[ 2022-08-31 22:50:10,408][train_tran.train_nn_models] [Validation] Epoch=246, nll=1093.6514, acc=0.3266
[ 2022-08-31 22:50:13,538][train_tran.train_nn_models] [Training] Epoch=247, loss=1086.0790, nll=1086.0790, l2_reg=0.0000, acc=0.3478
[ 2022-08-31 22:50:13,538][train_tran.train_nn_models] [Validation] Epoch=247, nll=1110.8461, acc=0.3209
[ 2022-08-31 22:50:16,661][train_tran.train_nn_models] [Training] Epoch=248, loss=1099.9783, nll=1099.9783, l2_reg=0.0000, acc=0.3362
[ 2022-08-31 22:50:16,662][train_tran.train_nn_models] [Validation] Epoch=248, nll=1109.1829, acc=0.3134
[ 2022-08-31 22:50:19,796][train_tran.train_nn_models] [Training] Epoch=249, loss=1096.5789, nll=1096.5789, l2_reg=0.0000, acc=0.3402
[ 2022-08-31 22:50:19,797][train_tran.train_nn_models] [Validation] Epoch=249, nll=1091.4023, acc=0.3367
[ 2022-08-31 22:50:20,127][train_tran.eval_nll] [Test]nll=1107.7676, acc=0.3224
[ 2022-08-31 23:24:20,917][train_tran.<module>]                    timestamp  ...                                             config
0 2022-08-31 23:24:20.899311  ...  {'model': 'Tran', 'dataset': 'pgem-1K-15', 'in...
1 2022-08-31 23:24:20.899311  ...  {'model': 'Tran', 'dataset': 'pgem-1K-15', 'in...
2 2022-08-31 23:24:20.899311  ...  {'model': 'Tran', 'dataset': 'pgem-1K-15', 'in...
3 2022-08-31 23:24:20.899311  ...  {'model': 'Tran', 'dataset': 'pgem-1K-15', 'in...
4 2022-08-31 23:24:20.899311  ...  {'model': 'Tran', 'dataset': 'pgem-1K-15', 'in...
5 2022-08-31 23:24:20.899311  ...  {'model': 'Tran', 'dataset': 'pgem-1K-15', 'in...

[6 rows x 7 columns]
