[ 2022-08-31 14:16:47,989][train_tran.<module>] Namespace(attr_batch_size=0, basis_type='dyadic', batch_size=64, bucket_seqs=False, cuda=True, dataset='mhp-1K-10', dropout=0.0, embedding_dim=64, epochs=250, hidden_size=64, input_dir='data/input', l2_reg=0, lr=0.0008, max_mean=100, model='Tran', n_bases=7, num_workers=0, occurred_type_only=False, optimizer='Adam', output_dir='data/output', rand_seed=1, skip_eval_infectivity=False, skip_pred_next_event=False, split_id=4, steps=50, tran_head=1, tran_layer=2, tune_metric='nll', verbose=False)
[ 2022-08-31 14:17:07,043][train_tran.train_nn_models] [Training] Epoch=0, loss=35379.8164, nll=35379.8164, l2_reg=0.0000, acc=0.1182
[ 2022-08-31 14:17:07,044][train_tran.train_nn_models] [Validation] Epoch=0, nll=16903.6934, acc=0.1021
[ 2022-08-31 14:17:19,979][train_tran.train_nn_models] [Training] Epoch=1, loss=10473.3535, nll=10473.3535, l2_reg=0.0000, acc=0.1075
[ 2022-08-31 14:17:19,979][train_tran.train_nn_models] [Validation] Epoch=1, nll=4403.7944, acc=0.1123
[ 2022-08-31 14:17:33,534][train_tran.train_nn_models] [Training] Epoch=2, loss=3315.6926, nll=3315.6926, l2_reg=0.0000, acc=0.1133
[ 2022-08-31 14:17:33,534][train_tran.train_nn_models] [Validation] Epoch=2, nll=2646.8687, acc=0.1115
[ 2022-08-31 14:17:46,624][train_tran.train_nn_models] [Training] Epoch=3, loss=2663.2119, nll=2663.2119, l2_reg=0.0000, acc=0.1168
[ 2022-08-31 14:17:46,625][train_tran.train_nn_models] [Validation] Epoch=3, nll=2658.2979, acc=0.1237
[ 2022-08-31 14:17:59,371][train_tran.train_nn_models] [Training] Epoch=4, loss=2661.1021, nll=2661.1021, l2_reg=0.0000, acc=0.1520
[ 2022-08-31 14:17:59,372][train_tran.train_nn_models] [Validation] Epoch=4, nll=2600.5615, acc=0.1709
[ 2022-08-31 14:18:13,006][train_tran.train_nn_models] [Training] Epoch=5, loss=2592.7671, nll=2592.7671, l2_reg=0.0000, acc=0.1734
[ 2022-08-31 14:18:13,007][train_tran.train_nn_models] [Validation] Epoch=5, nll=2541.1284, acc=0.1809
[ 2022-08-31 14:18:25,983][train_tran.train_nn_models] [Training] Epoch=6, loss=2560.2271, nll=2560.2271, l2_reg=0.0000, acc=0.1832
[ 2022-08-31 14:18:25,984][train_tran.train_nn_models] [Validation] Epoch=6, nll=2528.1570, acc=0.1930
[ 2022-08-31 14:18:39,451][train_tran.train_nn_models] [Training] Epoch=7, loss=2552.9414, nll=2552.9414, l2_reg=0.0000, acc=0.1895
[ 2022-08-31 14:18:39,452][train_tran.train_nn_models] [Validation] Epoch=7, nll=2522.4822, acc=0.1923
[ 2022-08-31 14:18:51,925][train_tran.train_nn_models] [Training] Epoch=8, loss=2548.1221, nll=2548.1221, l2_reg=0.0000, acc=0.1893
[ 2022-08-31 14:18:51,925][train_tran.train_nn_models] [Validation] Epoch=8, nll=2519.5576, acc=0.1923
[ 2022-08-31 14:19:04,675][train_tran.train_nn_models] [Training] Epoch=9, loss=2545.3640, nll=2545.3640, l2_reg=0.0000, acc=0.1888
[ 2022-08-31 14:19:04,675][train_tran.train_nn_models] [Validation] Epoch=9, nll=2517.1350, acc=0.1920
[ 2022-08-31 14:19:17,546][train_tran.train_nn_models] [Training] Epoch=10, loss=2543.1309, nll=2543.1309, l2_reg=0.0000, acc=0.1881
[ 2022-08-31 14:19:17,546][train_tran.train_nn_models] [Validation] Epoch=10, nll=2515.0171, acc=0.1924
[ 2022-08-31 14:19:30,601][train_tran.train_nn_models] [Training] Epoch=11, loss=2541.2844, nll=2541.2844, l2_reg=0.0000, acc=0.1892
[ 2022-08-31 14:19:30,602][train_tran.train_nn_models] [Validation] Epoch=11, nll=2513.3708, acc=0.1934
[ 2022-08-31 14:19:44,410][train_tran.train_nn_models] [Training] Epoch=12, loss=2539.7437, nll=2539.7437, l2_reg=0.0000, acc=0.1908
[ 2022-08-31 14:19:44,411][train_tran.train_nn_models] [Validation] Epoch=12, nll=2511.9795, acc=0.1938
[ 2022-08-31 14:19:57,327][train_tran.train_nn_models] [Training] Epoch=13, loss=2538.4133, nll=2538.4133, l2_reg=0.0000, acc=0.1913
[ 2022-08-31 14:19:57,327][train_tran.train_nn_models] [Validation] Epoch=13, nll=2510.7063, acc=0.1940
[ 2022-08-31 14:20:10,542][train_tran.train_nn_models] [Training] Epoch=14, loss=2537.2373, nll=2537.2373, l2_reg=0.0000, acc=0.1916
[ 2022-08-31 14:20:10,545][train_tran.train_nn_models] [Validation] Epoch=14, nll=2509.5640, acc=0.1949
[ 2022-08-31 14:20:24,475][train_tran.train_nn_models] [Training] Epoch=15, loss=2536.1936, nll=2536.1936, l2_reg=0.0000, acc=0.1921
[ 2022-08-31 14:20:24,475][train_tran.train_nn_models] [Validation] Epoch=15, nll=2508.5676, acc=0.1958
[ 2022-08-31 14:20:37,366][train_tran.train_nn_models] [Training] Epoch=16, loss=2535.2712, nll=2535.2712, l2_reg=0.0000, acc=0.1928
[ 2022-08-31 14:20:37,367][train_tran.train_nn_models] [Validation] Epoch=16, nll=2507.6953, acc=0.1960
[ 2022-08-31 14:20:49,987][train_tran.train_nn_models] [Training] Epoch=17, loss=2534.4531, nll=2534.4531, l2_reg=0.0000, acc=0.1929
[ 2022-08-31 14:20:49,988][train_tran.train_nn_models] [Validation] Epoch=17, nll=2506.9250, acc=0.1964
[ 2022-08-31 14:21:03,229][train_tran.train_nn_models] [Training] Epoch=18, loss=2533.7170, nll=2533.7170, l2_reg=0.0000, acc=0.1928
[ 2022-08-31 14:21:03,230][train_tran.train_nn_models] [Validation] Epoch=18, nll=2506.2346, acc=0.1968
[ 2022-08-31 14:21:16,422][train_tran.train_nn_models] [Training] Epoch=19, loss=2533.0410, nll=2533.0410, l2_reg=0.0000, acc=0.1928
[ 2022-08-31 14:21:16,423][train_tran.train_nn_models] [Validation] Epoch=19, nll=2505.6018, acc=0.1971
[ 2022-08-31 14:21:29,659][train_tran.train_nn_models] [Training] Epoch=20, loss=2532.4136, nll=2532.4136, l2_reg=0.0000, acc=0.1928
[ 2022-08-31 14:21:29,659][train_tran.train_nn_models] [Validation] Epoch=20, nll=2505.0181, acc=0.1975
[ 2022-08-31 14:21:43,018][train_tran.train_nn_models] [Training] Epoch=21, loss=2531.8286, nll=2531.8286, l2_reg=0.0000, acc=0.1928
[ 2022-08-31 14:21:43,018][train_tran.train_nn_models] [Validation] Epoch=21, nll=2504.4766, acc=0.1974
[ 2022-08-31 14:21:56,052][train_tran.train_nn_models] [Training] Epoch=22, loss=2531.2688, nll=2531.2688, l2_reg=0.0000, acc=0.1928
[ 2022-08-31 14:21:56,053][train_tran.train_nn_models] [Validation] Epoch=22, nll=2503.9568, acc=0.1975
[ 2022-08-31 14:22:09,144][train_tran.train_nn_models] [Training] Epoch=23, loss=2530.7192, nll=2530.7192, l2_reg=0.0000, acc=0.1930
[ 2022-08-31 14:22:09,144][train_tran.train_nn_models] [Validation] Epoch=23, nll=2503.4460, acc=0.1976
[ 2022-08-31 14:22:22,546][train_tran.train_nn_models] [Training] Epoch=24, loss=2530.1792, nll=2530.1792, l2_reg=0.0000, acc=0.1930
[ 2022-08-31 14:22:22,547][train_tran.train_nn_models] [Validation] Epoch=24, nll=2502.9451, acc=0.1974
[ 2022-08-31 14:22:35,625][train_tran.train_nn_models] [Training] Epoch=25, loss=2529.6460, nll=2529.6460, l2_reg=0.0000, acc=0.1931
[ 2022-08-31 14:22:35,625][train_tran.train_nn_models] [Validation] Epoch=25, nll=2502.4497, acc=0.1975
[ 2022-08-31 14:22:48,797][train_tran.train_nn_models] [Training] Epoch=26, loss=2529.1130, nll=2529.1130, l2_reg=0.0000, acc=0.1931
[ 2022-08-31 14:22:48,798][train_tran.train_nn_models] [Validation] Epoch=26, nll=2501.9553, acc=0.1974
[ 2022-08-31 14:23:02,161][train_tran.train_nn_models] [Training] Epoch=27, loss=2528.5754, nll=2528.5754, l2_reg=0.0000, acc=0.1932
[ 2022-08-31 14:23:02,161][train_tran.train_nn_models] [Validation] Epoch=27, nll=2501.4561, acc=0.1973
[ 2022-08-31 14:23:15,336][train_tran.train_nn_models] [Training] Epoch=28, loss=2528.0283, nll=2528.0283, l2_reg=0.0000, acc=0.1933
[ 2022-08-31 14:23:15,337][train_tran.train_nn_models] [Validation] Epoch=28, nll=2500.9490, acc=0.1976
[ 2022-08-31 14:23:29,261][train_tran.train_nn_models] [Training] Epoch=29, loss=2527.4670, nll=2527.4670, l2_reg=0.0000, acc=0.1935
[ 2022-08-31 14:23:29,261][train_tran.train_nn_models] [Validation] Epoch=29, nll=2500.4280, acc=0.1978
[ 2022-08-31 14:23:41,640][train_tran.train_nn_models] [Training] Epoch=30, loss=2526.8860, nll=2526.8860, l2_reg=0.0000, acc=0.1936
[ 2022-08-31 14:23:41,640][train_tran.train_nn_models] [Validation] Epoch=30, nll=2499.8848, acc=0.1980
[ 2022-08-31 14:23:54,048][train_tran.train_nn_models] [Training] Epoch=31, loss=2526.2810, nll=2526.2810, l2_reg=0.0000, acc=0.1937
[ 2022-08-31 14:23:54,048][train_tran.train_nn_models] [Validation] Epoch=31, nll=2499.3125, acc=0.1979
[ 2022-08-31 14:24:07,325][train_tran.train_nn_models] [Training] Epoch=32, loss=2525.6411, nll=2525.6411, l2_reg=0.0000, acc=0.1937
[ 2022-08-31 14:24:07,326][train_tran.train_nn_models] [Validation] Epoch=32, nll=2498.6472, acc=0.1977
[ 2022-08-31 14:24:20,121][train_tran.train_nn_models] [Training] Epoch=33, loss=2524.9324, nll=2524.9324, l2_reg=0.0000, acc=0.1940
[ 2022-08-31 14:24:20,122][train_tran.train_nn_models] [Validation] Epoch=33, nll=2498.0078, acc=0.1980
[ 2022-08-31 14:24:34,094][train_tran.train_nn_models] [Training] Epoch=34, loss=2524.2266, nll=2524.2266, l2_reg=0.0000, acc=0.1939
[ 2022-08-31 14:24:34,094][train_tran.train_nn_models] [Validation] Epoch=34, nll=2497.2515, acc=0.1980
[ 2022-08-31 14:24:47,462][train_tran.train_nn_models] [Training] Epoch=35, loss=2523.4873, nll=2523.4873, l2_reg=0.0000, acc=0.1938
[ 2022-08-31 14:24:47,462][train_tran.train_nn_models] [Validation] Epoch=35, nll=2496.5369, acc=0.1979
[ 2022-08-31 14:25:00,502][train_tran.train_nn_models] [Training] Epoch=36, loss=2522.7546, nll=2522.7546, l2_reg=0.0000, acc=0.1939
[ 2022-08-31 14:25:00,503][train_tran.train_nn_models] [Validation] Epoch=36, nll=2495.7471, acc=0.1981
[ 2022-08-31 14:25:13,522][train_tran.train_nn_models] [Training] Epoch=37, loss=2522.0205, nll=2522.0205, l2_reg=0.0000, acc=0.1940
[ 2022-08-31 14:25:13,523][train_tran.train_nn_models] [Validation] Epoch=37, nll=2494.9854, acc=0.1980
[ 2022-08-31 14:25:25,771][train_tran.train_nn_models] [Training] Epoch=38, loss=2521.3125, nll=2521.3125, l2_reg=0.0000, acc=0.1939
[ 2022-08-31 14:25:25,772][train_tran.train_nn_models] [Validation] Epoch=38, nll=2494.1929, acc=0.1981
[ 2022-08-31 14:25:38,630][train_tran.train_nn_models] [Training] Epoch=39, loss=2520.6177, nll=2520.6177, l2_reg=0.0000, acc=0.1941
[ 2022-08-31 14:25:38,631][train_tran.train_nn_models] [Validation] Epoch=39, nll=2493.4133, acc=0.1983
[ 2022-08-31 14:25:51,690][train_tran.train_nn_models] [Training] Epoch=40, loss=2519.9402, nll=2519.9402, l2_reg=0.0000, acc=0.1940
[ 2022-08-31 14:25:51,691][train_tran.train_nn_models] [Validation] Epoch=40, nll=2492.6377, acc=0.1985
[ 2022-08-31 14:26:04,646][train_tran.train_nn_models] [Training] Epoch=41, loss=2519.2744, nll=2519.2744, l2_reg=0.0000, acc=0.1942
[ 2022-08-31 14:26:04,647][train_tran.train_nn_models] [Validation] Epoch=41, nll=2491.8708, acc=0.1987
[ 2022-08-31 14:26:17,678][train_tran.train_nn_models] [Training] Epoch=42, loss=2518.6106, nll=2518.6106, l2_reg=0.0000, acc=0.1942
[ 2022-08-31 14:26:17,679][train_tran.train_nn_models] [Validation] Epoch=42, nll=2491.1001, acc=0.1987
[ 2022-08-31 14:26:31,180][train_tran.train_nn_models] [Training] Epoch=43, loss=2517.9268, nll=2517.9268, l2_reg=0.0000, acc=0.1944
[ 2022-08-31 14:26:31,180][train_tran.train_nn_models] [Validation] Epoch=43, nll=2490.2585, acc=0.1991
[ 2022-08-31 14:26:44,480][train_tran.train_nn_models] [Training] Epoch=44, loss=2517.1887, nll=2517.1887, l2_reg=0.0000, acc=0.1946
[ 2022-08-31 14:26:44,480][train_tran.train_nn_models] [Validation] Epoch=44, nll=2489.5461, acc=0.1992
[ 2022-08-31 14:26:57,578][train_tran.train_nn_models] [Training] Epoch=45, loss=2516.5430, nll=2516.5430, l2_reg=0.0000, acc=0.1946
[ 2022-08-31 14:26:57,578][train_tran.train_nn_models] [Validation] Epoch=45, nll=2488.8391, acc=0.1992
[ 2022-08-31 14:27:10,777][train_tran.train_nn_models] [Training] Epoch=46, loss=2515.9167, nll=2515.9167, l2_reg=0.0000, acc=0.1947
[ 2022-08-31 14:27:10,777][train_tran.train_nn_models] [Validation] Epoch=46, nll=2488.1418, acc=0.1995
[ 2022-08-31 14:27:24,287][train_tran.train_nn_models] [Training] Epoch=47, loss=2515.3018, nll=2515.3018, l2_reg=0.0000, acc=0.1947
[ 2022-08-31 14:27:24,288][train_tran.train_nn_models] [Validation] Epoch=47, nll=2487.4885, acc=0.1998
[ 2022-08-31 14:27:37,486][train_tran.train_nn_models] [Training] Epoch=48, loss=2514.7014, nll=2514.7014, l2_reg=0.0000, acc=0.1949
[ 2022-08-31 14:27:37,486][train_tran.train_nn_models] [Validation] Epoch=48, nll=2486.8647, acc=0.1999
[ 2022-08-31 14:27:49,947][train_tran.train_nn_models] [Training] Epoch=49, loss=2514.1133, nll=2514.1133, l2_reg=0.0000, acc=0.1950
[ 2022-08-31 14:27:49,948][train_tran.train_nn_models] [Validation] Epoch=49, nll=2486.2668, acc=0.2000
[ 2022-08-31 14:28:02,946][train_tran.train_nn_models] [Training] Epoch=50, loss=2513.5381, nll=2513.5381, l2_reg=0.0000, acc=0.1953
[ 2022-08-31 14:28:02,947][train_tran.train_nn_models] [Validation] Epoch=50, nll=2485.6929, acc=0.2004
[ 2022-08-31 14:28:15,746][train_tran.train_nn_models] [Training] Epoch=51, loss=2512.9724, nll=2512.9724, l2_reg=0.0000, acc=0.1955
[ 2022-08-31 14:28:15,747][train_tran.train_nn_models] [Validation] Epoch=51, nll=2485.1504, acc=0.2008
[ 2022-08-31 14:28:29,252][train_tran.train_nn_models] [Training] Epoch=52, loss=2512.4182, nll=2512.4182, l2_reg=0.0000, acc=0.1958
[ 2022-08-31 14:28:29,252][train_tran.train_nn_models] [Validation] Epoch=52, nll=2484.6272, acc=0.2014
[ 2022-08-31 14:28:43,062][train_tran.train_nn_models] [Training] Epoch=53, loss=2511.8640, nll=2511.8640, l2_reg=0.0000, acc=0.1962
[ 2022-08-31 14:28:43,063][train_tran.train_nn_models] [Validation] Epoch=53, nll=2484.1328, acc=0.2015
[ 2022-08-31 14:28:56,227][train_tran.train_nn_models] [Training] Epoch=54, loss=2511.3218, nll=2511.3218, l2_reg=0.0000, acc=0.1965
[ 2022-08-31 14:28:56,228][train_tran.train_nn_models] [Validation] Epoch=54, nll=2483.6648, acc=0.2014
[ 2022-08-31 14:29:09,334][train_tran.train_nn_models] [Training] Epoch=55, loss=2510.7854, nll=2510.7854, l2_reg=0.0000, acc=0.1967
[ 2022-08-31 14:29:09,334][train_tran.train_nn_models] [Validation] Epoch=55, nll=2483.2051, acc=0.2018
[ 2022-08-31 14:29:22,258][train_tran.train_nn_models] [Training] Epoch=56, loss=2510.2483, nll=2510.2483, l2_reg=0.0000, acc=0.1970
[ 2022-08-31 14:29:22,259][train_tran.train_nn_models] [Validation] Epoch=56, nll=2482.7485, acc=0.2022
[ 2022-08-31 14:29:35,082][train_tran.train_nn_models] [Training] Epoch=57, loss=2509.7102, nll=2509.7102, l2_reg=0.0000, acc=0.1973
[ 2022-08-31 14:29:35,083][train_tran.train_nn_models] [Validation] Epoch=57, nll=2482.2891, acc=0.2022
[ 2022-08-31 14:29:48,743][train_tran.train_nn_models] [Training] Epoch=58, loss=2509.1655, nll=2509.1655, l2_reg=0.0000, acc=0.1976
[ 2022-08-31 14:29:48,744][train_tran.train_nn_models] [Validation] Epoch=58, nll=2481.8108, acc=0.2027
[ 2022-08-31 14:30:02,795][train_tran.train_nn_models] [Training] Epoch=59, loss=2508.6094, nll=2508.6094, l2_reg=0.0000, acc=0.1981
[ 2022-08-31 14:30:02,795][train_tran.train_nn_models] [Validation] Epoch=59, nll=2481.2991, acc=0.2027
[ 2022-08-31 14:30:16,037][train_tran.train_nn_models] [Training] Epoch=60, loss=2508.0413, nll=2508.0413, l2_reg=0.0000, acc=0.1982
[ 2022-08-31 14:30:16,037][train_tran.train_nn_models] [Validation] Epoch=60, nll=2480.7461, acc=0.2027
[ 2022-08-31 14:30:29,189][train_tran.train_nn_models] [Training] Epoch=61, loss=2507.4617, nll=2507.4617, l2_reg=0.0000, acc=0.1985
[ 2022-08-31 14:30:29,189][train_tran.train_nn_models] [Validation] Epoch=61, nll=2480.1394, acc=0.2027
[ 2022-08-31 14:30:42,171][train_tran.train_nn_models] [Training] Epoch=62, loss=2506.8677, nll=2506.8677, l2_reg=0.0000, acc=0.1988
[ 2022-08-31 14:30:42,171][train_tran.train_nn_models] [Validation] Epoch=62, nll=2479.4817, acc=0.2028
[ 2022-08-31 14:30:55,853][train_tran.train_nn_models] [Training] Epoch=63, loss=2506.2585, nll=2506.2585, l2_reg=0.0000, acc=0.1991
[ 2022-08-31 14:30:55,853][train_tran.train_nn_models] [Validation] Epoch=63, nll=2478.7842, acc=0.2026
[ 2022-08-31 14:31:09,797][train_tran.train_nn_models] [Training] Epoch=64, loss=2505.6367, nll=2505.6367, l2_reg=0.0000, acc=0.1992
[ 2022-08-31 14:31:09,797][train_tran.train_nn_models] [Validation] Epoch=64, nll=2478.0647, acc=0.2024
[ 2022-08-31 14:31:22,903][train_tran.train_nn_models] [Training] Epoch=65, loss=2505.0034, nll=2505.0034, l2_reg=0.0000, acc=0.1994
[ 2022-08-31 14:31:22,903][train_tran.train_nn_models] [Validation] Epoch=65, nll=2477.3479, acc=0.2027
[ 2022-08-31 14:31:36,568][train_tran.train_nn_models] [Training] Epoch=66, loss=2504.3623, nll=2504.3623, l2_reg=0.0000, acc=0.1995
[ 2022-08-31 14:31:36,569][train_tran.train_nn_models] [Validation] Epoch=66, nll=2476.6484, acc=0.2033
[ 2022-08-31 14:31:49,690][train_tran.train_nn_models] [Training] Epoch=67, loss=2503.7139, nll=2503.7139, l2_reg=0.0000, acc=0.1998
[ 2022-08-31 14:31:49,690][train_tran.train_nn_models] [Validation] Epoch=67, nll=2475.9600, acc=0.2035
[ 2022-08-31 14:32:02,423][train_tran.train_nn_models] [Training] Epoch=68, loss=2503.0569, nll=2503.0569, l2_reg=0.0000, acc=0.2000
[ 2022-08-31 14:32:02,423][train_tran.train_nn_models] [Validation] Epoch=68, nll=2475.2793, acc=0.2035
[ 2022-08-31 14:32:16,250][train_tran.train_nn_models] [Training] Epoch=69, loss=2502.3865, nll=2502.3865, l2_reg=0.0000, acc=0.2005
[ 2022-08-31 14:32:16,251][train_tran.train_nn_models] [Validation] Epoch=69, nll=2474.5881, acc=0.2040
[ 2022-08-31 14:32:28,292][train_tran.train_nn_models] [Training] Epoch=70, loss=2501.6963, nll=2501.6963, l2_reg=0.0000, acc=0.2009
[ 2022-08-31 14:32:28,292][train_tran.train_nn_models] [Validation] Epoch=70, nll=2473.8804, acc=0.2048
[ 2022-08-31 14:32:40,775][train_tran.train_nn_models] [Training] Epoch=71, loss=2500.9846, nll=2500.9846, l2_reg=0.0000, acc=0.2012
[ 2022-08-31 14:32:40,776][train_tran.train_nn_models] [Validation] Epoch=71, nll=2473.1648, acc=0.2047
[ 2022-08-31 14:32:54,054][train_tran.train_nn_models] [Training] Epoch=72, loss=2500.2493, nll=2500.2493, l2_reg=0.0000, acc=0.2017
[ 2022-08-31 14:32:54,054][train_tran.train_nn_models] [Validation] Epoch=72, nll=2472.4238, acc=0.2049
[ 2022-08-31 14:33:07,436][train_tran.train_nn_models] [Training] Epoch=73, loss=2499.4802, nll=2499.4802, l2_reg=0.0000, acc=0.2022
[ 2022-08-31 14:33:07,437][train_tran.train_nn_models] [Validation] Epoch=73, nll=2471.6362, acc=0.2059
[ 2022-08-31 14:33:20,550][train_tran.train_nn_models] [Training] Epoch=74, loss=2498.6650, nll=2498.6650, l2_reg=0.0000, acc=0.2028
[ 2022-08-31 14:33:20,551][train_tran.train_nn_models] [Validation] Epoch=74, nll=2470.8059, acc=0.2057
[ 2022-08-31 14:33:33,240][train_tran.train_nn_models] [Training] Epoch=75, loss=2497.7927, nll=2497.7927, l2_reg=0.0000, acc=0.2034
[ 2022-08-31 14:33:33,240][train_tran.train_nn_models] [Validation] Epoch=75, nll=2469.9065, acc=0.2060
[ 2022-08-31 14:33:46,359][train_tran.train_nn_models] [Training] Epoch=76, loss=2496.8479, nll=2496.8479, l2_reg=0.0000, acc=0.2039
[ 2022-08-31 14:33:46,359][train_tran.train_nn_models] [Validation] Epoch=76, nll=2468.9253, acc=0.2065
[ 2022-08-31 14:33:59,151][train_tran.train_nn_models] [Training] Epoch=77, loss=2495.8276, nll=2495.8276, l2_reg=0.0000, acc=0.2045
[ 2022-08-31 14:33:59,152][train_tran.train_nn_models] [Validation] Epoch=77, nll=2467.8743, acc=0.2067
[ 2022-08-31 14:34:11,371][train_tran.train_nn_models] [Training] Epoch=78, loss=2494.7263, nll=2494.7263, l2_reg=0.0000, acc=0.2050
[ 2022-08-31 14:34:11,371][train_tran.train_nn_models] [Validation] Epoch=78, nll=2466.7046, acc=0.2073
[ 2022-08-31 14:34:24,078][train_tran.train_nn_models] [Training] Epoch=79, loss=2493.5144, nll=2493.5144, l2_reg=0.0000, acc=0.2055
[ 2022-08-31 14:34:24,078][train_tran.train_nn_models] [Validation] Epoch=79, nll=2465.4238, acc=0.2073
[ 2022-08-31 14:34:37,020][train_tran.train_nn_models] [Training] Epoch=80, loss=2492.1980, nll=2492.1980, l2_reg=0.0000, acc=0.2059
[ 2022-08-31 14:34:37,020][train_tran.train_nn_models] [Validation] Epoch=80, nll=2464.0273, acc=0.2081
[ 2022-08-31 14:34:49,470][train_tran.train_nn_models] [Training] Epoch=81, loss=2490.7910, nll=2490.7910, l2_reg=0.0000, acc=0.2068
[ 2022-08-31 14:34:49,471][train_tran.train_nn_models] [Validation] Epoch=81, nll=2462.5708, acc=0.2089
[ 2022-08-31 14:35:02,109][train_tran.train_nn_models] [Training] Epoch=82, loss=2489.3452, nll=2489.3452, l2_reg=0.0000, acc=0.2076
[ 2022-08-31 14:35:02,110][train_tran.train_nn_models] [Validation] Epoch=82, nll=2461.0105, acc=0.2098
[ 2022-08-31 14:35:14,688][train_tran.train_nn_models] [Training] Epoch=83, loss=2487.9043, nll=2487.9043, l2_reg=0.0000, acc=0.2081
[ 2022-08-31 14:35:14,688][train_tran.train_nn_models] [Validation] Epoch=83, nll=2459.4609, acc=0.2098
[ 2022-08-31 14:35:27,378][train_tran.train_nn_models] [Training] Epoch=84, loss=2486.4822, nll=2486.4822, l2_reg=0.0000, acc=0.2088
[ 2022-08-31 14:35:27,378][train_tran.train_nn_models] [Validation] Epoch=84, nll=2457.9648, acc=0.2101
[ 2022-08-31 14:35:40,020][train_tran.train_nn_models] [Training] Epoch=85, loss=2485.0850, nll=2485.0850, l2_reg=0.0000, acc=0.2094
[ 2022-08-31 14:35:40,021][train_tran.train_nn_models] [Validation] Epoch=85, nll=2456.5439, acc=0.2108
[ 2022-08-31 14:35:53,079][train_tran.train_nn_models] [Training] Epoch=86, loss=2483.7051, nll=2483.7051, l2_reg=0.0000, acc=0.2101
[ 2022-08-31 14:35:53,079][train_tran.train_nn_models] [Validation] Epoch=86, nll=2455.2290, acc=0.2122
[ 2022-08-31 14:36:06,357][train_tran.train_nn_models] [Training] Epoch=87, loss=2482.3711, nll=2482.3711, l2_reg=0.0000, acc=0.2111
[ 2022-08-31 14:36:06,357][train_tran.train_nn_models] [Validation] Epoch=87, nll=2453.9722, acc=0.2132
[ 2022-08-31 14:36:19,169][train_tran.train_nn_models] [Training] Epoch=88, loss=2481.0605, nll=2481.0605, l2_reg=0.0000, acc=0.2124
[ 2022-08-31 14:36:19,169][train_tran.train_nn_models] [Validation] Epoch=88, nll=2452.7546, acc=0.2143
[ 2022-08-31 14:36:31,959][train_tran.train_nn_models] [Training] Epoch=89, loss=2479.7842, nll=2479.7842, l2_reg=0.0000, acc=0.2141
[ 2022-08-31 14:36:31,960][train_tran.train_nn_models] [Validation] Epoch=89, nll=2451.5615, acc=0.2158
[ 2022-08-31 14:36:44,849][train_tran.train_nn_models] [Training] Epoch=90, loss=2478.5349, nll=2478.5349, l2_reg=0.0000, acc=0.2154
[ 2022-08-31 14:36:44,849][train_tran.train_nn_models] [Validation] Epoch=90, nll=2450.4187, acc=0.2170
[ 2022-08-31 14:36:57,258][train_tran.train_nn_models] [Training] Epoch=91, loss=2477.3184, nll=2477.3184, l2_reg=0.0000, acc=0.2179
[ 2022-08-31 14:36:57,258][train_tran.train_nn_models] [Validation] Epoch=91, nll=2449.3181, acc=0.2188
[ 2022-08-31 14:37:09,740][train_tran.train_nn_models] [Training] Epoch=92, loss=2476.1511, nll=2476.1511, l2_reg=0.0000, acc=0.2204
[ 2022-08-31 14:37:09,740][train_tran.train_nn_models] [Validation] Epoch=92, nll=2448.2642, acc=0.2220
[ 2022-08-31 14:37:23,709][train_tran.train_nn_models] [Training] Epoch=93, loss=2475.0332, nll=2475.0332, l2_reg=0.0000, acc=0.2234
[ 2022-08-31 14:37:23,710][train_tran.train_nn_models] [Validation] Epoch=93, nll=2447.2610, acc=0.2240
[ 2022-08-31 14:37:36,978][train_tran.train_nn_models] [Training] Epoch=94, loss=2473.9697, nll=2473.9697, l2_reg=0.0000, acc=0.2265
[ 2022-08-31 14:37:36,979][train_tran.train_nn_models] [Validation] Epoch=94, nll=2446.3184, acc=0.2271
[ 2022-08-31 14:37:49,876][train_tran.train_nn_models] [Training] Epoch=95, loss=2472.9514, nll=2472.9514, l2_reg=0.0000, acc=0.2290
[ 2022-08-31 14:37:49,877][train_tran.train_nn_models] [Validation] Epoch=95, nll=2445.4377, acc=0.2311
[ 2022-08-31 14:38:02,808][train_tran.train_nn_models] [Training] Epoch=96, loss=2471.9607, nll=2471.9607, l2_reg=0.0000, acc=0.2310
[ 2022-08-31 14:38:02,809][train_tran.train_nn_models] [Validation] Epoch=96, nll=2444.5977, acc=0.2325
[ 2022-08-31 14:38:16,225][train_tran.train_nn_models] [Training] Epoch=97, loss=2470.9705, nll=2470.9705, l2_reg=0.0000, acc=0.2325
[ 2022-08-31 14:38:16,225][train_tran.train_nn_models] [Validation] Epoch=97, nll=2443.7915, acc=0.2340
[ 2022-08-31 14:38:29,713][train_tran.train_nn_models] [Training] Epoch=98, loss=2469.9614, nll=2469.9614, l2_reg=0.0000, acc=0.2340
[ 2022-08-31 14:38:29,714][train_tran.train_nn_models] [Validation] Epoch=98, nll=2442.9915, acc=0.2357
[ 2022-08-31 14:38:43,045][train_tran.train_nn_models] [Training] Epoch=99, loss=2468.8950, nll=2468.8950, l2_reg=0.0000, acc=0.2353
[ 2022-08-31 14:38:43,045][train_tran.train_nn_models] [Validation] Epoch=99, nll=2442.2258, acc=0.2362
[ 2022-08-31 14:38:56,238][train_tran.train_nn_models] [Training] Epoch=100, loss=2467.8049, nll=2467.8049, l2_reg=0.0000, acc=0.2367
[ 2022-08-31 14:38:56,239][train_tran.train_nn_models] [Validation] Epoch=100, nll=2441.6436, acc=0.2371
[ 2022-08-31 14:39:09,113][train_tran.train_nn_models] [Training] Epoch=101, loss=2466.6731, nll=2466.6731, l2_reg=0.0000, acc=0.2374
[ 2022-08-31 14:39:09,114][train_tran.train_nn_models] [Validation] Epoch=101, nll=2441.0840, acc=0.2372
[ 2022-08-31 14:39:21,507][train_tran.train_nn_models] [Training] Epoch=102, loss=2465.4412, nll=2465.4412, l2_reg=0.0000, acc=0.2385
[ 2022-08-31 14:39:21,508][train_tran.train_nn_models] [Validation] Epoch=102, nll=2440.4521, acc=0.2382
[ 2022-08-31 14:39:33,938][train_tran.train_nn_models] [Training] Epoch=103, loss=2464.1191, nll=2464.1191, l2_reg=0.0000, acc=0.2393
[ 2022-08-31 14:39:33,938][train_tran.train_nn_models] [Validation] Epoch=103, nll=2439.5134, acc=0.2384
[ 2022-08-31 14:39:46,801][train_tran.train_nn_models] [Training] Epoch=104, loss=2462.7292, nll=2462.7292, l2_reg=0.0000, acc=0.2403
[ 2022-08-31 14:39:46,802][train_tran.train_nn_models] [Validation] Epoch=104, nll=2438.0195, acc=0.2389
[ 2022-08-31 14:40:00,438][train_tran.train_nn_models] [Training] Epoch=105, loss=2461.2820, nll=2461.2820, l2_reg=0.0000, acc=0.2412
[ 2022-08-31 14:40:00,438][train_tran.train_nn_models] [Validation] Epoch=105, nll=2436.2043, acc=0.2406
[ 2022-08-31 14:40:13,851][train_tran.train_nn_models] [Training] Epoch=106, loss=2459.8159, nll=2459.8159, l2_reg=0.0000, acc=0.2425
[ 2022-08-31 14:40:13,852][train_tran.train_nn_models] [Validation] Epoch=106, nll=2434.7529, acc=0.2426
[ 2022-08-31 14:40:26,716][train_tran.train_nn_models] [Training] Epoch=107, loss=2458.4485, nll=2458.4485, l2_reg=0.0000, acc=0.2433
[ 2022-08-31 14:40:26,716][train_tran.train_nn_models] [Validation] Epoch=107, nll=2433.7759, acc=0.2435
[ 2022-08-31 14:40:38,808][train_tran.train_nn_models] [Training] Epoch=108, loss=2457.2563, nll=2457.2563, l2_reg=0.0000, acc=0.2441
[ 2022-08-31 14:40:38,808][train_tran.train_nn_models] [Validation] Epoch=108, nll=2432.9241, acc=0.2441
[ 2022-08-31 14:40:51,989][train_tran.train_nn_models] [Training] Epoch=109, loss=2456.1147, nll=2456.1147, l2_reg=0.0000, acc=0.2450
[ 2022-08-31 14:40:51,989][train_tran.train_nn_models] [Validation] Epoch=109, nll=2432.2026, acc=0.2441
[ 2022-08-31 14:41:04,370][train_tran.train_nn_models] [Training] Epoch=110, loss=2455.0618, nll=2455.0618, l2_reg=0.0000, acc=0.2456
[ 2022-08-31 14:41:04,371][train_tran.train_nn_models] [Validation] Epoch=110, nll=2431.6609, acc=0.2448
[ 2022-08-31 14:41:17,338][train_tran.train_nn_models] [Training] Epoch=111, loss=2454.1697, nll=2454.1697, l2_reg=0.0000, acc=0.2465
[ 2022-08-31 14:41:17,338][train_tran.train_nn_models] [Validation] Epoch=111, nll=2431.4360, acc=0.2448
[ 2022-08-31 14:41:29,718][train_tran.train_nn_models] [Training] Epoch=112, loss=2453.4500, nll=2453.4500, l2_reg=0.0000, acc=0.2475
[ 2022-08-31 14:41:29,719][train_tran.train_nn_models] [Validation] Epoch=112, nll=2431.2778, acc=0.2456
[ 2022-08-31 14:41:43,050][train_tran.train_nn_models] [Training] Epoch=113, loss=2452.6943, nll=2452.6943, l2_reg=0.0000, acc=0.2482
[ 2022-08-31 14:41:43,051][train_tran.train_nn_models] [Validation] Epoch=113, nll=2430.7996, acc=0.2464
[ 2022-08-31 14:41:55,419][train_tran.train_nn_models] [Training] Epoch=114, loss=2451.7087, nll=2451.7087, l2_reg=0.0000, acc=0.2489
[ 2022-08-31 14:41:55,419][train_tran.train_nn_models] [Validation] Epoch=114, nll=2430.0054, acc=0.2470
[ 2022-08-31 14:42:07,774][train_tran.train_nn_models] [Training] Epoch=115, loss=2450.6855, nll=2450.6855, l2_reg=0.0000, acc=0.2497
[ 2022-08-31 14:42:07,774][train_tran.train_nn_models] [Validation] Epoch=115, nll=2429.4644, acc=0.2475
[ 2022-08-31 14:42:20,658][train_tran.train_nn_models] [Training] Epoch=116, loss=2449.8208, nll=2449.8208, l2_reg=0.0000, acc=0.2506
[ 2022-08-31 14:42:20,663][train_tran.train_nn_models] [Validation] Epoch=116, nll=2429.2754, acc=0.2482
[ 2022-08-31 14:42:33,278][train_tran.train_nn_models] [Training] Epoch=117, loss=2449.1387, nll=2449.1387, l2_reg=0.0000, acc=0.2514
[ 2022-08-31 14:42:33,278][train_tran.train_nn_models] [Validation] Epoch=117, nll=2429.2690, acc=0.2487
[ 2022-08-31 14:42:45,905][train_tran.train_nn_models] [Training] Epoch=118, loss=2448.4407, nll=2448.4407, l2_reg=0.0000, acc=0.2520
[ 2022-08-31 14:42:45,905][train_tran.train_nn_models] [Validation] Epoch=118, nll=2428.8279, acc=0.2492
[ 2022-08-31 14:42:59,326][train_tran.train_nn_models] [Training] Epoch=119, loss=2447.5549, nll=2447.5549, l2_reg=0.0000, acc=0.2524
[ 2022-08-31 14:42:59,326][train_tran.train_nn_models] [Validation] Epoch=119, nll=2427.8848, acc=0.2502
[ 2022-08-31 14:43:11,420][train_tran.train_nn_models] [Training] Epoch=120, loss=2446.4136, nll=2446.4136, l2_reg=0.0000, acc=0.2530
[ 2022-08-31 14:43:11,420][train_tran.train_nn_models] [Validation] Epoch=120, nll=2427.2888, acc=0.2503
[ 2022-08-31 14:43:24,379][train_tran.train_nn_models] [Training] Epoch=121, loss=2445.4016, nll=2445.4016, l2_reg=0.0000, acc=0.2538
[ 2022-08-31 14:43:24,380][train_tran.train_nn_models] [Validation] Epoch=121, nll=2427.3408, acc=0.2511
[ 2022-08-31 14:43:37,625][train_tran.train_nn_models] [Training] Epoch=122, loss=2444.6724, nll=2444.6724, l2_reg=0.0000, acc=0.2546
[ 2022-08-31 14:43:37,625][train_tran.train_nn_models] [Validation] Epoch=122, nll=2428.8413, acc=0.2515
[ 2022-08-31 14:43:50,630][train_tran.train_nn_models] [Training] Epoch=123, loss=2444.5117, nll=2444.5117, l2_reg=0.0000, acc=0.2549
[ 2022-08-31 14:43:50,631][train_tran.train_nn_models] [Validation] Epoch=123, nll=2428.4421, acc=0.2523
[ 2022-08-31 14:44:03,962][train_tran.train_nn_models] [Training] Epoch=124, loss=2453.1128, nll=2453.1128, l2_reg=0.0000, acc=0.2540
[ 2022-08-31 14:44:03,963][train_tran.train_nn_models] [Validation] Epoch=124, nll=2423.1675, acc=0.2519
[ 2022-08-31 14:44:16,878][train_tran.train_nn_models] [Training] Epoch=125, loss=2444.3064, nll=2444.3064, l2_reg=0.0000, acc=0.2559
[ 2022-08-31 14:44:16,879][train_tran.train_nn_models] [Validation] Epoch=125, nll=2422.6931, acc=0.2525
[ 2022-08-31 14:44:29,878][train_tran.train_nn_models] [Training] Epoch=126, loss=2441.9500, nll=2441.9500, l2_reg=0.0000, acc=0.2571
[ 2022-08-31 14:44:29,879][train_tran.train_nn_models] [Validation] Epoch=126, nll=2422.1997, acc=0.2522
[ 2022-08-31 14:44:29,879][train_tran.train_nn_models] Found a better model at epoch 126.
[ 2022-08-31 14:44:42,544][train_tran.train_nn_models] [Training] Epoch=127, loss=2440.5149, nll=2440.5149, l2_reg=0.0000, acc=0.2581
[ 2022-08-31 14:44:42,544][train_tran.train_nn_models] [Validation] Epoch=127, nll=2422.4775, acc=0.2546
[ 2022-08-31 14:44:55,502][train_tran.train_nn_models] [Training] Epoch=128, loss=2449.1528, nll=2449.1528, l2_reg=0.0000, acc=0.2563
[ 2022-08-31 14:44:55,502][train_tran.train_nn_models] [Validation] Epoch=128, nll=2486.9580, acc=0.2276
[ 2022-08-31 14:45:08,328][train_tran.train_nn_models] [Training] Epoch=129, loss=2505.1394, nll=2505.1394, l2_reg=0.0000, acc=0.2238
[ 2022-08-31 14:45:08,328][train_tran.train_nn_models] [Validation] Epoch=129, nll=2470.2092, acc=0.2326
[ 2022-08-31 14:45:22,058][train_tran.train_nn_models] [Training] Epoch=130, loss=2492.6780, nll=2492.6780, l2_reg=0.0000, acc=0.2261
[ 2022-08-31 14:45:22,058][train_tran.train_nn_models] [Validation] Epoch=130, nll=2464.7048, acc=0.2274
[ 2022-08-31 14:45:35,031][train_tran.train_nn_models] [Training] Epoch=131, loss=2487.5139, nll=2487.5139, l2_reg=0.0000, acc=0.2272
[ 2022-08-31 14:45:35,031][train_tran.train_nn_models] [Validation] Epoch=131, nll=2456.1826, acc=0.2333
[ 2022-08-31 14:45:48,709][train_tran.train_nn_models] [Training] Epoch=132, loss=2482.5708, nll=2482.5708, l2_reg=0.0000, acc=0.2314
[ 2022-08-31 14:45:48,709][train_tran.train_nn_models] [Validation] Epoch=132, nll=2453.9299, acc=0.2350
[ 2022-08-31 14:46:01,832][train_tran.train_nn_models] [Training] Epoch=133, loss=2479.7229, nll=2479.7229, l2_reg=0.0000, acc=0.2330
[ 2022-08-31 14:46:01,833][train_tran.train_nn_models] [Validation] Epoch=133, nll=2451.7734, acc=0.2371
[ 2022-08-31 14:46:15,720][train_tran.train_nn_models] [Training] Epoch=134, loss=2477.2383, nll=2477.2383, l2_reg=0.0000, acc=0.2349
[ 2022-08-31 14:46:15,720][train_tran.train_nn_models] [Validation] Epoch=134, nll=2450.2195, acc=0.2373
[ 2022-08-31 14:46:28,977][train_tran.train_nn_models] [Training] Epoch=135, loss=2475.4766, nll=2475.4766, l2_reg=0.0000, acc=0.2363
[ 2022-08-31 14:46:28,978][train_tran.train_nn_models] [Validation] Epoch=135, nll=2447.0908, acc=0.2388
[ 2022-08-31 14:46:42,675][train_tran.train_nn_models] [Training] Epoch=136, loss=2473.6946, nll=2473.6946, l2_reg=0.0000, acc=0.2368
[ 2022-08-31 14:46:42,676][train_tran.train_nn_models] [Validation] Epoch=136, nll=2444.7932, acc=0.2385
[ 2022-08-31 14:46:55,812][train_tran.train_nn_models] [Training] Epoch=137, loss=2471.1887, nll=2471.1887, l2_reg=0.0000, acc=0.2392
[ 2022-08-31 14:46:55,812][train_tran.train_nn_models] [Validation] Epoch=137, nll=2443.2461, acc=0.2401
[ 2022-08-31 14:47:08,894][train_tran.train_nn_models] [Training] Epoch=138, loss=2469.1460, nll=2469.1460, l2_reg=0.0000, acc=0.2414
[ 2022-08-31 14:47:08,894][train_tran.train_nn_models] [Validation] Epoch=138, nll=2441.3892, acc=0.2420
[ 2022-08-31 14:47:22,121][train_tran.train_nn_models] [Training] Epoch=139, loss=2467.7075, nll=2467.7075, l2_reg=0.0000, acc=0.2424
[ 2022-08-31 14:47:22,122][train_tran.train_nn_models] [Validation] Epoch=139, nll=2440.3560, acc=0.2398
[ 2022-08-31 14:47:35,558][train_tran.train_nn_models] [Training] Epoch=140, loss=2466.9553, nll=2466.9553, l2_reg=0.0000, acc=0.2419
[ 2022-08-31 14:47:35,558][train_tran.train_nn_models] [Validation] Epoch=140, nll=2438.7097, acc=0.2429
[ 2022-08-31 14:47:48,541][train_tran.train_nn_models] [Training] Epoch=141, loss=2465.8679, nll=2465.8679, l2_reg=0.0000, acc=0.2427
[ 2022-08-31 14:47:48,542][train_tran.train_nn_models] [Validation] Epoch=141, nll=2438.0161, acc=0.2462
[ 2022-08-31 14:48:01,379][train_tran.train_nn_models] [Training] Epoch=142, loss=2464.8062, nll=2464.8062, l2_reg=0.0000, acc=0.2428
[ 2022-08-31 14:48:01,379][train_tran.train_nn_models] [Validation] Epoch=142, nll=2441.4133, acc=0.2374
[ 2022-08-31 14:48:15,065][train_tran.train_nn_models] [Training] Epoch=143, loss=2476.4531, nll=2476.4531, l2_reg=0.0000, acc=0.2298
[ 2022-08-31 14:48:15,066][train_tran.train_nn_models] [Validation] Epoch=143, nll=2458.1409, acc=0.2278
[ 2022-08-31 14:48:28,514][train_tran.train_nn_models] [Training] Epoch=144, loss=2471.9922, nll=2471.9922, l2_reg=0.0000, acc=0.2377
[ 2022-08-31 14:48:28,514][train_tran.train_nn_models] [Validation] Epoch=144, nll=2438.1997, acc=0.2462
[ 2022-08-31 14:48:41,293][train_tran.train_nn_models] [Training] Epoch=145, loss=2463.5369, nll=2463.5369, l2_reg=0.0000, acc=0.2438
[ 2022-08-31 14:48:41,293][train_tran.train_nn_models] [Validation] Epoch=145, nll=2437.8281, acc=0.2453
[ 2022-08-31 14:48:54,473][train_tran.train_nn_models] [Training] Epoch=146, loss=2461.9397, nll=2461.9397, l2_reg=0.0000, acc=0.2448
[ 2022-08-31 14:48:54,473][train_tran.train_nn_models] [Validation] Epoch=146, nll=2435.2781, acc=0.2483
[ 2022-08-31 14:49:08,229][train_tran.train_nn_models] [Training] Epoch=147, loss=2460.6592, nll=2460.6592, l2_reg=0.0000, acc=0.2461
[ 2022-08-31 14:49:08,230][train_tran.train_nn_models] [Validation] Epoch=147, nll=2432.8508, acc=0.2491
[ 2022-08-31 14:49:21,580][train_tran.train_nn_models] [Training] Epoch=148, loss=2459.3894, nll=2459.3894, l2_reg=0.0000, acc=0.2468
[ 2022-08-31 14:49:21,581][train_tran.train_nn_models] [Validation] Epoch=148, nll=2432.6890, acc=0.2476
[ 2022-08-31 14:49:34,932][train_tran.train_nn_models] [Training] Epoch=149, loss=2457.5066, nll=2457.5066, l2_reg=0.0000, acc=0.2487
[ 2022-08-31 14:49:34,933][train_tran.train_nn_models] [Validation] Epoch=149, nll=2431.2585, acc=0.2504
[ 2022-08-31 14:49:48,761][train_tran.train_nn_models] [Training] Epoch=150, loss=2456.3091, nll=2456.3091, l2_reg=0.0000, acc=0.2500
[ 2022-08-31 14:49:48,761][train_tran.train_nn_models] [Validation] Epoch=150, nll=2430.7671, acc=0.2503
[ 2022-08-31 14:50:01,994][train_tran.train_nn_models] [Training] Epoch=151, loss=2455.6614, nll=2455.6614, l2_reg=0.0000, acc=0.2505
[ 2022-08-31 14:50:01,994][train_tran.train_nn_models] [Validation] Epoch=151, nll=2430.3652, acc=0.2498
[ 2022-08-31 14:50:15,290][train_tran.train_nn_models] [Training] Epoch=152, loss=2455.2185, nll=2455.2185, l2_reg=0.0000, acc=0.2507
[ 2022-08-31 14:50:15,291][train_tran.train_nn_models] [Validation] Epoch=152, nll=2430.7937, acc=0.2495
[ 2022-08-31 14:50:28,999][train_tran.train_nn_models] [Training] Epoch=153, loss=2454.4507, nll=2454.4507, l2_reg=0.0000, acc=0.2512
[ 2022-08-31 14:50:28,999][train_tran.train_nn_models] [Validation] Epoch=153, nll=2429.6128, acc=0.2512
[ 2022-08-31 14:50:41,769][train_tran.train_nn_models] [Training] Epoch=154, loss=2454.4004, nll=2454.4004, l2_reg=0.0000, acc=0.2511
[ 2022-08-31 14:50:41,769][train_tran.train_nn_models] [Validation] Epoch=154, nll=2429.3447, acc=0.2513
[ 2022-08-31 14:50:55,551][train_tran.train_nn_models] [Training] Epoch=155, loss=2453.6775, nll=2453.6775, l2_reg=0.0000, acc=0.2520
[ 2022-08-31 14:50:55,551][train_tran.train_nn_models] [Validation] Epoch=155, nll=2430.3074, acc=0.2504
[ 2022-08-31 14:51:08,130][train_tran.train_nn_models] [Training] Epoch=156, loss=2453.6975, nll=2453.6975, l2_reg=0.0000, acc=0.2514
[ 2022-08-31 14:51:08,131][train_tran.train_nn_models] [Validation] Epoch=156, nll=2428.1716, acc=0.2515
[ 2022-08-31 14:51:22,022][train_tran.train_nn_models] [Training] Epoch=157, loss=2453.3149, nll=2453.3149, l2_reg=0.0000, acc=0.2525
[ 2022-08-31 14:51:22,023][train_tran.train_nn_models] [Validation] Epoch=157, nll=2432.8267, acc=0.2492
[ 2022-08-31 14:51:35,212][train_tran.train_nn_models] [Training] Epoch=158, loss=2459.3931, nll=2459.3931, l2_reg=0.0000, acc=0.2463
[ 2022-08-31 14:51:35,212][train_tran.train_nn_models] [Validation] Epoch=158, nll=2428.4387, acc=0.2525
[ 2022-08-31 14:51:48,262][train_tran.train_nn_models] [Training] Epoch=159, loss=2464.3093, nll=2464.3093, l2_reg=0.0000, acc=0.2398
[ 2022-08-31 14:51:48,262][train_tran.train_nn_models] [Validation] Epoch=159, nll=2430.8235, acc=0.2529
[ 2022-08-31 14:52:01,572][train_tran.train_nn_models] [Training] Epoch=160, loss=2456.3955, nll=2456.3955, l2_reg=0.0000, acc=0.2481
[ 2022-08-31 14:52:01,572][train_tran.train_nn_models] [Validation] Epoch=160, nll=2430.6252, acc=0.2506
[ 2022-08-31 14:52:14,786][train_tran.train_nn_models] [Training] Epoch=161, loss=2452.7700, nll=2452.7700, l2_reg=0.0000, acc=0.2520
[ 2022-08-31 14:52:14,786][train_tran.train_nn_models] [Validation] Epoch=161, nll=2427.2109, acc=0.2518
[ 2022-08-31 14:52:28,394][train_tran.train_nn_models] [Training] Epoch=162, loss=2450.2654, nll=2450.2654, l2_reg=0.0000, acc=0.2548
[ 2022-08-31 14:52:28,395][train_tran.train_nn_models] [Validation] Epoch=162, nll=2426.1760, acc=0.2523
[ 2022-08-31 14:52:42,419][train_tran.train_nn_models] [Training] Epoch=163, loss=2449.6653, nll=2449.6653, l2_reg=0.0000, acc=0.2556
[ 2022-08-31 14:52:42,420][train_tran.train_nn_models] [Validation] Epoch=163, nll=2426.1091, acc=0.2526
[ 2022-08-31 14:52:56,191][train_tran.train_nn_models] [Training] Epoch=164, loss=2449.7600, nll=2449.7600, l2_reg=0.0000, acc=0.2551
[ 2022-08-31 14:52:56,191][train_tran.train_nn_models] [Validation] Epoch=164, nll=2424.9211, acc=0.2545
[ 2022-08-31 14:53:09,206][train_tran.train_nn_models] [Training] Epoch=165, loss=2449.3457, nll=2449.3457, l2_reg=0.0000, acc=0.2554
[ 2022-08-31 14:53:09,206][train_tran.train_nn_models] [Validation] Epoch=165, nll=2424.4033, acc=0.2546
[ 2022-08-31 14:53:22,999][train_tran.train_nn_models] [Training] Epoch=166, loss=2448.4395, nll=2448.4395, l2_reg=0.0000, acc=0.2564
[ 2022-08-31 14:53:22,999][train_tran.train_nn_models] [Validation] Epoch=166, nll=2423.6396, acc=0.2568
[ 2022-08-31 14:53:36,963][train_tran.train_nn_models] [Training] Epoch=167, loss=2447.8523, nll=2447.8523, l2_reg=0.0000, acc=0.2574
[ 2022-08-31 14:53:36,964][train_tran.train_nn_models] [Validation] Epoch=167, nll=2423.1152, acc=0.2582
[ 2022-08-31 14:53:50,178][train_tran.train_nn_models] [Training] Epoch=168, loss=2447.9602, nll=2447.9602, l2_reg=0.0000, acc=0.2575
[ 2022-08-31 14:53:50,178][train_tran.train_nn_models] [Validation] Epoch=168, nll=2422.6030, acc=0.2577
[ 2022-08-31 14:54:03,461][train_tran.train_nn_models] [Training] Epoch=169, loss=2448.3696, nll=2448.3696, l2_reg=0.0000, acc=0.2581
[ 2022-08-31 14:54:03,461][train_tran.train_nn_models] [Validation] Epoch=169, nll=2424.0542, acc=0.2572
[ 2022-08-31 14:54:16,948][train_tran.train_nn_models] [Training] Epoch=170, loss=2446.8320, nll=2446.8320, l2_reg=0.0000, acc=0.2581
[ 2022-08-31 14:54:16,949][train_tran.train_nn_models] [Validation] Epoch=170, nll=2422.1074, acc=0.2580
[ 2022-08-31 14:54:16,949][train_tran.train_nn_models] Found a better model at epoch 170.
[ 2022-08-31 14:54:30,688][train_tran.train_nn_models] [Training] Epoch=171, loss=2445.4131, nll=2445.4131, l2_reg=0.0000, acc=0.2592
[ 2022-08-31 14:54:30,689][train_tran.train_nn_models] [Validation] Epoch=171, nll=2421.2249, acc=0.2581
[ 2022-08-31 14:54:30,689][train_tran.train_nn_models] Found a better model at epoch 171.
[ 2022-08-31 14:54:44,454][train_tran.train_nn_models] [Training] Epoch=172, loss=2445.1440, nll=2445.1440, l2_reg=0.0000, acc=0.2595
[ 2022-08-31 14:54:44,454][train_tran.train_nn_models] [Validation] Epoch=172, nll=2420.8237, acc=0.2590
[ 2022-08-31 14:54:44,454][train_tran.train_nn_models] Found a better model at epoch 172.
[ 2022-08-31 14:54:58,724][train_tran.train_nn_models] [Training] Epoch=173, loss=2446.0044, nll=2446.0044, l2_reg=0.0000, acc=0.2582
[ 2022-08-31 14:54:58,725][train_tran.train_nn_models] [Validation] Epoch=173, nll=2422.7798, acc=0.2578
[ 2022-08-31 14:55:12,064][train_tran.train_nn_models] [Training] Epoch=174, loss=2446.4556, nll=2446.4556, l2_reg=0.0000, acc=0.2571
[ 2022-08-31 14:55:12,065][train_tran.train_nn_models] [Validation] Epoch=174, nll=2419.9568, acc=0.2592
[ 2022-08-31 14:55:12,065][train_tran.train_nn_models] Found a better model at epoch 174.
[ 2022-08-31 14:55:25,558][train_tran.train_nn_models] [Training] Epoch=175, loss=2443.6724, nll=2443.6724, l2_reg=0.0000, acc=0.2606
[ 2022-08-31 14:55:25,559][train_tran.train_nn_models] [Validation] Epoch=175, nll=2420.3684, acc=0.2588
[ 2022-08-31 14:55:38,456][train_tran.train_nn_models] [Training] Epoch=176, loss=2443.4675, nll=2443.4675, l2_reg=0.0000, acc=0.2605
[ 2022-08-31 14:55:38,456][train_tran.train_nn_models] [Validation] Epoch=176, nll=2419.7810, acc=0.2589
[ 2022-08-31 14:55:38,456][train_tran.train_nn_models] Found a better model at epoch 176.
[ 2022-08-31 14:55:52,719][train_tran.train_nn_models] [Training] Epoch=177, loss=2443.5178, nll=2443.5178, l2_reg=0.0000, acc=0.2605
[ 2022-08-31 14:55:52,720][train_tran.train_nn_models] [Validation] Epoch=177, nll=2419.4849, acc=0.2586
[ 2022-08-31 14:55:52,720][train_tran.train_nn_models] Found a better model at epoch 177.
[ 2022-08-31 14:56:06,804][train_tran.train_nn_models] [Training] Epoch=178, loss=2443.4263, nll=2443.4263, l2_reg=0.0000, acc=0.2607
[ 2022-08-31 14:56:06,804][train_tran.train_nn_models] [Validation] Epoch=178, nll=2420.6602, acc=0.2589
[ 2022-08-31 14:56:19,824][train_tran.train_nn_models] [Training] Epoch=179, loss=2442.8269, nll=2442.8269, l2_reg=0.0000, acc=0.2609
[ 2022-08-31 14:56:19,825][train_tran.train_nn_models] [Validation] Epoch=179, nll=2419.9912, acc=0.2584
[ 2022-08-31 14:56:33,672][train_tran.train_nn_models] [Training] Epoch=180, loss=2442.0876, nll=2442.0876, l2_reg=0.0000, acc=0.2610
[ 2022-08-31 14:56:33,672][train_tran.train_nn_models] [Validation] Epoch=180, nll=2419.7346, acc=0.2591
[ 2022-08-31 14:56:46,865][train_tran.train_nn_models] [Training] Epoch=181, loss=2442.7610, nll=2442.7610, l2_reg=0.0000, acc=0.2606
[ 2022-08-31 14:56:46,865][train_tran.train_nn_models] [Validation] Epoch=181, nll=2419.6050, acc=0.2586
[ 2022-08-31 14:57:00,529][train_tran.train_nn_models] [Training] Epoch=182, loss=2442.5637, nll=2442.5637, l2_reg=0.0000, acc=0.2613
[ 2022-08-31 14:57:00,530][train_tran.train_nn_models] [Validation] Epoch=182, nll=2419.5752, acc=0.2584
[ 2022-08-31 14:57:14,366][train_tran.train_nn_models] [Training] Epoch=183, loss=2442.5354, nll=2442.5354, l2_reg=0.0000, acc=0.2619
[ 2022-08-31 14:57:14,366][train_tran.train_nn_models] [Validation] Epoch=183, nll=2422.5288, acc=0.2572
[ 2022-08-31 14:57:27,460][train_tran.train_nn_models] [Training] Epoch=184, loss=2441.6672, nll=2441.6672, l2_reg=0.0000, acc=0.2614
[ 2022-08-31 14:57:27,461][train_tran.train_nn_models] [Validation] Epoch=184, nll=2419.9333, acc=0.2587
[ 2022-08-31 14:57:40,774][train_tran.train_nn_models] [Training] Epoch=185, loss=2443.8323, nll=2443.8323, l2_reg=0.0000, acc=0.2599
[ 2022-08-31 14:57:40,774][train_tran.train_nn_models] [Validation] Epoch=185, nll=2422.3772, acc=0.2584
[ 2022-08-31 14:57:54,243][train_tran.train_nn_models] [Training] Epoch=186, loss=2442.3792, nll=2442.3792, l2_reg=0.0000, acc=0.2617
[ 2022-08-31 14:57:54,244][train_tran.train_nn_models] [Validation] Epoch=186, nll=2419.1116, acc=0.2598
[ 2022-08-31 14:57:54,244][train_tran.train_nn_models] Found a better model at epoch 186.
[ 2022-08-31 14:58:06,938][train_tran.train_nn_models] [Training] Epoch=187, loss=2441.8792, nll=2441.8792, l2_reg=0.0000, acc=0.2611
[ 2022-08-31 14:58:06,939][train_tran.train_nn_models] [Validation] Epoch=187, nll=2415.7979, acc=0.2616
[ 2022-08-31 14:58:06,939][train_tran.train_nn_models] Found a better model at epoch 187.
[ 2022-08-31 14:58:21,045][train_tran.train_nn_models] [Training] Epoch=188, loss=2441.0264, nll=2441.0264, l2_reg=0.0000, acc=0.2628
[ 2022-08-31 14:58:21,045][train_tran.train_nn_models] [Validation] Epoch=188, nll=2418.4734, acc=0.2606
[ 2022-08-31 14:58:34,828][train_tran.train_nn_models] [Training] Epoch=189, loss=2441.1072, nll=2441.1072, l2_reg=0.0000, acc=0.2614
[ 2022-08-31 14:58:34,829][train_tran.train_nn_models] [Validation] Epoch=189, nll=2416.0391, acc=0.2614
[ 2022-08-31 14:58:49,074][train_tran.train_nn_models] [Training] Epoch=190, loss=2437.9939, nll=2437.9939, l2_reg=0.0000, acc=0.2646
[ 2022-08-31 14:58:49,074][train_tran.train_nn_models] [Validation] Epoch=190, nll=2416.3379, acc=0.2622
[ 2022-08-31 14:59:02,261][train_tran.train_nn_models] [Training] Epoch=191, loss=2438.4163, nll=2438.4163, l2_reg=0.0000, acc=0.2639
[ 2022-08-31 14:59:02,261][train_tran.train_nn_models] [Validation] Epoch=191, nll=2416.8584, acc=0.2613
[ 2022-08-31 14:59:15,416][train_tran.train_nn_models] [Training] Epoch=192, loss=2438.2390, nll=2438.2390, l2_reg=0.0000, acc=0.2643
[ 2022-08-31 14:59:15,417][train_tran.train_nn_models] [Validation] Epoch=192, nll=2416.4346, acc=0.2616
[ 2022-08-31 14:59:29,414][train_tran.train_nn_models] [Training] Epoch=193, loss=2437.9224, nll=2437.9224, l2_reg=0.0000, acc=0.2640
[ 2022-08-31 14:59:29,414][train_tran.train_nn_models] [Validation] Epoch=193, nll=2415.6479, acc=0.2621
[ 2022-08-31 14:59:29,414][train_tran.train_nn_models] Found a better model at epoch 193.
[ 2022-08-31 14:59:42,586][train_tran.train_nn_models] [Training] Epoch=194, loss=2437.4822, nll=2437.4822, l2_reg=0.0000, acc=0.2649
[ 2022-08-31 14:59:42,586][train_tran.train_nn_models] [Validation] Epoch=194, nll=2414.7939, acc=0.2634
[ 2022-08-31 14:59:42,586][train_tran.train_nn_models] Found a better model at epoch 194.
[ 2022-08-31 14:59:55,448][train_tran.train_nn_models] [Training] Epoch=195, loss=2437.0264, nll=2437.0264, l2_reg=0.0000, acc=0.2652
[ 2022-08-31 14:59:55,448][train_tran.train_nn_models] [Validation] Epoch=195, nll=2413.8926, acc=0.2635
[ 2022-08-31 14:59:55,448][train_tran.train_nn_models] Found a better model at epoch 195.
[ 2022-08-31 15:00:08,950][train_tran.train_nn_models] [Training] Epoch=196, loss=2436.4944, nll=2436.4944, l2_reg=0.0000, acc=0.2660
[ 2022-08-31 15:00:08,951][train_tran.train_nn_models] [Validation] Epoch=196, nll=2413.6370, acc=0.2634
[ 2022-08-31 15:00:08,951][train_tran.train_nn_models] Found a better model at epoch 196.
[ 2022-08-31 15:00:22,535][train_tran.train_nn_models] [Training] Epoch=197, loss=2436.0305, nll=2436.0305, l2_reg=0.0000, acc=0.2666
[ 2022-08-31 15:00:22,536][train_tran.train_nn_models] [Validation] Epoch=197, nll=2413.4177, acc=0.2635
[ 2022-08-31 15:00:22,536][train_tran.train_nn_models] Found a better model at epoch 197.
[ 2022-08-31 15:00:36,118][train_tran.train_nn_models] [Training] Epoch=198, loss=2435.4158, nll=2435.4158, l2_reg=0.0000, acc=0.2671
[ 2022-08-31 15:00:36,118][train_tran.train_nn_models] [Validation] Epoch=198, nll=2412.4832, acc=0.2635
[ 2022-08-31 15:00:36,118][train_tran.train_nn_models] Found a better model at epoch 198.
[ 2022-08-31 15:00:50,140][train_tran.train_nn_models] [Training] Epoch=199, loss=2435.0481, nll=2435.0481, l2_reg=0.0000, acc=0.2673
[ 2022-08-31 15:00:50,140][train_tran.train_nn_models] [Validation] Epoch=199, nll=2411.6682, acc=0.2643
[ 2022-08-31 15:00:50,141][train_tran.train_nn_models] Found a better model at epoch 199.
[ 2022-08-31 15:01:03,958][train_tran.train_nn_models] [Training] Epoch=200, loss=2435.4346, nll=2435.4346, l2_reg=0.0000, acc=0.2668
[ 2022-08-31 15:01:03,959][train_tran.train_nn_models] [Validation] Epoch=200, nll=2411.9829, acc=0.2643
[ 2022-08-31 15:01:18,042][train_tran.train_nn_models] [Training] Epoch=201, loss=2434.6287, nll=2434.6287, l2_reg=0.0000, acc=0.2671
[ 2022-08-31 15:01:18,043][train_tran.train_nn_models] [Validation] Epoch=201, nll=2412.8030, acc=0.2639
[ 2022-08-31 15:01:31,254][train_tran.train_nn_models] [Training] Epoch=202, loss=2434.2810, nll=2434.2810, l2_reg=0.0000, acc=0.2679
[ 2022-08-31 15:01:31,255][train_tran.train_nn_models] [Validation] Epoch=202, nll=2411.3167, acc=0.2655
[ 2022-08-31 15:01:31,255][train_tran.train_nn_models] Found a better model at epoch 202.
[ 2022-08-31 15:01:44,779][train_tran.train_nn_models] [Training] Epoch=203, loss=2433.7097, nll=2433.7097, l2_reg=0.0000, acc=0.2684
[ 2022-08-31 15:01:44,780][train_tran.train_nn_models] [Validation] Epoch=203, nll=2411.9246, acc=0.2657
[ 2022-08-31 15:01:58,482][train_tran.train_nn_models] [Training] Epoch=204, loss=2434.1187, nll=2434.1187, l2_reg=0.0000, acc=0.2679
[ 2022-08-31 15:01:58,483][train_tran.train_nn_models] [Validation] Epoch=204, nll=2411.1003, acc=0.2646
[ 2022-08-31 15:01:58,483][train_tran.train_nn_models] Found a better model at epoch 204.
[ 2022-08-31 15:02:11,872][train_tran.train_nn_models] [Training] Epoch=205, loss=2433.4941, nll=2433.4941, l2_reg=0.0000, acc=0.2684
[ 2022-08-31 15:02:11,872][train_tran.train_nn_models] [Validation] Epoch=205, nll=2412.7078, acc=0.2643
[ 2022-08-31 15:02:25,885][train_tran.train_nn_models] [Training] Epoch=206, loss=2433.5349, nll=2433.5349, l2_reg=0.0000, acc=0.2686
[ 2022-08-31 15:02:25,886][train_tran.train_nn_models] [Validation] Epoch=206, nll=2410.9810, acc=0.2651
[ 2022-08-31 15:02:25,886][train_tran.train_nn_models] Found a better model at epoch 206.
[ 2022-08-31 15:02:38,996][train_tran.train_nn_models] [Training] Epoch=207, loss=2432.8892, nll=2432.8892, l2_reg=0.0000, acc=0.2693
[ 2022-08-31 15:02:38,996][train_tran.train_nn_models] [Validation] Epoch=207, nll=2411.8184, acc=0.2640
[ 2022-08-31 15:02:52,252][train_tran.train_nn_models] [Training] Epoch=208, loss=2432.4341, nll=2432.4341, l2_reg=0.0000, acc=0.2696
[ 2022-08-31 15:02:52,252][train_tran.train_nn_models] [Validation] Epoch=208, nll=2409.5486, acc=0.2654
[ 2022-08-31 15:02:52,252][train_tran.train_nn_models] Found a better model at epoch 208.
[ 2022-08-31 15:03:06,121][train_tran.train_nn_models] [Training] Epoch=209, loss=2431.4834, nll=2431.4834, l2_reg=0.0000, acc=0.2703
[ 2022-08-31 15:03:06,122][train_tran.train_nn_models] [Validation] Epoch=209, nll=2409.7144, acc=0.2648
[ 2022-08-31 15:03:19,396][train_tran.train_nn_models] [Training] Epoch=210, loss=2430.7419, nll=2430.7419, l2_reg=0.0000, acc=0.2705
[ 2022-08-31 15:03:19,397][train_tran.train_nn_models] [Validation] Epoch=210, nll=2409.4624, acc=0.2646
[ 2022-08-31 15:03:19,397][train_tran.train_nn_models] Found a better model at epoch 210.
[ 2022-08-31 15:03:32,816][train_tran.train_nn_models] [Training] Epoch=211, loss=2430.8176, nll=2430.8176, l2_reg=0.0000, acc=0.2707
[ 2022-08-31 15:03:32,816][train_tran.train_nn_models] [Validation] Epoch=211, nll=2408.9128, acc=0.2655
[ 2022-08-31 15:03:32,817][train_tran.train_nn_models] Found a better model at epoch 211.
[ 2022-08-31 15:03:46,539][train_tran.train_nn_models] [Training] Epoch=212, loss=2430.5442, nll=2430.5442, l2_reg=0.0000, acc=0.2706
[ 2022-08-31 15:03:46,539][train_tran.train_nn_models] [Validation] Epoch=212, nll=2408.3591, acc=0.2661
[ 2022-08-31 15:03:46,540][train_tran.train_nn_models] Found a better model at epoch 212.
[ 2022-08-31 15:04:00,229][train_tran.train_nn_models] [Training] Epoch=213, loss=2431.5383, nll=2431.5383, l2_reg=0.0000, acc=0.2701
[ 2022-08-31 15:04:00,229][train_tran.train_nn_models] [Validation] Epoch=213, nll=2410.6936, acc=0.2643
[ 2022-08-31 15:04:13,610][train_tran.train_nn_models] [Training] Epoch=214, loss=2431.7542, nll=2431.7542, l2_reg=0.0000, acc=0.2694
[ 2022-08-31 15:04:13,611][train_tran.train_nn_models] [Validation] Epoch=214, nll=2408.8809, acc=0.2649
[ 2022-08-31 15:04:27,095][train_tran.train_nn_models] [Training] Epoch=215, loss=2429.6816, nll=2429.6816, l2_reg=0.0000, acc=0.2717
[ 2022-08-31 15:04:27,096][train_tran.train_nn_models] [Validation] Epoch=215, nll=2408.1052, acc=0.2668
[ 2022-08-31 15:04:27,096][train_tran.train_nn_models] Found a better model at epoch 215.
[ 2022-08-31 15:04:40,240][train_tran.train_nn_models] [Training] Epoch=216, loss=2429.2832, nll=2429.2832, l2_reg=0.0000, acc=0.2716
[ 2022-08-31 15:04:40,240][train_tran.train_nn_models] [Validation] Epoch=216, nll=2408.2854, acc=0.2653
[ 2022-08-31 15:04:53,377][train_tran.train_nn_models] [Training] Epoch=217, loss=2428.5977, nll=2428.5977, l2_reg=0.0000, acc=0.2719
[ 2022-08-31 15:04:53,377][train_tran.train_nn_models] [Validation] Epoch=217, nll=2407.8616, acc=0.2668
[ 2022-08-31 15:04:53,377][train_tran.train_nn_models] Found a better model at epoch 217.
[ 2022-08-31 15:05:07,510][train_tran.train_nn_models] [Training] Epoch=218, loss=2428.2471, nll=2428.2471, l2_reg=0.0000, acc=0.2720
[ 2022-08-31 15:05:07,510][train_tran.train_nn_models] [Validation] Epoch=218, nll=2407.3948, acc=0.2671
[ 2022-08-31 15:05:07,511][train_tran.train_nn_models] Found a better model at epoch 218.
[ 2022-08-31 15:05:21,846][train_tran.train_nn_models] [Training] Epoch=219, loss=2427.6226, nll=2427.6226, l2_reg=0.0000, acc=0.2729
[ 2022-08-31 15:05:21,846][train_tran.train_nn_models] [Validation] Epoch=219, nll=2407.6128, acc=0.2663
[ 2022-08-31 15:05:35,131][train_tran.train_nn_models] [Training] Epoch=220, loss=2427.7427, nll=2427.7427, l2_reg=0.0000, acc=0.2728
[ 2022-08-31 15:05:35,131][train_tran.train_nn_models] [Validation] Epoch=220, nll=2406.7122, acc=0.2667
[ 2022-08-31 15:05:35,132][train_tran.train_nn_models] Found a better model at epoch 220.
[ 2022-08-31 15:05:49,004][train_tran.train_nn_models] [Training] Epoch=221, loss=2427.9299, nll=2427.9299, l2_reg=0.0000, acc=0.2728
[ 2022-08-31 15:05:49,004][train_tran.train_nn_models] [Validation] Epoch=221, nll=2407.3892, acc=0.2664
[ 2022-08-31 15:06:02,252][train_tran.train_nn_models] [Training] Epoch=222, loss=2429.7251, nll=2429.7251, l2_reg=0.0000, acc=0.2711
[ 2022-08-31 15:06:02,252][train_tran.train_nn_models] [Validation] Epoch=222, nll=2408.1123, acc=0.2672
[ 2022-08-31 15:06:16,304][train_tran.train_nn_models] [Training] Epoch=223, loss=2428.6272, nll=2428.6272, l2_reg=0.0000, acc=0.2730
[ 2022-08-31 15:06:16,304][train_tran.train_nn_models] [Validation] Epoch=223, nll=2415.6228, acc=0.2652
[ 2022-08-31 15:06:29,767][train_tran.train_nn_models] [Training] Epoch=224, loss=2429.5613, nll=2429.5613, l2_reg=0.0000, acc=0.2724
[ 2022-08-31 15:06:29,767][train_tran.train_nn_models] [Validation] Epoch=224, nll=2408.5955, acc=0.2646
[ 2022-08-31 15:06:43,266][train_tran.train_nn_models] [Training] Epoch=225, loss=2427.4104, nll=2427.4104, l2_reg=0.0000, acc=0.2737
[ 2022-08-31 15:06:43,267][train_tran.train_nn_models] [Validation] Epoch=225, nll=2407.0027, acc=0.2669
[ 2022-08-31 15:06:56,760][train_tran.train_nn_models] [Training] Epoch=226, loss=2427.6680, nll=2427.6680, l2_reg=0.0000, acc=0.2740
[ 2022-08-31 15:06:56,761][train_tran.train_nn_models] [Validation] Epoch=226, nll=2410.6628, acc=0.2642
[ 2022-08-31 15:07:10,651][train_tran.train_nn_models] [Training] Epoch=227, loss=2427.5371, nll=2427.5371, l2_reg=0.0000, acc=0.2732
[ 2022-08-31 15:07:10,652][train_tran.train_nn_models] [Validation] Epoch=227, nll=2407.2002, acc=0.2667
[ 2022-08-31 15:07:24,554][train_tran.train_nn_models] [Training] Epoch=228, loss=2425.0989, nll=2425.0989, l2_reg=0.0000, acc=0.2748
[ 2022-08-31 15:07:24,554][train_tran.train_nn_models] [Validation] Epoch=228, nll=2407.2893, acc=0.2675
[ 2022-08-31 15:07:38,843][train_tran.train_nn_models] [Training] Epoch=229, loss=2424.1521, nll=2424.1521, l2_reg=0.0000, acc=0.2751
[ 2022-08-31 15:07:38,843][train_tran.train_nn_models] [Validation] Epoch=229, nll=2406.8772, acc=0.2679
[ 2022-08-31 15:07:52,242][train_tran.train_nn_models] [Training] Epoch=230, loss=2423.6199, nll=2423.6199, l2_reg=0.0000, acc=0.2758
[ 2022-08-31 15:07:52,242][train_tran.train_nn_models] [Validation] Epoch=230, nll=2406.6716, acc=0.2677
[ 2022-08-31 15:07:52,242][train_tran.train_nn_models] Found a better model at epoch 230.
[ 2022-08-31 15:08:05,881][train_tran.train_nn_models] [Training] Epoch=231, loss=2422.9253, nll=2422.9253, l2_reg=0.0000, acc=0.2763
[ 2022-08-31 15:08:05,882][train_tran.train_nn_models] [Validation] Epoch=231, nll=2406.1482, acc=0.2682
[ 2022-08-31 15:08:05,882][train_tran.train_nn_models] Found a better model at epoch 231.
[ 2022-08-31 15:08:18,912][train_tran.train_nn_models] [Training] Epoch=232, loss=2422.5696, nll=2422.5696, l2_reg=0.0000, acc=0.2764
[ 2022-08-31 15:08:18,912][train_tran.train_nn_models] [Validation] Epoch=232, nll=2405.9268, acc=0.2684
[ 2022-08-31 15:08:18,912][train_tran.train_nn_models] Found a better model at epoch 232.
[ 2022-08-31 15:08:32,206][train_tran.train_nn_models] [Training] Epoch=233, loss=2422.5342, nll=2422.5342, l2_reg=0.0000, acc=0.2763
[ 2022-08-31 15:08:32,206][train_tran.train_nn_models] [Validation] Epoch=233, nll=2406.8752, acc=0.2682
[ 2022-08-31 15:08:45,699][train_tran.train_nn_models] [Training] Epoch=234, loss=2422.4719, nll=2422.4719, l2_reg=0.0000, acc=0.2764
[ 2022-08-31 15:08:45,699][train_tran.train_nn_models] [Validation] Epoch=234, nll=2406.5527, acc=0.2674
[ 2022-08-31 15:08:58,929][train_tran.train_nn_models] [Training] Epoch=235, loss=2421.4641, nll=2421.4641, l2_reg=0.0000, acc=0.2774
[ 2022-08-31 15:08:58,929][train_tran.train_nn_models] [Validation] Epoch=235, nll=2404.5872, acc=0.2689
[ 2022-08-31 15:08:58,929][train_tran.train_nn_models] Found a better model at epoch 235.
[ 2022-08-31 15:09:12,946][train_tran.train_nn_models] [Training] Epoch=236, loss=2420.9941, nll=2420.9941, l2_reg=0.0000, acc=0.2780
[ 2022-08-31 15:09:12,946][train_tran.train_nn_models] [Validation] Epoch=236, nll=2403.6523, acc=0.2691
[ 2022-08-31 15:09:12,946][train_tran.train_nn_models] Found a better model at epoch 236.
[ 2022-08-31 15:09:26,189][train_tran.train_nn_models] [Training] Epoch=237, loss=2420.7031, nll=2420.7031, l2_reg=0.0000, acc=0.2782
[ 2022-08-31 15:09:26,189][train_tran.train_nn_models] [Validation] Epoch=237, nll=2404.2739, acc=0.2679
[ 2022-08-31 15:09:39,545][train_tran.train_nn_models] [Training] Epoch=238, loss=2421.2537, nll=2421.2537, l2_reg=0.0000, acc=0.2777
[ 2022-08-31 15:09:39,545][train_tran.train_nn_models] [Validation] Epoch=238, nll=2403.9978, acc=0.2680
[ 2022-08-31 15:09:53,502][train_tran.train_nn_models] [Training] Epoch=239, loss=2420.1311, nll=2420.1311, l2_reg=0.0000, acc=0.2784
[ 2022-08-31 15:09:53,503][train_tran.train_nn_models] [Validation] Epoch=239, nll=2403.3630, acc=0.2681
[ 2022-08-31 15:09:53,503][train_tran.train_nn_models] Found a better model at epoch 239.
[ 2022-08-31 15:10:06,455][train_tran.train_nn_models] [Training] Epoch=240, loss=2419.4834, nll=2419.4834, l2_reg=0.0000, acc=0.2796
[ 2022-08-31 15:10:06,455][train_tran.train_nn_models] [Validation] Epoch=240, nll=2404.8359, acc=0.2673
[ 2022-08-31 15:10:18,904][train_tran.train_nn_models] [Training] Epoch=241, loss=2419.1160, nll=2419.1160, l2_reg=0.0000, acc=0.2794
[ 2022-08-31 15:10:18,905][train_tran.train_nn_models] [Validation] Epoch=241, nll=2403.0806, acc=0.2696
[ 2022-08-31 15:10:18,905][train_tran.train_nn_models] Found a better model at epoch 241.
[ 2022-08-31 15:10:32,239][train_tran.train_nn_models] [Training] Epoch=242, loss=2417.9104, nll=2417.9104, l2_reg=0.0000, acc=0.2803
[ 2022-08-31 15:10:32,240][train_tran.train_nn_models] [Validation] Epoch=242, nll=2402.9214, acc=0.2702
[ 2022-08-31 15:10:32,240][train_tran.train_nn_models] Found a better model at epoch 242.
[ 2022-08-31 15:10:45,586][train_tran.train_nn_models] [Training] Epoch=243, loss=2417.5908, nll=2417.5908, l2_reg=0.0000, acc=0.2804
[ 2022-08-31 15:10:45,587][train_tran.train_nn_models] [Validation] Epoch=243, nll=2401.8726, acc=0.2707
[ 2022-08-31 15:10:45,587][train_tran.train_nn_models] Found a better model at epoch 243.
[ 2022-08-31 15:10:59,490][train_tran.train_nn_models] [Training] Epoch=244, loss=2417.1475, nll=2417.1475, l2_reg=0.0000, acc=0.2809
[ 2022-08-31 15:10:59,490][train_tran.train_nn_models] [Validation] Epoch=244, nll=2402.7126, acc=0.2693
[ 2022-08-31 15:11:12,401][train_tran.train_nn_models] [Training] Epoch=245, loss=2416.5325, nll=2416.5325, l2_reg=0.0000, acc=0.2814
[ 2022-08-31 15:11:12,402][train_tran.train_nn_models] [Validation] Epoch=245, nll=2404.3296, acc=0.2676
[ 2022-08-31 15:11:25,587][train_tran.train_nn_models] [Training] Epoch=246, loss=2416.1768, nll=2416.1768, l2_reg=0.0000, acc=0.2810
[ 2022-08-31 15:11:25,588][train_tran.train_nn_models] [Validation] Epoch=246, nll=2403.1541, acc=0.2687
[ 2022-08-31 15:11:39,118][train_tran.train_nn_models] [Training] Epoch=247, loss=2414.6628, nll=2414.6628, l2_reg=0.0000, acc=0.2820
[ 2022-08-31 15:11:39,118][train_tran.train_nn_models] [Validation] Epoch=247, nll=2401.3982, acc=0.2683
[ 2022-08-31 15:11:39,118][train_tran.train_nn_models] Found a better model at epoch 247.
[ 2022-08-31 15:11:51,914][train_tran.train_nn_models] [Training] Epoch=248, loss=2413.9258, nll=2413.9258, l2_reg=0.0000, acc=0.2833
[ 2022-08-31 15:11:51,915][train_tran.train_nn_models] [Validation] Epoch=248, nll=2401.7788, acc=0.2688
[ 2022-08-31 15:12:04,365][train_tran.train_nn_models] [Training] Epoch=249, loss=2413.3623, nll=2413.3623, l2_reg=0.0000, acc=0.2834
[ 2022-08-31 15:12:04,365][train_tran.train_nn_models] [Validation] Epoch=249, nll=2401.4780, acc=0.2691
[ 2022-08-31 15:12:06,091][train_tran.eval_nll] [Test]nll=2438.2988, acc=0.2731
[ 2022-08-31 16:17:28,051][train_tran.<module>]                    timestamp  ...                                             config
0 2022-08-31 16:17:28.034052  ...  {'model': 'Tran', 'dataset': 'mhp-1K-10', 'inp...
1 2022-08-31 16:17:28.034052  ...  {'model': 'Tran', 'dataset': 'mhp-1K-10', 'inp...
2 2022-08-31 16:17:28.034052  ...  {'model': 'Tran', 'dataset': 'mhp-1K-10', 'inp...
3 2022-08-31 16:17:28.034052  ...  {'model': 'Tran', 'dataset': 'mhp-1K-10', 'inp...
4 2022-08-31 16:17:28.034052  ...  {'model': 'Tran', 'dataset': 'mhp-1K-10', 'inp...
5 2022-08-31 16:17:28.034052  ...  {'model': 'Tran', 'dataset': 'mhp-1K-10', 'inp...

[6 rows x 7 columns]
