[ 2022-08-04 12:11:19,337][train.<module>] Namespace(attr_batch_size=0, basis_type='dyadic', batch_size=64, bucket_seqs=False, cuda=True, dataset='pgem-1K-10', dropout=0.0, embedding_dim=64, epochs=200, hidden_size=64, input_dir='data/input', l2_reg=0, lr=0.001, max_mean=20.0, model='Tran', n_bases=7, num_workers=0, occurred_type_only=False, optimizer='Adam', output_dir='data/output', rand_seed=0, skip_eval_infectivity=False, skip_pred_next_event=False, split_id=3, steps=50, tune_metric='nll', verbose=False)
[ 2022-08-04 12:11:21,721][train.train_nn_models] [Training] Epoch=0, loss=6646.0923, nll=6646.0923, l2_reg=0.0000, acc=0.1534
[ 2022-08-04 12:11:21,721][train.train_nn_models] [Validation] Epoch=0, nll=2746.7278, acc=0.1517
[ 2022-08-04 12:11:23,693][train.train_nn_models] [Training] Epoch=1, loss=1419.4146, nll=1419.4146, l2_reg=0.0000, acc=0.1617
[ 2022-08-04 12:11:23,693][train.train_nn_models] [Validation] Epoch=1, nll=777.8183, acc=0.2051
[ 2022-08-04 12:11:25,645][train.train_nn_models] [Training] Epoch=2, loss=770.7787, nll=770.7787, l2_reg=0.0000, acc=0.2365
[ 2022-08-04 12:11:25,645][train.train_nn_models] [Validation] Epoch=2, nll=761.2737, acc=0.2663
[ 2022-08-04 12:11:27,551][train.train_nn_models] [Training] Epoch=3, loss=732.6802, nll=732.6802, l2_reg=0.0000, acc=0.2758
[ 2022-08-04 12:11:27,551][train.train_nn_models] [Validation] Epoch=3, nll=711.6785, acc=0.2731
[ 2022-08-04 12:11:29,345][train.train_nn_models] [Training] Epoch=4, loss=704.9609, nll=704.9609, l2_reg=0.0000, acc=0.2780
[ 2022-08-04 12:11:29,345][train.train_nn_models] [Validation] Epoch=4, nll=701.7782, acc=0.2752
[ 2022-08-04 12:11:31,291][train.train_nn_models] [Training] Epoch=5, loss=697.1906, nll=697.1906, l2_reg=0.0000, acc=0.2814
[ 2022-08-04 12:11:31,294][train.train_nn_models] [Validation] Epoch=5, nll=697.7130, acc=0.2795
[ 2022-08-04 12:11:33,150][train.train_nn_models] [Training] Epoch=6, loss=694.2778, nll=694.2778, l2_reg=0.0000, acc=0.2820
[ 2022-08-04 12:11:33,150][train.train_nn_models] [Validation] Epoch=6, nll=696.0416, acc=0.2791
[ 2022-08-04 12:11:35,156][train.train_nn_models] [Training] Epoch=7, loss=693.1432, nll=693.1432, l2_reg=0.0000, acc=0.2809
[ 2022-08-04 12:11:35,156][train.train_nn_models] [Validation] Epoch=7, nll=695.2213, acc=0.2781
[ 2022-08-04 12:11:37,004][train.train_nn_models] [Training] Epoch=8, loss=692.6445, nll=692.6445, l2_reg=0.0000, acc=0.2815
[ 2022-08-04 12:11:37,004][train.train_nn_models] [Validation] Epoch=8, nll=694.9261, acc=0.2783
[ 2022-08-04 12:11:38,903][train.train_nn_models] [Training] Epoch=9, loss=692.2979, nll=692.2979, l2_reg=0.0000, acc=0.2810
[ 2022-08-04 12:11:38,904][train.train_nn_models] [Validation] Epoch=9, nll=694.6108, acc=0.2791
[ 2022-08-04 12:11:40,843][train.train_nn_models] [Training] Epoch=10, loss=692.0237, nll=692.0237, l2_reg=0.0000, acc=0.2815
[ 2022-08-04 12:11:40,843][train.train_nn_models] [Validation] Epoch=10, nll=694.4343, acc=0.2781
[ 2022-08-04 12:11:42,665][train.train_nn_models] [Training] Epoch=11, loss=691.8281, nll=691.8281, l2_reg=0.0000, acc=0.2814
[ 2022-08-04 12:11:42,666][train.train_nn_models] [Validation] Epoch=11, nll=694.2728, acc=0.2776
[ 2022-08-04 12:11:44,601][train.train_nn_models] [Training] Epoch=12, loss=691.6713, nll=691.6713, l2_reg=0.0000, acc=0.2815
[ 2022-08-04 12:11:44,601][train.train_nn_models] [Validation] Epoch=12, nll=694.1435, acc=0.2773
[ 2022-08-04 12:11:46,461][train.train_nn_models] [Training] Epoch=13, loss=691.5407, nll=691.5407, l2_reg=0.0000, acc=0.2818
[ 2022-08-04 12:11:46,462][train.train_nn_models] [Validation] Epoch=13, nll=694.0294, acc=0.2774
[ 2022-08-04 12:11:48,406][train.train_nn_models] [Training] Epoch=14, loss=691.4335, nll=691.4335, l2_reg=0.0000, acc=0.2818
[ 2022-08-04 12:11:48,407][train.train_nn_models] [Validation] Epoch=14, nll=693.9435, acc=0.2764
[ 2022-08-04 12:11:50,329][train.train_nn_models] [Training] Epoch=15, loss=691.3463, nll=691.3463, l2_reg=0.0000, acc=0.2819
[ 2022-08-04 12:11:50,329][train.train_nn_models] [Validation] Epoch=15, nll=693.8734, acc=0.2775
[ 2022-08-04 12:11:52,363][train.train_nn_models] [Training] Epoch=16, loss=691.2748, nll=691.2748, l2_reg=0.0000, acc=0.2817
[ 2022-08-04 12:11:52,363][train.train_nn_models] [Validation] Epoch=16, nll=693.8179, acc=0.2771
[ 2022-08-04 12:11:54,272][train.train_nn_models] [Training] Epoch=17, loss=691.2148, nll=691.2148, l2_reg=0.0000, acc=0.2817
[ 2022-08-04 12:11:54,273][train.train_nn_models] [Validation] Epoch=17, nll=693.7717, acc=0.2776
[ 2022-08-04 12:11:56,211][train.train_nn_models] [Training] Epoch=18, loss=691.1625, nll=691.1625, l2_reg=0.0000, acc=0.2815
[ 2022-08-04 12:11:56,211][train.train_nn_models] [Validation] Epoch=18, nll=693.7310, acc=0.2766
[ 2022-08-04 12:11:58,190][train.train_nn_models] [Training] Epoch=19, loss=691.1154, nll=691.1154, l2_reg=0.0000, acc=0.2817
[ 2022-08-04 12:11:58,190][train.train_nn_models] [Validation] Epoch=19, nll=693.6956, acc=0.2773
[ 2022-08-04 12:12:00,064][train.train_nn_models] [Training] Epoch=20, loss=691.0721, nll=691.0721, l2_reg=0.0000, acc=0.2824
[ 2022-08-04 12:12:00,065][train.train_nn_models] [Validation] Epoch=20, nll=693.6640, acc=0.2791
[ 2022-08-04 12:12:02,008][train.train_nn_models] [Training] Epoch=21, loss=691.0321, nll=691.0321, l2_reg=0.0000, acc=0.2826
[ 2022-08-04 12:12:02,009][train.train_nn_models] [Validation] Epoch=21, nll=693.6360, acc=0.2785
[ 2022-08-04 12:12:03,956][train.train_nn_models] [Training] Epoch=22, loss=690.9946, nll=690.9946, l2_reg=0.0000, acc=0.2833
[ 2022-08-04 12:12:03,956][train.train_nn_models] [Validation] Epoch=22, nll=693.6104, acc=0.2784
[ 2022-08-04 12:12:05,790][train.train_nn_models] [Training] Epoch=23, loss=690.9594, nll=690.9594, l2_reg=0.0000, acc=0.2832
[ 2022-08-04 12:12:05,791][train.train_nn_models] [Validation] Epoch=23, nll=693.5854, acc=0.2771
[ 2022-08-04 12:12:07,691][train.train_nn_models] [Training] Epoch=24, loss=690.9252, nll=690.9252, l2_reg=0.0000, acc=0.2830
[ 2022-08-04 12:12:07,691][train.train_nn_models] [Validation] Epoch=24, nll=693.5590, acc=0.2792
[ 2022-08-04 12:12:09,531][train.train_nn_models] [Training] Epoch=25, loss=690.8909, nll=690.8909, l2_reg=0.0000, acc=0.2830
[ 2022-08-04 12:12:09,532][train.train_nn_models] [Validation] Epoch=25, nll=693.5305, acc=0.2786
[ 2022-08-04 12:12:11,480][train.train_nn_models] [Training] Epoch=26, loss=690.8550, nll=690.8550, l2_reg=0.0000, acc=0.2830
[ 2022-08-04 12:12:11,480][train.train_nn_models] [Validation] Epoch=26, nll=693.4988, acc=0.2774
[ 2022-08-04 12:12:13,493][train.train_nn_models] [Training] Epoch=27, loss=690.8130, nll=690.8130, l2_reg=0.0000, acc=0.2829
[ 2022-08-04 12:12:13,493][train.train_nn_models] [Validation] Epoch=27, nll=693.4514, acc=0.2768
[ 2022-08-04 12:12:15,530][train.train_nn_models] [Training] Epoch=28, loss=690.7287, nll=690.7287, l2_reg=0.0000, acc=0.2831
[ 2022-08-04 12:12:15,531][train.train_nn_models] [Validation] Epoch=28, nll=693.3364, acc=0.2797
[ 2022-08-04 12:12:17,436][train.train_nn_models] [Training] Epoch=29, loss=690.5842, nll=690.5842, l2_reg=0.0000, acc=0.2837
[ 2022-08-04 12:12:17,437][train.train_nn_models] [Validation] Epoch=29, nll=693.2659, acc=0.2795
[ 2022-08-04 12:12:19,406][train.train_nn_models] [Training] Epoch=30, loss=690.5248, nll=690.5248, l2_reg=0.0000, acc=0.2834
[ 2022-08-04 12:12:19,406][train.train_nn_models] [Validation] Epoch=30, nll=693.2812, acc=0.2786
[ 2022-08-04 12:12:21,282][train.train_nn_models] [Training] Epoch=31, loss=690.4864, nll=690.4864, l2_reg=0.0000, acc=0.2834
[ 2022-08-04 12:12:21,293][train.train_nn_models] [Validation] Epoch=31, nll=693.2276, acc=0.2794
[ 2022-08-04 12:12:23,278][train.train_nn_models] [Training] Epoch=32, loss=690.4365, nll=690.4365, l2_reg=0.0000, acc=0.2837
[ 2022-08-04 12:12:23,279][train.train_nn_models] [Validation] Epoch=32, nll=693.2123, acc=0.2796
[ 2022-08-04 12:12:25,266][train.train_nn_models] [Training] Epoch=33, loss=690.3968, nll=690.3968, l2_reg=0.0000, acc=0.2838
[ 2022-08-04 12:12:25,266][train.train_nn_models] [Validation] Epoch=33, nll=693.1833, acc=0.2800
[ 2022-08-04 12:12:27,179][train.train_nn_models] [Training] Epoch=34, loss=690.3505, nll=690.3505, l2_reg=0.0000, acc=0.2837
[ 2022-08-04 12:12:27,180][train.train_nn_models] [Validation] Epoch=34, nll=693.1786, acc=0.2806
[ 2022-08-04 12:12:29,133][train.train_nn_models] [Training] Epoch=35, loss=690.3108, nll=690.3108, l2_reg=0.0000, acc=0.2839
[ 2022-08-04 12:12:29,134][train.train_nn_models] [Validation] Epoch=35, nll=693.1643, acc=0.2791
[ 2022-08-04 12:12:31,072][train.train_nn_models] [Training] Epoch=36, loss=690.2654, nll=690.2654, l2_reg=0.0000, acc=0.2837
[ 2022-08-04 12:12:31,072][train.train_nn_models] [Validation] Epoch=36, nll=693.1566, acc=0.2798
[ 2022-08-04 12:12:33,064][train.train_nn_models] [Training] Epoch=37, loss=690.2214, nll=690.2214, l2_reg=0.0000, acc=0.2835
[ 2022-08-04 12:12:33,065][train.train_nn_models] [Validation] Epoch=37, nll=693.1487, acc=0.2788
[ 2022-08-04 12:12:34,981][train.train_nn_models] [Training] Epoch=38, loss=690.1758, nll=690.1758, l2_reg=0.0000, acc=0.2838
[ 2022-08-04 12:12:34,982][train.train_nn_models] [Validation] Epoch=38, nll=693.1439, acc=0.2793
[ 2022-08-04 12:12:36,934][train.train_nn_models] [Training] Epoch=39, loss=690.1279, nll=690.1279, l2_reg=0.0000, acc=0.2836
[ 2022-08-04 12:12:36,935][train.train_nn_models] [Validation] Epoch=39, nll=693.1365, acc=0.2796
[ 2022-08-04 12:12:38,926][train.train_nn_models] [Training] Epoch=40, loss=690.0798, nll=690.0798, l2_reg=0.0000, acc=0.2835
[ 2022-08-04 12:12:38,927][train.train_nn_models] [Validation] Epoch=40, nll=693.1370, acc=0.2793
[ 2022-08-04 12:12:40,873][train.train_nn_models] [Training] Epoch=41, loss=690.0270, nll=690.0270, l2_reg=0.0000, acc=0.2837
[ 2022-08-04 12:12:40,874][train.train_nn_models] [Validation] Epoch=41, nll=693.1406, acc=0.2801
[ 2022-08-04 12:12:42,851][train.train_nn_models] [Training] Epoch=42, loss=689.9597, nll=689.9597, l2_reg=0.0000, acc=0.2840
[ 2022-08-04 12:12:42,852][train.train_nn_models] [Validation] Epoch=42, nll=693.1987, acc=0.2805
[ 2022-08-04 12:12:44,776][train.train_nn_models] [Training] Epoch=43, loss=689.8660, nll=689.8660, l2_reg=0.0000, acc=0.2836
[ 2022-08-04 12:12:44,777][train.train_nn_models] [Validation] Epoch=43, nll=693.0103, acc=0.2781
[ 2022-08-04 12:12:46,687][train.train_nn_models] [Training] Epoch=44, loss=689.8691, nll=689.8691, l2_reg=0.0000, acc=0.2820
[ 2022-08-04 12:12:46,687][train.train_nn_models] [Validation] Epoch=44, nll=692.7913, acc=0.2788
[ 2022-08-04 12:12:48,636][train.train_nn_models] [Training] Epoch=45, loss=689.7610, nll=689.7610, l2_reg=0.0000, acc=0.2824
[ 2022-08-04 12:12:48,636][train.train_nn_models] [Validation] Epoch=45, nll=692.9645, acc=0.2784
[ 2022-08-04 12:12:50,541][train.train_nn_models] [Training] Epoch=46, loss=689.7209, nll=689.7209, l2_reg=0.0000, acc=0.2827
[ 2022-08-04 12:12:50,541][train.train_nn_models] [Validation] Epoch=46, nll=692.8520, acc=0.2787
[ 2022-08-04 12:12:52,465][train.train_nn_models] [Training] Epoch=47, loss=689.6349, nll=689.6349, l2_reg=0.0000, acc=0.2822
[ 2022-08-04 12:12:52,466][train.train_nn_models] [Validation] Epoch=47, nll=692.7086, acc=0.2792
[ 2022-08-04 12:12:54,376][train.train_nn_models] [Training] Epoch=48, loss=689.6056, nll=689.6056, l2_reg=0.0000, acc=0.2828
[ 2022-08-04 12:12:54,376][train.train_nn_models] [Validation] Epoch=48, nll=692.4058, acc=0.2791
[ 2022-08-04 12:12:56,358][train.train_nn_models] [Training] Epoch=49, loss=689.4243, nll=689.4243, l2_reg=0.0000, acc=0.2827
[ 2022-08-04 12:12:56,359][train.train_nn_models] [Validation] Epoch=49, nll=692.5468, acc=0.2805
[ 2022-08-04 12:12:58,324][train.train_nn_models] [Training] Epoch=50, loss=689.3683, nll=689.3683, l2_reg=0.0000, acc=0.2829
[ 2022-08-04 12:12:58,324][train.train_nn_models] [Validation] Epoch=50, nll=692.1563, acc=0.2793
[ 2022-08-04 12:13:00,262][train.train_nn_models] [Training] Epoch=51, loss=689.1885, nll=689.1885, l2_reg=0.0000, acc=0.2833
[ 2022-08-04 12:13:00,263][train.train_nn_models] [Validation] Epoch=51, nll=692.0068, acc=0.2790
[ 2022-08-04 12:13:02,151][train.train_nn_models] [Training] Epoch=52, loss=688.9963, nll=688.9963, l2_reg=0.0000, acc=0.2825
[ 2022-08-04 12:13:02,152][train.train_nn_models] [Validation] Epoch=52, nll=692.1501, acc=0.2800
[ 2022-08-04 12:13:04,112][train.train_nn_models] [Training] Epoch=53, loss=688.8418, nll=688.8418, l2_reg=0.0000, acc=0.2827
[ 2022-08-04 12:13:04,112][train.train_nn_models] [Validation] Epoch=53, nll=692.2801, acc=0.2794
[ 2022-08-04 12:13:06,114][train.train_nn_models] [Training] Epoch=54, loss=688.7484, nll=688.7484, l2_reg=0.0000, acc=0.2829
[ 2022-08-04 12:13:06,115][train.train_nn_models] [Validation] Epoch=54, nll=692.3872, acc=0.2795
[ 2022-08-04 12:13:08,036][train.train_nn_models] [Training] Epoch=55, loss=688.6521, nll=688.6521, l2_reg=0.0000, acc=0.2831
[ 2022-08-04 12:13:08,036][train.train_nn_models] [Validation] Epoch=55, nll=692.1176, acc=0.2803
[ 2022-08-04 12:13:10,005][train.train_nn_models] [Training] Epoch=56, loss=688.5079, nll=688.5079, l2_reg=0.0000, acc=0.2832
[ 2022-08-04 12:13:10,005][train.train_nn_models] [Validation] Epoch=56, nll=692.6099, acc=0.2795
[ 2022-08-04 12:13:11,902][train.train_nn_models] [Training] Epoch=57, loss=688.4886, nll=688.4886, l2_reg=0.0000, acc=0.2832
[ 2022-08-04 12:13:11,903][train.train_nn_models] [Validation] Epoch=57, nll=691.9676, acc=0.2808
[ 2022-08-04 12:13:13,962][train.train_nn_models] [Training] Epoch=58, loss=688.2408, nll=688.2408, l2_reg=0.0000, acc=0.2826
[ 2022-08-04 12:13:13,962][train.train_nn_models] [Validation] Epoch=58, nll=692.4461, acc=0.2798
[ 2022-08-04 12:13:15,822][train.train_nn_models] [Training] Epoch=59, loss=688.2552, nll=688.2552, l2_reg=0.0000, acc=0.2836
[ 2022-08-04 12:13:15,823][train.train_nn_models] [Validation] Epoch=59, nll=692.0370, acc=0.2808
[ 2022-08-04 12:13:17,716][train.train_nn_models] [Training] Epoch=60, loss=687.9955, nll=687.9955, l2_reg=0.0000, acc=0.2834
[ 2022-08-04 12:13:17,716][train.train_nn_models] [Validation] Epoch=60, nll=691.8864, acc=0.2793
[ 2022-08-04 12:13:19,639][train.train_nn_models] [Training] Epoch=61, loss=687.9078, nll=687.9078, l2_reg=0.0000, acc=0.2832
[ 2022-08-04 12:13:19,639][train.train_nn_models] [Validation] Epoch=61, nll=692.1383, acc=0.2795
[ 2022-08-04 12:13:21,519][train.train_nn_models] [Training] Epoch=62, loss=687.7897, nll=687.7897, l2_reg=0.0000, acc=0.2834
[ 2022-08-04 12:13:21,520][train.train_nn_models] [Validation] Epoch=62, nll=691.4938, acc=0.2798
[ 2022-08-04 12:13:23,481][train.train_nn_models] [Training] Epoch=63, loss=687.5276, nll=687.5276, l2_reg=0.0000, acc=0.2835
[ 2022-08-04 12:13:23,482][train.train_nn_models] [Validation] Epoch=63, nll=691.5153, acc=0.2805
[ 2022-08-04 12:13:25,357][train.train_nn_models] [Training] Epoch=64, loss=687.4146, nll=687.4146, l2_reg=0.0000, acc=0.2844
[ 2022-08-04 12:13:25,357][train.train_nn_models] [Validation] Epoch=64, nll=691.4208, acc=0.2791
[ 2022-08-04 12:13:27,285][train.train_nn_models] [Training] Epoch=65, loss=687.2050, nll=687.2050, l2_reg=0.0000, acc=0.2845
[ 2022-08-04 12:13:27,285][train.train_nn_models] [Validation] Epoch=65, nll=690.9111, acc=0.2807
[ 2022-08-04 12:13:29,251][train.train_nn_models] [Training] Epoch=66, loss=686.9270, nll=686.9270, l2_reg=0.0000, acc=0.2845
[ 2022-08-04 12:13:29,251][train.train_nn_models] [Validation] Epoch=66, nll=690.7994, acc=0.2783
[ 2022-08-04 12:13:31,238][train.train_nn_models] [Training] Epoch=67, loss=686.7156, nll=686.7156, l2_reg=0.0000, acc=0.2844
[ 2022-08-04 12:13:31,239][train.train_nn_models] [Validation] Epoch=67, nll=690.6788, acc=0.2776
[ 2022-08-04 12:13:33,155][train.train_nn_models] [Training] Epoch=68, loss=686.4462, nll=686.4462, l2_reg=0.0000, acc=0.2846
[ 2022-08-04 12:13:33,155][train.train_nn_models] [Validation] Epoch=68, nll=690.2887, acc=0.2788
[ 2022-08-04 12:13:35,020][train.train_nn_models] [Training] Epoch=69, loss=686.0692, nll=686.0692, l2_reg=0.0000, acc=0.2851
[ 2022-08-04 12:13:35,021][train.train_nn_models] [Validation] Epoch=69, nll=689.9822, acc=0.2813
[ 2022-08-04 12:13:36,980][train.train_nn_models] [Training] Epoch=70, loss=685.6852, nll=685.6852, l2_reg=0.0000, acc=0.2860
[ 2022-08-04 12:13:36,981][train.train_nn_models] [Validation] Epoch=70, nll=689.6668, acc=0.2835
[ 2022-08-04 12:13:38,868][train.train_nn_models] [Training] Epoch=71, loss=685.2408, nll=685.2408, l2_reg=0.0000, acc=0.2872
[ 2022-08-04 12:13:38,873][train.train_nn_models] [Validation] Epoch=71, nll=689.2695, acc=0.2859
[ 2022-08-04 12:13:40,827][train.train_nn_models] [Training] Epoch=72, loss=684.7173, nll=684.7173, l2_reg=0.0000, acc=0.2891
[ 2022-08-04 12:13:40,835][train.train_nn_models] [Validation] Epoch=72, nll=688.6604, acc=0.2879
[ 2022-08-04 12:13:42,802][train.train_nn_models] [Training] Epoch=73, loss=684.0588, nll=684.0588, l2_reg=0.0000, acc=0.2914
[ 2022-08-04 12:13:42,803][train.train_nn_models] [Validation] Epoch=73, nll=687.8796, acc=0.2906
[ 2022-08-04 12:13:44,734][train.train_nn_models] [Training] Epoch=74, loss=683.4321, nll=683.4321, l2_reg=0.0000, acc=0.2942
[ 2022-08-04 12:13:44,734][train.train_nn_models] [Validation] Epoch=74, nll=687.2092, acc=0.2928
[ 2022-08-04 12:13:46,529][train.train_nn_models] [Training] Epoch=75, loss=682.9001, nll=682.9001, l2_reg=0.0000, acc=0.2957
[ 2022-08-04 12:13:46,529][train.train_nn_models] [Validation] Epoch=75, nll=687.0070, acc=0.2958
[ 2022-08-04 12:13:48,429][train.train_nn_models] [Training] Epoch=76, loss=681.9972, nll=681.9972, l2_reg=0.0000, acc=0.2983
[ 2022-08-04 12:13:48,430][train.train_nn_models] [Validation] Epoch=76, nll=685.9169, acc=0.2985
[ 2022-08-04 12:13:50,274][train.train_nn_models] [Training] Epoch=77, loss=680.6702, nll=680.6702, l2_reg=0.0000, acc=0.3023
[ 2022-08-04 12:13:50,274][train.train_nn_models] [Validation] Epoch=77, nll=683.2416, acc=0.3048
[ 2022-08-04 12:13:52,151][train.train_nn_models] [Training] Epoch=78, loss=679.3899, nll=679.3899, l2_reg=0.0000, acc=0.3056
[ 2022-08-04 12:13:52,151][train.train_nn_models] [Validation] Epoch=78, nll=681.4701, acc=0.3008
[ 2022-08-04 12:13:54,104][train.train_nn_models] [Training] Epoch=79, loss=677.7875, nll=677.7875, l2_reg=0.0000, acc=0.3081
[ 2022-08-04 12:13:54,105][train.train_nn_models] [Validation] Epoch=79, nll=680.5117, acc=0.3035
[ 2022-08-04 12:13:56,071][train.train_nn_models] [Training] Epoch=80, loss=675.1782, nll=675.1782, l2_reg=0.0000, acc=0.3142
[ 2022-08-04 12:13:56,071][train.train_nn_models] [Validation] Epoch=80, nll=679.0048, acc=0.3169
[ 2022-08-04 12:13:58,175][train.train_nn_models] [Training] Epoch=81, loss=671.8387, nll=671.8387, l2_reg=0.0000, acc=0.3247
[ 2022-08-04 12:13:58,176][train.train_nn_models] [Validation] Epoch=81, nll=678.6779, acc=0.3164
[ 2022-08-04 12:14:00,147][train.train_nn_models] [Training] Epoch=82, loss=669.1370, nll=669.1370, l2_reg=0.0000, acc=0.3318
[ 2022-08-04 12:14:00,148][train.train_nn_models] [Validation] Epoch=82, nll=680.2424, acc=0.3110
[ 2022-08-04 12:14:02,055][train.train_nn_models] [Training] Epoch=83, loss=666.3788, nll=666.3788, l2_reg=0.0000, acc=0.3402
[ 2022-08-04 12:14:02,055][train.train_nn_models] [Validation] Epoch=83, nll=676.2668, acc=0.3067
[ 2022-08-04 12:14:04,017][train.train_nn_models] [Training] Epoch=84, loss=685.8864, nll=685.8864, l2_reg=0.0000, acc=0.3140
[ 2022-08-04 12:14:04,018][train.train_nn_models] [Validation] Epoch=84, nll=694.1028, acc=0.2835
[ 2022-08-04 12:14:05,887][train.train_nn_models] [Training] Epoch=85, loss=687.7570, nll=687.7570, l2_reg=0.0000, acc=0.2897
[ 2022-08-04 12:14:05,888][train.train_nn_models] [Validation] Epoch=85, nll=686.7586, acc=0.2941
[ 2022-08-04 12:14:07,832][train.train_nn_models] [Training] Epoch=86, loss=678.6171, nll=678.6171, l2_reg=0.0000, acc=0.3039
[ 2022-08-04 12:14:07,833][train.train_nn_models] [Validation] Epoch=86, nll=679.1008, acc=0.3104
[ 2022-08-04 12:14:09,671][train.train_nn_models] [Training] Epoch=87, loss=669.0145, nll=669.0145, l2_reg=0.0000, acc=0.3246
[ 2022-08-04 12:14:09,671][train.train_nn_models] [Validation] Epoch=87, nll=675.3669, acc=0.3105
[ 2022-08-04 12:14:11,568][train.train_nn_models] [Training] Epoch=88, loss=663.8799, nll=663.8799, l2_reg=0.0000, acc=0.3390
[ 2022-08-04 12:14:11,569][train.train_nn_models] [Validation] Epoch=88, nll=669.6187, acc=0.3484
[ 2022-08-04 12:14:13,510][train.train_nn_models] [Training] Epoch=89, loss=656.1755, nll=656.1755, l2_reg=0.0000, acc=0.3631
[ 2022-08-04 12:14:13,511][train.train_nn_models] [Validation] Epoch=89, nll=664.2798, acc=0.3579
[ 2022-08-04 12:14:15,459][train.train_nn_models] [Training] Epoch=90, loss=651.6373, nll=651.6373, l2_reg=0.0000, acc=0.3767
[ 2022-08-04 12:14:15,459][train.train_nn_models] [Validation] Epoch=90, nll=665.2062, acc=0.3498
[ 2022-08-04 12:14:17,361][train.train_nn_models] [Training] Epoch=91, loss=652.7422, nll=652.7422, l2_reg=0.0000, acc=0.3739
[ 2022-08-04 12:14:17,361][train.train_nn_models] [Validation] Epoch=91, nll=674.2055, acc=0.3171
[ 2022-08-04 12:14:19,246][train.train_nn_models] [Training] Epoch=92, loss=657.0496, nll=657.0496, l2_reg=0.0000, acc=0.3562
[ 2022-08-04 12:14:19,247][train.train_nn_models] [Validation] Epoch=92, nll=664.2021, acc=0.3486
[ 2022-08-04 12:14:21,240][train.train_nn_models] [Training] Epoch=93, loss=646.1443, nll=646.1443, l2_reg=0.0000, acc=0.3890
[ 2022-08-04 12:14:21,241][train.train_nn_models] [Validation] Epoch=93, nll=660.4462, acc=0.3707
[ 2022-08-04 12:14:23,130][train.train_nn_models] [Training] Epoch=94, loss=640.0861, nll=640.0861, l2_reg=0.0000, acc=0.4032
[ 2022-08-04 12:14:23,130][train.train_nn_models] [Validation] Epoch=94, nll=660.9930, acc=0.3494
[ 2022-08-04 12:14:25,149][train.train_nn_models] [Training] Epoch=95, loss=637.7468, nll=637.7468, l2_reg=0.0000, acc=0.4089
[ 2022-08-04 12:14:25,149][train.train_nn_models] [Validation] Epoch=95, nll=659.6735, acc=0.3670
[ 2022-08-04 12:14:27,208][train.train_nn_models] [Training] Epoch=96, loss=639.6309, nll=639.6309, l2_reg=0.0000, acc=0.4057
[ 2022-08-04 12:14:27,209][train.train_nn_models] [Validation] Epoch=96, nll=668.2144, acc=0.3354
[ 2022-08-04 12:14:29,321][train.train_nn_models] [Training] Epoch=97, loss=640.0772, nll=640.0772, l2_reg=0.0000, acc=0.4008
[ 2022-08-04 12:14:29,322][train.train_nn_models] [Validation] Epoch=97, nll=658.1389, acc=0.3558
[ 2022-08-04 12:14:31,399][train.train_nn_models] [Training] Epoch=98, loss=631.6897, nll=631.6897, l2_reg=0.0000, acc=0.4208
[ 2022-08-04 12:14:31,400][train.train_nn_models] [Validation] Epoch=98, nll=653.7672, acc=0.3812
[ 2022-08-04 12:14:33,422][train.train_nn_models] [Training] Epoch=99, loss=624.7826, nll=624.7826, l2_reg=0.0000, acc=0.4380
[ 2022-08-04 12:14:33,423][train.train_nn_models] [Validation] Epoch=99, nll=655.2670, acc=0.3765
[ 2022-08-04 12:14:35,427][train.train_nn_models] [Training] Epoch=100, loss=638.3854, nll=638.3854, l2_reg=0.0000, acc=0.4175
[ 2022-08-04 12:14:35,427][train.train_nn_models] [Validation] Epoch=100, nll=686.7657, acc=0.3029
[ 2022-08-04 12:14:37,472][train.train_nn_models] [Training] Epoch=101, loss=673.4189, nll=673.4189, l2_reg=0.0000, acc=0.3321
[ 2022-08-04 12:14:37,473][train.train_nn_models] [Validation] Epoch=101, nll=671.2504, acc=0.3384
[ 2022-08-04 12:14:39,483][train.train_nn_models] [Training] Epoch=102, loss=656.1638, nll=656.1638, l2_reg=0.0000, acc=0.3642
[ 2022-08-04 12:14:39,483][train.train_nn_models] [Validation] Epoch=102, nll=728.3654, acc=0.2879
[ 2022-08-04 12:14:41,393][train.train_nn_models] [Training] Epoch=103, loss=700.1329, nll=700.1329, l2_reg=0.0000, acc=0.2770
[ 2022-08-04 12:14:41,394][train.train_nn_models] [Validation] Epoch=103, nll=685.9279, acc=0.3184
[ 2022-08-04 12:14:43,386][train.train_nn_models] [Training] Epoch=104, loss=672.1824, nll=672.1824, l2_reg=0.0000, acc=0.3276
[ 2022-08-04 12:14:43,387][train.train_nn_models] [Validation] Epoch=104, nll=675.5946, acc=0.3104
[ 2022-08-04 12:14:45,359][train.train_nn_models] [Training] Epoch=105, loss=655.4773, nll=655.4773, l2_reg=0.0000, acc=0.3789
[ 2022-08-04 12:14:45,360][train.train_nn_models] [Validation] Epoch=105, nll=664.0653, acc=0.3445
[ 2022-08-04 12:14:47,376][train.train_nn_models] [Training] Epoch=106, loss=639.6138, nll=639.6138, l2_reg=0.0000, acc=0.4045
[ 2022-08-04 12:14:47,377][train.train_nn_models] [Validation] Epoch=106, nll=652.8771, acc=0.3815
[ 2022-08-04 12:14:47,377][train.train_nn_models] Found a better model at epoch 106.
[ 2022-08-04 12:14:49,343][train.train_nn_models] [Training] Epoch=107, loss=634.1177, nll=634.1177, l2_reg=0.0000, acc=0.4158
[ 2022-08-04 12:14:49,344][train.train_nn_models] [Validation] Epoch=107, nll=658.7815, acc=0.3623
[ 2022-08-04 12:14:51,348][train.train_nn_models] [Training] Epoch=108, loss=632.5099, nll=632.5099, l2_reg=0.0000, acc=0.4178
[ 2022-08-04 12:14:51,348][train.train_nn_models] [Validation] Epoch=108, nll=650.1971, acc=0.3860
[ 2022-08-04 12:14:51,348][train.train_nn_models] Found a better model at epoch 108.
[ 2022-08-04 12:14:53,350][train.train_nn_models] [Training] Epoch=109, loss=639.0231, nll=639.0231, l2_reg=0.0000, acc=0.3987
[ 2022-08-04 12:14:53,356][train.train_nn_models] [Validation] Epoch=109, nll=650.6605, acc=0.3719
[ 2022-08-04 12:14:55,429][train.train_nn_models] [Training] Epoch=110, loss=625.6765, nll=625.6765, l2_reg=0.0000, acc=0.4374
[ 2022-08-04 12:14:55,430][train.train_nn_models] [Validation] Epoch=110, nll=647.6213, acc=0.3746
[ 2022-08-04 12:14:55,430][train.train_nn_models] Found a better model at epoch 110.
[ 2022-08-04 12:14:57,400][train.train_nn_models] [Training] Epoch=111, loss=620.5844, nll=620.5844, l2_reg=0.0000, acc=0.4456
[ 2022-08-04 12:14:57,401][train.train_nn_models] [Validation] Epoch=111, nll=644.3864, acc=0.4037
[ 2022-08-04 12:14:57,401][train.train_nn_models] Found a better model at epoch 111.
[ 2022-08-04 12:14:59,392][train.train_nn_models] [Training] Epoch=112, loss=615.0428, nll=615.0428, l2_reg=0.0000, acc=0.4573
[ 2022-08-04 12:14:59,393][train.train_nn_models] [Validation] Epoch=112, nll=696.6938, acc=0.3294
[ 2022-08-04 12:15:01,346][train.train_nn_models] [Training] Epoch=113, loss=669.9211, nll=669.9211, l2_reg=0.0000, acc=0.3588
[ 2022-08-04 12:15:01,347][train.train_nn_models] [Validation] Epoch=113, nll=671.4864, acc=0.3252
[ 2022-08-04 12:15:03,362][train.train_nn_models] [Training] Epoch=114, loss=648.3511, nll=648.3511, l2_reg=0.0000, acc=0.3864
[ 2022-08-04 12:15:03,362][train.train_nn_models] [Validation] Epoch=114, nll=652.8615, acc=0.3682
[ 2022-08-04 12:15:05,410][train.train_nn_models] [Training] Epoch=115, loss=630.5195, nll=630.5195, l2_reg=0.0000, acc=0.4241
[ 2022-08-04 12:15:05,411][train.train_nn_models] [Validation] Epoch=115, nll=644.5527, acc=0.4069
[ 2022-08-04 12:15:07,475][train.train_nn_models] [Training] Epoch=116, loss=615.7191, nll=615.7191, l2_reg=0.0000, acc=0.4594
[ 2022-08-04 12:15:07,476][train.train_nn_models] [Validation] Epoch=116, nll=641.2947, acc=0.3975
[ 2022-08-04 12:15:07,476][train.train_nn_models] Found a better model at epoch 116.
[ 2022-08-04 12:15:09,610][train.train_nn_models] [Training] Epoch=117, loss=612.0954, nll=612.0954, l2_reg=0.0000, acc=0.4605
[ 2022-08-04 12:15:09,611][train.train_nn_models] [Validation] Epoch=117, nll=637.9624, acc=0.4081
[ 2022-08-04 12:15:09,611][train.train_nn_models] Found a better model at epoch 117.
[ 2022-08-04 12:15:11,689][train.train_nn_models] [Training] Epoch=118, loss=607.4492, nll=607.4492, l2_reg=0.0000, acc=0.4691
[ 2022-08-04 12:15:11,689][train.train_nn_models] [Validation] Epoch=118, nll=632.1461, acc=0.4211
[ 2022-08-04 12:15:11,690][train.train_nn_models] Found a better model at epoch 118.
[ 2022-08-04 12:15:13,812][train.train_nn_models] [Training] Epoch=119, loss=605.6470, nll=605.6470, l2_reg=0.0000, acc=0.4662
[ 2022-08-04 12:15:13,812][train.train_nn_models] [Validation] Epoch=119, nll=637.5985, acc=0.3965
[ 2022-08-04 12:15:15,884][train.train_nn_models] [Training] Epoch=120, loss=610.7191, nll=610.7191, l2_reg=0.0000, acc=0.4591
[ 2022-08-04 12:15:15,884][train.train_nn_models] [Validation] Epoch=120, nll=631.5615, acc=0.4167
[ 2022-08-04 12:15:15,884][train.train_nn_models] Found a better model at epoch 120.
[ 2022-08-04 12:15:18,007][train.train_nn_models] [Training] Epoch=121, loss=600.7914, nll=600.7914, l2_reg=0.0000, acc=0.4782
[ 2022-08-04 12:15:18,007][train.train_nn_models] [Validation] Epoch=121, nll=646.1592, acc=0.3907
[ 2022-08-04 12:15:20,069][train.train_nn_models] [Training] Epoch=122, loss=608.6741, nll=608.6741, l2_reg=0.0000, acc=0.4600
[ 2022-08-04 12:15:20,070][train.train_nn_models] [Validation] Epoch=122, nll=626.9531, acc=0.4270
[ 2022-08-04 12:15:20,070][train.train_nn_models] Found a better model at epoch 122.
[ 2022-08-04 12:15:22,166][train.train_nn_models] [Training] Epoch=123, loss=599.3254, nll=599.3254, l2_reg=0.0000, acc=0.4759
[ 2022-08-04 12:15:22,167][train.train_nn_models] [Validation] Epoch=123, nll=649.9886, acc=0.3859
[ 2022-08-04 12:15:24,135][train.train_nn_models] [Training] Epoch=124, loss=612.1082, nll=612.1082, l2_reg=0.0000, acc=0.4520
[ 2022-08-04 12:15:24,135][train.train_nn_models] [Validation] Epoch=124, nll=627.4966, acc=0.4171
[ 2022-08-04 12:15:26,095][train.train_nn_models] [Training] Epoch=125, loss=596.9189, nll=596.9189, l2_reg=0.0000, acc=0.4752
[ 2022-08-04 12:15:26,096][train.train_nn_models] [Validation] Epoch=125, nll=618.3287, acc=0.4422
[ 2022-08-04 12:15:26,096][train.train_nn_models] Found a better model at epoch 125.
[ 2022-08-04 12:15:28,055][train.train_nn_models] [Training] Epoch=126, loss=587.6273, nll=587.6273, l2_reg=0.0000, acc=0.4943
[ 2022-08-04 12:15:28,056][train.train_nn_models] [Validation] Epoch=126, nll=634.6847, acc=0.4024
[ 2022-08-04 12:15:30,031][train.train_nn_models] [Training] Epoch=127, loss=607.0471, nll=607.0471, l2_reg=0.0000, acc=0.4569
[ 2022-08-04 12:15:30,032][train.train_nn_models] [Validation] Epoch=127, nll=624.0621, acc=0.4209
[ 2022-08-04 12:15:31,930][train.train_nn_models] [Training] Epoch=128, loss=588.5620, nll=588.5620, l2_reg=0.0000, acc=0.4892
[ 2022-08-04 12:15:31,930][train.train_nn_models] [Validation] Epoch=128, nll=608.3885, acc=0.4527
[ 2022-08-04 12:15:31,930][train.train_nn_models] Found a better model at epoch 128.
[ 2022-08-04 12:15:33,807][train.train_nn_models] [Training] Epoch=129, loss=581.1422, nll=581.1422, l2_reg=0.0000, acc=0.5012
[ 2022-08-04 12:15:33,808][train.train_nn_models] [Validation] Epoch=129, nll=626.4851, acc=0.4177
[ 2022-08-04 12:15:35,777][train.train_nn_models] [Training] Epoch=130, loss=595.3111, nll=595.3111, l2_reg=0.0000, acc=0.4737
[ 2022-08-04 12:15:35,778][train.train_nn_models] [Validation] Epoch=130, nll=622.5438, acc=0.4292
[ 2022-08-04 12:15:37,889][train.train_nn_models] [Training] Epoch=131, loss=585.1419, nll=585.1419, l2_reg=0.0000, acc=0.4900
[ 2022-08-04 12:15:37,890][train.train_nn_models] [Validation] Epoch=131, nll=619.9331, acc=0.4332
[ 2022-08-04 12:15:39,999][train.train_nn_models] [Training] Epoch=132, loss=582.0128, nll=582.0128, l2_reg=0.0000, acc=0.4926
[ 2022-08-04 12:15:40,000][train.train_nn_models] [Validation] Epoch=132, nll=603.6133, acc=0.4535
[ 2022-08-04 12:15:40,000][train.train_nn_models] Found a better model at epoch 132.
[ 2022-08-04 12:15:41,968][train.train_nn_models] [Training] Epoch=133, loss=569.3511, nll=569.3511, l2_reg=0.0000, acc=0.5140
[ 2022-08-04 12:15:41,969][train.train_nn_models] [Validation] Epoch=133, nll=602.8460, acc=0.4595
[ 2022-08-04 12:15:41,970][train.train_nn_models] Found a better model at epoch 133.
[ 2022-08-04 12:15:43,996][train.train_nn_models] [Training] Epoch=134, loss=567.3871, nll=567.3871, l2_reg=0.0000, acc=0.5171
[ 2022-08-04 12:15:43,997][train.train_nn_models] [Validation] Epoch=134, nll=598.8674, acc=0.4624
[ 2022-08-04 12:15:43,997][train.train_nn_models] Found a better model at epoch 134.
[ 2022-08-04 12:15:45,851][train.train_nn_models] [Training] Epoch=135, loss=580.4847, nll=580.4847, l2_reg=0.0000, acc=0.4981
[ 2022-08-04 12:15:45,852][train.train_nn_models] [Validation] Epoch=135, nll=645.0383, acc=0.4041
[ 2022-08-04 12:15:47,821][train.train_nn_models] [Training] Epoch=136, loss=595.3176, nll=595.3176, l2_reg=0.0000, acc=0.4690
[ 2022-08-04 12:15:47,821][train.train_nn_models] [Validation] Epoch=136, nll=604.5203, acc=0.4555
[ 2022-08-04 12:15:49,644][train.train_nn_models] [Training] Epoch=137, loss=572.3911, nll=572.3911, l2_reg=0.0000, acc=0.5106
[ 2022-08-04 12:15:49,645][train.train_nn_models] [Validation] Epoch=137, nll=591.9752, acc=0.4836
[ 2022-08-04 12:15:49,645][train.train_nn_models] Found a better model at epoch 137.
[ 2022-08-04 12:15:51,573][train.train_nn_models] [Training] Epoch=138, loss=559.3418, nll=559.3418, l2_reg=0.0000, acc=0.5332
[ 2022-08-04 12:15:51,573][train.train_nn_models] [Validation] Epoch=138, nll=590.6683, acc=0.4845
[ 2022-08-04 12:15:51,574][train.train_nn_models] Found a better model at epoch 138.
[ 2022-08-04 12:15:53,499][train.train_nn_models] [Training] Epoch=139, loss=555.4109, nll=555.4109, l2_reg=0.0000, acc=0.5345
[ 2022-08-04 12:15:53,500][train.train_nn_models] [Validation] Epoch=139, nll=589.3407, acc=0.4777
[ 2022-08-04 12:15:53,500][train.train_nn_models] Found a better model at epoch 139.
[ 2022-08-04 12:15:55,479][train.train_nn_models] [Training] Epoch=140, loss=559.9376, nll=559.9376, l2_reg=0.0000, acc=0.5265
[ 2022-08-04 12:15:55,479][train.train_nn_models] [Validation] Epoch=140, nll=588.0385, acc=0.4832
[ 2022-08-04 12:15:55,479][train.train_nn_models] Found a better model at epoch 140.
[ 2022-08-04 12:15:57,450][train.train_nn_models] [Training] Epoch=141, loss=563.0826, nll=563.0826, l2_reg=0.0000, acc=0.5215
[ 2022-08-04 12:15:57,450][train.train_nn_models] [Validation] Epoch=141, nll=620.1456, acc=0.4220
[ 2022-08-04 12:15:59,367][train.train_nn_models] [Training] Epoch=142, loss=572.3820, nll=572.3820, l2_reg=0.0000, acc=0.5057
[ 2022-08-04 12:15:59,367][train.train_nn_models] [Validation] Epoch=142, nll=593.6329, acc=0.4688
[ 2022-08-04 12:16:01,354][train.train_nn_models] [Training] Epoch=143, loss=562.3483, nll=562.3483, l2_reg=0.0000, acc=0.5220
[ 2022-08-04 12:16:01,355][train.train_nn_models] [Validation] Epoch=143, nll=592.3188, acc=0.4786
[ 2022-08-04 12:16:03,308][train.train_nn_models] [Training] Epoch=144, loss=555.3079, nll=555.3079, l2_reg=0.0000, acc=0.5325
[ 2022-08-04 12:16:03,308][train.train_nn_models] [Validation] Epoch=144, nll=611.9741, acc=0.4211
[ 2022-08-04 12:16:05,339][train.train_nn_models] [Training] Epoch=145, loss=573.3933, nll=573.3933, l2_reg=0.0000, acc=0.4977
[ 2022-08-04 12:16:05,340][train.train_nn_models] [Validation] Epoch=145, nll=591.4023, acc=0.4816
[ 2022-08-04 12:16:07,330][train.train_nn_models] [Training] Epoch=146, loss=556.3658, nll=556.3658, l2_reg=0.0000, acc=0.5321
[ 2022-08-04 12:16:07,331][train.train_nn_models] [Validation] Epoch=146, nll=585.7733, acc=0.4848
[ 2022-08-04 12:16:07,331][train.train_nn_models] Found a better model at epoch 146.
[ 2022-08-04 12:16:09,371][train.train_nn_models] [Training] Epoch=147, loss=549.6497, nll=549.6497, l2_reg=0.0000, acc=0.5389
[ 2022-08-04 12:16:09,374][train.train_nn_models] [Validation] Epoch=147, nll=587.8279, acc=0.4826
[ 2022-08-04 12:16:11,401][train.train_nn_models] [Training] Epoch=148, loss=552.8492, nll=552.8492, l2_reg=0.0000, acc=0.5332
[ 2022-08-04 12:16:11,401][train.train_nn_models] [Validation] Epoch=148, nll=579.0476, acc=0.5011
[ 2022-08-04 12:16:11,402][train.train_nn_models] Found a better model at epoch 148.
[ 2022-08-04 12:16:13,365][train.train_nn_models] [Training] Epoch=149, loss=550.2587, nll=550.2587, l2_reg=0.0000, acc=0.5397
[ 2022-08-04 12:16:13,366][train.train_nn_models] [Validation] Epoch=149, nll=580.5599, acc=0.4988
[ 2022-08-04 12:16:15,399][train.train_nn_models] [Training] Epoch=150, loss=547.0471, nll=547.0471, l2_reg=0.0000, acc=0.5423
[ 2022-08-04 12:16:15,399][train.train_nn_models] [Validation] Epoch=150, nll=573.3920, acc=0.5026
[ 2022-08-04 12:16:15,399][train.train_nn_models] Found a better model at epoch 150.
[ 2022-08-04 12:16:17,384][train.train_nn_models] [Training] Epoch=151, loss=541.2033, nll=541.2033, l2_reg=0.0000, acc=0.5502
[ 2022-08-04 12:16:17,385][train.train_nn_models] [Validation] Epoch=151, nll=571.4973, acc=0.5089
[ 2022-08-04 12:16:17,385][train.train_nn_models] Found a better model at epoch 151.
[ 2022-08-04 12:16:19,447][train.train_nn_models] [Training] Epoch=152, loss=543.7634, nll=543.7634, l2_reg=0.0000, acc=0.5469
[ 2022-08-04 12:16:19,447][train.train_nn_models] [Validation] Epoch=152, nll=571.5615, acc=0.5056
[ 2022-08-04 12:16:21,477][train.train_nn_models] [Training] Epoch=153, loss=541.8828, nll=541.8828, l2_reg=0.0000, acc=0.5497
[ 2022-08-04 12:16:21,477][train.train_nn_models] [Validation] Epoch=153, nll=587.2791, acc=0.4737
[ 2022-08-04 12:16:23,557][train.train_nn_models] [Training] Epoch=154, loss=551.3745, nll=551.3745, l2_reg=0.0000, acc=0.5381
[ 2022-08-04 12:16:23,558][train.train_nn_models] [Validation] Epoch=154, nll=589.2993, acc=0.4861
[ 2022-08-04 12:16:25,625][train.train_nn_models] [Training] Epoch=155, loss=555.8121, nll=555.8121, l2_reg=0.0000, acc=0.5365
[ 2022-08-04 12:16:25,626][train.train_nn_models] [Validation] Epoch=155, nll=573.4595, acc=0.5021
[ 2022-08-04 12:16:27,699][train.train_nn_models] [Training] Epoch=156, loss=549.6120, nll=549.6120, l2_reg=0.0000, acc=0.5375
[ 2022-08-04 12:16:27,699][train.train_nn_models] [Validation] Epoch=156, nll=595.1905, acc=0.4602
[ 2022-08-04 12:16:29,757][train.train_nn_models] [Training] Epoch=157, loss=548.5207, nll=548.5207, l2_reg=0.0000, acc=0.5388
[ 2022-08-04 12:16:29,757][train.train_nn_models] [Validation] Epoch=157, nll=580.2051, acc=0.4944
[ 2022-08-04 12:16:31,778][train.train_nn_models] [Training] Epoch=158, loss=541.0825, nll=541.0825, l2_reg=0.0000, acc=0.5524
[ 2022-08-04 12:16:31,778][train.train_nn_models] [Validation] Epoch=158, nll=563.2165, acc=0.5223
[ 2022-08-04 12:16:31,778][train.train_nn_models] Found a better model at epoch 158.
[ 2022-08-04 12:16:33,766][train.train_nn_models] [Training] Epoch=159, loss=535.3011, nll=535.3011, l2_reg=0.0000, acc=0.5562
[ 2022-08-04 12:16:33,767][train.train_nn_models] [Validation] Epoch=159, nll=563.9340, acc=0.5189
[ 2022-08-04 12:16:35,826][train.train_nn_models] [Training] Epoch=160, loss=534.0489, nll=534.0489, l2_reg=0.0000, acc=0.5572
[ 2022-08-04 12:16:35,826][train.train_nn_models] [Validation] Epoch=160, nll=558.5296, acc=0.5251
[ 2022-08-04 12:16:35,827][train.train_nn_models] Found a better model at epoch 160.
[ 2022-08-04 12:16:37,897][train.train_nn_models] [Training] Epoch=161, loss=530.8895, nll=530.8895, l2_reg=0.0000, acc=0.5604
[ 2022-08-04 12:16:37,898][train.train_nn_models] [Validation] Epoch=161, nll=593.4595, acc=0.4636
[ 2022-08-04 12:16:39,961][train.train_nn_models] [Training] Epoch=162, loss=581.2395, nll=581.2395, l2_reg=0.0000, acc=0.5186
[ 2022-08-04 12:16:39,961][train.train_nn_models] [Validation] Epoch=162, nll=618.0352, acc=0.4868
[ 2022-08-04 12:16:41,997][train.train_nn_models] [Training] Epoch=163, loss=578.7017, nll=578.7017, l2_reg=0.0000, acc=0.5165
[ 2022-08-04 12:16:41,998][train.train_nn_models] [Validation] Epoch=163, nll=580.5106, acc=0.4973
[ 2022-08-04 12:16:44,046][train.train_nn_models] [Training] Epoch=164, loss=550.3167, nll=550.3167, l2_reg=0.0000, acc=0.5396
[ 2022-08-04 12:16:44,047][train.train_nn_models] [Validation] Epoch=164, nll=578.5940, acc=0.4990
[ 2022-08-04 12:16:46,109][train.train_nn_models] [Training] Epoch=165, loss=552.3445, nll=552.3445, l2_reg=0.0000, acc=0.5346
[ 2022-08-04 12:16:46,109][train.train_nn_models] [Validation] Epoch=165, nll=578.6364, acc=0.4936
[ 2022-08-04 12:16:48,132][train.train_nn_models] [Training] Epoch=166, loss=553.0089, nll=553.0089, l2_reg=0.0000, acc=0.5331
[ 2022-08-04 12:16:48,132][train.train_nn_models] [Validation] Epoch=166, nll=567.5984, acc=0.5168
[ 2022-08-04 12:16:50,125][train.train_nn_models] [Training] Epoch=167, loss=538.7400, nll=538.7400, l2_reg=0.0000, acc=0.5549
[ 2022-08-04 12:16:50,125][train.train_nn_models] [Validation] Epoch=167, nll=558.4827, acc=0.5265
[ 2022-08-04 12:16:50,125][train.train_nn_models] Found a better model at epoch 167.
[ 2022-08-04 12:16:52,126][train.train_nn_models] [Training] Epoch=168, loss=533.7454, nll=533.7454, l2_reg=0.0000, acc=0.5567
[ 2022-08-04 12:16:52,127][train.train_nn_models] [Validation] Epoch=168, nll=560.0063, acc=0.5226
[ 2022-08-04 12:16:54,210][train.train_nn_models] [Training] Epoch=169, loss=533.1480, nll=533.1480, l2_reg=0.0000, acc=0.5572
[ 2022-08-04 12:16:54,210][train.train_nn_models] [Validation] Epoch=169, nll=556.4798, acc=0.5302
[ 2022-08-04 12:16:54,210][train.train_nn_models] Found a better model at epoch 169.
[ 2022-08-04 12:16:56,258][train.train_nn_models] [Training] Epoch=170, loss=530.9954, nll=530.9954, l2_reg=0.0000, acc=0.5599
[ 2022-08-04 12:16:56,258][train.train_nn_models] [Validation] Epoch=170, nll=552.7445, acc=0.5320
[ 2022-08-04 12:16:56,258][train.train_nn_models] Found a better model at epoch 170.
[ 2022-08-04 12:16:58,266][train.train_nn_models] [Training] Epoch=171, loss=529.0412, nll=529.0412, l2_reg=0.0000, acc=0.5614
[ 2022-08-04 12:16:58,266][train.train_nn_models] [Validation] Epoch=171, nll=574.5122, acc=0.4952
[ 2022-08-04 12:17:00,149][train.train_nn_models] [Training] Epoch=172, loss=533.7178, nll=533.7178, l2_reg=0.0000, acc=0.5573
[ 2022-08-04 12:17:00,149][train.train_nn_models] [Validation] Epoch=172, nll=550.9066, acc=0.5374
[ 2022-08-04 12:17:00,149][train.train_nn_models] Found a better model at epoch 172.
[ 2022-08-04 12:17:02,116][train.train_nn_models] [Training] Epoch=173, loss=528.5151, nll=528.5151, l2_reg=0.0000, acc=0.5630
[ 2022-08-04 12:17:02,116][train.train_nn_models] [Validation] Epoch=173, nll=562.2788, acc=0.5149
[ 2022-08-04 12:17:04,046][train.train_nn_models] [Training] Epoch=174, loss=537.6499, nll=537.6499, l2_reg=0.0000, acc=0.5533
[ 2022-08-04 12:17:04,046][train.train_nn_models] [Validation] Epoch=174, nll=554.2704, acc=0.5364
[ 2022-08-04 12:17:06,126][train.train_nn_models] [Training] Epoch=175, loss=534.2091, nll=534.2091, l2_reg=0.0000, acc=0.5585
[ 2022-08-04 12:17:06,126][train.train_nn_models] [Validation] Epoch=175, nll=547.2830, acc=0.5383
[ 2022-08-04 12:17:06,126][train.train_nn_models] Found a better model at epoch 175.
[ 2022-08-04 12:17:08,188][train.train_nn_models] [Training] Epoch=176, loss=528.6656, nll=528.6656, l2_reg=0.0000, acc=0.5625
[ 2022-08-04 12:17:08,188][train.train_nn_models] [Validation] Epoch=176, nll=554.3323, acc=0.5288
[ 2022-08-04 12:17:10,168][train.train_nn_models] [Training] Epoch=177, loss=529.9405, nll=529.9405, l2_reg=0.0000, acc=0.5604
[ 2022-08-04 12:17:10,169][train.train_nn_models] [Validation] Epoch=177, nll=547.2631, acc=0.5413
[ 2022-08-04 12:17:10,169][train.train_nn_models] Found a better model at epoch 177.
[ 2022-08-04 12:17:12,056][train.train_nn_models] [Training] Epoch=178, loss=526.5173, nll=526.5173, l2_reg=0.0000, acc=0.5639
[ 2022-08-04 12:17:12,056][train.train_nn_models] [Validation] Epoch=178, nll=551.4866, acc=0.5277
[ 2022-08-04 12:17:14,130][train.train_nn_models] [Training] Epoch=179, loss=527.0062, nll=527.0062, l2_reg=0.0000, acc=0.5629
[ 2022-08-04 12:17:14,131][train.train_nn_models] [Validation] Epoch=179, nll=553.7028, acc=0.5324
[ 2022-08-04 12:17:16,169][train.train_nn_models] [Training] Epoch=180, loss=569.9032, nll=569.9032, l2_reg=0.0000, acc=0.5250
[ 2022-08-04 12:17:16,169][train.train_nn_models] [Validation] Epoch=180, nll=581.0285, acc=0.4968
[ 2022-08-04 12:17:18,124][train.train_nn_models] [Training] Epoch=181, loss=543.6265, nll=543.6265, l2_reg=0.0000, acc=0.5465
[ 2022-08-04 12:17:18,124][train.train_nn_models] [Validation] Epoch=181, nll=563.5141, acc=0.5241
[ 2022-08-04 12:17:20,127][train.train_nn_models] [Training] Epoch=182, loss=535.7079, nll=535.7079, l2_reg=0.0000, acc=0.5548
[ 2022-08-04 12:17:20,128][train.train_nn_models] [Validation] Epoch=182, nll=557.0743, acc=0.5266
[ 2022-08-04 12:17:22,151][train.train_nn_models] [Training] Epoch=183, loss=529.3670, nll=529.3670, l2_reg=0.0000, acc=0.5604
[ 2022-08-04 12:17:22,152][train.train_nn_models] [Validation] Epoch=183, nll=551.3837, acc=0.5334
[ 2022-08-04 12:17:24,171][train.train_nn_models] [Training] Epoch=184, loss=527.0696, nll=527.0696, l2_reg=0.0000, acc=0.5616
[ 2022-08-04 12:17:24,172][train.train_nn_models] [Validation] Epoch=184, nll=553.9390, acc=0.5287
[ 2022-08-04 12:17:26,206][train.train_nn_models] [Training] Epoch=185, loss=526.0901, nll=526.0901, l2_reg=0.0000, acc=0.5637
[ 2022-08-04 12:17:26,206][train.train_nn_models] [Validation] Epoch=185, nll=553.1507, acc=0.5317
[ 2022-08-04 12:17:28,202][train.train_nn_models] [Training] Epoch=186, loss=525.4633, nll=525.4633, l2_reg=0.0000, acc=0.5642
[ 2022-08-04 12:17:28,202][train.train_nn_models] [Validation] Epoch=186, nll=548.2358, acc=0.5376
[ 2022-08-04 12:17:30,212][train.train_nn_models] [Training] Epoch=187, loss=523.4794, nll=523.4794, l2_reg=0.0000, acc=0.5645
[ 2022-08-04 12:17:30,213][train.train_nn_models] [Validation] Epoch=187, nll=541.6534, acc=0.5477
[ 2022-08-04 12:17:30,213][train.train_nn_models] Found a better model at epoch 187.
[ 2022-08-04 12:17:32,206][train.train_nn_models] [Training] Epoch=188, loss=521.4002, nll=521.4002, l2_reg=0.0000, acc=0.5669
[ 2022-08-04 12:17:32,207][train.train_nn_models] [Validation] Epoch=188, nll=540.7593, acc=0.5459
[ 2022-08-04 12:17:32,207][train.train_nn_models] Found a better model at epoch 188.
[ 2022-08-04 12:17:34,159][train.train_nn_models] [Training] Epoch=189, loss=525.7738, nll=525.7738, l2_reg=0.0000, acc=0.5631
[ 2022-08-04 12:17:34,160][train.train_nn_models] [Validation] Epoch=189, nll=559.1000, acc=0.5316
[ 2022-08-04 12:17:36,074][train.train_nn_models] [Training] Epoch=190, loss=531.8172, nll=531.8172, l2_reg=0.0000, acc=0.5582
[ 2022-08-04 12:17:36,074][train.train_nn_models] [Validation] Epoch=190, nll=550.8591, acc=0.5367
[ 2022-08-04 12:17:38,067][train.train_nn_models] [Training] Epoch=191, loss=528.6747, nll=528.6747, l2_reg=0.0000, acc=0.5610
[ 2022-08-04 12:17:38,067][train.train_nn_models] [Validation] Epoch=191, nll=544.0737, acc=0.5417
[ 2022-08-04 12:17:40,113][train.train_nn_models] [Training] Epoch=192, loss=523.4128, nll=523.4128, l2_reg=0.0000, acc=0.5657
[ 2022-08-04 12:17:40,114][train.train_nn_models] [Validation] Epoch=192, nll=547.6749, acc=0.5397
[ 2022-08-04 12:17:42,071][train.train_nn_models] [Training] Epoch=193, loss=524.3496, nll=524.3496, l2_reg=0.0000, acc=0.5642
[ 2022-08-04 12:17:42,071][train.train_nn_models] [Validation] Epoch=193, nll=539.1890, acc=0.5523
[ 2022-08-04 12:17:42,071][train.train_nn_models] Found a better model at epoch 193.
[ 2022-08-04 12:17:44,086][train.train_nn_models] [Training] Epoch=194, loss=520.3886, nll=520.3886, l2_reg=0.0000, acc=0.5670
[ 2022-08-04 12:17:44,086][train.train_nn_models] [Validation] Epoch=194, nll=536.8569, acc=0.5486
[ 2022-08-04 12:17:44,086][train.train_nn_models] Found a better model at epoch 194.
[ 2022-08-04 12:17:46,087][train.train_nn_models] [Training] Epoch=195, loss=518.0089, nll=518.0089, l2_reg=0.0000, acc=0.5675
[ 2022-08-04 12:17:46,087][train.train_nn_models] [Validation] Epoch=195, nll=532.2402, acc=0.5538
[ 2022-08-04 12:17:46,087][train.train_nn_models] Found a better model at epoch 195.
[ 2022-08-04 12:17:48,145][train.train_nn_models] [Training] Epoch=196, loss=563.8358, nll=563.8358, l2_reg=0.0000, acc=0.5276
[ 2022-08-04 12:17:48,146][train.train_nn_models] [Validation] Epoch=196, nll=579.6255, acc=0.4948
[ 2022-08-04 12:17:50,116][train.train_nn_models] [Training] Epoch=197, loss=554.0499, nll=554.0499, l2_reg=0.0000, acc=0.5321
[ 2022-08-04 12:17:50,117][train.train_nn_models] [Validation] Epoch=197, nll=570.4719, acc=0.5049
[ 2022-08-04 12:17:52,078][train.train_nn_models] [Training] Epoch=198, loss=539.2210, nll=539.2210, l2_reg=0.0000, acc=0.5531
[ 2022-08-04 12:17:52,079][train.train_nn_models] [Validation] Epoch=198, nll=552.8488, acc=0.5374
[ 2022-08-04 12:17:54,056][train.train_nn_models] [Training] Epoch=199, loss=530.6578, nll=530.6578, l2_reg=0.0000, acc=0.5621
[ 2022-08-04 12:17:54,057][train.train_nn_models] [Validation] Epoch=199, nll=549.2564, acc=0.5318
[ 2022-08-04 12:17:54,280][train.eval_nll] [Test]nll=535.0988, acc=0.5437
[ 2022-08-04 12:30:47,411][train.<module>]                    timestamp  ...                                             config
0 2022-08-04 12:30:47.357312  ...  {'model': 'Tran', 'dataset': 'pgem-1K-10', 'in...
1 2022-08-04 12:30:47.357312  ...  {'model': 'Tran', 'dataset': 'pgem-1K-10', 'in...
2 2022-08-04 12:30:47.357312  ...  {'model': 'Tran', 'dataset': 'pgem-1K-10', 'in...
3 2022-08-04 12:30:47.357312  ...  {'model': 'Tran', 'dataset': 'pgem-1K-10', 'in...
4 2022-08-04 12:30:47.357312  ...  {'model': 'Tran', 'dataset': 'pgem-1K-10', 'in...
5 2022-08-04 12:30:47.357312  ...  {'model': 'Tran', 'dataset': 'pgem-1K-10', 'in...

[6 rows x 7 columns]
