[ 2022-08-31 19:18:25,381][train_tran.<module>] Namespace(attr_batch_size=0, basis_type='dyadic', batch_size=64, bucket_seqs=False, cuda=True, dataset='mhp-1K-10', dropout=0.0, embedding_dim=64, epochs=250, hidden_size=64, input_dir='data/input', l2_reg=0, lr=0.0008, max_mean=100, model='Tran', n_bases=7, num_workers=0, occurred_type_only=False, optimizer='Adam', output_dir='data/output', rand_seed=1, skip_eval_infectivity=False, skip_pred_next_event=False, split_id=0, steps=50, tran_head=1, tran_layer=4, tune_metric='nll', verbose=False)
[ 2022-08-31 19:18:56,769][train_tran.train_nn_models] [Training] Epoch=0, loss=33309.0234, nll=33309.0234, l2_reg=0.0000, acc=0.1103
[ 2022-08-31 19:18:56,770][train_tran.train_nn_models] [Validation] Epoch=0, nll=16642.5332, acc=0.1116
[ 2022-08-31 19:19:20,854][train_tran.train_nn_models] [Training] Epoch=1, loss=10173.8975, nll=10173.8975, l2_reg=0.0000, acc=0.1221
[ 2022-08-31 19:19:20,855][train_tran.train_nn_models] [Validation] Epoch=1, nll=4517.4111, acc=0.1210
[ 2022-08-31 19:19:44,453][train_tran.train_nn_models] [Training] Epoch=2, loss=3302.6926, nll=3302.6926, l2_reg=0.0000, acc=0.1191
[ 2022-08-31 19:19:44,453][train_tran.train_nn_models] [Validation] Epoch=2, nll=2666.0635, acc=0.1202
[ 2022-08-31 19:20:07,422][train_tran.train_nn_models] [Training] Epoch=3, loss=2669.8901, nll=2669.8901, l2_reg=0.0000, acc=0.1211
[ 2022-08-31 19:20:07,423][train_tran.train_nn_models] [Validation] Epoch=3, nll=2688.2427, acc=0.1339
[ 2022-08-31 19:20:31,457][train_tran.train_nn_models] [Training] Epoch=4, loss=2670.9075, nll=2670.9075, l2_reg=0.0000, acc=0.1615
[ 2022-08-31 19:20:31,458][train_tran.train_nn_models] [Validation] Epoch=4, nll=2619.5408, acc=0.1718
[ 2022-08-31 19:20:54,658][train_tran.train_nn_models] [Training] Epoch=5, loss=2590.8447, nll=2590.8447, l2_reg=0.0000, acc=0.1767
[ 2022-08-31 19:20:54,658][train_tran.train_nn_models] [Validation] Epoch=5, nll=2564.4497, acc=0.1837
[ 2022-08-31 19:21:16,673][train_tran.train_nn_models] [Training] Epoch=6, loss=2561.1902, nll=2561.1902, l2_reg=0.0000, acc=0.1836
[ 2022-08-31 19:21:16,674][train_tran.train_nn_models] [Validation] Epoch=6, nll=2558.5681, acc=0.1863
[ 2022-08-31 19:21:38,786][train_tran.train_nn_models] [Training] Epoch=7, loss=2554.4751, nll=2554.4751, l2_reg=0.0000, acc=0.1907
[ 2022-08-31 19:21:38,786][train_tran.train_nn_models] [Validation] Epoch=7, nll=2551.2859, acc=0.1912
[ 2022-08-31 19:22:00,897][train_tran.train_nn_models] [Training] Epoch=8, loss=2549.4851, nll=2549.4851, l2_reg=0.0000, acc=0.1933
[ 2022-08-31 19:22:00,898][train_tran.train_nn_models] [Validation] Epoch=8, nll=2548.0176, acc=0.1911
[ 2022-08-31 19:22:23,287][train_tran.train_nn_models] [Training] Epoch=9, loss=2546.8625, nll=2546.8625, l2_reg=0.0000, acc=0.1940
[ 2022-08-31 19:22:23,288][train_tran.train_nn_models] [Validation] Epoch=9, nll=2545.7273, acc=0.1904
[ 2022-08-31 19:22:46,584][train_tran.train_nn_models] [Training] Epoch=10, loss=2544.7000, nll=2544.7000, l2_reg=0.0000, acc=0.1930
[ 2022-08-31 19:22:46,584][train_tran.train_nn_models] [Validation] Epoch=10, nll=2544.0454, acc=0.1919
[ 2022-08-31 19:23:08,938][train_tran.train_nn_models] [Training] Epoch=11, loss=2542.9834, nll=2542.9834, l2_reg=0.0000, acc=0.1932
[ 2022-08-31 19:23:08,939][train_tran.train_nn_models] [Validation] Epoch=11, nll=2542.4941, acc=0.1910
[ 2022-08-31 19:23:32,272][train_tran.train_nn_models] [Training] Epoch=12, loss=2541.5234, nll=2541.5234, l2_reg=0.0000, acc=0.1943
[ 2022-08-31 19:23:32,273][train_tran.train_nn_models] [Validation] Epoch=12, nll=2541.1428, acc=0.1907
[ 2022-08-31 19:23:54,797][train_tran.train_nn_models] [Training] Epoch=13, loss=2540.2498, nll=2540.2498, l2_reg=0.0000, acc=0.1942
[ 2022-08-31 19:23:54,798][train_tran.train_nn_models] [Validation] Epoch=13, nll=2539.9629, acc=0.1912
[ 2022-08-31 19:24:17,590][train_tran.train_nn_models] [Training] Epoch=14, loss=2539.1252, nll=2539.1252, l2_reg=0.0000, acc=0.1946
[ 2022-08-31 19:24:17,591][train_tran.train_nn_models] [Validation] Epoch=14, nll=2538.9409, acc=0.1909
[ 2022-08-31 19:24:39,348][train_tran.train_nn_models] [Training] Epoch=15, loss=2538.1836, nll=2538.1836, l2_reg=0.0000, acc=0.1947
[ 2022-08-31 19:24:39,348][train_tran.train_nn_models] [Validation] Epoch=15, nll=2538.1050, acc=0.1925
[ 2022-08-31 19:25:02,124][train_tran.train_nn_models] [Training] Epoch=16, loss=2537.4358, nll=2537.4358, l2_reg=0.0000, acc=0.1944
[ 2022-08-31 19:25:02,124][train_tran.train_nn_models] [Validation] Epoch=16, nll=2537.4475, acc=0.1922
[ 2022-08-31 19:25:24,746][train_tran.train_nn_models] [Training] Epoch=17, loss=2536.8403, nll=2536.8403, l2_reg=0.0000, acc=0.1944
[ 2022-08-31 19:25:24,747][train_tran.train_nn_models] [Validation] Epoch=17, nll=2536.9177, acc=0.1923
[ 2022-08-31 19:25:46,781][train_tran.train_nn_models] [Training] Epoch=18, loss=2536.3481, nll=2536.3481, l2_reg=0.0000, acc=0.1944
[ 2022-08-31 19:25:46,781][train_tran.train_nn_models] [Validation] Epoch=18, nll=2536.4761, acc=0.1923
[ 2022-08-31 19:26:08,881][train_tran.train_nn_models] [Training] Epoch=19, loss=2535.9304, nll=2535.9304, l2_reg=0.0000, acc=0.1944
[ 2022-08-31 19:26:08,881][train_tran.train_nn_models] [Validation] Epoch=19, nll=2536.0991, acc=0.1923
[ 2022-08-31 19:26:31,909][train_tran.train_nn_models] [Training] Epoch=20, loss=2535.5696, nll=2535.5696, l2_reg=0.0000, acc=0.1944
[ 2022-08-31 19:26:31,910][train_tran.train_nn_models] [Validation] Epoch=20, nll=2535.7673, acc=0.1924
[ 2022-08-31 19:26:55,312][train_tran.train_nn_models] [Training] Epoch=21, loss=2535.2512, nll=2535.2512, l2_reg=0.0000, acc=0.1944
[ 2022-08-31 19:26:55,312][train_tran.train_nn_models] [Validation] Epoch=21, nll=2535.4673, acc=0.1927
[ 2022-08-31 19:27:18,069][train_tran.train_nn_models] [Training] Epoch=22, loss=2534.9639, nll=2534.9639, l2_reg=0.0000, acc=0.1943
[ 2022-08-31 19:27:18,070][train_tran.train_nn_models] [Validation] Epoch=22, nll=2535.1929, acc=0.1927
[ 2022-08-31 19:27:39,780][train_tran.train_nn_models] [Training] Epoch=23, loss=2534.6992, nll=2534.6992, l2_reg=0.0000, acc=0.1942
[ 2022-08-31 19:27:39,781][train_tran.train_nn_models] [Validation] Epoch=23, nll=2534.9407, acc=0.1929
[ 2022-08-31 19:28:02,033][train_tran.train_nn_models] [Training] Epoch=24, loss=2534.4519, nll=2534.4519, l2_reg=0.0000, acc=0.1942
[ 2022-08-31 19:28:02,034][train_tran.train_nn_models] [Validation] Epoch=24, nll=2534.7061, acc=0.1929
[ 2022-08-31 19:28:25,098][train_tran.train_nn_models] [Training] Epoch=25, loss=2534.2173, nll=2534.2173, l2_reg=0.0000, acc=0.1942
[ 2022-08-31 19:28:25,098][train_tran.train_nn_models] [Validation] Epoch=25, nll=2534.4841, acc=0.1929
[ 2022-08-31 19:28:48,360][train_tran.train_nn_models] [Training] Epoch=26, loss=2533.9910, nll=2533.9910, l2_reg=0.0000, acc=0.1943
[ 2022-08-31 19:28:48,360][train_tran.train_nn_models] [Validation] Epoch=26, nll=2534.2725, acc=0.1928
[ 2022-08-31 19:29:11,330][train_tran.train_nn_models] [Training] Epoch=27, loss=2533.7690, nll=2533.7690, l2_reg=0.0000, acc=0.1943
[ 2022-08-31 19:29:11,331][train_tran.train_nn_models] [Validation] Epoch=27, nll=2534.0664, acc=0.1928
[ 2022-08-31 19:29:32,832][train_tran.train_nn_models] [Training] Epoch=28, loss=2533.5474, nll=2533.5474, l2_reg=0.0000, acc=0.1943
[ 2022-08-31 19:29:32,833][train_tran.train_nn_models] [Validation] Epoch=28, nll=2533.8625, acc=0.1926
[ 2022-08-31 19:29:55,554][train_tran.train_nn_models] [Training] Epoch=29, loss=2533.3245, nll=2533.3245, l2_reg=0.0000, acc=0.1944
[ 2022-08-31 19:29:55,555][train_tran.train_nn_models] [Validation] Epoch=29, nll=2533.6616, acc=0.1927
[ 2022-08-31 19:30:18,880][train_tran.train_nn_models] [Training] Epoch=30, loss=2533.1016, nll=2533.1016, l2_reg=0.0000, acc=0.1944
[ 2022-08-31 19:30:18,880][train_tran.train_nn_models] [Validation] Epoch=30, nll=2533.4597, acc=0.1929
[ 2022-08-31 19:30:42,381][train_tran.train_nn_models] [Training] Epoch=31, loss=2532.8730, nll=2532.8730, l2_reg=0.0000, acc=0.1945
[ 2022-08-31 19:30:42,381][train_tran.train_nn_models] [Validation] Epoch=31, nll=2533.2534, acc=0.1930
[ 2022-08-31 19:31:05,562][train_tran.train_nn_models] [Training] Epoch=32, loss=2532.6372, nll=2532.6372, l2_reg=0.0000, acc=0.1945
[ 2022-08-31 19:31:05,563][train_tran.train_nn_models] [Validation] Epoch=32, nll=2533.0420, acc=0.1929
[ 2022-08-31 19:31:28,149][train_tran.train_nn_models] [Training] Epoch=33, loss=2532.3918, nll=2532.3918, l2_reg=0.0000, acc=0.1945
[ 2022-08-31 19:31:28,149][train_tran.train_nn_models] [Validation] Epoch=33, nll=2532.8240, acc=0.1933
[ 2022-08-31 19:31:50,615][train_tran.train_nn_models] [Training] Epoch=34, loss=2532.1340, nll=2532.1340, l2_reg=0.0000, acc=0.1945
[ 2022-08-31 19:31:50,615][train_tran.train_nn_models] [Validation] Epoch=34, nll=2532.5952, acc=0.1937
[ 2022-08-31 19:32:12,407][train_tran.train_nn_models] [Training] Epoch=35, loss=2531.8589, nll=2531.8589, l2_reg=0.0000, acc=0.1946
[ 2022-08-31 19:32:12,407][train_tran.train_nn_models] [Validation] Epoch=35, nll=2532.3496, acc=0.1936
[ 2022-08-31 19:32:35,156][train_tran.train_nn_models] [Training] Epoch=36, loss=2531.5613, nll=2531.5613, l2_reg=0.0000, acc=0.1947
[ 2022-08-31 19:32:35,156][train_tran.train_nn_models] [Validation] Epoch=36, nll=2532.0842, acc=0.1938
[ 2022-08-31 19:32:58,552][train_tran.train_nn_models] [Training] Epoch=37, loss=2531.2354, nll=2531.2354, l2_reg=0.0000, acc=0.1947
[ 2022-08-31 19:32:58,552][train_tran.train_nn_models] [Validation] Epoch=37, nll=2531.7942, acc=0.1936
[ 2022-08-31 19:33:20,931][train_tran.train_nn_models] [Training] Epoch=38, loss=2530.8757, nll=2530.8757, l2_reg=0.0000, acc=0.1948
[ 2022-08-31 19:33:20,932][train_tran.train_nn_models] [Validation] Epoch=38, nll=2531.4766, acc=0.1936
[ 2022-08-31 19:33:42,513][train_tran.train_nn_models] [Training] Epoch=39, loss=2530.4751, nll=2530.4751, l2_reg=0.0000, acc=0.1948
[ 2022-08-31 19:33:42,513][train_tran.train_nn_models] [Validation] Epoch=39, nll=2531.1208, acc=0.1935
[ 2022-08-31 19:34:05,109][train_tran.train_nn_models] [Training] Epoch=40, loss=2530.0217, nll=2530.0217, l2_reg=0.0000, acc=0.1948
[ 2022-08-31 19:34:05,109][train_tran.train_nn_models] [Validation] Epoch=40, nll=2530.7156, acc=0.1935
[ 2022-08-31 19:34:27,570][train_tran.train_nn_models] [Training] Epoch=41, loss=2529.5020, nll=2529.5020, l2_reg=0.0000, acc=0.1948
[ 2022-08-31 19:34:27,571][train_tran.train_nn_models] [Validation] Epoch=41, nll=2530.2490, acc=0.1931
[ 2022-08-31 19:34:49,037][train_tran.train_nn_models] [Training] Epoch=42, loss=2528.9011, nll=2528.9011, l2_reg=0.0000, acc=0.1949
[ 2022-08-31 19:34:49,037][train_tran.train_nn_models] [Validation] Epoch=42, nll=2529.7075, acc=0.1933
[ 2022-08-31 19:35:11,504][train_tran.train_nn_models] [Training] Epoch=43, loss=2528.2019, nll=2528.2019, l2_reg=0.0000, acc=0.1948
[ 2022-08-31 19:35:11,504][train_tran.train_nn_models] [Validation] Epoch=43, nll=2529.0706, acc=0.1934
[ 2022-08-31 19:35:33,754][train_tran.train_nn_models] [Training] Epoch=44, loss=2527.3948, nll=2527.3948, l2_reg=0.0000, acc=0.1946
[ 2022-08-31 19:35:33,754][train_tran.train_nn_models] [Validation] Epoch=44, nll=2528.3455, acc=0.1934
[ 2022-08-31 19:35:55,936][train_tran.train_nn_models] [Training] Epoch=45, loss=2526.4758, nll=2526.4758, l2_reg=0.0000, acc=0.1947
[ 2022-08-31 19:35:55,937][train_tran.train_nn_models] [Validation] Epoch=45, nll=2527.4922, acc=0.1934
[ 2022-08-31 19:36:17,971][train_tran.train_nn_models] [Training] Epoch=46, loss=2525.3779, nll=2525.3779, l2_reg=0.0000, acc=0.1946
[ 2022-08-31 19:36:17,971][train_tran.train_nn_models] [Validation] Epoch=46, nll=2526.4092, acc=0.1926
[ 2022-08-31 19:36:39,779][train_tran.train_nn_models] [Training] Epoch=47, loss=2524.1147, nll=2524.1147, l2_reg=0.0000, acc=0.1946
[ 2022-08-31 19:36:39,779][train_tran.train_nn_models] [Validation] Epoch=47, nll=2525.1602, acc=0.1921
[ 2022-08-31 19:37:02,529][train_tran.train_nn_models] [Training] Epoch=48, loss=2522.6667, nll=2522.6667, l2_reg=0.0000, acc=0.1943
[ 2022-08-31 19:37:02,530][train_tran.train_nn_models] [Validation] Epoch=48, nll=2523.8171, acc=0.1928
[ 2022-08-31 19:37:25,864][train_tran.train_nn_models] [Training] Epoch=49, loss=2521.0295, nll=2521.0295, l2_reg=0.0000, acc=0.1946
[ 2022-08-31 19:37:25,865][train_tran.train_nn_models] [Validation] Epoch=49, nll=2521.6760, acc=0.1929
[ 2022-08-31 19:37:48,374][train_tran.train_nn_models] [Training] Epoch=50, loss=2518.9280, nll=2518.9280, l2_reg=0.0000, acc=0.1945
[ 2022-08-31 19:37:48,374][train_tran.train_nn_models] [Validation] Epoch=50, nll=2519.4084, acc=0.1920
[ 2022-08-31 19:38:10,612][train_tran.train_nn_models] [Training] Epoch=51, loss=2516.2881, nll=2516.2881, l2_reg=0.0000, acc=0.1944
[ 2022-08-31 19:38:10,613][train_tran.train_nn_models] [Validation] Epoch=51, nll=2516.3447, acc=0.1930
[ 2022-08-31 19:38:32,296][train_tran.train_nn_models] [Training] Epoch=52, loss=2513.2249, nll=2513.2249, l2_reg=0.0000, acc=0.1947
[ 2022-08-31 19:38:32,296][train_tran.train_nn_models] [Validation] Epoch=52, nll=2513.5828, acc=0.1926
[ 2022-08-31 19:38:55,351][train_tran.train_nn_models] [Training] Epoch=53, loss=2510.1887, nll=2510.1887, l2_reg=0.0000, acc=0.1948
[ 2022-08-31 19:38:55,352][train_tran.train_nn_models] [Validation] Epoch=53, nll=2510.7747, acc=0.1945
[ 2022-08-31 19:39:18,364][train_tran.train_nn_models] [Training] Epoch=54, loss=2507.4094, nll=2507.4094, l2_reg=0.0000, acc=0.1957
[ 2022-08-31 19:39:18,364][train_tran.train_nn_models] [Validation] Epoch=54, nll=2508.2053, acc=0.1951
[ 2022-08-31 19:39:41,199][train_tran.train_nn_models] [Training] Epoch=55, loss=2504.9790, nll=2504.9790, l2_reg=0.0000, acc=0.1963
[ 2022-08-31 19:39:41,199][train_tran.train_nn_models] [Validation] Epoch=55, nll=2505.9998, acc=0.1958
[ 2022-08-31 19:40:02,613][train_tran.train_nn_models] [Training] Epoch=56, loss=2502.9070, nll=2502.9070, l2_reg=0.0000, acc=0.1969
[ 2022-08-31 19:40:02,614][train_tran.train_nn_models] [Validation] Epoch=56, nll=2504.3708, acc=0.1964
[ 2022-08-31 19:40:24,525][train_tran.train_nn_models] [Training] Epoch=57, loss=2501.4343, nll=2501.4343, l2_reg=0.0000, acc=0.1976
[ 2022-08-31 19:40:24,525][train_tran.train_nn_models] [Validation] Epoch=57, nll=2503.3674, acc=0.1970
[ 2022-08-31 19:40:47,630][train_tran.train_nn_models] [Training] Epoch=58, loss=2500.2952, nll=2500.2952, l2_reg=0.0000, acc=0.1988
[ 2022-08-31 19:40:47,631][train_tran.train_nn_models] [Validation] Epoch=58, nll=2502.3760, acc=0.1979
[ 2022-08-31 19:41:10,135][train_tran.train_nn_models] [Training] Epoch=59, loss=2499.1375, nll=2499.1375, l2_reg=0.0000, acc=0.1999
[ 2022-08-31 19:41:10,135][train_tran.train_nn_models] [Validation] Epoch=59, nll=2500.7896, acc=0.1988
[ 2022-08-31 19:41:32,219][train_tran.train_nn_models] [Training] Epoch=60, loss=2497.9163, nll=2497.9163, l2_reg=0.0000, acc=0.2007
[ 2022-08-31 19:41:32,219][train_tran.train_nn_models] [Validation] Epoch=60, nll=2499.0381, acc=0.1998
[ 2022-08-31 19:41:54,194][train_tran.train_nn_models] [Training] Epoch=61, loss=2496.6252, nll=2496.6252, l2_reg=0.0000, acc=0.2015
[ 2022-08-31 19:41:54,195][train_tran.train_nn_models] [Validation] Epoch=61, nll=2497.9133, acc=0.2010
[ 2022-08-31 19:42:16,164][train_tran.train_nn_models] [Training] Epoch=62, loss=2495.2429, nll=2495.2429, l2_reg=0.0000, acc=0.2022
[ 2022-08-31 19:42:16,165][train_tran.train_nn_models] [Validation] Epoch=62, nll=2496.9878, acc=0.2019
[ 2022-08-31 19:42:37,924][train_tran.train_nn_models] [Training] Epoch=63, loss=2494.2070, nll=2494.2070, l2_reg=0.0000, acc=0.2027
[ 2022-08-31 19:42:37,925][train_tran.train_nn_models] [Validation] Epoch=63, nll=2496.0227, acc=0.2022
[ 2022-08-31 19:43:00,283][train_tran.train_nn_models] [Training] Epoch=64, loss=2493.3923, nll=2493.3923, l2_reg=0.0000, acc=0.2033
[ 2022-08-31 19:43:00,284][train_tran.train_nn_models] [Validation] Epoch=64, nll=2495.1995, acc=0.2025
[ 2022-08-31 19:43:22,970][train_tran.train_nn_models] [Training] Epoch=65, loss=2492.6611, nll=2492.6611, l2_reg=0.0000, acc=0.2034
[ 2022-08-31 19:43:22,971][train_tran.train_nn_models] [Validation] Epoch=65, nll=2494.4380, acc=0.2026
[ 2022-08-31 19:43:44,632][train_tran.train_nn_models] [Training] Epoch=66, loss=2491.9751, nll=2491.9751, l2_reg=0.0000, acc=0.2038
[ 2022-08-31 19:43:44,632][train_tran.train_nn_models] [Validation] Epoch=66, nll=2493.7412, acc=0.2023
[ 2022-08-31 19:44:07,664][train_tran.train_nn_models] [Training] Epoch=67, loss=2491.5161, nll=2491.5161, l2_reg=0.0000, acc=0.2040
[ 2022-08-31 19:44:07,665][train_tran.train_nn_models] [Validation] Epoch=67, nll=2492.9722, acc=0.2028
[ 2022-08-31 19:44:30,010][train_tran.train_nn_models] [Training] Epoch=68, loss=2490.8425, nll=2490.8425, l2_reg=0.0000, acc=0.2043
[ 2022-08-31 19:44:30,011][train_tran.train_nn_models] [Validation] Epoch=68, nll=2492.1057, acc=0.2033
[ 2022-08-31 19:44:52,632][train_tran.train_nn_models] [Training] Epoch=69, loss=2490.0220, nll=2490.0220, l2_reg=0.0000, acc=0.2047
[ 2022-08-31 19:44:52,632][train_tran.train_nn_models] [Validation] Epoch=69, nll=2491.2961, acc=0.2042
[ 2022-08-31 19:45:15,912][train_tran.train_nn_models] [Training] Epoch=70, loss=2488.9666, nll=2488.9666, l2_reg=0.0000, acc=0.2051
[ 2022-08-31 19:45:15,912][train_tran.train_nn_models] [Validation] Epoch=70, nll=2490.3164, acc=0.2052
[ 2022-08-31 19:45:38,160][train_tran.train_nn_models] [Training] Epoch=71, loss=2487.8911, nll=2487.8911, l2_reg=0.0000, acc=0.2055
[ 2022-08-31 19:45:38,160][train_tran.train_nn_models] [Validation] Epoch=71, nll=2489.0784, acc=0.2054
[ 2022-08-31 19:45:59,544][train_tran.train_nn_models] [Training] Epoch=72, loss=2486.7854, nll=2486.7854, l2_reg=0.0000, acc=0.2061
[ 2022-08-31 19:45:59,545][train_tran.train_nn_models] [Validation] Epoch=72, nll=2488.0518, acc=0.2054
[ 2022-08-31 19:46:21,577][train_tran.train_nn_models] [Training] Epoch=73, loss=2485.6694, nll=2485.6694, l2_reg=0.0000, acc=0.2066
[ 2022-08-31 19:46:21,578][train_tran.train_nn_models] [Validation] Epoch=73, nll=2487.1909, acc=0.2063
[ 2022-08-31 19:46:44,078][train_tran.train_nn_models] [Training] Epoch=74, loss=2484.4626, nll=2484.4626, l2_reg=0.0000, acc=0.2071
[ 2022-08-31 19:46:44,079][train_tran.train_nn_models] [Validation] Epoch=74, nll=2485.9846, acc=0.2071
[ 2022-08-31 19:47:07,799][train_tran.train_nn_models] [Training] Epoch=75, loss=2483.0190, nll=2483.0190, l2_reg=0.0000, acc=0.2082
[ 2022-08-31 19:47:07,800][train_tran.train_nn_models] [Validation] Epoch=75, nll=2484.1394, acc=0.2083
[ 2022-08-31 19:47:30,777][train_tran.train_nn_models] [Training] Epoch=76, loss=2481.4077, nll=2481.4077, l2_reg=0.0000, acc=0.2094
[ 2022-08-31 19:47:30,778][train_tran.train_nn_models] [Validation] Epoch=76, nll=2482.6399, acc=0.2098
[ 2022-08-31 19:47:54,168][train_tran.train_nn_models] [Training] Epoch=77, loss=2479.8037, nll=2479.8037, l2_reg=0.0000, acc=0.2101
[ 2022-08-31 19:47:54,168][train_tran.train_nn_models] [Validation] Epoch=77, nll=2480.9958, acc=0.2106
[ 2022-08-31 19:48:16,967][train_tran.train_nn_models] [Training] Epoch=78, loss=2478.1843, nll=2478.1843, l2_reg=0.0000, acc=0.2115
[ 2022-08-31 19:48:16,968][train_tran.train_nn_models] [Validation] Epoch=78, nll=2479.2827, acc=0.2115
[ 2022-08-31 19:48:39,426][train_tran.train_nn_models] [Training] Epoch=79, loss=2476.4053, nll=2476.4053, l2_reg=0.0000, acc=0.2128
[ 2022-08-31 19:48:39,426][train_tran.train_nn_models] [Validation] Epoch=79, nll=2477.7385, acc=0.2131
[ 2022-08-31 19:49:01,021][train_tran.train_nn_models] [Training] Epoch=80, loss=2474.6421, nll=2474.6421, l2_reg=0.0000, acc=0.2149
[ 2022-08-31 19:49:01,022][train_tran.train_nn_models] [Validation] Epoch=80, nll=2476.1443, acc=0.2144
[ 2022-08-31 19:49:23,287][train_tran.train_nn_models] [Training] Epoch=81, loss=2472.7205, nll=2472.7205, l2_reg=0.0000, acc=0.2169
[ 2022-08-31 19:49:23,288][train_tran.train_nn_models] [Validation] Epoch=81, nll=2474.3835, acc=0.2174
[ 2022-08-31 19:49:45,176][train_tran.train_nn_models] [Training] Epoch=82, loss=2470.9707, nll=2470.9707, l2_reg=0.0000, acc=0.2188
[ 2022-08-31 19:49:45,177][train_tran.train_nn_models] [Validation] Epoch=82, nll=2473.0022, acc=0.2196
[ 2022-08-31 19:50:07,708][train_tran.train_nn_models] [Training] Epoch=83, loss=2469.5593, nll=2469.5593, l2_reg=0.0000, acc=0.2207
[ 2022-08-31 19:50:07,709][train_tran.train_nn_models] [Validation] Epoch=83, nll=2470.3870, acc=0.2208
[ 2022-08-31 19:50:30,738][train_tran.train_nn_models] [Training] Epoch=84, loss=2467.1492, nll=2467.1492, l2_reg=0.0000, acc=0.2223
[ 2022-08-31 19:50:30,739][train_tran.train_nn_models] [Validation] Epoch=84, nll=2468.6123, acc=0.2235
[ 2022-08-31 19:50:53,086][train_tran.train_nn_models] [Training] Epoch=85, loss=2465.0132, nll=2465.0132, l2_reg=0.0000, acc=0.2245
[ 2022-08-31 19:50:53,087][train_tran.train_nn_models] [Validation] Epoch=85, nll=2466.1958, acc=0.2278
[ 2022-08-31 19:51:15,211][train_tran.train_nn_models] [Training] Epoch=86, loss=2462.9243, nll=2462.9243, l2_reg=0.0000, acc=0.2270
[ 2022-08-31 19:51:15,212][train_tran.train_nn_models] [Validation] Epoch=86, nll=2464.2429, acc=0.2302
[ 2022-08-31 19:51:37,430][train_tran.train_nn_models] [Training] Epoch=87, loss=2460.9771, nll=2460.9771, l2_reg=0.0000, acc=0.2299
[ 2022-08-31 19:51:37,431][train_tran.train_nn_models] [Validation] Epoch=87, nll=2462.7104, acc=0.2315
[ 2022-08-31 19:51:59,148][train_tran.train_nn_models] [Training] Epoch=88, loss=2459.0000, nll=2459.0000, l2_reg=0.0000, acc=0.2323
[ 2022-08-31 19:51:59,148][train_tran.train_nn_models] [Validation] Epoch=88, nll=2460.7405, acc=0.2339
[ 2022-08-31 19:52:21,447][train_tran.train_nn_models] [Training] Epoch=89, loss=2456.8899, nll=2456.8899, l2_reg=0.0000, acc=0.2343
[ 2022-08-31 19:52:21,448][train_tran.train_nn_models] [Validation] Epoch=89, nll=2458.6362, acc=0.2359
[ 2022-08-31 19:52:43,030][train_tran.train_nn_models] [Training] Epoch=90, loss=2454.8953, nll=2454.8953, l2_reg=0.0000, acc=0.2362
[ 2022-08-31 19:52:43,030][train_tran.train_nn_models] [Validation] Epoch=90, nll=2456.7429, acc=0.2379
[ 2022-08-31 19:53:05,424][train_tran.train_nn_models] [Training] Epoch=91, loss=2453.1714, nll=2453.1714, l2_reg=0.0000, acc=0.2373
[ 2022-08-31 19:53:05,425][train_tran.train_nn_models] [Validation] Epoch=91, nll=2455.1523, acc=0.2390
[ 2022-08-31 19:53:26,795][train_tran.train_nn_models] [Training] Epoch=92, loss=2451.6072, nll=2451.6072, l2_reg=0.0000, acc=0.2385
[ 2022-08-31 19:53:26,796][train_tran.train_nn_models] [Validation] Epoch=92, nll=2455.3940, acc=0.2400
[ 2022-08-31 19:53:48,861][train_tran.train_nn_models] [Training] Epoch=93, loss=2450.1228, nll=2450.1228, l2_reg=0.0000, acc=0.2397
[ 2022-08-31 19:53:48,862][train_tran.train_nn_models] [Validation] Epoch=93, nll=2453.1729, acc=0.2401
[ 2022-08-31 19:54:11,092][train_tran.train_nn_models] [Training] Epoch=94, loss=2448.5188, nll=2448.5188, l2_reg=0.0000, acc=0.2404
[ 2022-08-31 19:54:11,093][train_tran.train_nn_models] [Validation] Epoch=94, nll=2449.4314, acc=0.2423
[ 2022-08-31 19:54:34,496][train_tran.train_nn_models] [Training] Epoch=95, loss=2444.4229, nll=2444.4229, l2_reg=0.0000, acc=0.2411
[ 2022-08-31 19:54:34,496][train_tran.train_nn_models] [Validation] Epoch=95, nll=2448.5586, acc=0.2424
[ 2022-08-31 19:54:57,306][train_tran.train_nn_models] [Training] Epoch=96, loss=2442.9807, nll=2442.9807, l2_reg=0.0000, acc=0.2425
[ 2022-08-31 19:54:57,307][train_tran.train_nn_models] [Validation] Epoch=96, nll=2446.0627, acc=0.2450
[ 2022-08-31 19:55:20,356][train_tran.train_nn_models] [Training] Epoch=97, loss=2440.4148, nll=2440.4148, l2_reg=0.0000, acc=0.2435
[ 2022-08-31 19:55:20,357][train_tran.train_nn_models] [Validation] Epoch=97, nll=2446.9878, acc=0.2457
[ 2022-08-31 19:55:43,241][train_tran.train_nn_models] [Training] Epoch=98, loss=2440.3721, nll=2440.3721, l2_reg=0.0000, acc=0.2448
[ 2022-08-31 19:55:43,242][train_tran.train_nn_models] [Validation] Epoch=98, nll=2451.8359, acc=0.2465
[ 2022-08-31 19:56:06,134][train_tran.train_nn_models] [Training] Epoch=99, loss=2440.8203, nll=2440.8203, l2_reg=0.0000, acc=0.2443
[ 2022-08-31 19:56:06,135][train_tran.train_nn_models] [Validation] Epoch=99, nll=2445.3037, acc=0.2436
[ 2022-08-31 19:56:29,446][train_tran.train_nn_models] [Training] Epoch=100, loss=2435.1494, nll=2435.1494, l2_reg=0.0000, acc=0.2455
[ 2022-08-31 19:56:29,447][train_tran.train_nn_models] [Validation] Epoch=100, nll=2439.2405, acc=0.2468
[ 2022-08-31 19:56:52,156][train_tran.train_nn_models] [Training] Epoch=101, loss=2430.5996, nll=2430.5996, l2_reg=0.0000, acc=0.2478
[ 2022-08-31 19:56:52,156][train_tran.train_nn_models] [Validation] Epoch=101, nll=2437.2205, acc=0.2515
[ 2022-08-31 19:57:14,685][train_tran.train_nn_models] [Training] Epoch=102, loss=2426.5090, nll=2426.5090, l2_reg=0.0000, acc=0.2502
[ 2022-08-31 19:57:14,686][train_tran.train_nn_models] [Validation] Epoch=102, nll=2431.0352, acc=0.2541
[ 2022-08-31 19:57:37,393][train_tran.train_nn_models] [Training] Epoch=103, loss=2422.3162, nll=2422.3162, l2_reg=0.0000, acc=0.2533
[ 2022-08-31 19:57:37,394][train_tran.train_nn_models] [Validation] Epoch=103, nll=2428.7229, acc=0.2562
[ 2022-08-31 19:58:01,008][train_tran.train_nn_models] [Training] Epoch=104, loss=2418.6743, nll=2418.6743, l2_reg=0.0000, acc=0.2549
[ 2022-08-31 19:58:01,009][train_tran.train_nn_models] [Validation] Epoch=104, nll=2424.6060, acc=0.2561
[ 2022-08-31 19:58:23,511][train_tran.train_nn_models] [Training] Epoch=105, loss=2414.1206, nll=2414.1206, l2_reg=0.0000, acc=0.2569
[ 2022-08-31 19:58:23,512][train_tran.train_nn_models] [Validation] Epoch=105, nll=2423.4595, acc=0.2580
[ 2022-08-31 19:58:45,300][train_tran.train_nn_models] [Training] Epoch=106, loss=2410.4897, nll=2410.4897, l2_reg=0.0000, acc=0.2586
[ 2022-08-31 19:58:45,300][train_tran.train_nn_models] [Validation] Epoch=106, nll=2418.9333, acc=0.2602
[ 2022-08-31 19:59:07,678][train_tran.train_nn_models] [Training] Epoch=107, loss=2407.2227, nll=2407.2227, l2_reg=0.0000, acc=0.2609
[ 2022-08-31 19:59:07,679][train_tran.train_nn_models] [Validation] Epoch=107, nll=2437.4102, acc=0.2609
[ 2022-08-31 19:59:30,173][train_tran.train_nn_models] [Training] Epoch=108, loss=2436.5906, nll=2436.5906, l2_reg=0.0000, acc=0.2504
[ 2022-08-31 19:59:30,173][train_tran.train_nn_models] [Validation] Epoch=108, nll=2458.1936, acc=0.2422
[ 2022-08-31 19:59:52,793][train_tran.train_nn_models] [Training] Epoch=109, loss=2453.5513, nll=2453.5513, l2_reg=0.0000, acc=0.2410
[ 2022-08-31 19:59:52,794][train_tran.train_nn_models] [Validation] Epoch=109, nll=2443.1838, acc=0.2475
[ 2022-08-31 20:00:14,950][train_tran.train_nn_models] [Training] Epoch=110, loss=2420.4043, nll=2420.4043, l2_reg=0.0000, acc=0.2563
[ 2022-08-31 20:00:14,950][train_tran.train_nn_models] [Validation] Epoch=110, nll=2426.1050, acc=0.2600
[ 2022-08-31 20:00:37,032][train_tran.train_nn_models] [Training] Epoch=111, loss=2444.1582, nll=2444.1582, l2_reg=0.0000, acc=0.2442
[ 2022-08-31 20:00:37,033][train_tran.train_nn_models] [Validation] Epoch=111, nll=2454.0474, acc=0.2436
[ 2022-08-31 20:00:59,228][train_tran.train_nn_models] [Training] Epoch=112, loss=2451.7593, nll=2451.7593, l2_reg=0.0000, acc=0.2392
[ 2022-08-31 20:00:59,228][train_tran.train_nn_models] [Validation] Epoch=112, nll=2472.0969, acc=0.2224
[ 2022-08-31 20:01:21,938][train_tran.train_nn_models] [Training] Epoch=113, loss=2446.4263, nll=2446.4263, l2_reg=0.0000, acc=0.2385
[ 2022-08-31 20:01:21,939][train_tran.train_nn_models] [Validation] Epoch=113, nll=2438.7605, acc=0.2483
[ 2022-08-31 20:01:44,932][train_tran.train_nn_models] [Training] Epoch=114, loss=2430.8591, nll=2430.8591, l2_reg=0.0000, acc=0.2454
[ 2022-08-31 20:01:44,933][train_tran.train_nn_models] [Validation] Epoch=114, nll=2428.4646, acc=0.2511
[ 2022-08-31 20:02:07,806][train_tran.train_nn_models] [Training] Epoch=115, loss=2419.0212, nll=2419.0212, l2_reg=0.0000, acc=0.2535
[ 2022-08-31 20:02:07,807][train_tran.train_nn_models] [Validation] Epoch=115, nll=2419.2075, acc=0.2539
[ 2022-08-31 20:02:30,513][train_tran.train_nn_models] [Training] Epoch=116, loss=2409.2634, nll=2409.2634, l2_reg=0.0000, acc=0.2583
[ 2022-08-31 20:02:30,514][train_tran.train_nn_models] [Validation] Epoch=116, nll=2410.8599, acc=0.2592
[ 2022-08-31 20:02:52,677][train_tran.train_nn_models] [Training] Epoch=117, loss=2399.9626, nll=2399.9626, l2_reg=0.0000, acc=0.2630
[ 2022-08-31 20:02:52,677][train_tran.train_nn_models] [Validation] Epoch=117, nll=2406.7361, acc=0.2624
[ 2022-08-31 20:03:15,123][train_tran.train_nn_models] [Training] Epoch=118, loss=2391.4814, nll=2391.4814, l2_reg=0.0000, acc=0.2659
[ 2022-08-31 20:03:15,124][train_tran.train_nn_models] [Validation] Epoch=118, nll=2393.4543, acc=0.2674
[ 2022-08-31 20:03:37,522][train_tran.train_nn_models] [Training] Epoch=119, loss=2378.7446, nll=2378.7446, l2_reg=0.0000, acc=0.2741
[ 2022-08-31 20:03:37,523][train_tran.train_nn_models] [Validation] Epoch=119, nll=2385.4910, acc=0.2713
[ 2022-08-31 20:04:00,073][train_tran.train_nn_models] [Training] Epoch=120, loss=2363.8628, nll=2363.8628, l2_reg=0.0000, acc=0.2843
[ 2022-08-31 20:04:00,074][train_tran.train_nn_models] [Validation] Epoch=120, nll=2370.0408, acc=0.2843
[ 2022-08-31 20:04:23,137][train_tran.train_nn_models] [Training] Epoch=121, loss=2376.7952, nll=2376.7952, l2_reg=0.0000, acc=0.2853
[ 2022-08-31 20:04:23,138][train_tran.train_nn_models] [Validation] Epoch=121, nll=2400.8972, acc=0.2613
[ 2022-08-31 20:04:46,565][train_tran.train_nn_models] [Training] Epoch=122, loss=2370.3684, nll=2370.3684, l2_reg=0.0000, acc=0.2831
[ 2022-08-31 20:04:46,566][train_tran.train_nn_models] [Validation] Epoch=122, nll=2370.4233, acc=0.2764
[ 2022-08-31 20:05:09,448][train_tran.train_nn_models] [Training] Epoch=123, loss=2344.2349, nll=2344.2349, l2_reg=0.0000, acc=0.2900
[ 2022-08-31 20:05:09,448][train_tran.train_nn_models] [Validation] Epoch=123, nll=2352.3254, acc=0.2880
[ 2022-08-31 20:05:32,010][train_tran.train_nn_models] [Training] Epoch=124, loss=2331.8879, nll=2331.8879, l2_reg=0.0000, acc=0.3005
[ 2022-08-31 20:05:32,010][train_tran.train_nn_models] [Validation] Epoch=124, nll=2387.7361, acc=0.2813
[ 2022-08-31 20:05:55,023][train_tran.train_nn_models] [Training] Epoch=125, loss=2333.5845, nll=2333.5845, l2_reg=0.0000, acc=0.3012
[ 2022-08-31 20:05:55,024][train_tran.train_nn_models] [Validation] Epoch=125, nll=2343.2490, acc=0.2977
[ 2022-08-31 20:06:18,534][train_tran.train_nn_models] [Training] Epoch=126, loss=2316.5950, nll=2316.5950, l2_reg=0.0000, acc=0.3096
[ 2022-08-31 20:06:18,535][train_tran.train_nn_models] [Validation] Epoch=126, nll=2320.7339, acc=0.3094
[ 2022-08-31 20:06:18,535][train_tran.train_nn_models] Found a better model at epoch 126.
[ 2022-08-31 20:06:42,749][train_tran.train_nn_models] [Training] Epoch=127, loss=2298.9290, nll=2298.9290, l2_reg=0.0000, acc=0.3179
[ 2022-08-31 20:06:42,750][train_tran.train_nn_models] [Validation] Epoch=127, nll=2347.7258, acc=0.3029
[ 2022-08-31 20:07:07,999][train_tran.train_nn_models] [Training] Epoch=128, loss=2285.0847, nll=2285.0847, l2_reg=0.0000, acc=0.3315
[ 2022-08-31 20:07:07,999][train_tran.train_nn_models] [Validation] Epoch=128, nll=2303.1804, acc=0.3276
[ 2022-08-31 20:07:07,999][train_tran.train_nn_models] Found a better model at epoch 128.
[ 2022-08-31 20:07:34,071][train_tran.train_nn_models] [Training] Epoch=129, loss=2361.8018, nll=2361.8018, l2_reg=0.0000, acc=0.2984
[ 2022-08-31 20:07:34,072][train_tran.train_nn_models] [Validation] Epoch=129, nll=2368.9456, acc=0.2881
[ 2022-08-31 20:07:59,945][train_tran.train_nn_models] [Training] Epoch=130, loss=2323.2466, nll=2323.2466, l2_reg=0.0000, acc=0.3135
[ 2022-08-31 20:07:59,945][train_tran.train_nn_models] [Validation] Epoch=130, nll=2325.3240, acc=0.3119
[ 2022-08-31 20:08:25,829][train_tran.train_nn_models] [Training] Epoch=131, loss=2275.9028, nll=2275.9028, l2_reg=0.0000, acc=0.3287
[ 2022-08-31 20:08:25,830][train_tran.train_nn_models] [Validation] Epoch=131, nll=2290.0320, acc=0.3305
[ 2022-08-31 20:08:25,830][train_tran.train_nn_models] Found a better model at epoch 131.
[ 2022-08-31 20:08:51,932][train_tran.train_nn_models] [Training] Epoch=132, loss=2256.8960, nll=2256.8960, l2_reg=0.0000, acc=0.3461
[ 2022-08-31 20:08:51,933][train_tran.train_nn_models] [Validation] Epoch=132, nll=2351.6316, acc=0.2940
[ 2022-08-31 20:09:17,526][train_tran.train_nn_models] [Training] Epoch=133, loss=2305.6221, nll=2305.6221, l2_reg=0.0000, acc=0.3247
[ 2022-08-31 20:09:17,527][train_tran.train_nn_models] [Validation] Epoch=133, nll=2298.2354, acc=0.3259
[ 2022-08-31 20:09:45,100][train_tran.train_nn_models] [Training] Epoch=134, loss=2265.0159, nll=2265.0159, l2_reg=0.0000, acc=0.3462
[ 2022-08-31 20:09:45,101][train_tran.train_nn_models] [Validation] Epoch=134, nll=2276.4460, acc=0.3346
[ 2022-08-31 20:09:45,101][train_tran.train_nn_models] Found a better model at epoch 134.
[ 2022-08-31 20:10:12,065][train_tran.train_nn_models] [Training] Epoch=135, loss=2220.6917, nll=2220.6917, l2_reg=0.0000, acc=0.3640
[ 2022-08-31 20:10:12,066][train_tran.train_nn_models] [Validation] Epoch=135, nll=2243.9419, acc=0.3557
[ 2022-08-31 20:10:12,066][train_tran.train_nn_models] Found a better model at epoch 135.
[ 2022-08-31 20:10:39,226][train_tran.train_nn_models] [Training] Epoch=136, loss=2208.5542, nll=2208.5542, l2_reg=0.0000, acc=0.3749
[ 2022-08-31 20:10:39,226][train_tran.train_nn_models] [Validation] Epoch=136, nll=2251.5881, acc=0.3509
[ 2022-08-31 20:11:05,658][train_tran.train_nn_models] [Training] Epoch=137, loss=2191.8503, nll=2191.8503, l2_reg=0.0000, acc=0.3900
[ 2022-08-31 20:11:05,658][train_tran.train_nn_models] [Validation] Epoch=137, nll=2208.4072, acc=0.3780
[ 2022-08-31 20:11:05,658][train_tran.train_nn_models] Found a better model at epoch 137.
[ 2022-08-31 20:11:31,864][train_tran.train_nn_models] [Training] Epoch=138, loss=2170.4463, nll=2170.4463, l2_reg=0.0000, acc=0.3982
[ 2022-08-31 20:11:31,864][train_tran.train_nn_models] [Validation] Epoch=138, nll=2226.4839, acc=0.3714
[ 2022-08-31 20:11:59,185][train_tran.train_nn_models] [Training] Epoch=139, loss=2177.8452, nll=2177.8452, l2_reg=0.0000, acc=0.3996
[ 2022-08-31 20:11:59,186][train_tran.train_nn_models] [Validation] Epoch=139, nll=2205.6516, acc=0.3973
[ 2022-08-31 20:11:59,186][train_tran.train_nn_models] Found a better model at epoch 139.
[ 2022-08-31 20:12:26,950][train_tran.train_nn_models] [Training] Epoch=140, loss=2158.7751, nll=2158.7751, l2_reg=0.0000, acc=0.4079
[ 2022-08-31 20:12:26,951][train_tran.train_nn_models] [Validation] Epoch=140, nll=2326.1289, acc=0.3617
[ 2022-08-31 20:12:53,633][train_tran.train_nn_models] [Training] Epoch=141, loss=2294.6306, nll=2294.6306, l2_reg=0.0000, acc=0.3469
[ 2022-08-31 20:12:53,633][train_tran.train_nn_models] [Validation] Epoch=141, nll=2294.1506, acc=0.3305
[ 2022-08-31 20:13:20,505][train_tran.train_nn_models] [Training] Epoch=142, loss=2241.0886, nll=2241.0886, l2_reg=0.0000, acc=0.3578
[ 2022-08-31 20:13:20,505][train_tran.train_nn_models] [Validation] Epoch=142, nll=2314.3540, acc=0.3298
[ 2022-08-31 20:13:47,471][train_tran.train_nn_models] [Training] Epoch=143, loss=2287.0889, nll=2287.0889, l2_reg=0.0000, acc=0.3596
[ 2022-08-31 20:13:47,472][train_tran.train_nn_models] [Validation] Epoch=143, nll=2299.3184, acc=0.3395
[ 2022-08-31 20:14:15,001][train_tran.train_nn_models] [Training] Epoch=144, loss=2211.8049, nll=2211.8049, l2_reg=0.0000, acc=0.3736
[ 2022-08-31 20:14:15,001][train_tran.train_nn_models] [Validation] Epoch=144, nll=2247.0122, acc=0.3513
[ 2022-08-31 20:14:42,755][train_tran.train_nn_models] [Training] Epoch=145, loss=2152.6018, nll=2152.6018, l2_reg=0.0000, acc=0.4100
[ 2022-08-31 20:14:42,756][train_tran.train_nn_models] [Validation] Epoch=145, nll=2197.5537, acc=0.4012
[ 2022-08-31 20:14:42,756][train_tran.train_nn_models] Found a better model at epoch 145.
[ 2022-08-31 20:15:10,950][train_tran.train_nn_models] [Training] Epoch=146, loss=2225.9861, nll=2225.9861, l2_reg=0.0000, acc=0.3927
[ 2022-08-31 20:15:10,950][train_tran.train_nn_models] [Validation] Epoch=146, nll=2359.4351, acc=0.3250
[ 2022-08-31 20:15:39,224][train_tran.train_nn_models] [Training] Epoch=147, loss=2204.9280, nll=2204.9280, l2_reg=0.0000, acc=0.3917
[ 2022-08-31 20:15:39,224][train_tran.train_nn_models] [Validation] Epoch=147, nll=2214.8127, acc=0.3953
[ 2022-08-31 20:16:07,780][train_tran.train_nn_models] [Training] Epoch=148, loss=2124.1741, nll=2124.1741, l2_reg=0.0000, acc=0.4272
[ 2022-08-31 20:16:07,781][train_tran.train_nn_models] [Validation] Epoch=148, nll=2171.1729, acc=0.4096
[ 2022-08-31 20:16:07,786][train_tran.train_nn_models] Found a better model at epoch 148.
[ 2022-08-31 20:16:36,295][train_tran.train_nn_models] [Training] Epoch=149, loss=2074.7593, nll=2074.7593, l2_reg=0.0000, acc=0.4564
[ 2022-08-31 20:16:36,296][train_tran.train_nn_models] [Validation] Epoch=149, nll=2152.6099, acc=0.4239
[ 2022-08-31 20:16:36,296][train_tran.train_nn_models] Found a better model at epoch 149.
[ 2022-08-31 20:17:05,007][train_tran.train_nn_models] [Training] Epoch=150, loss=2082.5723, nll=2082.5723, l2_reg=0.0000, acc=0.4545
[ 2022-08-31 20:17:05,007][train_tran.train_nn_models] [Validation] Epoch=150, nll=2180.8606, acc=0.4086
[ 2022-08-31 20:17:33,039][train_tran.train_nn_models] [Training] Epoch=151, loss=2115.0320, nll=2115.0320, l2_reg=0.0000, acc=0.4427
[ 2022-08-31 20:17:33,040][train_tran.train_nn_models] [Validation] Epoch=151, nll=2218.9041, acc=0.3854
[ 2022-08-31 20:18:01,420][train_tran.train_nn_models] [Training] Epoch=152, loss=2072.7817, nll=2072.7817, l2_reg=0.0000, acc=0.4597
[ 2022-08-31 20:18:01,420][train_tran.train_nn_models] [Validation] Epoch=152, nll=2164.8386, acc=0.4187
[ 2022-08-31 20:18:28,685][train_tran.train_nn_models] [Training] Epoch=153, loss=2014.0519, nll=2014.0519, l2_reg=0.0000, acc=0.4949
[ 2022-08-31 20:18:28,685][train_tran.train_nn_models] [Validation] Epoch=153, nll=2127.6448, acc=0.4318
[ 2022-08-31 20:18:28,685][train_tran.train_nn_models] Found a better model at epoch 153.
[ 2022-08-31 20:18:57,085][train_tran.train_nn_models] [Training] Epoch=154, loss=1990.8591, nll=1990.8591, l2_reg=0.0000, acc=0.5079
[ 2022-08-31 20:18:57,087][train_tran.train_nn_models] [Validation] Epoch=154, nll=2097.9180, acc=0.4546
[ 2022-08-31 20:18:57,087][train_tran.train_nn_models] Found a better model at epoch 154.
[ 2022-08-31 20:19:25,435][train_tran.train_nn_models] [Training] Epoch=155, loss=2403.4119, nll=2403.4119, l2_reg=0.0000, acc=0.3211
[ 2022-08-31 20:19:25,435][train_tran.train_nn_models] [Validation] Epoch=155, nll=2491.3560, acc=0.2420
[ 2022-08-31 20:19:54,090][train_tran.train_nn_models] [Training] Epoch=156, loss=2415.8105, nll=2415.8105, l2_reg=0.0000, acc=0.2749
[ 2022-08-31 20:19:54,091][train_tran.train_nn_models] [Validation] Epoch=156, nll=2381.4663, acc=0.2728
[ 2022-08-31 20:20:23,018][train_tran.train_nn_models] [Training] Epoch=157, loss=2306.3696, nll=2306.3696, l2_reg=0.0000, acc=0.3236
[ 2022-08-31 20:20:23,019][train_tran.train_nn_models] [Validation] Epoch=157, nll=2282.6172, acc=0.3320
[ 2022-08-31 20:20:51,415][train_tran.train_nn_models] [Training] Epoch=158, loss=2214.1313, nll=2214.1313, l2_reg=0.0000, acc=0.3657
[ 2022-08-31 20:20:51,416][train_tran.train_nn_models] [Validation] Epoch=158, nll=2249.4136, acc=0.3455
[ 2022-08-31 20:21:19,259][train_tran.train_nn_models] [Training] Epoch=159, loss=2193.4260, nll=2193.4260, l2_reg=0.0000, acc=0.3782
[ 2022-08-31 20:21:19,259][train_tran.train_nn_models] [Validation] Epoch=159, nll=2299.6572, acc=0.3365
[ 2022-08-31 20:21:47,612][train_tran.train_nn_models] [Training] Epoch=160, loss=2246.9109, nll=2246.9109, l2_reg=0.0000, acc=0.3447
[ 2022-08-31 20:21:47,612][train_tran.train_nn_models] [Validation] Epoch=160, nll=2259.1448, acc=0.3338
[ 2022-08-31 20:22:16,366][train_tran.train_nn_models] [Training] Epoch=161, loss=2133.8555, nll=2133.8555, l2_reg=0.0000, acc=0.4014
[ 2022-08-31 20:22:16,367][train_tran.train_nn_models] [Validation] Epoch=161, nll=2164.7595, acc=0.3971
[ 2022-08-31 20:22:46,474][train_tran.train_nn_models] [Training] Epoch=162, loss=2131.7661, nll=2131.7661, l2_reg=0.0000, acc=0.4021
[ 2022-08-31 20:22:46,475][train_tran.train_nn_models] [Validation] Epoch=162, nll=2215.2695, acc=0.3738
[ 2022-08-31 20:23:15,890][train_tran.train_nn_models] [Training] Epoch=163, loss=2096.3823, nll=2096.3823, l2_reg=0.0000, acc=0.4242
[ 2022-08-31 20:23:15,891][train_tran.train_nn_models] [Validation] Epoch=163, nll=2096.6545, acc=0.4288
[ 2022-08-31 20:23:15,892][train_tran.train_nn_models] Found a better model at epoch 163.
[ 2022-08-31 20:23:44,827][train_tran.train_nn_models] [Training] Epoch=164, loss=2081.7007, nll=2081.7007, l2_reg=0.0000, acc=0.4367
[ 2022-08-31 20:23:44,828][train_tran.train_nn_models] [Validation] Epoch=164, nll=2078.4409, acc=0.4394
[ 2022-08-31 20:23:44,828][train_tran.train_nn_models] Found a better model at epoch 164.
[ 2022-08-31 20:24:14,259][train_tran.train_nn_models] [Training] Epoch=165, loss=2024.2032, nll=2024.2032, l2_reg=0.0000, acc=0.4726
[ 2022-08-31 20:24:14,259][train_tran.train_nn_models] [Validation] Epoch=165, nll=2061.8616, acc=0.4448
[ 2022-08-31 20:24:14,259][train_tran.train_nn_models] Found a better model at epoch 165.
[ 2022-08-31 20:24:44,093][train_tran.train_nn_models] [Training] Epoch=166, loss=1994.3174, nll=1994.3174, l2_reg=0.0000, acc=0.4803
[ 2022-08-31 20:24:44,093][train_tran.train_nn_models] [Validation] Epoch=166, nll=2058.5261, acc=0.4764
[ 2022-08-31 20:24:44,094][train_tran.train_nn_models] Found a better model at epoch 166.
[ 2022-08-31 20:25:13,264][train_tran.train_nn_models] [Training] Epoch=167, loss=2050.8643, nll=2050.8643, l2_reg=0.0000, acc=0.4597
[ 2022-08-31 20:25:13,265][train_tran.train_nn_models] [Validation] Epoch=167, nll=1993.7168, acc=0.4859
[ 2022-08-31 20:25:13,265][train_tran.train_nn_models] Found a better model at epoch 167.
[ 2022-08-31 20:25:42,886][train_tran.train_nn_models] [Training] Epoch=168, loss=1995.9242, nll=1995.9242, l2_reg=0.0000, acc=0.4829
[ 2022-08-31 20:25:42,886][train_tran.train_nn_models] [Validation] Epoch=168, nll=1975.7159, acc=0.5018
[ 2022-08-31 20:25:42,886][train_tran.train_nn_models] Found a better model at epoch 168.
[ 2022-08-31 20:26:13,499][train_tran.train_nn_models] [Training] Epoch=169, loss=1909.2947, nll=1909.2947, l2_reg=0.0000, acc=0.5355
[ 2022-08-31 20:26:13,500][train_tran.train_nn_models] [Validation] Epoch=169, nll=1954.1510, acc=0.5243
[ 2022-08-31 20:26:13,500][train_tran.train_nn_models] Found a better model at epoch 169.
[ 2022-08-31 20:26:43,191][train_tran.train_nn_models] [Training] Epoch=170, loss=2058.4756, nll=2058.4756, l2_reg=0.0000, acc=0.4489
[ 2022-08-31 20:26:43,191][train_tran.train_nn_models] [Validation] Epoch=170, nll=2075.4238, acc=0.4634
[ 2022-08-31 20:27:13,027][train_tran.train_nn_models] [Training] Epoch=171, loss=1971.4996, nll=1971.4996, l2_reg=0.0000, acc=0.5176
[ 2022-08-31 20:27:13,028][train_tran.train_nn_models] [Validation] Epoch=171, nll=1907.3574, acc=0.5491
[ 2022-08-31 20:27:13,028][train_tran.train_nn_models] Found a better model at epoch 171.
[ 2022-08-31 20:27:43,830][train_tran.train_nn_models] [Training] Epoch=172, loss=1905.9305, nll=1905.9305, l2_reg=0.0000, acc=0.5288
[ 2022-08-31 20:27:43,831][train_tran.train_nn_models] [Validation] Epoch=172, nll=1981.7533, acc=0.4765
[ 2022-08-31 20:28:14,444][train_tran.train_nn_models] [Training] Epoch=173, loss=1918.1235, nll=1918.1235, l2_reg=0.0000, acc=0.5261
[ 2022-08-31 20:28:14,444][train_tran.train_nn_models] [Validation] Epoch=173, nll=1907.4536, acc=0.5531
[ 2022-08-31 20:28:44,384][train_tran.train_nn_models] [Training] Epoch=174, loss=1843.6621, nll=1843.6621, l2_reg=0.0000, acc=0.5665
[ 2022-08-31 20:28:44,385][train_tran.train_nn_models] [Validation] Epoch=174, nll=1853.0614, acc=0.5747
[ 2022-08-31 20:28:44,385][train_tran.train_nn_models] Found a better model at epoch 174.
[ 2022-08-31 20:29:15,052][train_tran.train_nn_models] [Training] Epoch=175, loss=1812.0558, nll=1812.0558, l2_reg=0.0000, acc=0.5788
[ 2022-08-31 20:29:15,053][train_tran.train_nn_models] [Validation] Epoch=175, nll=1937.5518, acc=0.5044
[ 2022-08-31 20:29:45,339][train_tran.train_nn_models] [Training] Epoch=176, loss=1825.7300, nll=1825.7300, l2_reg=0.0000, acc=0.5618
[ 2022-08-31 20:29:45,340][train_tran.train_nn_models] [Validation] Epoch=176, nll=1907.4675, acc=0.5606
[ 2022-08-31 20:30:15,228][train_tran.train_nn_models] [Training] Epoch=177, loss=1791.9844, nll=1791.9844, l2_reg=0.0000, acc=0.6007
[ 2022-08-31 20:30:15,228][train_tran.train_nn_models] [Validation] Epoch=177, nll=1760.2793, acc=0.6163
[ 2022-08-31 20:30:15,228][train_tran.train_nn_models] Found a better model at epoch 177.
[ 2022-08-31 20:30:45,930][train_tran.train_nn_models] [Training] Epoch=178, loss=1651.5356, nll=1651.5356, l2_reg=0.0000, acc=0.6687
[ 2022-08-31 20:30:45,931][train_tran.train_nn_models] [Validation] Epoch=178, nll=1684.9684, acc=0.6528
[ 2022-08-31 20:30:45,931][train_tran.train_nn_models] Found a better model at epoch 178.
[ 2022-08-31 20:31:16,702][train_tran.train_nn_models] [Training] Epoch=179, loss=1786.4824, nll=1786.4824, l2_reg=0.0000, acc=0.5963
[ 2022-08-31 20:31:16,702][train_tran.train_nn_models] [Validation] Epoch=179, nll=1844.0895, acc=0.5353
[ 2022-08-31 20:31:47,075][train_tran.train_nn_models] [Training] Epoch=180, loss=1829.6794, nll=1829.6794, l2_reg=0.0000, acc=0.5758
[ 2022-08-31 20:31:47,075][train_tran.train_nn_models] [Validation] Epoch=180, nll=1815.0773, acc=0.5774
[ 2022-08-31 20:32:17,635][train_tran.train_nn_models] [Training] Epoch=181, loss=1710.3219, nll=1710.3219, l2_reg=0.0000, acc=0.6265
[ 2022-08-31 20:32:17,636][train_tran.train_nn_models] [Validation] Epoch=181, nll=1681.3711, acc=0.6599
[ 2022-08-31 20:32:17,636][train_tran.train_nn_models] Found a better model at epoch 181.
[ 2022-08-31 20:32:48,462][train_tran.train_nn_models] [Training] Epoch=182, loss=1680.1626, nll=1680.1626, l2_reg=0.0000, acc=0.6637
[ 2022-08-31 20:32:48,463][train_tran.train_nn_models] [Validation] Epoch=182, nll=1810.3132, acc=0.6227
[ 2022-08-31 20:33:18,237][train_tran.train_nn_models] [Training] Epoch=183, loss=1689.1542, nll=1689.1542, l2_reg=0.0000, acc=0.6687
[ 2022-08-31 20:33:18,237][train_tran.train_nn_models] [Validation] Epoch=183, nll=1629.5836, acc=0.6795
[ 2022-08-31 20:33:18,237][train_tran.train_nn_models] Found a better model at epoch 183.
[ 2022-08-31 20:33:47,930][train_tran.train_nn_models] [Training] Epoch=184, loss=1869.8258, nll=1869.8258, l2_reg=0.0000, acc=0.6370
[ 2022-08-31 20:33:47,931][train_tran.train_nn_models] [Validation] Epoch=184, nll=2942.8936, acc=0.3127
[ 2022-08-31 20:34:15,792][train_tran.train_nn_models] [Training] Epoch=185, loss=2630.4692, nll=2630.4692, l2_reg=0.0000, acc=0.2950
[ 2022-08-31 20:34:15,793][train_tran.train_nn_models] [Validation] Epoch=185, nll=2507.6924, acc=0.2600
[ 2022-08-31 20:34:44,654][train_tran.train_nn_models] [Training] Epoch=186, loss=2446.6306, nll=2446.6306, l2_reg=0.0000, acc=0.3040
[ 2022-08-31 20:34:44,655][train_tran.train_nn_models] [Validation] Epoch=186, nll=2423.3367, acc=0.3008
[ 2022-08-31 20:35:12,006][train_tran.train_nn_models] [Training] Epoch=187, loss=2354.2126, nll=2354.2126, l2_reg=0.0000, acc=0.3434
[ 2022-08-31 20:35:12,007][train_tran.train_nn_models] [Validation] Epoch=187, nll=2351.0342, acc=0.3502
[ 2022-08-31 20:35:40,769][train_tran.train_nn_models] [Training] Epoch=188, loss=2258.1594, nll=2258.1594, l2_reg=0.0000, acc=0.4043
[ 2022-08-31 20:35:40,770][train_tran.train_nn_models] [Validation] Epoch=188, nll=2280.3254, acc=0.3969
[ 2022-08-31 20:36:11,272][train_tran.train_nn_models] [Training] Epoch=189, loss=2158.6423, nll=2158.6423, l2_reg=0.0000, acc=0.4600
[ 2022-08-31 20:36:11,272][train_tran.train_nn_models] [Validation] Epoch=189, nll=2204.7415, acc=0.4372
[ 2022-08-31 20:36:41,293][train_tran.train_nn_models] [Training] Epoch=190, loss=2056.2979, nll=2056.2979, l2_reg=0.0000, acc=0.5089
[ 2022-08-31 20:36:41,294][train_tran.train_nn_models] [Validation] Epoch=190, nll=2124.6472, acc=0.4761
[ 2022-08-31 20:37:11,753][train_tran.train_nn_models] [Training] Epoch=191, loss=1982.4912, nll=1982.4912, l2_reg=0.0000, acc=0.5456
[ 2022-08-31 20:37:11,754][train_tran.train_nn_models] [Validation] Epoch=191, nll=2080.0063, acc=0.4954
[ 2022-08-31 20:37:43,204][train_tran.train_nn_models] [Training] Epoch=192, loss=1963.2216, nll=1963.2216, l2_reg=0.0000, acc=0.5685
[ 2022-08-31 20:37:43,204][train_tran.train_nn_models] [Validation] Epoch=192, nll=2194.8042, acc=0.4656
[ 2022-08-31 20:38:13,322][train_tran.train_nn_models] [Training] Epoch=193, loss=2052.5698, nll=2052.5698, l2_reg=0.0000, acc=0.5109
[ 2022-08-31 20:38:13,323][train_tran.train_nn_models] [Validation] Epoch=193, nll=2062.4866, acc=0.5089
[ 2022-08-31 20:38:45,341][train_tran.train_nn_models] [Training] Epoch=194, loss=1889.9015, nll=1889.9015, l2_reg=0.0000, acc=0.5911
[ 2022-08-31 20:38:45,342][train_tran.train_nn_models] [Validation] Epoch=194, nll=1947.2968, acc=0.5752
[ 2022-08-31 20:39:16,168][train_tran.train_nn_models] [Training] Epoch=195, loss=1798.9497, nll=1798.9497, l2_reg=0.0000, acc=0.6436
[ 2022-08-31 20:39:16,169][train_tran.train_nn_models] [Validation] Epoch=195, nll=1873.4805, acc=0.6125
[ 2022-08-31 20:39:46,246][train_tran.train_nn_models] [Training] Epoch=196, loss=1754.9757, nll=1754.9757, l2_reg=0.0000, acc=0.6639
[ 2022-08-31 20:39:46,247][train_tran.train_nn_models] [Validation] Epoch=196, nll=1846.0653, acc=0.6392
[ 2022-08-31 20:40:17,972][train_tran.train_nn_models] [Training] Epoch=197, loss=1817.7992, nll=1817.7992, l2_reg=0.0000, acc=0.6589
[ 2022-08-31 20:40:17,973][train_tran.train_nn_models] [Validation] Epoch=197, nll=1947.0081, acc=0.5995
[ 2022-08-31 20:40:48,441][train_tran.train_nn_models] [Training] Epoch=198, loss=1707.9280, nll=1707.9280, l2_reg=0.0000, acc=0.7046
[ 2022-08-31 20:40:48,441][train_tran.train_nn_models] [Validation] Epoch=198, nll=1759.6703, acc=0.6877
[ 2022-08-31 20:41:17,976][train_tran.train_nn_models] [Training] Epoch=199, loss=1634.5696, nll=1634.5696, l2_reg=0.0000, acc=0.7312
[ 2022-08-31 20:41:17,976][train_tran.train_nn_models] [Validation] Epoch=199, nll=1701.5685, acc=0.7138
[ 2022-08-31 20:41:48,205][train_tran.train_nn_models] [Training] Epoch=200, loss=1716.7272, nll=1716.7272, l2_reg=0.0000, acc=0.7271
[ 2022-08-31 20:41:48,205][train_tran.train_nn_models] [Validation] Epoch=200, nll=2091.9839, acc=0.5608
[ 2022-08-31 20:42:18,720][train_tran.train_nn_models] [Training] Epoch=201, loss=1800.7927, nll=1800.7927, l2_reg=0.0000, acc=0.6767
[ 2022-08-31 20:42:18,721][train_tran.train_nn_models] [Validation] Epoch=201, nll=1758.2412, acc=0.6958
[ 2022-08-31 20:42:48,101][train_tran.train_nn_models] [Training] Epoch=202, loss=1590.5842, nll=1590.5842, l2_reg=0.0000, acc=0.7800
[ 2022-08-31 20:42:48,101][train_tran.train_nn_models] [Validation] Epoch=202, nll=1633.8926, acc=0.7450
[ 2022-08-31 20:43:18,697][train_tran.train_nn_models] [Training] Epoch=203, loss=1527.5575, nll=1527.5575, l2_reg=0.0000, acc=0.7934
[ 2022-08-31 20:43:18,698][train_tran.train_nn_models] [Validation] Epoch=203, nll=1636.5323, acc=0.7468
[ 2022-08-31 20:43:48,184][train_tran.train_nn_models] [Training] Epoch=204, loss=1723.7485, nll=1723.7485, l2_reg=0.0000, acc=0.6884
[ 2022-08-31 20:43:48,185][train_tran.train_nn_models] [Validation] Epoch=204, nll=1767.8666, acc=0.6441
[ 2022-08-31 20:44:18,810][train_tran.train_nn_models] [Training] Epoch=205, loss=1569.6042, nll=1569.6042, l2_reg=0.0000, acc=0.7734
[ 2022-08-31 20:44:18,811][train_tran.train_nn_models] [Validation] Epoch=205, nll=1571.7164, acc=0.7834
[ 2022-08-31 20:44:18,811][train_tran.train_nn_models] Found a better model at epoch 205.
[ 2022-08-31 20:44:49,533][train_tran.train_nn_models] [Training] Epoch=206, loss=1448.5610, nll=1448.5610, l2_reg=0.0000, acc=0.8331
[ 2022-08-31 20:44:49,534][train_tran.train_nn_models] [Validation] Epoch=206, nll=1725.9489, acc=0.7129
[ 2022-08-31 20:45:19,711][train_tran.train_nn_models] [Training] Epoch=207, loss=1509.5017, nll=1509.5017, l2_reg=0.0000, acc=0.7989
[ 2022-08-31 20:45:19,712][train_tran.train_nn_models] [Validation] Epoch=207, nll=1575.8358, acc=0.7800
[ 2022-08-31 20:45:51,199][train_tran.train_nn_models] [Training] Epoch=208, loss=1435.0875, nll=1435.0875, l2_reg=0.0000, acc=0.8455
[ 2022-08-31 20:45:51,200][train_tran.train_nn_models] [Validation] Epoch=208, nll=1495.0396, acc=0.8027
[ 2022-08-31 20:45:51,200][train_tran.train_nn_models] Found a better model at epoch 208.
[ 2022-08-31 20:46:22,109][train_tran.train_nn_models] [Training] Epoch=209, loss=1356.1918, nll=1356.1918, l2_reg=0.0000, acc=0.8697
[ 2022-08-31 20:46:22,110][train_tran.train_nn_models] [Validation] Epoch=209, nll=1512.6608, acc=0.8216
[ 2022-08-31 20:46:54,625][train_tran.train_nn_models] [Training] Epoch=210, loss=1534.5024, nll=1534.5024, l2_reg=0.0000, acc=0.8111
[ 2022-08-31 20:46:54,626][train_tran.train_nn_models] [Validation] Epoch=210, nll=1775.0524, acc=0.6520
[ 2022-08-31 20:47:25,355][train_tran.train_nn_models] [Training] Epoch=211, loss=1518.0287, nll=1518.0287, l2_reg=0.0000, acc=0.7941
[ 2022-08-31 20:47:25,356][train_tran.train_nn_models] [Validation] Epoch=211, nll=1469.6527, acc=0.8306
[ 2022-08-31 20:47:25,356][train_tran.train_nn_models] Found a better model at epoch 211.
[ 2022-08-31 20:47:56,374][train_tran.train_nn_models] [Training] Epoch=212, loss=1326.1213, nll=1326.1213, l2_reg=0.0000, acc=0.8850
[ 2022-08-31 20:47:56,375][train_tran.train_nn_models] [Validation] Epoch=212, nll=1394.8839, acc=0.8416
[ 2022-08-31 20:47:56,375][train_tran.train_nn_models] Found a better model at epoch 212.
[ 2022-08-31 20:48:26,820][train_tran.train_nn_models] [Training] Epoch=213, loss=1291.6479, nll=1291.6479, l2_reg=0.0000, acc=0.8934
[ 2022-08-31 20:48:26,821][train_tran.train_nn_models] [Validation] Epoch=213, nll=1376.9539, acc=0.8563
[ 2022-08-31 20:48:26,821][train_tran.train_nn_models] Found a better model at epoch 213.
[ 2022-08-31 20:48:56,911][train_tran.train_nn_models] [Training] Epoch=214, loss=1246.0616, nll=1246.0616, l2_reg=0.0000, acc=0.9076
[ 2022-08-31 20:48:56,911][train_tran.train_nn_models] [Validation] Epoch=214, nll=1385.0798, acc=0.8698
[ 2022-08-31 20:49:28,081][train_tran.train_nn_models] [Training] Epoch=215, loss=1391.2874, nll=1391.2874, l2_reg=0.0000, acc=0.8822
[ 2022-08-31 20:49:28,082][train_tran.train_nn_models] [Validation] Epoch=215, nll=1419.5243, acc=0.8488
[ 2022-08-31 20:50:00,235][train_tran.train_nn_models] [Training] Epoch=216, loss=1279.8207, nll=1279.8207, l2_reg=0.0000, acc=0.8975
[ 2022-08-31 20:50:00,235][train_tran.train_nn_models] [Validation] Epoch=216, nll=1334.9717, acc=0.8662
[ 2022-08-31 20:50:00,235][train_tran.train_nn_models] Found a better model at epoch 216.
[ 2022-08-31 20:50:31,463][train_tran.train_nn_models] [Training] Epoch=217, loss=1247.3854, nll=1247.3854, l2_reg=0.0000, acc=0.8947
[ 2022-08-31 20:50:31,463][train_tran.train_nn_models] [Validation] Epoch=217, nll=1271.0686, acc=0.8880
[ 2022-08-31 20:50:31,463][train_tran.train_nn_models] Found a better model at epoch 217.
[ 2022-08-31 20:51:02,412][train_tran.train_nn_models] [Training] Epoch=218, loss=1266.7933, nll=1266.7933, l2_reg=0.0000, acc=0.9088
[ 2022-08-31 20:51:02,412][train_tran.train_nn_models] [Validation] Epoch=218, nll=1277.6416, acc=0.9009
[ 2022-08-31 20:51:34,076][train_tran.train_nn_models] [Training] Epoch=219, loss=1239.2000, nll=1239.2000, l2_reg=0.0000, acc=0.9002
[ 2022-08-31 20:51:34,077][train_tran.train_nn_models] [Validation] Epoch=219, nll=1307.0640, acc=0.8810
[ 2022-08-31 20:52:05,874][train_tran.train_nn_models] [Training] Epoch=220, loss=1168.4531, nll=1168.4531, l2_reg=0.0000, acc=0.9246
[ 2022-08-31 20:52:05,875][train_tran.train_nn_models] [Validation] Epoch=220, nll=1234.4985, acc=0.8888
[ 2022-08-31 20:52:05,875][train_tran.train_nn_models] Found a better model at epoch 220.
[ 2022-08-31 20:52:38,872][train_tran.train_nn_models] [Training] Epoch=221, loss=1208.3375, nll=1208.3375, l2_reg=0.0000, acc=0.9179
[ 2022-08-31 20:52:38,873][train_tran.train_nn_models] [Validation] Epoch=221, nll=1312.1649, acc=0.8783
[ 2022-08-31 20:53:11,405][train_tran.train_nn_models] [Training] Epoch=222, loss=1161.9082, nll=1161.9082, l2_reg=0.0000, acc=0.9298
[ 2022-08-31 20:53:11,406][train_tran.train_nn_models] [Validation] Epoch=222, nll=1212.0950, acc=0.8994
[ 2022-08-31 20:53:11,406][train_tran.train_nn_models] Found a better model at epoch 222.
[ 2022-08-31 20:53:42,225][train_tran.train_nn_models] [Training] Epoch=223, loss=1129.7477, nll=1129.7477, l2_reg=0.0000, acc=0.9382
[ 2022-08-31 20:53:42,227][train_tran.train_nn_models] [Validation] Epoch=223, nll=1872.4175, acc=0.7178
[ 2022-08-31 20:54:13,212][train_tran.train_nn_models] [Training] Epoch=224, loss=1641.0259, nll=1641.0259, l2_reg=0.0000, acc=0.8255
[ 2022-08-31 20:54:13,212][train_tran.train_nn_models] [Validation] Epoch=224, nll=1720.0155, acc=0.7558
[ 2022-08-31 20:54:44,239][train_tran.train_nn_models] [Training] Epoch=225, loss=1443.0115, nll=1443.0115, l2_reg=0.0000, acc=0.8592
[ 2022-08-31 20:54:44,239][train_tran.train_nn_models] [Validation] Epoch=225, nll=1381.2144, acc=0.8729
[ 2022-08-31 20:55:15,508][train_tran.train_nn_models] [Training] Epoch=226, loss=1210.4747, nll=1210.4747, l2_reg=0.0000, acc=0.9189
[ 2022-08-31 20:55:15,509][train_tran.train_nn_models] [Validation] Epoch=226, nll=1239.4434, acc=0.8988
[ 2022-08-31 20:55:46,317][train_tran.train_nn_models] [Training] Epoch=227, loss=1158.1940, nll=1158.1940, l2_reg=0.0000, acc=0.9266
[ 2022-08-31 20:55:46,318][train_tran.train_nn_models] [Validation] Epoch=227, nll=1196.0214, acc=0.9084
[ 2022-08-31 20:55:46,318][train_tran.train_nn_models] Found a better model at epoch 227.
[ 2022-08-31 20:56:17,082][train_tran.train_nn_models] [Training] Epoch=228, loss=1091.1597, nll=1091.1597, l2_reg=0.0000, acc=0.9463
[ 2022-08-31 20:56:17,083][train_tran.train_nn_models] [Validation] Epoch=228, nll=1215.5924, acc=0.8974
[ 2022-08-31 20:56:49,842][train_tran.train_nn_models] [Training] Epoch=229, loss=1234.6788, nll=1234.6788, l2_reg=0.0000, acc=0.9252
[ 2022-08-31 20:56:49,842][train_tran.train_nn_models] [Validation] Epoch=229, nll=1278.6129, acc=0.8985
[ 2022-08-31 20:57:23,203][train_tran.train_nn_models] [Training] Epoch=230, loss=1171.5535, nll=1171.5535, l2_reg=0.0000, acc=0.9255
[ 2022-08-31 20:57:23,203][train_tran.train_nn_models] [Validation] Epoch=230, nll=1143.1633, acc=0.9221
[ 2022-08-31 20:57:23,203][train_tran.train_nn_models] Found a better model at epoch 230.
[ 2022-08-31 20:57:54,890][train_tran.train_nn_models] [Training] Epoch=231, loss=1059.4752, nll=1059.4752, l2_reg=0.0000, acc=0.9515
[ 2022-08-31 20:57:54,891][train_tran.train_nn_models] [Validation] Epoch=231, nll=1099.4580, acc=0.9431
[ 2022-08-31 20:57:54,891][train_tran.train_nn_models] Found a better model at epoch 231.
[ 2022-08-31 20:58:27,919][train_tran.train_nn_models] [Training] Epoch=232, loss=1018.8379, nll=1018.8379, l2_reg=0.0000, acc=0.9604
[ 2022-08-31 20:58:27,919][train_tran.train_nn_models] [Validation] Epoch=232, nll=1184.4552, acc=0.9186
[ 2022-08-31 20:58:59,238][train_tran.train_nn_models] [Training] Epoch=233, loss=2330.1335, nll=2330.1335, l2_reg=0.0000, acc=0.6119
[ 2022-08-31 20:58:59,239][train_tran.train_nn_models] [Validation] Epoch=233, nll=2625.9414, acc=0.3703
[ 2022-08-31 20:59:27,907][train_tran.train_nn_models] [Training] Epoch=234, loss=2424.6418, nll=2424.6418, l2_reg=0.0000, acc=0.4010
[ 2022-08-31 20:59:27,907][train_tran.train_nn_models] [Validation] Epoch=234, nll=2357.5215, acc=0.3551
[ 2022-08-31 20:59:56,643][train_tran.train_nn_models] [Training] Epoch=235, loss=2197.1685, nll=2197.1685, l2_reg=0.0000, acc=0.4844
[ 2022-08-31 20:59:56,644][train_tran.train_nn_models] [Validation] Epoch=235, nll=2162.1553, acc=0.5026
[ 2022-08-31 21:00:27,347][train_tran.train_nn_models] [Training] Epoch=236, loss=1961.6846, nll=1961.6846, l2_reg=0.0000, acc=0.6269
[ 2022-08-31 21:00:27,347][train_tran.train_nn_models] [Validation] Epoch=236, nll=1990.0327, acc=0.6034
[ 2022-08-31 21:00:59,072][train_tran.train_nn_models] [Training] Epoch=237, loss=1799.6198, nll=1799.6198, l2_reg=0.0000, acc=0.7046
[ 2022-08-31 21:00:59,073][train_tran.train_nn_models] [Validation] Epoch=237, nll=1850.5393, acc=0.6662
[ 2022-08-31 21:01:30,888][train_tran.train_nn_models] [Training] Epoch=238, loss=1679.1257, nll=1679.1257, l2_reg=0.0000, acc=0.7547
[ 2022-08-31 21:01:30,889][train_tran.train_nn_models] [Validation] Epoch=238, nll=1737.8057, acc=0.7272
[ 2022-08-31 21:02:02,250][train_tran.train_nn_models] [Training] Epoch=239, loss=1560.1874, nll=1560.1874, l2_reg=0.0000, acc=0.8081
[ 2022-08-31 21:02:02,251][train_tran.train_nn_models] [Validation] Epoch=239, nll=1624.9989, acc=0.7733
[ 2022-08-31 21:02:35,335][train_tran.train_nn_models] [Training] Epoch=240, loss=1433.2385, nll=1433.2385, l2_reg=0.0000, acc=0.8609
[ 2022-08-31 21:02:35,336][train_tran.train_nn_models] [Validation] Epoch=240, nll=1518.7908, acc=0.8163
[ 2022-08-31 21:03:07,172][train_tran.train_nn_models] [Training] Epoch=241, loss=1324.9877, nll=1324.9877, l2_reg=0.0000, acc=0.9017
[ 2022-08-31 21:03:07,173][train_tran.train_nn_models] [Validation] Epoch=241, nll=1425.1663, acc=0.8499
[ 2022-08-31 21:03:34,732][train_tran.train_nn_models] [Training] Epoch=242, loss=1265.3488, nll=1265.3488, l2_reg=0.0000, acc=0.9197
[ 2022-08-31 21:03:34,733][train_tran.train_nn_models] [Validation] Epoch=242, nll=1349.9354, acc=0.8734
[ 2022-08-31 21:03:57,234][train_tran.train_nn_models] [Training] Epoch=243, loss=1195.0492, nll=1195.0492, l2_reg=0.0000, acc=0.9321
[ 2022-08-31 21:03:57,235][train_tran.train_nn_models] [Validation] Epoch=243, nll=1303.5469, acc=0.8961
[ 2022-08-31 21:04:19,156][train_tran.train_nn_models] [Training] Epoch=244, loss=1199.9156, nll=1199.9156, l2_reg=0.0000, acc=0.9354
[ 2022-08-31 21:04:19,157][train_tran.train_nn_models] [Validation] Epoch=244, nll=1710.4623, acc=0.7577
[ 2022-08-31 21:04:32,025][train_tran.train_nn_models] [Training] Epoch=245, loss=1480.5970, nll=1480.5970, l2_reg=0.0000, acc=0.8693
[ 2022-08-31 21:04:32,026][train_tran.train_nn_models] [Validation] Epoch=245, nll=1438.3322, acc=0.8492
[ 2022-08-31 21:04:43,589][train_tran.train_nn_models] [Training] Epoch=246, loss=1360.6674, nll=1360.6674, l2_reg=0.0000, acc=0.8827
[ 2022-08-31 21:04:43,590][train_tran.train_nn_models] [Validation] Epoch=246, nll=1348.4784, acc=0.8735
[ 2022-08-31 21:04:56,464][train_tran.train_nn_models] [Training] Epoch=247, loss=1191.7924, nll=1191.7924, l2_reg=0.0000, acc=0.9306
[ 2022-08-31 21:04:56,464][train_tran.train_nn_models] [Validation] Epoch=247, nll=1252.9353, acc=0.9048
[ 2022-08-31 21:05:09,833][train_tran.train_nn_models] [Training] Epoch=248, loss=1105.1182, nll=1105.1182, l2_reg=0.0000, acc=0.9490
[ 2022-08-31 21:05:09,833][train_tran.train_nn_models] [Validation] Epoch=248, nll=1180.2087, acc=0.9162
[ 2022-08-31 21:05:23,190][train_tran.train_nn_models] [Training] Epoch=249, loss=1099.6246, nll=1099.6246, l2_reg=0.0000, acc=0.9496
[ 2022-08-31 21:05:23,190][train_tran.train_nn_models] [Validation] Epoch=249, nll=1266.9722, acc=0.9028
[ 2022-08-31 21:05:24,413][train_tran.eval_nll] [Test]nll=1134.7009, acc=0.9256
[ 2022-09-01 01:20:53,862][train_tran.<module>]                    timestamp  ...                                             config
0 2022-09-01 01:20:53.841611  ...  {'model': 'Tran', 'dataset': 'mhp-1K-10', 'inp...
1 2022-09-01 01:20:53.841611  ...  {'model': 'Tran', 'dataset': 'mhp-1K-10', 'inp...
2 2022-09-01 01:20:53.841611  ...  {'model': 'Tran', 'dataset': 'mhp-1K-10', 'inp...
3 2022-09-01 01:20:53.841611  ...  {'model': 'Tran', 'dataset': 'mhp-1K-10', 'inp...
4 2022-09-01 01:20:53.841611  ...  {'model': 'Tran', 'dataset': 'mhp-1K-10', 'inp...
5 2022-09-01 01:20:53.841611  ...  {'model': 'Tran', 'dataset': 'mhp-1K-10', 'inp...

[6 rows x 7 columns]
