[ 2022-08-25 12:47:02,104][train.<module>] Namespace(attr_batch_size=0, basis_type='dyadic', batch_size=64, bucket_seqs=False, cuda=True, dataset='pgem-1K-15', dropout=0.0, embedding_dim=64, epochs=200, hidden_size=64, input_dir='data/input', l2_reg=0, lr=0.001, max_mean=20.0, model='ERPP', n_bases=7, num_workers=0, occurred_type_only=False, optimizer='Adam', output_dir='data/output', rand_seed=0, rnn='GRU', skip_eval_infectivity=False, skip_pred_next_event=False, split_id=3, steps=50, tune_metric='nll', verbose=False)
[ 2022-08-25 12:47:02,795][train.train_nn_models] [Training] Epoch=0, loss=19363.5820, nll=19363.5820, l2_reg=0.0000, acc=0.0738
[ 2022-08-25 12:47:02,796][train.train_nn_models] [Validation] Epoch=0, nll=18498.0977, acc=0.0651
[ 2022-08-25 12:47:03,355][train.train_nn_models] [Training] Epoch=1, loss=18232.9551, nll=18232.9551, l2_reg=0.0000, acc=0.0538
[ 2022-08-25 12:47:03,358][train.train_nn_models] [Validation] Epoch=1, nll=17357.5566, acc=0.0489
[ 2022-08-25 12:47:03,906][train.train_nn_models] [Training] Epoch=2, loss=17062.5586, nll=17062.5586, l2_reg=0.0000, acc=0.0406
[ 2022-08-25 12:47:03,909][train.train_nn_models] [Validation] Epoch=2, nll=16017.9424, acc=0.0494
[ 2022-08-25 12:47:04,475][train.train_nn_models] [Training] Epoch=3, loss=15648.7168, nll=15648.7168, l2_reg=0.0000, acc=0.0460
[ 2022-08-25 12:47:04,478][train.train_nn_models] [Validation] Epoch=3, nll=14276.6797, acc=0.0589
[ 2022-08-25 12:47:05,049][train.train_nn_models] [Training] Epoch=4, loss=13796.1953, nll=13796.1953, l2_reg=0.0000, acc=0.0536
[ 2022-08-25 12:47:05,050][train.train_nn_models] [Validation] Epoch=4, nll=11982.4258, acc=0.0644
[ 2022-08-25 12:47:05,617][train.train_nn_models] [Training] Epoch=5, loss=11379.1465, nll=11379.1465, l2_reg=0.0000, acc=0.0605
[ 2022-08-25 12:47:05,618][train.train_nn_models] [Validation] Epoch=5, nll=9146.5420, acc=0.0702
[ 2022-08-25 12:47:06,190][train.train_nn_models] [Training] Epoch=6, loss=8475.4600, nll=8475.4600, l2_reg=0.0000, acc=0.0662
[ 2022-08-25 12:47:06,191][train.train_nn_models] [Validation] Epoch=6, nll=6165.6582, acc=0.0733
[ 2022-08-25 12:47:06,753][train.train_nn_models] [Training] Epoch=7, loss=5587.7002, nll=5587.7002, l2_reg=0.0000, acc=0.0643
[ 2022-08-25 12:47:06,754][train.train_nn_models] [Validation] Epoch=7, nll=3810.5239, acc=0.0613
[ 2022-08-25 12:47:07,314][train.train_nn_models] [Training] Epoch=8, loss=3449.6155, nll=3449.6155, l2_reg=0.0000, acc=0.0567
[ 2022-08-25 12:47:07,314][train.train_nn_models] [Validation] Epoch=8, nll=2428.8018, acc=0.0644
[ 2022-08-25 12:47:07,900][train.train_nn_models] [Training] Epoch=9, loss=2246.9453, nll=2246.9453, l2_reg=0.0000, acc=0.0602
[ 2022-08-25 12:47:07,900][train.train_nn_models] [Validation] Epoch=9, nll=1754.2506, acc=0.0735
[ 2022-08-25 12:47:08,471][train.train_nn_models] [Training] Epoch=10, loss=1673.3988, nll=1673.3988, l2_reg=0.0000, acc=0.0713
[ 2022-08-25 12:47:08,472][train.train_nn_models] [Validation] Epoch=10, nll=1459.5608, acc=0.0760
[ 2022-08-25 12:47:09,040][train.train_nn_models] [Training] Epoch=11, loss=1427.6719, nll=1427.6719, l2_reg=0.0000, acc=0.0742
[ 2022-08-25 12:47:09,041][train.train_nn_models] [Validation] Epoch=11, nll=1342.7621, acc=0.0801
[ 2022-08-25 12:47:09,610][train.train_nn_models] [Training] Epoch=12, loss=1332.0736, nll=1332.0736, l2_reg=0.0000, acc=0.0795
[ 2022-08-25 12:47:09,611][train.train_nn_models] [Validation] Epoch=12, nll=1299.8693, acc=0.0880
[ 2022-08-25 12:47:10,178][train.train_nn_models] [Training] Epoch=13, loss=1296.9771, nll=1296.9771, l2_reg=0.0000, acc=0.0869
[ 2022-08-25 12:47:10,178][train.train_nn_models] [Validation] Epoch=13, nll=1281.5332, acc=0.0979
[ 2022-08-25 12:47:10,752][train.train_nn_models] [Training] Epoch=14, loss=1279.9738, nll=1279.9738, l2_reg=0.0000, acc=0.1039
[ 2022-08-25 12:47:10,752][train.train_nn_models] [Validation] Epoch=14, nll=1266.4390, acc=0.1322
[ 2022-08-25 12:47:11,324][train.train_nn_models] [Training] Epoch=15, loss=1264.0623, nll=1264.0623, l2_reg=0.0000, acc=0.1308
[ 2022-08-25 12:47:11,325][train.train_nn_models] [Validation] Epoch=15, nll=1247.7115, acc=0.1572
[ 2022-08-25 12:47:11,896][train.train_nn_models] [Training] Epoch=16, loss=1243.9015, nll=1243.9015, l2_reg=0.0000, acc=0.1619
[ 2022-08-25 12:47:11,897][train.train_nn_models] [Validation] Epoch=16, nll=1224.9933, acc=0.1778
[ 2022-08-25 12:47:12,467][train.train_nn_models] [Training] Epoch=17, loss=1220.2793, nll=1220.2793, l2_reg=0.0000, acc=0.1785
[ 2022-08-25 12:47:12,468][train.train_nn_models] [Validation] Epoch=17, nll=1202.0299, acc=0.1840
[ 2022-08-25 12:47:13,042][train.train_nn_models] [Training] Epoch=18, loss=1197.5618, nll=1197.5618, l2_reg=0.0000, acc=0.1871
[ 2022-08-25 12:47:13,042][train.train_nn_models] [Validation] Epoch=18, nll=1184.5453, acc=0.1850
[ 2022-08-25 12:47:13,619][train.train_nn_models] [Training] Epoch=19, loss=1181.4978, nll=1181.4978, l2_reg=0.0000, acc=0.1881
[ 2022-08-25 12:47:13,619][train.train_nn_models] [Validation] Epoch=19, nll=1176.3947, acc=0.1840
[ 2022-08-25 12:47:14,203][train.train_nn_models] [Training] Epoch=20, loss=1174.5953, nll=1174.5953, l2_reg=0.0000, acc=0.1864
[ 2022-08-25 12:47:14,203][train.train_nn_models] [Validation] Epoch=20, nll=1173.2258, acc=0.1811
[ 2022-08-25 12:47:14,773][train.train_nn_models] [Training] Epoch=21, loss=1170.9198, nll=1170.9198, l2_reg=0.0000, acc=0.1862
[ 2022-08-25 12:47:14,774][train.train_nn_models] [Validation] Epoch=21, nll=1166.1150, acc=0.1840
[ 2022-08-25 12:47:15,343][train.train_nn_models] [Training] Epoch=22, loss=1162.9698, nll=1162.9698, l2_reg=0.0000, acc=0.1849
[ 2022-08-25 12:47:15,343][train.train_nn_models] [Validation] Epoch=22, nll=1154.9611, acc=0.1791
[ 2022-08-25 12:47:15,891][train.train_nn_models] [Training] Epoch=23, loss=1152.4253, nll=1152.4253, l2_reg=0.0000, acc=0.1855
[ 2022-08-25 12:47:15,891][train.train_nn_models] [Validation] Epoch=23, nll=1145.0842, acc=0.1782
[ 2022-08-25 12:47:16,452][train.train_nn_models] [Training] Epoch=24, loss=1143.9149, nll=1143.9149, l2_reg=0.0000, acc=0.1887
[ 2022-08-25 12:47:16,452][train.train_nn_models] [Validation] Epoch=24, nll=1138.3767, acc=0.1784
[ 2022-08-25 12:47:17,031][train.train_nn_models] [Training] Epoch=25, loss=1138.5919, nll=1138.5919, l2_reg=0.0000, acc=0.1877
[ 2022-08-25 12:47:17,032][train.train_nn_models] [Validation] Epoch=25, nll=1134.5109, acc=0.1793
[ 2022-08-25 12:47:17,601][train.train_nn_models] [Training] Epoch=26, loss=1135.7567, nll=1135.7567, l2_reg=0.0000, acc=0.1863
[ 2022-08-25 12:47:17,602][train.train_nn_models] [Validation] Epoch=26, nll=1132.2285, acc=0.1791
[ 2022-08-25 12:47:18,152][train.train_nn_models] [Training] Epoch=27, loss=1134.0814, nll=1134.0814, l2_reg=0.0000, acc=0.1860
[ 2022-08-25 12:47:18,153][train.train_nn_models] [Validation] Epoch=27, nll=1130.5201, acc=0.1809
[ 2022-08-25 12:47:18,688][train.train_nn_models] [Training] Epoch=28, loss=1132.5381, nll=1132.5381, l2_reg=0.0000, acc=0.1849
[ 2022-08-25 12:47:18,688][train.train_nn_models] [Validation] Epoch=28, nll=1128.8512, acc=0.1830
[ 2022-08-25 12:47:19,214][train.train_nn_models] [Training] Epoch=29, loss=1130.8177, nll=1130.8177, l2_reg=0.0000, acc=0.1839
[ 2022-08-25 12:47:19,214][train.train_nn_models] [Validation] Epoch=29, nll=1127.3757, acc=0.1867
[ 2022-08-25 12:47:19,764][train.train_nn_models] [Training] Epoch=30, loss=1129.2015, nll=1129.2015, l2_reg=0.0000, acc=0.1846
[ 2022-08-25 12:47:19,764][train.train_nn_models] [Validation] Epoch=30, nll=1126.2146, acc=0.1848
[ 2022-08-25 12:47:20,335][train.train_nn_models] [Training] Epoch=31, loss=1127.8893, nll=1127.8893, l2_reg=0.0000, acc=0.1861
[ 2022-08-25 12:47:20,335][train.train_nn_models] [Validation] Epoch=31, nll=1125.2980, acc=0.1834
[ 2022-08-25 12:47:20,905][train.train_nn_models] [Training] Epoch=32, loss=1126.8271, nll=1126.8271, l2_reg=0.0000, acc=0.1866
[ 2022-08-25 12:47:20,906][train.train_nn_models] [Validation] Epoch=32, nll=1124.3949, acc=0.1819
[ 2022-08-25 12:47:21,477][train.train_nn_models] [Training] Epoch=33, loss=1125.8141, nll=1125.8141, l2_reg=0.0000, acc=0.1871
[ 2022-08-25 12:47:21,477][train.train_nn_models] [Validation] Epoch=33, nll=1123.3599, acc=0.1836
[ 2022-08-25 12:47:22,049][train.train_nn_models] [Training] Epoch=34, loss=1124.7427, nll=1124.7427, l2_reg=0.0000, acc=0.1873
[ 2022-08-25 12:47:22,050][train.train_nn_models] [Validation] Epoch=34, nll=1122.2203, acc=0.1857
[ 2022-08-25 12:47:22,621][train.train_nn_models] [Training] Epoch=35, loss=1123.6462, nll=1123.6462, l2_reg=0.0000, acc=0.1870
[ 2022-08-25 12:47:22,621][train.train_nn_models] [Validation] Epoch=35, nll=1121.0675, acc=0.1846
[ 2022-08-25 12:47:23,189][train.train_nn_models] [Training] Epoch=36, loss=1122.5857, nll=1122.5857, l2_reg=0.0000, acc=0.1873
[ 2022-08-25 12:47:23,190][train.train_nn_models] [Validation] Epoch=36, nll=1119.9451, acc=0.1850
[ 2022-08-25 12:47:23,753][train.train_nn_models] [Training] Epoch=37, loss=1121.5697, nll=1121.5697, l2_reg=0.0000, acc=0.1864
[ 2022-08-25 12:47:23,753][train.train_nn_models] [Validation] Epoch=37, nll=1118.8413, acc=0.1815
[ 2022-08-25 12:47:24,318][train.train_nn_models] [Training] Epoch=38, loss=1120.5671, nll=1120.5671, l2_reg=0.0000, acc=0.1863
[ 2022-08-25 12:47:24,319][train.train_nn_models] [Validation] Epoch=38, nll=1117.7473, acc=0.1838
[ 2022-08-25 12:47:24,883][train.train_nn_models] [Training] Epoch=39, loss=1119.5966, nll=1119.5966, l2_reg=0.0000, acc=0.1873
[ 2022-08-25 12:47:24,884][train.train_nn_models] [Validation] Epoch=39, nll=1116.7146, acc=0.1838
[ 2022-08-25 12:47:25,451][train.train_nn_models] [Training] Epoch=40, loss=1118.6638, nll=1118.6638, l2_reg=0.0000, acc=0.1865
[ 2022-08-25 12:47:25,451][train.train_nn_models] [Validation] Epoch=40, nll=1115.7218, acc=0.1830
[ 2022-08-25 12:47:26,023][train.train_nn_models] [Training] Epoch=41, loss=1117.7360, nll=1117.7360, l2_reg=0.0000, acc=0.1862
[ 2022-08-25 12:47:26,023][train.train_nn_models] [Validation] Epoch=41, nll=1114.7667, acc=0.1807
[ 2022-08-25 12:47:26,594][train.train_nn_models] [Training] Epoch=42, loss=1116.8240, nll=1116.8240, l2_reg=0.0000, acc=0.1859
[ 2022-08-25 12:47:26,594][train.train_nn_models] [Validation] Epoch=42, nll=1113.8351, acc=0.1799
[ 2022-08-25 12:47:27,168][train.train_nn_models] [Training] Epoch=43, loss=1115.9259, nll=1115.9259, l2_reg=0.0000, acc=0.1868
[ 2022-08-25 12:47:27,168][train.train_nn_models] [Validation] Epoch=43, nll=1112.9127, acc=0.1770
[ 2022-08-25 12:47:27,730][train.train_nn_models] [Training] Epoch=44, loss=1115.0367, nll=1115.0367, l2_reg=0.0000, acc=0.1865
[ 2022-08-25 12:47:27,731][train.train_nn_models] [Validation] Epoch=44, nll=1112.0015, acc=0.1772
[ 2022-08-25 12:47:28,312][train.train_nn_models] [Training] Epoch=45, loss=1114.1565, nll=1114.1565, l2_reg=0.0000, acc=0.1863
[ 2022-08-25 12:47:28,312][train.train_nn_models] [Validation] Epoch=45, nll=1111.1017, acc=0.1776
[ 2022-08-25 12:47:28,890][train.train_nn_models] [Training] Epoch=46, loss=1113.2780, nll=1113.2780, l2_reg=0.0000, acc=0.1863
[ 2022-08-25 12:47:28,890][train.train_nn_models] [Validation] Epoch=46, nll=1110.2053, acc=0.1795
[ 2022-08-25 12:47:29,466][train.train_nn_models] [Training] Epoch=47, loss=1112.3884, nll=1112.3884, l2_reg=0.0000, acc=0.1865
[ 2022-08-25 12:47:29,468][train.train_nn_models] [Validation] Epoch=47, nll=1109.3054, acc=0.1809
[ 2022-08-25 12:47:30,022][train.train_nn_models] [Training] Epoch=48, loss=1111.4862, nll=1111.4862, l2_reg=0.0000, acc=0.1867
[ 2022-08-25 12:47:30,022][train.train_nn_models] [Validation] Epoch=48, nll=1108.4044, acc=0.1807
[ 2022-08-25 12:47:30,566][train.train_nn_models] [Training] Epoch=49, loss=1110.5764, nll=1110.5764, l2_reg=0.0000, acc=0.1869
[ 2022-08-25 12:47:30,566][train.train_nn_models] [Validation] Epoch=49, nll=1107.5026, acc=0.1809
[ 2022-08-25 12:47:31,141][train.train_nn_models] [Training] Epoch=50, loss=1109.6624, nll=1109.6624, l2_reg=0.0000, acc=0.1872
[ 2022-08-25 12:47:31,142][train.train_nn_models] [Validation] Epoch=50, nll=1106.6005, acc=0.1811
[ 2022-08-25 12:47:31,716][train.train_nn_models] [Training] Epoch=51, loss=1108.7438, nll=1108.7438, l2_reg=0.0000, acc=0.1872
[ 2022-08-25 12:47:31,717][train.train_nn_models] [Validation] Epoch=51, nll=1105.7006, acc=0.1801
[ 2022-08-25 12:47:32,285][train.train_nn_models] [Training] Epoch=52, loss=1107.8199, nll=1107.8199, l2_reg=0.0000, acc=0.1878
[ 2022-08-25 12:47:32,286][train.train_nn_models] [Validation] Epoch=52, nll=1104.8019, acc=0.1791
[ 2022-08-25 12:47:32,858][train.train_nn_models] [Training] Epoch=53, loss=1106.8882, nll=1106.8882, l2_reg=0.0000, acc=0.1878
[ 2022-08-25 12:47:32,858][train.train_nn_models] [Validation] Epoch=53, nll=1103.9010, acc=0.1793
[ 2022-08-25 12:47:33,427][train.train_nn_models] [Training] Epoch=54, loss=1105.9482, nll=1105.9482, l2_reg=0.0000, acc=0.1879
[ 2022-08-25 12:47:33,428][train.train_nn_models] [Validation] Epoch=54, nll=1102.9957, acc=0.1789
[ 2022-08-25 12:47:33,996][train.train_nn_models] [Training] Epoch=55, loss=1105.0020, nll=1105.0020, l2_reg=0.0000, acc=0.1878
[ 2022-08-25 12:47:33,996][train.train_nn_models] [Validation] Epoch=55, nll=1102.0837, acc=0.1782
[ 2022-08-25 12:47:34,561][train.train_nn_models] [Training] Epoch=56, loss=1104.0500, nll=1104.0500, l2_reg=0.0000, acc=0.1880
[ 2022-08-25 12:47:34,562][train.train_nn_models] [Validation] Epoch=56, nll=1101.1647, acc=0.1784
[ 2022-08-25 12:47:35,130][train.train_nn_models] [Training] Epoch=57, loss=1103.0920, nll=1103.0920, l2_reg=0.0000, acc=0.1879
[ 2022-08-25 12:47:35,131][train.train_nn_models] [Validation] Epoch=57, nll=1100.2390, acc=0.1789
[ 2022-08-25 12:47:35,698][train.train_nn_models] [Training] Epoch=58, loss=1102.1261, nll=1102.1261, l2_reg=0.0000, acc=0.1881
[ 2022-08-25 12:47:35,698][train.train_nn_models] [Validation] Epoch=58, nll=1099.3065, acc=0.1791
[ 2022-08-25 12:47:36,265][train.train_nn_models] [Training] Epoch=59, loss=1101.1514, nll=1101.1514, l2_reg=0.0000, acc=0.1883
[ 2022-08-25 12:47:36,266][train.train_nn_models] [Validation] Epoch=59, nll=1098.3677, acc=0.1789
[ 2022-08-25 12:47:36,838][train.train_nn_models] [Training] Epoch=60, loss=1100.1675, nll=1100.1675, l2_reg=0.0000, acc=0.1881
[ 2022-08-25 12:47:36,839][train.train_nn_models] [Validation] Epoch=60, nll=1097.4220, acc=0.1793
[ 2022-08-25 12:47:37,425][train.train_nn_models] [Training] Epoch=61, loss=1099.1749, nll=1099.1749, l2_reg=0.0000, acc=0.1880
[ 2022-08-25 12:47:37,426][train.train_nn_models] [Validation] Epoch=61, nll=1096.4730, acc=0.1782
[ 2022-08-25 12:47:37,988][train.train_nn_models] [Training] Epoch=62, loss=1098.1730, nll=1098.1730, l2_reg=0.0000, acc=0.1880
[ 2022-08-25 12:47:37,988][train.train_nn_models] [Validation] Epoch=62, nll=1095.5255, acc=0.1789
[ 2022-08-25 12:47:38,566][train.train_nn_models] [Training] Epoch=63, loss=1097.1658, nll=1097.1658, l2_reg=0.0000, acc=0.1879
[ 2022-08-25 12:47:38,566][train.train_nn_models] [Validation] Epoch=63, nll=1094.5859, acc=0.1786
[ 2022-08-25 12:47:39,138][train.train_nn_models] [Training] Epoch=64, loss=1096.1624, nll=1096.1624, l2_reg=0.0000, acc=0.1879
[ 2022-08-25 12:47:39,138][train.train_nn_models] [Validation] Epoch=64, nll=1093.6604, acc=0.1807
[ 2022-08-25 12:47:39,715][train.train_nn_models] [Training] Epoch=65, loss=1095.1702, nll=1095.1702, l2_reg=0.0000, acc=0.1880
[ 2022-08-25 12:47:39,716][train.train_nn_models] [Validation] Epoch=65, nll=1092.7498, acc=0.1797
[ 2022-08-25 12:47:40,284][train.train_nn_models] [Training] Epoch=66, loss=1094.1929, nll=1094.1929, l2_reg=0.0000, acc=0.1880
[ 2022-08-25 12:47:40,284][train.train_nn_models] [Validation] Epoch=66, nll=1091.8492, acc=0.1805
[ 2022-08-25 12:47:40,854][train.train_nn_models] [Training] Epoch=67, loss=1093.2263, nll=1093.2263, l2_reg=0.0000, acc=0.1882
[ 2022-08-25 12:47:40,855][train.train_nn_models] [Validation] Epoch=67, nll=1090.9501, acc=0.1815
[ 2022-08-25 12:47:41,420][train.train_nn_models] [Training] Epoch=68, loss=1092.2645, nll=1092.2645, l2_reg=0.0000, acc=0.1887
[ 2022-08-25 12:47:41,421][train.train_nn_models] [Validation] Epoch=68, nll=1090.0491, acc=0.1811
[ 2022-08-25 12:47:41,994][train.train_nn_models] [Training] Epoch=69, loss=1091.3048, nll=1091.3048, l2_reg=0.0000, acc=0.1893
[ 2022-08-25 12:47:41,994][train.train_nn_models] [Validation] Epoch=69, nll=1089.1470, acc=0.1811
[ 2022-08-25 12:47:42,568][train.train_nn_models] [Training] Epoch=70, loss=1090.3475, nll=1090.3475, l2_reg=0.0000, acc=0.1895
[ 2022-08-25 12:47:42,569][train.train_nn_models] [Validation] Epoch=70, nll=1088.2473, acc=0.1813
[ 2022-08-25 12:47:43,140][train.train_nn_models] [Training] Epoch=71, loss=1089.3950, nll=1089.3950, l2_reg=0.0000, acc=0.1899
[ 2022-08-25 12:47:43,140][train.train_nn_models] [Validation] Epoch=71, nll=1087.3539, acc=0.1807
[ 2022-08-25 12:47:43,701][train.train_nn_models] [Training] Epoch=72, loss=1088.4503, nll=1088.4503, l2_reg=0.0000, acc=0.1901
[ 2022-08-25 12:47:43,701][train.train_nn_models] [Validation] Epoch=72, nll=1086.4700, acc=0.1805
[ 2022-08-25 12:47:44,265][train.train_nn_models] [Training] Epoch=73, loss=1087.5150, nll=1087.5150, l2_reg=0.0000, acc=0.1900
[ 2022-08-25 12:47:44,265][train.train_nn_models] [Validation] Epoch=73, nll=1085.5972, acc=0.1805
[ 2022-08-25 12:47:44,833][train.train_nn_models] [Training] Epoch=74, loss=1086.5874, nll=1086.5874, l2_reg=0.0000, acc=0.1898
[ 2022-08-25 12:47:44,833][train.train_nn_models] [Validation] Epoch=74, nll=1084.7363, acc=0.1803
[ 2022-08-25 12:47:45,396][train.train_nn_models] [Training] Epoch=75, loss=1085.6664, nll=1085.6664, l2_reg=0.0000, acc=0.1897
[ 2022-08-25 12:47:45,396][train.train_nn_models] [Validation] Epoch=75, nll=1083.8873, acc=0.1799
[ 2022-08-25 12:47:45,962][train.train_nn_models] [Training] Epoch=76, loss=1084.7540, nll=1084.7540, l2_reg=0.0000, acc=0.1896
[ 2022-08-25 12:47:45,962][train.train_nn_models] [Validation] Epoch=76, nll=1083.0508, acc=0.1809
[ 2022-08-25 12:47:46,533][train.train_nn_models] [Training] Epoch=77, loss=1083.8511, nll=1083.8511, l2_reg=0.0000, acc=0.1895
[ 2022-08-25 12:47:46,534][train.train_nn_models] [Validation] Epoch=77, nll=1082.2251, acc=0.1824
[ 2022-08-25 12:47:47,100][train.train_nn_models] [Training] Epoch=78, loss=1082.9575, nll=1082.9575, l2_reg=0.0000, acc=0.1899
[ 2022-08-25 12:47:47,101][train.train_nn_models] [Validation] Epoch=78, nll=1081.4104, acc=0.1822
[ 2022-08-25 12:47:47,674][train.train_nn_models] [Training] Epoch=79, loss=1082.0739, nll=1082.0739, l2_reg=0.0000, acc=0.1901
[ 2022-08-25 12:47:47,674][train.train_nn_models] [Validation] Epoch=79, nll=1080.6057, acc=0.1813
[ 2022-08-25 12:47:48,244][train.train_nn_models] [Training] Epoch=80, loss=1081.2010, nll=1081.2010, l2_reg=0.0000, acc=0.1905
[ 2022-08-25 12:47:48,244][train.train_nn_models] [Validation] Epoch=80, nll=1079.8112, acc=0.1811
[ 2022-08-25 12:47:48,826][train.train_nn_models] [Training] Epoch=81, loss=1080.3397, nll=1080.3397, l2_reg=0.0000, acc=0.1909
[ 2022-08-25 12:47:48,826][train.train_nn_models] [Validation] Epoch=81, nll=1079.0271, acc=0.1815
[ 2022-08-25 12:47:49,411][train.train_nn_models] [Training] Epoch=82, loss=1079.4890, nll=1079.4890, l2_reg=0.0000, acc=0.1912
[ 2022-08-25 12:47:49,411][train.train_nn_models] [Validation] Epoch=82, nll=1078.2543, acc=0.1811
[ 2022-08-25 12:47:49,982][train.train_nn_models] [Training] Epoch=83, loss=1078.6500, nll=1078.6500, l2_reg=0.0000, acc=0.1913
[ 2022-08-25 12:47:49,982][train.train_nn_models] [Validation] Epoch=83, nll=1077.4932, acc=0.1801
[ 2022-08-25 12:47:50,553][train.train_nn_models] [Training] Epoch=84, loss=1077.8240, nll=1077.8240, l2_reg=0.0000, acc=0.1917
[ 2022-08-25 12:47:50,553][train.train_nn_models] [Validation] Epoch=84, nll=1076.7446, acc=0.1799
[ 2022-08-25 12:47:51,130][train.train_nn_models] [Training] Epoch=85, loss=1077.0101, nll=1077.0101, l2_reg=0.0000, acc=0.1919
[ 2022-08-25 12:47:51,130][train.train_nn_models] [Validation] Epoch=85, nll=1076.0090, acc=0.1799
[ 2022-08-25 12:47:51,703][train.train_nn_models] [Training] Epoch=86, loss=1076.2089, nll=1076.2089, l2_reg=0.0000, acc=0.1921
[ 2022-08-25 12:47:51,703][train.train_nn_models] [Validation] Epoch=86, nll=1075.2871, acc=0.1795
[ 2022-08-25 12:47:52,277][train.train_nn_models] [Training] Epoch=87, loss=1075.4213, nll=1075.4213, l2_reg=0.0000, acc=0.1916
[ 2022-08-25 12:47:52,277][train.train_nn_models] [Validation] Epoch=87, nll=1074.5776, acc=0.1795
[ 2022-08-25 12:47:52,841][train.train_nn_models] [Training] Epoch=88, loss=1074.6467, nll=1074.6467, l2_reg=0.0000, acc=0.1914
[ 2022-08-25 12:47:52,841][train.train_nn_models] [Validation] Epoch=88, nll=1073.8820, acc=0.1805
[ 2022-08-25 12:47:53,414][train.train_nn_models] [Training] Epoch=89, loss=1073.8879, nll=1073.8879, l2_reg=0.0000, acc=0.1914
[ 2022-08-25 12:47:53,414][train.train_nn_models] [Validation] Epoch=89, nll=1073.2014, acc=0.1801
[ 2022-08-25 12:47:53,989][train.train_nn_models] [Training] Epoch=90, loss=1073.1420, nll=1073.1420, l2_reg=0.0000, acc=0.1915
[ 2022-08-25 12:47:53,989][train.train_nn_models] [Validation] Epoch=90, nll=1072.5347, acc=0.1799
[ 2022-08-25 12:47:54,593][train.train_nn_models] [Training] Epoch=91, loss=1072.4082, nll=1072.4082, l2_reg=0.0000, acc=0.1915
[ 2022-08-25 12:47:54,593][train.train_nn_models] [Validation] Epoch=91, nll=1071.8826, acc=0.1799
[ 2022-08-25 12:47:55,188][train.train_nn_models] [Training] Epoch=92, loss=1071.6898, nll=1071.6898, l2_reg=0.0000, acc=0.1917
[ 2022-08-25 12:47:55,188][train.train_nn_models] [Validation] Epoch=92, nll=1071.2454, acc=0.1793
[ 2022-08-25 12:47:55,798][train.train_nn_models] [Training] Epoch=93, loss=1070.9850, nll=1070.9850, l2_reg=0.0000, acc=0.1919
[ 2022-08-25 12:47:55,799][train.train_nn_models] [Validation] Epoch=93, nll=1070.6206, acc=0.1784
[ 2022-08-25 12:47:56,374][train.train_nn_models] [Training] Epoch=94, loss=1070.2949, nll=1070.2949, l2_reg=0.0000, acc=0.1920
[ 2022-08-25 12:47:56,374][train.train_nn_models] [Validation] Epoch=94, nll=1070.0103, acc=0.1782
[ 2022-08-25 12:47:56,942][train.train_nn_models] [Training] Epoch=95, loss=1069.6194, nll=1069.6194, l2_reg=0.0000, acc=0.1921
[ 2022-08-25 12:47:56,942][train.train_nn_models] [Validation] Epoch=95, nll=1069.4136, acc=0.1793
[ 2022-08-25 12:47:57,509][train.train_nn_models] [Training] Epoch=96, loss=1068.9581, nll=1068.9581, l2_reg=0.0000, acc=0.1921
[ 2022-08-25 12:47:57,510][train.train_nn_models] [Validation] Epoch=96, nll=1068.8307, acc=0.1786
[ 2022-08-25 12:47:58,095][train.train_nn_models] [Training] Epoch=97, loss=1068.3108, nll=1068.3108, l2_reg=0.0000, acc=0.1920
[ 2022-08-25 12:47:58,096][train.train_nn_models] [Validation] Epoch=97, nll=1068.2621, acc=0.1791
[ 2022-08-25 12:47:58,704][train.train_nn_models] [Training] Epoch=98, loss=1067.6779, nll=1067.6779, l2_reg=0.0000, acc=0.1920
[ 2022-08-25 12:47:58,704][train.train_nn_models] [Validation] Epoch=98, nll=1067.7068, acc=0.1799
[ 2022-08-25 12:47:59,304][train.train_nn_models] [Training] Epoch=99, loss=1067.0582, nll=1067.0582, l2_reg=0.0000, acc=0.1920
[ 2022-08-25 12:47:59,305][train.train_nn_models] [Validation] Epoch=99, nll=1067.1649, acc=0.1797
[ 2022-08-25 12:47:59,896][train.train_nn_models] [Training] Epoch=100, loss=1066.4531, nll=1066.4531, l2_reg=0.0000, acc=0.1917
[ 2022-08-25 12:47:59,897][train.train_nn_models] [Validation] Epoch=100, nll=1066.6365, acc=0.1795
[ 2022-08-25 12:48:00,493][train.train_nn_models] [Training] Epoch=101, loss=1065.8601, nll=1065.8601, l2_reg=0.0000, acc=0.1918
[ 2022-08-25 12:48:00,493][train.train_nn_models] [Validation] Epoch=101, nll=1066.1204, acc=0.1803
[ 2022-08-25 12:48:00,493][train.train_nn_models] Found a better model at epoch 101.
[ 2022-08-25 12:48:01,090][train.train_nn_models] [Training] Epoch=102, loss=1065.2816, nll=1065.2816, l2_reg=0.0000, acc=0.1916
[ 2022-08-25 12:48:01,090][train.train_nn_models] [Validation] Epoch=102, nll=1065.6169, acc=0.1801
[ 2022-08-25 12:48:01,090][train.train_nn_models] Found a better model at epoch 102.
[ 2022-08-25 12:48:01,692][train.train_nn_models] [Training] Epoch=103, loss=1064.7170, nll=1064.7170, l2_reg=0.0000, acc=0.1914
[ 2022-08-25 12:48:01,692][train.train_nn_models] [Validation] Epoch=103, nll=1065.1260, acc=0.1793
[ 2022-08-25 12:48:01,692][train.train_nn_models] Found a better model at epoch 103.
[ 2022-08-25 12:48:02,292][train.train_nn_models] [Training] Epoch=104, loss=1064.1655, nll=1064.1655, l2_reg=0.0000, acc=0.1912
[ 2022-08-25 12:48:02,293][train.train_nn_models] [Validation] Epoch=104, nll=1064.6475, acc=0.1791
[ 2022-08-25 12:48:02,293][train.train_nn_models] Found a better model at epoch 104.
[ 2022-08-25 12:48:02,896][train.train_nn_models] [Training] Epoch=105, loss=1063.6267, nll=1063.6267, l2_reg=0.0000, acc=0.1915
[ 2022-08-25 12:48:02,896][train.train_nn_models] [Validation] Epoch=105, nll=1064.1816, acc=0.1791
[ 2022-08-25 12:48:02,896][train.train_nn_models] Found a better model at epoch 105.
[ 2022-08-25 12:48:03,466][train.train_nn_models] [Training] Epoch=106, loss=1063.1001, nll=1063.1001, l2_reg=0.0000, acc=0.1915
[ 2022-08-25 12:48:03,466][train.train_nn_models] [Validation] Epoch=106, nll=1063.7280, acc=0.1793
[ 2022-08-25 12:48:03,467][train.train_nn_models] Found a better model at epoch 106.
[ 2022-08-25 12:48:04,043][train.train_nn_models] [Training] Epoch=107, loss=1062.5851, nll=1062.5851, l2_reg=0.0000, acc=0.1915
[ 2022-08-25 12:48:04,044][train.train_nn_models] [Validation] Epoch=107, nll=1063.2856, acc=0.1803
[ 2022-08-25 12:48:04,044][train.train_nn_models] Found a better model at epoch 107.
[ 2022-08-25 12:48:04,607][train.train_nn_models] [Training] Epoch=108, loss=1062.0824, nll=1062.0824, l2_reg=0.0000, acc=0.1919
[ 2022-08-25 12:48:04,607][train.train_nn_models] [Validation] Epoch=108, nll=1062.8540, acc=0.1803
[ 2022-08-25 12:48:04,608][train.train_nn_models] Found a better model at epoch 108.
[ 2022-08-25 12:48:05,177][train.train_nn_models] [Training] Epoch=109, loss=1061.5923, nll=1061.5923, l2_reg=0.0000, acc=0.1917
[ 2022-08-25 12:48:05,177][train.train_nn_models] [Validation] Epoch=109, nll=1062.4337, acc=0.1799
[ 2022-08-25 12:48:05,177][train.train_nn_models] Found a better model at epoch 109.
[ 2022-08-25 12:48:05,736][train.train_nn_models] [Training] Epoch=110, loss=1061.1124, nll=1061.1124, l2_reg=0.0000, acc=0.1913
[ 2022-08-25 12:48:05,736][train.train_nn_models] [Validation] Epoch=110, nll=1062.0239, acc=0.1797
[ 2022-08-25 12:48:05,736][train.train_nn_models] Found a better model at epoch 110.
[ 2022-08-25 12:48:06,305][train.train_nn_models] [Training] Epoch=111, loss=1060.6447, nll=1060.6447, l2_reg=0.0000, acc=0.1914
[ 2022-08-25 12:48:06,305][train.train_nn_models] [Validation] Epoch=111, nll=1061.6245, acc=0.1797
[ 2022-08-25 12:48:06,305][train.train_nn_models] Found a better model at epoch 111.
[ 2022-08-25 12:48:06,877][train.train_nn_models] [Training] Epoch=112, loss=1060.1871, nll=1060.1871, l2_reg=0.0000, acc=0.1920
[ 2022-08-25 12:48:06,878][train.train_nn_models] [Validation] Epoch=112, nll=1061.2351, acc=0.1795
[ 2022-08-25 12:48:06,879][train.train_nn_models] Found a better model at epoch 112.
[ 2022-08-25 12:48:07,439][train.train_nn_models] [Training] Epoch=113, loss=1059.7390, nll=1059.7390, l2_reg=0.0000, acc=0.1920
[ 2022-08-25 12:48:07,440][train.train_nn_models] [Validation] Epoch=113, nll=1060.8551, acc=0.1801
[ 2022-08-25 12:48:07,440][train.train_nn_models] Found a better model at epoch 113.
[ 2022-08-25 12:48:08,015][train.train_nn_models] [Training] Epoch=114, loss=1059.3004, nll=1059.3004, l2_reg=0.0000, acc=0.1921
[ 2022-08-25 12:48:08,017][train.train_nn_models] [Validation] Epoch=114, nll=1060.4839, acc=0.1795
[ 2022-08-25 12:48:08,018][train.train_nn_models] Found a better model at epoch 114.
[ 2022-08-25 12:48:08,602][train.train_nn_models] [Training] Epoch=115, loss=1058.8737, nll=1058.8737, l2_reg=0.0000, acc=0.1922
[ 2022-08-25 12:48:08,602][train.train_nn_models] [Validation] Epoch=115, nll=1060.1226, acc=0.1795
[ 2022-08-25 12:48:08,603][train.train_nn_models] Found a better model at epoch 115.
[ 2022-08-25 12:48:09,178][train.train_nn_models] [Training] Epoch=116, loss=1058.4537, nll=1058.4537, l2_reg=0.0000, acc=0.1921
[ 2022-08-25 12:48:09,179][train.train_nn_models] [Validation] Epoch=116, nll=1059.7692, acc=0.1786
[ 2022-08-25 12:48:09,180][train.train_nn_models] Found a better model at epoch 116.
[ 2022-08-25 12:48:09,739][train.train_nn_models] [Training] Epoch=117, loss=1058.0452, nll=1058.0452, l2_reg=0.0000, acc=0.1918
[ 2022-08-25 12:48:09,739][train.train_nn_models] [Validation] Epoch=117, nll=1059.4266, acc=0.1789
[ 2022-08-25 12:48:09,740][train.train_nn_models] Found a better model at epoch 117.
[ 2022-08-25 12:48:10,314][train.train_nn_models] [Training] Epoch=118, loss=1057.6455, nll=1057.6455, l2_reg=0.0000, acc=0.1917
[ 2022-08-25 12:48:10,315][train.train_nn_models] [Validation] Epoch=118, nll=1059.0923, acc=0.1789
[ 2022-08-25 12:48:10,316][train.train_nn_models] Found a better model at epoch 118.
[ 2022-08-25 12:48:10,876][train.train_nn_models] [Training] Epoch=119, loss=1057.2534, nll=1057.2534, l2_reg=0.0000, acc=0.1918
[ 2022-08-25 12:48:10,876][train.train_nn_models] [Validation] Epoch=119, nll=1058.7693, acc=0.1793
[ 2022-08-25 12:48:10,876][train.train_nn_models] Found a better model at epoch 119.
[ 2022-08-25 12:48:11,458][train.train_nn_models] [Training] Epoch=120, loss=1056.8704, nll=1056.8704, l2_reg=0.0000, acc=0.1919
[ 2022-08-25 12:48:11,459][train.train_nn_models] [Validation] Epoch=120, nll=1058.4525, acc=0.1789
[ 2022-08-25 12:48:11,460][train.train_nn_models] Found a better model at epoch 120.
[ 2022-08-25 12:48:12,046][train.train_nn_models] [Training] Epoch=121, loss=1056.4972, nll=1056.4972, l2_reg=0.0000, acc=0.1920
[ 2022-08-25 12:48:12,046][train.train_nn_models] [Validation] Epoch=121, nll=1058.1418, acc=0.1786
[ 2022-08-25 12:48:12,047][train.train_nn_models] Found a better model at epoch 121.
[ 2022-08-25 12:48:12,622][train.train_nn_models] [Training] Epoch=122, loss=1056.1328, nll=1056.1328, l2_reg=0.0000, acc=0.1921
[ 2022-08-25 12:48:12,623][train.train_nn_models] [Validation] Epoch=122, nll=1057.8386, acc=0.1786
[ 2022-08-25 12:48:12,625][train.train_nn_models] Found a better model at epoch 122.
[ 2022-08-25 12:48:13,209][train.train_nn_models] [Training] Epoch=123, loss=1055.7800, nll=1055.7800, l2_reg=0.0000, acc=0.1920
[ 2022-08-25 12:48:13,210][train.train_nn_models] [Validation] Epoch=123, nll=1057.5428, acc=0.1786
[ 2022-08-25 12:48:13,210][train.train_nn_models] Found a better model at epoch 123.
[ 2022-08-25 12:48:13,776][train.train_nn_models] [Training] Epoch=124, loss=1055.4342, nll=1055.4342, l2_reg=0.0000, acc=0.1920
[ 2022-08-25 12:48:13,776][train.train_nn_models] [Validation] Epoch=124, nll=1057.2534, acc=0.1772
[ 2022-08-25 12:48:13,776][train.train_nn_models] Found a better model at epoch 124.
[ 2022-08-25 12:48:14,337][train.train_nn_models] [Training] Epoch=125, loss=1055.0981, nll=1055.0981, l2_reg=0.0000, acc=0.1919
[ 2022-08-25 12:48:14,338][train.train_nn_models] [Validation] Epoch=125, nll=1056.9718, acc=0.1772
[ 2022-08-25 12:48:14,338][train.train_nn_models] Found a better model at epoch 125.
[ 2022-08-25 12:48:14,901][train.train_nn_models] [Training] Epoch=126, loss=1054.7698, nll=1054.7698, l2_reg=0.0000, acc=0.1918
[ 2022-08-25 12:48:14,902][train.train_nn_models] [Validation] Epoch=126, nll=1056.6968, acc=0.1776
[ 2022-08-25 12:48:14,902][train.train_nn_models] Found a better model at epoch 126.
[ 2022-08-25 12:48:15,476][train.train_nn_models] [Training] Epoch=127, loss=1054.4479, nll=1054.4479, l2_reg=0.0000, acc=0.1918
[ 2022-08-25 12:48:15,478][train.train_nn_models] [Validation] Epoch=127, nll=1056.4301, acc=0.1782
[ 2022-08-25 12:48:15,478][train.train_nn_models] Found a better model at epoch 127.
[ 2022-08-25 12:48:16,039][train.train_nn_models] [Training] Epoch=128, loss=1054.1356, nll=1054.1356, l2_reg=0.0000, acc=0.1922
[ 2022-08-25 12:48:16,039][train.train_nn_models] [Validation] Epoch=128, nll=1056.1702, acc=0.1770
[ 2022-08-25 12:48:16,040][train.train_nn_models] Found a better model at epoch 128.
[ 2022-08-25 12:48:16,596][train.train_nn_models] [Training] Epoch=129, loss=1053.8282, nll=1053.8282, l2_reg=0.0000, acc=0.1918
[ 2022-08-25 12:48:16,596][train.train_nn_models] [Validation] Epoch=129, nll=1055.9154, acc=0.1778
[ 2022-08-25 12:48:16,596][train.train_nn_models] Found a better model at epoch 129.
[ 2022-08-25 12:48:17,162][train.train_nn_models] [Training] Epoch=130, loss=1053.5303, nll=1053.5303, l2_reg=0.0000, acc=0.1921
[ 2022-08-25 12:48:17,162][train.train_nn_models] [Validation] Epoch=130, nll=1055.6707, acc=0.1770
[ 2022-08-25 12:48:17,163][train.train_nn_models] Found a better model at epoch 130.
[ 2022-08-25 12:48:17,721][train.train_nn_models] [Training] Epoch=131, loss=1053.2400, nll=1053.2400, l2_reg=0.0000, acc=0.1921
[ 2022-08-25 12:48:17,721][train.train_nn_models] [Validation] Epoch=131, nll=1055.4305, acc=0.1772
[ 2022-08-25 12:48:17,721][train.train_nn_models] Found a better model at epoch 131.
[ 2022-08-25 12:48:18,292][train.train_nn_models] [Training] Epoch=132, loss=1052.9525, nll=1052.9525, l2_reg=0.0000, acc=0.1920
[ 2022-08-25 12:48:18,292][train.train_nn_models] [Validation] Epoch=132, nll=1055.1957, acc=0.1772
[ 2022-08-25 12:48:18,293][train.train_nn_models] Found a better model at epoch 132.
[ 2022-08-25 12:48:18,858][train.train_nn_models] [Training] Epoch=133, loss=1052.6768, nll=1052.6768, l2_reg=0.0000, acc=0.1917
[ 2022-08-25 12:48:18,859][train.train_nn_models] [Validation] Epoch=133, nll=1054.9684, acc=0.1768
[ 2022-08-25 12:48:18,859][train.train_nn_models] Found a better model at epoch 133.
[ 2022-08-25 12:48:19,417][train.train_nn_models] [Training] Epoch=134, loss=1052.4023, nll=1052.4023, l2_reg=0.0000, acc=0.1917
[ 2022-08-25 12:48:19,418][train.train_nn_models] [Validation] Epoch=134, nll=1054.7445, acc=0.1768
[ 2022-08-25 12:48:19,419][train.train_nn_models] Found a better model at epoch 134.
[ 2022-08-25 12:48:19,987][train.train_nn_models] [Training] Epoch=135, loss=1052.1367, nll=1052.1367, l2_reg=0.0000, acc=0.1917
[ 2022-08-25 12:48:19,988][train.train_nn_models] [Validation] Epoch=135, nll=1054.5275, acc=0.1766
[ 2022-08-25 12:48:19,988][train.train_nn_models] Found a better model at epoch 135.
[ 2022-08-25 12:48:20,550][train.train_nn_models] [Training] Epoch=136, loss=1051.8767, nll=1051.8767, l2_reg=0.0000, acc=0.1921
[ 2022-08-25 12:48:20,550][train.train_nn_models] [Validation] Epoch=136, nll=1054.3134, acc=0.1768
[ 2022-08-25 12:48:20,551][train.train_nn_models] Found a better model at epoch 136.
[ 2022-08-25 12:48:21,115][train.train_nn_models] [Training] Epoch=137, loss=1051.6204, nll=1051.6204, l2_reg=0.0000, acc=0.1918
[ 2022-08-25 12:48:21,115][train.train_nn_models] [Validation] Epoch=137, nll=1054.1072, acc=0.1772
[ 2022-08-25 12:48:21,115][train.train_nn_models] Found a better model at epoch 137.
[ 2022-08-25 12:48:21,682][train.train_nn_models] [Training] Epoch=138, loss=1051.3734, nll=1051.3734, l2_reg=0.0000, acc=0.1917
[ 2022-08-25 12:48:21,683][train.train_nn_models] [Validation] Epoch=138, nll=1053.9069, acc=0.1772
[ 2022-08-25 12:48:21,684][train.train_nn_models] Found a better model at epoch 138.
[ 2022-08-25 12:48:22,249][train.train_nn_models] [Training] Epoch=139, loss=1051.1278, nll=1051.1278, l2_reg=0.0000, acc=0.1917
[ 2022-08-25 12:48:22,249][train.train_nn_models] [Validation] Epoch=139, nll=1053.7103, acc=0.1766
[ 2022-08-25 12:48:22,249][train.train_nn_models] Found a better model at epoch 139.
[ 2022-08-25 12:48:22,806][train.train_nn_models] [Training] Epoch=140, loss=1050.8911, nll=1050.8911, l2_reg=0.0000, acc=0.1918
[ 2022-08-25 12:48:22,808][train.train_nn_models] [Validation] Epoch=140, nll=1053.5217, acc=0.1768
[ 2022-08-25 12:48:22,809][train.train_nn_models] Found a better model at epoch 140.
[ 2022-08-25 12:48:23,379][train.train_nn_models] [Training] Epoch=141, loss=1050.6588, nll=1050.6588, l2_reg=0.0000, acc=0.1918
[ 2022-08-25 12:48:23,380][train.train_nn_models] [Validation] Epoch=141, nll=1053.3364, acc=0.1772
[ 2022-08-25 12:48:23,380][train.train_nn_models] Found a better model at epoch 141.
[ 2022-08-25 12:48:23,940][train.train_nn_models] [Training] Epoch=142, loss=1050.4309, nll=1050.4309, l2_reg=0.0000, acc=0.1917
[ 2022-08-25 12:48:23,941][train.train_nn_models] [Validation] Epoch=142, nll=1053.1548, acc=0.1768
[ 2022-08-25 12:48:23,941][train.train_nn_models] Found a better model at epoch 142.
[ 2022-08-25 12:48:24,505][train.train_nn_models] [Training] Epoch=143, loss=1050.2097, nll=1050.2097, l2_reg=0.0000, acc=0.1918
[ 2022-08-25 12:48:24,506][train.train_nn_models] [Validation] Epoch=143, nll=1052.9769, acc=0.1766
[ 2022-08-25 12:48:24,506][train.train_nn_models] Found a better model at epoch 143.
[ 2022-08-25 12:48:25,093][train.train_nn_models] [Training] Epoch=144, loss=1049.9928, nll=1049.9928, l2_reg=0.0000, acc=0.1919
[ 2022-08-25 12:48:25,093][train.train_nn_models] [Validation] Epoch=144, nll=1052.8049, acc=0.1764
[ 2022-08-25 12:48:25,094][train.train_nn_models] Found a better model at epoch 144.
[ 2022-08-25 12:48:25,672][train.train_nn_models] [Training] Epoch=145, loss=1049.7817, nll=1049.7817, l2_reg=0.0000, acc=0.1918
[ 2022-08-25 12:48:25,672][train.train_nn_models] [Validation] Epoch=145, nll=1052.6360, acc=0.1762
[ 2022-08-25 12:48:25,672][train.train_nn_models] Found a better model at epoch 145.
[ 2022-08-25 12:48:26,249][train.train_nn_models] [Training] Epoch=146, loss=1049.5742, nll=1049.5742, l2_reg=0.0000, acc=0.1916
[ 2022-08-25 12:48:26,250][train.train_nn_models] [Validation] Epoch=146, nll=1052.4706, acc=0.1766
[ 2022-08-25 12:48:26,250][train.train_nn_models] Found a better model at epoch 146.
[ 2022-08-25 12:48:26,824][train.train_nn_models] [Training] Epoch=147, loss=1049.3723, nll=1049.3723, l2_reg=0.0000, acc=0.1915
[ 2022-08-25 12:48:26,824][train.train_nn_models] [Validation] Epoch=147, nll=1052.3097, acc=0.1768
[ 2022-08-25 12:48:26,824][train.train_nn_models] Found a better model at epoch 147.
[ 2022-08-25 12:48:27,393][train.train_nn_models] [Training] Epoch=148, loss=1049.1743, nll=1049.1743, l2_reg=0.0000, acc=0.1916
[ 2022-08-25 12:48:27,393][train.train_nn_models] [Validation] Epoch=148, nll=1052.1516, acc=0.1776
[ 2022-08-25 12:48:27,393][train.train_nn_models] Found a better model at epoch 148.
[ 2022-08-25 12:48:27,960][train.train_nn_models] [Training] Epoch=149, loss=1048.9808, nll=1048.9808, l2_reg=0.0000, acc=0.1913
[ 2022-08-25 12:48:27,961][train.train_nn_models] [Validation] Epoch=149, nll=1051.9966, acc=0.1772
[ 2022-08-25 12:48:27,961][train.train_nn_models] Found a better model at epoch 149.
[ 2022-08-25 12:48:28,527][train.train_nn_models] [Training] Epoch=150, loss=1048.7908, nll=1048.7908, l2_reg=0.0000, acc=0.1916
[ 2022-08-25 12:48:28,528][train.train_nn_models] [Validation] Epoch=150, nll=1051.8436, acc=0.1772
[ 2022-08-25 12:48:28,528][train.train_nn_models] Found a better model at epoch 150.
[ 2022-08-25 12:48:29,095][train.train_nn_models] [Training] Epoch=151, loss=1048.6050, nll=1048.6050, l2_reg=0.0000, acc=0.1916
[ 2022-08-25 12:48:29,095][train.train_nn_models] [Validation] Epoch=151, nll=1051.6946, acc=0.1772
[ 2022-08-25 12:48:29,095][train.train_nn_models] Found a better model at epoch 151.
[ 2022-08-25 12:48:29,663][train.train_nn_models] [Training] Epoch=152, loss=1048.4233, nll=1048.4233, l2_reg=0.0000, acc=0.1917
[ 2022-08-25 12:48:29,663][train.train_nn_models] [Validation] Epoch=152, nll=1051.5505, acc=0.1780
[ 2022-08-25 12:48:29,663][train.train_nn_models] Found a better model at epoch 152.
[ 2022-08-25 12:48:30,235][train.train_nn_models] [Training] Epoch=153, loss=1048.2451, nll=1048.2451, l2_reg=0.0000, acc=0.1916
[ 2022-08-25 12:48:30,236][train.train_nn_models] [Validation] Epoch=153, nll=1051.4104, acc=0.1791
[ 2022-08-25 12:48:30,236][train.train_nn_models] Found a better model at epoch 153.
[ 2022-08-25 12:48:30,804][train.train_nn_models] [Training] Epoch=154, loss=1048.0720, nll=1048.0720, l2_reg=0.0000, acc=0.1916
[ 2022-08-25 12:48:30,804][train.train_nn_models] [Validation] Epoch=154, nll=1051.2687, acc=0.1797
[ 2022-08-25 12:48:30,805][train.train_nn_models] Found a better model at epoch 154.
[ 2022-08-25 12:48:31,362][train.train_nn_models] [Training] Epoch=155, loss=1047.9000, nll=1047.9000, l2_reg=0.0000, acc=0.1920
[ 2022-08-25 12:48:31,362][train.train_nn_models] [Validation] Epoch=155, nll=1051.1284, acc=0.1780
[ 2022-08-25 12:48:31,363][train.train_nn_models] Found a better model at epoch 155.
[ 2022-08-25 12:48:31,934][train.train_nn_models] [Training] Epoch=156, loss=1047.7344, nll=1047.7344, l2_reg=0.0000, acc=0.1921
[ 2022-08-25 12:48:31,934][train.train_nn_models] [Validation] Epoch=156, nll=1050.9937, acc=0.1780
[ 2022-08-25 12:48:31,935][train.train_nn_models] Found a better model at epoch 156.
[ 2022-08-25 12:48:32,508][train.train_nn_models] [Training] Epoch=157, loss=1047.5704, nll=1047.5704, l2_reg=0.0000, acc=0.1920
[ 2022-08-25 12:48:32,508][train.train_nn_models] [Validation] Epoch=157, nll=1050.8623, acc=0.1786
[ 2022-08-25 12:48:32,509][train.train_nn_models] Found a better model at epoch 157.
[ 2022-08-25 12:48:33,088][train.train_nn_models] [Training] Epoch=158, loss=1047.4104, nll=1047.4104, l2_reg=0.0000, acc=0.1923
[ 2022-08-25 12:48:33,088][train.train_nn_models] [Validation] Epoch=158, nll=1050.7339, acc=0.1782
[ 2022-08-25 12:48:33,088][train.train_nn_models] Found a better model at epoch 158.
[ 2022-08-25 12:48:33,661][train.train_nn_models] [Training] Epoch=159, loss=1047.2535, nll=1047.2535, l2_reg=0.0000, acc=0.1922
[ 2022-08-25 12:48:33,661][train.train_nn_models] [Validation] Epoch=159, nll=1050.6064, acc=0.1774
[ 2022-08-25 12:48:33,661][train.train_nn_models] Found a better model at epoch 159.
[ 2022-08-25 12:48:34,229][train.train_nn_models] [Training] Epoch=160, loss=1047.0996, nll=1047.0996, l2_reg=0.0000, acc=0.1921
[ 2022-08-25 12:48:34,230][train.train_nn_models] [Validation] Epoch=160, nll=1050.4846, acc=0.1778
[ 2022-08-25 12:48:34,230][train.train_nn_models] Found a better model at epoch 160.
[ 2022-08-25 12:48:34,807][train.train_nn_models] [Training] Epoch=161, loss=1046.9500, nll=1046.9500, l2_reg=0.0000, acc=0.1921
[ 2022-08-25 12:48:34,808][train.train_nn_models] [Validation] Epoch=161, nll=1050.3627, acc=0.1778
[ 2022-08-25 12:48:34,808][train.train_nn_models] Found a better model at epoch 161.
[ 2022-08-25 12:48:35,379][train.train_nn_models] [Training] Epoch=162, loss=1046.8013, nll=1046.8013, l2_reg=0.0000, acc=0.1925
[ 2022-08-25 12:48:35,379][train.train_nn_models] [Validation] Epoch=162, nll=1050.2416, acc=0.1786
[ 2022-08-25 12:48:35,379][train.train_nn_models] Found a better model at epoch 162.
[ 2022-08-25 12:48:35,965][train.train_nn_models] [Training] Epoch=163, loss=1046.6573, nll=1046.6573, l2_reg=0.0000, acc=0.1924
[ 2022-08-25 12:48:35,965][train.train_nn_models] [Validation] Epoch=163, nll=1050.1230, acc=0.1780
[ 2022-08-25 12:48:35,966][train.train_nn_models] Found a better model at epoch 163.
[ 2022-08-25 12:48:36,534][train.train_nn_models] [Training] Epoch=164, loss=1046.5148, nll=1046.5148, l2_reg=0.0000, acc=0.1925
[ 2022-08-25 12:48:36,535][train.train_nn_models] [Validation] Epoch=164, nll=1050.0090, acc=0.1776
[ 2022-08-25 12:48:36,535][train.train_nn_models] Found a better model at epoch 164.
[ 2022-08-25 12:48:37,108][train.train_nn_models] [Training] Epoch=165, loss=1046.3772, nll=1046.3772, l2_reg=0.0000, acc=0.1926
[ 2022-08-25 12:48:37,109][train.train_nn_models] [Validation] Epoch=165, nll=1049.8978, acc=0.1774
[ 2022-08-25 12:48:37,109][train.train_nn_models] Found a better model at epoch 165.
[ 2022-08-25 12:48:37,681][train.train_nn_models] [Training] Epoch=166, loss=1046.2394, nll=1046.2394, l2_reg=0.0000, acc=0.1928
[ 2022-08-25 12:48:37,682][train.train_nn_models] [Validation] Epoch=166, nll=1049.7874, acc=0.1774
[ 2022-08-25 12:48:37,682][train.train_nn_models] Found a better model at epoch 166.
[ 2022-08-25 12:48:38,262][train.train_nn_models] [Training] Epoch=167, loss=1046.1077, nll=1046.1077, l2_reg=0.0000, acc=0.1924
[ 2022-08-25 12:48:38,262][train.train_nn_models] [Validation] Epoch=167, nll=1049.6782, acc=0.1778
[ 2022-08-25 12:48:38,262][train.train_nn_models] Found a better model at epoch 167.
[ 2022-08-25 12:48:38,836][train.train_nn_models] [Training] Epoch=168, loss=1045.9752, nll=1045.9752, l2_reg=0.0000, acc=0.1927
[ 2022-08-25 12:48:38,836][train.train_nn_models] [Validation] Epoch=168, nll=1049.5714, acc=0.1776
[ 2022-08-25 12:48:38,837][train.train_nn_models] Found a better model at epoch 168.
[ 2022-08-25 12:48:39,410][train.train_nn_models] [Training] Epoch=169, loss=1045.8488, nll=1045.8488, l2_reg=0.0000, acc=0.1929
[ 2022-08-25 12:48:39,410][train.train_nn_models] [Validation] Epoch=169, nll=1049.4679, acc=0.1782
[ 2022-08-25 12:48:39,410][train.train_nn_models] Found a better model at epoch 169.
[ 2022-08-25 12:48:39,976][train.train_nn_models] [Training] Epoch=170, loss=1045.7213, nll=1045.7213, l2_reg=0.0000, acc=0.1924
[ 2022-08-25 12:48:39,977][train.train_nn_models] [Validation] Epoch=170, nll=1049.3644, acc=0.1778
[ 2022-08-25 12:48:39,977][train.train_nn_models] Found a better model at epoch 170.
[ 2022-08-25 12:48:40,552][train.train_nn_models] [Training] Epoch=171, loss=1045.5999, nll=1045.5999, l2_reg=0.0000, acc=0.1926
[ 2022-08-25 12:48:40,552][train.train_nn_models] [Validation] Epoch=171, nll=1049.2655, acc=0.1782
[ 2022-08-25 12:48:40,552][train.train_nn_models] Found a better model at epoch 171.
[ 2022-08-25 12:48:41,133][train.train_nn_models] [Training] Epoch=172, loss=1045.4778, nll=1045.4778, l2_reg=0.0000, acc=0.1929
[ 2022-08-25 12:48:41,133][train.train_nn_models] [Validation] Epoch=172, nll=1049.1665, acc=0.1780
[ 2022-08-25 12:48:41,134][train.train_nn_models] Found a better model at epoch 172.
[ 2022-08-25 12:48:41,704][train.train_nn_models] [Training] Epoch=173, loss=1045.3600, nll=1045.3600, l2_reg=0.0000, acc=0.1931
[ 2022-08-25 12:48:41,705][train.train_nn_models] [Validation] Epoch=173, nll=1049.0697, acc=0.1782
[ 2022-08-25 12:48:41,705][train.train_nn_models] Found a better model at epoch 173.
[ 2022-08-25 12:48:42,272][train.train_nn_models] [Training] Epoch=174, loss=1045.2430, nll=1045.2430, l2_reg=0.0000, acc=0.1931
[ 2022-08-25 12:48:42,273][train.train_nn_models] [Validation] Epoch=174, nll=1048.9735, acc=0.1789
[ 2022-08-25 12:48:42,273][train.train_nn_models] Found a better model at epoch 174.
[ 2022-08-25 12:48:42,843][train.train_nn_models] [Training] Epoch=175, loss=1045.1299, nll=1045.1299, l2_reg=0.0000, acc=0.1931
[ 2022-08-25 12:48:42,844][train.train_nn_models] [Validation] Epoch=175, nll=1048.8799, acc=0.1789
[ 2022-08-25 12:48:42,844][train.train_nn_models] Found a better model at epoch 175.
[ 2022-08-25 12:48:43,416][train.train_nn_models] [Training] Epoch=176, loss=1045.0175, nll=1045.0175, l2_reg=0.0000, acc=0.1929
[ 2022-08-25 12:48:43,416][train.train_nn_models] [Validation] Epoch=176, nll=1048.7898, acc=0.1786
[ 2022-08-25 12:48:43,416][train.train_nn_models] Found a better model at epoch 176.
[ 2022-08-25 12:48:43,993][train.train_nn_models] [Training] Epoch=177, loss=1044.9080, nll=1044.9080, l2_reg=0.0000, acc=0.1927
[ 2022-08-25 12:48:43,993][train.train_nn_models] [Validation] Epoch=177, nll=1048.7006, acc=0.1780
[ 2022-08-25 12:48:43,993][train.train_nn_models] Found a better model at epoch 177.
[ 2022-08-25 12:48:44,561][train.train_nn_models] [Training] Epoch=178, loss=1044.7992, nll=1044.7992, l2_reg=0.0000, acc=0.1926
[ 2022-08-25 12:48:44,562][train.train_nn_models] [Validation] Epoch=178, nll=1048.6116, acc=0.1782
[ 2022-08-25 12:48:44,562][train.train_nn_models] Found a better model at epoch 178.
[ 2022-08-25 12:48:45,134][train.train_nn_models] [Training] Epoch=179, loss=1044.6947, nll=1044.6947, l2_reg=0.0000, acc=0.1931
[ 2022-08-25 12:48:45,135][train.train_nn_models] [Validation] Epoch=179, nll=1048.5249, acc=0.1776
[ 2022-08-25 12:48:45,135][train.train_nn_models] Found a better model at epoch 179.
[ 2022-08-25 12:48:45,706][train.train_nn_models] [Training] Epoch=180, loss=1044.5894, nll=1044.5894, l2_reg=0.0000, acc=0.1929
[ 2022-08-25 12:48:45,707][train.train_nn_models] [Validation] Epoch=180, nll=1048.4388, acc=0.1778
[ 2022-08-25 12:48:45,707][train.train_nn_models] Found a better model at epoch 180.
[ 2022-08-25 12:48:46,271][train.train_nn_models] [Training] Epoch=181, loss=1044.4890, nll=1044.4890, l2_reg=0.0000, acc=0.1932
[ 2022-08-25 12:48:46,271][train.train_nn_models] [Validation] Epoch=181, nll=1048.3555, acc=0.1782
[ 2022-08-25 12:48:46,271][train.train_nn_models] Found a better model at epoch 181.
[ 2022-08-25 12:48:46,847][train.train_nn_models] [Training] Epoch=182, loss=1044.3872, nll=1044.3872, l2_reg=0.0000, acc=0.1933
[ 2022-08-25 12:48:46,847][train.train_nn_models] [Validation] Epoch=182, nll=1048.2705, acc=0.1776
[ 2022-08-25 12:48:46,848][train.train_nn_models] Found a better model at epoch 182.
[ 2022-08-25 12:48:47,412][train.train_nn_models] [Training] Epoch=183, loss=1044.2899, nll=1044.2899, l2_reg=0.0000, acc=0.1936
[ 2022-08-25 12:48:47,413][train.train_nn_models] [Validation] Epoch=183, nll=1048.1890, acc=0.1768
[ 2022-08-25 12:48:47,414][train.train_nn_models] Found a better model at epoch 183.
[ 2022-08-25 12:48:47,985][train.train_nn_models] [Training] Epoch=184, loss=1044.1920, nll=1044.1920, l2_reg=0.0000, acc=0.1936
[ 2022-08-25 12:48:47,986][train.train_nn_models] [Validation] Epoch=184, nll=1048.1063, acc=0.1774
[ 2022-08-25 12:48:47,986][train.train_nn_models] Found a better model at epoch 184.
[ 2022-08-25 12:48:48,557][train.train_nn_models] [Training] Epoch=185, loss=1044.0977, nll=1044.0977, l2_reg=0.0000, acc=0.1935
[ 2022-08-25 12:48:48,557][train.train_nn_models] [Validation] Epoch=185, nll=1048.0286, acc=0.1778
[ 2022-08-25 12:48:48,558][train.train_nn_models] Found a better model at epoch 185.
[ 2022-08-25 12:48:49,133][train.train_nn_models] [Training] Epoch=186, loss=1044.0029, nll=1044.0029, l2_reg=0.0000, acc=0.1937
[ 2022-08-25 12:48:49,133][train.train_nn_models] [Validation] Epoch=186, nll=1047.9535, acc=0.1776
[ 2022-08-25 12:48:49,133][train.train_nn_models] Found a better model at epoch 186.
[ 2022-08-25 12:48:49,705][train.train_nn_models] [Training] Epoch=187, loss=1043.9131, nll=1043.9131, l2_reg=0.0000, acc=0.1937
[ 2022-08-25 12:48:49,705][train.train_nn_models] [Validation] Epoch=187, nll=1047.8768, acc=0.1770
[ 2022-08-25 12:48:49,705][train.train_nn_models] Found a better model at epoch 187.
[ 2022-08-25 12:48:50,274][train.train_nn_models] [Training] Epoch=188, loss=1043.8204, nll=1043.8204, l2_reg=0.0000, acc=0.1936
[ 2022-08-25 12:48:50,274][train.train_nn_models] [Validation] Epoch=188, nll=1047.8007, acc=0.1766
[ 2022-08-25 12:48:50,274][train.train_nn_models] Found a better model at epoch 188.
[ 2022-08-25 12:48:50,851][train.train_nn_models] [Training] Epoch=189, loss=1043.7330, nll=1043.7330, l2_reg=0.0000, acc=0.1937
[ 2022-08-25 12:48:50,852][train.train_nn_models] [Validation] Epoch=189, nll=1047.7264, acc=0.1760
[ 2022-08-25 12:48:50,852][train.train_nn_models] Found a better model at epoch 189.
[ 2022-08-25 12:48:51,432][train.train_nn_models] [Training] Epoch=190, loss=1043.6442, nll=1043.6442, l2_reg=0.0000, acc=0.1938
[ 2022-08-25 12:48:51,433][train.train_nn_models] [Validation] Epoch=190, nll=1047.6538, acc=0.1751
[ 2022-08-25 12:48:51,433][train.train_nn_models] Found a better model at epoch 190.
[ 2022-08-25 12:48:52,019][train.train_nn_models] [Training] Epoch=191, loss=1043.5598, nll=1043.5598, l2_reg=0.0000, acc=0.1937
[ 2022-08-25 12:48:52,019][train.train_nn_models] [Validation] Epoch=191, nll=1047.5834, acc=0.1745
[ 2022-08-25 12:48:52,019][train.train_nn_models] Found a better model at epoch 191.
[ 2022-08-25 12:48:52,598][train.train_nn_models] [Training] Epoch=192, loss=1043.4740, nll=1043.4740, l2_reg=0.0000, acc=0.1935
[ 2022-08-25 12:48:52,599][train.train_nn_models] [Validation] Epoch=192, nll=1047.5109, acc=0.1745
[ 2022-08-25 12:48:52,599][train.train_nn_models] Found a better model at epoch 192.
[ 2022-08-25 12:48:53,168][train.train_nn_models] [Training] Epoch=193, loss=1043.3918, nll=1043.3918, l2_reg=0.0000, acc=0.1933
[ 2022-08-25 12:48:53,168][train.train_nn_models] [Validation] Epoch=193, nll=1047.4427, acc=0.1745
[ 2022-08-25 12:48:53,169][train.train_nn_models] Found a better model at epoch 193.
[ 2022-08-25 12:48:53,745][train.train_nn_models] [Training] Epoch=194, loss=1043.3098, nll=1043.3098, l2_reg=0.0000, acc=0.1935
[ 2022-08-25 12:48:53,746][train.train_nn_models] [Validation] Epoch=194, nll=1047.3713, acc=0.1745
[ 2022-08-25 12:48:53,748][train.train_nn_models] Found a better model at epoch 194.
[ 2022-08-25 12:48:54,318][train.train_nn_models] [Training] Epoch=195, loss=1043.2291, nll=1043.2291, l2_reg=0.0000, acc=0.1932
[ 2022-08-25 12:48:54,318][train.train_nn_models] [Validation] Epoch=195, nll=1047.3058, acc=0.1741
[ 2022-08-25 12:48:54,319][train.train_nn_models] Found a better model at epoch 195.
[ 2022-08-25 12:48:54,887][train.train_nn_models] [Training] Epoch=196, loss=1043.1508, nll=1043.1508, l2_reg=0.0000, acc=0.1937
[ 2022-08-25 12:48:54,888][train.train_nn_models] [Validation] Epoch=196, nll=1047.2374, acc=0.1741
[ 2022-08-25 12:48:54,889][train.train_nn_models] Found a better model at epoch 196.
[ 2022-08-25 12:48:55,446][train.train_nn_models] [Training] Epoch=197, loss=1043.0720, nll=1043.0720, l2_reg=0.0000, acc=0.1935
[ 2022-08-25 12:48:55,447][train.train_nn_models] [Validation] Epoch=197, nll=1047.1741, acc=0.1747
[ 2022-08-25 12:48:55,448][train.train_nn_models] Found a better model at epoch 197.
[ 2022-08-25 12:48:56,013][train.train_nn_models] [Training] Epoch=198, loss=1042.9960, nll=1042.9960, l2_reg=0.0000, acc=0.1934
[ 2022-08-25 12:48:56,014][train.train_nn_models] [Validation] Epoch=198, nll=1047.1069, acc=0.1743
[ 2022-08-25 12:48:56,014][train.train_nn_models] Found a better model at epoch 198.
[ 2022-08-25 12:48:56,586][train.train_nn_models] [Training] Epoch=199, loss=1042.9197, nll=1042.9197, l2_reg=0.0000, acc=0.1936
[ 2022-08-25 12:48:56,586][train.train_nn_models] [Validation] Epoch=199, nll=1047.0435, acc=0.1735
[ 2022-08-25 12:48:56,586][train.train_nn_models] Found a better model at epoch 199.
[ 2022-08-25 12:48:56,649][train.eval_nll] [Test]nll=1046.2057, acc=0.1810
[ 2022-08-25 12:50:48,661][train.<module>]                    timestamp  ...                                             config
0 2022-08-25 12:50:48.639592  ...  {'model': 'ERPP', 'dataset': 'pgem-1K-15', 'in...
1 2022-08-25 12:50:48.639592  ...  {'model': 'ERPP', 'dataset': 'pgem-1K-15', 'in...
2 2022-08-25 12:50:48.639592  ...  {'model': 'ERPP', 'dataset': 'pgem-1K-15', 'in...
3 2022-08-25 12:50:48.639592  ...  {'model': 'ERPP', 'dataset': 'pgem-1K-15', 'in...
4 2022-08-25 12:50:48.639592  ...  {'model': 'ERPP', 'dataset': 'pgem-1K-15', 'in...
5 2022-08-25 12:50:48.639592  ...  {'model': 'ERPP', 'dataset': 'pgem-1K-15', 'in...

[6 rows x 7 columns]
