[ 2022-08-29 20:02:02,303][train.<module>] Namespace(attr_batch_size=0, basis_type='dyadic', batch_size=64, bucket_seqs=False, cuda=True, dataset='pgem-1K-15', dropout=0.0, embedding_dim=64, epochs=250, hidden_size=64, input_dir='data/input', l2_reg=0, lr=0.0008, max_mean=20.0, model='ERPP', n_bases=7, num_workers=0, occurred_type_only=False, optimizer='Adam', output_dir='data/output', rand_seed=1, rnn='GRU', skip_eval_infectivity=False, skip_pred_next_event=False, split_id=3, steps=50, tune_metric='nll', verbose=False)
[ 2022-08-29 20:02:05,132][train.train_nn_models] [Training] Epoch=0, loss=27583.0605, nll=27583.0605, l2_reg=0.0000, acc=0.1218
[ 2022-08-29 20:02:05,132][train.train_nn_models] [Validation] Epoch=0, nll=22189.2500, acc=0.1037
[ 2022-08-29 20:02:07,560][train.train_nn_models] [Training] Epoch=1, loss=17164.3809, nll=17164.3809, l2_reg=0.0000, acc=0.0812
[ 2022-08-29 20:02:07,572][train.train_nn_models] [Validation] Epoch=1, nll=9504.9355, acc=0.0658
[ 2022-08-29 20:02:10,150][train.train_nn_models] [Training] Epoch=2, loss=5617.4814, nll=5617.4814, l2_reg=0.0000, acc=0.0611
[ 2022-08-29 20:02:10,161][train.train_nn_models] [Validation] Epoch=2, nll=2463.2913, acc=0.0601
[ 2022-08-29 20:02:12,606][train.train_nn_models] [Training] Epoch=3, loss=1910.1820, nll=1910.1820, l2_reg=0.0000, acc=0.0741
[ 2022-08-29 20:02:12,607][train.train_nn_models] [Validation] Epoch=3, nll=1540.6489, acc=0.1072
[ 2022-08-29 20:02:15,088][train.train_nn_models] [Training] Epoch=4, loss=1501.0391, nll=1501.0391, l2_reg=0.0000, acc=0.1304
[ 2022-08-29 20:02:15,089][train.train_nn_models] [Validation] Epoch=4, nll=1442.6249, acc=0.1566
[ 2022-08-29 20:02:17,588][train.train_nn_models] [Training] Epoch=5, loss=1434.2197, nll=1434.2197, l2_reg=0.0000, acc=0.1720
[ 2022-08-29 20:02:17,589][train.train_nn_models] [Validation] Epoch=5, nll=1394.7136, acc=0.1843
[ 2022-08-29 20:02:20,024][train.train_nn_models] [Training] Epoch=6, loss=1397.4995, nll=1397.4995, l2_reg=0.0000, acc=0.1870
[ 2022-08-29 20:02:20,041][train.train_nn_models] [Validation] Epoch=6, nll=1371.4451, acc=0.1864
[ 2022-08-29 20:02:22,507][train.train_nn_models] [Training] Epoch=7, loss=1377.9070, nll=1377.9070, l2_reg=0.0000, acc=0.1866
[ 2022-08-29 20:02:22,508][train.train_nn_models] [Validation] Epoch=7, nll=1357.4458, acc=0.1864
[ 2022-08-29 20:02:24,984][train.train_nn_models] [Training] Epoch=8, loss=1366.9073, nll=1366.9073, l2_reg=0.0000, acc=0.1861
[ 2022-08-29 20:02:24,985][train.train_nn_models] [Validation] Epoch=8, nll=1348.2743, acc=0.1881
[ 2022-08-29 20:02:27,324][train.train_nn_models] [Training] Epoch=9, loss=1358.2527, nll=1358.2527, l2_reg=0.0000, acc=0.1863
[ 2022-08-29 20:02:27,324][train.train_nn_models] [Validation] Epoch=9, nll=1341.2990, acc=0.1859
[ 2022-08-29 20:02:29,736][train.train_nn_models] [Training] Epoch=10, loss=1352.0194, nll=1352.0194, l2_reg=0.0000, acc=0.1863
[ 2022-08-29 20:02:29,736][train.train_nn_models] [Validation] Epoch=10, nll=1336.0696, acc=0.1861
[ 2022-08-29 20:02:32,028][train.train_nn_models] [Training] Epoch=11, loss=1346.7024, nll=1346.7024, l2_reg=0.0000, acc=0.1867
[ 2022-08-29 20:02:32,029][train.train_nn_models] [Validation] Epoch=11, nll=1331.2263, acc=0.1826
[ 2022-08-29 20:02:34,525][train.train_nn_models] [Training] Epoch=12, loss=1341.7162, nll=1341.7162, l2_reg=0.0000, acc=0.1861
[ 2022-08-29 20:02:34,529][train.train_nn_models] [Validation] Epoch=12, nll=1326.4532, acc=0.1837
[ 2022-08-29 20:02:37,034][train.train_nn_models] [Training] Epoch=13, loss=1336.6998, nll=1336.6998, l2_reg=0.0000, acc=0.1858
[ 2022-08-29 20:02:37,036][train.train_nn_models] [Validation] Epoch=13, nll=1321.6211, acc=0.1825
[ 2022-08-29 20:02:39,481][train.train_nn_models] [Training] Epoch=14, loss=1331.6304, nll=1331.6304, l2_reg=0.0000, acc=0.1859
[ 2022-08-29 20:02:39,484][train.train_nn_models] [Validation] Epoch=14, nll=1316.7465, acc=0.1830
[ 2022-08-29 20:02:41,821][train.train_nn_models] [Training] Epoch=15, loss=1326.5106, nll=1326.5106, l2_reg=0.0000, acc=0.1861
[ 2022-08-29 20:02:41,824][train.train_nn_models] [Validation] Epoch=15, nll=1311.8757, acc=0.1828
[ 2022-08-29 20:02:44,167][train.train_nn_models] [Training] Epoch=16, loss=1321.3853, nll=1321.3853, l2_reg=0.0000, acc=0.1868
[ 2022-08-29 20:02:44,170][train.train_nn_models] [Validation] Epoch=16, nll=1307.0398, acc=0.1832
[ 2022-08-29 20:02:46,481][train.train_nn_models] [Training] Epoch=17, loss=1316.2836, nll=1316.2836, l2_reg=0.0000, acc=0.1868
[ 2022-08-29 20:02:46,483][train.train_nn_models] [Validation] Epoch=17, nll=1302.1980, acc=0.1823
[ 2022-08-29 20:02:48,877][train.train_nn_models] [Training] Epoch=18, loss=1311.1824, nll=1311.1824, l2_reg=0.0000, acc=0.1872
[ 2022-08-29 20:02:48,881][train.train_nn_models] [Validation] Epoch=18, nll=1297.3629, acc=0.1823
[ 2022-08-29 20:02:51,289][train.train_nn_models] [Training] Epoch=19, loss=1306.1074, nll=1306.1074, l2_reg=0.0000, acc=0.1877
[ 2022-08-29 20:02:51,292][train.train_nn_models] [Validation] Epoch=19, nll=1292.5874, acc=0.1827
[ 2022-08-29 20:02:53,597][train.train_nn_models] [Training] Epoch=20, loss=1301.0923, nll=1301.0923, l2_reg=0.0000, acc=0.1877
[ 2022-08-29 20:02:53,598][train.train_nn_models] [Validation] Epoch=20, nll=1287.8865, acc=0.1835
[ 2022-08-29 20:02:56,085][train.train_nn_models] [Training] Epoch=21, loss=1296.1559, nll=1296.1559, l2_reg=0.0000, acc=0.1875
[ 2022-08-29 20:02:56,088][train.train_nn_models] [Validation] Epoch=21, nll=1283.2714, acc=0.1845
[ 2022-08-29 20:02:58,404][train.train_nn_models] [Training] Epoch=22, loss=1291.3105, nll=1291.3105, l2_reg=0.0000, acc=0.1876
[ 2022-08-29 20:02:58,407][train.train_nn_models] [Validation] Epoch=22, nll=1278.7552, acc=0.1854
[ 2022-08-29 20:03:00,862][train.train_nn_models] [Training] Epoch=23, loss=1286.5764, nll=1286.5764, l2_reg=0.0000, acc=0.1873
[ 2022-08-29 20:03:00,865][train.train_nn_models] [Validation] Epoch=23, nll=1274.3634, acc=0.1863
[ 2022-08-29 20:03:03,208][train.train_nn_models] [Training] Epoch=24, loss=1281.9697, nll=1281.9697, l2_reg=0.0000, acc=0.1874
[ 2022-08-29 20:03:03,211][train.train_nn_models] [Validation] Epoch=24, nll=1270.0991, acc=0.1867
[ 2022-08-29 20:03:05,633][train.train_nn_models] [Training] Epoch=25, loss=1277.5050, nll=1277.5050, l2_reg=0.0000, acc=0.1872
[ 2022-08-29 20:03:05,636][train.train_nn_models] [Validation] Epoch=25, nll=1265.9733, acc=0.1873
[ 2022-08-29 20:03:08,015][train.train_nn_models] [Training] Epoch=26, loss=1273.1934, nll=1273.1934, l2_reg=0.0000, acc=0.1869
[ 2022-08-29 20:03:08,018][train.train_nn_models] [Validation] Epoch=26, nll=1262.0186, acc=0.1873
[ 2022-08-29 20:03:10,404][train.train_nn_models] [Training] Epoch=27, loss=1269.0765, nll=1269.0765, l2_reg=0.0000, acc=0.1867
[ 2022-08-29 20:03:10,406][train.train_nn_models] [Validation] Epoch=27, nll=1258.2892, acc=0.1876
[ 2022-08-29 20:03:12,766][train.train_nn_models] [Training] Epoch=28, loss=1265.2145, nll=1265.2145, l2_reg=0.0000, acc=0.1868
[ 2022-08-29 20:03:12,768][train.train_nn_models] [Validation] Epoch=28, nll=1254.8273, acc=0.1879
[ 2022-08-29 20:03:15,135][train.train_nn_models] [Training] Epoch=29, loss=1261.6421, nll=1261.6421, l2_reg=0.0000, acc=0.1869
[ 2022-08-29 20:03:15,138][train.train_nn_models] [Validation] Epoch=29, nll=1251.6282, acc=0.1875
[ 2022-08-29 20:03:17,591][train.train_nn_models] [Training] Epoch=30, loss=1258.3468, nll=1258.3468, l2_reg=0.0000, acc=0.1867
[ 2022-08-29 20:03:17,591][train.train_nn_models] [Validation] Epoch=30, nll=1248.6743, acc=0.1876
[ 2022-08-29 20:03:19,992][train.train_nn_models] [Training] Epoch=31, loss=1255.3274, nll=1255.3274, l2_reg=0.0000, acc=0.1872
[ 2022-08-29 20:03:19,995][train.train_nn_models] [Validation] Epoch=31, nll=1245.9803, acc=0.1869
[ 2022-08-29 20:03:22,498][train.train_nn_models] [Training] Epoch=32, loss=1252.5626, nll=1252.5626, l2_reg=0.0000, acc=0.1871
[ 2022-08-29 20:03:22,500][train.train_nn_models] [Validation] Epoch=32, nll=1243.5012, acc=0.1871
[ 2022-08-29 20:03:24,940][train.train_nn_models] [Training] Epoch=33, loss=1250.0272, nll=1250.0272, l2_reg=0.0000, acc=0.1868
[ 2022-08-29 20:03:24,943][train.train_nn_models] [Validation] Epoch=33, nll=1241.2284, acc=0.1867
[ 2022-08-29 20:03:27,496][train.train_nn_models] [Training] Epoch=34, loss=1247.7069, nll=1247.7069, l2_reg=0.0000, acc=0.1870
[ 2022-08-29 20:03:27,499][train.train_nn_models] [Validation] Epoch=34, nll=1239.1515, acc=0.1861
[ 2022-08-29 20:03:29,939][train.train_nn_models] [Training] Epoch=35, loss=1245.5850, nll=1245.5850, l2_reg=0.0000, acc=0.1872
[ 2022-08-29 20:03:29,940][train.train_nn_models] [Validation] Epoch=35, nll=1237.2526, acc=0.1862
[ 2022-08-29 20:03:32,461][train.train_nn_models] [Training] Epoch=36, loss=1243.6456, nll=1243.6456, l2_reg=0.0000, acc=0.1872
[ 2022-08-29 20:03:32,463][train.train_nn_models] [Validation] Epoch=36, nll=1235.5145, acc=0.1864
[ 2022-08-29 20:03:34,798][train.train_nn_models] [Training] Epoch=37, loss=1241.8699, nll=1241.8699, l2_reg=0.0000, acc=0.1873
[ 2022-08-29 20:03:34,800][train.train_nn_models] [Validation] Epoch=37, nll=1233.9254, acc=0.1868
[ 2022-08-29 20:03:37,220][train.train_nn_models] [Training] Epoch=38, loss=1240.2460, nll=1240.2460, l2_reg=0.0000, acc=0.1876
[ 2022-08-29 20:03:37,222][train.train_nn_models] [Validation] Epoch=38, nll=1232.4724, acc=0.1872
[ 2022-08-29 20:03:39,610][train.train_nn_models] [Training] Epoch=39, loss=1238.7555, nll=1238.7555, l2_reg=0.0000, acc=0.1878
[ 2022-08-29 20:03:39,612][train.train_nn_models] [Validation] Epoch=39, nll=1231.1403, acc=0.1867
[ 2022-08-29 20:03:41,951][train.train_nn_models] [Training] Epoch=40, loss=1237.3915, nll=1237.3915, l2_reg=0.0000, acc=0.1876
[ 2022-08-29 20:03:41,954][train.train_nn_models] [Validation] Epoch=40, nll=1229.9191, acc=0.1867
[ 2022-08-29 20:03:44,287][train.train_nn_models] [Training] Epoch=41, loss=1236.1389, nll=1236.1389, l2_reg=0.0000, acc=0.1878
[ 2022-08-29 20:03:44,289][train.train_nn_models] [Validation] Epoch=41, nll=1228.7990, acc=0.1869
[ 2022-08-29 20:03:46,630][train.train_nn_models] [Training] Epoch=42, loss=1234.9905, nll=1234.9905, l2_reg=0.0000, acc=0.1878
[ 2022-08-29 20:03:46,631][train.train_nn_models] [Validation] Epoch=42, nll=1227.7728, acc=0.1871
[ 2022-08-29 20:03:49,078][train.train_nn_models] [Training] Epoch=43, loss=1233.9359, nll=1233.9359, l2_reg=0.0000, acc=0.1877
[ 2022-08-29 20:03:49,080][train.train_nn_models] [Validation] Epoch=43, nll=1226.8301, acc=0.1876
[ 2022-08-29 20:03:51,410][train.train_nn_models] [Training] Epoch=44, loss=1232.9659, nll=1232.9659, l2_reg=0.0000, acc=0.1873
[ 2022-08-29 20:03:51,412][train.train_nn_models] [Validation] Epoch=44, nll=1225.9641, acc=0.1877
[ 2022-08-29 20:03:53,907][train.train_nn_models] [Training] Epoch=45, loss=1232.0717, nll=1232.0717, l2_reg=0.0000, acc=0.1875
[ 2022-08-29 20:03:53,909][train.train_nn_models] [Validation] Epoch=45, nll=1225.1639, acc=0.1877
[ 2022-08-29 20:03:56,317][train.train_nn_models] [Training] Epoch=46, loss=1231.2462, nll=1231.2462, l2_reg=0.0000, acc=0.1873
[ 2022-08-29 20:03:56,320][train.train_nn_models] [Validation] Epoch=46, nll=1224.4246, acc=0.1878
[ 2022-08-29 20:03:58,939][train.train_nn_models] [Training] Epoch=47, loss=1230.4821, nll=1230.4821, l2_reg=0.0000, acc=0.1874
[ 2022-08-29 20:03:58,942][train.train_nn_models] [Validation] Epoch=47, nll=1223.7373, acc=0.1877
[ 2022-08-29 20:04:01,377][train.train_nn_models] [Training] Epoch=48, loss=1229.7745, nll=1229.7745, l2_reg=0.0000, acc=0.1873
[ 2022-08-29 20:04:01,380][train.train_nn_models] [Validation] Epoch=48, nll=1223.0995, acc=0.1875
[ 2022-08-29 20:04:03,785][train.train_nn_models] [Training] Epoch=49, loss=1229.1167, nll=1229.1167, l2_reg=0.0000, acc=0.1871
[ 2022-08-29 20:04:03,788][train.train_nn_models] [Validation] Epoch=49, nll=1222.5057, acc=0.1880
[ 2022-08-29 20:04:06,267][train.train_nn_models] [Training] Epoch=50, loss=1228.5051, nll=1228.5051, l2_reg=0.0000, acc=0.1871
[ 2022-08-29 20:04:06,270][train.train_nn_models] [Validation] Epoch=50, nll=1221.9508, acc=0.1877
[ 2022-08-29 20:04:08,567][train.train_nn_models] [Training] Epoch=51, loss=1227.9352, nll=1227.9352, l2_reg=0.0000, acc=0.1872
[ 2022-08-29 20:04:08,570][train.train_nn_models] [Validation] Epoch=51, nll=1221.4315, acc=0.1880
[ 2022-08-29 20:04:11,041][train.train_nn_models] [Training] Epoch=52, loss=1227.4030, nll=1227.4030, l2_reg=0.0000, acc=0.1870
[ 2022-08-29 20:04:11,043][train.train_nn_models] [Validation] Epoch=52, nll=1220.9462, acc=0.1883
[ 2022-08-29 20:04:13,324][train.train_nn_models] [Training] Epoch=53, loss=1226.9050, nll=1226.9050, l2_reg=0.0000, acc=0.1872
[ 2022-08-29 20:04:13,326][train.train_nn_models] [Validation] Epoch=53, nll=1220.4893, acc=0.1882
[ 2022-08-29 20:04:15,796][train.train_nn_models] [Training] Epoch=54, loss=1226.4392, nll=1226.4392, l2_reg=0.0000, acc=0.1873
[ 2022-08-29 20:04:15,797][train.train_nn_models] [Validation] Epoch=54, nll=1220.0605, acc=0.1882
[ 2022-08-29 20:04:18,170][train.train_nn_models] [Training] Epoch=55, loss=1226.0015, nll=1226.0015, l2_reg=0.0000, acc=0.1874
[ 2022-08-29 20:04:18,172][train.train_nn_models] [Validation] Epoch=55, nll=1219.6555, acc=0.1884
[ 2022-08-29 20:04:20,589][train.train_nn_models] [Training] Epoch=56, loss=1225.5901, nll=1225.5901, l2_reg=0.0000, acc=0.1874
[ 2022-08-29 20:04:20,592][train.train_nn_models] [Validation] Epoch=56, nll=1219.2734, acc=0.1886
[ 2022-08-29 20:04:23,055][train.train_nn_models] [Training] Epoch=57, loss=1225.2029, nll=1225.2029, l2_reg=0.0000, acc=0.1876
[ 2022-08-29 20:04:23,058][train.train_nn_models] [Validation] Epoch=57, nll=1218.9124, acc=0.1884
[ 2022-08-29 20:04:25,449][train.train_nn_models] [Training] Epoch=58, loss=1224.8378, nll=1224.8378, l2_reg=0.0000, acc=0.1877
[ 2022-08-29 20:04:25,452][train.train_nn_models] [Validation] Epoch=58, nll=1218.5710, acc=0.1887
[ 2022-08-29 20:04:27,981][train.train_nn_models] [Training] Epoch=59, loss=1224.4932, nll=1224.4932, l2_reg=0.0000, acc=0.1875
[ 2022-08-29 20:04:27,984][train.train_nn_models] [Validation] Epoch=59, nll=1218.2476, acc=0.1886
[ 2022-08-29 20:04:30,375][train.train_nn_models] [Training] Epoch=60, loss=1224.1677, nll=1224.1677, l2_reg=0.0000, acc=0.1877
[ 2022-08-29 20:04:30,377][train.train_nn_models] [Validation] Epoch=60, nll=1217.9410, acc=0.1885
[ 2022-08-29 20:04:32,921][train.train_nn_models] [Training] Epoch=61, loss=1223.8597, nll=1223.8597, l2_reg=0.0000, acc=0.1879
[ 2022-08-29 20:04:32,924][train.train_nn_models] [Validation] Epoch=61, nll=1217.6479, acc=0.1887
[ 2022-08-29 20:04:35,318][train.train_nn_models] [Training] Epoch=62, loss=1223.5675, nll=1223.5675, l2_reg=0.0000, acc=0.1878
[ 2022-08-29 20:04:35,320][train.train_nn_models] [Validation] Epoch=62, nll=1217.3705, acc=0.1885
[ 2022-08-29 20:04:37,761][train.train_nn_models] [Training] Epoch=63, loss=1223.2904, nll=1223.2904, l2_reg=0.0000, acc=0.1880
[ 2022-08-29 20:04:37,763][train.train_nn_models] [Validation] Epoch=63, nll=1217.1030, acc=0.1884
[ 2022-08-29 20:04:40,203][train.train_nn_models] [Training] Epoch=64, loss=1223.0269, nll=1223.0269, l2_reg=0.0000, acc=0.1880
[ 2022-08-29 20:04:40,205][train.train_nn_models] [Validation] Epoch=64, nll=1216.8499, acc=0.1888
[ 2022-08-29 20:04:42,585][train.train_nn_models] [Training] Epoch=65, loss=1222.7759, nll=1222.7759, l2_reg=0.0000, acc=0.1880
[ 2022-08-29 20:04:42,587][train.train_nn_models] [Validation] Epoch=65, nll=1216.6053, acc=0.1891
[ 2022-08-29 20:04:45,069][train.train_nn_models] [Training] Epoch=66, loss=1222.5360, nll=1222.5360, l2_reg=0.0000, acc=0.1881
[ 2022-08-29 20:04:45,071][train.train_nn_models] [Validation] Epoch=66, nll=1216.3749, acc=0.1892
[ 2022-08-29 20:04:47,435][train.train_nn_models] [Training] Epoch=67, loss=1222.3076, nll=1222.3076, l2_reg=0.0000, acc=0.1882
[ 2022-08-29 20:04:47,438][train.train_nn_models] [Validation] Epoch=67, nll=1216.1506, acc=0.1891
[ 2022-08-29 20:04:49,950][train.train_nn_models] [Training] Epoch=68, loss=1222.0881, nll=1222.0881, l2_reg=0.0000, acc=0.1881
[ 2022-08-29 20:04:49,952][train.train_nn_models] [Validation] Epoch=68, nll=1215.9325, acc=0.1892
[ 2022-08-29 20:04:52,307][train.train_nn_models] [Training] Epoch=69, loss=1221.8773, nll=1221.8773, l2_reg=0.0000, acc=0.1881
[ 2022-08-29 20:04:52,309][train.train_nn_models] [Validation] Epoch=69, nll=1215.7273, acc=0.1889
[ 2022-08-29 20:04:54,829][train.train_nn_models] [Training] Epoch=70, loss=1221.6749, nll=1221.6749, l2_reg=0.0000, acc=0.1880
[ 2022-08-29 20:04:54,832][train.train_nn_models] [Validation] Epoch=70, nll=1215.5283, acc=0.1893
[ 2022-08-29 20:04:57,205][train.train_nn_models] [Training] Epoch=71, loss=1221.4807, nll=1221.4807, l2_reg=0.0000, acc=0.1882
[ 2022-08-29 20:04:57,207][train.train_nn_models] [Validation] Epoch=71, nll=1215.3364, acc=0.1891
[ 2022-08-29 20:04:59,718][train.train_nn_models] [Training] Epoch=72, loss=1221.2932, nll=1221.2932, l2_reg=0.0000, acc=0.1883
[ 2022-08-29 20:04:59,721][train.train_nn_models] [Validation] Epoch=72, nll=1215.1479, acc=0.1890
[ 2022-08-29 20:05:02,206][train.train_nn_models] [Training] Epoch=73, loss=1221.1118, nll=1221.1118, l2_reg=0.0000, acc=0.1883
[ 2022-08-29 20:05:02,208][train.train_nn_models] [Validation] Epoch=73, nll=1214.9635, acc=0.1892
[ 2022-08-29 20:05:04,627][train.train_nn_models] [Training] Epoch=74, loss=1220.9363, nll=1220.9363, l2_reg=0.0000, acc=0.1883
[ 2022-08-29 20:05:04,629][train.train_nn_models] [Validation] Epoch=74, nll=1214.7861, acc=0.1896
[ 2022-08-29 20:05:07,137][train.train_nn_models] [Training] Epoch=75, loss=1220.7660, nll=1220.7660, l2_reg=0.0000, acc=0.1882
[ 2022-08-29 20:05:07,140][train.train_nn_models] [Validation] Epoch=75, nll=1214.6136, acc=0.1898
[ 2022-08-29 20:05:09,440][train.train_nn_models] [Training] Epoch=76, loss=1220.6007, nll=1220.6007, l2_reg=0.0000, acc=0.1881
[ 2022-08-29 20:05:09,442][train.train_nn_models] [Validation] Epoch=76, nll=1214.4446, acc=0.1896
[ 2022-08-29 20:05:11,919][train.train_nn_models] [Training] Epoch=77, loss=1220.4398, nll=1220.4398, l2_reg=0.0000, acc=0.1881
[ 2022-08-29 20:05:11,922][train.train_nn_models] [Validation] Epoch=77, nll=1214.2781, acc=0.1898
[ 2022-08-29 20:05:14,259][train.train_nn_models] [Training] Epoch=78, loss=1220.2825, nll=1220.2825, l2_reg=0.0000, acc=0.1880
[ 2022-08-29 20:05:14,261][train.train_nn_models] [Validation] Epoch=78, nll=1214.1161, acc=0.1901
[ 2022-08-29 20:05:16,760][train.train_nn_models] [Training] Epoch=79, loss=1220.1281, nll=1220.1281, l2_reg=0.0000, acc=0.1880
[ 2022-08-29 20:05:16,762][train.train_nn_models] [Validation] Epoch=79, nll=1213.9547, acc=0.1901
[ 2022-08-29 20:05:19,149][train.train_nn_models] [Training] Epoch=80, loss=1219.9764, nll=1219.9764, l2_reg=0.0000, acc=0.1881
[ 2022-08-29 20:05:19,152][train.train_nn_models] [Validation] Epoch=80, nll=1213.7990, acc=0.1895
[ 2022-08-29 20:05:21,640][train.train_nn_models] [Training] Epoch=81, loss=1219.8268, nll=1219.8268, l2_reg=0.0000, acc=0.1880
[ 2022-08-29 20:05:21,642][train.train_nn_models] [Validation] Epoch=81, nll=1213.6434, acc=0.1892
[ 2022-08-29 20:05:24,264][train.train_nn_models] [Training] Epoch=82, loss=1219.6796, nll=1219.6796, l2_reg=0.0000, acc=0.1880
[ 2022-08-29 20:05:24,266][train.train_nn_models] [Validation] Epoch=82, nll=1213.4901, acc=0.1891
[ 2022-08-29 20:05:26,872][train.train_nn_models] [Training] Epoch=83, loss=1219.5341, nll=1219.5341, l2_reg=0.0000, acc=0.1879
[ 2022-08-29 20:05:26,874][train.train_nn_models] [Validation] Epoch=83, nll=1213.3395, acc=0.1887
[ 2022-08-29 20:05:29,322][train.train_nn_models] [Training] Epoch=84, loss=1219.3909, nll=1219.3909, l2_reg=0.0000, acc=0.1881
[ 2022-08-29 20:05:29,325][train.train_nn_models] [Validation] Epoch=84, nll=1213.1940, acc=0.1889
[ 2022-08-29 20:05:31,923][train.train_nn_models] [Training] Epoch=85, loss=1219.2499, nll=1219.2499, l2_reg=0.0000, acc=0.1882
[ 2022-08-29 20:05:31,925][train.train_nn_models] [Validation] Epoch=85, nll=1213.0514, acc=0.1890
[ 2022-08-29 20:05:34,356][train.train_nn_models] [Training] Epoch=86, loss=1219.1124, nll=1219.1124, l2_reg=0.0000, acc=0.1882
[ 2022-08-29 20:05:34,358][train.train_nn_models] [Validation] Epoch=86, nll=1212.9080, acc=0.1888
[ 2022-08-29 20:05:36,756][train.train_nn_models] [Training] Epoch=87, loss=1218.9777, nll=1218.9777, l2_reg=0.0000, acc=0.1880
[ 2022-08-29 20:05:36,759][train.train_nn_models] [Validation] Epoch=87, nll=1212.7649, acc=0.1887
[ 2022-08-29 20:05:39,174][train.train_nn_models] [Training] Epoch=88, loss=1218.8447, nll=1218.8447, l2_reg=0.0000, acc=0.1879
[ 2022-08-29 20:05:39,176][train.train_nn_models] [Validation] Epoch=88, nll=1212.6232, acc=0.1885
[ 2022-08-29 20:05:41,584][train.train_nn_models] [Training] Epoch=89, loss=1218.7134, nll=1218.7134, l2_reg=0.0000, acc=0.1880
[ 2022-08-29 20:05:41,587][train.train_nn_models] [Validation] Epoch=89, nll=1212.4817, acc=0.1885
[ 2022-08-29 20:05:44,004][train.train_nn_models] [Training] Epoch=90, loss=1218.5840, nll=1218.5840, l2_reg=0.0000, acc=0.1880
[ 2022-08-29 20:05:44,006][train.train_nn_models] [Validation] Epoch=90, nll=1212.3408, acc=0.1888
[ 2022-08-29 20:05:46,432][train.train_nn_models] [Training] Epoch=91, loss=1218.4562, nll=1218.4562, l2_reg=0.0000, acc=0.1882
[ 2022-08-29 20:05:46,435][train.train_nn_models] [Validation] Epoch=91, nll=1212.2020, acc=0.1890
[ 2022-08-29 20:05:48,955][train.train_nn_models] [Training] Epoch=92, loss=1218.3306, nll=1218.3306, l2_reg=0.0000, acc=0.1882
[ 2022-08-29 20:05:48,958][train.train_nn_models] [Validation] Epoch=92, nll=1212.0652, acc=0.1892
[ 2022-08-29 20:05:51,474][train.train_nn_models] [Training] Epoch=93, loss=1218.2064, nll=1218.2064, l2_reg=0.0000, acc=0.1882
[ 2022-08-29 20:05:51,476][train.train_nn_models] [Validation] Epoch=93, nll=1211.9296, acc=0.1891
[ 2022-08-29 20:05:53,997][train.train_nn_models] [Training] Epoch=94, loss=1218.0837, nll=1218.0837, l2_reg=0.0000, acc=0.1881
[ 2022-08-29 20:05:53,998][train.train_nn_models] [Validation] Epoch=94, nll=1211.7949, acc=0.1894
[ 2022-08-29 20:05:56,517][train.train_nn_models] [Training] Epoch=95, loss=1217.9625, nll=1217.9625, l2_reg=0.0000, acc=0.1881
[ 2022-08-29 20:05:56,519][train.train_nn_models] [Validation] Epoch=95, nll=1211.6616, acc=0.1898
[ 2022-08-29 20:05:59,045][train.train_nn_models] [Training] Epoch=96, loss=1217.8424, nll=1217.8424, l2_reg=0.0000, acc=0.1878
[ 2022-08-29 20:05:59,047][train.train_nn_models] [Validation] Epoch=96, nll=1211.5292, acc=0.1901
[ 2022-08-29 20:06:01,563][train.train_nn_models] [Training] Epoch=97, loss=1217.7239, nll=1217.7239, l2_reg=0.0000, acc=0.1878
[ 2022-08-29 20:06:01,566][train.train_nn_models] [Validation] Epoch=97, nll=1211.3977, acc=0.1898
[ 2022-08-29 20:06:04,104][train.train_nn_models] [Training] Epoch=98, loss=1217.6064, nll=1217.6064, l2_reg=0.0000, acc=0.1877
[ 2022-08-29 20:06:04,107][train.train_nn_models] [Validation] Epoch=98, nll=1211.2671, acc=0.1903
[ 2022-08-29 20:06:06,688][train.train_nn_models] [Training] Epoch=99, loss=1217.4902, nll=1217.4902, l2_reg=0.0000, acc=0.1876
[ 2022-08-29 20:06:06,691][train.train_nn_models] [Validation] Epoch=99, nll=1211.1382, acc=0.1898
[ 2022-08-29 20:06:09,276][train.train_nn_models] [Training] Epoch=100, loss=1217.3754, nll=1217.3754, l2_reg=0.0000, acc=0.1876
[ 2022-08-29 20:06:09,279][train.train_nn_models] [Validation] Epoch=100, nll=1211.0109, acc=0.1898
[ 2022-08-29 20:06:11,806][train.train_nn_models] [Training] Epoch=101, loss=1217.2620, nll=1217.2620, l2_reg=0.0000, acc=0.1878
[ 2022-08-29 20:06:11,808][train.train_nn_models] [Validation] Epoch=101, nll=1210.8850, acc=0.1900
[ 2022-08-29 20:06:14,374][train.train_nn_models] [Training] Epoch=102, loss=1217.1498, nll=1217.1498, l2_reg=0.0000, acc=0.1876
[ 2022-08-29 20:06:14,376][train.train_nn_models] [Validation] Epoch=102, nll=1210.7607, acc=0.1900
[ 2022-08-29 20:06:16,895][train.train_nn_models] [Training] Epoch=103, loss=1217.0391, nll=1217.0391, l2_reg=0.0000, acc=0.1878
[ 2022-08-29 20:06:16,897][train.train_nn_models] [Validation] Epoch=103, nll=1210.6379, acc=0.1897
[ 2022-08-29 20:06:19,416][train.train_nn_models] [Training] Epoch=104, loss=1216.9299, nll=1216.9299, l2_reg=0.0000, acc=0.1878
[ 2022-08-29 20:06:19,418][train.train_nn_models] [Validation] Epoch=104, nll=1210.5171, acc=0.1897
[ 2022-08-29 20:06:21,917][train.train_nn_models] [Training] Epoch=105, loss=1216.8220, nll=1216.8220, l2_reg=0.0000, acc=0.1877
[ 2022-08-29 20:06:21,919][train.train_nn_models] [Validation] Epoch=105, nll=1210.3979, acc=0.1890
[ 2022-08-29 20:06:24,444][train.train_nn_models] [Training] Epoch=106, loss=1216.7158, nll=1216.7158, l2_reg=0.0000, acc=0.1878
[ 2022-08-29 20:06:24,446][train.train_nn_models] [Validation] Epoch=106, nll=1210.2808, acc=0.1886
[ 2022-08-29 20:06:26,970][train.train_nn_models] [Training] Epoch=107, loss=1216.6111, nll=1216.6111, l2_reg=0.0000, acc=0.1877
[ 2022-08-29 20:06:26,972][train.train_nn_models] [Validation] Epoch=107, nll=1210.1654, acc=0.1883
[ 2022-08-29 20:06:29,494][train.train_nn_models] [Training] Epoch=108, loss=1216.5081, nll=1216.5081, l2_reg=0.0000, acc=0.1877
[ 2022-08-29 20:06:29,497][train.train_nn_models] [Validation] Epoch=108, nll=1210.0519, acc=0.1879
[ 2022-08-29 20:06:31,923][train.train_nn_models] [Training] Epoch=109, loss=1216.4069, nll=1216.4069, l2_reg=0.0000, acc=0.1877
[ 2022-08-29 20:06:31,925][train.train_nn_models] [Validation] Epoch=109, nll=1209.9407, acc=0.1883
[ 2022-08-29 20:06:34,351][train.train_nn_models] [Training] Epoch=110, loss=1216.3074, nll=1216.3074, l2_reg=0.0000, acc=0.1878
[ 2022-08-29 20:06:34,353][train.train_nn_models] [Validation] Epoch=110, nll=1209.8314, acc=0.1886
[ 2022-08-29 20:06:36,631][train.train_nn_models] [Training] Epoch=111, loss=1216.2097, nll=1216.2097, l2_reg=0.0000, acc=0.1877
[ 2022-08-29 20:06:36,634][train.train_nn_models] [Validation] Epoch=111, nll=1209.7249, acc=0.1881
[ 2022-08-29 20:06:39,084][train.train_nn_models] [Training] Epoch=112, loss=1216.1138, nll=1216.1138, l2_reg=0.0000, acc=0.1877
[ 2022-08-29 20:06:39,087][train.train_nn_models] [Validation] Epoch=112, nll=1209.6199, acc=0.1881
[ 2022-08-29 20:06:41,434][train.train_nn_models] [Training] Epoch=113, loss=1216.0197, nll=1216.0197, l2_reg=0.0000, acc=0.1876
[ 2022-08-29 20:06:41,436][train.train_nn_models] [Validation] Epoch=113, nll=1209.5171, acc=0.1887
[ 2022-08-29 20:06:43,861][train.train_nn_models] [Training] Epoch=114, loss=1215.9272, nll=1215.9272, l2_reg=0.0000, acc=0.1875
[ 2022-08-29 20:06:43,863][train.train_nn_models] [Validation] Epoch=114, nll=1209.4169, acc=0.1889
[ 2022-08-29 20:06:46,277][train.train_nn_models] [Training] Epoch=115, loss=1215.8365, nll=1215.8365, l2_reg=0.0000, acc=0.1875
[ 2022-08-29 20:06:46,279][train.train_nn_models] [Validation] Epoch=115, nll=1209.3193, acc=0.1889
[ 2022-08-29 20:06:48,702][train.train_nn_models] [Training] Epoch=116, loss=1215.7478, nll=1215.7478, l2_reg=0.0000, acc=0.1876
[ 2022-08-29 20:06:48,704][train.train_nn_models] [Validation] Epoch=116, nll=1209.2240, acc=0.1891
[ 2022-08-29 20:06:51,195][train.train_nn_models] [Training] Epoch=117, loss=1215.6606, nll=1215.6606, l2_reg=0.0000, acc=0.1876
[ 2022-08-29 20:06:51,197][train.train_nn_models] [Validation] Epoch=117, nll=1209.1310, acc=0.1887
[ 2022-08-29 20:06:53,582][train.train_nn_models] [Training] Epoch=118, loss=1215.5751, nll=1215.5751, l2_reg=0.0000, acc=0.1878
[ 2022-08-29 20:06:53,584][train.train_nn_models] [Validation] Epoch=118, nll=1209.0398, acc=0.1889
[ 2022-08-29 20:06:56,040][train.train_nn_models] [Training] Epoch=119, loss=1215.4911, nll=1215.4911, l2_reg=0.0000, acc=0.1879
[ 2022-08-29 20:06:56,042][train.train_nn_models] [Validation] Epoch=119, nll=1208.9508, acc=0.1889
[ 2022-08-29 20:06:58,343][train.train_nn_models] [Training] Epoch=120, loss=1215.4086, nll=1215.4086, l2_reg=0.0000, acc=0.1881
[ 2022-08-29 20:06:58,346][train.train_nn_models] [Validation] Epoch=120, nll=1208.8641, acc=0.1893
[ 2022-08-29 20:07:00,790][train.train_nn_models] [Training] Epoch=121, loss=1215.3276, nll=1215.3276, l2_reg=0.0000, acc=0.1881
[ 2022-08-29 20:07:00,792][train.train_nn_models] [Validation] Epoch=121, nll=1208.7792, acc=0.1891
[ 2022-08-29 20:07:03,071][train.train_nn_models] [Training] Epoch=122, loss=1215.2477, nll=1215.2477, l2_reg=0.0000, acc=0.1882
[ 2022-08-29 20:07:03,072][train.train_nn_models] [Validation] Epoch=122, nll=1208.6959, acc=0.1889
[ 2022-08-29 20:07:05,497][train.train_nn_models] [Training] Epoch=123, loss=1215.1689, nll=1215.1689, l2_reg=0.0000, acc=0.1880
[ 2022-08-29 20:07:05,499][train.train_nn_models] [Validation] Epoch=123, nll=1208.6143, acc=0.1889
[ 2022-08-29 20:07:07,888][train.train_nn_models] [Training] Epoch=124, loss=1215.0912, nll=1215.0912, l2_reg=0.0000, acc=0.1881
[ 2022-08-29 20:07:07,891][train.train_nn_models] [Validation] Epoch=124, nll=1208.5345, acc=0.1879
[ 2022-08-29 20:07:10,259][train.train_nn_models] [Training] Epoch=125, loss=1215.0145, nll=1215.0145, l2_reg=0.0000, acc=0.1880
[ 2022-08-29 20:07:10,262][train.train_nn_models] [Validation] Epoch=125, nll=1208.4561, acc=0.1884
[ 2022-08-29 20:07:12,716][train.train_nn_models] [Training] Epoch=126, loss=1214.9382, nll=1214.9382, l2_reg=0.0000, acc=0.1881
[ 2022-08-29 20:07:12,718][train.train_nn_models] [Validation] Epoch=126, nll=1208.3789, acc=0.1881
[ 2022-08-29 20:07:12,720][train.train_nn_models] Found a better model at epoch 126.
[ 2022-08-29 20:07:15,062][train.train_nn_models] [Training] Epoch=127, loss=1214.8628, nll=1214.8628, l2_reg=0.0000, acc=0.1877
[ 2022-08-29 20:07:15,065][train.train_nn_models] [Validation] Epoch=127, nll=1208.3029, acc=0.1883
[ 2022-08-29 20:07:15,067][train.train_nn_models] Found a better model at epoch 127.
[ 2022-08-29 20:07:17,538][train.train_nn_models] [Training] Epoch=128, loss=1214.7878, nll=1214.7878, l2_reg=0.0000, acc=0.1880
[ 2022-08-29 20:07:17,541][train.train_nn_models] [Validation] Epoch=128, nll=1208.2279, acc=0.1879
[ 2022-08-29 20:07:17,543][train.train_nn_models] Found a better model at epoch 128.
[ 2022-08-29 20:07:19,817][train.train_nn_models] [Training] Epoch=129, loss=1214.7130, nll=1214.7130, l2_reg=0.0000, acc=0.1878
[ 2022-08-29 20:07:19,819][train.train_nn_models] [Validation] Epoch=129, nll=1208.1530, acc=0.1886
[ 2022-08-29 20:07:19,821][train.train_nn_models] Found a better model at epoch 129.
[ 2022-08-29 20:07:22,268][train.train_nn_models] [Training] Epoch=130, loss=1214.6383, nll=1214.6383, l2_reg=0.0000, acc=0.1879
[ 2022-08-29 20:07:22,271][train.train_nn_models] [Validation] Epoch=130, nll=1208.0782, acc=0.1884
[ 2022-08-29 20:07:22,273][train.train_nn_models] Found a better model at epoch 130.
[ 2022-08-29 20:07:24,616][train.train_nn_models] [Training] Epoch=131, loss=1214.5638, nll=1214.5638, l2_reg=0.0000, acc=0.1878
[ 2022-08-29 20:07:24,618][train.train_nn_models] [Validation] Epoch=131, nll=1208.0044, acc=0.1887
[ 2022-08-29 20:07:24,621][train.train_nn_models] Found a better model at epoch 131.
[ 2022-08-29 20:07:27,018][train.train_nn_models] [Training] Epoch=132, loss=1214.4891, nll=1214.4891, l2_reg=0.0000, acc=0.1879
[ 2022-08-29 20:07:27,020][train.train_nn_models] [Validation] Epoch=132, nll=1207.9308, acc=0.1889
[ 2022-08-29 20:07:27,023][train.train_nn_models] Found a better model at epoch 132.
[ 2022-08-29 20:07:29,439][train.train_nn_models] [Training] Epoch=133, loss=1214.4138, nll=1214.4138, l2_reg=0.0000, acc=0.1877
[ 2022-08-29 20:07:29,441][train.train_nn_models] [Validation] Epoch=133, nll=1207.8569, acc=0.1888
[ 2022-08-29 20:07:29,443][train.train_nn_models] Found a better model at epoch 133.
[ 2022-08-29 20:07:31,917][train.train_nn_models] [Training] Epoch=134, loss=1214.3381, nll=1214.3381, l2_reg=0.0000, acc=0.1878
[ 2022-08-29 20:07:31,918][train.train_nn_models] [Validation] Epoch=134, nll=1207.7828, acc=0.1885
[ 2022-08-29 20:07:31,920][train.train_nn_models] Found a better model at epoch 134.
[ 2022-08-29 20:07:34,439][train.train_nn_models] [Training] Epoch=135, loss=1214.2617, nll=1214.2617, l2_reg=0.0000, acc=0.1878
[ 2022-08-29 20:07:34,441][train.train_nn_models] [Validation] Epoch=135, nll=1207.7085, acc=0.1896
[ 2022-08-29 20:07:34,444][train.train_nn_models] Found a better model at epoch 135.
[ 2022-08-29 20:07:36,793][train.train_nn_models] [Training] Epoch=136, loss=1214.1841, nll=1214.1841, l2_reg=0.0000, acc=0.1878
[ 2022-08-29 20:07:36,796][train.train_nn_models] [Validation] Epoch=136, nll=1207.6335, acc=0.1899
[ 2022-08-29 20:07:36,798][train.train_nn_models] Found a better model at epoch 136.
[ 2022-08-29 20:07:39,250][train.train_nn_models] [Training] Epoch=137, loss=1214.1050, nll=1214.1050, l2_reg=0.0000, acc=0.1879
[ 2022-08-29 20:07:39,253][train.train_nn_models] [Validation] Epoch=137, nll=1207.5579, acc=0.1894
[ 2022-08-29 20:07:39,256][train.train_nn_models] Found a better model at epoch 137.
[ 2022-08-29 20:07:41,518][train.train_nn_models] [Training] Epoch=138, loss=1214.0243, nll=1214.0243, l2_reg=0.0000, acc=0.1877
[ 2022-08-29 20:07:41,520][train.train_nn_models] [Validation] Epoch=138, nll=1207.4800, acc=0.1898
[ 2022-08-29 20:07:41,522][train.train_nn_models] Found a better model at epoch 138.
[ 2022-08-29 20:07:43,967][train.train_nn_models] [Training] Epoch=139, loss=1213.9420, nll=1213.9420, l2_reg=0.0000, acc=0.1878
[ 2022-08-29 20:07:43,970][train.train_nn_models] [Validation] Epoch=139, nll=1207.4005, acc=0.1897
[ 2022-08-29 20:07:43,972][train.train_nn_models] Found a better model at epoch 139.
[ 2022-08-29 20:07:46,366][train.train_nn_models] [Training] Epoch=140, loss=1213.8575, nll=1213.8575, l2_reg=0.0000, acc=0.1880
[ 2022-08-29 20:07:46,369][train.train_nn_models] [Validation] Epoch=140, nll=1207.3187, acc=0.1891
[ 2022-08-29 20:07:46,371][train.train_nn_models] Found a better model at epoch 140.
[ 2022-08-29 20:07:48,758][train.train_nn_models] [Training] Epoch=141, loss=1213.7705, nll=1213.7705, l2_reg=0.0000, acc=0.1881
[ 2022-08-29 20:07:48,760][train.train_nn_models] [Validation] Epoch=141, nll=1207.2354, acc=0.1894
[ 2022-08-29 20:07:48,762][train.train_nn_models] Found a better model at epoch 141.
[ 2022-08-29 20:07:51,167][train.train_nn_models] [Training] Epoch=142, loss=1213.6805, nll=1213.6805, l2_reg=0.0000, acc=0.1880
[ 2022-08-29 20:07:51,169][train.train_nn_models] [Validation] Epoch=142, nll=1207.1495, acc=0.1896
[ 2022-08-29 20:07:51,171][train.train_nn_models] Found a better model at epoch 142.
[ 2022-08-29 20:07:53,532][train.train_nn_models] [Training] Epoch=143, loss=1213.5878, nll=1213.5878, l2_reg=0.0000, acc=0.1881
[ 2022-08-29 20:07:53,534][train.train_nn_models] [Validation] Epoch=143, nll=1207.0604, acc=0.1898
[ 2022-08-29 20:07:53,537][train.train_nn_models] Found a better model at epoch 143.
[ 2022-08-29 20:07:56,067][train.train_nn_models] [Training] Epoch=144, loss=1213.4915, nll=1213.4915, l2_reg=0.0000, acc=0.1881
[ 2022-08-29 20:07:56,069][train.train_nn_models] [Validation] Epoch=144, nll=1206.9677, acc=0.1897
[ 2022-08-29 20:07:56,071][train.train_nn_models] Found a better model at epoch 144.
[ 2022-08-29 20:07:58,455][train.train_nn_models] [Training] Epoch=145, loss=1213.3911, nll=1213.3911, l2_reg=0.0000, acc=0.1878
[ 2022-08-29 20:07:58,457][train.train_nn_models] [Validation] Epoch=145, nll=1206.8712, acc=0.1903
[ 2022-08-29 20:07:58,458][train.train_nn_models] Found a better model at epoch 145.
[ 2022-08-29 20:08:00,964][train.train_nn_models] [Training] Epoch=146, loss=1213.2864, nll=1213.2864, l2_reg=0.0000, acc=0.1877
[ 2022-08-29 20:08:00,966][train.train_nn_models] [Validation] Epoch=146, nll=1206.7703, acc=0.1903
[ 2022-08-29 20:08:00,969][train.train_nn_models] Found a better model at epoch 146.
[ 2022-08-29 20:08:03,300][train.train_nn_models] [Training] Epoch=147, loss=1213.1769, nll=1213.1769, l2_reg=0.0000, acc=0.1877
[ 2022-08-29 20:08:03,302][train.train_nn_models] [Validation] Epoch=147, nll=1206.6658, acc=0.1909
[ 2022-08-29 20:08:03,304][train.train_nn_models] Found a better model at epoch 147.
[ 2022-08-29 20:08:05,655][train.train_nn_models] [Training] Epoch=148, loss=1213.0625, nll=1213.0625, l2_reg=0.0000, acc=0.1879
[ 2022-08-29 20:08:05,657][train.train_nn_models] [Validation] Epoch=148, nll=1206.5564, acc=0.1921
[ 2022-08-29 20:08:05,659][train.train_nn_models] Found a better model at epoch 148.
[ 2022-08-29 20:08:08,047][train.train_nn_models] [Training] Epoch=149, loss=1212.9429, nll=1212.9429, l2_reg=0.0000, acc=0.1877
[ 2022-08-29 20:08:08,049][train.train_nn_models] [Validation] Epoch=149, nll=1206.4426, acc=0.1917
[ 2022-08-29 20:08:08,051][train.train_nn_models] Found a better model at epoch 149.
[ 2022-08-29 20:08:10,490][train.train_nn_models] [Training] Epoch=150, loss=1212.8175, nll=1212.8175, l2_reg=0.0000, acc=0.1877
[ 2022-08-29 20:08:10,493][train.train_nn_models] [Validation] Epoch=150, nll=1206.3248, acc=0.1923
[ 2022-08-29 20:08:10,495][train.train_nn_models] Found a better model at epoch 150.
[ 2022-08-29 20:08:12,999][train.train_nn_models] [Training] Epoch=151, loss=1212.6860, nll=1212.6860, l2_reg=0.0000, acc=0.1876
[ 2022-08-29 20:08:13,001][train.train_nn_models] [Validation] Epoch=151, nll=1206.2024, acc=0.1921
[ 2022-08-29 20:08:13,003][train.train_nn_models] Found a better model at epoch 151.
[ 2022-08-29 20:08:15,389][train.train_nn_models] [Training] Epoch=152, loss=1212.5482, nll=1212.5482, l2_reg=0.0000, acc=0.1876
[ 2022-08-29 20:08:15,392][train.train_nn_models] [Validation] Epoch=152, nll=1206.0752, acc=0.1923
[ 2022-08-29 20:08:15,394][train.train_nn_models] Found a better model at epoch 152.
[ 2022-08-29 20:08:17,888][train.train_nn_models] [Training] Epoch=153, loss=1212.4037, nll=1212.4037, l2_reg=0.0000, acc=0.1875
[ 2022-08-29 20:08:17,890][train.train_nn_models] [Validation] Epoch=153, nll=1205.9426, acc=0.1925
[ 2022-08-29 20:08:17,893][train.train_nn_models] Found a better model at epoch 153.
[ 2022-08-29 20:08:20,223][train.train_nn_models] [Training] Epoch=154, loss=1212.2524, nll=1212.2524, l2_reg=0.0000, acc=0.1875
[ 2022-08-29 20:08:20,226][train.train_nn_models] [Validation] Epoch=154, nll=1205.8044, acc=0.1930
[ 2022-08-29 20:08:20,228][train.train_nn_models] Found a better model at epoch 154.
[ 2022-08-29 20:08:22,640][train.train_nn_models] [Training] Epoch=155, loss=1212.0941, nll=1212.0941, l2_reg=0.0000, acc=0.1874
[ 2022-08-29 20:08:22,642][train.train_nn_models] [Validation] Epoch=155, nll=1205.6603, acc=0.1933
[ 2022-08-29 20:08:22,644][train.train_nn_models] Found a better model at epoch 155.
[ 2022-08-29 20:08:25,047][train.train_nn_models] [Training] Epoch=156, loss=1211.9286, nll=1211.9286, l2_reg=0.0000, acc=0.1873
[ 2022-08-29 20:08:25,050][train.train_nn_models] [Validation] Epoch=156, nll=1205.5105, acc=0.1934
[ 2022-08-29 20:08:25,052][train.train_nn_models] Found a better model at epoch 156.
[ 2022-08-29 20:08:27,403][train.train_nn_models] [Training] Epoch=157, loss=1211.7559, nll=1211.7559, l2_reg=0.0000, acc=0.1873
[ 2022-08-29 20:08:27,406][train.train_nn_models] [Validation] Epoch=157, nll=1205.3546, acc=0.1941
[ 2022-08-29 20:08:27,408][train.train_nn_models] Found a better model at epoch 157.
[ 2022-08-29 20:08:29,847][train.train_nn_models] [Training] Epoch=158, loss=1211.5764, nll=1211.5764, l2_reg=0.0000, acc=0.1872
[ 2022-08-29 20:08:29,850][train.train_nn_models] [Validation] Epoch=158, nll=1205.1938, acc=0.1933
[ 2022-08-29 20:08:29,852][train.train_nn_models] Found a better model at epoch 158.
[ 2022-08-29 20:08:32,244][train.train_nn_models] [Training] Epoch=159, loss=1211.3906, nll=1211.3906, l2_reg=0.0000, acc=0.1874
[ 2022-08-29 20:08:32,246][train.train_nn_models] [Validation] Epoch=159, nll=1205.0283, acc=0.1934
[ 2022-08-29 20:08:32,248][train.train_nn_models] Found a better model at epoch 159.
[ 2022-08-29 20:08:34,716][train.train_nn_models] [Training] Epoch=160, loss=1211.1989, nll=1211.1989, l2_reg=0.0000, acc=0.1872
[ 2022-08-29 20:08:34,718][train.train_nn_models] [Validation] Epoch=160, nll=1204.8583, acc=0.1933
[ 2022-08-29 20:08:34,720][train.train_nn_models] Found a better model at epoch 160.
[ 2022-08-29 20:08:37,039][train.train_nn_models] [Training] Epoch=161, loss=1211.0017, nll=1211.0017, l2_reg=0.0000, acc=0.1873
[ 2022-08-29 20:08:37,040][train.train_nn_models] [Validation] Epoch=161, nll=1204.6846, acc=0.1929
[ 2022-08-29 20:08:37,043][train.train_nn_models] Found a better model at epoch 161.
[ 2022-08-29 20:08:39,539][train.train_nn_models] [Training] Epoch=162, loss=1210.8002, nll=1210.8002, l2_reg=0.0000, acc=0.1874
[ 2022-08-29 20:08:39,541][train.train_nn_models] [Validation] Epoch=162, nll=1204.5077, acc=0.1920
[ 2022-08-29 20:08:39,543][train.train_nn_models] Found a better model at epoch 162.
[ 2022-08-29 20:08:41,921][train.train_nn_models] [Training] Epoch=163, loss=1210.5950, nll=1210.5950, l2_reg=0.0000, acc=0.1876
[ 2022-08-29 20:08:41,923][train.train_nn_models] [Validation] Epoch=163, nll=1204.3290, acc=0.1917
[ 2022-08-29 20:08:41,925][train.train_nn_models] Found a better model at epoch 163.
[ 2022-08-29 20:08:44,357][train.train_nn_models] [Training] Epoch=164, loss=1210.3865, nll=1210.3865, l2_reg=0.0000, acc=0.1876
[ 2022-08-29 20:08:44,359][train.train_nn_models] [Validation] Epoch=164, nll=1204.1486, acc=0.1920
[ 2022-08-29 20:08:44,361][train.train_nn_models] Found a better model at epoch 164.
[ 2022-08-29 20:08:46,758][train.train_nn_models] [Training] Epoch=165, loss=1210.1760, nll=1210.1760, l2_reg=0.0000, acc=0.1874
[ 2022-08-29 20:08:46,760][train.train_nn_models] [Validation] Epoch=165, nll=1203.9672, acc=0.1928
[ 2022-08-29 20:08:46,762][train.train_nn_models] Found a better model at epoch 165.
[ 2022-08-29 20:08:49,392][train.train_nn_models] [Training] Epoch=166, loss=1209.9635, nll=1209.9635, l2_reg=0.0000, acc=0.1874
[ 2022-08-29 20:08:49,394][train.train_nn_models] [Validation] Epoch=166, nll=1203.7856, acc=0.1929
[ 2022-08-29 20:08:49,395][train.train_nn_models] Found a better model at epoch 166.
[ 2022-08-29 20:08:52,080][train.train_nn_models] [Training] Epoch=167, loss=1209.7498, nll=1209.7498, l2_reg=0.0000, acc=0.1875
[ 2022-08-29 20:08:52,083][train.train_nn_models] [Validation] Epoch=167, nll=1203.6028, acc=0.1920
[ 2022-08-29 20:08:52,085][train.train_nn_models] Found a better model at epoch 167.
[ 2022-08-29 20:08:54,578][train.train_nn_models] [Training] Epoch=168, loss=1209.5344, nll=1209.5344, l2_reg=0.0000, acc=0.1876
[ 2022-08-29 20:08:54,581][train.train_nn_models] [Validation] Epoch=168, nll=1203.4196, acc=0.1923
[ 2022-08-29 20:08:54,583][train.train_nn_models] Found a better model at epoch 168.
[ 2022-08-29 20:08:57,105][train.train_nn_models] [Training] Epoch=169, loss=1209.3174, nll=1209.3174, l2_reg=0.0000, acc=0.1879
[ 2022-08-29 20:08:57,107][train.train_nn_models] [Validation] Epoch=169, nll=1203.2355, acc=0.1923
[ 2022-08-29 20:08:57,109][train.train_nn_models] Found a better model at epoch 169.
[ 2022-08-29 20:08:59,559][train.train_nn_models] [Training] Epoch=170, loss=1209.0979, nll=1209.0979, l2_reg=0.0000, acc=0.1880
[ 2022-08-29 20:08:59,561][train.train_nn_models] [Validation] Epoch=170, nll=1203.0493, acc=0.1923
[ 2022-08-29 20:08:59,563][train.train_nn_models] Found a better model at epoch 170.
[ 2022-08-29 20:09:02,049][train.train_nn_models] [Training] Epoch=171, loss=1208.8754, nll=1208.8754, l2_reg=0.0000, acc=0.1884
[ 2022-08-29 20:09:02,051][train.train_nn_models] [Validation] Epoch=171, nll=1202.8601, acc=0.1928
[ 2022-08-29 20:09:02,053][train.train_nn_models] Found a better model at epoch 171.
[ 2022-08-29 20:09:04,423][train.train_nn_models] [Training] Epoch=172, loss=1208.6484, nll=1208.6484, l2_reg=0.0000, acc=0.1884
[ 2022-08-29 20:09:04,425][train.train_nn_models] [Validation] Epoch=172, nll=1202.6675, acc=0.1934
[ 2022-08-29 20:09:04,427][train.train_nn_models] Found a better model at epoch 172.
[ 2022-08-29 20:09:06,795][train.train_nn_models] [Training] Epoch=173, loss=1208.4164, nll=1208.4164, l2_reg=0.0000, acc=0.1884
[ 2022-08-29 20:09:06,797][train.train_nn_models] [Validation] Epoch=173, nll=1202.4700, acc=0.1933
[ 2022-08-29 20:09:06,799][train.train_nn_models] Found a better model at epoch 173.
[ 2022-08-29 20:09:09,101][train.train_nn_models] [Training] Epoch=174, loss=1208.1774, nll=1208.1774, l2_reg=0.0000, acc=0.1884
[ 2022-08-29 20:09:09,103][train.train_nn_models] [Validation] Epoch=174, nll=1202.2667, acc=0.1935
[ 2022-08-29 20:09:09,105][train.train_nn_models] Found a better model at epoch 174.
[ 2022-08-29 20:09:11,424][train.train_nn_models] [Training] Epoch=175, loss=1207.9314, nll=1207.9314, l2_reg=0.0000, acc=0.1884
[ 2022-08-29 20:09:11,427][train.train_nn_models] [Validation] Epoch=175, nll=1202.0574, acc=0.1933
[ 2022-08-29 20:09:11,429][train.train_nn_models] Found a better model at epoch 175.
[ 2022-08-29 20:09:13,833][train.train_nn_models] [Training] Epoch=176, loss=1207.6772, nll=1207.6772, l2_reg=0.0000, acc=0.1886
[ 2022-08-29 20:09:13,835][train.train_nn_models] [Validation] Epoch=176, nll=1201.8419, acc=0.1928
[ 2022-08-29 20:09:13,837][train.train_nn_models] Found a better model at epoch 176.
[ 2022-08-29 20:09:16,122][train.train_nn_models] [Training] Epoch=177, loss=1207.4160, nll=1207.4160, l2_reg=0.0000, acc=0.1884
[ 2022-08-29 20:09:16,124][train.train_nn_models] [Validation] Epoch=177, nll=1201.6215, acc=0.1932
[ 2022-08-29 20:09:16,126][train.train_nn_models] Found a better model at epoch 177.
[ 2022-08-29 20:09:18,517][train.train_nn_models] [Training] Epoch=178, loss=1207.1482, nll=1207.1482, l2_reg=0.0000, acc=0.1885
[ 2022-08-29 20:09:18,520][train.train_nn_models] [Validation] Epoch=178, nll=1201.3975, acc=0.1943
[ 2022-08-29 20:09:18,521][train.train_nn_models] Found a better model at epoch 178.
[ 2022-08-29 20:09:20,821][train.train_nn_models] [Training] Epoch=179, loss=1206.8761, nll=1206.8761, l2_reg=0.0000, acc=0.1888
[ 2022-08-29 20:09:20,823][train.train_nn_models] [Validation] Epoch=179, nll=1201.1726, acc=0.1937
[ 2022-08-29 20:09:20,826][train.train_nn_models] Found a better model at epoch 179.
[ 2022-08-29 20:09:23,322][train.train_nn_models] [Training] Epoch=180, loss=1206.6028, nll=1206.6028, l2_reg=0.0000, acc=0.1891
[ 2022-08-29 20:09:23,324][train.train_nn_models] [Validation] Epoch=180, nll=1200.9492, acc=0.1938
[ 2022-08-29 20:09:23,326][train.train_nn_models] Found a better model at epoch 180.
[ 2022-08-29 20:09:25,703][train.train_nn_models] [Training] Epoch=181, loss=1206.3308, nll=1206.3308, l2_reg=0.0000, acc=0.1895
[ 2022-08-29 20:09:25,705][train.train_nn_models] [Validation] Epoch=181, nll=1200.7313, acc=0.1938
[ 2022-08-29 20:09:25,706][train.train_nn_models] Found a better model at epoch 181.
[ 2022-08-29 20:09:28,029][train.train_nn_models] [Training] Epoch=182, loss=1206.0652, nll=1206.0652, l2_reg=0.0000, acc=0.1897
[ 2022-08-29 20:09:28,031][train.train_nn_models] [Validation] Epoch=182, nll=1200.5214, acc=0.1948
[ 2022-08-29 20:09:28,032][train.train_nn_models] Found a better model at epoch 182.
[ 2022-08-29 20:09:30,379][train.train_nn_models] [Training] Epoch=183, loss=1205.8096, nll=1205.8096, l2_reg=0.0000, acc=0.1899
[ 2022-08-29 20:09:30,381][train.train_nn_models] [Validation] Epoch=183, nll=1200.3221, acc=0.1948
[ 2022-08-29 20:09:30,383][train.train_nn_models] Found a better model at epoch 183.
[ 2022-08-29 20:09:32,737][train.train_nn_models] [Training] Epoch=184, loss=1205.5669, nll=1205.5669, l2_reg=0.0000, acc=0.1901
[ 2022-08-29 20:09:32,739][train.train_nn_models] [Validation] Epoch=184, nll=1200.1366, acc=0.1944
[ 2022-08-29 20:09:32,740][train.train_nn_models] Found a better model at epoch 184.
[ 2022-08-29 20:09:35,173][train.train_nn_models] [Training] Epoch=185, loss=1205.3400, nll=1205.3400, l2_reg=0.0000, acc=0.1902
[ 2022-08-29 20:09:35,175][train.train_nn_models] [Validation] Epoch=185, nll=1199.9661, acc=0.1943
[ 2022-08-29 20:09:35,176][train.train_nn_models] Found a better model at epoch 185.
[ 2022-08-29 20:09:37,610][train.train_nn_models] [Training] Epoch=186, loss=1205.1300, nll=1205.1300, l2_reg=0.0000, acc=0.1899
[ 2022-08-29 20:09:37,611][train.train_nn_models] [Validation] Epoch=186, nll=1199.8102, acc=0.1950
[ 2022-08-29 20:09:37,613][train.train_nn_models] Found a better model at epoch 186.
[ 2022-08-29 20:09:39,983][train.train_nn_models] [Training] Epoch=187, loss=1204.9373, nll=1204.9373, l2_reg=0.0000, acc=0.1903
[ 2022-08-29 20:09:39,985][train.train_nn_models] [Validation] Epoch=187, nll=1199.6685, acc=0.1938
[ 2022-08-29 20:09:39,987][train.train_nn_models] Found a better model at epoch 187.
[ 2022-08-29 20:09:42,350][train.train_nn_models] [Training] Epoch=188, loss=1204.7609, nll=1204.7609, l2_reg=0.0000, acc=0.1906
[ 2022-08-29 20:09:42,352][train.train_nn_models] [Validation] Epoch=188, nll=1199.5415, acc=0.1940
[ 2022-08-29 20:09:42,354][train.train_nn_models] Found a better model at epoch 188.
[ 2022-08-29 20:09:44,717][train.train_nn_models] [Training] Epoch=189, loss=1204.5995, nll=1204.5995, l2_reg=0.0000, acc=0.1909
[ 2022-08-29 20:09:44,718][train.train_nn_models] [Validation] Epoch=189, nll=1199.4264, acc=0.1948
[ 2022-08-29 20:09:44,720][train.train_nn_models] Found a better model at epoch 189.
[ 2022-08-29 20:09:47,108][train.train_nn_models] [Training] Epoch=190, loss=1204.4520, nll=1204.4520, l2_reg=0.0000, acc=0.1905
[ 2022-08-29 20:09:47,110][train.train_nn_models] [Validation] Epoch=190, nll=1199.3196, acc=0.1937
[ 2022-08-29 20:09:47,111][train.train_nn_models] Found a better model at epoch 190.
[ 2022-08-29 20:09:49,593][train.train_nn_models] [Training] Epoch=191, loss=1204.3167, nll=1204.3167, l2_reg=0.0000, acc=0.1910
[ 2022-08-29 20:09:49,595][train.train_nn_models] [Validation] Epoch=191, nll=1199.2211, acc=0.1926
[ 2022-08-29 20:09:49,597][train.train_nn_models] Found a better model at epoch 191.
[ 2022-08-29 20:09:52,134][train.train_nn_models] [Training] Epoch=192, loss=1204.1917, nll=1204.1917, l2_reg=0.0000, acc=0.1913
[ 2022-08-29 20:09:52,136][train.train_nn_models] [Validation] Epoch=192, nll=1199.1305, acc=0.1922
[ 2022-08-29 20:09:52,139][train.train_nn_models] Found a better model at epoch 192.
[ 2022-08-29 20:09:54,684][train.train_nn_models] [Training] Epoch=193, loss=1204.0756, nll=1204.0756, l2_reg=0.0000, acc=0.1915
[ 2022-08-29 20:09:54,686][train.train_nn_models] [Validation] Epoch=193, nll=1199.0466, acc=0.1924
[ 2022-08-29 20:09:54,688][train.train_nn_models] Found a better model at epoch 193.
[ 2022-08-29 20:09:57,226][train.train_nn_models] [Training] Epoch=194, loss=1203.9670, nll=1203.9670, l2_reg=0.0000, acc=0.1917
[ 2022-08-29 20:09:57,228][train.train_nn_models] [Validation] Epoch=194, nll=1198.9670, acc=0.1927
[ 2022-08-29 20:09:57,231][train.train_nn_models] Found a better model at epoch 194.
[ 2022-08-29 20:09:59,759][train.train_nn_models] [Training] Epoch=195, loss=1203.8647, nll=1203.8647, l2_reg=0.0000, acc=0.1919
[ 2022-08-29 20:09:59,761][train.train_nn_models] [Validation] Epoch=195, nll=1198.8914, acc=0.1930
[ 2022-08-29 20:09:59,763][train.train_nn_models] Found a better model at epoch 195.
[ 2022-08-29 20:10:02,310][train.train_nn_models] [Training] Epoch=196, loss=1203.7677, nll=1203.7677, l2_reg=0.0000, acc=0.1918
[ 2022-08-29 20:10:02,312][train.train_nn_models] [Validation] Epoch=196, nll=1198.8192, acc=0.1933
[ 2022-08-29 20:10:02,315][train.train_nn_models] Found a better model at epoch 196.
[ 2022-08-29 20:10:04,838][train.train_nn_models] [Training] Epoch=197, loss=1203.6759, nll=1203.6759, l2_reg=0.0000, acc=0.1919
[ 2022-08-29 20:10:04,840][train.train_nn_models] [Validation] Epoch=197, nll=1198.7494, acc=0.1939
[ 2022-08-29 20:10:04,842][train.train_nn_models] Found a better model at epoch 197.
[ 2022-08-29 20:10:07,338][train.train_nn_models] [Training] Epoch=198, loss=1203.5875, nll=1203.5875, l2_reg=0.0000, acc=0.1921
[ 2022-08-29 20:10:07,340][train.train_nn_models] [Validation] Epoch=198, nll=1198.6798, acc=0.1946
[ 2022-08-29 20:10:07,342][train.train_nn_models] Found a better model at epoch 198.
[ 2022-08-29 20:10:09,859][train.train_nn_models] [Training] Epoch=199, loss=1203.5028, nll=1203.5028, l2_reg=0.0000, acc=0.1920
[ 2022-08-29 20:10:09,861][train.train_nn_models] [Validation] Epoch=199, nll=1198.6130, acc=0.1948
[ 2022-08-29 20:10:09,863][train.train_nn_models] Found a better model at epoch 199.
[ 2022-08-29 20:10:12,352][train.train_nn_models] [Training] Epoch=200, loss=1203.4213, nll=1203.4213, l2_reg=0.0000, acc=0.1922
[ 2022-08-29 20:10:12,354][train.train_nn_models] [Validation] Epoch=200, nll=1198.5468, acc=0.1951
[ 2022-08-29 20:10:12,356][train.train_nn_models] Found a better model at epoch 200.
[ 2022-08-29 20:10:14,868][train.train_nn_models] [Training] Epoch=201, loss=1203.3420, nll=1203.3420, l2_reg=0.0000, acc=0.1922
[ 2022-08-29 20:10:14,870][train.train_nn_models] [Validation] Epoch=201, nll=1198.4821, acc=0.1948
[ 2022-08-29 20:10:14,873][train.train_nn_models] Found a better model at epoch 201.
[ 2022-08-29 20:10:17,391][train.train_nn_models] [Training] Epoch=202, loss=1203.2653, nll=1203.2653, l2_reg=0.0000, acc=0.1922
[ 2022-08-29 20:10:17,394][train.train_nn_models] [Validation] Epoch=202, nll=1198.4177, acc=0.1948
[ 2022-08-29 20:10:17,396][train.train_nn_models] Found a better model at epoch 202.
[ 2022-08-29 20:10:19,913][train.train_nn_models] [Training] Epoch=203, loss=1203.1893, nll=1203.1893, l2_reg=0.0000, acc=0.1922
[ 2022-08-29 20:10:19,916][train.train_nn_models] [Validation] Epoch=203, nll=1198.3533, acc=0.1942
[ 2022-08-29 20:10:19,918][train.train_nn_models] Found a better model at epoch 203.
[ 2022-08-29 20:10:22,405][train.train_nn_models] [Training] Epoch=204, loss=1203.1152, nll=1203.1152, l2_reg=0.0000, acc=0.1921
[ 2022-08-29 20:10:22,407][train.train_nn_models] [Validation] Epoch=204, nll=1198.2897, acc=0.1930
[ 2022-08-29 20:10:22,409][train.train_nn_models] Found a better model at epoch 204.
[ 2022-08-29 20:10:24,901][train.train_nn_models] [Training] Epoch=205, loss=1203.0417, nll=1203.0417, l2_reg=0.0000, acc=0.1923
[ 2022-08-29 20:10:24,903][train.train_nn_models] [Validation] Epoch=205, nll=1198.2251, acc=0.1917
[ 2022-08-29 20:10:24,905][train.train_nn_models] Found a better model at epoch 205.
[ 2022-08-29 20:10:27,439][train.train_nn_models] [Training] Epoch=206, loss=1202.9696, nll=1202.9696, l2_reg=0.0000, acc=0.1923
[ 2022-08-29 20:10:27,440][train.train_nn_models] [Validation] Epoch=206, nll=1198.1602, acc=0.1922
[ 2022-08-29 20:10:27,442][train.train_nn_models] Found a better model at epoch 206.
[ 2022-08-29 20:10:29,995][train.train_nn_models] [Training] Epoch=207, loss=1202.8978, nll=1202.8978, l2_reg=0.0000, acc=0.1924
[ 2022-08-29 20:10:29,997][train.train_nn_models] [Validation] Epoch=207, nll=1198.0952, acc=0.1927
[ 2022-08-29 20:10:29,999][train.train_nn_models] Found a better model at epoch 207.
[ 2022-08-29 20:10:32,480][train.train_nn_models] [Training] Epoch=208, loss=1202.8268, nll=1202.8268, l2_reg=0.0000, acc=0.1922
[ 2022-08-29 20:10:32,481][train.train_nn_models] [Validation] Epoch=208, nll=1198.0295, acc=0.1931
[ 2022-08-29 20:10:32,484][train.train_nn_models] Found a better model at epoch 208.
[ 2022-08-29 20:10:34,873][train.train_nn_models] [Training] Epoch=209, loss=1202.7556, nll=1202.7556, l2_reg=0.0000, acc=0.1921
[ 2022-08-29 20:10:34,876][train.train_nn_models] [Validation] Epoch=209, nll=1197.9640, acc=0.1933
[ 2022-08-29 20:10:34,878][train.train_nn_models] Found a better model at epoch 209.
[ 2022-08-29 20:10:37,280][train.train_nn_models] [Training] Epoch=210, loss=1202.6849, nll=1202.6849, l2_reg=0.0000, acc=0.1920
[ 2022-08-29 20:10:37,282][train.train_nn_models] [Validation] Epoch=210, nll=1197.8973, acc=0.1931
[ 2022-08-29 20:10:37,283][train.train_nn_models] Found a better model at epoch 210.
[ 2022-08-29 20:10:39,670][train.train_nn_models] [Training] Epoch=211, loss=1202.6147, nll=1202.6147, l2_reg=0.0000, acc=0.1921
[ 2022-08-29 20:10:39,672][train.train_nn_models] [Validation] Epoch=211, nll=1197.8307, acc=0.1926
[ 2022-08-29 20:10:39,674][train.train_nn_models] Found a better model at epoch 211.
[ 2022-08-29 20:10:42,010][train.train_nn_models] [Training] Epoch=212, loss=1202.5447, nll=1202.5447, l2_reg=0.0000, acc=0.1924
[ 2022-08-29 20:10:42,011][train.train_nn_models] [Validation] Epoch=212, nll=1197.7627, acc=0.1925
[ 2022-08-29 20:10:42,014][train.train_nn_models] Found a better model at epoch 212.
[ 2022-08-29 20:10:44,403][train.train_nn_models] [Training] Epoch=213, loss=1202.4750, nll=1202.4750, l2_reg=0.0000, acc=0.1925
[ 2022-08-29 20:10:44,405][train.train_nn_models] [Validation] Epoch=213, nll=1197.6956, acc=0.1924
[ 2022-08-29 20:10:44,407][train.train_nn_models] Found a better model at epoch 213.
[ 2022-08-29 20:10:46,714][train.train_nn_models] [Training] Epoch=214, loss=1202.4056, nll=1202.4056, l2_reg=0.0000, acc=0.1925
[ 2022-08-29 20:10:46,715][train.train_nn_models] [Validation] Epoch=214, nll=1197.6276, acc=0.1923
[ 2022-08-29 20:10:46,717][train.train_nn_models] Found a better model at epoch 214.
[ 2022-08-29 20:10:49,160][train.train_nn_models] [Training] Epoch=215, loss=1202.3373, nll=1202.3373, l2_reg=0.0000, acc=0.1926
[ 2022-08-29 20:10:49,161][train.train_nn_models] [Validation] Epoch=215, nll=1197.5613, acc=0.1929
[ 2022-08-29 20:10:49,163][train.train_nn_models] Found a better model at epoch 215.
[ 2022-08-29 20:10:51,496][train.train_nn_models] [Training] Epoch=216, loss=1202.2697, nll=1202.2697, l2_reg=0.0000, acc=0.1925
[ 2022-08-29 20:10:51,498][train.train_nn_models] [Validation] Epoch=216, nll=1197.4951, acc=0.1929
[ 2022-08-29 20:10:51,500][train.train_nn_models] Found a better model at epoch 216.
[ 2022-08-29 20:10:53,950][train.train_nn_models] [Training] Epoch=217, loss=1202.2029, nll=1202.2029, l2_reg=0.0000, acc=0.1923
[ 2022-08-29 20:10:53,951][train.train_nn_models] [Validation] Epoch=217, nll=1197.4302, acc=0.1928
[ 2022-08-29 20:10:53,952][train.train_nn_models] Found a better model at epoch 217.
[ 2022-08-29 20:10:56,339][train.train_nn_models] [Training] Epoch=218, loss=1202.1368, nll=1202.1368, l2_reg=0.0000, acc=0.1924
[ 2022-08-29 20:10:56,342][train.train_nn_models] [Validation] Epoch=218, nll=1197.3651, acc=0.1930
[ 2022-08-29 20:10:56,344][train.train_nn_models] Found a better model at epoch 218.
[ 2022-08-29 20:10:58,707][train.train_nn_models] [Training] Epoch=219, loss=1202.0717, nll=1202.0717, l2_reg=0.0000, acc=0.1923
[ 2022-08-29 20:10:58,709][train.train_nn_models] [Validation] Epoch=219, nll=1197.3014, acc=0.1931
[ 2022-08-29 20:10:58,711][train.train_nn_models] Found a better model at epoch 219.
[ 2022-08-29 20:11:01,148][train.train_nn_models] [Training] Epoch=220, loss=1202.0073, nll=1202.0073, l2_reg=0.0000, acc=0.1923
[ 2022-08-29 20:11:01,151][train.train_nn_models] [Validation] Epoch=220, nll=1197.2379, acc=0.1929
[ 2022-08-29 20:11:01,153][train.train_nn_models] Found a better model at epoch 220.
[ 2022-08-29 20:11:03,869][train.train_nn_models] [Training] Epoch=221, loss=1201.9435, nll=1201.9435, l2_reg=0.0000, acc=0.1922
[ 2022-08-29 20:11:03,871][train.train_nn_models] [Validation] Epoch=221, nll=1197.1769, acc=0.1937
[ 2022-08-29 20:11:03,873][train.train_nn_models] Found a better model at epoch 221.
[ 2022-08-29 20:11:06,752][train.train_nn_models] [Training] Epoch=222, loss=1201.8802, nll=1201.8802, l2_reg=0.0000, acc=0.1923
[ 2022-08-29 20:11:06,753][train.train_nn_models] [Validation] Epoch=222, nll=1197.1160, acc=0.1938
[ 2022-08-29 20:11:06,755][train.train_nn_models] Found a better model at epoch 222.
[ 2022-08-29 20:11:09,162][train.train_nn_models] [Training] Epoch=223, loss=1201.8173, nll=1201.8173, l2_reg=0.0000, acc=0.1923
[ 2022-08-29 20:11:09,165][train.train_nn_models] [Validation] Epoch=223, nll=1197.0557, acc=0.1938
[ 2022-08-29 20:11:09,166][train.train_nn_models] Found a better model at epoch 223.
[ 2022-08-29 20:11:11,518][train.train_nn_models] [Training] Epoch=224, loss=1201.7545, nll=1201.7545, l2_reg=0.0000, acc=0.1923
[ 2022-08-29 20:11:11,520][train.train_nn_models] [Validation] Epoch=224, nll=1196.9960, acc=0.1946
[ 2022-08-29 20:11:11,522][train.train_nn_models] Found a better model at epoch 224.
[ 2022-08-29 20:11:13,943][train.train_nn_models] [Training] Epoch=225, loss=1201.6926, nll=1201.6926, l2_reg=0.0000, acc=0.1923
[ 2022-08-29 20:11:13,945][train.train_nn_models] [Validation] Epoch=225, nll=1196.9371, acc=0.1948
[ 2022-08-29 20:11:13,948][train.train_nn_models] Found a better model at epoch 225.
[ 2022-08-29 20:11:16,232][train.train_nn_models] [Training] Epoch=226, loss=1201.6309, nll=1201.6309, l2_reg=0.0000, acc=0.1922
[ 2022-08-29 20:11:16,234][train.train_nn_models] [Validation] Epoch=226, nll=1196.8785, acc=0.1939
[ 2022-08-29 20:11:16,236][train.train_nn_models] Found a better model at epoch 226.
[ 2022-08-29 20:11:18,671][train.train_nn_models] [Training] Epoch=227, loss=1201.5698, nll=1201.5698, l2_reg=0.0000, acc=0.1919
[ 2022-08-29 20:11:18,673][train.train_nn_models] [Validation] Epoch=227, nll=1196.8207, acc=0.1941
[ 2022-08-29 20:11:18,675][train.train_nn_models] Found a better model at epoch 227.
[ 2022-08-29 20:11:20,952][train.train_nn_models] [Training] Epoch=228, loss=1201.5092, nll=1201.5092, l2_reg=0.0000, acc=0.1921
[ 2022-08-29 20:11:20,953][train.train_nn_models] [Validation] Epoch=228, nll=1196.7633, acc=0.1939
[ 2022-08-29 20:11:20,956][train.train_nn_models] Found a better model at epoch 228.
[ 2022-08-29 20:11:23,391][train.train_nn_models] [Training] Epoch=229, loss=1201.4493, nll=1201.4493, l2_reg=0.0000, acc=0.1922
[ 2022-08-29 20:11:23,393][train.train_nn_models] [Validation] Epoch=229, nll=1196.7069, acc=0.1938
[ 2022-08-29 20:11:23,395][train.train_nn_models] Found a better model at epoch 229.
[ 2022-08-29 20:11:25,760][train.train_nn_models] [Training] Epoch=230, loss=1201.3905, nll=1201.3905, l2_reg=0.0000, acc=0.1924
[ 2022-08-29 20:11:25,763][train.train_nn_models] [Validation] Epoch=230, nll=1196.6508, acc=0.1945
[ 2022-08-29 20:11:25,765][train.train_nn_models] Found a better model at epoch 230.
[ 2022-08-29 20:11:28,144][train.train_nn_models] [Training] Epoch=231, loss=1201.3323, nll=1201.3323, l2_reg=0.0000, acc=0.1924
[ 2022-08-29 20:11:28,146][train.train_nn_models] [Validation] Epoch=231, nll=1196.5945, acc=0.1943
[ 2022-08-29 20:11:28,148][train.train_nn_models] Found a better model at epoch 231.
[ 2022-08-29 20:11:30,966][train.train_nn_models] [Training] Epoch=232, loss=1201.2753, nll=1201.2753, l2_reg=0.0000, acc=0.1924
[ 2022-08-29 20:11:30,968][train.train_nn_models] [Validation] Epoch=232, nll=1196.5411, acc=0.1944
[ 2022-08-29 20:11:30,970][train.train_nn_models] Found a better model at epoch 232.
[ 2022-08-29 20:11:33,764][train.train_nn_models] [Training] Epoch=233, loss=1201.2191, nll=1201.2191, l2_reg=0.0000, acc=0.1924
[ 2022-08-29 20:11:33,766][train.train_nn_models] [Validation] Epoch=233, nll=1196.4874, acc=0.1944
[ 2022-08-29 20:11:33,768][train.train_nn_models] Found a better model at epoch 233.
[ 2022-08-29 20:11:36,622][train.train_nn_models] [Training] Epoch=234, loss=1201.1639, nll=1201.1639, l2_reg=0.0000, acc=0.1925
[ 2022-08-29 20:11:36,625][train.train_nn_models] [Validation] Epoch=234, nll=1196.4363, acc=0.1944
[ 2022-08-29 20:11:36,627][train.train_nn_models] Found a better model at epoch 234.
[ 2022-08-29 20:11:39,513][train.train_nn_models] [Training] Epoch=235, loss=1201.1112, nll=1201.1112, l2_reg=0.0000, acc=0.1925
[ 2022-08-29 20:11:39,516][train.train_nn_models] [Validation] Epoch=235, nll=1196.3878, acc=0.1945
[ 2022-08-29 20:11:39,518][train.train_nn_models] Found a better model at epoch 235.
[ 2022-08-29 20:11:42,320][train.train_nn_models] [Training] Epoch=236, loss=1201.0607, nll=1201.0607, l2_reg=0.0000, acc=0.1924
[ 2022-08-29 20:11:42,323][train.train_nn_models] [Validation] Epoch=236, nll=1196.3406, acc=0.1952
[ 2022-08-29 20:11:42,325][train.train_nn_models] Found a better model at epoch 236.
[ 2022-08-29 20:11:45,286][train.train_nn_models] [Training] Epoch=237, loss=1201.0112, nll=1201.0112, l2_reg=0.0000, acc=0.1923
[ 2022-08-29 20:11:45,288][train.train_nn_models] [Validation] Epoch=237, nll=1196.2944, acc=0.1954
[ 2022-08-29 20:11:45,289][train.train_nn_models] Found a better model at epoch 237.
[ 2022-08-29 20:11:48,204][train.train_nn_models] [Training] Epoch=238, loss=1200.9636, nll=1200.9636, l2_reg=0.0000, acc=0.1925
[ 2022-08-29 20:11:48,207][train.train_nn_models] [Validation] Epoch=238, nll=1196.2500, acc=0.1959
[ 2022-08-29 20:11:48,209][train.train_nn_models] Found a better model at epoch 238.
[ 2022-08-29 20:11:50,666][train.train_nn_models] [Training] Epoch=239, loss=1200.9174, nll=1200.9174, l2_reg=0.0000, acc=0.1925
[ 2022-08-29 20:11:50,668][train.train_nn_models] [Validation] Epoch=239, nll=1196.2080, acc=0.1957
[ 2022-08-29 20:11:50,671][train.train_nn_models] Found a better model at epoch 239.
[ 2022-08-29 20:11:53,174][train.train_nn_models] [Training] Epoch=240, loss=1200.8728, nll=1200.8728, l2_reg=0.0000, acc=0.1926
[ 2022-08-29 20:11:53,176][train.train_nn_models] [Validation] Epoch=240, nll=1196.1674, acc=0.1960
[ 2022-08-29 20:11:53,178][train.train_nn_models] Found a better model at epoch 240.
[ 2022-08-29 20:11:55,571][train.train_nn_models] [Training] Epoch=241, loss=1200.8297, nll=1200.8297, l2_reg=0.0000, acc=0.1928
[ 2022-08-29 20:11:55,574][train.train_nn_models] [Validation] Epoch=241, nll=1196.1273, acc=0.1955
[ 2022-08-29 20:11:55,576][train.train_nn_models] Found a better model at epoch 241.
[ 2022-08-29 20:11:58,087][train.train_nn_models] [Training] Epoch=242, loss=1200.7876, nll=1200.7876, l2_reg=0.0000, acc=0.1929
[ 2022-08-29 20:11:58,089][train.train_nn_models] [Validation] Epoch=242, nll=1196.0894, acc=0.1954
[ 2022-08-29 20:11:58,091][train.train_nn_models] Found a better model at epoch 242.
[ 2022-08-29 20:12:01,083][train.train_nn_models] [Training] Epoch=243, loss=1200.7467, nll=1200.7467, l2_reg=0.0000, acc=0.1930
[ 2022-08-29 20:12:01,086][train.train_nn_models] [Validation] Epoch=243, nll=1196.0520, acc=0.1949
[ 2022-08-29 20:12:01,087][train.train_nn_models] Found a better model at epoch 243.
[ 2022-08-29 20:12:03,961][train.train_nn_models] [Training] Epoch=244, loss=1200.7065, nll=1200.7065, l2_reg=0.0000, acc=0.1930
[ 2022-08-29 20:12:03,963][train.train_nn_models] [Validation] Epoch=244, nll=1196.0160, acc=0.1945
[ 2022-08-29 20:12:03,965][train.train_nn_models] Found a better model at epoch 244.
[ 2022-08-29 20:12:06,928][train.train_nn_models] [Training] Epoch=245, loss=1200.6676, nll=1200.6676, l2_reg=0.0000, acc=0.1929
[ 2022-08-29 20:12:06,930][train.train_nn_models] [Validation] Epoch=245, nll=1195.9817, acc=0.1948
[ 2022-08-29 20:12:06,932][train.train_nn_models] Found a better model at epoch 245.
[ 2022-08-29 20:12:09,835][train.train_nn_models] [Training] Epoch=246, loss=1200.6295, nll=1200.6295, l2_reg=0.0000, acc=0.1928
[ 2022-08-29 20:12:09,837][train.train_nn_models] [Validation] Epoch=246, nll=1195.9482, acc=0.1948
[ 2022-08-29 20:12:09,839][train.train_nn_models] Found a better model at epoch 246.
[ 2022-08-29 20:12:12,323][train.train_nn_models] [Training] Epoch=247, loss=1200.5922, nll=1200.5922, l2_reg=0.0000, acc=0.1929
[ 2022-08-29 20:12:12,325][train.train_nn_models] [Validation] Epoch=247, nll=1195.9148, acc=0.1954
[ 2022-08-29 20:12:12,328][train.train_nn_models] Found a better model at epoch 247.
[ 2022-08-29 20:12:15,287][train.train_nn_models] [Training] Epoch=248, loss=1200.5552, nll=1200.5552, l2_reg=0.0000, acc=0.1928
[ 2022-08-29 20:12:15,289][train.train_nn_models] [Validation] Epoch=248, nll=1195.8829, acc=0.1953
[ 2022-08-29 20:12:15,291][train.train_nn_models] Found a better model at epoch 248.
[ 2022-08-29 20:12:18,271][train.train_nn_models] [Training] Epoch=249, loss=1200.5184, nll=1200.5184, l2_reg=0.0000, acc=0.1927
[ 2022-08-29 20:12:18,274][train.train_nn_models] [Validation] Epoch=249, nll=1195.8527, acc=0.1949
[ 2022-08-29 20:12:18,276][train.train_nn_models] Found a better model at epoch 249.
[ 2022-08-29 20:12:18,571][train.eval_nll] [Test]nll=1196.3004, acc=0.1923
[ 2022-08-29 20:21:12,303][train.<module>]                    timestamp  ...                                             config
0 2022-08-29 20:21:12.273552  ...  {'model': 'ERPP', 'dataset': 'pgem-1K-15', 'in...
1 2022-08-29 20:21:12.273552  ...  {'model': 'ERPP', 'dataset': 'pgem-1K-15', 'in...
2 2022-08-29 20:21:12.273552  ...  {'model': 'ERPP', 'dataset': 'pgem-1K-15', 'in...
3 2022-08-29 20:21:12.273552  ...  {'model': 'ERPP', 'dataset': 'pgem-1K-15', 'in...
4 2022-08-29 20:21:12.273552  ...  {'model': 'ERPP', 'dataset': 'pgem-1K-15', 'in...
5 2022-08-29 20:21:12.273552  ...  {'model': 'ERPP', 'dataset': 'pgem-1K-15', 'in...

[6 rows x 7 columns]
