[ 2022-08-25 13:46:10,739][train.<module>] Namespace(attr_batch_size=0, basis_type='dyadic', batch_size=64, bucket_seqs=False, cuda=True, dataset='pgem-1K-15', dropout=0.0, embedding_dim=64, epochs=200, hidden_size=64, input_dir='data/input', l2_reg=0, lr=0.001, max_mean=20.0, model='Tran', n_bases=7, num_workers=0, occurred_type_only=False, optimizer='Adam', output_dir='data/output', rand_seed=0, skip_eval_infectivity=False, skip_pred_next_event=False, split_id=0, steps=50, tune_metric='nll', verbose=False)
[ 2022-08-25 13:46:11,376][train.train_nn_models] [Training] Epoch=0, loss=19515.1211, nll=19515.1211, l2_reg=0.0000, acc=0.0944
[ 2022-08-25 13:46:11,376][train.train_nn_models] [Validation] Epoch=0, nll=16728.1074, acc=0.0831
[ 2022-08-25 13:46:11,709][train.train_nn_models] [Training] Epoch=1, loss=15725.4648, nll=15725.4648, l2_reg=0.0000, acc=0.0695
[ 2022-08-25 13:46:11,709][train.train_nn_models] [Validation] Epoch=1, nll=13303.0752, acc=0.0600
[ 2022-08-25 13:46:12,005][train.train_nn_models] [Training] Epoch=2, loss=12247.0752, nll=12247.0752, l2_reg=0.0000, acc=0.0554
[ 2022-08-25 13:46:12,005][train.train_nn_models] [Validation] Epoch=2, nll=9708.2568, acc=0.0535
[ 2022-08-25 13:46:12,306][train.train_nn_models] [Training] Epoch=3, loss=8676.7637, nll=8676.7637, l2_reg=0.0000, acc=0.0512
[ 2022-08-25 13:46:12,306][train.train_nn_models] [Validation] Epoch=3, nll=6456.5845, acc=0.0589
[ 2022-08-25 13:46:12,630][train.train_nn_models] [Training] Epoch=4, loss=5614.4995, nll=5614.4995, l2_reg=0.0000, acc=0.0585
[ 2022-08-25 13:46:12,631][train.train_nn_models] [Validation] Epoch=4, nll=4035.8799, acc=0.0663
[ 2022-08-25 13:46:12,938][train.train_nn_models] [Training] Epoch=5, loss=3443.6514, nll=3443.6514, l2_reg=0.0000, acc=0.0698
[ 2022-08-25 13:46:12,938][train.train_nn_models] [Validation] Epoch=5, nll=2477.5557, acc=0.0776
[ 2022-08-25 13:46:13,292][train.train_nn_models] [Training] Epoch=6, loss=2132.0962, nll=2132.0962, l2_reg=0.0000, acc=0.0820
[ 2022-08-25 13:46:13,293][train.train_nn_models] [Validation] Epoch=6, nll=1642.0388, acc=0.0846
[ 2022-08-25 13:46:13,627][train.train_nn_models] [Training] Epoch=7, loss=1482.2615, nll=1482.2615, l2_reg=0.0000, acc=0.0866
[ 2022-08-25 13:46:13,627][train.train_nn_models] [Validation] Epoch=7, nll=1320.0851, acc=0.0892
[ 2022-08-25 13:46:13,947][train.train_nn_models] [Training] Epoch=8, loss=1256.6412, nll=1256.6412, l2_reg=0.0000, acc=0.0935
[ 2022-08-25 13:46:13,947][train.train_nn_models] [Validation] Epoch=8, nll=1254.3784, acc=0.1317
[ 2022-08-25 13:46:14,233][train.train_nn_models] [Training] Epoch=9, loss=1222.7487, nll=1222.7487, l2_reg=0.0000, acc=0.1407
[ 2022-08-25 13:46:14,233][train.train_nn_models] [Validation] Epoch=9, nll=1262.2183, acc=0.1472
[ 2022-08-25 13:46:14,528][train.train_nn_models] [Training] Epoch=10, loss=1232.5909, nll=1232.5909, l2_reg=0.0000, acc=0.1531
[ 2022-08-25 13:46:14,529][train.train_nn_models] [Validation] Epoch=10, nll=1262.3928, acc=0.1533
[ 2022-08-25 13:46:14,929][train.train_nn_models] [Training] Epoch=11, loss=1225.9452, nll=1225.9452, l2_reg=0.0000, acc=0.1620
[ 2022-08-25 13:46:14,929][train.train_nn_models] [Validation] Epoch=11, nll=1236.4624, acc=0.1699
[ 2022-08-25 13:46:15,275][train.train_nn_models] [Training] Epoch=12, loss=1194.9379, nll=1194.9379, l2_reg=0.0000, acc=0.1757
[ 2022-08-25 13:46:15,275][train.train_nn_models] [Validation] Epoch=12, nll=1195.0155, acc=0.1738
[ 2022-08-25 13:46:15,613][train.train_nn_models] [Training] Epoch=13, loss=1154.1406, nll=1154.1406, l2_reg=0.0000, acc=0.1783
[ 2022-08-25 13:46:15,613][train.train_nn_models] [Validation] Epoch=13, nll=1163.2648, acc=0.1776
[ 2022-08-25 13:46:15,910][train.train_nn_models] [Training] Epoch=14, loss=1129.0798, nll=1129.0798, l2_reg=0.0000, acc=0.1817
[ 2022-08-25 13:46:15,910][train.train_nn_models] [Validation] Epoch=14, nll=1149.4629, acc=0.1825
[ 2022-08-25 13:46:16,284][train.train_nn_models] [Training] Epoch=15, loss=1117.3409, nll=1117.3409, l2_reg=0.0000, acc=0.1829
[ 2022-08-25 13:46:16,285][train.train_nn_models] [Validation] Epoch=15, nll=1127.6425, acc=0.1803
[ 2022-08-25 13:46:16,598][train.train_nn_models] [Training] Epoch=16, loss=1094.1581, nll=1094.1581, l2_reg=0.0000, acc=0.1844
[ 2022-08-25 13:46:16,598][train.train_nn_models] [Validation] Epoch=16, nll=1102.0377, acc=0.1829
[ 2022-08-25 13:46:16,921][train.train_nn_models] [Training] Epoch=17, loss=1070.6482, nll=1070.6482, l2_reg=0.0000, acc=0.1847
[ 2022-08-25 13:46:16,921][train.train_nn_models] [Validation] Epoch=17, nll=1087.0562, acc=0.1809
[ 2022-08-25 13:46:17,238][train.train_nn_models] [Training] Epoch=18, loss=1058.3037, nll=1058.3037, l2_reg=0.0000, acc=0.1846
[ 2022-08-25 13:46:17,238][train.train_nn_models] [Validation] Epoch=18, nll=1081.0652, acc=0.1770
[ 2022-08-25 13:46:17,526][train.train_nn_models] [Training] Epoch=19, loss=1053.9897, nll=1053.9897, l2_reg=0.0000, acc=0.1859
[ 2022-08-25 13:46:17,526][train.train_nn_models] [Validation] Epoch=19, nll=1078.8962, acc=0.1795
[ 2022-08-25 13:46:17,815][train.train_nn_models] [Training] Epoch=20, loss=1052.6177, nll=1052.6177, l2_reg=0.0000, acc=0.1868
[ 2022-08-25 13:46:17,815][train.train_nn_models] [Validation] Epoch=20, nll=1077.2341, acc=0.1787
[ 2022-08-25 13:46:18,135][train.train_nn_models] [Training] Epoch=21, loss=1051.2185, nll=1051.2185, l2_reg=0.0000, acc=0.1899
[ 2022-08-25 13:46:18,135][train.train_nn_models] [Validation] Epoch=21, nll=1074.7921, acc=0.1833
[ 2022-08-25 13:46:18,439][train.train_nn_models] [Training] Epoch=22, loss=1048.8313, nll=1048.8313, l2_reg=0.0000, acc=0.1893
[ 2022-08-25 13:46:18,439][train.train_nn_models] [Validation] Epoch=22, nll=1071.7762, acc=0.1860
[ 2022-08-25 13:46:18,756][train.train_nn_models] [Training] Epoch=23, loss=1045.8878, nll=1045.8878, l2_reg=0.0000, acc=0.1884
[ 2022-08-25 13:46:18,756][train.train_nn_models] [Validation] Epoch=23, nll=1068.9906, acc=0.1870
[ 2022-08-25 13:46:19,058][train.train_nn_models] [Training] Epoch=24, loss=1043.2375, nll=1043.2375, l2_reg=0.0000, acc=0.1883
[ 2022-08-25 13:46:19,059][train.train_nn_models] [Validation] Epoch=24, nll=1066.9849, acc=0.1864
[ 2022-08-25 13:46:19,374][train.train_nn_models] [Training] Epoch=25, loss=1041.3757, nll=1041.3757, l2_reg=0.0000, acc=0.1888
[ 2022-08-25 13:46:19,374][train.train_nn_models] [Validation] Epoch=25, nll=1065.7863, acc=0.1862
[ 2022-08-25 13:46:19,682][train.train_nn_models] [Training] Epoch=26, loss=1040.2808, nll=1040.2808, l2_reg=0.0000, acc=0.1896
[ 2022-08-25 13:46:19,682][train.train_nn_models] [Validation] Epoch=26, nll=1065.1163, acc=0.1872
[ 2022-08-25 13:46:19,972][train.train_nn_models] [Training] Epoch=27, loss=1039.6702, nll=1039.6702, l2_reg=0.0000, acc=0.1894
[ 2022-08-25 13:46:19,972][train.train_nn_models] [Validation] Epoch=27, nll=1064.6821, acc=0.1870
[ 2022-08-25 13:46:20,293][train.train_nn_models] [Training] Epoch=28, loss=1039.2585, nll=1039.2585, l2_reg=0.0000, acc=0.1877
[ 2022-08-25 13:46:20,293][train.train_nn_models] [Validation] Epoch=28, nll=1064.2903, acc=0.1860
[ 2022-08-25 13:46:20,632][train.train_nn_models] [Training] Epoch=29, loss=1038.8577, nll=1038.8577, l2_reg=0.0000, acc=0.1876
[ 2022-08-25 13:46:20,633][train.train_nn_models] [Validation] Epoch=29, nll=1063.8624, acc=0.1841
[ 2022-08-25 13:46:20,985][train.train_nn_models] [Training] Epoch=30, loss=1038.4050, nll=1038.4050, l2_reg=0.0000, acc=0.1874
[ 2022-08-25 13:46:20,985][train.train_nn_models] [Validation] Epoch=30, nll=1063.4189, acc=0.1854
[ 2022-08-25 13:46:21,298][train.train_nn_models] [Training] Epoch=31, loss=1037.9438, nll=1037.9438, l2_reg=0.0000, acc=0.1874
[ 2022-08-25 13:46:21,298][train.train_nn_models] [Validation] Epoch=31, nll=1063.0112, acc=0.1874
[ 2022-08-25 13:46:21,593][train.train_nn_models] [Training] Epoch=32, loss=1037.5389, nll=1037.5389, l2_reg=0.0000, acc=0.1879
[ 2022-08-25 13:46:21,593][train.train_nn_models] [Validation] Epoch=32, nll=1062.6675, acc=0.1852
[ 2022-08-25 13:46:21,923][train.train_nn_models] [Training] Epoch=33, loss=1037.2216, nll=1037.2216, l2_reg=0.0000, acc=0.1879
[ 2022-08-25 13:46:21,924][train.train_nn_models] [Validation] Epoch=33, nll=1062.3848, acc=0.1846
[ 2022-08-25 13:46:22,218][train.train_nn_models] [Training] Epoch=34, loss=1036.9869, nll=1036.9869, l2_reg=0.0000, acc=0.1887
[ 2022-08-25 13:46:22,218][train.train_nn_models] [Validation] Epoch=34, nll=1062.1466, acc=0.1850
[ 2022-08-25 13:46:22,524][train.train_nn_models] [Training] Epoch=35, loss=1036.8119, nll=1036.8119, l2_reg=0.0000, acc=0.1876
[ 2022-08-25 13:46:22,525][train.train_nn_models] [Validation] Epoch=35, nll=1061.9363, acc=0.1868
[ 2022-08-25 13:46:22,828][train.train_nn_models] [Training] Epoch=36, loss=1036.6714, nll=1036.6714, l2_reg=0.0000, acc=0.1887
[ 2022-08-25 13:46:22,828][train.train_nn_models] [Validation] Epoch=36, nll=1061.7466, acc=0.1843
[ 2022-08-25 13:46:23,132][train.train_nn_models] [Training] Epoch=37, loss=1036.5477, nll=1036.5477, l2_reg=0.0000, acc=0.1886
[ 2022-08-25 13:46:23,133][train.train_nn_models] [Validation] Epoch=37, nll=1061.5792, acc=0.1854
[ 2022-08-25 13:46:23,472][train.train_nn_models] [Training] Epoch=38, loss=1036.4332, nll=1036.4332, l2_reg=0.0000, acc=0.1880
[ 2022-08-25 13:46:23,473][train.train_nn_models] [Validation] Epoch=38, nll=1061.4370, acc=0.1854
[ 2022-08-25 13:46:23,805][train.train_nn_models] [Training] Epoch=39, loss=1036.3226, nll=1036.3226, l2_reg=0.0000, acc=0.1868
[ 2022-08-25 13:46:23,806][train.train_nn_models] [Validation] Epoch=39, nll=1061.3188, acc=0.1866
[ 2022-08-25 13:46:24,118][train.train_nn_models] [Training] Epoch=40, loss=1036.2141, nll=1036.2141, l2_reg=0.0000, acc=0.1875
[ 2022-08-25 13:46:24,118][train.train_nn_models] [Validation] Epoch=40, nll=1061.2196, acc=0.1862
[ 2022-08-25 13:46:24,411][train.train_nn_models] [Training] Epoch=41, loss=1036.1063, nll=1036.1063, l2_reg=0.0000, acc=0.1874
[ 2022-08-25 13:46:24,411][train.train_nn_models] [Validation] Epoch=41, nll=1061.1313, acc=0.1856
[ 2022-08-25 13:46:24,732][train.train_nn_models] [Training] Epoch=42, loss=1036.0005, nll=1036.0005, l2_reg=0.0000, acc=0.1870
[ 2022-08-25 13:46:24,732][train.train_nn_models] [Validation] Epoch=42, nll=1061.0474, acc=0.1864
[ 2022-08-25 13:46:25,111][train.train_nn_models] [Training] Epoch=43, loss=1035.8995, nll=1035.8995, l2_reg=0.0000, acc=0.1870
[ 2022-08-25 13:46:25,111][train.train_nn_models] [Validation] Epoch=43, nll=1060.9622, acc=0.1864
[ 2022-08-25 13:46:25,422][train.train_nn_models] [Training] Epoch=44, loss=1035.8052, nll=1035.8052, l2_reg=0.0000, acc=0.1871
[ 2022-08-25 13:46:25,423][train.train_nn_models] [Validation] Epoch=44, nll=1060.8746, acc=0.1854
[ 2022-08-25 13:46:25,751][train.train_nn_models] [Training] Epoch=45, loss=1035.7183, nll=1035.7183, l2_reg=0.0000, acc=0.1870
[ 2022-08-25 13:46:25,751][train.train_nn_models] [Validation] Epoch=45, nll=1060.7852, acc=0.1854
[ 2022-08-25 13:46:26,049][train.train_nn_models] [Training] Epoch=46, loss=1035.6407, nll=1035.6407, l2_reg=0.0000, acc=0.1885
[ 2022-08-25 13:46:26,049][train.train_nn_models] [Validation] Epoch=46, nll=1060.6976, acc=0.1837
[ 2022-08-25 13:46:26,350][train.train_nn_models] [Training] Epoch=47, loss=1035.5720, nll=1035.5720, l2_reg=0.0000, acc=0.1894
[ 2022-08-25 13:46:26,350][train.train_nn_models] [Validation] Epoch=47, nll=1060.6154, acc=0.1866
[ 2022-08-25 13:46:26,668][train.train_nn_models] [Training] Epoch=48, loss=1035.5117, nll=1035.5117, l2_reg=0.0000, acc=0.1896
[ 2022-08-25 13:46:26,669][train.train_nn_models] [Validation] Epoch=48, nll=1060.5406, acc=0.1872
[ 2022-08-25 13:46:26,969][train.train_nn_models] [Training] Epoch=49, loss=1035.4584, nll=1035.4584, l2_reg=0.0000, acc=0.1898
[ 2022-08-25 13:46:26,969][train.train_nn_models] [Validation] Epoch=49, nll=1060.4752, acc=0.1864
[ 2022-08-25 13:46:27,281][train.train_nn_models] [Training] Epoch=50, loss=1035.4104, nll=1035.4104, l2_reg=0.0000, acc=0.1894
[ 2022-08-25 13:46:27,282][train.train_nn_models] [Validation] Epoch=50, nll=1060.4181, acc=0.1872
[ 2022-08-25 13:46:27,577][train.train_nn_models] [Training] Epoch=51, loss=1035.3662, nll=1035.3662, l2_reg=0.0000, acc=0.1895
[ 2022-08-25 13:46:27,577][train.train_nn_models] [Validation] Epoch=51, nll=1060.3669, acc=0.1858
[ 2022-08-25 13:46:27,894][train.train_nn_models] [Training] Epoch=52, loss=1035.3240, nll=1035.3240, l2_reg=0.0000, acc=0.1895
[ 2022-08-25 13:46:27,894][train.train_nn_models] [Validation] Epoch=52, nll=1060.3192, acc=0.1858
[ 2022-08-25 13:46:28,202][train.train_nn_models] [Training] Epoch=53, loss=1035.2830, nll=1035.2830, l2_reg=0.0000, acc=0.1895
[ 2022-08-25 13:46:28,203][train.train_nn_models] [Validation] Epoch=53, nll=1060.2729, acc=0.1860
[ 2022-08-25 13:46:28,489][train.train_nn_models] [Training] Epoch=54, loss=1035.2428, nll=1035.2428, l2_reg=0.0000, acc=0.1895
[ 2022-08-25 13:46:28,489][train.train_nn_models] [Validation] Epoch=54, nll=1060.2275, acc=0.1841
[ 2022-08-25 13:46:28,792][train.train_nn_models] [Training] Epoch=55, loss=1035.2032, nll=1035.2032, l2_reg=0.0000, acc=0.1895
[ 2022-08-25 13:46:28,793][train.train_nn_models] [Validation] Epoch=55, nll=1060.1826, acc=0.1856
[ 2022-08-25 13:46:29,184][train.train_nn_models] [Training] Epoch=56, loss=1035.1652, nll=1035.1652, l2_reg=0.0000, acc=0.1889
[ 2022-08-25 13:46:29,184][train.train_nn_models] [Validation] Epoch=56, nll=1060.1387, acc=0.1864
[ 2022-08-25 13:46:29,589][train.train_nn_models] [Training] Epoch=57, loss=1035.1285, nll=1035.1285, l2_reg=0.0000, acc=0.1890
[ 2022-08-25 13:46:29,589][train.train_nn_models] [Validation] Epoch=57, nll=1060.0968, acc=0.1868
[ 2022-08-25 13:46:30,028][train.train_nn_models] [Training] Epoch=58, loss=1035.0940, nll=1035.0940, l2_reg=0.0000, acc=0.1888
[ 2022-08-25 13:46:30,028][train.train_nn_models] [Validation] Epoch=58, nll=1060.0566, acc=0.1874
[ 2022-08-25 13:46:30,339][train.train_nn_models] [Training] Epoch=59, loss=1035.0612, nll=1035.0612, l2_reg=0.0000, acc=0.1890
[ 2022-08-25 13:46:30,340][train.train_nn_models] [Validation] Epoch=59, nll=1060.0192, acc=0.1878
[ 2022-08-25 13:46:30,657][train.train_nn_models] [Training] Epoch=60, loss=1035.0305, nll=1035.0305, l2_reg=0.0000, acc=0.1890
[ 2022-08-25 13:46:30,657][train.train_nn_models] [Validation] Epoch=60, nll=1059.9833, acc=0.1876
[ 2022-08-25 13:46:30,942][train.train_nn_models] [Training] Epoch=61, loss=1035.0017, nll=1035.0017, l2_reg=0.0000, acc=0.1892
[ 2022-08-25 13:46:30,942][train.train_nn_models] [Validation] Epoch=61, nll=1059.9496, acc=0.1878
[ 2022-08-25 13:46:31,309][train.train_nn_models] [Training] Epoch=62, loss=1034.9741, nll=1034.9741, l2_reg=0.0000, acc=0.1890
[ 2022-08-25 13:46:31,310][train.train_nn_models] [Validation] Epoch=62, nll=1059.9175, acc=0.1882
[ 2022-08-25 13:46:31,707][train.train_nn_models] [Training] Epoch=63, loss=1034.9481, nll=1034.9481, l2_reg=0.0000, acc=0.1894
[ 2022-08-25 13:46:31,707][train.train_nn_models] [Validation] Epoch=63, nll=1059.8873, acc=0.1886
[ 2022-08-25 13:46:32,112][train.train_nn_models] [Training] Epoch=64, loss=1034.9232, nll=1034.9232, l2_reg=0.0000, acc=0.1899
[ 2022-08-25 13:46:32,113][train.train_nn_models] [Validation] Epoch=64, nll=1059.8590, acc=0.1892
[ 2022-08-25 13:46:32,428][train.train_nn_models] [Training] Epoch=65, loss=1034.8992, nll=1034.8992, l2_reg=0.0000, acc=0.1902
[ 2022-08-25 13:46:32,428][train.train_nn_models] [Validation] Epoch=65, nll=1059.8333, acc=0.1898
[ 2022-08-25 13:46:32,729][train.train_nn_models] [Training] Epoch=66, loss=1034.8761, nll=1034.8761, l2_reg=0.0000, acc=0.1905
[ 2022-08-25 13:46:32,729][train.train_nn_models] [Validation] Epoch=66, nll=1059.8087, acc=0.1890
[ 2022-08-25 13:46:33,034][train.train_nn_models] [Training] Epoch=67, loss=1034.8536, nll=1034.8536, l2_reg=0.0000, acc=0.1907
[ 2022-08-25 13:46:33,035][train.train_nn_models] [Validation] Epoch=67, nll=1059.7856, acc=0.1892
[ 2022-08-25 13:46:33,444][train.train_nn_models] [Training] Epoch=68, loss=1034.8319, nll=1034.8319, l2_reg=0.0000, acc=0.1905
[ 2022-08-25 13:46:33,444][train.train_nn_models] [Validation] Epoch=68, nll=1059.7639, acc=0.1898
[ 2022-08-25 13:46:33,852][train.train_nn_models] [Training] Epoch=69, loss=1034.8105, nll=1034.8105, l2_reg=0.0000, acc=0.1910
[ 2022-08-25 13:46:33,852][train.train_nn_models] [Validation] Epoch=69, nll=1059.7430, acc=0.1892
[ 2022-08-25 13:46:34,264][train.train_nn_models] [Training] Epoch=70, loss=1034.7897, nll=1034.7897, l2_reg=0.0000, acc=0.1911
[ 2022-08-25 13:46:34,264][train.train_nn_models] [Validation] Epoch=70, nll=1059.7229, acc=0.1886
[ 2022-08-25 13:46:34,588][train.train_nn_models] [Training] Epoch=71, loss=1034.7695, nll=1034.7695, l2_reg=0.0000, acc=0.1915
[ 2022-08-25 13:46:34,588][train.train_nn_models] [Validation] Epoch=71, nll=1059.7032, acc=0.1878
[ 2022-08-25 13:46:34,922][train.train_nn_models] [Training] Epoch=72, loss=1034.7500, nll=1034.7500, l2_reg=0.0000, acc=0.1910
[ 2022-08-25 13:46:34,922][train.train_nn_models] [Validation] Epoch=72, nll=1059.6844, acc=0.1874
[ 2022-08-25 13:46:35,226][train.train_nn_models] [Training] Epoch=73, loss=1034.7312, nll=1034.7312, l2_reg=0.0000, acc=0.1909
[ 2022-08-25 13:46:35,226][train.train_nn_models] [Validation] Epoch=73, nll=1059.6661, acc=0.1874
[ 2022-08-25 13:46:35,636][train.train_nn_models] [Training] Epoch=74, loss=1034.7130, nll=1034.7130, l2_reg=0.0000, acc=0.1908
[ 2022-08-25 13:46:35,637][train.train_nn_models] [Validation] Epoch=74, nll=1059.6489, acc=0.1876
[ 2022-08-25 13:46:36,028][train.train_nn_models] [Training] Epoch=75, loss=1034.6956, nll=1034.6956, l2_reg=0.0000, acc=0.1909
[ 2022-08-25 13:46:36,028][train.train_nn_models] [Validation] Epoch=75, nll=1059.6318, acc=0.1880
[ 2022-08-25 13:46:36,389][train.train_nn_models] [Training] Epoch=76, loss=1034.6785, nll=1034.6785, l2_reg=0.0000, acc=0.1909
[ 2022-08-25 13:46:36,389][train.train_nn_models] [Validation] Epoch=76, nll=1059.6161, acc=0.1878
[ 2022-08-25 13:46:36,737][train.train_nn_models] [Training] Epoch=77, loss=1034.6620, nll=1034.6620, l2_reg=0.0000, acc=0.1909
[ 2022-08-25 13:46:36,737][train.train_nn_models] [Validation] Epoch=77, nll=1059.6007, acc=0.1878
[ 2022-08-25 13:46:37,059][train.train_nn_models] [Training] Epoch=78, loss=1034.6456, nll=1034.6456, l2_reg=0.0000, acc=0.1909
[ 2022-08-25 13:46:37,059][train.train_nn_models] [Validation] Epoch=78, nll=1059.5857, acc=0.1878
[ 2022-08-25 13:46:37,357][train.train_nn_models] [Training] Epoch=79, loss=1034.6300, nll=1034.6300, l2_reg=0.0000, acc=0.1910
[ 2022-08-25 13:46:37,357][train.train_nn_models] [Validation] Epoch=79, nll=1059.5714, acc=0.1876
[ 2022-08-25 13:46:37,771][train.train_nn_models] [Training] Epoch=80, loss=1034.6146, nll=1034.6146, l2_reg=0.0000, acc=0.1910
[ 2022-08-25 13:46:37,771][train.train_nn_models] [Validation] Epoch=80, nll=1059.5576, acc=0.1874
[ 2022-08-25 13:46:38,171][train.train_nn_models] [Training] Epoch=81, loss=1034.5995, nll=1034.5995, l2_reg=0.0000, acc=0.1911
[ 2022-08-25 13:46:38,171][train.train_nn_models] [Validation] Epoch=81, nll=1059.5441, acc=0.1876
[ 2022-08-25 13:46:38,494][train.train_nn_models] [Training] Epoch=82, loss=1034.5845, nll=1034.5845, l2_reg=0.0000, acc=0.1912
[ 2022-08-25 13:46:38,494][train.train_nn_models] [Validation] Epoch=82, nll=1059.5306, acc=0.1876
[ 2022-08-25 13:46:38,805][train.train_nn_models] [Training] Epoch=83, loss=1034.5701, nll=1034.5701, l2_reg=0.0000, acc=0.1911
[ 2022-08-25 13:46:38,805][train.train_nn_models] [Validation] Epoch=83, nll=1059.5181, acc=0.1876
[ 2022-08-25 13:46:39,131][train.train_nn_models] [Training] Epoch=84, loss=1034.5559, nll=1034.5559, l2_reg=0.0000, acc=0.1911
[ 2022-08-25 13:46:39,131][train.train_nn_models] [Validation] Epoch=84, nll=1059.5057, acc=0.1874
[ 2022-08-25 13:46:39,430][train.train_nn_models] [Training] Epoch=85, loss=1034.5420, nll=1034.5420, l2_reg=0.0000, acc=0.1912
[ 2022-08-25 13:46:39,431][train.train_nn_models] [Validation] Epoch=85, nll=1059.4939, acc=0.1872
[ 2022-08-25 13:46:39,743][train.train_nn_models] [Training] Epoch=86, loss=1034.5284, nll=1034.5284, l2_reg=0.0000, acc=0.1913
[ 2022-08-25 13:46:39,743][train.train_nn_models] [Validation] Epoch=86, nll=1059.4823, acc=0.1874
[ 2022-08-25 13:46:40,053][train.train_nn_models] [Training] Epoch=87, loss=1034.5151, nll=1034.5151, l2_reg=0.0000, acc=0.1911
[ 2022-08-25 13:46:40,053][train.train_nn_models] [Validation] Epoch=87, nll=1059.4711, acc=0.1876
[ 2022-08-25 13:46:40,345][train.train_nn_models] [Training] Epoch=88, loss=1034.5023, nll=1034.5023, l2_reg=0.0000, acc=0.1911
[ 2022-08-25 13:46:40,345][train.train_nn_models] [Validation] Epoch=88, nll=1059.4600, acc=0.1878
[ 2022-08-25 13:46:40,706][train.train_nn_models] [Training] Epoch=89, loss=1034.4893, nll=1034.4893, l2_reg=0.0000, acc=0.1911
[ 2022-08-25 13:46:40,707][train.train_nn_models] [Validation] Epoch=89, nll=1059.4491, acc=0.1878
[ 2022-08-25 13:46:41,008][train.train_nn_models] [Training] Epoch=90, loss=1034.4764, nll=1034.4764, l2_reg=0.0000, acc=0.1911
[ 2022-08-25 13:46:41,008][train.train_nn_models] [Validation] Epoch=90, nll=1059.4388, acc=0.1874
[ 2022-08-25 13:46:41,379][train.train_nn_models] [Training] Epoch=91, loss=1034.4637, nll=1034.4637, l2_reg=0.0000, acc=0.1911
[ 2022-08-25 13:46:41,380][train.train_nn_models] [Validation] Epoch=91, nll=1059.4288, acc=0.1874
[ 2022-08-25 13:46:41,683][train.train_nn_models] [Training] Epoch=92, loss=1034.4514, nll=1034.4514, l2_reg=0.0000, acc=0.1912
[ 2022-08-25 13:46:41,683][train.train_nn_models] [Validation] Epoch=92, nll=1059.4189, acc=0.1878
[ 2022-08-25 13:46:41,977][train.train_nn_models] [Training] Epoch=93, loss=1034.4392, nll=1034.4392, l2_reg=0.0000, acc=0.1913
[ 2022-08-25 13:46:41,978][train.train_nn_models] [Validation] Epoch=93, nll=1059.4091, acc=0.1874
[ 2022-08-25 13:46:42,298][train.train_nn_models] [Training] Epoch=94, loss=1034.4269, nll=1034.4269, l2_reg=0.0000, acc=0.1911
[ 2022-08-25 13:46:42,298][train.train_nn_models] [Validation] Epoch=94, nll=1059.3995, acc=0.1872
[ 2022-08-25 13:46:42,632][train.train_nn_models] [Training] Epoch=95, loss=1034.4150, nll=1034.4150, l2_reg=0.0000, acc=0.1912
[ 2022-08-25 13:46:42,632][train.train_nn_models] [Validation] Epoch=95, nll=1059.3903, acc=0.1874
[ 2022-08-25 13:46:42,967][train.train_nn_models] [Training] Epoch=96, loss=1034.4031, nll=1034.4031, l2_reg=0.0000, acc=0.1910
[ 2022-08-25 13:46:42,968][train.train_nn_models] [Validation] Epoch=96, nll=1059.3807, acc=0.1876
[ 2022-08-25 13:46:43,291][train.train_nn_models] [Training] Epoch=97, loss=1034.3912, nll=1034.3912, l2_reg=0.0000, acc=0.1911
[ 2022-08-25 13:46:43,291][train.train_nn_models] [Validation] Epoch=97, nll=1059.3713, acc=0.1878
[ 2022-08-25 13:46:43,586][train.train_nn_models] [Training] Epoch=98, loss=1034.3792, nll=1034.3792, l2_reg=0.0000, acc=0.1911
[ 2022-08-25 13:46:43,586][train.train_nn_models] [Validation] Epoch=98, nll=1059.3621, acc=0.1880
[ 2022-08-25 13:46:43,892][train.train_nn_models] [Training] Epoch=99, loss=1034.3677, nll=1034.3677, l2_reg=0.0000, acc=0.1911
[ 2022-08-25 13:46:43,892][train.train_nn_models] [Validation] Epoch=99, nll=1059.3529, acc=0.1888
[ 2022-08-25 13:46:44,255][train.train_nn_models] [Training] Epoch=100, loss=1034.3560, nll=1034.3560, l2_reg=0.0000, acc=0.1911
[ 2022-08-25 13:46:44,255][train.train_nn_models] [Validation] Epoch=100, nll=1059.3441, acc=0.1890
[ 2022-08-25 13:46:44,576][train.train_nn_models] [Training] Epoch=101, loss=1034.3444, nll=1034.3444, l2_reg=0.0000, acc=0.1912
[ 2022-08-25 13:46:44,576][train.train_nn_models] [Validation] Epoch=101, nll=1059.3354, acc=0.1890
[ 2022-08-25 13:46:44,576][train.train_nn_models] Found a better model at epoch 101.
[ 2022-08-25 13:46:44,909][train.train_nn_models] [Training] Epoch=102, loss=1034.3326, nll=1034.3326, l2_reg=0.0000, acc=0.1911
[ 2022-08-25 13:46:44,909][train.train_nn_models] [Validation] Epoch=102, nll=1059.3273, acc=0.1890
[ 2022-08-25 13:46:44,909][train.train_nn_models] Found a better model at epoch 102.
[ 2022-08-25 13:46:45,264][train.train_nn_models] [Training] Epoch=103, loss=1034.3209, nll=1034.3209, l2_reg=0.0000, acc=0.1911
[ 2022-08-25 13:46:45,265][train.train_nn_models] [Validation] Epoch=103, nll=1059.3195, acc=0.1890
[ 2022-08-25 13:46:45,265][train.train_nn_models] Found a better model at epoch 103.
[ 2022-08-25 13:46:45,654][train.train_nn_models] [Training] Epoch=104, loss=1034.3094, nll=1034.3094, l2_reg=0.0000, acc=0.1912
[ 2022-08-25 13:46:45,654][train.train_nn_models] [Validation] Epoch=104, nll=1059.3116, acc=0.1888
[ 2022-08-25 13:46:45,654][train.train_nn_models] Found a better model at epoch 104.
[ 2022-08-25 13:46:46,072][train.train_nn_models] [Training] Epoch=105, loss=1034.2977, nll=1034.2977, l2_reg=0.0000, acc=0.1911
[ 2022-08-25 13:46:46,073][train.train_nn_models] [Validation] Epoch=105, nll=1059.3036, acc=0.1886
[ 2022-08-25 13:46:46,073][train.train_nn_models] Found a better model at epoch 105.
[ 2022-08-25 13:46:46,450][train.train_nn_models] [Training] Epoch=106, loss=1034.2863, nll=1034.2863, l2_reg=0.0000, acc=0.1912
[ 2022-08-25 13:46:46,450][train.train_nn_models] [Validation] Epoch=106, nll=1059.2958, acc=0.1886
[ 2022-08-25 13:46:46,450][train.train_nn_models] Found a better model at epoch 106.
[ 2022-08-25 13:46:46,784][train.train_nn_models] [Training] Epoch=107, loss=1034.2748, nll=1034.2748, l2_reg=0.0000, acc=0.1911
[ 2022-08-25 13:46:46,784][train.train_nn_models] [Validation] Epoch=107, nll=1059.2881, acc=0.1882
[ 2022-08-25 13:46:46,784][train.train_nn_models] Found a better model at epoch 107.
[ 2022-08-25 13:46:47,134][train.train_nn_models] [Training] Epoch=108, loss=1034.2628, nll=1034.2628, l2_reg=0.0000, acc=0.1911
[ 2022-08-25 13:46:47,134][train.train_nn_models] [Validation] Epoch=108, nll=1059.2805, acc=0.1880
[ 2022-08-25 13:46:47,134][train.train_nn_models] Found a better model at epoch 108.
[ 2022-08-25 13:46:47,511][train.train_nn_models] [Training] Epoch=109, loss=1034.2511, nll=1034.2511, l2_reg=0.0000, acc=0.1911
[ 2022-08-25 13:46:47,511][train.train_nn_models] [Validation] Epoch=109, nll=1059.2729, acc=0.1882
[ 2022-08-25 13:46:47,511][train.train_nn_models] Found a better model at epoch 109.
[ 2022-08-25 13:46:47,921][train.train_nn_models] [Training] Epoch=110, loss=1034.2391, nll=1034.2391, l2_reg=0.0000, acc=0.1908
[ 2022-08-25 13:46:47,921][train.train_nn_models] [Validation] Epoch=110, nll=1059.2656, acc=0.1886
[ 2022-08-25 13:46:47,922][train.train_nn_models] Found a better model at epoch 110.
[ 2022-08-25 13:46:48,323][train.train_nn_models] [Training] Epoch=111, loss=1034.2269, nll=1034.2269, l2_reg=0.0000, acc=0.1908
[ 2022-08-25 13:46:48,323][train.train_nn_models] [Validation] Epoch=111, nll=1059.2584, acc=0.1886
[ 2022-08-25 13:46:48,323][train.train_nn_models] Found a better model at epoch 111.
[ 2022-08-25 13:46:48,689][train.train_nn_models] [Training] Epoch=112, loss=1034.2147, nll=1034.2147, l2_reg=0.0000, acc=0.1908
[ 2022-08-25 13:46:48,690][train.train_nn_models] [Validation] Epoch=112, nll=1059.2523, acc=0.1888
[ 2022-08-25 13:46:48,690][train.train_nn_models] Found a better model at epoch 112.
[ 2022-08-25 13:46:49,058][train.train_nn_models] [Training] Epoch=113, loss=1034.2024, nll=1034.2024, l2_reg=0.0000, acc=0.1908
[ 2022-08-25 13:46:49,058][train.train_nn_models] [Validation] Epoch=113, nll=1059.2463, acc=0.1884
[ 2022-08-25 13:46:49,059][train.train_nn_models] Found a better model at epoch 113.
[ 2022-08-25 13:46:49,385][train.train_nn_models] [Training] Epoch=114, loss=1034.1897, nll=1034.1897, l2_reg=0.0000, acc=0.1908
[ 2022-08-25 13:46:49,385][train.train_nn_models] [Validation] Epoch=114, nll=1059.2405, acc=0.1882
[ 2022-08-25 13:46:49,385][train.train_nn_models] Found a better model at epoch 114.
[ 2022-08-25 13:46:49,769][train.train_nn_models] [Training] Epoch=115, loss=1034.1770, nll=1034.1770, l2_reg=0.0000, acc=0.1909
[ 2022-08-25 13:46:49,769][train.train_nn_models] [Validation] Epoch=115, nll=1059.2349, acc=0.1882
[ 2022-08-25 13:46:49,769][train.train_nn_models] Found a better model at epoch 115.
[ 2022-08-25 13:46:50,197][train.train_nn_models] [Training] Epoch=116, loss=1034.1642, nll=1034.1642, l2_reg=0.0000, acc=0.1908
[ 2022-08-25 13:46:50,197][train.train_nn_models] [Validation] Epoch=116, nll=1059.2292, acc=0.1884
[ 2022-08-25 13:46:50,198][train.train_nn_models] Found a better model at epoch 116.
[ 2022-08-25 13:46:50,567][train.train_nn_models] [Training] Epoch=117, loss=1034.1514, nll=1034.1514, l2_reg=0.0000, acc=0.1910
[ 2022-08-25 13:46:50,567][train.train_nn_models] [Validation] Epoch=117, nll=1059.2240, acc=0.1882
[ 2022-08-25 13:46:50,567][train.train_nn_models] Found a better model at epoch 117.
[ 2022-08-25 13:46:50,871][train.train_nn_models] [Training] Epoch=118, loss=1034.1384, nll=1034.1384, l2_reg=0.0000, acc=0.1910
[ 2022-08-25 13:46:50,871][train.train_nn_models] [Validation] Epoch=118, nll=1059.2185, acc=0.1884
[ 2022-08-25 13:46:50,871][train.train_nn_models] Found a better model at epoch 118.
[ 2022-08-25 13:46:51,163][train.train_nn_models] [Training] Epoch=119, loss=1034.1257, nll=1034.1257, l2_reg=0.0000, acc=0.1909
[ 2022-08-25 13:46:51,163][train.train_nn_models] [Validation] Epoch=119, nll=1059.2137, acc=0.1882
[ 2022-08-25 13:46:51,163][train.train_nn_models] Found a better model at epoch 119.
[ 2022-08-25 13:46:51,458][train.train_nn_models] [Training] Epoch=120, loss=1034.1129, nll=1034.1129, l2_reg=0.0000, acc=0.1908
[ 2022-08-25 13:46:51,458][train.train_nn_models] [Validation] Epoch=120, nll=1059.2096, acc=0.1886
[ 2022-08-25 13:46:51,458][train.train_nn_models] Found a better model at epoch 120.
[ 2022-08-25 13:46:51,872][train.train_nn_models] [Training] Epoch=121, loss=1034.1006, nll=1034.1006, l2_reg=0.0000, acc=0.1908
[ 2022-08-25 13:46:51,873][train.train_nn_models] [Validation] Epoch=121, nll=1059.2063, acc=0.1884
[ 2022-08-25 13:46:51,873][train.train_nn_models] Found a better model at epoch 121.
[ 2022-08-25 13:46:52,274][train.train_nn_models] [Training] Epoch=122, loss=1034.0885, nll=1034.0885, l2_reg=0.0000, acc=0.1908
[ 2022-08-25 13:46:52,275][train.train_nn_models] [Validation] Epoch=122, nll=1059.2040, acc=0.1884
[ 2022-08-25 13:46:52,275][train.train_nn_models] Found a better model at epoch 122.
[ 2022-08-25 13:46:52,619][train.train_nn_models] [Training] Epoch=123, loss=1034.0768, nll=1034.0768, l2_reg=0.0000, acc=0.1907
[ 2022-08-25 13:46:52,619][train.train_nn_models] [Validation] Epoch=123, nll=1059.2025, acc=0.1886
[ 2022-08-25 13:46:52,619][train.train_nn_models] Found a better model at epoch 123.
[ 2022-08-25 13:46:52,906][train.train_nn_models] [Training] Epoch=124, loss=1034.0656, nll=1034.0656, l2_reg=0.0000, acc=0.1907
[ 2022-08-25 13:46:52,906][train.train_nn_models] [Validation] Epoch=124, nll=1059.2017, acc=0.1888
[ 2022-08-25 13:46:52,906][train.train_nn_models] Found a better model at epoch 124.
[ 2022-08-25 13:46:53,193][train.train_nn_models] [Training] Epoch=125, loss=1034.0543, nll=1034.0543, l2_reg=0.0000, acc=0.1908
[ 2022-08-25 13:46:53,193][train.train_nn_models] [Validation] Epoch=125, nll=1059.2014, acc=0.1886
[ 2022-08-25 13:46:53,193][train.train_nn_models] Found a better model at epoch 125.
[ 2022-08-25 13:46:53,490][train.train_nn_models] [Training] Epoch=126, loss=1034.0438, nll=1034.0438, l2_reg=0.0000, acc=0.1908
[ 2022-08-25 13:46:53,490][train.train_nn_models] [Validation] Epoch=126, nll=1059.2014, acc=0.1884
[ 2022-08-25 13:46:53,848][train.train_nn_models] [Training] Epoch=127, loss=1034.0338, nll=1034.0338, l2_reg=0.0000, acc=0.1907
[ 2022-08-25 13:46:53,849][train.train_nn_models] [Validation] Epoch=127, nll=1059.2009, acc=0.1886
[ 2022-08-25 13:46:53,849][train.train_nn_models] Found a better model at epoch 127.
[ 2022-08-25 13:46:54,245][train.train_nn_models] [Training] Epoch=128, loss=1034.0245, nll=1034.0245, l2_reg=0.0000, acc=0.1908
[ 2022-08-25 13:46:54,245][train.train_nn_models] [Validation] Epoch=128, nll=1059.2004, acc=0.1888
[ 2022-08-25 13:46:54,245][train.train_nn_models] Found a better model at epoch 128.
[ 2022-08-25 13:46:54,591][train.train_nn_models] [Training] Epoch=129, loss=1034.0159, nll=1034.0159, l2_reg=0.0000, acc=0.1908
[ 2022-08-25 13:46:54,591][train.train_nn_models] [Validation] Epoch=129, nll=1059.2000, acc=0.1888
[ 2022-08-25 13:46:54,591][train.train_nn_models] Found a better model at epoch 129.
[ 2022-08-25 13:46:54,874][train.train_nn_models] [Training] Epoch=130, loss=1034.0072, nll=1034.0072, l2_reg=0.0000, acc=0.1908
[ 2022-08-25 13:46:54,874][train.train_nn_models] [Validation] Epoch=130, nll=1059.1997, acc=0.1890
[ 2022-08-25 13:46:54,874][train.train_nn_models] Found a better model at epoch 130.
[ 2022-08-25 13:46:55,193][train.train_nn_models] [Training] Epoch=131, loss=1033.9990, nll=1033.9990, l2_reg=0.0000, acc=0.1908
[ 2022-08-25 13:46:55,193][train.train_nn_models] [Validation] Epoch=131, nll=1059.1998, acc=0.1888
[ 2022-08-25 13:46:55,560][train.train_nn_models] [Training] Epoch=132, loss=1033.9908, nll=1033.9908, l2_reg=0.0000, acc=0.1908
[ 2022-08-25 13:46:55,560][train.train_nn_models] [Validation] Epoch=132, nll=1059.1991, acc=0.1886
[ 2022-08-25 13:46:55,560][train.train_nn_models] Found a better model at epoch 132.
[ 2022-08-25 13:46:55,964][train.train_nn_models] [Training] Epoch=133, loss=1033.9823, nll=1033.9823, l2_reg=0.0000, acc=0.1908
[ 2022-08-25 13:46:55,964][train.train_nn_models] [Validation] Epoch=133, nll=1059.1978, acc=0.1886
[ 2022-08-25 13:46:55,964][train.train_nn_models] Found a better model at epoch 133.
[ 2022-08-25 13:46:56,358][train.train_nn_models] [Training] Epoch=134, loss=1033.9738, nll=1033.9738, l2_reg=0.0000, acc=0.1909
[ 2022-08-25 13:46:56,358][train.train_nn_models] [Validation] Epoch=134, nll=1059.1962, acc=0.1884
[ 2022-08-25 13:46:56,358][train.train_nn_models] Found a better model at epoch 134.
[ 2022-08-25 13:46:56,703][train.train_nn_models] [Training] Epoch=135, loss=1033.9653, nll=1033.9653, l2_reg=0.0000, acc=0.1910
[ 2022-08-25 13:46:56,704][train.train_nn_models] [Validation] Epoch=135, nll=1059.1945, acc=0.1884
[ 2022-08-25 13:46:56,704][train.train_nn_models] Found a better model at epoch 135.
[ 2022-08-25 13:46:57,004][train.train_nn_models] [Training] Epoch=136, loss=1033.9570, nll=1033.9570, l2_reg=0.0000, acc=0.1910
[ 2022-08-25 13:46:57,004][train.train_nn_models] [Validation] Epoch=136, nll=1059.1927, acc=0.1882
[ 2022-08-25 13:46:57,005][train.train_nn_models] Found a better model at epoch 136.
[ 2022-08-25 13:46:57,329][train.train_nn_models] [Training] Epoch=137, loss=1033.9485, nll=1033.9485, l2_reg=0.0000, acc=0.1908
[ 2022-08-25 13:46:57,329][train.train_nn_models] [Validation] Epoch=137, nll=1059.1907, acc=0.1880
[ 2022-08-25 13:46:57,329][train.train_nn_models] Found a better model at epoch 137.
[ 2022-08-25 13:46:57,684][train.train_nn_models] [Training] Epoch=138, loss=1033.9404, nll=1033.9404, l2_reg=0.0000, acc=0.1909
[ 2022-08-25 13:46:57,684][train.train_nn_models] [Validation] Epoch=138, nll=1059.1890, acc=0.1876
[ 2022-08-25 13:46:57,684][train.train_nn_models] Found a better model at epoch 138.
[ 2022-08-25 13:46:58,086][train.train_nn_models] [Training] Epoch=139, loss=1033.9323, nll=1033.9323, l2_reg=0.0000, acc=0.1909
[ 2022-08-25 13:46:58,087][train.train_nn_models] [Validation] Epoch=139, nll=1059.1860, acc=0.1870
[ 2022-08-25 13:46:58,087][train.train_nn_models] Found a better model at epoch 139.
[ 2022-08-25 13:46:58,477][train.train_nn_models] [Training] Epoch=140, loss=1033.9241, nll=1033.9241, l2_reg=0.0000, acc=0.1908
[ 2022-08-25 13:46:58,478][train.train_nn_models] [Validation] Epoch=140, nll=1059.1836, acc=0.1870
[ 2022-08-25 13:46:58,478][train.train_nn_models] Found a better model at epoch 140.
[ 2022-08-25 13:46:58,794][train.train_nn_models] [Training] Epoch=141, loss=1033.9160, nll=1033.9160, l2_reg=0.0000, acc=0.1911
[ 2022-08-25 13:46:58,794][train.train_nn_models] [Validation] Epoch=141, nll=1059.1812, acc=0.1870
[ 2022-08-25 13:46:58,794][train.train_nn_models] Found a better model at epoch 141.
[ 2022-08-25 13:46:59,110][train.train_nn_models] [Training] Epoch=142, loss=1033.9080, nll=1033.9080, l2_reg=0.0000, acc=0.1911
[ 2022-08-25 13:46:59,111][train.train_nn_models] [Validation] Epoch=142, nll=1059.1785, acc=0.1872
[ 2022-08-25 13:46:59,111][train.train_nn_models] Found a better model at epoch 142.
[ 2022-08-25 13:46:59,415][train.train_nn_models] [Training] Epoch=143, loss=1033.8998, nll=1033.8998, l2_reg=0.0000, acc=0.1911
[ 2022-08-25 13:46:59,415][train.train_nn_models] [Validation] Epoch=143, nll=1059.1753, acc=0.1866
[ 2022-08-25 13:46:59,415][train.train_nn_models] Found a better model at epoch 143.
[ 2022-08-25 13:46:59,737][train.train_nn_models] [Training] Epoch=144, loss=1033.8917, nll=1033.8917, l2_reg=0.0000, acc=0.1912
[ 2022-08-25 13:46:59,737][train.train_nn_models] [Validation] Epoch=144, nll=1059.1725, acc=0.1862
[ 2022-08-25 13:46:59,737][train.train_nn_models] Found a better model at epoch 144.
[ 2022-08-25 13:47:00,029][train.train_nn_models] [Training] Epoch=145, loss=1033.8835, nll=1033.8835, l2_reg=0.0000, acc=0.1912
[ 2022-08-25 13:47:00,029][train.train_nn_models] [Validation] Epoch=145, nll=1059.1693, acc=0.1862
[ 2022-08-25 13:47:00,029][train.train_nn_models] Found a better model at epoch 145.
[ 2022-08-25 13:47:00,336][train.train_nn_models] [Training] Epoch=146, loss=1033.8751, nll=1033.8751, l2_reg=0.0000, acc=0.1915
[ 2022-08-25 13:47:00,336][train.train_nn_models] [Validation] Epoch=146, nll=1059.1659, acc=0.1862
[ 2022-08-25 13:47:00,336][train.train_nn_models] Found a better model at epoch 146.
[ 2022-08-25 13:47:00,674][train.train_nn_models] [Training] Epoch=147, loss=1033.8671, nll=1033.8671, l2_reg=0.0000, acc=0.1916
[ 2022-08-25 13:47:00,674][train.train_nn_models] [Validation] Epoch=147, nll=1059.1626, acc=0.1862
[ 2022-08-25 13:47:00,674][train.train_nn_models] Found a better model at epoch 147.
[ 2022-08-25 13:47:00,989][train.train_nn_models] [Training] Epoch=148, loss=1033.8589, nll=1033.8589, l2_reg=0.0000, acc=0.1915
[ 2022-08-25 13:47:00,990][train.train_nn_models] [Validation] Epoch=148, nll=1059.1591, acc=0.1856
[ 2022-08-25 13:47:00,990][train.train_nn_models] Found a better model at epoch 148.
[ 2022-08-25 13:47:01,312][train.train_nn_models] [Training] Epoch=149, loss=1033.8510, nll=1033.8510, l2_reg=0.0000, acc=0.1914
[ 2022-08-25 13:47:01,313][train.train_nn_models] [Validation] Epoch=149, nll=1059.1556, acc=0.1856
[ 2022-08-25 13:47:01,313][train.train_nn_models] Found a better model at epoch 149.
[ 2022-08-25 13:47:01,625][train.train_nn_models] [Training] Epoch=150, loss=1033.8429, nll=1033.8429, l2_reg=0.0000, acc=0.1912
[ 2022-08-25 13:47:01,625][train.train_nn_models] [Validation] Epoch=150, nll=1059.1519, acc=0.1852
[ 2022-08-25 13:47:01,625][train.train_nn_models] Found a better model at epoch 150.
[ 2022-08-25 13:47:01,930][train.train_nn_models] [Training] Epoch=151, loss=1033.8350, nll=1033.8350, l2_reg=0.0000, acc=0.1913
[ 2022-08-25 13:47:01,930][train.train_nn_models] [Validation] Epoch=151, nll=1059.1479, acc=0.1852
[ 2022-08-25 13:47:01,930][train.train_nn_models] Found a better model at epoch 151.
[ 2022-08-25 13:47:02,235][train.train_nn_models] [Training] Epoch=152, loss=1033.8270, nll=1033.8270, l2_reg=0.0000, acc=0.1912
[ 2022-08-25 13:47:02,235][train.train_nn_models] [Validation] Epoch=152, nll=1059.1445, acc=0.1854
[ 2022-08-25 13:47:02,235][train.train_nn_models] Found a better model at epoch 152.
[ 2022-08-25 13:47:02,544][train.train_nn_models] [Training] Epoch=153, loss=1033.8190, nll=1033.8190, l2_reg=0.0000, acc=0.1911
[ 2022-08-25 13:47:02,544][train.train_nn_models] [Validation] Epoch=153, nll=1059.1406, acc=0.1843
[ 2022-08-25 13:47:02,544][train.train_nn_models] Found a better model at epoch 153.
[ 2022-08-25 13:47:02,894][train.train_nn_models] [Training] Epoch=154, loss=1033.8110, nll=1033.8110, l2_reg=0.0000, acc=0.1912
[ 2022-08-25 13:47:02,894][train.train_nn_models] [Validation] Epoch=154, nll=1059.1367, acc=0.1841
[ 2022-08-25 13:47:02,895][train.train_nn_models] Found a better model at epoch 154.
[ 2022-08-25 13:47:03,217][train.train_nn_models] [Training] Epoch=155, loss=1033.8031, nll=1033.8031, l2_reg=0.0000, acc=0.1912
[ 2022-08-25 13:47:03,218][train.train_nn_models] [Validation] Epoch=155, nll=1059.1324, acc=0.1841
[ 2022-08-25 13:47:03,218][train.train_nn_models] Found a better model at epoch 155.
[ 2022-08-25 13:47:03,550][train.train_nn_models] [Training] Epoch=156, loss=1033.7954, nll=1033.7954, l2_reg=0.0000, acc=0.1911
[ 2022-08-25 13:47:03,550][train.train_nn_models] [Validation] Epoch=156, nll=1059.1287, acc=0.1837
[ 2022-08-25 13:47:03,550][train.train_nn_models] Found a better model at epoch 156.
[ 2022-08-25 13:47:03,873][train.train_nn_models] [Training] Epoch=157, loss=1033.7877, nll=1033.7877, l2_reg=0.0000, acc=0.1912
[ 2022-08-25 13:47:03,874][train.train_nn_models] [Validation] Epoch=157, nll=1059.1246, acc=0.1835
[ 2022-08-25 13:47:03,874][train.train_nn_models] Found a better model at epoch 157.
[ 2022-08-25 13:47:04,164][train.train_nn_models] [Training] Epoch=158, loss=1033.7799, nll=1033.7799, l2_reg=0.0000, acc=0.1913
[ 2022-08-25 13:47:04,164][train.train_nn_models] [Validation] Epoch=158, nll=1059.1208, acc=0.1841
[ 2022-08-25 13:47:04,165][train.train_nn_models] Found a better model at epoch 158.
[ 2022-08-25 13:47:04,510][train.train_nn_models] [Training] Epoch=159, loss=1033.7722, nll=1033.7722, l2_reg=0.0000, acc=0.1914
[ 2022-08-25 13:47:04,510][train.train_nn_models] [Validation] Epoch=159, nll=1059.1168, acc=0.1841
[ 2022-08-25 13:47:04,510][train.train_nn_models] Found a better model at epoch 159.
[ 2022-08-25 13:47:04,916][train.train_nn_models] [Training] Epoch=160, loss=1033.7649, nll=1033.7649, l2_reg=0.0000, acc=0.1913
[ 2022-08-25 13:47:04,917][train.train_nn_models] [Validation] Epoch=160, nll=1059.1127, acc=0.1843
[ 2022-08-25 13:47:04,917][train.train_nn_models] Found a better model at epoch 160.
[ 2022-08-25 13:47:05,215][train.train_nn_models] [Training] Epoch=161, loss=1033.7572, nll=1033.7572, l2_reg=0.0000, acc=0.1912
[ 2022-08-25 13:47:05,215][train.train_nn_models] [Validation] Epoch=161, nll=1059.1089, acc=0.1846
[ 2022-08-25 13:47:05,215][train.train_nn_models] Found a better model at epoch 161.
[ 2022-08-25 13:47:05,544][train.train_nn_models] [Training] Epoch=162, loss=1033.7495, nll=1033.7495, l2_reg=0.0000, acc=0.1912
[ 2022-08-25 13:47:05,544][train.train_nn_models] [Validation] Epoch=162, nll=1059.1049, acc=0.1846
[ 2022-08-25 13:47:05,544][train.train_nn_models] Found a better model at epoch 162.
[ 2022-08-25 13:47:05,882][train.train_nn_models] [Training] Epoch=163, loss=1033.7419, nll=1033.7419, l2_reg=0.0000, acc=0.1914
[ 2022-08-25 13:47:05,883][train.train_nn_models] [Validation] Epoch=163, nll=1059.1007, acc=0.1843
[ 2022-08-25 13:47:05,883][train.train_nn_models] Found a better model at epoch 163.
[ 2022-08-25 13:47:06,185][train.train_nn_models] [Training] Epoch=164, loss=1033.7345, nll=1033.7345, l2_reg=0.0000, acc=0.1915
[ 2022-08-25 13:47:06,185][train.train_nn_models] [Validation] Epoch=164, nll=1059.0968, acc=0.1846
[ 2022-08-25 13:47:06,185][train.train_nn_models] Found a better model at epoch 164.
[ 2022-08-25 13:47:06,496][train.train_nn_models] [Training] Epoch=165, loss=1033.7271, nll=1033.7271, l2_reg=0.0000, acc=0.1917
[ 2022-08-25 13:47:06,496][train.train_nn_models] [Validation] Epoch=165, nll=1059.0927, acc=0.1850
[ 2022-08-25 13:47:06,497][train.train_nn_models] Found a better model at epoch 165.
[ 2022-08-25 13:47:06,831][train.train_nn_models] [Training] Epoch=166, loss=1033.7197, nll=1033.7197, l2_reg=0.0000, acc=0.1917
[ 2022-08-25 13:47:06,831][train.train_nn_models] [Validation] Epoch=166, nll=1059.0890, acc=0.1852
[ 2022-08-25 13:47:06,831][train.train_nn_models] Found a better model at epoch 166.
[ 2022-08-25 13:47:07,145][train.train_nn_models] [Training] Epoch=167, loss=1033.7122, nll=1033.7122, l2_reg=0.0000, acc=0.1915
[ 2022-08-25 13:47:07,145][train.train_nn_models] [Validation] Epoch=167, nll=1059.0854, acc=0.1854
[ 2022-08-25 13:47:07,145][train.train_nn_models] Found a better model at epoch 167.
[ 2022-08-25 13:47:07,486][train.train_nn_models] [Training] Epoch=168, loss=1033.7047, nll=1033.7047, l2_reg=0.0000, acc=0.1916
[ 2022-08-25 13:47:07,486][train.train_nn_models] [Validation] Epoch=168, nll=1059.0815, acc=0.1858
[ 2022-08-25 13:47:07,486][train.train_nn_models] Found a better model at epoch 168.
[ 2022-08-25 13:47:07,794][train.train_nn_models] [Training] Epoch=169, loss=1033.6973, nll=1033.6973, l2_reg=0.0000, acc=0.1918
[ 2022-08-25 13:47:07,795][train.train_nn_models] [Validation] Epoch=169, nll=1059.0770, acc=0.1852
[ 2022-08-25 13:47:07,795][train.train_nn_models] Found a better model at epoch 169.
[ 2022-08-25 13:47:08,123][train.train_nn_models] [Training] Epoch=170, loss=1033.6903, nll=1033.6903, l2_reg=0.0000, acc=0.1917
[ 2022-08-25 13:47:08,124][train.train_nn_models] [Validation] Epoch=170, nll=1059.0729, acc=0.1856
[ 2022-08-25 13:47:08,124][train.train_nn_models] Found a better model at epoch 170.
[ 2022-08-25 13:47:08,440][train.train_nn_models] [Training] Epoch=171, loss=1033.6835, nll=1033.6835, l2_reg=0.0000, acc=0.1916
[ 2022-08-25 13:47:08,440][train.train_nn_models] [Validation] Epoch=171, nll=1059.0692, acc=0.1850
[ 2022-08-25 13:47:08,441][train.train_nn_models] Found a better model at epoch 171.
[ 2022-08-25 13:47:08,746][train.train_nn_models] [Training] Epoch=172, loss=1033.6766, nll=1033.6766, l2_reg=0.0000, acc=0.1917
[ 2022-08-25 13:47:08,746][train.train_nn_models] [Validation] Epoch=172, nll=1059.0658, acc=0.1846
[ 2022-08-25 13:47:08,747][train.train_nn_models] Found a better model at epoch 172.
[ 2022-08-25 13:47:09,063][train.train_nn_models] [Training] Epoch=173, loss=1033.6703, nll=1033.6703, l2_reg=0.0000, acc=0.1919
[ 2022-08-25 13:47:09,063][train.train_nn_models] [Validation] Epoch=173, nll=1059.0629, acc=0.1848
[ 2022-08-25 13:47:09,063][train.train_nn_models] Found a better model at epoch 173.
[ 2022-08-25 13:47:09,376][train.train_nn_models] [Training] Epoch=174, loss=1033.6639, nll=1033.6639, l2_reg=0.0000, acc=0.1918
[ 2022-08-25 13:47:09,376][train.train_nn_models] [Validation] Epoch=174, nll=1059.0598, acc=0.1843
[ 2022-08-25 13:47:09,377][train.train_nn_models] Found a better model at epoch 174.
[ 2022-08-25 13:47:09,698][train.train_nn_models] [Training] Epoch=175, loss=1033.6575, nll=1033.6575, l2_reg=0.0000, acc=0.1920
[ 2022-08-25 13:47:09,698][train.train_nn_models] [Validation] Epoch=175, nll=1059.0566, acc=0.1848
[ 2022-08-25 13:47:09,698][train.train_nn_models] Found a better model at epoch 175.
[ 2022-08-25 13:47:09,990][train.train_nn_models] [Training] Epoch=176, loss=1033.6512, nll=1033.6512, l2_reg=0.0000, acc=0.1917
[ 2022-08-25 13:47:09,991][train.train_nn_models] [Validation] Epoch=176, nll=1059.0530, acc=0.1850
[ 2022-08-25 13:47:09,991][train.train_nn_models] Found a better model at epoch 176.
[ 2022-08-25 13:47:10,385][train.train_nn_models] [Training] Epoch=177, loss=1033.6450, nll=1033.6450, l2_reg=0.0000, acc=0.1922
[ 2022-08-25 13:47:10,385][train.train_nn_models] [Validation] Epoch=177, nll=1059.0499, acc=0.1848
[ 2022-08-25 13:47:10,385][train.train_nn_models] Found a better model at epoch 177.
[ 2022-08-25 13:47:10,797][train.train_nn_models] [Training] Epoch=178, loss=1033.6393, nll=1033.6393, l2_reg=0.0000, acc=0.1917
[ 2022-08-25 13:47:10,797][train.train_nn_models] [Validation] Epoch=178, nll=1059.0472, acc=0.1846
[ 2022-08-25 13:47:10,797][train.train_nn_models] Found a better model at epoch 178.
[ 2022-08-25 13:47:11,191][train.train_nn_models] [Training] Epoch=179, loss=1033.6340, nll=1033.6340, l2_reg=0.0000, acc=0.1920
[ 2022-08-25 13:47:11,191][train.train_nn_models] [Validation] Epoch=179, nll=1059.0442, acc=0.1848
[ 2022-08-25 13:47:11,191][train.train_nn_models] Found a better model at epoch 179.
[ 2022-08-25 13:47:11,502][train.train_nn_models] [Training] Epoch=180, loss=1033.6287, nll=1033.6287, l2_reg=0.0000, acc=0.1923
[ 2022-08-25 13:47:11,502][train.train_nn_models] [Validation] Epoch=180, nll=1059.0410, acc=0.1858
[ 2022-08-25 13:47:11,502][train.train_nn_models] Found a better model at epoch 180.
[ 2022-08-25 13:47:11,798][train.train_nn_models] [Training] Epoch=181, loss=1033.6234, nll=1033.6234, l2_reg=0.0000, acc=0.1923
[ 2022-08-25 13:47:11,798][train.train_nn_models] [Validation] Epoch=181, nll=1059.0380, acc=0.1858
[ 2022-08-25 13:47:11,799][train.train_nn_models] Found a better model at epoch 181.
[ 2022-08-25 13:47:12,100][train.train_nn_models] [Training] Epoch=182, loss=1033.6183, nll=1033.6183, l2_reg=0.0000, acc=0.1919
[ 2022-08-25 13:47:12,101][train.train_nn_models] [Validation] Epoch=182, nll=1059.0347, acc=0.1852
[ 2022-08-25 13:47:12,101][train.train_nn_models] Found a better model at epoch 182.
[ 2022-08-25 13:47:12,481][train.train_nn_models] [Training] Epoch=183, loss=1033.6132, nll=1033.6132, l2_reg=0.0000, acc=0.1924
[ 2022-08-25 13:47:12,481][train.train_nn_models] [Validation] Epoch=183, nll=1059.0317, acc=0.1856
[ 2022-08-25 13:47:12,482][train.train_nn_models] Found a better model at epoch 183.
[ 2022-08-25 13:47:12,913][train.train_nn_models] [Training] Epoch=184, loss=1033.6080, nll=1033.6080, l2_reg=0.0000, acc=0.1925
[ 2022-08-25 13:47:12,913][train.train_nn_models] [Validation] Epoch=184, nll=1059.0278, acc=0.1852
[ 2022-08-25 13:47:12,913][train.train_nn_models] Found a better model at epoch 184.
[ 2022-08-25 13:47:13,291][train.train_nn_models] [Training] Epoch=185, loss=1033.6030, nll=1033.6030, l2_reg=0.0000, acc=0.1925
[ 2022-08-25 13:47:13,291][train.train_nn_models] [Validation] Epoch=185, nll=1059.0243, acc=0.1850
[ 2022-08-25 13:47:13,291][train.train_nn_models] Found a better model at epoch 185.
[ 2022-08-25 13:47:13,585][train.train_nn_models] [Training] Epoch=186, loss=1033.5977, nll=1033.5977, l2_reg=0.0000, acc=0.1924
[ 2022-08-25 13:47:13,585][train.train_nn_models] [Validation] Epoch=186, nll=1059.0203, acc=0.1846
[ 2022-08-25 13:47:13,585][train.train_nn_models] Found a better model at epoch 186.
[ 2022-08-25 13:47:13,888][train.train_nn_models] [Training] Epoch=187, loss=1033.5927, nll=1033.5927, l2_reg=0.0000, acc=0.1928
[ 2022-08-25 13:47:13,889][train.train_nn_models] [Validation] Epoch=187, nll=1059.0164, acc=0.1837
[ 2022-08-25 13:47:13,889][train.train_nn_models] Found a better model at epoch 187.
[ 2022-08-25 13:47:14,207][train.train_nn_models] [Training] Epoch=188, loss=1033.5875, nll=1033.5875, l2_reg=0.0000, acc=0.1933
[ 2022-08-25 13:47:14,207][train.train_nn_models] [Validation] Epoch=188, nll=1059.0123, acc=0.1841
[ 2022-08-25 13:47:14,208][train.train_nn_models] Found a better model at epoch 188.
[ 2022-08-25 13:47:14,602][train.train_nn_models] [Training] Epoch=189, loss=1033.5824, nll=1033.5824, l2_reg=0.0000, acc=0.1933
[ 2022-08-25 13:47:14,602][train.train_nn_models] [Validation] Epoch=189, nll=1059.0078, acc=0.1833
[ 2022-08-25 13:47:14,602][train.train_nn_models] Found a better model at epoch 189.
[ 2022-08-25 13:47:15,004][train.train_nn_models] [Training] Epoch=190, loss=1033.5771, nll=1033.5771, l2_reg=0.0000, acc=0.1932
[ 2022-08-25 13:47:15,005][train.train_nn_models] [Validation] Epoch=190, nll=1059.0032, acc=0.1831
[ 2022-08-25 13:47:15,005][train.train_nn_models] Found a better model at epoch 190.
[ 2022-08-25 13:47:15,402][train.train_nn_models] [Training] Epoch=191, loss=1033.5720, nll=1033.5720, l2_reg=0.0000, acc=0.1934
[ 2022-08-25 13:47:15,402][train.train_nn_models] [Validation] Epoch=191, nll=1058.9984, acc=0.1831
[ 2022-08-25 13:47:15,402][train.train_nn_models] Found a better model at epoch 191.
[ 2022-08-25 13:47:15,686][train.train_nn_models] [Training] Epoch=192, loss=1033.5667, nll=1033.5667, l2_reg=0.0000, acc=0.1934
[ 2022-08-25 13:47:15,686][train.train_nn_models] [Validation] Epoch=192, nll=1058.9935, acc=0.1821
[ 2022-08-25 13:47:15,686][train.train_nn_models] Found a better model at epoch 192.
[ 2022-08-25 13:47:15,990][train.train_nn_models] [Training] Epoch=193, loss=1033.5614, nll=1033.5614, l2_reg=0.0000, acc=0.1932
[ 2022-08-25 13:47:15,990][train.train_nn_models] [Validation] Epoch=193, nll=1058.9885, acc=0.1823
[ 2022-08-25 13:47:15,990][train.train_nn_models] Found a better model at epoch 193.
[ 2022-08-25 13:47:16,300][train.train_nn_models] [Training] Epoch=194, loss=1033.5559, nll=1033.5559, l2_reg=0.0000, acc=0.1929
[ 2022-08-25 13:47:16,300][train.train_nn_models] [Validation] Epoch=194, nll=1058.9836, acc=0.1821
[ 2022-08-25 13:47:16,300][train.train_nn_models] Found a better model at epoch 194.
[ 2022-08-25 13:47:16,660][train.train_nn_models] [Training] Epoch=195, loss=1033.5508, nll=1033.5508, l2_reg=0.0000, acc=0.1929
[ 2022-08-25 13:47:16,660][train.train_nn_models] [Validation] Epoch=195, nll=1058.9784, acc=0.1835
[ 2022-08-25 13:47:16,661][train.train_nn_models] Found a better model at epoch 195.
[ 2022-08-25 13:47:17,087][train.train_nn_models] [Training] Epoch=196, loss=1033.5453, nll=1033.5453, l2_reg=0.0000, acc=0.1926
[ 2022-08-25 13:47:17,088][train.train_nn_models] [Validation] Epoch=196, nll=1058.9731, acc=0.1835
[ 2022-08-25 13:47:17,088][train.train_nn_models] Found a better model at epoch 196.
[ 2022-08-25 13:47:17,502][train.train_nn_models] [Training] Epoch=197, loss=1033.5400, nll=1033.5400, l2_reg=0.0000, acc=0.1929
[ 2022-08-25 13:47:17,502][train.train_nn_models] [Validation] Epoch=197, nll=1058.9680, acc=0.1829
[ 2022-08-25 13:47:17,502][train.train_nn_models] Found a better model at epoch 197.
[ 2022-08-25 13:47:17,836][train.train_nn_models] [Training] Epoch=198, loss=1033.5345, nll=1033.5345, l2_reg=0.0000, acc=0.1927
[ 2022-08-25 13:47:17,836][train.train_nn_models] [Validation] Epoch=198, nll=1058.9629, acc=0.1827
[ 2022-08-25 13:47:17,837][train.train_nn_models] Found a better model at epoch 198.
[ 2022-08-25 13:47:18,136][train.train_nn_models] [Training] Epoch=199, loss=1033.5291, nll=1033.5291, l2_reg=0.0000, acc=0.1927
[ 2022-08-25 13:47:18,137][train.train_nn_models] [Validation] Epoch=199, nll=1058.9574, acc=0.1829
[ 2022-08-25 13:47:18,137][train.train_nn_models] Found a better model at epoch 199.
[ 2022-08-25 13:47:18,187][train.eval_nll] [Test]nll=1070.7219, acc=0.1801
[ 2022-08-25 13:50:25,537][train.<module>]                    timestamp  ...                                             config
0 2022-08-25 13:50:25.477522  ...  {'model': 'Tran', 'dataset': 'pgem-1K-15', 'in...
1 2022-08-25 13:50:25.477522  ...  {'model': 'Tran', 'dataset': 'pgem-1K-15', 'in...
2 2022-08-25 13:50:25.477522  ...  {'model': 'Tran', 'dataset': 'pgem-1K-15', 'in...
3 2022-08-25 13:50:25.477522  ...  {'model': 'Tran', 'dataset': 'pgem-1K-15', 'in...
4 2022-08-25 13:50:25.477522  ...  {'model': 'Tran', 'dataset': 'pgem-1K-15', 'in...
5 2022-08-25 13:50:25.477522  ...  {'model': 'Tran', 'dataset': 'pgem-1K-15', 'in...

[6 rows x 7 columns]
