[ 2022-08-25 13:50:30,411][train.<module>] Namespace(attr_batch_size=0, basis_type='dyadic', batch_size=64, bucket_seqs=False, cuda=True, dataset='pgem-1K-15', dropout=0.0, embedding_dim=64, epochs=200, hidden_size=64, input_dir='data/input', l2_reg=0, lr=0.001, max_mean=20.0, model='Tran', n_bases=7, num_workers=0, occurred_type_only=False, optimizer='Adam', output_dir='data/output', rand_seed=0, skip_eval_infectivity=False, skip_pred_next_event=False, split_id=1, steps=50, tune_metric='nll', verbose=False)
[ 2022-08-25 13:50:31,052][train.train_nn_models] [Training] Epoch=0, loss=19588.0078, nll=19588.0078, l2_reg=0.0000, acc=0.0942
[ 2022-08-25 13:50:31,053][train.train_nn_models] [Validation] Epoch=0, nll=16914.6230, acc=0.0715
[ 2022-08-25 13:50:31,374][train.train_nn_models] [Training] Epoch=1, loss=15742.3770, nll=15742.3770, l2_reg=0.0000, acc=0.0702
[ 2022-08-25 13:50:31,374][train.train_nn_models] [Validation] Epoch=1, nll=13474.3506, acc=0.0589
[ 2022-08-25 13:50:31,688][train.train_nn_models] [Training] Epoch=2, loss=12207.3408, nll=12207.3408, l2_reg=0.0000, acc=0.0567
[ 2022-08-25 13:50:31,688][train.train_nn_models] [Validation] Epoch=2, nll=9861.9023, acc=0.0505
[ 2022-08-25 13:50:32,016][train.train_nn_models] [Training] Epoch=3, loss=8583.9785, nll=8583.9785, l2_reg=0.0000, acc=0.0519
[ 2022-08-25 13:50:32,017][train.train_nn_models] [Validation] Epoch=3, nll=6609.4468, acc=0.0585
[ 2022-08-25 13:50:32,355][train.train_nn_models] [Training] Epoch=4, loss=5492.9399, nll=5492.9399, l2_reg=0.0000, acc=0.0587
[ 2022-08-25 13:50:32,355][train.train_nn_models] [Validation] Epoch=4, nll=4204.5308, acc=0.0671
[ 2022-08-25 13:50:32,702][train.train_nn_models] [Training] Epoch=5, loss=3338.7747, nll=3338.7747, l2_reg=0.0000, acc=0.0707
[ 2022-08-25 13:50:32,702][train.train_nn_models] [Validation] Epoch=5, nll=2667.8450, acc=0.0803
[ 2022-08-25 13:50:33,013][train.train_nn_models] [Training] Epoch=6, loss=2084.0691, nll=2084.0691, l2_reg=0.0000, acc=0.0808
[ 2022-08-25 13:50:33,014][train.train_nn_models] [Validation] Epoch=6, nll=1804.3555, acc=0.0842
[ 2022-08-25 13:50:33,328][train.train_nn_models] [Training] Epoch=7, loss=1480.5675, nll=1480.5675, l2_reg=0.0000, acc=0.0878
[ 2022-08-25 13:50:33,328][train.train_nn_models] [Validation] Epoch=7, nll=1415.4556, acc=0.0896
[ 2022-08-25 13:50:33,799][train.train_nn_models] [Training] Epoch=8, loss=1267.0973, nll=1267.0973, l2_reg=0.0000, acc=0.0962
[ 2022-08-25 13:50:33,800][train.train_nn_models] [Validation] Epoch=8, nll=1301.7828, acc=0.1314
[ 2022-08-25 13:50:34,235][train.train_nn_models] [Training] Epoch=9, loss=1231.7673, nll=1231.7673, l2_reg=0.0000, acc=0.1401
[ 2022-08-25 13:50:34,236][train.train_nn_models] [Validation] Epoch=9, nll=1287.4224, acc=0.1483
[ 2022-08-25 13:50:34,625][train.train_nn_models] [Training] Epoch=10, loss=1240.2094, nll=1240.2094, l2_reg=0.0000, acc=0.1545
[ 2022-08-25 13:50:34,625][train.train_nn_models] [Validation] Epoch=10, nll=1279.2581, acc=0.1527
[ 2022-08-25 13:50:34,970][train.train_nn_models] [Training] Epoch=11, loss=1234.4012, nll=1234.4012, l2_reg=0.0000, acc=0.1604
[ 2022-08-25 13:50:34,971][train.train_nn_models] [Validation] Epoch=11, nll=1249.7231, acc=0.1659
[ 2022-08-25 13:50:35,291][train.train_nn_models] [Training] Epoch=12, loss=1204.1543, nll=1204.1543, l2_reg=0.0000, acc=0.1755
[ 2022-08-25 13:50:35,291][train.train_nn_models] [Validation] Epoch=12, nll=1205.5184, acc=0.1705
[ 2022-08-25 13:50:35,593][train.train_nn_models] [Training] Epoch=13, loss=1163.9358, nll=1163.9358, l2_reg=0.0000, acc=0.1789
[ 2022-08-25 13:50:35,594][train.train_nn_models] [Validation] Epoch=13, nll=1171.4203, acc=0.1737
[ 2022-08-25 13:50:35,941][train.train_nn_models] [Training] Epoch=14, loss=1138.9009, nll=1138.9009, l2_reg=0.0000, acc=0.1838
[ 2022-08-25 13:50:35,942][train.train_nn_models] [Validation] Epoch=14, nll=1155.1749, acc=0.1813
[ 2022-08-25 13:50:36,396][train.train_nn_models] [Training] Epoch=15, loss=1126.4049, nll=1126.4049, l2_reg=0.0000, acc=0.1860
[ 2022-08-25 13:50:36,396][train.train_nn_models] [Validation] Epoch=15, nll=1135.0371, acc=0.1877
[ 2022-08-25 13:50:36,765][train.train_nn_models] [Training] Epoch=16, loss=1104.3315, nll=1104.3315, l2_reg=0.0000, acc=0.1868
[ 2022-08-25 13:50:36,766][train.train_nn_models] [Validation] Epoch=16, nll=1112.5603, acc=0.1855
[ 2022-08-25 13:50:37,088][train.train_nn_models] [Training] Epoch=17, loss=1081.8495, nll=1081.8495, l2_reg=0.0000, acc=0.1873
[ 2022-08-25 13:50:37,088][train.train_nn_models] [Validation] Epoch=17, nll=1098.6014, acc=0.1823
[ 2022-08-25 13:50:37,444][train.train_nn_models] [Training] Epoch=18, loss=1068.9996, nll=1068.9996, l2_reg=0.0000, acc=0.1866
[ 2022-08-25 13:50:37,444][train.train_nn_models] [Validation] Epoch=18, nll=1092.0269, acc=0.1811
[ 2022-08-25 13:50:37,793][train.train_nn_models] [Training] Epoch=19, loss=1063.5208, nll=1063.5208, l2_reg=0.0000, acc=0.1881
[ 2022-08-25 13:50:37,793][train.train_nn_models] [Validation] Epoch=19, nll=1089.2322, acc=0.1863
[ 2022-08-25 13:50:38,163][train.train_nn_models] [Training] Epoch=20, loss=1061.4882, nll=1061.4882, l2_reg=0.0000, acc=0.1886
[ 2022-08-25 13:50:38,164][train.train_nn_models] [Validation] Epoch=20, nll=1087.4308, acc=0.1901
[ 2022-08-25 13:50:38,503][train.train_nn_models] [Training] Epoch=21, loss=1060.0508, nll=1060.0508, l2_reg=0.0000, acc=0.1873
[ 2022-08-25 13:50:38,503][train.train_nn_models] [Validation] Epoch=21, nll=1085.2509, acc=0.1915
[ 2022-08-25 13:50:38,825][train.train_nn_models] [Training] Epoch=22, loss=1057.9912, nll=1057.9912, l2_reg=0.0000, acc=0.1876
[ 2022-08-25 13:50:38,825][train.train_nn_models] [Validation] Epoch=22, nll=1082.6888, acc=0.1859
[ 2022-08-25 13:50:39,178][train.train_nn_models] [Training] Epoch=23, loss=1055.4573, nll=1055.4573, l2_reg=0.0000, acc=0.1888
[ 2022-08-25 13:50:39,178][train.train_nn_models] [Validation] Epoch=23, nll=1080.3241, acc=0.1835
[ 2022-08-25 13:50:39,495][train.train_nn_models] [Training] Epoch=24, loss=1053.0990, nll=1053.0990, l2_reg=0.0000, acc=0.1882
[ 2022-08-25 13:50:39,495][train.train_nn_models] [Validation] Epoch=24, nll=1078.5597, acc=0.1811
[ 2022-08-25 13:50:39,806][train.train_nn_models] [Training] Epoch=25, loss=1051.3418, nll=1051.3418, l2_reg=0.0000, acc=0.1861
[ 2022-08-25 13:50:39,806][train.train_nn_models] [Validation] Epoch=25, nll=1077.3933, acc=0.1783
[ 2022-08-25 13:50:40,141][train.train_nn_models] [Training] Epoch=26, loss=1050.2163, nll=1050.2163, l2_reg=0.0000, acc=0.1851
[ 2022-08-25 13:50:40,142][train.train_nn_models] [Validation] Epoch=26, nll=1076.6274, acc=0.1807
[ 2022-08-25 13:50:40,473][train.train_nn_models] [Training] Epoch=27, loss=1049.5533, nll=1049.5533, l2_reg=0.0000, acc=0.1874
[ 2022-08-25 13:50:40,474][train.train_nn_models] [Validation] Epoch=27, nll=1076.0712, acc=0.1783
[ 2022-08-25 13:50:40,835][train.train_nn_models] [Training] Epoch=28, loss=1049.1488, nll=1049.1488, l2_reg=0.0000, acc=0.1876
[ 2022-08-25 13:50:40,835][train.train_nn_models] [Validation] Epoch=28, nll=1075.5781, acc=0.1781
[ 2022-08-25 13:50:41,168][train.train_nn_models] [Training] Epoch=29, loss=1048.8043, nll=1048.8043, l2_reg=0.0000, acc=0.1876
[ 2022-08-25 13:50:41,168][train.train_nn_models] [Validation] Epoch=29, nll=1075.0593, acc=0.1791
[ 2022-08-25 13:50:41,497][train.train_nn_models] [Training] Epoch=30, loss=1048.4117, nll=1048.4117, l2_reg=0.0000, acc=0.1877
[ 2022-08-25 13:50:41,497][train.train_nn_models] [Validation] Epoch=30, nll=1074.5289, acc=0.1801
[ 2022-08-25 13:50:41,868][train.train_nn_models] [Training] Epoch=31, loss=1048.0027, nll=1048.0027, l2_reg=0.0000, acc=0.1877
[ 2022-08-25 13:50:41,868][train.train_nn_models] [Validation] Epoch=31, nll=1074.0420, acc=0.1797
[ 2022-08-25 13:50:42,279][train.train_nn_models] [Training] Epoch=32, loss=1047.6464, nll=1047.6464, l2_reg=0.0000, acc=0.1880
[ 2022-08-25 13:50:42,279][train.train_nn_models] [Validation] Epoch=32, nll=1073.6185, acc=0.1801
[ 2022-08-25 13:50:42,722][train.train_nn_models] [Training] Epoch=33, loss=1047.3617, nll=1047.3617, l2_reg=0.0000, acc=0.1884
[ 2022-08-25 13:50:42,723][train.train_nn_models] [Validation] Epoch=33, nll=1073.2487, acc=0.1809
[ 2022-08-25 13:50:43,066][train.train_nn_models] [Training] Epoch=34, loss=1047.1311, nll=1047.1311, l2_reg=0.0000, acc=0.1872
[ 2022-08-25 13:50:43,066][train.train_nn_models] [Validation] Epoch=34, nll=1072.9213, acc=0.1823
[ 2022-08-25 13:50:43,436][train.train_nn_models] [Training] Epoch=35, loss=1046.9343, nll=1046.9343, l2_reg=0.0000, acc=0.1885
[ 2022-08-25 13:50:43,436][train.train_nn_models] [Validation] Epoch=35, nll=1072.6353, acc=0.1829
[ 2022-08-25 13:50:43,751][train.train_nn_models] [Training] Epoch=36, loss=1046.7616, nll=1046.7616, l2_reg=0.0000, acc=0.1880
[ 2022-08-25 13:50:43,751][train.train_nn_models] [Validation] Epoch=36, nll=1072.3945, acc=0.1817
[ 2022-08-25 13:50:44,064][train.train_nn_models] [Training] Epoch=37, loss=1046.6100, nll=1046.6100, l2_reg=0.0000, acc=0.1873
[ 2022-08-25 13:50:44,065][train.train_nn_models] [Validation] Epoch=37, nll=1072.2018, acc=0.1841
[ 2022-08-25 13:50:44,405][train.train_nn_models] [Training] Epoch=38, loss=1046.4774, nll=1046.4774, l2_reg=0.0000, acc=0.1869
[ 2022-08-25 13:50:44,405][train.train_nn_models] [Validation] Epoch=38, nll=1072.0520, acc=0.1831
[ 2022-08-25 13:50:44,736][train.train_nn_models] [Training] Epoch=39, loss=1046.3605, nll=1046.3605, l2_reg=0.0000, acc=0.1870
[ 2022-08-25 13:50:44,736][train.train_nn_models] [Validation] Epoch=39, nll=1071.9320, acc=0.1799
[ 2022-08-25 13:50:45,089][train.train_nn_models] [Training] Epoch=40, loss=1046.2546, nll=1046.2546, l2_reg=0.0000, acc=0.1870
[ 2022-08-25 13:50:45,090][train.train_nn_models] [Validation] Epoch=40, nll=1071.8257, acc=0.1801
[ 2022-08-25 13:50:45,410][train.train_nn_models] [Training] Epoch=41, loss=1046.1570, nll=1046.1570, l2_reg=0.0000, acc=0.1869
[ 2022-08-25 13:50:45,410][train.train_nn_models] [Validation] Epoch=41, nll=1071.7201, acc=0.1815
[ 2022-08-25 13:50:45,753][train.train_nn_models] [Training] Epoch=42, loss=1046.0670, nll=1046.0670, l2_reg=0.0000, acc=0.1864
[ 2022-08-25 13:50:45,754][train.train_nn_models] [Validation] Epoch=42, nll=1071.6069, acc=0.1819
[ 2022-08-25 13:50:46,071][train.train_nn_models] [Training] Epoch=43, loss=1045.9847, nll=1045.9847, l2_reg=0.0000, acc=0.1865
[ 2022-08-25 13:50:46,072][train.train_nn_models] [Validation] Epoch=43, nll=1071.4858, acc=0.1805
[ 2022-08-25 13:50:46,395][train.train_nn_models] [Training] Epoch=44, loss=1045.9095, nll=1045.9095, l2_reg=0.0000, acc=0.1866
[ 2022-08-25 13:50:46,395][train.train_nn_models] [Validation] Epoch=44, nll=1071.3618, acc=0.1817
[ 2022-08-25 13:50:46,726][train.train_nn_models] [Training] Epoch=45, loss=1045.8414, nll=1045.8414, l2_reg=0.0000, acc=0.1873
[ 2022-08-25 13:50:46,727][train.train_nn_models] [Validation] Epoch=45, nll=1071.2411, acc=0.1803
[ 2022-08-25 13:50:47,061][train.train_nn_models] [Training] Epoch=46, loss=1045.7781, nll=1045.7781, l2_reg=0.0000, acc=0.1867
[ 2022-08-25 13:50:47,062][train.train_nn_models] [Validation] Epoch=46, nll=1071.1305, acc=0.1793
[ 2022-08-25 13:50:47,367][train.train_nn_models] [Training] Epoch=47, loss=1045.7181, nll=1045.7181, l2_reg=0.0000, acc=0.1871
[ 2022-08-25 13:50:47,367][train.train_nn_models] [Validation] Epoch=47, nll=1071.0328, acc=0.1789
[ 2022-08-25 13:50:47,779][train.train_nn_models] [Training] Epoch=48, loss=1045.6598, nll=1045.6598, l2_reg=0.0000, acc=0.1865
[ 2022-08-25 13:50:47,779][train.train_nn_models] [Validation] Epoch=48, nll=1070.9486, acc=0.1813
[ 2022-08-25 13:50:48,103][train.train_nn_models] [Training] Epoch=49, loss=1045.6036, nll=1045.6036, l2_reg=0.0000, acc=0.1866
[ 2022-08-25 13:50:48,104][train.train_nn_models] [Validation] Epoch=49, nll=1070.8750, acc=0.1811
[ 2022-08-25 13:50:48,522][train.train_nn_models] [Training] Epoch=50, loss=1045.5503, nll=1045.5503, l2_reg=0.0000, acc=0.1866
[ 2022-08-25 13:50:48,522][train.train_nn_models] [Validation] Epoch=50, nll=1070.8077, acc=0.1807
[ 2022-08-25 13:50:48,878][train.train_nn_models] [Training] Epoch=51, loss=1045.4996, nll=1045.4996, l2_reg=0.0000, acc=0.1867
[ 2022-08-25 13:50:48,878][train.train_nn_models] [Validation] Epoch=51, nll=1070.7417, acc=0.1799
[ 2022-08-25 13:50:49,222][train.train_nn_models] [Training] Epoch=52, loss=1045.4514, nll=1045.4514, l2_reg=0.0000, acc=0.1868
[ 2022-08-25 13:50:49,222][train.train_nn_models] [Validation] Epoch=52, nll=1070.6753, acc=0.1809
[ 2022-08-25 13:50:49,555][train.train_nn_models] [Training] Epoch=53, loss=1045.4058, nll=1045.4058, l2_reg=0.0000, acc=0.1867
[ 2022-08-25 13:50:49,555][train.train_nn_models] [Validation] Epoch=53, nll=1070.6079, acc=0.1801
[ 2022-08-25 13:50:49,889][train.train_nn_models] [Training] Epoch=54, loss=1045.3621, nll=1045.3621, l2_reg=0.0000, acc=0.1870
[ 2022-08-25 13:50:49,889][train.train_nn_models] [Validation] Epoch=54, nll=1070.5417, acc=0.1803
[ 2022-08-25 13:50:50,206][train.train_nn_models] [Training] Epoch=55, loss=1045.3198, nll=1045.3198, l2_reg=0.0000, acc=0.1866
[ 2022-08-25 13:50:50,206][train.train_nn_models] [Validation] Epoch=55, nll=1070.4784, acc=0.1817
[ 2022-08-25 13:50:50,526][train.train_nn_models] [Training] Epoch=56, loss=1045.2795, nll=1045.2795, l2_reg=0.0000, acc=0.1868
[ 2022-08-25 13:50:50,526][train.train_nn_models] [Validation] Epoch=56, nll=1070.4186, acc=0.1815
[ 2022-08-25 13:50:50,899][train.train_nn_models] [Training] Epoch=57, loss=1045.2406, nll=1045.2406, l2_reg=0.0000, acc=0.1872
[ 2022-08-25 13:50:50,900][train.train_nn_models] [Validation] Epoch=57, nll=1070.3630, acc=0.1831
[ 2022-08-25 13:50:51,220][train.train_nn_models] [Training] Epoch=58, loss=1045.2037, nll=1045.2037, l2_reg=0.0000, acc=0.1872
[ 2022-08-25 13:50:51,221][train.train_nn_models] [Validation] Epoch=58, nll=1070.3119, acc=0.1839
[ 2022-08-25 13:50:51,551][train.train_nn_models] [Training] Epoch=59, loss=1045.1682, nll=1045.1682, l2_reg=0.0000, acc=0.1872
[ 2022-08-25 13:50:51,552][train.train_nn_models] [Validation] Epoch=59, nll=1070.2635, acc=0.1831
[ 2022-08-25 13:50:51,886][train.train_nn_models] [Training] Epoch=60, loss=1045.1345, nll=1045.1345, l2_reg=0.0000, acc=0.1867
[ 2022-08-25 13:50:51,886][train.train_nn_models] [Validation] Epoch=60, nll=1070.2173, acc=0.1833
[ 2022-08-25 13:50:52,254][train.train_nn_models] [Training] Epoch=61, loss=1045.1021, nll=1045.1021, l2_reg=0.0000, acc=0.1863
[ 2022-08-25 13:50:52,254][train.train_nn_models] [Validation] Epoch=61, nll=1070.1731, acc=0.1839
[ 2022-08-25 13:50:52,557][train.train_nn_models] [Training] Epoch=62, loss=1045.0709, nll=1045.0709, l2_reg=0.0000, acc=0.1859
[ 2022-08-25 13:50:52,557][train.train_nn_models] [Validation] Epoch=62, nll=1070.1301, acc=0.1835
[ 2022-08-25 13:50:52,874][train.train_nn_models] [Training] Epoch=63, loss=1045.0411, nll=1045.0411, l2_reg=0.0000, acc=0.1861
[ 2022-08-25 13:50:52,874][train.train_nn_models] [Validation] Epoch=63, nll=1070.0897, acc=0.1825
[ 2022-08-25 13:50:53,191][train.train_nn_models] [Training] Epoch=64, loss=1045.0125, nll=1045.0125, l2_reg=0.0000, acc=0.1863
[ 2022-08-25 13:50:53,192][train.train_nn_models] [Validation] Epoch=64, nll=1070.0513, acc=0.1823
[ 2022-08-25 13:50:53,508][train.train_nn_models] [Training] Epoch=65, loss=1044.9844, nll=1044.9844, l2_reg=0.0000, acc=0.1857
[ 2022-08-25 13:50:53,508][train.train_nn_models] [Validation] Epoch=65, nll=1070.0142, acc=0.1829
[ 2022-08-25 13:50:53,826][train.train_nn_models] [Training] Epoch=66, loss=1044.9576, nll=1044.9576, l2_reg=0.0000, acc=0.1857
[ 2022-08-25 13:50:53,826][train.train_nn_models] [Validation] Epoch=66, nll=1069.9790, acc=0.1835
[ 2022-08-25 13:50:54,168][train.train_nn_models] [Training] Epoch=67, loss=1044.9314, nll=1044.9314, l2_reg=0.0000, acc=0.1857
[ 2022-08-25 13:50:54,169][train.train_nn_models] [Validation] Epoch=67, nll=1069.9448, acc=0.1839
[ 2022-08-25 13:50:54,495][train.train_nn_models] [Training] Epoch=68, loss=1044.9058, nll=1044.9058, l2_reg=0.0000, acc=0.1860
[ 2022-08-25 13:50:54,495][train.train_nn_models] [Validation] Epoch=68, nll=1069.9116, acc=0.1839
[ 2022-08-25 13:50:54,822][train.train_nn_models] [Training] Epoch=69, loss=1044.8812, nll=1044.8812, l2_reg=0.0000, acc=0.1864
[ 2022-08-25 13:50:54,823][train.train_nn_models] [Validation] Epoch=69, nll=1069.8793, acc=0.1839
[ 2022-08-25 13:50:55,140][train.train_nn_models] [Training] Epoch=70, loss=1044.8575, nll=1044.8575, l2_reg=0.0000, acc=0.1862
[ 2022-08-25 13:50:55,140][train.train_nn_models] [Validation] Epoch=70, nll=1069.8483, acc=0.1839
[ 2022-08-25 13:50:55,460][train.train_nn_models] [Training] Epoch=71, loss=1044.8341, nll=1044.8341, l2_reg=0.0000, acc=0.1861
[ 2022-08-25 13:50:55,460][train.train_nn_models] [Validation] Epoch=71, nll=1069.8186, acc=0.1839
[ 2022-08-25 13:50:55,765][train.train_nn_models] [Training] Epoch=72, loss=1044.8114, nll=1044.8114, l2_reg=0.0000, acc=0.1859
[ 2022-08-25 13:50:55,766][train.train_nn_models] [Validation] Epoch=72, nll=1069.7897, acc=0.1839
[ 2022-08-25 13:50:56,096][train.train_nn_models] [Training] Epoch=73, loss=1044.7896, nll=1044.7896, l2_reg=0.0000, acc=0.1862
[ 2022-08-25 13:50:56,096][train.train_nn_models] [Validation] Epoch=73, nll=1069.7622, acc=0.1837
[ 2022-08-25 13:50:56,462][train.train_nn_models] [Training] Epoch=74, loss=1044.7681, nll=1044.7681, l2_reg=0.0000, acc=0.1861
[ 2022-08-25 13:50:56,462][train.train_nn_models] [Validation] Epoch=74, nll=1069.7357, acc=0.1839
[ 2022-08-25 13:50:56,790][train.train_nn_models] [Training] Epoch=75, loss=1044.7472, nll=1044.7472, l2_reg=0.0000, acc=0.1860
[ 2022-08-25 13:50:56,790][train.train_nn_models] [Validation] Epoch=75, nll=1069.7101, acc=0.1837
[ 2022-08-25 13:50:57,130][train.train_nn_models] [Training] Epoch=76, loss=1044.7268, nll=1044.7268, l2_reg=0.0000, acc=0.1861
[ 2022-08-25 13:50:57,130][train.train_nn_models] [Validation] Epoch=76, nll=1069.6852, acc=0.1837
[ 2022-08-25 13:50:57,459][train.train_nn_models] [Training] Epoch=77, loss=1044.7067, nll=1044.7067, l2_reg=0.0000, acc=0.1861
[ 2022-08-25 13:50:57,459][train.train_nn_models] [Validation] Epoch=77, nll=1069.6606, acc=0.1835
[ 2022-08-25 13:50:57,843][train.train_nn_models] [Training] Epoch=78, loss=1044.6869, nll=1044.6869, l2_reg=0.0000, acc=0.1860
[ 2022-08-25 13:50:57,843][train.train_nn_models] [Validation] Epoch=78, nll=1069.6370, acc=0.1831
[ 2022-08-25 13:50:58,175][train.train_nn_models] [Training] Epoch=79, loss=1044.6682, nll=1044.6682, l2_reg=0.0000, acc=0.1860
[ 2022-08-25 13:50:58,176][train.train_nn_models] [Validation] Epoch=79, nll=1069.6135, acc=0.1829
[ 2022-08-25 13:50:58,507][train.train_nn_models] [Training] Epoch=80, loss=1044.6492, nll=1044.6492, l2_reg=0.0000, acc=0.1861
[ 2022-08-25 13:50:58,507][train.train_nn_models] [Validation] Epoch=80, nll=1069.5908, acc=0.1825
[ 2022-08-25 13:50:58,861][train.train_nn_models] [Training] Epoch=81, loss=1044.6311, nll=1044.6311, l2_reg=0.0000, acc=0.1859
[ 2022-08-25 13:50:58,862][train.train_nn_models] [Validation] Epoch=81, nll=1069.5688, acc=0.1827
[ 2022-08-25 13:50:59,182][train.train_nn_models] [Training] Epoch=82, loss=1044.6132, nll=1044.6132, l2_reg=0.0000, acc=0.1857
[ 2022-08-25 13:50:59,182][train.train_nn_models] [Validation] Epoch=82, nll=1069.5475, acc=0.1825
[ 2022-08-25 13:50:59,500][train.train_nn_models] [Training] Epoch=83, loss=1044.5952, nll=1044.5952, l2_reg=0.0000, acc=0.1858
[ 2022-08-25 13:50:59,500][train.train_nn_models] [Validation] Epoch=83, nll=1069.5269, acc=0.1823
[ 2022-08-25 13:50:59,848][train.train_nn_models] [Training] Epoch=84, loss=1044.5779, nll=1044.5779, l2_reg=0.0000, acc=0.1855
[ 2022-08-25 13:50:59,848][train.train_nn_models] [Validation] Epoch=84, nll=1069.5071, acc=0.1821
[ 2022-08-25 13:51:00,202][train.train_nn_models] [Training] Epoch=85, loss=1044.5609, nll=1044.5609, l2_reg=0.0000, acc=0.1856
[ 2022-08-25 13:51:00,203][train.train_nn_models] [Validation] Epoch=85, nll=1069.4878, acc=0.1817
[ 2022-08-25 13:51:00,518][train.train_nn_models] [Training] Epoch=86, loss=1044.5442, nll=1044.5442, l2_reg=0.0000, acc=0.1857
[ 2022-08-25 13:51:00,518][train.train_nn_models] [Validation] Epoch=86, nll=1069.4688, acc=0.1817
[ 2022-08-25 13:51:00,832][train.train_nn_models] [Training] Epoch=87, loss=1044.5278, nll=1044.5278, l2_reg=0.0000, acc=0.1859
[ 2022-08-25 13:51:00,832][train.train_nn_models] [Validation] Epoch=87, nll=1069.4503, acc=0.1821
[ 2022-08-25 13:51:01,156][train.train_nn_models] [Training] Epoch=88, loss=1044.5117, nll=1044.5117, l2_reg=0.0000, acc=0.1857
[ 2022-08-25 13:51:01,156][train.train_nn_models] [Validation] Epoch=88, nll=1069.4320, acc=0.1823
[ 2022-08-25 13:51:01,481][train.train_nn_models] [Training] Epoch=89, loss=1044.4957, nll=1044.4957, l2_reg=0.0000, acc=0.1856
[ 2022-08-25 13:51:01,481][train.train_nn_models] [Validation] Epoch=89, nll=1069.4139, acc=0.1821
[ 2022-08-25 13:51:01,818][train.train_nn_models] [Training] Epoch=90, loss=1044.4800, nll=1044.4800, l2_reg=0.0000, acc=0.1857
[ 2022-08-25 13:51:01,818][train.train_nn_models] [Validation] Epoch=90, nll=1069.3967, acc=0.1821
[ 2022-08-25 13:51:02,159][train.train_nn_models] [Training] Epoch=91, loss=1044.4644, nll=1044.4644, l2_reg=0.0000, acc=0.1857
[ 2022-08-25 13:51:02,160][train.train_nn_models] [Validation] Epoch=91, nll=1069.3795, acc=0.1819
[ 2022-08-25 13:51:02,497][train.train_nn_models] [Training] Epoch=92, loss=1044.4491, nll=1044.4491, l2_reg=0.0000, acc=0.1857
[ 2022-08-25 13:51:02,497][train.train_nn_models] [Validation] Epoch=92, nll=1069.3636, acc=0.1815
[ 2022-08-25 13:51:02,848][train.train_nn_models] [Training] Epoch=93, loss=1044.4340, nll=1044.4340, l2_reg=0.0000, acc=0.1856
[ 2022-08-25 13:51:02,848][train.train_nn_models] [Validation] Epoch=93, nll=1069.3477, acc=0.1819
[ 2022-08-25 13:51:03,166][train.train_nn_models] [Training] Epoch=94, loss=1044.4189, nll=1044.4189, l2_reg=0.0000, acc=0.1852
[ 2022-08-25 13:51:03,166][train.train_nn_models] [Validation] Epoch=94, nll=1069.3322, acc=0.1823
[ 2022-08-25 13:51:03,526][train.train_nn_models] [Training] Epoch=95, loss=1044.4043, nll=1044.4043, l2_reg=0.0000, acc=0.1851
[ 2022-08-25 13:51:03,527][train.train_nn_models] [Validation] Epoch=95, nll=1069.3173, acc=0.1819
[ 2022-08-25 13:51:03,891][train.train_nn_models] [Training] Epoch=96, loss=1044.3898, nll=1044.3898, l2_reg=0.0000, acc=0.1849
[ 2022-08-25 13:51:03,891][train.train_nn_models] [Validation] Epoch=96, nll=1069.3022, acc=0.1813
[ 2022-08-25 13:51:04,229][train.train_nn_models] [Training] Epoch=97, loss=1044.3752, nll=1044.3752, l2_reg=0.0000, acc=0.1850
[ 2022-08-25 13:51:04,229][train.train_nn_models] [Validation] Epoch=97, nll=1069.2876, acc=0.1819
[ 2022-08-25 13:51:04,555][train.train_nn_models] [Training] Epoch=98, loss=1044.3611, nll=1044.3611, l2_reg=0.0000, acc=0.1852
[ 2022-08-25 13:51:04,555][train.train_nn_models] [Validation] Epoch=98, nll=1069.2732, acc=0.1819
[ 2022-08-25 13:51:04,884][train.train_nn_models] [Training] Epoch=99, loss=1044.3470, nll=1044.3470, l2_reg=0.0000, acc=0.1851
[ 2022-08-25 13:51:04,885][train.train_nn_models] [Validation] Epoch=99, nll=1069.2589, acc=0.1821
[ 2022-08-25 13:51:05,271][train.train_nn_models] [Training] Epoch=100, loss=1044.3331, nll=1044.3331, l2_reg=0.0000, acc=0.1848
[ 2022-08-25 13:51:05,271][train.train_nn_models] [Validation] Epoch=100, nll=1069.2450, acc=0.1827
[ 2022-08-25 13:51:05,599][train.train_nn_models] [Training] Epoch=101, loss=1044.3193, nll=1044.3193, l2_reg=0.0000, acc=0.1847
[ 2022-08-25 13:51:05,599][train.train_nn_models] [Validation] Epoch=101, nll=1069.2317, acc=0.1823
[ 2022-08-25 13:51:05,599][train.train_nn_models] Found a better model at epoch 101.
[ 2022-08-25 13:51:05,924][train.train_nn_models] [Training] Epoch=102, loss=1044.3057, nll=1044.3057, l2_reg=0.0000, acc=0.1850
[ 2022-08-25 13:51:05,924][train.train_nn_models] [Validation] Epoch=102, nll=1069.2188, acc=0.1827
[ 2022-08-25 13:51:05,924][train.train_nn_models] Found a better model at epoch 102.
[ 2022-08-25 13:51:06,279][train.train_nn_models] [Training] Epoch=103, loss=1044.2924, nll=1044.2924, l2_reg=0.0000, acc=0.1850
[ 2022-08-25 13:51:06,280][train.train_nn_models] [Validation] Epoch=103, nll=1069.2061, acc=0.1829
[ 2022-08-25 13:51:06,280][train.train_nn_models] Found a better model at epoch 103.
[ 2022-08-25 13:51:06,602][train.train_nn_models] [Training] Epoch=104, loss=1044.2792, nll=1044.2792, l2_reg=0.0000, acc=0.1850
[ 2022-08-25 13:51:06,602][train.train_nn_models] [Validation] Epoch=104, nll=1069.1936, acc=0.1829
[ 2022-08-25 13:51:06,602][train.train_nn_models] Found a better model at epoch 104.
[ 2022-08-25 13:51:06,935][train.train_nn_models] [Training] Epoch=105, loss=1044.2662, nll=1044.2662, l2_reg=0.0000, acc=0.1852
[ 2022-08-25 13:51:06,935][train.train_nn_models] [Validation] Epoch=105, nll=1069.1816, acc=0.1831
[ 2022-08-25 13:51:06,935][train.train_nn_models] Found a better model at epoch 105.
[ 2022-08-25 13:51:07,248][train.train_nn_models] [Training] Epoch=106, loss=1044.2535, nll=1044.2535, l2_reg=0.0000, acc=0.1853
[ 2022-08-25 13:51:07,248][train.train_nn_models] [Validation] Epoch=106, nll=1069.1693, acc=0.1831
[ 2022-08-25 13:51:07,249][train.train_nn_models] Found a better model at epoch 106.
[ 2022-08-25 13:51:07,596][train.train_nn_models] [Training] Epoch=107, loss=1044.2410, nll=1044.2410, l2_reg=0.0000, acc=0.1855
[ 2022-08-25 13:51:07,596][train.train_nn_models] [Validation] Epoch=107, nll=1069.1576, acc=0.1837
[ 2022-08-25 13:51:07,597][train.train_nn_models] Found a better model at epoch 107.
[ 2022-08-25 13:51:07,962][train.train_nn_models] [Training] Epoch=108, loss=1044.2285, nll=1044.2285, l2_reg=0.0000, acc=0.1856
[ 2022-08-25 13:51:07,963][train.train_nn_models] [Validation] Epoch=108, nll=1069.1460, acc=0.1841
[ 2022-08-25 13:51:07,963][train.train_nn_models] Found a better model at epoch 108.
[ 2022-08-25 13:51:08,324][train.train_nn_models] [Training] Epoch=109, loss=1044.2164, nll=1044.2164, l2_reg=0.0000, acc=0.1856
[ 2022-08-25 13:51:08,324][train.train_nn_models] [Validation] Epoch=109, nll=1069.1345, acc=0.1841
[ 2022-08-25 13:51:08,324][train.train_nn_models] Found a better model at epoch 109.
[ 2022-08-25 13:51:08,637][train.train_nn_models] [Training] Epoch=110, loss=1044.2043, nll=1044.2043, l2_reg=0.0000, acc=0.1856
[ 2022-08-25 13:51:08,637][train.train_nn_models] [Validation] Epoch=110, nll=1069.1233, acc=0.1835
[ 2022-08-25 13:51:08,637][train.train_nn_models] Found a better model at epoch 110.
[ 2022-08-25 13:51:09,015][train.train_nn_models] [Training] Epoch=111, loss=1044.1926, nll=1044.1926, l2_reg=0.0000, acc=0.1857
[ 2022-08-25 13:51:09,015][train.train_nn_models] [Validation] Epoch=111, nll=1069.1125, acc=0.1831
[ 2022-08-25 13:51:09,015][train.train_nn_models] Found a better model at epoch 111.
[ 2022-08-25 13:51:09,399][train.train_nn_models] [Training] Epoch=112, loss=1044.1813, nll=1044.1813, l2_reg=0.0000, acc=0.1857
[ 2022-08-25 13:51:09,399][train.train_nn_models] [Validation] Epoch=112, nll=1069.1018, acc=0.1835
[ 2022-08-25 13:51:09,399][train.train_nn_models] Found a better model at epoch 112.
[ 2022-08-25 13:51:09,715][train.train_nn_models] [Training] Epoch=113, loss=1044.1700, nll=1044.1700, l2_reg=0.0000, acc=0.1856
[ 2022-08-25 13:51:09,715][train.train_nn_models] [Validation] Epoch=113, nll=1069.0913, acc=0.1831
[ 2022-08-25 13:51:09,715][train.train_nn_models] Found a better model at epoch 113.
[ 2022-08-25 13:51:10,025][train.train_nn_models] [Training] Epoch=114, loss=1044.1587, nll=1044.1587, l2_reg=0.0000, acc=0.1859
[ 2022-08-25 13:51:10,025][train.train_nn_models] [Validation] Epoch=114, nll=1069.0809, acc=0.1831
[ 2022-08-25 13:51:10,025][train.train_nn_models] Found a better model at epoch 114.
[ 2022-08-25 13:51:10,355][train.train_nn_models] [Training] Epoch=115, loss=1044.1477, nll=1044.1477, l2_reg=0.0000, acc=0.1859
[ 2022-08-25 13:51:10,355][train.train_nn_models] [Validation] Epoch=115, nll=1069.0709, acc=0.1831
[ 2022-08-25 13:51:10,355][train.train_nn_models] Found a better model at epoch 115.
[ 2022-08-25 13:51:10,720][train.train_nn_models] [Training] Epoch=116, loss=1044.1371, nll=1044.1371, l2_reg=0.0000, acc=0.1860
[ 2022-08-25 13:51:10,720][train.train_nn_models] [Validation] Epoch=116, nll=1069.0612, acc=0.1831
[ 2022-08-25 13:51:10,720][train.train_nn_models] Found a better model at epoch 116.
[ 2022-08-25 13:51:11,026][train.train_nn_models] [Training] Epoch=117, loss=1044.1267, nll=1044.1267, l2_reg=0.0000, acc=0.1859
[ 2022-08-25 13:51:11,027][train.train_nn_models] [Validation] Epoch=117, nll=1069.0518, acc=0.1835
[ 2022-08-25 13:51:11,027][train.train_nn_models] Found a better model at epoch 117.
[ 2022-08-25 13:51:11,356][train.train_nn_models] [Training] Epoch=118, loss=1044.1166, nll=1044.1166, l2_reg=0.0000, acc=0.1859
[ 2022-08-25 13:51:11,357][train.train_nn_models] [Validation] Epoch=118, nll=1069.0426, acc=0.1831
[ 2022-08-25 13:51:11,357][train.train_nn_models] Found a better model at epoch 118.
[ 2022-08-25 13:51:11,678][train.train_nn_models] [Training] Epoch=119, loss=1044.1064, nll=1044.1064, l2_reg=0.0000, acc=0.1858
[ 2022-08-25 13:51:11,679][train.train_nn_models] [Validation] Epoch=119, nll=1069.0337, acc=0.1835
[ 2022-08-25 13:51:11,679][train.train_nn_models] Found a better model at epoch 119.
[ 2022-08-25 13:51:12,021][train.train_nn_models] [Training] Epoch=120, loss=1044.0966, nll=1044.0966, l2_reg=0.0000, acc=0.1856
[ 2022-08-25 13:51:12,021][train.train_nn_models] [Validation] Epoch=120, nll=1069.0249, acc=0.1839
[ 2022-08-25 13:51:12,021][train.train_nn_models] Found a better model at epoch 120.
[ 2022-08-25 13:51:12,362][train.train_nn_models] [Training] Epoch=121, loss=1044.0869, nll=1044.0869, l2_reg=0.0000, acc=0.1855
[ 2022-08-25 13:51:12,362][train.train_nn_models] [Validation] Epoch=121, nll=1069.0162, acc=0.1843
[ 2022-08-25 13:51:12,362][train.train_nn_models] Found a better model at epoch 121.
[ 2022-08-25 13:51:12,775][train.train_nn_models] [Training] Epoch=122, loss=1044.0773, nll=1044.0773, l2_reg=0.0000, acc=0.1853
[ 2022-08-25 13:51:12,775][train.train_nn_models] [Validation] Epoch=122, nll=1069.0078, acc=0.1845
[ 2022-08-25 13:51:12,775][train.train_nn_models] Found a better model at epoch 122.
[ 2022-08-25 13:51:13,104][train.train_nn_models] [Training] Epoch=123, loss=1044.0676, nll=1044.0676, l2_reg=0.0000, acc=0.1853
[ 2022-08-25 13:51:13,104][train.train_nn_models] [Validation] Epoch=123, nll=1068.9994, acc=0.1847
[ 2022-08-25 13:51:13,104][train.train_nn_models] Found a better model at epoch 123.
[ 2022-08-25 13:51:13,423][train.train_nn_models] [Training] Epoch=124, loss=1044.0585, nll=1044.0585, l2_reg=0.0000, acc=0.1852
[ 2022-08-25 13:51:13,423][train.train_nn_models] [Validation] Epoch=124, nll=1068.9913, acc=0.1843
[ 2022-08-25 13:51:13,423][train.train_nn_models] Found a better model at epoch 124.
[ 2022-08-25 13:51:13,779][train.train_nn_models] [Training] Epoch=125, loss=1044.0492, nll=1044.0492, l2_reg=0.0000, acc=0.1854
[ 2022-08-25 13:51:13,779][train.train_nn_models] [Validation] Epoch=125, nll=1068.9833, acc=0.1847
[ 2022-08-25 13:51:13,779][train.train_nn_models] Found a better model at epoch 125.
[ 2022-08-25 13:51:14,109][train.train_nn_models] [Training] Epoch=126, loss=1044.0399, nll=1044.0399, l2_reg=0.0000, acc=0.1851
[ 2022-08-25 13:51:14,110][train.train_nn_models] [Validation] Epoch=126, nll=1068.9755, acc=0.1847
[ 2022-08-25 13:51:14,110][train.train_nn_models] Found a better model at epoch 126.
[ 2022-08-25 13:51:14,427][train.train_nn_models] [Training] Epoch=127, loss=1044.0306, nll=1044.0306, l2_reg=0.0000, acc=0.1852
[ 2022-08-25 13:51:14,427][train.train_nn_models] [Validation] Epoch=127, nll=1068.9674, acc=0.1851
[ 2022-08-25 13:51:14,427][train.train_nn_models] Found a better model at epoch 127.
[ 2022-08-25 13:51:14,742][train.train_nn_models] [Training] Epoch=128, loss=1044.0214, nll=1044.0214, l2_reg=0.0000, acc=0.1852
[ 2022-08-25 13:51:14,742][train.train_nn_models] [Validation] Epoch=128, nll=1068.9597, acc=0.1843
[ 2022-08-25 13:51:14,742][train.train_nn_models] Found a better model at epoch 128.
[ 2022-08-25 13:51:15,084][train.train_nn_models] [Training] Epoch=129, loss=1044.0121, nll=1044.0121, l2_reg=0.0000, acc=0.1851
[ 2022-08-25 13:51:15,085][train.train_nn_models] [Validation] Epoch=129, nll=1068.9518, acc=0.1847
[ 2022-08-25 13:51:15,085][train.train_nn_models] Found a better model at epoch 129.
[ 2022-08-25 13:51:15,461][train.train_nn_models] [Training] Epoch=130, loss=1044.0028, nll=1044.0028, l2_reg=0.0000, acc=0.1852
[ 2022-08-25 13:51:15,461][train.train_nn_models] [Validation] Epoch=130, nll=1068.9442, acc=0.1845
[ 2022-08-25 13:51:15,461][train.train_nn_models] Found a better model at epoch 130.
[ 2022-08-25 13:51:15,778][train.train_nn_models] [Training] Epoch=131, loss=1043.9938, nll=1043.9938, l2_reg=0.0000, acc=0.1853
[ 2022-08-25 13:51:15,778][train.train_nn_models] [Validation] Epoch=131, nll=1068.9362, acc=0.1847
[ 2022-08-25 13:51:15,778][train.train_nn_models] Found a better model at epoch 131.
[ 2022-08-25 13:51:16,108][train.train_nn_models] [Training] Epoch=132, loss=1043.9846, nll=1043.9846, l2_reg=0.0000, acc=0.1854
[ 2022-08-25 13:51:16,109][train.train_nn_models] [Validation] Epoch=132, nll=1068.9282, acc=0.1843
[ 2022-08-25 13:51:16,109][train.train_nn_models] Found a better model at epoch 132.
[ 2022-08-25 13:51:16,440][train.train_nn_models] [Training] Epoch=133, loss=1043.9756, nll=1043.9756, l2_reg=0.0000, acc=0.1855
[ 2022-08-25 13:51:16,440][train.train_nn_models] [Validation] Epoch=133, nll=1068.9204, acc=0.1845
[ 2022-08-25 13:51:16,440][train.train_nn_models] Found a better model at epoch 133.
[ 2022-08-25 13:51:16,817][train.train_nn_models] [Training] Epoch=134, loss=1043.9662, nll=1043.9662, l2_reg=0.0000, acc=0.1854
[ 2022-08-25 13:51:16,817][train.train_nn_models] [Validation] Epoch=134, nll=1068.9121, acc=0.1847
[ 2022-08-25 13:51:16,817][train.train_nn_models] Found a better model at epoch 134.
[ 2022-08-25 13:51:17,144][train.train_nn_models] [Training] Epoch=135, loss=1043.9570, nll=1043.9570, l2_reg=0.0000, acc=0.1854
[ 2022-08-25 13:51:17,145][train.train_nn_models] [Validation] Epoch=135, nll=1068.9039, acc=0.1847
[ 2022-08-25 13:51:17,145][train.train_nn_models] Found a better model at epoch 135.
[ 2022-08-25 13:51:17,473][train.train_nn_models] [Training] Epoch=136, loss=1043.9479, nll=1043.9479, l2_reg=0.0000, acc=0.1853
[ 2022-08-25 13:51:17,473][train.train_nn_models] [Validation] Epoch=136, nll=1068.8956, acc=0.1841
[ 2022-08-25 13:51:17,473][train.train_nn_models] Found a better model at epoch 136.
[ 2022-08-25 13:51:17,817][train.train_nn_models] [Training] Epoch=137, loss=1043.9388, nll=1043.9388, l2_reg=0.0000, acc=0.1855
[ 2022-08-25 13:51:17,817][train.train_nn_models] [Validation] Epoch=137, nll=1068.8868, acc=0.1837
[ 2022-08-25 13:51:17,817][train.train_nn_models] Found a better model at epoch 137.
[ 2022-08-25 13:51:18,147][train.train_nn_models] [Training] Epoch=138, loss=1043.9297, nll=1043.9297, l2_reg=0.0000, acc=0.1855
[ 2022-08-25 13:51:18,148][train.train_nn_models] [Validation] Epoch=138, nll=1068.8782, acc=0.1835
[ 2022-08-25 13:51:18,148][train.train_nn_models] Found a better model at epoch 138.
[ 2022-08-25 13:51:18,472][train.train_nn_models] [Training] Epoch=139, loss=1043.9204, nll=1043.9204, l2_reg=0.0000, acc=0.1856
[ 2022-08-25 13:51:18,472][train.train_nn_models] [Validation] Epoch=139, nll=1068.8694, acc=0.1839
[ 2022-08-25 13:51:18,472][train.train_nn_models] Found a better model at epoch 139.
[ 2022-08-25 13:51:18,816][train.train_nn_models] [Training] Epoch=140, loss=1043.9114, nll=1043.9114, l2_reg=0.0000, acc=0.1860
[ 2022-08-25 13:51:18,816][train.train_nn_models] [Validation] Epoch=140, nll=1068.8608, acc=0.1849
[ 2022-08-25 13:51:18,816][train.train_nn_models] Found a better model at epoch 140.
[ 2022-08-25 13:51:19,137][train.train_nn_models] [Training] Epoch=141, loss=1043.9025, nll=1043.9025, l2_reg=0.0000, acc=0.1862
[ 2022-08-25 13:51:19,137][train.train_nn_models] [Validation] Epoch=141, nll=1068.8524, acc=0.1853
[ 2022-08-25 13:51:19,137][train.train_nn_models] Found a better model at epoch 141.
[ 2022-08-25 13:51:19,465][train.train_nn_models] [Training] Epoch=142, loss=1043.8937, nll=1043.8937, l2_reg=0.0000, acc=0.1864
[ 2022-08-25 13:51:19,466][train.train_nn_models] [Validation] Epoch=142, nll=1068.8439, acc=0.1851
[ 2022-08-25 13:51:19,466][train.train_nn_models] Found a better model at epoch 142.
[ 2022-08-25 13:51:19,805][train.train_nn_models] [Training] Epoch=143, loss=1043.8848, nll=1043.8848, l2_reg=0.0000, acc=0.1865
[ 2022-08-25 13:51:19,805][train.train_nn_models] [Validation] Epoch=143, nll=1068.8361, acc=0.1849
[ 2022-08-25 13:51:19,805][train.train_nn_models] Found a better model at epoch 143.
[ 2022-08-25 13:51:20,113][train.train_nn_models] [Training] Epoch=144, loss=1043.8761, nll=1043.8761, l2_reg=0.0000, acc=0.1865
[ 2022-08-25 13:51:20,113][train.train_nn_models] [Validation] Epoch=144, nll=1068.8281, acc=0.1845
[ 2022-08-25 13:51:20,114][train.train_nn_models] Found a better model at epoch 144.
[ 2022-08-25 13:51:20,432][train.train_nn_models] [Training] Epoch=145, loss=1043.8678, nll=1043.8678, l2_reg=0.0000, acc=0.1864
[ 2022-08-25 13:51:20,432][train.train_nn_models] [Validation] Epoch=145, nll=1068.8207, acc=0.1841
[ 2022-08-25 13:51:20,432][train.train_nn_models] Found a better model at epoch 145.
[ 2022-08-25 13:51:20,792][train.train_nn_models] [Training] Epoch=146, loss=1043.8595, nll=1043.8595, l2_reg=0.0000, acc=0.1865
[ 2022-08-25 13:51:20,792][train.train_nn_models] [Validation] Epoch=146, nll=1068.8135, acc=0.1839
[ 2022-08-25 13:51:20,792][train.train_nn_models] Found a better model at epoch 146.
[ 2022-08-25 13:51:21,106][train.train_nn_models] [Training] Epoch=147, loss=1043.8513, nll=1043.8513, l2_reg=0.0000, acc=0.1863
[ 2022-08-25 13:51:21,106][train.train_nn_models] [Validation] Epoch=147, nll=1068.8068, acc=0.1839
[ 2022-08-25 13:51:21,106][train.train_nn_models] Found a better model at epoch 147.
[ 2022-08-25 13:51:21,415][train.train_nn_models] [Training] Epoch=148, loss=1043.8435, nll=1043.8435, l2_reg=0.0000, acc=0.1862
[ 2022-08-25 13:51:21,415][train.train_nn_models] [Validation] Epoch=148, nll=1068.8003, acc=0.1831
[ 2022-08-25 13:51:21,415][train.train_nn_models] Found a better model at epoch 148.
[ 2022-08-25 13:51:21,736][train.train_nn_models] [Training] Epoch=149, loss=1043.8357, nll=1043.8357, l2_reg=0.0000, acc=0.1864
[ 2022-08-25 13:51:21,736][train.train_nn_models] [Validation] Epoch=149, nll=1068.7944, acc=0.1839
[ 2022-08-25 13:51:21,736][train.train_nn_models] Found a better model at epoch 149.
[ 2022-08-25 13:51:22,166][train.train_nn_models] [Training] Epoch=150, loss=1043.8281, nll=1043.8281, l2_reg=0.0000, acc=0.1865
[ 2022-08-25 13:51:22,166][train.train_nn_models] [Validation] Epoch=150, nll=1068.7889, acc=0.1843
[ 2022-08-25 13:51:22,166][train.train_nn_models] Found a better model at epoch 150.
[ 2022-08-25 13:51:22,600][train.train_nn_models] [Training] Epoch=151, loss=1043.8208, nll=1043.8208, l2_reg=0.0000, acc=0.1865
[ 2022-08-25 13:51:22,600][train.train_nn_models] [Validation] Epoch=151, nll=1068.7837, acc=0.1839
[ 2022-08-25 13:51:22,600][train.train_nn_models] Found a better model at epoch 151.
[ 2022-08-25 13:51:23,011][train.train_nn_models] [Training] Epoch=152, loss=1043.8132, nll=1043.8132, l2_reg=0.0000, acc=0.1862
[ 2022-08-25 13:51:23,011][train.train_nn_models] [Validation] Epoch=152, nll=1068.7788, acc=0.1845
[ 2022-08-25 13:51:23,011][train.train_nn_models] Found a better model at epoch 152.
[ 2022-08-25 13:51:23,346][train.train_nn_models] [Training] Epoch=153, loss=1043.8063, nll=1043.8063, l2_reg=0.0000, acc=0.1864
[ 2022-08-25 13:51:23,347][train.train_nn_models] [Validation] Epoch=153, nll=1068.7747, acc=0.1843
[ 2022-08-25 13:51:23,347][train.train_nn_models] Found a better model at epoch 153.
[ 2022-08-25 13:51:23,671][train.train_nn_models] [Training] Epoch=154, loss=1043.7991, nll=1043.7991, l2_reg=0.0000, acc=0.1865
[ 2022-08-25 13:51:23,672][train.train_nn_models] [Validation] Epoch=154, nll=1068.7706, acc=0.1845
[ 2022-08-25 13:51:23,672][train.train_nn_models] Found a better model at epoch 154.
[ 2022-08-25 13:51:23,987][train.train_nn_models] [Training] Epoch=155, loss=1043.7922, nll=1043.7922, l2_reg=0.0000, acc=0.1866
[ 2022-08-25 13:51:23,987][train.train_nn_models] [Validation] Epoch=155, nll=1068.7670, acc=0.1847
[ 2022-08-25 13:51:23,987][train.train_nn_models] Found a better model at epoch 155.
[ 2022-08-25 13:51:24,401][train.train_nn_models] [Training] Epoch=156, loss=1043.7855, nll=1043.7855, l2_reg=0.0000, acc=0.1865
[ 2022-08-25 13:51:24,402][train.train_nn_models] [Validation] Epoch=156, nll=1068.7637, acc=0.1847
[ 2022-08-25 13:51:24,402][train.train_nn_models] Found a better model at epoch 156.
[ 2022-08-25 13:51:24,835][train.train_nn_models] [Training] Epoch=157, loss=1043.7787, nll=1043.7787, l2_reg=0.0000, acc=0.1866
[ 2022-08-25 13:51:24,835][train.train_nn_models] [Validation] Epoch=157, nll=1068.7606, acc=0.1841
[ 2022-08-25 13:51:24,836][train.train_nn_models] Found a better model at epoch 157.
[ 2022-08-25 13:51:25,210][train.train_nn_models] [Training] Epoch=158, loss=1043.7722, nll=1043.7722, l2_reg=0.0000, acc=0.1864
[ 2022-08-25 13:51:25,210][train.train_nn_models] [Validation] Epoch=158, nll=1068.7579, acc=0.1845
[ 2022-08-25 13:51:25,210][train.train_nn_models] Found a better model at epoch 158.
[ 2022-08-25 13:51:25,559][train.train_nn_models] [Training] Epoch=159, loss=1043.7661, nll=1043.7661, l2_reg=0.0000, acc=0.1864
[ 2022-08-25 13:51:25,559][train.train_nn_models] [Validation] Epoch=159, nll=1068.7552, acc=0.1845
[ 2022-08-25 13:51:25,559][train.train_nn_models] Found a better model at epoch 159.
[ 2022-08-25 13:51:25,881][train.train_nn_models] [Training] Epoch=160, loss=1043.7599, nll=1043.7599, l2_reg=0.0000, acc=0.1865
[ 2022-08-25 13:51:25,881][train.train_nn_models] [Validation] Epoch=160, nll=1068.7529, acc=0.1845
[ 2022-08-25 13:51:25,881][train.train_nn_models] Found a better model at epoch 160.
[ 2022-08-25 13:51:26,197][train.train_nn_models] [Training] Epoch=161, loss=1043.7539, nll=1043.7539, l2_reg=0.0000, acc=0.1864
[ 2022-08-25 13:51:26,197][train.train_nn_models] [Validation] Epoch=161, nll=1068.7506, acc=0.1851
[ 2022-08-25 13:51:26,198][train.train_nn_models] Found a better model at epoch 161.
[ 2022-08-25 13:51:26,506][train.train_nn_models] [Training] Epoch=162, loss=1043.7476, nll=1043.7476, l2_reg=0.0000, acc=0.1865
[ 2022-08-25 13:51:26,506][train.train_nn_models] [Validation] Epoch=162, nll=1068.7487, acc=0.1847
[ 2022-08-25 13:51:26,506][train.train_nn_models] Found a better model at epoch 162.
[ 2022-08-25 13:51:26,835][train.train_nn_models] [Training] Epoch=163, loss=1043.7418, nll=1043.7418, l2_reg=0.0000, acc=0.1864
[ 2022-08-25 13:51:26,835][train.train_nn_models] [Validation] Epoch=163, nll=1068.7468, acc=0.1851
[ 2022-08-25 13:51:26,835][train.train_nn_models] Found a better model at epoch 163.
[ 2022-08-25 13:51:27,177][train.train_nn_models] [Training] Epoch=164, loss=1043.7361, nll=1043.7361, l2_reg=0.0000, acc=0.1865
[ 2022-08-25 13:51:27,177][train.train_nn_models] [Validation] Epoch=164, nll=1068.7451, acc=0.1849
[ 2022-08-25 13:51:27,177][train.train_nn_models] Found a better model at epoch 164.
[ 2022-08-25 13:51:27,526][train.train_nn_models] [Training] Epoch=165, loss=1043.7305, nll=1043.7305, l2_reg=0.0000, acc=0.1865
[ 2022-08-25 13:51:27,526][train.train_nn_models] [Validation] Epoch=165, nll=1068.7437, acc=0.1851
[ 2022-08-25 13:51:27,526][train.train_nn_models] Found a better model at epoch 165.
[ 2022-08-25 13:51:27,861][train.train_nn_models] [Training] Epoch=166, loss=1043.7249, nll=1043.7249, l2_reg=0.0000, acc=0.1865
[ 2022-08-25 13:51:27,861][train.train_nn_models] [Validation] Epoch=166, nll=1068.7426, acc=0.1851
[ 2022-08-25 13:51:27,861][train.train_nn_models] Found a better model at epoch 166.
[ 2022-08-25 13:51:28,203][train.train_nn_models] [Training] Epoch=167, loss=1043.7194, nll=1043.7194, l2_reg=0.0000, acc=0.1864
[ 2022-08-25 13:51:28,204][train.train_nn_models] [Validation] Epoch=167, nll=1068.7413, acc=0.1853
[ 2022-08-25 13:51:28,204][train.train_nn_models] Found a better model at epoch 167.
[ 2022-08-25 13:51:28,625][train.train_nn_models] [Training] Epoch=168, loss=1043.7140, nll=1043.7140, l2_reg=0.0000, acc=0.1863
[ 2022-08-25 13:51:28,625][train.train_nn_models] [Validation] Epoch=168, nll=1068.7400, acc=0.1859
[ 2022-08-25 13:51:28,625][train.train_nn_models] Found a better model at epoch 168.
[ 2022-08-25 13:51:29,061][train.train_nn_models] [Training] Epoch=169, loss=1043.7087, nll=1043.7087, l2_reg=0.0000, acc=0.1864
[ 2022-08-25 13:51:29,061][train.train_nn_models] [Validation] Epoch=169, nll=1068.7389, acc=0.1861
[ 2022-08-25 13:51:29,061][train.train_nn_models] Found a better model at epoch 169.
[ 2022-08-25 13:51:29,423][train.train_nn_models] [Training] Epoch=170, loss=1043.7035, nll=1043.7035, l2_reg=0.0000, acc=0.1865
[ 2022-08-25 13:51:29,423][train.train_nn_models] [Validation] Epoch=170, nll=1068.7379, acc=0.1865
[ 2022-08-25 13:51:29,423][train.train_nn_models] Found a better model at epoch 170.
[ 2022-08-25 13:51:29,770][train.train_nn_models] [Training] Epoch=171, loss=1043.6984, nll=1043.6984, l2_reg=0.0000, acc=0.1865
[ 2022-08-25 13:51:29,771][train.train_nn_models] [Validation] Epoch=171, nll=1068.7373, acc=0.1867
[ 2022-08-25 13:51:29,771][train.train_nn_models] Found a better model at epoch 171.
[ 2022-08-25 13:51:30,094][train.train_nn_models] [Training] Epoch=172, loss=1043.6934, nll=1043.6934, l2_reg=0.0000, acc=0.1865
[ 2022-08-25 13:51:30,094][train.train_nn_models] [Validation] Epoch=172, nll=1068.7365, acc=0.1869
[ 2022-08-25 13:51:30,095][train.train_nn_models] Found a better model at epoch 172.
[ 2022-08-25 13:51:30,404][train.train_nn_models] [Training] Epoch=173, loss=1043.6882, nll=1043.6882, l2_reg=0.0000, acc=0.1862
[ 2022-08-25 13:51:30,404][train.train_nn_models] [Validation] Epoch=173, nll=1068.7355, acc=0.1871
[ 2022-08-25 13:51:30,404][train.train_nn_models] Found a better model at epoch 173.
[ 2022-08-25 13:51:30,720][train.train_nn_models] [Training] Epoch=174, loss=1043.6830, nll=1043.6830, l2_reg=0.0000, acc=0.1863
[ 2022-08-25 13:51:30,720][train.train_nn_models] [Validation] Epoch=174, nll=1068.7347, acc=0.1873
[ 2022-08-25 13:51:30,720][train.train_nn_models] Found a better model at epoch 174.
[ 2022-08-25 13:51:31,139][train.train_nn_models] [Training] Epoch=175, loss=1043.6780, nll=1043.6780, l2_reg=0.0000, acc=0.1865
[ 2022-08-25 13:51:31,139][train.train_nn_models] [Validation] Epoch=175, nll=1068.7339, acc=0.1877
[ 2022-08-25 13:51:31,140][train.train_nn_models] Found a better model at epoch 175.
[ 2022-08-25 13:51:31,516][train.train_nn_models] [Training] Epoch=176, loss=1043.6729, nll=1043.6729, l2_reg=0.0000, acc=0.1864
[ 2022-08-25 13:51:31,517][train.train_nn_models] [Validation] Epoch=176, nll=1068.7333, acc=0.1881
[ 2022-08-25 13:51:31,517][train.train_nn_models] Found a better model at epoch 176.
[ 2022-08-25 13:51:31,838][train.train_nn_models] [Training] Epoch=177, loss=1043.6680, nll=1043.6680, l2_reg=0.0000, acc=0.1862
[ 2022-08-25 13:51:31,838][train.train_nn_models] [Validation] Epoch=177, nll=1068.7327, acc=0.1875
[ 2022-08-25 13:51:31,838][train.train_nn_models] Found a better model at epoch 177.
[ 2022-08-25 13:51:32,171][train.train_nn_models] [Training] Epoch=178, loss=1043.6631, nll=1043.6631, l2_reg=0.0000, acc=0.1864
[ 2022-08-25 13:51:32,172][train.train_nn_models] [Validation] Epoch=178, nll=1068.7319, acc=0.1871
[ 2022-08-25 13:51:32,172][train.train_nn_models] Found a better model at epoch 178.
[ 2022-08-25 13:51:32,536][train.train_nn_models] [Training] Epoch=179, loss=1043.6583, nll=1043.6583, l2_reg=0.0000, acc=0.1866
[ 2022-08-25 13:51:32,536][train.train_nn_models] [Validation] Epoch=179, nll=1068.7310, acc=0.1867
[ 2022-08-25 13:51:32,536][train.train_nn_models] Found a better model at epoch 179.
[ 2022-08-25 13:51:32,965][train.train_nn_models] [Training] Epoch=180, loss=1043.6533, nll=1043.6533, l2_reg=0.0000, acc=0.1866
[ 2022-08-25 13:51:32,965][train.train_nn_models] [Validation] Epoch=180, nll=1068.7299, acc=0.1865
[ 2022-08-25 13:51:32,965][train.train_nn_models] Found a better model at epoch 180.
[ 2022-08-25 13:51:33,382][train.train_nn_models] [Training] Epoch=181, loss=1043.6483, nll=1043.6483, l2_reg=0.0000, acc=0.1864
[ 2022-08-25 13:51:33,383][train.train_nn_models] [Validation] Epoch=181, nll=1068.7288, acc=0.1867
[ 2022-08-25 13:51:33,383][train.train_nn_models] Found a better model at epoch 181.
[ 2022-08-25 13:51:33,722][train.train_nn_models] [Training] Epoch=182, loss=1043.6432, nll=1043.6432, l2_reg=0.0000, acc=0.1864
[ 2022-08-25 13:51:33,723][train.train_nn_models] [Validation] Epoch=182, nll=1068.7280, acc=0.1867
[ 2022-08-25 13:51:33,723][train.train_nn_models] Found a better model at epoch 182.
[ 2022-08-25 13:51:34,062][train.train_nn_models] [Training] Epoch=183, loss=1043.6382, nll=1043.6382, l2_reg=0.0000, acc=0.1866
[ 2022-08-25 13:51:34,062][train.train_nn_models] [Validation] Epoch=183, nll=1068.7268, acc=0.1871
[ 2022-08-25 13:51:34,062][train.train_nn_models] Found a better model at epoch 183.
[ 2022-08-25 13:51:34,421][train.train_nn_models] [Training] Epoch=184, loss=1043.6329, nll=1043.6329, l2_reg=0.0000, acc=0.1864
[ 2022-08-25 13:51:34,421][train.train_nn_models] [Validation] Epoch=184, nll=1068.7261, acc=0.1877
[ 2022-08-25 13:51:34,421][train.train_nn_models] Found a better model at epoch 184.
[ 2022-08-25 13:51:34,817][train.train_nn_models] [Training] Epoch=185, loss=1043.6278, nll=1043.6278, l2_reg=0.0000, acc=0.1865
[ 2022-08-25 13:51:34,817][train.train_nn_models] [Validation] Epoch=185, nll=1068.7251, acc=0.1877
[ 2022-08-25 13:51:34,817][train.train_nn_models] Found a better model at epoch 185.
[ 2022-08-25 13:51:35,269][train.train_nn_models] [Training] Epoch=186, loss=1043.6227, nll=1043.6227, l2_reg=0.0000, acc=0.1864
[ 2022-08-25 13:51:35,269][train.train_nn_models] [Validation] Epoch=186, nll=1068.7241, acc=0.1879
[ 2022-08-25 13:51:35,269][train.train_nn_models] Found a better model at epoch 186.
[ 2022-08-25 13:51:35,637][train.train_nn_models] [Training] Epoch=187, loss=1043.6176, nll=1043.6176, l2_reg=0.0000, acc=0.1865
[ 2022-08-25 13:51:35,638][train.train_nn_models] [Validation] Epoch=187, nll=1068.7233, acc=0.1881
[ 2022-08-25 13:51:35,638][train.train_nn_models] Found a better model at epoch 187.
[ 2022-08-25 13:51:35,949][train.train_nn_models] [Training] Epoch=188, loss=1043.6128, nll=1043.6128, l2_reg=0.0000, acc=0.1866
[ 2022-08-25 13:51:35,950][train.train_nn_models] [Validation] Epoch=188, nll=1068.7224, acc=0.1885
[ 2022-08-25 13:51:35,950][train.train_nn_models] Found a better model at epoch 188.
[ 2022-08-25 13:51:36,259][train.train_nn_models] [Training] Epoch=189, loss=1043.6077, nll=1043.6077, l2_reg=0.0000, acc=0.1868
[ 2022-08-25 13:51:36,260][train.train_nn_models] [Validation] Epoch=189, nll=1068.7213, acc=0.1883
[ 2022-08-25 13:51:36,260][train.train_nn_models] Found a better model at epoch 189.
[ 2022-08-25 13:51:36,623][train.train_nn_models] [Training] Epoch=190, loss=1043.6024, nll=1043.6024, l2_reg=0.0000, acc=0.1868
[ 2022-08-25 13:51:36,623][train.train_nn_models] [Validation] Epoch=190, nll=1068.7206, acc=0.1887
[ 2022-08-25 13:51:36,623][train.train_nn_models] Found a better model at epoch 190.
[ 2022-08-25 13:51:37,039][train.train_nn_models] [Training] Epoch=191, loss=1043.5973, nll=1043.5973, l2_reg=0.0000, acc=0.1867
[ 2022-08-25 13:51:37,040][train.train_nn_models] [Validation] Epoch=191, nll=1068.7196, acc=0.1885
[ 2022-08-25 13:51:37,040][train.train_nn_models] Found a better model at epoch 191.
[ 2022-08-25 13:51:37,481][train.train_nn_models] [Training] Epoch=192, loss=1043.5920, nll=1043.5920, l2_reg=0.0000, acc=0.1870
[ 2022-08-25 13:51:37,481][train.train_nn_models] [Validation] Epoch=192, nll=1068.7188, acc=0.1887
[ 2022-08-25 13:51:37,481][train.train_nn_models] Found a better model at epoch 192.
[ 2022-08-25 13:51:37,866][train.train_nn_models] [Training] Epoch=193, loss=1043.5872, nll=1043.5872, l2_reg=0.0000, acc=0.1870
[ 2022-08-25 13:51:37,866][train.train_nn_models] [Validation] Epoch=193, nll=1068.7179, acc=0.1889
[ 2022-08-25 13:51:37,866][train.train_nn_models] Found a better model at epoch 193.
[ 2022-08-25 13:51:38,191][train.train_nn_models] [Training] Epoch=194, loss=1043.5820, nll=1043.5820, l2_reg=0.0000, acc=0.1871
[ 2022-08-25 13:51:38,192][train.train_nn_models] [Validation] Epoch=194, nll=1068.7170, acc=0.1887
[ 2022-08-25 13:51:38,192][train.train_nn_models] Found a better model at epoch 194.
[ 2022-08-25 13:51:38,508][train.train_nn_models] [Training] Epoch=195, loss=1043.5771, nll=1043.5771, l2_reg=0.0000, acc=0.1867
[ 2022-08-25 13:51:38,508][train.train_nn_models] [Validation] Epoch=195, nll=1068.7163, acc=0.1893
[ 2022-08-25 13:51:38,508][train.train_nn_models] Found a better model at epoch 195.
[ 2022-08-25 13:51:38,834][train.train_nn_models] [Training] Epoch=196, loss=1043.5720, nll=1043.5720, l2_reg=0.0000, acc=0.1870
[ 2022-08-25 13:51:38,835][train.train_nn_models] [Validation] Epoch=196, nll=1068.7152, acc=0.1885
[ 2022-08-25 13:51:38,835][train.train_nn_models] Found a better model at epoch 196.
[ 2022-08-25 13:51:39,180][train.train_nn_models] [Training] Epoch=197, loss=1043.5670, nll=1043.5670, l2_reg=0.0000, acc=0.1873
[ 2022-08-25 13:51:39,181][train.train_nn_models] [Validation] Epoch=197, nll=1068.7144, acc=0.1881
[ 2022-08-25 13:51:39,181][train.train_nn_models] Found a better model at epoch 197.
[ 2022-08-25 13:51:39,564][train.train_nn_models] [Training] Epoch=198, loss=1043.5619, nll=1043.5619, l2_reg=0.0000, acc=0.1870
[ 2022-08-25 13:51:39,564][train.train_nn_models] [Validation] Epoch=198, nll=1068.7134, acc=0.1883
[ 2022-08-25 13:51:39,565][train.train_nn_models] Found a better model at epoch 198.
[ 2022-08-25 13:51:39,957][train.train_nn_models] [Training] Epoch=199, loss=1043.5570, nll=1043.5570, l2_reg=0.0000, acc=0.1870
[ 2022-08-25 13:51:39,958][train.train_nn_models] [Validation] Epoch=199, nll=1068.7126, acc=0.1883
[ 2022-08-25 13:51:39,958][train.train_nn_models] Found a better model at epoch 199.
[ 2022-08-25 13:51:40,024][train.eval_nll] [Test]nll=1030.0712, acc=0.1874
[ 2022-08-25 13:54:49,094][train.<module>]                    timestamp  ...                                             config
0 2022-08-25 13:54:49.074038  ...  {'model': 'Tran', 'dataset': 'pgem-1K-15', 'in...
1 2022-08-25 13:54:49.074038  ...  {'model': 'Tran', 'dataset': 'pgem-1K-15', 'in...
2 2022-08-25 13:54:49.074038  ...  {'model': 'Tran', 'dataset': 'pgem-1K-15', 'in...
3 2022-08-25 13:54:49.074038  ...  {'model': 'Tran', 'dataset': 'pgem-1K-15', 'in...
4 2022-08-25 13:54:49.074038  ...  {'model': 'Tran', 'dataset': 'pgem-1K-15', 'in...
5 2022-08-25 13:54:49.074038  ...  {'model': 'Tran', 'dataset': 'pgem-1K-15', 'in...

[6 rows x 7 columns]
