[ 2022-08-04 11:25:06,690][train.<module>] Namespace(attr_batch_size=0, basis_type='dyadic', batch_size=64, bucket_seqs=False, cuda=True, dataset='pgem-1K-10', dropout=0.0, embedding_dim=64, epochs=200, hidden_size=64, input_dir='data/input', l2_reg=0, lr=0.001, max_mean=20.0, model='Tran', n_bases=7, num_workers=0, occurred_type_only=False, optimizer='Adam', output_dir='data/output', rand_seed=0, skip_eval_infectivity=False, skip_pred_next_event=False, split_id=2, steps=50, tune_metric='nll', verbose=False)
[ 2022-08-04 11:25:08,533][train.train_nn_models] [Training] Epoch=0, loss=6822.4106, nll=6822.4106, l2_reg=0.0000, acc=0.1371
[ 2022-08-04 11:25:08,533][train.train_nn_models] [Validation] Epoch=0, nll=2897.5056, acc=0.1479
[ 2022-08-04 11:25:09,931][train.train_nn_models] [Training] Epoch=1, loss=1539.1067, nll=1539.1067, l2_reg=0.0000, acc=0.1526
[ 2022-08-04 11:25:09,932][train.train_nn_models] [Validation] Epoch=1, nll=807.8858, acc=0.1583
[ 2022-08-04 11:25:11,369][train.train_nn_models] [Training] Epoch=2, loss=777.9702, nll=777.9702, l2_reg=0.0000, acc=0.2210
[ 2022-08-04 11:25:11,369][train.train_nn_models] [Validation] Epoch=2, nll=781.0829, acc=0.2609
[ 2022-08-04 11:25:12,769][train.train_nn_models] [Training] Epoch=3, loss=736.0999, nll=736.0999, l2_reg=0.0000, acc=0.2717
[ 2022-08-04 11:25:12,769][train.train_nn_models] [Validation] Epoch=3, nll=720.1519, acc=0.2735
[ 2022-08-04 11:25:14,189][train.train_nn_models] [Training] Epoch=4, loss=704.8514, nll=704.8514, l2_reg=0.0000, acc=0.2759
[ 2022-08-04 11:25:14,190][train.train_nn_models] [Validation] Epoch=4, nll=709.5864, acc=0.2762
[ 2022-08-04 11:25:15,601][train.train_nn_models] [Training] Epoch=5, loss=696.5425, nll=696.5425, l2_reg=0.0000, acc=0.2788
[ 2022-08-04 11:25:15,601][train.train_nn_models] [Validation] Epoch=5, nll=707.1592, acc=0.2764
[ 2022-08-04 11:25:17,008][train.train_nn_models] [Training] Epoch=6, loss=694.8218, nll=694.8218, l2_reg=0.0000, acc=0.2804
[ 2022-08-04 11:25:17,008][train.train_nn_models] [Validation] Epoch=6, nll=705.5268, acc=0.2741
[ 2022-08-04 11:25:18,421][train.train_nn_models] [Training] Epoch=7, loss=693.7105, nll=693.7105, l2_reg=0.0000, acc=0.2800
[ 2022-08-04 11:25:18,422][train.train_nn_models] [Validation] Epoch=7, nll=704.7136, acc=0.2717
[ 2022-08-04 11:25:19,830][train.train_nn_models] [Training] Epoch=8, loss=692.9932, nll=692.9932, l2_reg=0.0000, acc=0.2794
[ 2022-08-04 11:25:19,831][train.train_nn_models] [Validation] Epoch=8, nll=704.0178, acc=0.2736
[ 2022-08-04 11:25:21,227][train.train_nn_models] [Training] Epoch=9, loss=692.4485, nll=692.4485, l2_reg=0.0000, acc=0.2796
[ 2022-08-04 11:25:21,227][train.train_nn_models] [Validation] Epoch=9, nll=703.5440, acc=0.2748
[ 2022-08-04 11:25:22,624][train.train_nn_models] [Training] Epoch=10, loss=692.0093, nll=692.0093, l2_reg=0.0000, acc=0.2795
[ 2022-08-04 11:25:22,625][train.train_nn_models] [Validation] Epoch=10, nll=703.1571, acc=0.2760
[ 2022-08-04 11:25:23,988][train.train_nn_models] [Training] Epoch=11, loss=691.6615, nll=691.6615, l2_reg=0.0000, acc=0.2798
[ 2022-08-04 11:25:23,988][train.train_nn_models] [Validation] Epoch=11, nll=702.9125, acc=0.2756
[ 2022-08-04 11:25:25,350][train.train_nn_models] [Training] Epoch=12, loss=691.4508, nll=691.4508, l2_reg=0.0000, acc=0.2793
[ 2022-08-04 11:25:25,351][train.train_nn_models] [Validation] Epoch=12, nll=702.7811, acc=0.2745
[ 2022-08-04 11:25:26,697][train.train_nn_models] [Training] Epoch=13, loss=691.3234, nll=691.3234, l2_reg=0.0000, acc=0.2796
[ 2022-08-04 11:25:26,698][train.train_nn_models] [Validation] Epoch=13, nll=702.7106, acc=0.2757
[ 2022-08-04 11:25:28,068][train.train_nn_models] [Training] Epoch=14, loss=691.2342, nll=691.2342, l2_reg=0.0000, acc=0.2799
[ 2022-08-04 11:25:28,068][train.train_nn_models] [Validation] Epoch=14, nll=702.6655, acc=0.2740
[ 2022-08-04 11:25:29,422][train.train_nn_models] [Training] Epoch=15, loss=691.1658, nll=691.1658, l2_reg=0.0000, acc=0.2799
[ 2022-08-04 11:25:29,423][train.train_nn_models] [Validation] Epoch=15, nll=702.6304, acc=0.2751
[ 2022-08-04 11:25:30,812][train.train_nn_models] [Training] Epoch=16, loss=691.1094, nll=691.1094, l2_reg=0.0000, acc=0.2799
[ 2022-08-04 11:25:30,813][train.train_nn_models] [Validation] Epoch=16, nll=702.6019, acc=0.2756
[ 2022-08-04 11:25:32,245][train.train_nn_models] [Training] Epoch=17, loss=691.0610, nll=691.0610, l2_reg=0.0000, acc=0.2800
[ 2022-08-04 11:25:32,246][train.train_nn_models] [Validation] Epoch=17, nll=702.5773, acc=0.2756
[ 2022-08-04 11:25:33,642][train.train_nn_models] [Training] Epoch=18, loss=691.0167, nll=691.0167, l2_reg=0.0000, acc=0.2799
[ 2022-08-04 11:25:33,643][train.train_nn_models] [Validation] Epoch=18, nll=702.5540, acc=0.2773
[ 2022-08-04 11:25:35,029][train.train_nn_models] [Training] Epoch=19, loss=690.9734, nll=690.9734, l2_reg=0.0000, acc=0.2801
[ 2022-08-04 11:25:35,029][train.train_nn_models] [Validation] Epoch=19, nll=702.5303, acc=0.2776
[ 2022-08-04 11:25:36,359][train.train_nn_models] [Training] Epoch=20, loss=690.9283, nll=690.9283, l2_reg=0.0000, acc=0.2803
[ 2022-08-04 11:25:36,359][train.train_nn_models] [Validation] Epoch=20, nll=702.5057, acc=0.2770
[ 2022-08-04 11:25:37,768][train.train_nn_models] [Training] Epoch=21, loss=690.8784, nll=690.8784, l2_reg=0.0000, acc=0.2803
[ 2022-08-04 11:25:37,768][train.train_nn_models] [Validation] Epoch=21, nll=702.4788, acc=0.2763
[ 2022-08-04 11:25:39,167][train.train_nn_models] [Training] Epoch=22, loss=690.8259, nll=690.8259, l2_reg=0.0000, acc=0.2804
[ 2022-08-04 11:25:39,167][train.train_nn_models] [Validation] Epoch=22, nll=702.4467, acc=0.2780
[ 2022-08-04 11:25:40,578][train.train_nn_models] [Training] Epoch=23, loss=690.7836, nll=690.7836, l2_reg=0.0000, acc=0.2807
[ 2022-08-04 11:25:40,579][train.train_nn_models] [Validation] Epoch=23, nll=702.4124, acc=0.2778
[ 2022-08-04 11:25:41,925][train.train_nn_models] [Training] Epoch=24, loss=690.7637, nll=690.7637, l2_reg=0.0000, acc=0.2804
[ 2022-08-04 11:25:41,926][train.train_nn_models] [Validation] Epoch=24, nll=702.3884, acc=0.2771
[ 2022-08-04 11:25:43,312][train.train_nn_models] [Training] Epoch=25, loss=690.7628, nll=690.7628, l2_reg=0.0000, acc=0.2803
[ 2022-08-04 11:25:43,312][train.train_nn_models] [Validation] Epoch=25, nll=702.3774, acc=0.2770
[ 2022-08-04 11:25:44,695][train.train_nn_models] [Training] Epoch=26, loss=690.7744, nll=690.7744, l2_reg=0.0000, acc=0.2805
[ 2022-08-04 11:25:44,695][train.train_nn_models] [Validation] Epoch=26, nll=702.3770, acc=0.2766
[ 2022-08-04 11:25:45,999][train.train_nn_models] [Training] Epoch=27, loss=690.7915, nll=690.7915, l2_reg=0.0000, acc=0.2805
[ 2022-08-04 11:25:46,000][train.train_nn_models] [Validation] Epoch=27, nll=702.3820, acc=0.2775
[ 2022-08-04 11:25:47,368][train.train_nn_models] [Training] Epoch=28, loss=690.8077, nll=690.8077, l2_reg=0.0000, acc=0.2809
[ 2022-08-04 11:25:47,368][train.train_nn_models] [Validation] Epoch=28, nll=702.3885, acc=0.2775
[ 2022-08-04 11:25:48,764][train.train_nn_models] [Training] Epoch=29, loss=690.8187, nll=690.8187, l2_reg=0.0000, acc=0.2808
[ 2022-08-04 11:25:48,764][train.train_nn_models] [Validation] Epoch=29, nll=702.3936, acc=0.2771
[ 2022-08-04 11:25:50,147][train.train_nn_models] [Training] Epoch=30, loss=690.8232, nll=690.8232, l2_reg=0.0000, acc=0.2808
[ 2022-08-04 11:25:50,147][train.train_nn_models] [Validation] Epoch=30, nll=702.3948, acc=0.2776
[ 2022-08-04 11:25:51,496][train.train_nn_models] [Training] Epoch=31, loss=690.8213, nll=690.8213, l2_reg=0.0000, acc=0.2808
[ 2022-08-04 11:25:51,496][train.train_nn_models] [Validation] Epoch=31, nll=702.3895, acc=0.2768
[ 2022-08-04 11:25:52,843][train.train_nn_models] [Training] Epoch=32, loss=690.8139, nll=690.8139, l2_reg=0.0000, acc=0.2810
[ 2022-08-04 11:25:52,843][train.train_nn_models] [Validation] Epoch=32, nll=702.3779, acc=0.2773
[ 2022-08-04 11:25:54,233][train.train_nn_models] [Training] Epoch=33, loss=690.8027, nll=690.8027, l2_reg=0.0000, acc=0.2812
[ 2022-08-04 11:25:54,234][train.train_nn_models] [Validation] Epoch=33, nll=702.3625, acc=0.2772
[ 2022-08-04 11:25:55,617][train.train_nn_models] [Training] Epoch=34, loss=690.7899, nll=690.7899, l2_reg=0.0000, acc=0.2813
[ 2022-08-04 11:25:55,618][train.train_nn_models] [Validation] Epoch=34, nll=702.3465, acc=0.2777
[ 2022-08-04 11:25:57,006][train.train_nn_models] [Training] Epoch=35, loss=690.7780, nll=690.7780, l2_reg=0.0000, acc=0.2812
[ 2022-08-04 11:25:57,007][train.train_nn_models] [Validation] Epoch=35, nll=702.3320, acc=0.2777
[ 2022-08-04 11:25:58,353][train.train_nn_models] [Training] Epoch=36, loss=690.7690, nll=690.7690, l2_reg=0.0000, acc=0.2810
[ 2022-08-04 11:25:58,353][train.train_nn_models] [Validation] Epoch=36, nll=702.3196, acc=0.2779
[ 2022-08-04 11:25:59,754][train.train_nn_models] [Training] Epoch=37, loss=690.7628, nll=690.7628, l2_reg=0.0000, acc=0.2813
[ 2022-08-04 11:25:59,755][train.train_nn_models] [Validation] Epoch=37, nll=702.3095, acc=0.2782
[ 2022-08-04 11:26:01,120][train.train_nn_models] [Training] Epoch=38, loss=690.7589, nll=690.7589, l2_reg=0.0000, acc=0.2815
[ 2022-08-04 11:26:01,121][train.train_nn_models] [Validation] Epoch=38, nll=702.3021, acc=0.2775
[ 2022-08-04 11:26:02,542][train.train_nn_models] [Training] Epoch=39, loss=690.7567, nll=690.7567, l2_reg=0.0000, acc=0.2815
[ 2022-08-04 11:26:02,542][train.train_nn_models] [Validation] Epoch=39, nll=702.2981, acc=0.2771
[ 2022-08-04 11:26:03,892][train.train_nn_models] [Training] Epoch=40, loss=690.7546, nll=690.7546, l2_reg=0.0000, acc=0.2815
[ 2022-08-04 11:26:03,892][train.train_nn_models] [Validation] Epoch=40, nll=702.2988, acc=0.2771
[ 2022-08-04 11:26:05,269][train.train_nn_models] [Training] Epoch=41, loss=690.7514, nll=690.7514, l2_reg=0.0000, acc=0.2817
[ 2022-08-04 11:26:05,270][train.train_nn_models] [Validation] Epoch=41, nll=702.3047, acc=0.2770
[ 2022-08-04 11:26:06,659][train.train_nn_models] [Training] Epoch=42, loss=690.7468, nll=690.7468, l2_reg=0.0000, acc=0.2817
[ 2022-08-04 11:26:06,660][train.train_nn_models] [Validation] Epoch=42, nll=702.3165, acc=0.2778
[ 2022-08-04 11:26:08,124][train.train_nn_models] [Training] Epoch=43, loss=690.7432, nll=690.7432, l2_reg=0.0000, acc=0.2818
[ 2022-08-04 11:26:08,124][train.train_nn_models] [Validation] Epoch=43, nll=702.3324, acc=0.2785
[ 2022-08-04 11:26:09,464][train.train_nn_models] [Training] Epoch=44, loss=690.7450, nll=690.7450, l2_reg=0.0000, acc=0.2818
[ 2022-08-04 11:26:09,465][train.train_nn_models] [Validation] Epoch=44, nll=702.3444, acc=0.2796
[ 2022-08-04 11:26:10,834][train.train_nn_models] [Training] Epoch=45, loss=690.7496, nll=690.7496, l2_reg=0.0000, acc=0.2818
[ 2022-08-04 11:26:10,835][train.train_nn_models] [Validation] Epoch=45, nll=702.3485, acc=0.2796
[ 2022-08-04 11:26:12,210][train.train_nn_models] [Training] Epoch=46, loss=690.7435, nll=690.7435, l2_reg=0.0000, acc=0.2815
[ 2022-08-04 11:26:12,211][train.train_nn_models] [Validation] Epoch=46, nll=702.3463, acc=0.2794
[ 2022-08-04 11:26:13,537][train.train_nn_models] [Training] Epoch=47, loss=690.7169, nll=690.7169, l2_reg=0.0000, acc=0.2817
[ 2022-08-04 11:26:13,537][train.train_nn_models] [Validation] Epoch=47, nll=702.3335, acc=0.2791
[ 2022-08-04 11:26:14,905][train.train_nn_models] [Training] Epoch=48, loss=690.6810, nll=690.6810, l2_reg=0.0000, acc=0.2820
[ 2022-08-04 11:26:14,906][train.train_nn_models] [Validation] Epoch=48, nll=702.3129, acc=0.2801
[ 2022-08-04 11:26:16,290][train.train_nn_models] [Training] Epoch=49, loss=690.6526, nll=690.6526, l2_reg=0.0000, acc=0.2817
[ 2022-08-04 11:26:16,291][train.train_nn_models] [Validation] Epoch=49, nll=702.2943, acc=0.2802
[ 2022-08-04 11:26:17,625][train.train_nn_models] [Training] Epoch=50, loss=690.6347, nll=690.6347, l2_reg=0.0000, acc=0.2814
[ 2022-08-04 11:26:17,626][train.train_nn_models] [Validation] Epoch=50, nll=702.2821, acc=0.2802
[ 2022-08-04 11:26:19,018][train.train_nn_models] [Training] Epoch=51, loss=690.6213, nll=690.6213, l2_reg=0.0000, acc=0.2815
[ 2022-08-04 11:26:19,018][train.train_nn_models] [Validation] Epoch=51, nll=702.2754, acc=0.2811
[ 2022-08-04 11:26:20,431][train.train_nn_models] [Training] Epoch=52, loss=690.6066, nll=690.6066, l2_reg=0.0000, acc=0.2814
[ 2022-08-04 11:26:20,431][train.train_nn_models] [Validation] Epoch=52, nll=702.2692, acc=0.2818
[ 2022-08-04 11:26:21,852][train.train_nn_models] [Training] Epoch=53, loss=690.5926, nll=690.5926, l2_reg=0.0000, acc=0.2815
[ 2022-08-04 11:26:21,853][train.train_nn_models] [Validation] Epoch=53, nll=702.2599, acc=0.2821
[ 2022-08-04 11:26:23,211][train.train_nn_models] [Training] Epoch=54, loss=690.5813, nll=690.5813, l2_reg=0.0000, acc=0.2817
[ 2022-08-04 11:26:23,211][train.train_nn_models] [Validation] Epoch=54, nll=702.2512, acc=0.2823
[ 2022-08-04 11:26:24,557][train.train_nn_models] [Training] Epoch=55, loss=690.5713, nll=690.5713, l2_reg=0.0000, acc=0.2812
[ 2022-08-04 11:26:24,557][train.train_nn_models] [Validation] Epoch=55, nll=702.2455, acc=0.2831
[ 2022-08-04 11:26:25,931][train.train_nn_models] [Training] Epoch=56, loss=690.5596, nll=690.5596, l2_reg=0.0000, acc=0.2810
[ 2022-08-04 11:26:25,932][train.train_nn_models] [Validation] Epoch=56, nll=702.2392, acc=0.2832
[ 2022-08-04 11:26:27,290][train.train_nn_models] [Training] Epoch=57, loss=690.5483, nll=690.5483, l2_reg=0.0000, acc=0.2810
[ 2022-08-04 11:26:27,291][train.train_nn_models] [Validation] Epoch=57, nll=702.2307, acc=0.2827
[ 2022-08-04 11:26:28,651][train.train_nn_models] [Training] Epoch=58, loss=690.5392, nll=690.5392, l2_reg=0.0000, acc=0.2807
[ 2022-08-04 11:26:28,651][train.train_nn_models] [Validation] Epoch=58, nll=702.2247, acc=0.2812
[ 2022-08-04 11:26:30,006][train.train_nn_models] [Training] Epoch=59, loss=690.5294, nll=690.5294, l2_reg=0.0000, acc=0.2807
[ 2022-08-04 11:26:30,007][train.train_nn_models] [Validation] Epoch=59, nll=702.2202, acc=0.2804
[ 2022-08-04 11:26:31,352][train.train_nn_models] [Training] Epoch=60, loss=690.5193, nll=690.5193, l2_reg=0.0000, acc=0.2808
[ 2022-08-04 11:26:31,352][train.train_nn_models] [Validation] Epoch=60, nll=702.2158, acc=0.2802
[ 2022-08-04 11:26:32,728][train.train_nn_models] [Training] Epoch=61, loss=690.5101, nll=690.5101, l2_reg=0.0000, acc=0.2808
[ 2022-08-04 11:26:32,729][train.train_nn_models] [Validation] Epoch=61, nll=702.2098, acc=0.2789
[ 2022-08-04 11:26:34,181][train.train_nn_models] [Training] Epoch=62, loss=690.5035, nll=690.5035, l2_reg=0.0000, acc=0.2809
[ 2022-08-04 11:26:34,182][train.train_nn_models] [Validation] Epoch=62, nll=702.2039, acc=0.2798
[ 2022-08-04 11:26:35,608][train.train_nn_models] [Training] Epoch=63, loss=690.4976, nll=690.4976, l2_reg=0.0000, acc=0.2811
[ 2022-08-04 11:26:35,608][train.train_nn_models] [Validation] Epoch=63, nll=702.2015, acc=0.2802
[ 2022-08-04 11:26:37,009][train.train_nn_models] [Training] Epoch=64, loss=690.4895, nll=690.4895, l2_reg=0.0000, acc=0.2811
[ 2022-08-04 11:26:37,010][train.train_nn_models] [Validation] Epoch=64, nll=702.1992, acc=0.2806
[ 2022-08-04 11:26:38,402][train.train_nn_models] [Training] Epoch=65, loss=690.4822, nll=690.4822, l2_reg=0.0000, acc=0.2811
[ 2022-08-04 11:26:38,402][train.train_nn_models] [Validation] Epoch=65, nll=702.1937, acc=0.2805
[ 2022-08-04 11:26:39,781][train.train_nn_models] [Training] Epoch=66, loss=690.4781, nll=690.4781, l2_reg=0.0000, acc=0.2809
[ 2022-08-04 11:26:39,781][train.train_nn_models] [Validation] Epoch=66, nll=702.1890, acc=0.2805
[ 2022-08-04 11:26:41,224][train.train_nn_models] [Training] Epoch=67, loss=690.4735, nll=690.4735, l2_reg=0.0000, acc=0.2809
[ 2022-08-04 11:26:41,225][train.train_nn_models] [Validation] Epoch=67, nll=702.1872, acc=0.2812
[ 2022-08-04 11:26:42,643][train.train_nn_models] [Training] Epoch=68, loss=690.4672, nll=690.4672, l2_reg=0.0000, acc=0.2808
[ 2022-08-04 11:26:42,643][train.train_nn_models] [Validation] Epoch=68, nll=702.1865, acc=0.2804
[ 2022-08-04 11:26:44,019][train.train_nn_models] [Training] Epoch=69, loss=690.4606, nll=690.4606, l2_reg=0.0000, acc=0.2810
[ 2022-08-04 11:26:44,019][train.train_nn_models] [Validation] Epoch=69, nll=702.1813, acc=0.2799
[ 2022-08-04 11:26:45,419][train.train_nn_models] [Training] Epoch=70, loss=690.4586, nll=690.4586, l2_reg=0.0000, acc=0.2809
[ 2022-08-04 11:26:45,420][train.train_nn_models] [Validation] Epoch=70, nll=702.1757, acc=0.2799
[ 2022-08-04 11:26:46,849][train.train_nn_models] [Training] Epoch=71, loss=690.4568, nll=690.4568, l2_reg=0.0000, acc=0.2805
[ 2022-08-04 11:26:46,849][train.train_nn_models] [Validation] Epoch=71, nll=702.1742, acc=0.2796
[ 2022-08-04 11:26:48,310][train.train_nn_models] [Training] Epoch=72, loss=690.4511, nll=690.4511, l2_reg=0.0000, acc=0.2811
[ 2022-08-04 11:26:48,311][train.train_nn_models] [Validation] Epoch=72, nll=702.1760, acc=0.2796
[ 2022-08-04 11:26:49,744][train.train_nn_models] [Training] Epoch=73, loss=690.4431, nll=690.4431, l2_reg=0.0000, acc=0.2810
[ 2022-08-04 11:26:49,745][train.train_nn_models] [Validation] Epoch=73, nll=702.1729, acc=0.2801
[ 2022-08-04 11:26:51,147][train.train_nn_models] [Training] Epoch=74, loss=690.4402, nll=690.4402, l2_reg=0.0000, acc=0.2808
[ 2022-08-04 11:26:51,147][train.train_nn_models] [Validation] Epoch=74, nll=702.1641, acc=0.2797
[ 2022-08-04 11:26:52,645][train.train_nn_models] [Training] Epoch=75, loss=690.4427, nll=690.4427, l2_reg=0.0000, acc=0.2812
[ 2022-08-04 11:26:52,646][train.train_nn_models] [Validation] Epoch=75, nll=702.1594, acc=0.2793
[ 2022-08-04 11:26:54,116][train.train_nn_models] [Training] Epoch=76, loss=690.4413, nll=690.4413, l2_reg=0.0000, acc=0.2814
[ 2022-08-04 11:26:54,117][train.train_nn_models] [Validation] Epoch=76, nll=702.1613, acc=0.2790
[ 2022-08-04 11:26:55,561][train.train_nn_models] [Training] Epoch=77, loss=690.4331, nll=690.4331, l2_reg=0.0000, acc=0.2816
[ 2022-08-04 11:26:55,562][train.train_nn_models] [Validation] Epoch=77, nll=702.1621, acc=0.2785
[ 2022-08-04 11:26:56,961][train.train_nn_models] [Training] Epoch=78, loss=690.4269, nll=690.4269, l2_reg=0.0000, acc=0.2818
[ 2022-08-04 11:26:56,961][train.train_nn_models] [Validation] Epoch=78, nll=702.1548, acc=0.2786
[ 2022-08-04 11:26:58,444][train.train_nn_models] [Training] Epoch=79, loss=690.4284, nll=690.4284, l2_reg=0.0000, acc=0.2820
[ 2022-08-04 11:26:58,445][train.train_nn_models] [Validation] Epoch=79, nll=702.1450, acc=0.2786
[ 2022-08-04 11:26:59,883][train.train_nn_models] [Training] Epoch=80, loss=690.4313, nll=690.4313, l2_reg=0.0000, acc=0.2821
[ 2022-08-04 11:26:59,884][train.train_nn_models] [Validation] Epoch=80, nll=702.1423, acc=0.2790
[ 2022-08-04 11:27:01,255][train.train_nn_models] [Training] Epoch=81, loss=690.4261, nll=690.4261, l2_reg=0.0000, acc=0.2821
[ 2022-08-04 11:27:01,255][train.train_nn_models] [Validation] Epoch=81, nll=702.1447, acc=0.2789
[ 2022-08-04 11:27:02,598][train.train_nn_models] [Training] Epoch=82, loss=690.4159, nll=690.4159, l2_reg=0.0000, acc=0.2819
[ 2022-08-04 11:27:02,598][train.train_nn_models] [Validation] Epoch=82, nll=702.1411, acc=0.2789
[ 2022-08-04 11:27:03,978][train.train_nn_models] [Training] Epoch=83, loss=690.4129, nll=690.4129, l2_reg=0.0000, acc=0.2822
[ 2022-08-04 11:27:03,978][train.train_nn_models] [Validation] Epoch=83, nll=702.1290, acc=0.2789
[ 2022-08-04 11:27:05,388][train.train_nn_models] [Training] Epoch=84, loss=690.4191, nll=690.4191, l2_reg=0.0000, acc=0.2821
[ 2022-08-04 11:27:05,388][train.train_nn_models] [Validation] Epoch=84, nll=702.1171, acc=0.2786
[ 2022-08-04 11:27:06,818][train.train_nn_models] [Training] Epoch=85, loss=690.4235, nll=690.4235, l2_reg=0.0000, acc=0.2822
[ 2022-08-04 11:27:06,818][train.train_nn_models] [Validation] Epoch=85, nll=702.1161, acc=0.2783
[ 2022-08-04 11:27:08,317][train.train_nn_models] [Training] Epoch=86, loss=690.4148, nll=690.4148, l2_reg=0.0000, acc=0.2820
[ 2022-08-04 11:27:08,317][train.train_nn_models] [Validation] Epoch=86, nll=702.1219, acc=0.2788
[ 2022-08-04 11:27:09,738][train.train_nn_models] [Training] Epoch=87, loss=690.4006, nll=690.4006, l2_reg=0.0000, acc=0.2822
[ 2022-08-04 11:27:09,739][train.train_nn_models] [Validation] Epoch=87, nll=702.1177, acc=0.2788
[ 2022-08-04 11:27:11,163][train.train_nn_models] [Training] Epoch=88, loss=690.4008, nll=690.4008, l2_reg=0.0000, acc=0.2819
[ 2022-08-04 11:27:11,172][train.train_nn_models] [Validation] Epoch=88, nll=702.1006, acc=0.2783
[ 2022-08-04 11:27:12,589][train.train_nn_models] [Training] Epoch=89, loss=690.4138, nll=690.4138, l2_reg=0.0000, acc=0.2818
[ 2022-08-04 11:27:12,589][train.train_nn_models] [Validation] Epoch=89, nll=702.0897, acc=0.2783
[ 2022-08-04 11:27:14,012][train.train_nn_models] [Training] Epoch=90, loss=690.4186, nll=690.4186, l2_reg=0.0000, acc=0.2816
[ 2022-08-04 11:27:14,013][train.train_nn_models] [Validation] Epoch=90, nll=702.0948, acc=0.2779
[ 2022-08-04 11:27:15,328][train.train_nn_models] [Training] Epoch=91, loss=690.4039, nll=690.4039, l2_reg=0.0000, acc=0.2817
[ 2022-08-04 11:27:15,329][train.train_nn_models] [Validation] Epoch=91, nll=702.1044, acc=0.2781
[ 2022-08-04 11:27:16,726][train.train_nn_models] [Training] Epoch=92, loss=690.3868, nll=690.3868, l2_reg=0.0000, acc=0.2816
[ 2022-08-04 11:27:16,726][train.train_nn_models] [Validation] Epoch=92, nll=702.0988, acc=0.2787
[ 2022-08-04 11:27:18,051][train.train_nn_models] [Training] Epoch=93, loss=690.3900, nll=690.3900, l2_reg=0.0000, acc=0.2815
[ 2022-08-04 11:27:18,051][train.train_nn_models] [Validation] Epoch=93, nll=702.0788, acc=0.2788
[ 2022-08-04 11:27:19,454][train.train_nn_models] [Training] Epoch=94, loss=690.4088, nll=690.4088, l2_reg=0.0000, acc=0.2816
[ 2022-08-04 11:27:19,455][train.train_nn_models] [Validation] Epoch=94, nll=702.0671, acc=0.2783
[ 2022-08-04 11:27:20,774][train.train_nn_models] [Training] Epoch=95, loss=690.4163, nll=690.4163, l2_reg=0.0000, acc=0.2818
[ 2022-08-04 11:27:20,774][train.train_nn_models] [Validation] Epoch=95, nll=702.0745, acc=0.2782
[ 2022-08-04 11:27:22,147][train.train_nn_models] [Training] Epoch=96, loss=690.3981, nll=690.3981, l2_reg=0.0000, acc=0.2818
[ 2022-08-04 11:27:22,148][train.train_nn_models] [Validation] Epoch=96, nll=702.0890, acc=0.2791
[ 2022-08-04 11:27:23,462][train.train_nn_models] [Training] Epoch=97, loss=690.3765, nll=690.3765, l2_reg=0.0000, acc=0.2820
[ 2022-08-04 11:27:23,463][train.train_nn_models] [Validation] Epoch=97, nll=702.0859, acc=0.2792
[ 2022-08-04 11:27:24,880][train.train_nn_models] [Training] Epoch=98, loss=690.3801, nll=690.3801, l2_reg=0.0000, acc=0.2818
[ 2022-08-04 11:27:24,881][train.train_nn_models] [Validation] Epoch=98, nll=702.0625, acc=0.2796
[ 2022-08-04 11:27:26,218][train.train_nn_models] [Training] Epoch=99, loss=690.4046, nll=690.4046, l2_reg=0.0000, acc=0.2819
[ 2022-08-04 11:27:26,218][train.train_nn_models] [Validation] Epoch=99, nll=702.0479, acc=0.2789
[ 2022-08-04 11:27:27,609][train.train_nn_models] [Training] Epoch=100, loss=690.4158, nll=690.4158, l2_reg=0.0000, acc=0.2818
[ 2022-08-04 11:27:27,610][train.train_nn_models] [Validation] Epoch=100, nll=702.0556, acc=0.2780
[ 2022-08-04 11:27:28,950][train.train_nn_models] [Training] Epoch=101, loss=690.3963, nll=690.3963, l2_reg=0.0000, acc=0.2818
[ 2022-08-04 11:27:28,951][train.train_nn_models] [Validation] Epoch=101, nll=702.0723, acc=0.2782
[ 2022-08-04 11:27:30,356][train.train_nn_models] [Training] Epoch=102, loss=690.3706, nll=690.3706, l2_reg=0.0000, acc=0.2817
[ 2022-08-04 11:27:30,357][train.train_nn_models] [Validation] Epoch=102, nll=702.0734, acc=0.2777
[ 2022-08-04 11:27:31,709][train.train_nn_models] [Training] Epoch=103, loss=690.3724, nll=690.3724, l2_reg=0.0000, acc=0.2815
[ 2022-08-04 11:27:31,709][train.train_nn_models] [Validation] Epoch=103, nll=702.0493, acc=0.2772
[ 2022-08-04 11:27:33,092][train.train_nn_models] [Training] Epoch=104, loss=690.4005, nll=690.4005, l2_reg=0.0000, acc=0.2815
[ 2022-08-04 11:27:33,093][train.train_nn_models] [Validation] Epoch=104, nll=702.0328, acc=0.2788
[ 2022-08-04 11:27:33,093][train.train_nn_models] Found a better model at epoch 104.
[ 2022-08-04 11:27:34,451][train.train_nn_models] [Training] Epoch=105, loss=690.4169, nll=690.4169, l2_reg=0.0000, acc=0.2815
[ 2022-08-04 11:27:34,452][train.train_nn_models] [Validation] Epoch=105, nll=702.0399, acc=0.2779
[ 2022-08-04 11:27:35,846][train.train_nn_models] [Training] Epoch=106, loss=690.3989, nll=690.3989, l2_reg=0.0000, acc=0.2816
[ 2022-08-04 11:27:35,846][train.train_nn_models] [Validation] Epoch=106, nll=702.0616, acc=0.2783
[ 2022-08-04 11:27:37,212][train.train_nn_models] [Training] Epoch=107, loss=690.3672, nll=690.3672, l2_reg=0.0000, acc=0.2815
[ 2022-08-04 11:27:37,213][train.train_nn_models] [Validation] Epoch=107, nll=702.0681, acc=0.2783
[ 2022-08-04 11:27:38,588][train.train_nn_models] [Training] Epoch=108, loss=690.3625, nll=690.3625, l2_reg=0.0000, acc=0.2816
[ 2022-08-04 11:27:38,588][train.train_nn_models] [Validation] Epoch=108, nll=702.0467, acc=0.2781
[ 2022-08-04 11:27:40,004][train.train_nn_models] [Training] Epoch=109, loss=690.3895, nll=690.3895, l2_reg=0.0000, acc=0.2816
[ 2022-08-04 11:27:40,005][train.train_nn_models] [Validation] Epoch=109, nll=702.0250, acc=0.2784
[ 2022-08-04 11:27:40,005][train.train_nn_models] Found a better model at epoch 109.
[ 2022-08-04 11:27:41,357][train.train_nn_models] [Training] Epoch=110, loss=690.4148, nll=690.4148, l2_reg=0.0000, acc=0.2817
[ 2022-08-04 11:27:41,357][train.train_nn_models] [Validation] Epoch=110, nll=702.0268, acc=0.2788
[ 2022-08-04 11:27:42,769][train.train_nn_models] [Training] Epoch=111, loss=690.4036, nll=690.4036, l2_reg=0.0000, acc=0.2818
[ 2022-08-04 11:27:42,770][train.train_nn_models] [Validation] Epoch=111, nll=702.0490, acc=0.2789
[ 2022-08-04 11:27:44,147][train.train_nn_models] [Training] Epoch=112, loss=690.3682, nll=690.3682, l2_reg=0.0000, acc=0.2818
[ 2022-08-04 11:27:44,148][train.train_nn_models] [Validation] Epoch=112, nll=702.0652, acc=0.2796
[ 2022-08-04 11:27:45,513][train.train_nn_models] [Training] Epoch=113, loss=690.3515, nll=690.3515, l2_reg=0.0000, acc=0.2817
[ 2022-08-04 11:27:45,514][train.train_nn_models] [Validation] Epoch=113, nll=702.0502, acc=0.2799
[ 2022-08-04 11:27:46,836][train.train_nn_models] [Training] Epoch=114, loss=690.3730, nll=690.3730, l2_reg=0.0000, acc=0.2818
[ 2022-08-04 11:27:46,837][train.train_nn_models] [Validation] Epoch=114, nll=702.0246, acc=0.2802
[ 2022-08-04 11:27:46,837][train.train_nn_models] Found a better model at epoch 114.
[ 2022-08-04 11:27:48,165][train.train_nn_models] [Training] Epoch=115, loss=690.4051, nll=690.4051, l2_reg=0.0000, acc=0.2819
[ 2022-08-04 11:27:48,166][train.train_nn_models] [Validation] Epoch=115, nll=702.0179, acc=0.2802
[ 2022-08-04 11:27:48,166][train.train_nn_models] Found a better model at epoch 115.
[ 2022-08-04 11:27:49,527][train.train_nn_models] [Training] Epoch=116, loss=690.4085, nll=690.4085, l2_reg=0.0000, acc=0.2817
[ 2022-08-04 11:27:49,527][train.train_nn_models] [Validation] Epoch=116, nll=702.0344, acc=0.2805
[ 2022-08-04 11:27:50,849][train.train_nn_models] [Training] Epoch=117, loss=690.3760, nll=690.3760, l2_reg=0.0000, acc=0.2817
[ 2022-08-04 11:27:50,849][train.train_nn_models] [Validation] Epoch=117, nll=702.0593, acc=0.2812
[ 2022-08-04 11:27:52,206][train.train_nn_models] [Training] Epoch=118, loss=690.3443, nll=690.3443, l2_reg=0.0000, acc=0.2817
[ 2022-08-04 11:27:52,206][train.train_nn_models] [Validation] Epoch=118, nll=702.0582, acc=0.2815
[ 2022-08-04 11:27:53,564][train.train_nn_models] [Training] Epoch=119, loss=690.3493, nll=690.3493, l2_reg=0.0000, acc=0.2818
[ 2022-08-04 11:27:53,565][train.train_nn_models] [Validation] Epoch=119, nll=702.0312, acc=0.2815
[ 2022-08-04 11:27:54,941][train.train_nn_models] [Training] Epoch=120, loss=690.3848, nll=690.3848, l2_reg=0.0000, acc=0.2819
[ 2022-08-04 11:27:54,941][train.train_nn_models] [Validation] Epoch=120, nll=702.0129, acc=0.2809
[ 2022-08-04 11:27:54,942][train.train_nn_models] Found a better model at epoch 120.
[ 2022-08-04 11:27:56,308][train.train_nn_models] [Training] Epoch=121, loss=690.4065, nll=690.4065, l2_reg=0.0000, acc=0.2818
[ 2022-08-04 11:27:56,308][train.train_nn_models] [Validation] Epoch=121, nll=702.0200, acc=0.2816
[ 2022-08-04 11:27:57,677][train.train_nn_models] [Training] Epoch=122, loss=690.3862, nll=690.3862, l2_reg=0.0000, acc=0.2819
[ 2022-08-04 11:27:57,678][train.train_nn_models] [Validation] Epoch=122, nll=702.0452, acc=0.2807
[ 2022-08-04 11:27:59,072][train.train_nn_models] [Training] Epoch=123, loss=690.3426, nll=690.3426, l2_reg=0.0000, acc=0.2819
[ 2022-08-04 11:27:59,073][train.train_nn_models] [Validation] Epoch=123, nll=702.0626, acc=0.2820
[ 2022-08-04 11:28:00,444][train.train_nn_models] [Training] Epoch=124, loss=690.3271, nll=690.3271, l2_reg=0.0000, acc=0.2819
[ 2022-08-04 11:28:00,445][train.train_nn_models] [Validation] Epoch=124, nll=702.0437, acc=0.2824
[ 2022-08-04 11:28:01,765][train.train_nn_models] [Training] Epoch=125, loss=690.3553, nll=690.3553, l2_reg=0.0000, acc=0.2820
[ 2022-08-04 11:28:01,765][train.train_nn_models] [Validation] Epoch=125, nll=702.0159, acc=0.2817
[ 2022-08-04 11:28:03,031][train.train_nn_models] [Training] Epoch=126, loss=690.3937, nll=690.3937, l2_reg=0.0000, acc=0.2820
[ 2022-08-04 11:28:03,031][train.train_nn_models] [Validation] Epoch=126, nll=702.0087, acc=0.2825
[ 2022-08-04 11:28:03,031][train.train_nn_models] Found a better model at epoch 126.
[ 2022-08-04 11:28:04,387][train.train_nn_models] [Training] Epoch=127, loss=690.3981, nll=690.3981, l2_reg=0.0000, acc=0.2819
[ 2022-08-04 11:28:04,387][train.train_nn_models] [Validation] Epoch=127, nll=702.0253, acc=0.2828
[ 2022-08-04 11:28:05,710][train.train_nn_models] [Training] Epoch=128, loss=690.3570, nll=690.3570, l2_reg=0.0000, acc=0.2819
[ 2022-08-04 11:28:05,710][train.train_nn_models] [Validation] Epoch=128, nll=702.0562, acc=0.2822
[ 2022-08-04 11:28:06,979][train.train_nn_models] [Training] Epoch=129, loss=690.3128, nll=690.3128, l2_reg=0.0000, acc=0.2819
[ 2022-08-04 11:28:06,979][train.train_nn_models] [Validation] Epoch=129, nll=702.0579, acc=0.2817
[ 2022-08-04 11:28:08,303][train.train_nn_models] [Training] Epoch=130, loss=690.3167, nll=690.3167, l2_reg=0.0000, acc=0.2818
[ 2022-08-04 11:28:08,304][train.train_nn_models] [Validation] Epoch=130, nll=702.0266, acc=0.2822
[ 2022-08-04 11:28:09,609][train.train_nn_models] [Training] Epoch=131, loss=690.3604, nll=690.3604, l2_reg=0.0000, acc=0.2819
[ 2022-08-04 11:28:09,610][train.train_nn_models] [Validation] Epoch=131, nll=702.0046, acc=0.2832
[ 2022-08-04 11:28:09,610][train.train_nn_models] Found a better model at epoch 131.
[ 2022-08-04 11:28:10,890][train.train_nn_models] [Training] Epoch=132, loss=690.3918, nll=690.3918, l2_reg=0.0000, acc=0.2820
[ 2022-08-04 11:28:10,890][train.train_nn_models] [Validation] Epoch=132, nll=702.0082, acc=0.2828
[ 2022-08-04 11:28:12,186][train.train_nn_models] [Training] Epoch=133, loss=690.3712, nll=690.3712, l2_reg=0.0000, acc=0.2822
[ 2022-08-04 11:28:12,187][train.train_nn_models] [Validation] Epoch=133, nll=702.0351, acc=0.2820
[ 2022-08-04 11:28:13,491][train.train_nn_models] [Training] Epoch=134, loss=690.3168, nll=690.3168, l2_reg=0.0000, acc=0.2821
[ 2022-08-04 11:28:13,492][train.train_nn_models] [Validation] Epoch=134, nll=702.0603, acc=0.2818
[ 2022-08-04 11:28:14,807][train.train_nn_models] [Training] Epoch=135, loss=690.2873, nll=690.2873, l2_reg=0.0000, acc=0.2821
[ 2022-08-04 11:28:14,808][train.train_nn_models] [Validation] Epoch=135, nll=702.0427, acc=0.2815
[ 2022-08-04 11:28:16,122][train.train_nn_models] [Training] Epoch=136, loss=690.3124, nll=690.3124, l2_reg=0.0000, acc=0.2819
[ 2022-08-04 11:28:16,122][train.train_nn_models] [Validation] Epoch=136, nll=702.0098, acc=0.2816
[ 2022-08-04 11:28:17,417][train.train_nn_models] [Training] Epoch=137, loss=690.3600, nll=690.3600, l2_reg=0.0000, acc=0.2821
[ 2022-08-04 11:28:17,417][train.train_nn_models] [Validation] Epoch=137, nll=701.9970, acc=0.2822
[ 2022-08-04 11:28:17,418][train.train_nn_models] Found a better model at epoch 137.
[ 2022-08-04 11:28:18,726][train.train_nn_models] [Training] Epoch=138, loss=690.3742, nll=690.3742, l2_reg=0.0000, acc=0.2822
[ 2022-08-04 11:28:18,727][train.train_nn_models] [Validation] Epoch=138, nll=702.0092, acc=0.2815
[ 2022-08-04 11:28:20,056][train.train_nn_models] [Training] Epoch=139, loss=690.3346, nll=690.3346, l2_reg=0.0000, acc=0.2821
[ 2022-08-04 11:28:20,057][train.train_nn_models] [Validation] Epoch=139, nll=702.0435, acc=0.2809
[ 2022-08-04 11:28:21,342][train.train_nn_models] [Training] Epoch=140, loss=690.2743, nll=690.2743, l2_reg=0.0000, acc=0.2821
[ 2022-08-04 11:28:21,342][train.train_nn_models] [Validation] Epoch=140, nll=702.0594, acc=0.2806
[ 2022-08-04 11:28:22,622][train.train_nn_models] [Training] Epoch=141, loss=690.2614, nll=690.2614, l2_reg=0.0000, acc=0.2821
[ 2022-08-04 11:28:22,623][train.train_nn_models] [Validation] Epoch=141, nll=702.0296, acc=0.2808
[ 2022-08-04 11:28:23,922][train.train_nn_models] [Training] Epoch=142, loss=690.3044, nll=690.3044, l2_reg=0.0000, acc=0.2821
[ 2022-08-04 11:28:23,922][train.train_nn_models] [Validation] Epoch=142, nll=701.9988, acc=0.2813
[ 2022-08-04 11:28:25,262][train.train_nn_models] [Training] Epoch=143, loss=690.3544, nll=690.3544, l2_reg=0.0000, acc=0.2820
[ 2022-08-04 11:28:25,263][train.train_nn_models] [Validation] Epoch=143, nll=701.9876, acc=0.2812
[ 2022-08-04 11:28:25,263][train.train_nn_models] Found a better model at epoch 143.
[ 2022-08-04 11:28:26,599][train.train_nn_models] [Training] Epoch=144, loss=690.3558, nll=690.3558, l2_reg=0.0000, acc=0.2821
[ 2022-08-04 11:28:26,599][train.train_nn_models] [Validation] Epoch=144, nll=702.0062, acc=0.2808
[ 2022-08-04 11:28:27,915][train.train_nn_models] [Training] Epoch=145, loss=690.2931, nll=690.2931, l2_reg=0.0000, acc=0.2822
[ 2022-08-04 11:28:27,915][train.train_nn_models] [Validation] Epoch=145, nll=702.0538, acc=0.2813
[ 2022-08-04 11:28:29,241][train.train_nn_models] [Training] Epoch=146, loss=690.2303, nll=690.2303, l2_reg=0.0000, acc=0.2822
[ 2022-08-04 11:28:29,242][train.train_nn_models] [Validation] Epoch=146, nll=702.0659, acc=0.2813
[ 2022-08-04 11:28:30,548][train.train_nn_models] [Training] Epoch=147, loss=690.2293, nll=690.2293, l2_reg=0.0000, acc=0.2821
[ 2022-08-04 11:28:30,549][train.train_nn_models] [Validation] Epoch=147, nll=702.0256, acc=0.2821
[ 2022-08-04 11:28:31,839][train.train_nn_models] [Training] Epoch=148, loss=690.2903, nll=690.2903, l2_reg=0.0000, acc=0.2822
[ 2022-08-04 11:28:31,841][train.train_nn_models] [Validation] Epoch=148, nll=701.9941, acc=0.2806
[ 2022-08-04 11:28:33,156][train.train_nn_models] [Training] Epoch=149, loss=690.3446, nll=690.3446, l2_reg=0.0000, acc=0.2821
[ 2022-08-04 11:28:33,157][train.train_nn_models] [Validation] Epoch=149, nll=701.9797, acc=0.2801
[ 2022-08-04 11:28:33,157][train.train_nn_models] Found a better model at epoch 149.
[ 2022-08-04 11:28:34,489][train.train_nn_models] [Training] Epoch=150, loss=690.3337, nll=690.3337, l2_reg=0.0000, acc=0.2821
[ 2022-08-04 11:28:34,489][train.train_nn_models] [Validation] Epoch=150, nll=702.0036, acc=0.2812
[ 2022-08-04 11:28:35,794][train.train_nn_models] [Training] Epoch=151, loss=690.2505, nll=690.2505, l2_reg=0.0000, acc=0.2822
[ 2022-08-04 11:28:35,794][train.train_nn_models] [Validation] Epoch=151, nll=702.0620, acc=0.2810
[ 2022-08-04 11:28:37,095][train.train_nn_models] [Training] Epoch=152, loss=690.1832, nll=690.1832, l2_reg=0.0000, acc=0.2820
[ 2022-08-04 11:28:37,096][train.train_nn_models] [Validation] Epoch=152, nll=702.0677, acc=0.2809
[ 2022-08-04 11:28:38,399][train.train_nn_models] [Training] Epoch=153, loss=690.1970, nll=690.1970, l2_reg=0.0000, acc=0.2818
[ 2022-08-04 11:28:38,399][train.train_nn_models] [Validation] Epoch=153, nll=702.0170, acc=0.2789
[ 2022-08-04 11:28:39,683][train.train_nn_models] [Training] Epoch=154, loss=690.2709, nll=690.2709, l2_reg=0.0000, acc=0.2818
[ 2022-08-04 11:28:39,683][train.train_nn_models] [Validation] Epoch=154, nll=701.9825, acc=0.2783
[ 2022-08-04 11:28:41,017][train.train_nn_models] [Training] Epoch=155, loss=690.3297, nll=690.3297, l2_reg=0.0000, acc=0.2819
[ 2022-08-04 11:28:41,017][train.train_nn_models] [Validation] Epoch=155, nll=701.9485, acc=0.2781
[ 2022-08-04 11:28:41,017][train.train_nn_models] Found a better model at epoch 155.
[ 2022-08-04 11:28:42,292][train.train_nn_models] [Training] Epoch=156, loss=690.3068, nll=690.3068, l2_reg=0.0000, acc=0.2818
[ 2022-08-04 11:28:42,293][train.train_nn_models] [Validation] Epoch=156, nll=701.9896, acc=0.2797
[ 2022-08-04 11:28:43,564][train.train_nn_models] [Training] Epoch=157, loss=690.2069, nll=690.2069, l2_reg=0.0000, acc=0.2818
[ 2022-08-04 11:28:43,564][train.train_nn_models] [Validation] Epoch=157, nll=702.0536, acc=0.2803
[ 2022-08-04 11:28:44,835][train.train_nn_models] [Training] Epoch=158, loss=690.1459, nll=690.1459, l2_reg=0.0000, acc=0.2817
[ 2022-08-04 11:28:44,835][train.train_nn_models] [Validation] Epoch=158, nll=702.0335, acc=0.2789
[ 2022-08-04 11:28:46,178][train.train_nn_models] [Training] Epoch=159, loss=690.1750, nll=690.1750, l2_reg=0.0000, acc=0.2820
[ 2022-08-04 11:28:46,179][train.train_nn_models] [Validation] Epoch=159, nll=701.9910, acc=0.2791
[ 2022-08-04 11:28:47,425][train.train_nn_models] [Training] Epoch=160, loss=690.2448, nll=690.2448, l2_reg=0.0000, acc=0.2820
[ 2022-08-04 11:28:47,425][train.train_nn_models] [Validation] Epoch=160, nll=701.9451, acc=0.2786
[ 2022-08-04 11:28:47,426][train.train_nn_models] Found a better model at epoch 160.
[ 2022-08-04 11:28:48,721][train.train_nn_models] [Training] Epoch=161, loss=690.3004, nll=690.3004, l2_reg=0.0000, acc=0.2819
[ 2022-08-04 11:28:48,721][train.train_nn_models] [Validation] Epoch=161, nll=701.9269, acc=0.2804
[ 2022-08-04 11:28:48,721][train.train_nn_models] Found a better model at epoch 161.
[ 2022-08-04 11:28:49,996][train.train_nn_models] [Training] Epoch=162, loss=690.2773, nll=690.2773, l2_reg=0.0000, acc=0.2817
[ 2022-08-04 11:28:49,996][train.train_nn_models] [Validation] Epoch=162, nll=701.9504, acc=0.2797
[ 2022-08-04 11:28:51,273][train.train_nn_models] [Training] Epoch=163, loss=690.1844, nll=690.1844, l2_reg=0.0000, acc=0.2815
[ 2022-08-04 11:28:51,274][train.train_nn_models] [Validation] Epoch=163, nll=702.0122, acc=0.2794
[ 2022-08-04 11:28:52,516][train.train_nn_models] [Training] Epoch=164, loss=690.1191, nll=690.1191, l2_reg=0.0000, acc=0.2818
[ 2022-08-04 11:28:52,516][train.train_nn_models] [Validation] Epoch=164, nll=702.0026, acc=0.2788
[ 2022-08-04 11:28:53,737][train.train_nn_models] [Training] Epoch=165, loss=690.1465, nll=690.1465, l2_reg=0.0000, acc=0.2818
[ 2022-08-04 11:28:53,738][train.train_nn_models] [Validation] Epoch=165, nll=702.0079, acc=0.2816
[ 2022-08-04 11:28:54,967][train.train_nn_models] [Training] Epoch=166, loss=690.1974, nll=690.1974, l2_reg=0.0000, acc=0.2817
[ 2022-08-04 11:28:54,968][train.train_nn_models] [Validation] Epoch=166, nll=701.9271, acc=0.2804
[ 2022-08-04 11:28:56,208][train.train_nn_models] [Training] Epoch=167, loss=690.2844, nll=690.2844, l2_reg=0.0000, acc=0.2817
[ 2022-08-04 11:28:56,208][train.train_nn_models] [Validation] Epoch=167, nll=701.9775, acc=0.2813
[ 2022-08-04 11:28:57,457][train.train_nn_models] [Training] Epoch=168, loss=690.2503, nll=690.2503, l2_reg=0.0000, acc=0.2817
[ 2022-08-04 11:28:57,457][train.train_nn_models] [Validation] Epoch=168, nll=701.8575, acc=0.2802
[ 2022-08-04 11:28:57,458][train.train_nn_models] Found a better model at epoch 168.
[ 2022-08-04 11:28:58,727][train.train_nn_models] [Training] Epoch=169, loss=690.2189, nll=690.2189, l2_reg=0.0000, acc=0.2815
[ 2022-08-04 11:28:58,728][train.train_nn_models] [Validation] Epoch=169, nll=702.1410, acc=0.2809
[ 2022-08-04 11:29:00,025][train.train_nn_models] [Training] Epoch=170, loss=690.0721, nll=690.0721, l2_reg=0.0000, acc=0.2817
[ 2022-08-04 11:29:00,026][train.train_nn_models] [Validation] Epoch=170, nll=701.9888, acc=0.2797
[ 2022-08-04 11:29:01,355][train.train_nn_models] [Training] Epoch=171, loss=690.1365, nll=690.1365, l2_reg=0.0000, acc=0.2817
[ 2022-08-04 11:29:01,355][train.train_nn_models] [Validation] Epoch=171, nll=702.0858, acc=0.2775
[ 2022-08-04 11:29:02,685][train.train_nn_models] [Training] Epoch=172, loss=690.1548, nll=690.1548, l2_reg=0.0000, acc=0.2818
[ 2022-08-04 11:29:02,686][train.train_nn_models] [Validation] Epoch=172, nll=702.1135, acc=0.2775
[ 2022-08-04 11:29:04,030][train.train_nn_models] [Training] Epoch=173, loss=690.2252, nll=690.2252, l2_reg=0.0000, acc=0.2817
[ 2022-08-04 11:29:04,031][train.train_nn_models] [Validation] Epoch=173, nll=701.9877, acc=0.2785
[ 2022-08-04 11:29:05,384][train.train_nn_models] [Training] Epoch=174, loss=690.2784, nll=690.2784, l2_reg=0.0000, acc=0.2818
[ 2022-08-04 11:29:05,385][train.train_nn_models] [Validation] Epoch=174, nll=702.0559, acc=0.2784
[ 2022-08-04 11:29:06,734][train.train_nn_models] [Training] Epoch=175, loss=690.1684, nll=690.1684, l2_reg=0.0000, acc=0.2818
[ 2022-08-04 11:29:06,735][train.train_nn_models] [Validation] Epoch=175, nll=702.0270, acc=0.2765
[ 2022-08-04 11:29:08,104][train.train_nn_models] [Training] Epoch=176, loss=690.1091, nll=690.1091, l2_reg=0.0000, acc=0.2819
[ 2022-08-04 11:29:08,104][train.train_nn_models] [Validation] Epoch=176, nll=702.1703, acc=0.2769
[ 2022-08-04 11:29:09,445][train.train_nn_models] [Training] Epoch=177, loss=690.0380, nll=690.0380, l2_reg=0.0000, acc=0.2819
[ 2022-08-04 11:29:09,446][train.train_nn_models] [Validation] Epoch=177, nll=702.2727, acc=0.2771
[ 2022-08-04 11:29:10,779][train.train_nn_models] [Training] Epoch=178, loss=690.0617, nll=690.0617, l2_reg=0.0000, acc=0.2814
[ 2022-08-04 11:29:10,780][train.train_nn_models] [Validation] Epoch=178, nll=702.3219, acc=0.2775
[ 2022-08-04 11:29:12,122][train.train_nn_models] [Training] Epoch=179, loss=690.1365, nll=690.1365, l2_reg=0.0000, acc=0.2812
[ 2022-08-04 11:29:12,122][train.train_nn_models] [Validation] Epoch=179, nll=702.3487, acc=0.2770
[ 2022-08-04 11:29:13,450][train.train_nn_models] [Training] Epoch=180, loss=690.1870, nll=690.1870, l2_reg=0.0000, acc=0.2810
[ 2022-08-04 11:29:13,450][train.train_nn_models] [Validation] Epoch=180, nll=702.2379, acc=0.2767
[ 2022-08-04 11:29:14,775][train.train_nn_models] [Training] Epoch=181, loss=690.2161, nll=690.2161, l2_reg=0.0000, acc=0.2815
[ 2022-08-04 11:29:14,775][train.train_nn_models] [Validation] Epoch=181, nll=702.1705, acc=0.2783
[ 2022-08-04 11:29:16,088][train.train_nn_models] [Training] Epoch=182, loss=690.1155, nll=690.1155, l2_reg=0.0000, acc=0.2817
[ 2022-08-04 11:29:16,089][train.train_nn_models] [Validation] Epoch=182, nll=702.2966, acc=0.2770
[ 2022-08-04 11:29:17,354][train.train_nn_models] [Training] Epoch=183, loss=689.9759, nll=689.9759, l2_reg=0.0000, acc=0.2814
[ 2022-08-04 11:29:17,354][train.train_nn_models] [Validation] Epoch=183, nll=702.5193, acc=0.2776
[ 2022-08-04 11:29:18,669][train.train_nn_models] [Training] Epoch=184, loss=689.9167, nll=689.9167, l2_reg=0.0000, acc=0.2812
[ 2022-08-04 11:29:18,669][train.train_nn_models] [Validation] Epoch=184, nll=702.8013, acc=0.2762
[ 2022-08-04 11:29:20,025][train.train_nn_models] [Training] Epoch=185, loss=689.9002, nll=689.9002, l2_reg=0.0000, acc=0.2813
[ 2022-08-04 11:29:20,026][train.train_nn_models] [Validation] Epoch=185, nll=702.9556, acc=0.2763
[ 2022-08-04 11:29:21,379][train.train_nn_models] [Training] Epoch=186, loss=689.9614, nll=689.9614, l2_reg=0.0000, acc=0.2806
[ 2022-08-04 11:29:21,379][train.train_nn_models] [Validation] Epoch=186, nll=702.8210, acc=0.2772
[ 2022-08-04 11:29:22,689][train.train_nn_models] [Training] Epoch=187, loss=690.0719, nll=690.0719, l2_reg=0.0000, acc=0.2813
[ 2022-08-04 11:29:22,689][train.train_nn_models] [Validation] Epoch=187, nll=702.6688, acc=0.2781
[ 2022-08-04 11:29:23,980][train.train_nn_models] [Training] Epoch=188, loss=690.1818, nll=690.1818, l2_reg=0.0000, acc=0.2802
[ 2022-08-04 11:29:23,980][train.train_nn_models] [Validation] Epoch=188, nll=702.5063, acc=0.2782
[ 2022-08-04 11:29:25,310][train.train_nn_models] [Training] Epoch=189, loss=690.1509, nll=690.1509, l2_reg=0.0000, acc=0.2800
[ 2022-08-04 11:29:25,310][train.train_nn_models] [Validation] Epoch=189, nll=702.5069, acc=0.2785
[ 2022-08-04 11:29:26,670][train.train_nn_models] [Training] Epoch=190, loss=689.9583, nll=689.9583, l2_reg=0.0000, acc=0.2812
[ 2022-08-04 11:29:26,670][train.train_nn_models] [Validation] Epoch=190, nll=702.8406, acc=0.2793
[ 2022-08-04 11:29:27,999][train.train_nn_models] [Training] Epoch=191, loss=689.7864, nll=689.7864, l2_reg=0.0000, acc=0.2810
[ 2022-08-04 11:29:27,999][train.train_nn_models] [Validation] Epoch=191, nll=703.3700, acc=0.2781
[ 2022-08-04 11:29:29,322][train.train_nn_models] [Training] Epoch=192, loss=689.6808, nll=689.6808, l2_reg=0.0000, acc=0.2807
[ 2022-08-04 11:29:29,322][train.train_nn_models] [Validation] Epoch=192, nll=703.9498, acc=0.2771
[ 2022-08-04 11:29:30,654][train.train_nn_models] [Training] Epoch=193, loss=689.6122, nll=689.6122, l2_reg=0.0000, acc=0.2809
[ 2022-08-04 11:29:30,654][train.train_nn_models] [Validation] Epoch=193, nll=703.8812, acc=0.2746
[ 2022-08-04 11:29:31,977][train.train_nn_models] [Training] Epoch=194, loss=689.6743, nll=689.6743, l2_reg=0.0000, acc=0.2807
[ 2022-08-04 11:29:31,978][train.train_nn_models] [Validation] Epoch=194, nll=703.4711, acc=0.2736
[ 2022-08-04 11:29:33,304][train.train_nn_models] [Training] Epoch=195, loss=689.8573, nll=689.8573, l2_reg=0.0000, acc=0.2802
[ 2022-08-04 11:29:33,305][train.train_nn_models] [Validation] Epoch=195, nll=703.1295, acc=0.2745
[ 2022-08-04 11:29:34,631][train.train_nn_models] [Training] Epoch=196, loss=690.0644, nll=690.0644, l2_reg=0.0000, acc=0.2800
[ 2022-08-04 11:29:34,631][train.train_nn_models] [Validation] Epoch=196, nll=702.9614, acc=0.2761
[ 2022-08-04 11:29:35,968][train.train_nn_models] [Training] Epoch=197, loss=690.2637, nll=690.2637, l2_reg=0.0000, acc=0.2802
[ 2022-08-04 11:29:35,968][train.train_nn_models] [Validation] Epoch=197, nll=702.7219, acc=0.2786
[ 2022-08-04 11:29:37,294][train.train_nn_models] [Training] Epoch=198, loss=690.1198, nll=690.1198, l2_reg=0.0000, acc=0.2805
[ 2022-08-04 11:29:37,294][train.train_nn_models] [Validation] Epoch=198, nll=702.8817, acc=0.2819
[ 2022-08-04 11:29:38,614][train.train_nn_models] [Training] Epoch=199, loss=689.8073, nll=689.8073, l2_reg=0.0000, acc=0.2812
[ 2022-08-04 11:29:38,614][train.train_nn_models] [Validation] Epoch=199, nll=703.6343, acc=0.2843
[ 2022-08-04 11:29:38,802][train.eval_nll] [Test]nll=689.1465, acc=0.2836
[ 2022-08-04 11:38:47,488][train.<module>]                    timestamp  ...                                             config
0 2022-08-04 11:38:47.435114  ...  {'model': 'Tran', 'dataset': 'pgem-1K-10', 'in...
1 2022-08-04 11:38:47.435114  ...  {'model': 'Tran', 'dataset': 'pgem-1K-10', 'in...
2 2022-08-04 11:38:47.435114  ...  {'model': 'Tran', 'dataset': 'pgem-1K-10', 'in...
3 2022-08-04 11:38:47.435114  ...  {'model': 'Tran', 'dataset': 'pgem-1K-10', 'in...
4 2022-08-04 11:38:47.435114  ...  {'model': 'Tran', 'dataset': 'pgem-1K-10', 'in...
5 2022-08-04 11:38:47.435114  ...  {'model': 'Tran', 'dataset': 'pgem-1K-10', 'in...

[6 rows x 7 columns]
