[ 2022-08-04 10:58:08,898][train.<module>] Namespace(attr_batch_size=0, basis_type='dyadic', batch_size=64, bucket_seqs=False, cuda=True, dataset='pgem-1K-10', dropout=0.0, embedding_dim=64, epochs=200, hidden_size=64, input_dir='data/input', l2_reg=0, lr=0.001, max_mean=20.0, model='Tran', n_bases=7, num_workers=0, occurred_type_only=False, optimizer='Adam', output_dir='data/output', rand_seed=0, skip_eval_infectivity=False, skip_pred_next_event=False, split_id=0, steps=50, tune_metric='nll', verbose=False)
[ 2022-08-04 10:58:10,689][train.train_nn_models] [Training] Epoch=0, loss=6658.5161, nll=6658.5161, l2_reg=0.0000, acc=0.1438
[ 2022-08-04 10:58:10,689][train.train_nn_models] [Validation] Epoch=0, nll=2618.2349, acc=0.2029
[ 2022-08-04 10:58:11,933][train.train_nn_models] [Training] Epoch=1, loss=1377.7422, nll=1377.7422, l2_reg=0.0000, acc=0.2041
[ 2022-08-04 10:58:11,934][train.train_nn_models] [Validation] Epoch=1, nll=795.0126, acc=0.2234
[ 2022-08-04 10:58:13,194][train.train_nn_models] [Training] Epoch=2, loss=787.9852, nll=787.9852, l2_reg=0.0000, acc=0.2525
[ 2022-08-04 10:58:13,195][train.train_nn_models] [Validation] Epoch=2, nll=763.2800, acc=0.2659
[ 2022-08-04 10:58:14,320][train.train_nn_models] [Training] Epoch=3, loss=741.1508, nll=741.1508, l2_reg=0.0000, acc=0.2704
[ 2022-08-04 10:58:14,320][train.train_nn_models] [Validation] Epoch=3, nll=716.9602, acc=0.2684
[ 2022-08-04 10:58:15,219][train.train_nn_models] [Training] Epoch=4, loss=707.1542, nll=707.1542, l2_reg=0.0000, acc=0.2744
[ 2022-08-04 10:58:15,220][train.train_nn_models] [Validation] Epoch=4, nll=699.3368, acc=0.2809
[ 2022-08-04 10:58:16,196][train.train_nn_models] [Training] Epoch=5, loss=698.9878, nll=698.9878, l2_reg=0.0000, acc=0.2801
[ 2022-08-04 10:58:16,197][train.train_nn_models] [Validation] Epoch=5, nll=696.1810, acc=0.2807
[ 2022-08-04 10:58:17,259][train.train_nn_models] [Training] Epoch=6, loss=696.5014, nll=696.5014, l2_reg=0.0000, acc=0.2797
[ 2022-08-04 10:58:17,259][train.train_nn_models] [Validation] Epoch=6, nll=694.5247, acc=0.2834
[ 2022-08-04 10:58:18,210][train.train_nn_models] [Training] Epoch=7, loss=695.2714, nll=695.2714, l2_reg=0.0000, acc=0.2808
[ 2022-08-04 10:58:18,211][train.train_nn_models] [Validation] Epoch=7, nll=693.5870, acc=0.2793
[ 2022-08-04 10:58:19,200][train.train_nn_models] [Training] Epoch=8, loss=694.8673, nll=694.8673, l2_reg=0.0000, acc=0.2801
[ 2022-08-04 10:58:19,200][train.train_nn_models] [Validation] Epoch=8, nll=693.2292, acc=0.2794
[ 2022-08-04 10:58:20,139][train.train_nn_models] [Training] Epoch=9, loss=694.5537, nll=694.5537, l2_reg=0.0000, acc=0.2804
[ 2022-08-04 10:58:20,139][train.train_nn_models] [Validation] Epoch=9, nll=692.9979, acc=0.2797
[ 2022-08-04 10:58:21,069][train.train_nn_models] [Training] Epoch=10, loss=694.3253, nll=694.3253, l2_reg=0.0000, acc=0.2804
[ 2022-08-04 10:58:21,069][train.train_nn_models] [Validation] Epoch=10, nll=692.7490, acc=0.2792
[ 2022-08-04 10:58:21,989][train.train_nn_models] [Training] Epoch=11, loss=694.1325, nll=694.1325, l2_reg=0.0000, acc=0.2808
[ 2022-08-04 10:58:21,989][train.train_nn_models] [Validation] Epoch=11, nll=692.5570, acc=0.2785
[ 2022-08-04 10:58:22,927][train.train_nn_models] [Training] Epoch=12, loss=693.9633, nll=693.9633, l2_reg=0.0000, acc=0.2811
[ 2022-08-04 10:58:22,927][train.train_nn_models] [Validation] Epoch=12, nll=692.3766, acc=0.2787
[ 2022-08-04 10:58:23,830][train.train_nn_models] [Training] Epoch=13, loss=693.8138, nll=693.8138, l2_reg=0.0000, acc=0.2810
[ 2022-08-04 10:58:23,831][train.train_nn_models] [Validation] Epoch=13, nll=692.2181, acc=0.2783
[ 2022-08-04 10:58:24,725][train.train_nn_models] [Training] Epoch=14, loss=693.6797, nll=693.6797, l2_reg=0.0000, acc=0.2809
[ 2022-08-04 10:58:24,726][train.train_nn_models] [Validation] Epoch=14, nll=692.0749, acc=0.2780
[ 2022-08-04 10:58:25,631][train.train_nn_models] [Training] Epoch=15, loss=693.5626, nll=693.5626, l2_reg=0.0000, acc=0.2813
[ 2022-08-04 10:58:25,632][train.train_nn_models] [Validation] Epoch=15, nll=691.9507, acc=0.2776
[ 2022-08-04 10:58:26,537][train.train_nn_models] [Training] Epoch=16, loss=693.4608, nll=693.4608, l2_reg=0.0000, acc=0.2815
[ 2022-08-04 10:58:26,537][train.train_nn_models] [Validation] Epoch=16, nll=691.8438, acc=0.2784
[ 2022-08-04 10:58:27,438][train.train_nn_models] [Training] Epoch=17, loss=693.3736, nll=693.3736, l2_reg=0.0000, acc=0.2814
[ 2022-08-04 10:58:27,439][train.train_nn_models] [Validation] Epoch=17, nll=691.7514, acc=0.2785
[ 2022-08-04 10:58:28,354][train.train_nn_models] [Training] Epoch=18, loss=693.2928, nll=693.2928, l2_reg=0.0000, acc=0.2812
[ 2022-08-04 10:58:28,354][train.train_nn_models] [Validation] Epoch=18, nll=691.6652, acc=0.2785
[ 2022-08-04 10:58:29,268][train.train_nn_models] [Training] Epoch=19, loss=693.2179, nll=693.2179, l2_reg=0.0000, acc=0.2814
[ 2022-08-04 10:58:29,268][train.train_nn_models] [Validation] Epoch=19, nll=691.5832, acc=0.2782
[ 2022-08-04 10:58:30,190][train.train_nn_models] [Training] Epoch=20, loss=693.1444, nll=693.1444, l2_reg=0.0000, acc=0.2818
[ 2022-08-04 10:58:30,190][train.train_nn_models] [Validation] Epoch=20, nll=691.5020, acc=0.2779
[ 2022-08-04 10:58:31,097][train.train_nn_models] [Training] Epoch=21, loss=693.0740, nll=693.0740, l2_reg=0.0000, acc=0.2818
[ 2022-08-04 10:58:31,097][train.train_nn_models] [Validation] Epoch=21, nll=691.4207, acc=0.2779
[ 2022-08-04 10:58:32,018][train.train_nn_models] [Training] Epoch=22, loss=693.0049, nll=693.0049, l2_reg=0.0000, acc=0.2817
[ 2022-08-04 10:58:32,018][train.train_nn_models] [Validation] Epoch=22, nll=691.3373, acc=0.2776
[ 2022-08-04 10:58:32,913][train.train_nn_models] [Training] Epoch=23, loss=692.9365, nll=692.9365, l2_reg=0.0000, acc=0.2817
[ 2022-08-04 10:58:32,913][train.train_nn_models] [Validation] Epoch=23, nll=691.2582, acc=0.2766
[ 2022-08-04 10:58:33,797][train.train_nn_models] [Training] Epoch=24, loss=692.8719, nll=692.8719, l2_reg=0.0000, acc=0.2817
[ 2022-08-04 10:58:33,797][train.train_nn_models] [Validation] Epoch=24, nll=691.1824, acc=0.2764
[ 2022-08-04 10:58:34,714][train.train_nn_models] [Training] Epoch=25, loss=692.8068, nll=692.8068, l2_reg=0.0000, acc=0.2816
[ 2022-08-04 10:58:34,714][train.train_nn_models] [Validation] Epoch=25, nll=691.1048, acc=0.2758
[ 2022-08-04 10:58:35,644][train.train_nn_models] [Training] Epoch=26, loss=692.7427, nll=692.7427, l2_reg=0.0000, acc=0.2816
[ 2022-08-04 10:58:35,644][train.train_nn_models] [Validation] Epoch=26, nll=691.0287, acc=0.2759
[ 2022-08-04 10:58:36,532][train.train_nn_models] [Training] Epoch=27, loss=692.6788, nll=692.6788, l2_reg=0.0000, acc=0.2816
[ 2022-08-04 10:58:36,533][train.train_nn_models] [Validation] Epoch=27, nll=690.9529, acc=0.2759
[ 2022-08-04 10:58:37,435][train.train_nn_models] [Training] Epoch=28, loss=692.6172, nll=692.6172, l2_reg=0.0000, acc=0.2809
[ 2022-08-04 10:58:37,435][train.train_nn_models] [Validation] Epoch=28, nll=690.8793, acc=0.2763
[ 2022-08-04 10:58:38,349][train.train_nn_models] [Training] Epoch=29, loss=692.5560, nll=692.5560, l2_reg=0.0000, acc=0.2807
[ 2022-08-04 10:58:38,350][train.train_nn_models] [Validation] Epoch=29, nll=690.8052, acc=0.2760
[ 2022-08-04 10:58:39,251][train.train_nn_models] [Training] Epoch=30, loss=692.4992, nll=692.4992, l2_reg=0.0000, acc=0.2807
[ 2022-08-04 10:58:39,251][train.train_nn_models] [Validation] Epoch=30, nll=690.7362, acc=0.2762
[ 2022-08-04 10:58:40,175][train.train_nn_models] [Training] Epoch=31, loss=692.4427, nll=692.4427, l2_reg=0.0000, acc=0.2808
[ 2022-08-04 10:58:40,175][train.train_nn_models] [Validation] Epoch=31, nll=690.6669, acc=0.2762
[ 2022-08-04 10:58:41,071][train.train_nn_models] [Training] Epoch=32, loss=692.3932, nll=692.3932, l2_reg=0.0000, acc=0.2805
[ 2022-08-04 10:58:41,071][train.train_nn_models] [Validation] Epoch=32, nll=690.6050, acc=0.2762
[ 2022-08-04 10:58:41,950][train.train_nn_models] [Training] Epoch=33, loss=692.3470, nll=692.3470, l2_reg=0.0000, acc=0.2804
[ 2022-08-04 10:58:41,951][train.train_nn_models] [Validation] Epoch=33, nll=690.5471, acc=0.2763
[ 2022-08-04 10:58:42,833][train.train_nn_models] [Training] Epoch=34, loss=692.3105, nll=692.3105, l2_reg=0.0000, acc=0.2803
[ 2022-08-04 10:58:42,833][train.train_nn_models] [Validation] Epoch=34, nll=690.4990, acc=0.2775
[ 2022-08-04 10:58:43,719][train.train_nn_models] [Training] Epoch=35, loss=692.2757, nll=692.2757, l2_reg=0.0000, acc=0.2804
[ 2022-08-04 10:58:43,719][train.train_nn_models] [Validation] Epoch=35, nll=690.4523, acc=0.2780
[ 2022-08-04 10:58:44,598][train.train_nn_models] [Training] Epoch=36, loss=692.2460, nll=692.2460, l2_reg=0.0000, acc=0.2803
[ 2022-08-04 10:58:44,598][train.train_nn_models] [Validation] Epoch=36, nll=690.4122, acc=0.2780
[ 2022-08-04 10:58:45,460][train.train_nn_models] [Training] Epoch=37, loss=692.2216, nll=692.2216, l2_reg=0.0000, acc=0.2799
[ 2022-08-04 10:58:45,461][train.train_nn_models] [Validation] Epoch=37, nll=690.3790, acc=0.2787
[ 2022-08-04 10:58:46,603][train.train_nn_models] [Training] Epoch=38, loss=692.1996, nll=692.1996, l2_reg=0.0000, acc=0.2801
[ 2022-08-04 10:58:46,603][train.train_nn_models] [Validation] Epoch=38, nll=690.3474, acc=0.2788
[ 2022-08-04 10:58:47,795][train.train_nn_models] [Training] Epoch=39, loss=692.1827, nll=692.1827, l2_reg=0.0000, acc=0.2798
[ 2022-08-04 10:58:47,795][train.train_nn_models] [Validation] Epoch=39, nll=690.3218, acc=0.2785
[ 2022-08-04 10:58:48,998][train.train_nn_models] [Training] Epoch=40, loss=692.1669, nll=692.1669, l2_reg=0.0000, acc=0.2796
[ 2022-08-04 10:58:48,998][train.train_nn_models] [Validation] Epoch=40, nll=690.2993, acc=0.2787
[ 2022-08-04 10:58:50,197][train.train_nn_models] [Training] Epoch=41, loss=692.1538, nll=692.1538, l2_reg=0.0000, acc=0.2795
[ 2022-08-04 10:58:50,198][train.train_nn_models] [Validation] Epoch=41, nll=690.2795, acc=0.2776
[ 2022-08-04 10:58:51,248][train.train_nn_models] [Training] Epoch=42, loss=692.1434, nll=692.1434, l2_reg=0.0000, acc=0.2789
[ 2022-08-04 10:58:51,308][train.train_nn_models] [Validation] Epoch=42, nll=690.2623, acc=0.2777
[ 2022-08-04 10:58:52,274][train.train_nn_models] [Training] Epoch=43, loss=692.1337, nll=692.1337, l2_reg=0.0000, acc=0.2785
[ 2022-08-04 10:58:52,275][train.train_nn_models] [Validation] Epoch=43, nll=690.2465, acc=0.2771
[ 2022-08-04 10:58:53,137][train.train_nn_models] [Training] Epoch=44, loss=692.1248, nll=692.1248, l2_reg=0.0000, acc=0.2784
[ 2022-08-04 10:58:53,137][train.train_nn_models] [Validation] Epoch=44, nll=690.2332, acc=0.2762
[ 2022-08-04 10:58:54,014][train.train_nn_models] [Training] Epoch=45, loss=692.1163, nll=692.1163, l2_reg=0.0000, acc=0.2784
[ 2022-08-04 10:58:54,015][train.train_nn_models] [Validation] Epoch=45, nll=690.2217, acc=0.2751
[ 2022-08-04 10:58:54,893][train.train_nn_models] [Training] Epoch=46, loss=692.1081, nll=692.1081, l2_reg=0.0000, acc=0.2782
[ 2022-08-04 10:58:54,894][train.train_nn_models] [Validation] Epoch=46, nll=690.2123, acc=0.2745
[ 2022-08-04 10:58:55,777][train.train_nn_models] [Training] Epoch=47, loss=692.1000, nll=692.1000, l2_reg=0.0000, acc=0.2785
[ 2022-08-04 10:58:55,777][train.train_nn_models] [Validation] Epoch=47, nll=690.2042, acc=0.2736
[ 2022-08-04 10:58:56,687][train.train_nn_models] [Training] Epoch=48, loss=692.0920, nll=692.0920, l2_reg=0.0000, acc=0.2786
[ 2022-08-04 10:58:56,688][train.train_nn_models] [Validation] Epoch=48, nll=690.1942, acc=0.2734
[ 2022-08-04 10:58:57,603][train.train_nn_models] [Training] Epoch=49, loss=692.0842, nll=692.0842, l2_reg=0.0000, acc=0.2788
[ 2022-08-04 10:58:57,603][train.train_nn_models] [Validation] Epoch=49, nll=690.1886, acc=0.2744
[ 2022-08-04 10:58:58,465][train.train_nn_models] [Training] Epoch=50, loss=692.0753, nll=692.0753, l2_reg=0.0000, acc=0.2788
[ 2022-08-04 10:58:58,465][train.train_nn_models] [Validation] Epoch=50, nll=690.1829, acc=0.2747
[ 2022-08-04 10:58:59,346][train.train_nn_models] [Training] Epoch=51, loss=692.0682, nll=692.0682, l2_reg=0.0000, acc=0.2788
[ 2022-08-04 10:58:59,346][train.train_nn_models] [Validation] Epoch=51, nll=690.1802, acc=0.2741
[ 2022-08-04 10:59:00,211][train.train_nn_models] [Training] Epoch=52, loss=692.0620, nll=692.0620, l2_reg=0.0000, acc=0.2790
[ 2022-08-04 10:59:00,211][train.train_nn_models] [Validation] Epoch=52, nll=690.1813, acc=0.2739
[ 2022-08-04 10:59:01,084][train.train_nn_models] [Training] Epoch=53, loss=692.0565, nll=692.0565, l2_reg=0.0000, acc=0.2790
[ 2022-08-04 10:59:01,084][train.train_nn_models] [Validation] Epoch=53, nll=690.1791, acc=0.2733
[ 2022-08-04 10:59:01,960][train.train_nn_models] [Training] Epoch=54, loss=692.0515, nll=692.0515, l2_reg=0.0000, acc=0.2791
[ 2022-08-04 10:59:01,960][train.train_nn_models] [Validation] Epoch=54, nll=690.1783, acc=0.2730
[ 2022-08-04 10:59:02,850][train.train_nn_models] [Training] Epoch=55, loss=692.0468, nll=692.0468, l2_reg=0.0000, acc=0.2792
[ 2022-08-04 10:59:02,851][train.train_nn_models] [Validation] Epoch=55, nll=690.1777, acc=0.2735
[ 2022-08-04 10:59:03,736][train.train_nn_models] [Training] Epoch=56, loss=692.0424, nll=692.0424, l2_reg=0.0000, acc=0.2792
[ 2022-08-04 10:59:03,737][train.train_nn_models] [Validation] Epoch=56, nll=690.1779, acc=0.2741
[ 2022-08-04 10:59:04,598][train.train_nn_models] [Training] Epoch=57, loss=692.0379, nll=692.0379, l2_reg=0.0000, acc=0.2791
[ 2022-08-04 10:59:04,598][train.train_nn_models] [Validation] Epoch=57, nll=690.1818, acc=0.2741
[ 2022-08-04 10:59:05,479][train.train_nn_models] [Training] Epoch=58, loss=692.0313, nll=692.0313, l2_reg=0.0000, acc=0.2789
[ 2022-08-04 10:59:05,479][train.train_nn_models] [Validation] Epoch=58, nll=690.1851, acc=0.2738
[ 2022-08-04 10:59:06,333][train.train_nn_models] [Training] Epoch=59, loss=692.0302, nll=692.0302, l2_reg=0.0000, acc=0.2788
[ 2022-08-04 10:59:06,333][train.train_nn_models] [Validation] Epoch=59, nll=690.2006, acc=0.2735
[ 2022-08-04 10:59:07,206][train.train_nn_models] [Training] Epoch=60, loss=692.0275, nll=692.0275, l2_reg=0.0000, acc=0.2790
[ 2022-08-04 10:59:07,206][train.train_nn_models] [Validation] Epoch=60, nll=690.2012, acc=0.2760
[ 2022-08-04 10:59:08,085][train.train_nn_models] [Training] Epoch=61, loss=692.0261, nll=692.0261, l2_reg=0.0000, acc=0.2791
[ 2022-08-04 10:59:08,086][train.train_nn_models] [Validation] Epoch=61, nll=690.2031, acc=0.2767
[ 2022-08-04 10:59:08,986][train.train_nn_models] [Training] Epoch=62, loss=692.0206, nll=692.0206, l2_reg=0.0000, acc=0.2790
[ 2022-08-04 10:59:08,987][train.train_nn_models] [Validation] Epoch=62, nll=690.2015, acc=0.2767
[ 2022-08-04 10:59:09,915][train.train_nn_models] [Training] Epoch=63, loss=692.0163, nll=692.0163, l2_reg=0.0000, acc=0.2790
[ 2022-08-04 10:59:09,915][train.train_nn_models] [Validation] Epoch=63, nll=690.2006, acc=0.2778
[ 2022-08-04 10:59:10,782][train.train_nn_models] [Training] Epoch=64, loss=692.0125, nll=692.0125, l2_reg=0.0000, acc=0.2788
[ 2022-08-04 10:59:10,782][train.train_nn_models] [Validation] Epoch=64, nll=690.1989, acc=0.2791
[ 2022-08-04 10:59:11,658][train.train_nn_models] [Training] Epoch=65, loss=692.0090, nll=692.0090, l2_reg=0.0000, acc=0.2789
[ 2022-08-04 10:59:11,659][train.train_nn_models] [Validation] Epoch=65, nll=690.1959, acc=0.2782
[ 2022-08-04 10:59:12,537][train.train_nn_models] [Training] Epoch=66, loss=692.0044, nll=692.0044, l2_reg=0.0000, acc=0.2791
[ 2022-08-04 10:59:12,538][train.train_nn_models] [Validation] Epoch=66, nll=690.1941, acc=0.2787
[ 2022-08-04 10:59:13,407][train.train_nn_models] [Training] Epoch=67, loss=692.0006, nll=692.0006, l2_reg=0.0000, acc=0.2793
[ 2022-08-04 10:59:13,407][train.train_nn_models] [Validation] Epoch=67, nll=690.1916, acc=0.2780
[ 2022-08-04 10:59:14,281][train.train_nn_models] [Training] Epoch=68, loss=691.9966, nll=691.9966, l2_reg=0.0000, acc=0.2794
[ 2022-08-04 10:59:14,281][train.train_nn_models] [Validation] Epoch=68, nll=690.1875, acc=0.2787
[ 2022-08-04 10:59:15,162][train.train_nn_models] [Training] Epoch=69, loss=691.9936, nll=691.9936, l2_reg=0.0000, acc=0.2792
[ 2022-08-04 10:59:15,162][train.train_nn_models] [Validation] Epoch=69, nll=690.1843, acc=0.2790
[ 2022-08-04 10:59:16,081][train.train_nn_models] [Training] Epoch=70, loss=691.9896, nll=691.9896, l2_reg=0.0000, acc=0.2788
[ 2022-08-04 10:59:16,081][train.train_nn_models] [Validation] Epoch=70, nll=690.1811, acc=0.2780
[ 2022-08-04 10:59:16,987][train.train_nn_models] [Training] Epoch=71, loss=691.9857, nll=691.9857, l2_reg=0.0000, acc=0.2787
[ 2022-08-04 10:59:16,987][train.train_nn_models] [Validation] Epoch=71, nll=690.1785, acc=0.2784
[ 2022-08-04 10:59:17,874][train.train_nn_models] [Training] Epoch=72, loss=691.9812, nll=691.9812, l2_reg=0.0000, acc=0.2786
[ 2022-08-04 10:59:17,874][train.train_nn_models] [Validation] Epoch=72, nll=690.1763, acc=0.2782
[ 2022-08-04 10:59:18,777][train.train_nn_models] [Training] Epoch=73, loss=691.9786, nll=691.9786, l2_reg=0.0000, acc=0.2788
[ 2022-08-04 10:59:18,777][train.train_nn_models] [Validation] Epoch=73, nll=690.1759, acc=0.2779
[ 2022-08-04 10:59:19,691][train.train_nn_models] [Training] Epoch=74, loss=691.9766, nll=691.9766, l2_reg=0.0000, acc=0.2789
[ 2022-08-04 10:59:19,692][train.train_nn_models] [Validation] Epoch=74, nll=690.1744, acc=0.2780
[ 2022-08-04 10:59:20,610][train.train_nn_models] [Training] Epoch=75, loss=691.9729, nll=691.9729, l2_reg=0.0000, acc=0.2788
[ 2022-08-04 10:59:20,611][train.train_nn_models] [Validation] Epoch=75, nll=690.1732, acc=0.2777
[ 2022-08-04 10:59:21,490][train.train_nn_models] [Training] Epoch=76, loss=691.9695, nll=691.9695, l2_reg=0.0000, acc=0.2788
[ 2022-08-04 10:59:21,491][train.train_nn_models] [Validation] Epoch=76, nll=690.1733, acc=0.2784
[ 2022-08-04 10:59:22,372][train.train_nn_models] [Training] Epoch=77, loss=691.9672, nll=691.9672, l2_reg=0.0000, acc=0.2787
[ 2022-08-04 10:59:22,372][train.train_nn_models] [Validation] Epoch=77, nll=690.1730, acc=0.2782
[ 2022-08-04 10:59:23,398][train.train_nn_models] [Training] Epoch=78, loss=691.9639, nll=691.9639, l2_reg=0.0000, acc=0.2787
[ 2022-08-04 10:59:23,398][train.train_nn_models] [Validation] Epoch=78, nll=690.1746, acc=0.2779
[ 2022-08-04 10:59:24,605][train.train_nn_models] [Training] Epoch=79, loss=691.9601, nll=691.9601, l2_reg=0.0000, acc=0.2787
[ 2022-08-04 10:59:24,605][train.train_nn_models] [Validation] Epoch=79, nll=690.1755, acc=0.2777
[ 2022-08-04 10:59:25,920][train.train_nn_models] [Training] Epoch=80, loss=691.9575, nll=691.9575, l2_reg=0.0000, acc=0.2786
[ 2022-08-04 10:59:25,920][train.train_nn_models] [Validation] Epoch=80, nll=690.1761, acc=0.2777
[ 2022-08-04 10:59:27,147][train.train_nn_models] [Training] Epoch=81, loss=691.9549, nll=691.9549, l2_reg=0.0000, acc=0.2785
[ 2022-08-04 10:59:27,148][train.train_nn_models] [Validation] Epoch=81, nll=690.1783, acc=0.2777
[ 2022-08-04 10:59:28,288][train.train_nn_models] [Training] Epoch=82, loss=691.9523, nll=691.9523, l2_reg=0.0000, acc=0.2786
[ 2022-08-04 10:59:28,289][train.train_nn_models] [Validation] Epoch=82, nll=690.1799, acc=0.2777
[ 2022-08-04 10:59:29,324][train.train_nn_models] [Training] Epoch=83, loss=691.9500, nll=691.9500, l2_reg=0.0000, acc=0.2788
[ 2022-08-04 10:59:29,324][train.train_nn_models] [Validation] Epoch=83, nll=690.1810, acc=0.2775
[ 2022-08-04 10:59:30,309][train.train_nn_models] [Training] Epoch=84, loss=691.9462, nll=691.9462, l2_reg=0.0000, acc=0.2792
[ 2022-08-04 10:59:30,309][train.train_nn_models] [Validation] Epoch=84, nll=690.1819, acc=0.2777
[ 2022-08-04 10:59:31,332][train.train_nn_models] [Training] Epoch=85, loss=691.9431, nll=691.9431, l2_reg=0.0000, acc=0.2793
[ 2022-08-04 10:59:31,332][train.train_nn_models] [Validation] Epoch=85, nll=690.1844, acc=0.2776
[ 2022-08-04 10:59:32,345][train.train_nn_models] [Training] Epoch=86, loss=691.9407, nll=691.9407, l2_reg=0.0000, acc=0.2795
[ 2022-08-04 10:59:32,345][train.train_nn_models] [Validation] Epoch=86, nll=690.1854, acc=0.2778
[ 2022-08-04 10:59:33,340][train.train_nn_models] [Training] Epoch=87, loss=691.9365, nll=691.9365, l2_reg=0.0000, acc=0.2798
[ 2022-08-04 10:59:33,340][train.train_nn_models] [Validation] Epoch=87, nll=690.1871, acc=0.2777
[ 2022-08-04 10:59:34,307][train.train_nn_models] [Training] Epoch=88, loss=691.9339, nll=691.9339, l2_reg=0.0000, acc=0.2802
[ 2022-08-04 10:59:34,307][train.train_nn_models] [Validation] Epoch=88, nll=690.1878, acc=0.2776
[ 2022-08-04 10:59:35,308][train.train_nn_models] [Training] Epoch=89, loss=691.9312, nll=691.9312, l2_reg=0.0000, acc=0.2806
[ 2022-08-04 10:59:35,308][train.train_nn_models] [Validation] Epoch=89, nll=690.1879, acc=0.2777
[ 2022-08-04 10:59:36,292][train.train_nn_models] [Training] Epoch=90, loss=691.9271, nll=691.9271, l2_reg=0.0000, acc=0.2809
[ 2022-08-04 10:59:36,293][train.train_nn_models] [Validation] Epoch=90, nll=690.1888, acc=0.2777
[ 2022-08-04 10:59:37,255][train.train_nn_models] [Training] Epoch=91, loss=691.9247, nll=691.9247, l2_reg=0.0000, acc=0.2810
[ 2022-08-04 10:59:37,256][train.train_nn_models] [Validation] Epoch=91, nll=690.1898, acc=0.2777
[ 2022-08-04 10:59:38,225][train.train_nn_models] [Training] Epoch=92, loss=691.9207, nll=691.9207, l2_reg=0.0000, acc=0.2810
[ 2022-08-04 10:59:38,289][train.train_nn_models] [Validation] Epoch=92, nll=690.1893, acc=0.2777
[ 2022-08-04 10:59:39,324][train.train_nn_models] [Training] Epoch=93, loss=691.9162, nll=691.9162, l2_reg=0.0000, acc=0.2810
[ 2022-08-04 10:59:39,325][train.train_nn_models] [Validation] Epoch=93, nll=690.1902, acc=0.2777
[ 2022-08-04 10:59:40,295][train.train_nn_models] [Training] Epoch=94, loss=691.9127, nll=691.9127, l2_reg=0.0000, acc=0.2810
[ 2022-08-04 10:59:40,295][train.train_nn_models] [Validation] Epoch=94, nll=690.1909, acc=0.2777
[ 2022-08-04 10:59:41,347][train.train_nn_models] [Training] Epoch=95, loss=691.9093, nll=691.9093, l2_reg=0.0000, acc=0.2811
[ 2022-08-04 10:59:41,348][train.train_nn_models] [Validation] Epoch=95, nll=690.1918, acc=0.2777
[ 2022-08-04 10:59:42,277][train.train_nn_models] [Training] Epoch=96, loss=691.9066, nll=691.9066, l2_reg=0.0000, acc=0.2811
[ 2022-08-04 10:59:42,278][train.train_nn_models] [Validation] Epoch=96, nll=690.1915, acc=0.2777
[ 2022-08-04 10:59:43,254][train.train_nn_models] [Training] Epoch=97, loss=691.9034, nll=691.9034, l2_reg=0.0000, acc=0.2813
[ 2022-08-04 10:59:43,254][train.train_nn_models] [Validation] Epoch=97, nll=690.1900, acc=0.2777
[ 2022-08-04 10:59:44,253][train.train_nn_models] [Training] Epoch=98, loss=691.8984, nll=691.8984, l2_reg=0.0000, acc=0.2812
[ 2022-08-04 10:59:44,254][train.train_nn_models] [Validation] Epoch=98, nll=690.1895, acc=0.2777
[ 2022-08-04 10:59:45,214][train.train_nn_models] [Training] Epoch=99, loss=691.8937, nll=691.8937, l2_reg=0.0000, acc=0.2812
[ 2022-08-04 10:59:45,214][train.train_nn_models] [Validation] Epoch=99, nll=690.1893, acc=0.2776
[ 2022-08-04 10:59:46,224][train.train_nn_models] [Training] Epoch=100, loss=691.8905, nll=691.8905, l2_reg=0.0000, acc=0.2811
[ 2022-08-04 10:59:46,228][train.train_nn_models] [Validation] Epoch=100, nll=690.1895, acc=0.2776
[ 2022-08-04 10:59:47,301][train.train_nn_models] [Training] Epoch=101, loss=691.8871, nll=691.8871, l2_reg=0.0000, acc=0.2811
[ 2022-08-04 10:59:47,301][train.train_nn_models] [Validation] Epoch=101, nll=690.1880, acc=0.2775
[ 2022-08-04 10:59:48,288][train.train_nn_models] [Training] Epoch=102, loss=691.8820, nll=691.8820, l2_reg=0.0000, acc=0.2813
[ 2022-08-04 10:59:48,289][train.train_nn_models] [Validation] Epoch=102, nll=690.1866, acc=0.2775
[ 2022-08-04 10:59:49,286][train.train_nn_models] [Training] Epoch=103, loss=691.8782, nll=691.8782, l2_reg=0.0000, acc=0.2814
[ 2022-08-04 10:59:49,286][train.train_nn_models] [Validation] Epoch=103, nll=690.1862, acc=0.2776
[ 2022-08-04 10:59:50,283][train.train_nn_models] [Training] Epoch=104, loss=691.8738, nll=691.8738, l2_reg=0.0000, acc=0.2814
[ 2022-08-04 10:59:50,283][train.train_nn_models] [Validation] Epoch=104, nll=690.1843, acc=0.2776
[ 2022-08-04 10:59:51,314][train.train_nn_models] [Training] Epoch=105, loss=691.8694, nll=691.8694, l2_reg=0.0000, acc=0.2811
[ 2022-08-04 10:59:51,332][train.train_nn_models] [Validation] Epoch=105, nll=690.1815, acc=0.2775
[ 2022-08-04 10:59:52,512][train.train_nn_models] [Training] Epoch=106, loss=691.8639, nll=691.8639, l2_reg=0.0000, acc=0.2812
[ 2022-08-04 10:59:52,512][train.train_nn_models] [Validation] Epoch=106, nll=690.1803, acc=0.2775
[ 2022-08-04 10:59:53,529][train.train_nn_models] [Training] Epoch=107, loss=691.8581, nll=691.8581, l2_reg=0.0000, acc=0.2813
[ 2022-08-04 10:59:53,529][train.train_nn_models] [Validation] Epoch=107, nll=690.1774, acc=0.2775
[ 2022-08-04 10:59:54,530][train.train_nn_models] [Training] Epoch=108, loss=691.8539, nll=691.8539, l2_reg=0.0000, acc=0.2813
[ 2022-08-04 10:59:54,530][train.train_nn_models] [Validation] Epoch=108, nll=690.1735, acc=0.2775
[ 2022-08-04 10:59:55,505][train.train_nn_models] [Training] Epoch=109, loss=691.8461, nll=691.8461, l2_reg=0.0000, acc=0.2815
[ 2022-08-04 10:59:55,505][train.train_nn_models] [Validation] Epoch=109, nll=690.1664, acc=0.2775
[ 2022-08-04 10:59:55,505][train.train_nn_models] Found a better model at epoch 109.
[ 2022-08-04 10:59:56,480][train.train_nn_models] [Training] Epoch=110, loss=691.8284, nll=691.8284, l2_reg=0.0000, acc=0.2814
[ 2022-08-04 10:59:56,480][train.train_nn_models] [Validation] Epoch=110, nll=690.2258, acc=0.2775
[ 2022-08-04 10:59:57,455][train.train_nn_models] [Training] Epoch=111, loss=691.8182, nll=691.8182, l2_reg=0.0000, acc=0.2817
[ 2022-08-04 10:59:57,456][train.train_nn_models] [Validation] Epoch=111, nll=690.1893, acc=0.2775
[ 2022-08-04 10:59:58,567][train.train_nn_models] [Training] Epoch=112, loss=691.8135, nll=691.8135, l2_reg=0.0000, acc=0.2814
[ 2022-08-04 10:59:58,568][train.train_nn_models] [Validation] Epoch=112, nll=690.1823, acc=0.2775
[ 2022-08-04 10:59:59,815][train.train_nn_models] [Training] Epoch=113, loss=691.8103, nll=691.8103, l2_reg=0.0000, acc=0.2817
[ 2022-08-04 10:59:59,815][train.train_nn_models] [Validation] Epoch=113, nll=690.1948, acc=0.2775
[ 2022-08-04 11:00:01,084][train.train_nn_models] [Training] Epoch=114, loss=691.8028, nll=691.8028, l2_reg=0.0000, acc=0.2819
[ 2022-08-04 11:00:01,084][train.train_nn_models] [Validation] Epoch=114, nll=690.1785, acc=0.2775
[ 2022-08-04 11:00:02,335][train.train_nn_models] [Training] Epoch=115, loss=691.8007, nll=691.8007, l2_reg=0.0000, acc=0.2818
[ 2022-08-04 11:00:02,335][train.train_nn_models] [Validation] Epoch=115, nll=690.1815, acc=0.2777
[ 2022-08-04 11:00:03,592][train.train_nn_models] [Training] Epoch=116, loss=691.7950, nll=691.7950, l2_reg=0.0000, acc=0.2817
[ 2022-08-04 11:00:03,592][train.train_nn_models] [Validation] Epoch=116, nll=690.1755, acc=0.2777
[ 2022-08-04 11:00:04,628][train.train_nn_models] [Training] Epoch=117, loss=691.7912, nll=691.7912, l2_reg=0.0000, acc=0.2815
[ 2022-08-04 11:00:04,628][train.train_nn_models] [Validation] Epoch=117, nll=690.1733, acc=0.2777
[ 2022-08-04 11:00:05,622][train.train_nn_models] [Training] Epoch=118, loss=691.7887, nll=691.7887, l2_reg=0.0000, acc=0.2814
[ 2022-08-04 11:00:05,622][train.train_nn_models] [Validation] Epoch=118, nll=690.1671, acc=0.2777
[ 2022-08-04 11:00:06,595][train.train_nn_models] [Training] Epoch=119, loss=691.7859, nll=691.7859, l2_reg=0.0000, acc=0.2815
[ 2022-08-04 11:00:06,595][train.train_nn_models] [Validation] Epoch=119, nll=690.1602, acc=0.2777
[ 2022-08-04 11:00:06,595][train.train_nn_models] Found a better model at epoch 119.
[ 2022-08-04 11:00:07,595][train.train_nn_models] [Training] Epoch=120, loss=691.7793, nll=691.7793, l2_reg=0.0000, acc=0.2816
[ 2022-08-04 11:00:07,595][train.train_nn_models] [Validation] Epoch=120, nll=690.1546, acc=0.2777
[ 2022-08-04 11:00:07,595][train.train_nn_models] Found a better model at epoch 120.
[ 2022-08-04 11:00:08,595][train.train_nn_models] [Training] Epoch=121, loss=691.7733, nll=691.7733, l2_reg=0.0000, acc=0.2815
[ 2022-08-04 11:00:08,595][train.train_nn_models] [Validation] Epoch=121, nll=690.1506, acc=0.2776
[ 2022-08-04 11:00:08,595][train.train_nn_models] Found a better model at epoch 121.
[ 2022-08-04 11:00:09,683][train.train_nn_models] [Training] Epoch=122, loss=691.7692, nll=691.7692, l2_reg=0.0000, acc=0.2814
[ 2022-08-04 11:00:09,683][train.train_nn_models] [Validation] Epoch=122, nll=690.1454, acc=0.2777
[ 2022-08-04 11:00:09,683][train.train_nn_models] Found a better model at epoch 122.
[ 2022-08-04 11:00:10,675][train.train_nn_models] [Training] Epoch=123, loss=691.7654, nll=691.7654, l2_reg=0.0000, acc=0.2813
[ 2022-08-04 11:00:10,676][train.train_nn_models] [Validation] Epoch=123, nll=690.1399, acc=0.2777
[ 2022-08-04 11:00:10,676][train.train_nn_models] Found a better model at epoch 123.
[ 2022-08-04 11:00:11,651][train.train_nn_models] [Training] Epoch=124, loss=691.7613, nll=691.7613, l2_reg=0.0000, acc=0.2813
[ 2022-08-04 11:00:11,652][train.train_nn_models] [Validation] Epoch=124, nll=690.1347, acc=0.2777
[ 2022-08-04 11:00:11,652][train.train_nn_models] Found a better model at epoch 124.
[ 2022-08-04 11:00:12,649][train.train_nn_models] [Training] Epoch=125, loss=691.7564, nll=691.7564, l2_reg=0.0000, acc=0.2815
[ 2022-08-04 11:00:12,650][train.train_nn_models] [Validation] Epoch=125, nll=690.1277, acc=0.2778
[ 2022-08-04 11:00:12,650][train.train_nn_models] Found a better model at epoch 125.
[ 2022-08-04 11:00:13,658][train.train_nn_models] [Training] Epoch=126, loss=691.7510, nll=691.7510, l2_reg=0.0000, acc=0.2815
[ 2022-08-04 11:00:13,658][train.train_nn_models] [Validation] Epoch=126, nll=690.1216, acc=0.2778
[ 2022-08-04 11:00:13,658][train.train_nn_models] Found a better model at epoch 126.
[ 2022-08-04 11:00:14,664][train.train_nn_models] [Training] Epoch=127, loss=691.7454, nll=691.7454, l2_reg=0.0000, acc=0.2815
[ 2022-08-04 11:00:14,664][train.train_nn_models] [Validation] Epoch=127, nll=690.1143, acc=0.2779
[ 2022-08-04 11:00:14,664][train.train_nn_models] Found a better model at epoch 127.
[ 2022-08-04 11:00:15,628][train.train_nn_models] [Training] Epoch=128, loss=691.7402, nll=691.7402, l2_reg=0.0000, acc=0.2814
[ 2022-08-04 11:00:15,694][train.train_nn_models] [Validation] Epoch=128, nll=690.1066, acc=0.2779
[ 2022-08-04 11:00:15,716][train.train_nn_models] Found a better model at epoch 128.
[ 2022-08-04 11:00:16,859][train.train_nn_models] [Training] Epoch=129, loss=691.7346, nll=691.7346, l2_reg=0.0000, acc=0.2813
[ 2022-08-04 11:00:16,859][train.train_nn_models] [Validation] Epoch=129, nll=690.0994, acc=0.2779
[ 2022-08-04 11:00:16,859][train.train_nn_models] Found a better model at epoch 129.
[ 2022-08-04 11:00:17,930][train.train_nn_models] [Training] Epoch=130, loss=691.7286, nll=691.7286, l2_reg=0.0000, acc=0.2813
[ 2022-08-04 11:00:17,930][train.train_nn_models] [Validation] Epoch=130, nll=690.0918, acc=0.2779
[ 2022-08-04 11:00:17,930][train.train_nn_models] Found a better model at epoch 130.
[ 2022-08-04 11:00:19,002][train.train_nn_models] [Training] Epoch=131, loss=691.7223, nll=691.7223, l2_reg=0.0000, acc=0.2812
[ 2022-08-04 11:00:19,002][train.train_nn_models] [Validation] Epoch=131, nll=690.0840, acc=0.2779
[ 2022-08-04 11:00:19,003][train.train_nn_models] Found a better model at epoch 131.
[ 2022-08-04 11:00:19,981][train.train_nn_models] [Training] Epoch=132, loss=691.7155, nll=691.7155, l2_reg=0.0000, acc=0.2814
[ 2022-08-04 11:00:19,982][train.train_nn_models] [Validation] Epoch=132, nll=690.0734, acc=0.2779
[ 2022-08-04 11:00:19,982][train.train_nn_models] Found a better model at epoch 132.
[ 2022-08-04 11:00:21,083][train.train_nn_models] [Training] Epoch=133, loss=691.7089, nll=691.7089, l2_reg=0.0000, acc=0.2814
[ 2022-08-04 11:00:21,084][train.train_nn_models] [Validation] Epoch=133, nll=690.0646, acc=0.2778
[ 2022-08-04 11:00:21,084][train.train_nn_models] Found a better model at epoch 133.
[ 2022-08-04 11:00:22,070][train.train_nn_models] [Training] Epoch=134, loss=691.7007, nll=691.7007, l2_reg=0.0000, acc=0.2815
[ 2022-08-04 11:00:22,071][train.train_nn_models] [Validation] Epoch=134, nll=690.0535, acc=0.2778
[ 2022-08-04 11:00:22,071][train.train_nn_models] Found a better model at epoch 134.
[ 2022-08-04 11:00:23,048][train.train_nn_models] [Training] Epoch=135, loss=691.6932, nll=691.6932, l2_reg=0.0000, acc=0.2817
[ 2022-08-04 11:00:23,048][train.train_nn_models] [Validation] Epoch=135, nll=690.0415, acc=0.2777
[ 2022-08-04 11:00:23,048][train.train_nn_models] Found a better model at epoch 135.
[ 2022-08-04 11:00:24,020][train.train_nn_models] [Training] Epoch=136, loss=691.6857, nll=691.6857, l2_reg=0.0000, acc=0.2819
[ 2022-08-04 11:00:24,020][train.train_nn_models] [Validation] Epoch=136, nll=690.0272, acc=0.2775
[ 2022-08-04 11:00:24,020][train.train_nn_models] Found a better model at epoch 136.
[ 2022-08-04 11:00:24,986][train.train_nn_models] [Training] Epoch=137, loss=691.6766, nll=691.6766, l2_reg=0.0000, acc=0.2817
[ 2022-08-04 11:00:24,987][train.train_nn_models] [Validation] Epoch=137, nll=690.0109, acc=0.2775
[ 2022-08-04 11:00:24,987][train.train_nn_models] Found a better model at epoch 137.
[ 2022-08-04 11:00:25,929][train.train_nn_models] [Training] Epoch=138, loss=691.6650, nll=691.6650, l2_reg=0.0000, acc=0.2817
[ 2022-08-04 11:00:25,929][train.train_nn_models] [Validation] Epoch=138, nll=689.9935, acc=0.2775
[ 2022-08-04 11:00:25,929][train.train_nn_models] Found a better model at epoch 138.
[ 2022-08-04 11:00:26,902][train.train_nn_models] [Training] Epoch=139, loss=691.6497, nll=691.6497, l2_reg=0.0000, acc=0.2816
[ 2022-08-04 11:00:26,907][train.train_nn_models] [Validation] Epoch=139, nll=689.9690, acc=0.2775
[ 2022-08-04 11:00:26,907][train.train_nn_models] Found a better model at epoch 139.
[ 2022-08-04 11:00:27,848][train.train_nn_models] [Training] Epoch=140, loss=691.6313, nll=691.6313, l2_reg=0.0000, acc=0.2817
[ 2022-08-04 11:00:27,848][train.train_nn_models] [Validation] Epoch=140, nll=689.8645, acc=0.2775
[ 2022-08-04 11:00:27,848][train.train_nn_models] Found a better model at epoch 140.
[ 2022-08-04 11:00:28,826][train.train_nn_models] [Training] Epoch=141, loss=691.5889, nll=691.5889, l2_reg=0.0000, acc=0.2827
[ 2022-08-04 11:00:28,827][train.train_nn_models] [Validation] Epoch=141, nll=689.8525, acc=0.2771
[ 2022-08-04 11:00:28,827][train.train_nn_models] Found a better model at epoch 141.
[ 2022-08-04 11:00:29,802][train.train_nn_models] [Training] Epoch=142, loss=691.6313, nll=691.6313, l2_reg=0.0000, acc=0.2826
[ 2022-08-04 11:00:29,803][train.train_nn_models] [Validation] Epoch=142, nll=689.8594, acc=0.2770
[ 2022-08-04 11:00:30,741][train.train_nn_models] [Training] Epoch=143, loss=691.6133, nll=691.6133, l2_reg=0.0000, acc=0.2823
[ 2022-08-04 11:00:30,741][train.train_nn_models] [Validation] Epoch=143, nll=689.9227, acc=0.2775
[ 2022-08-04 11:00:31,629][train.train_nn_models] [Training] Epoch=144, loss=691.6234, nll=691.6234, l2_reg=0.0000, acc=0.2820
[ 2022-08-04 11:00:31,629][train.train_nn_models] [Validation] Epoch=144, nll=689.9285, acc=0.2777
[ 2022-08-04 11:00:32,509][train.train_nn_models] [Training] Epoch=145, loss=691.6064, nll=691.6064, l2_reg=0.0000, acc=0.2824
[ 2022-08-04 11:00:32,509][train.train_nn_models] [Validation] Epoch=145, nll=689.8812, acc=0.2777
[ 2022-08-04 11:00:33,439][train.train_nn_models] [Training] Epoch=146, loss=691.5931, nll=691.5931, l2_reg=0.0000, acc=0.2825
[ 2022-08-04 11:00:33,440][train.train_nn_models] [Validation] Epoch=146, nll=689.8620, acc=0.2776
[ 2022-08-04 11:00:34,298][train.train_nn_models] [Training] Epoch=147, loss=691.5681, nll=691.5681, l2_reg=0.0000, acc=0.2826
[ 2022-08-04 11:00:34,298][train.train_nn_models] [Validation] Epoch=147, nll=689.8295, acc=0.2775
[ 2022-08-04 11:00:34,298][train.train_nn_models] Found a better model at epoch 147.
[ 2022-08-04 11:00:35,219][train.train_nn_models] [Training] Epoch=148, loss=691.5555, nll=691.5555, l2_reg=0.0000, acc=0.2826
[ 2022-08-04 11:00:35,219][train.train_nn_models] [Validation] Epoch=148, nll=689.7975, acc=0.2772
[ 2022-08-04 11:00:35,220][train.train_nn_models] Found a better model at epoch 148.
[ 2022-08-04 11:00:36,293][train.train_nn_models] [Training] Epoch=149, loss=691.5352, nll=691.5352, l2_reg=0.0000, acc=0.2825
[ 2022-08-04 11:00:36,293][train.train_nn_models] [Validation] Epoch=149, nll=689.7689, acc=0.2772
[ 2022-08-04 11:00:36,294][train.train_nn_models] Found a better model at epoch 149.
[ 2022-08-04 11:00:37,168][train.train_nn_models] [Training] Epoch=150, loss=691.5915, nll=691.5915, l2_reg=0.0000, acc=0.2826
[ 2022-08-04 11:00:37,168][train.train_nn_models] [Validation] Epoch=150, nll=689.7332, acc=0.2781
[ 2022-08-04 11:00:37,169][train.train_nn_models] Found a better model at epoch 150.
[ 2022-08-04 11:00:38,261][train.train_nn_models] [Training] Epoch=151, loss=691.5375, nll=691.5375, l2_reg=0.0000, acc=0.2828
[ 2022-08-04 11:00:38,262][train.train_nn_models] [Validation] Epoch=151, nll=689.4792, acc=0.2769
[ 2022-08-04 11:00:38,262][train.train_nn_models] Found a better model at epoch 151.
[ 2022-08-04 11:00:39,455][train.train_nn_models] [Training] Epoch=152, loss=691.3894, nll=691.3894, l2_reg=0.0000, acc=0.2827
[ 2022-08-04 11:00:39,455][train.train_nn_models] [Validation] Epoch=152, nll=689.5980, acc=0.2779
[ 2022-08-04 11:00:40,610][train.train_nn_models] [Training] Epoch=153, loss=691.4626, nll=691.4626, l2_reg=0.0000, acc=0.2823
[ 2022-08-04 11:00:40,610][train.train_nn_models] [Validation] Epoch=153, nll=689.6642, acc=0.2775
[ 2022-08-04 11:00:41,771][train.train_nn_models] [Training] Epoch=154, loss=691.4075, nll=691.4075, l2_reg=0.0000, acc=0.2826
[ 2022-08-04 11:00:41,772][train.train_nn_models] [Validation] Epoch=154, nll=689.6042, acc=0.2772
[ 2022-08-04 11:00:42,660][train.train_nn_models] [Training] Epoch=155, loss=691.3084, nll=691.3084, l2_reg=0.0000, acc=0.2824
[ 2022-08-04 11:00:42,660][train.train_nn_models] [Validation] Epoch=155, nll=689.4081, acc=0.2770
[ 2022-08-04 11:00:42,660][train.train_nn_models] Found a better model at epoch 155.
[ 2022-08-04 11:00:43,528][train.train_nn_models] [Training] Epoch=156, loss=691.3092, nll=691.3092, l2_reg=0.0000, acc=0.2825
[ 2022-08-04 11:00:43,528][train.train_nn_models] [Validation] Epoch=156, nll=689.4510, acc=0.2774
[ 2022-08-04 11:00:44,402][train.train_nn_models] [Training] Epoch=157, loss=691.2037, nll=691.2037, l2_reg=0.0000, acc=0.2824
[ 2022-08-04 11:00:44,403][train.train_nn_models] [Validation] Epoch=157, nll=689.3359, acc=0.2793
[ 2022-08-04 11:00:44,403][train.train_nn_models] Found a better model at epoch 157.
[ 2022-08-04 11:00:45,265][train.train_nn_models] [Training] Epoch=158, loss=691.2858, nll=691.2858, l2_reg=0.0000, acc=0.2831
[ 2022-08-04 11:00:45,266][train.train_nn_models] [Validation] Epoch=158, nll=689.4460, acc=0.2775
[ 2022-08-04 11:00:46,155][train.train_nn_models] [Training] Epoch=159, loss=691.2294, nll=691.2294, l2_reg=0.0000, acc=0.2822
[ 2022-08-04 11:00:46,156][train.train_nn_models] [Validation] Epoch=159, nll=689.1761, acc=0.2832
[ 2022-08-04 11:00:46,156][train.train_nn_models] Found a better model at epoch 159.
[ 2022-08-04 11:00:47,071][train.train_nn_models] [Training] Epoch=160, loss=691.2297, nll=691.2297, l2_reg=0.0000, acc=0.2842
[ 2022-08-04 11:00:47,071][train.train_nn_models] [Validation] Epoch=160, nll=689.5862, acc=0.2780
[ 2022-08-04 11:00:47,956][train.train_nn_models] [Training] Epoch=161, loss=691.4802, nll=691.4802, l2_reg=0.0000, acc=0.2825
[ 2022-08-04 11:00:47,957][train.train_nn_models] [Validation] Epoch=161, nll=689.6154, acc=0.2787
[ 2022-08-04 11:00:48,819][train.train_nn_models] [Training] Epoch=162, loss=691.4601, nll=691.4601, l2_reg=0.0000, acc=0.2827
[ 2022-08-04 11:00:48,820][train.train_nn_models] [Validation] Epoch=162, nll=689.5919, acc=0.2785
[ 2022-08-04 11:00:49,690][train.train_nn_models] [Training] Epoch=163, loss=691.4655, nll=691.4655, l2_reg=0.0000, acc=0.2824
[ 2022-08-04 11:00:49,690][train.train_nn_models] [Validation] Epoch=163, nll=689.5640, acc=0.2788
[ 2022-08-04 11:00:50,607][train.train_nn_models] [Training] Epoch=164, loss=691.4590, nll=691.4590, l2_reg=0.0000, acc=0.2825
[ 2022-08-04 11:00:50,607][train.train_nn_models] [Validation] Epoch=164, nll=689.5444, acc=0.2789
[ 2022-08-04 11:00:51,487][train.train_nn_models] [Training] Epoch=165, loss=691.4417, nll=691.4417, l2_reg=0.0000, acc=0.2833
[ 2022-08-04 11:00:51,487][train.train_nn_models] [Validation] Epoch=165, nll=689.5194, acc=0.2790
[ 2022-08-04 11:00:52,358][train.train_nn_models] [Training] Epoch=166, loss=691.4329, nll=691.4329, l2_reg=0.0000, acc=0.2835
[ 2022-08-04 11:00:52,359][train.train_nn_models] [Validation] Epoch=166, nll=689.4996, acc=0.2798
[ 2022-08-04 11:00:53,235][train.train_nn_models] [Training] Epoch=167, loss=691.4074, nll=691.4074, l2_reg=0.0000, acc=0.2836
[ 2022-08-04 11:00:53,235][train.train_nn_models] [Validation] Epoch=167, nll=689.4797, acc=0.2793
[ 2022-08-04 11:00:54,118][train.train_nn_models] [Training] Epoch=168, loss=691.3915, nll=691.3915, l2_reg=0.0000, acc=0.2836
[ 2022-08-04 11:00:54,118][train.train_nn_models] [Validation] Epoch=168, nll=689.4531, acc=0.2791
[ 2022-08-04 11:00:54,982][train.train_nn_models] [Training] Epoch=169, loss=691.3746, nll=691.3746, l2_reg=0.0000, acc=0.2835
[ 2022-08-04 11:00:54,982][train.train_nn_models] [Validation] Epoch=169, nll=689.4271, acc=0.2790
[ 2022-08-04 11:00:55,855][train.train_nn_models] [Training] Epoch=170, loss=691.3475, nll=691.3475, l2_reg=0.0000, acc=0.2833
[ 2022-08-04 11:00:55,855][train.train_nn_models] [Validation] Epoch=170, nll=689.4039, acc=0.2797
[ 2022-08-04 11:00:56,760][train.train_nn_models] [Training] Epoch=171, loss=691.3243, nll=691.3243, l2_reg=0.0000, acc=0.2835
[ 2022-08-04 11:00:56,760][train.train_nn_models] [Validation] Epoch=171, nll=689.3682, acc=0.2805
[ 2022-08-04 11:00:57,638][train.train_nn_models] [Training] Epoch=172, loss=691.2932, nll=691.2932, l2_reg=0.0000, acc=0.2836
[ 2022-08-04 11:00:57,638][train.train_nn_models] [Validation] Epoch=172, nll=689.3404, acc=0.2810
[ 2022-08-04 11:00:58,516][train.train_nn_models] [Training] Epoch=173, loss=691.2697, nll=691.2697, l2_reg=0.0000, acc=0.2836
[ 2022-08-04 11:00:58,516][train.train_nn_models] [Validation] Epoch=173, nll=689.3069, acc=0.2823
[ 2022-08-04 11:00:59,396][train.train_nn_models] [Training] Epoch=174, loss=691.2328, nll=691.2328, l2_reg=0.0000, acc=0.2834
[ 2022-08-04 11:00:59,396][train.train_nn_models] [Validation] Epoch=174, nll=689.2779, acc=0.2822
[ 2022-08-04 11:01:00,267][train.train_nn_models] [Training] Epoch=175, loss=691.2131, nll=691.2131, l2_reg=0.0000, acc=0.2838
[ 2022-08-04 11:01:00,268][train.train_nn_models] [Validation] Epoch=175, nll=689.2454, acc=0.2824
[ 2022-08-04 11:01:01,159][train.train_nn_models] [Training] Epoch=176, loss=691.1780, nll=691.1780, l2_reg=0.0000, acc=0.2836
[ 2022-08-04 11:01:01,159][train.train_nn_models] [Validation] Epoch=176, nll=689.2070, acc=0.2828
[ 2022-08-04 11:01:02,015][train.train_nn_models] [Training] Epoch=177, loss=691.1468, nll=691.1468, l2_reg=0.0000, acc=0.2836
[ 2022-08-04 11:01:02,015][train.train_nn_models] [Validation] Epoch=177, nll=689.1774, acc=0.2836
[ 2022-08-04 11:01:02,878][train.train_nn_models] [Training] Epoch=178, loss=691.1119, nll=691.1119, l2_reg=0.0000, acc=0.2836
[ 2022-08-04 11:01:02,879][train.train_nn_models] [Validation] Epoch=178, nll=689.1294, acc=0.2832
[ 2022-08-04 11:01:02,879][train.train_nn_models] Found a better model at epoch 178.
[ 2022-08-04 11:01:03,755][train.train_nn_models] [Training] Epoch=179, loss=691.0836, nll=691.0836, l2_reg=0.0000, acc=0.2836
[ 2022-08-04 11:01:03,756][train.train_nn_models] [Validation] Epoch=179, nll=689.0953, acc=0.2843
[ 2022-08-04 11:01:03,756][train.train_nn_models] Found a better model at epoch 179.
[ 2022-08-04 11:01:04,625][train.train_nn_models] [Training] Epoch=180, loss=691.0422, nll=691.0422, l2_reg=0.0000, acc=0.2837
[ 2022-08-04 11:01:04,625][train.train_nn_models] [Validation] Epoch=180, nll=689.0392, acc=0.2838
[ 2022-08-04 11:01:04,625][train.train_nn_models] Found a better model at epoch 180.
[ 2022-08-04 11:01:05,497][train.train_nn_models] [Training] Epoch=181, loss=691.0083, nll=691.0083, l2_reg=0.0000, acc=0.2839
[ 2022-08-04 11:01:05,497][train.train_nn_models] [Validation] Epoch=181, nll=688.9923, acc=0.2844
[ 2022-08-04 11:01:05,497][train.train_nn_models] Found a better model at epoch 181.
[ 2022-08-04 11:01:06,367][train.train_nn_models] [Training] Epoch=182, loss=690.9671, nll=690.9671, l2_reg=0.0000, acc=0.2846
[ 2022-08-04 11:01:06,367][train.train_nn_models] [Validation] Epoch=182, nll=688.9307, acc=0.2850
[ 2022-08-04 11:01:06,368][train.train_nn_models] Found a better model at epoch 182.
[ 2022-08-04 11:01:07,234][train.train_nn_models] [Training] Epoch=183, loss=690.9224, nll=690.9224, l2_reg=0.0000, acc=0.2846
[ 2022-08-04 11:01:07,234][train.train_nn_models] [Validation] Epoch=183, nll=688.8850, acc=0.2850
[ 2022-08-04 11:01:07,234][train.train_nn_models] Found a better model at epoch 183.
[ 2022-08-04 11:01:08,087][train.train_nn_models] [Training] Epoch=184, loss=690.8752, nll=690.8752, l2_reg=0.0000, acc=0.2846
[ 2022-08-04 11:01:08,087][train.train_nn_models] [Validation] Epoch=184, nll=688.8253, acc=0.2845
[ 2022-08-04 11:01:08,087][train.train_nn_models] Found a better model at epoch 184.
[ 2022-08-04 11:01:08,963][train.train_nn_models] [Training] Epoch=185, loss=690.8334, nll=690.8334, l2_reg=0.0000, acc=0.2847
[ 2022-08-04 11:01:08,963][train.train_nn_models] [Validation] Epoch=185, nll=688.7768, acc=0.2845
[ 2022-08-04 11:01:08,963][train.train_nn_models] Found a better model at epoch 185.
[ 2022-08-04 11:01:09,827][train.train_nn_models] [Training] Epoch=186, loss=690.7808, nll=690.7808, l2_reg=0.0000, acc=0.2848
[ 2022-08-04 11:01:09,827][train.train_nn_models] [Validation] Epoch=186, nll=688.7203, acc=0.2829
[ 2022-08-04 11:01:09,827][train.train_nn_models] Found a better model at epoch 186.
[ 2022-08-04 11:01:10,689][train.train_nn_models] [Training] Epoch=187, loss=690.7259, nll=690.7259, l2_reg=0.0000, acc=0.2849
[ 2022-08-04 11:01:10,689][train.train_nn_models] [Validation] Epoch=187, nll=688.6733, acc=0.2823
[ 2022-08-04 11:01:10,689][train.train_nn_models] Found a better model at epoch 187.
[ 2022-08-04 11:01:11,561][train.train_nn_models] [Training] Epoch=188, loss=690.6667, nll=690.6667, l2_reg=0.0000, acc=0.2853
[ 2022-08-04 11:01:11,562][train.train_nn_models] [Validation] Epoch=188, nll=688.6387, acc=0.2838
[ 2022-08-04 11:01:11,572][train.train_nn_models] Found a better model at epoch 188.
[ 2022-08-04 11:01:12,467][train.train_nn_models] [Training] Epoch=189, loss=690.6096, nll=690.6096, l2_reg=0.0000, acc=0.2857
[ 2022-08-04 11:01:12,467][train.train_nn_models] [Validation] Epoch=189, nll=688.5964, acc=0.2879
[ 2022-08-04 11:01:12,467][train.train_nn_models] Found a better model at epoch 189.
[ 2022-08-04 11:01:13,324][train.train_nn_models] [Training] Epoch=190, loss=690.5476, nll=690.5476, l2_reg=0.0000, acc=0.2855
[ 2022-08-04 11:01:13,324][train.train_nn_models] [Validation] Epoch=190, nll=688.5792, acc=0.2862
[ 2022-08-04 11:01:13,325][train.train_nn_models] Found a better model at epoch 190.
[ 2022-08-04 11:01:14,170][train.train_nn_models] [Training] Epoch=191, loss=690.4911, nll=690.4911, l2_reg=0.0000, acc=0.2854
[ 2022-08-04 11:01:14,170][train.train_nn_models] [Validation] Epoch=191, nll=688.5645, acc=0.2863
[ 2022-08-04 11:01:14,170][train.train_nn_models] Found a better model at epoch 191.
[ 2022-08-04 11:01:15,040][train.train_nn_models] [Training] Epoch=192, loss=690.4247, nll=690.4247, l2_reg=0.0000, acc=0.2860
[ 2022-08-04 11:01:15,040][train.train_nn_models] [Validation] Epoch=192, nll=688.5625, acc=0.2877
[ 2022-08-04 11:01:15,040][train.train_nn_models] Found a better model at epoch 192.
[ 2022-08-04 11:01:15,906][train.train_nn_models] [Training] Epoch=193, loss=690.3533, nll=690.3533, l2_reg=0.0000, acc=0.2864
[ 2022-08-04 11:01:15,906][train.train_nn_models] [Validation] Epoch=193, nll=688.5774, acc=0.2870
[ 2022-08-04 11:01:16,767][train.train_nn_models] [Training] Epoch=194, loss=690.2934, nll=690.2934, l2_reg=0.0000, acc=0.2872
[ 2022-08-04 11:01:16,768][train.train_nn_models] [Validation] Epoch=194, nll=688.5688, acc=0.2879
[ 2022-08-04 11:01:17,620][train.train_nn_models] [Training] Epoch=195, loss=690.2204, nll=690.2204, l2_reg=0.0000, acc=0.2871
[ 2022-08-04 11:01:17,620][train.train_nn_models] [Validation] Epoch=195, nll=688.5273, acc=0.2882
[ 2022-08-04 11:01:17,620][train.train_nn_models] Found a better model at epoch 195.
[ 2022-08-04 11:01:18,518][train.train_nn_models] [Training] Epoch=196, loss=690.1447, nll=690.1447, l2_reg=0.0000, acc=0.2880
[ 2022-08-04 11:01:18,518][train.train_nn_models] [Validation] Epoch=196, nll=688.4440, acc=0.2892
[ 2022-08-04 11:01:18,518][train.train_nn_models] Found a better model at epoch 196.
[ 2022-08-04 11:01:19,430][train.train_nn_models] [Training] Epoch=197, loss=690.0516, nll=690.0516, l2_reg=0.0000, acc=0.2887
[ 2022-08-04 11:01:19,430][train.train_nn_models] [Validation] Epoch=197, nll=688.3321, acc=0.2896
[ 2022-08-04 11:01:19,430][train.train_nn_models] Found a better model at epoch 197.
[ 2022-08-04 11:01:20,309][train.train_nn_models] [Training] Epoch=198, loss=689.9544, nll=689.9544, l2_reg=0.0000, acc=0.2890
[ 2022-08-04 11:01:20,309][train.train_nn_models] [Validation] Epoch=198, nll=688.1755, acc=0.2923
[ 2022-08-04 11:01:20,309][train.train_nn_models] Found a better model at epoch 198.
[ 2022-08-04 11:01:21,187][train.train_nn_models] [Training] Epoch=199, loss=689.8263, nll=689.8263, l2_reg=0.0000, acc=0.2895
[ 2022-08-04 11:01:21,187][train.train_nn_models] [Validation] Epoch=199, nll=688.0010, acc=0.2928
[ 2022-08-04 11:01:21,187][train.train_nn_models] Found a better model at epoch 199.
[ 2022-08-04 11:01:21,322][train.eval_nll] [Test]nll=680.9137, acc=0.2938
[ 2022-08-04 11:07:19,977][train.<module>]                    timestamp  ...                                             config
0 2022-08-04 11:07:19.913064  ...  {'model': 'Tran', 'dataset': 'pgem-1K-10', 'in...
1 2022-08-04 11:07:19.913064  ...  {'model': 'Tran', 'dataset': 'pgem-1K-10', 'in...
2 2022-08-04 11:07:19.913064  ...  {'model': 'Tran', 'dataset': 'pgem-1K-10', 'in...
3 2022-08-04 11:07:19.913064  ...  {'model': 'Tran', 'dataset': 'pgem-1K-10', 'in...
4 2022-08-04 11:07:19.913064  ...  {'model': 'Tran', 'dataset': 'pgem-1K-10', 'in...
5 2022-08-04 11:07:19.913064  ...  {'model': 'Tran', 'dataset': 'pgem-1K-10', 'in...

[6 rows x 7 columns]
